SLF4J: Class path contains multiple SLF4J bindings.
SLF4J: Found binding in [jar:file:/home/spirals/danglot/.m2/repository/eu/stamp-project/test-runner/1.0.8/test-runner-1.0.8-jar-with-dependencies.jar!/org/slf4j/impl/StaticLoggerBinder.class]
SLF4J: Found binding in [jar:file:/home/spirals/danglot/.m2/repository/org/slf4j/slf4j-log4j12/1.7.25/slf4j-log4j12-1.7.25.jar!/org/slf4j/impl/StaticLoggerBinder.class]
SLF4J: See http://www.slf4j.org/codes.html#multiple_bindings for an explanation.
SLF4J: Actual binding is of type [org.slf4j.impl.Log4jLoggerFactory]
[0] WARN AutomaticBuilderFactory - No automatic builder specified in configuration, going to default.
[0] INFO AutomaticBuilderFactory - Default: provided Maven automatic builder.
[18] INFO MavenAutomaticBuilder - run maven clean test -DskipTests dependency:build-classpath -Dmdep.outputFile=target/dspot/classpath
[WARN] Maven will be executed in interactive mode, but no input stream has been configured for this MavenInvoker instance.
[INFO] Scanning for projects...
[INFO]                                                                         
[INFO] ------------------------------------------------------------------------
[INFO] Building jsoup Java HTML Parser 1.11.3-SNAPSHOT
[INFO] ------------------------------------------------------------------------
[INFO] 
[INFO] --- maven-clean-plugin:2.5:clean (default-clean) @ jsoup ---
[INFO] Deleting /tmp/Ex2Amplifier-experiments/dataset/may-2018/jsoup/988_modified/target
[INFO] 
[INFO] --- maven-resources-plugin:3.0.1:resources (default-resources) @ jsoup ---
[INFO] Using 'UTF-8' encoding to copy filtered resources.
[INFO] Copying 0 resource
[INFO] Copying 3 resources to META-INF/
[INFO] 
[INFO] --- maven-compiler-plugin:3.5.1:compile (default-compile) @ jsoup ---
[INFO] Changes detected - recompiling the module!
[INFO] Compiling 67 source files to /tmp/Ex2Amplifier-experiments/dataset/may-2018/jsoup/988_modified/target/classes
[INFO] /tmp/Ex2Amplifier-experiments/dataset/may-2018/jsoup/988_modified/src/main/java/org/jsoup/nodes/Attributes.java: Some input files use or override a deprecated API.
[INFO] /tmp/Ex2Amplifier-experiments/dataset/may-2018/jsoup/988_modified/src/main/java/org/jsoup/nodes/Attributes.java: Recompile with -Xlint:deprecation for details.
[INFO] 
[INFO] --- animal-sniffer-maven-plugin:1.16:check (animal-sniffer) @ jsoup ---
[INFO] Checking unresolved references to net.sf.androidscents.signature:android-api-level-8:2.2_r3
[INFO] 
[INFO] >>> maven-bundle-plugin:2.5.4:manifest (bundle-manifest) > process-classes @ jsoup >>>
[INFO] 
[INFO] --- maven-resources-plugin:3.0.1:resources (default-resources) @ jsoup ---
[INFO] Using 'UTF-8' encoding to copy filtered resources.
[INFO] Copying 0 resource
[INFO] Copying 3 resources to META-INF/
[INFO] 
[INFO] --- maven-compiler-plugin:3.5.1:compile (default-compile) @ jsoup ---
[INFO] Changes detected - recompiling the module!
[INFO] Compiling 67 source files to /tmp/Ex2Amplifier-experiments/dataset/may-2018/jsoup/988_modified/target/classes
[INFO] /tmp/Ex2Amplifier-experiments/dataset/may-2018/jsoup/988_modified/src/main/java/org/jsoup/nodes/Attributes.java: Some input files use or override a deprecated API.
[INFO] /tmp/Ex2Amplifier-experiments/dataset/may-2018/jsoup/988_modified/src/main/java/org/jsoup/nodes/Attributes.java: Recompile with -Xlint:deprecation for details.
[INFO] 
[INFO] --- animal-sniffer-maven-plugin:1.16:check (animal-sniffer) @ jsoup ---
[INFO] Checking unresolved references to net.sf.androidscents.signature:android-api-level-8:2.2_r3
[INFO] 
[INFO] <<< maven-bundle-plugin:2.5.4:manifest (bundle-manifest) < process-classes @ jsoup <<<
[INFO] 
[INFO] --- maven-bundle-plugin:2.5.4:manifest (bundle-manifest) @ jsoup ---
[INFO] 
[INFO] --- maven-resources-plugin:3.0.1:testResources (default-testResources) @ jsoup ---
[INFO] Using 'UTF-8' encoding to copy filtered resources.
[INFO] Copying 23 resources
[INFO] 
[INFO] --- maven-compiler-plugin:3.5.1:testCompile (default-testCompile) @ jsoup ---
[INFO] Changes detected - recompiling the module!
[INFO] Compiling 43 source files to /tmp/Ex2Amplifier-experiments/dataset/may-2018/jsoup/988_modified/target/test-classes
[INFO] /tmp/Ex2Amplifier-experiments/dataset/may-2018/jsoup/988_modified/src/test/java/org/jsoup/parser/AttributeParseTest.java: Some input files use or override a deprecated API.
[INFO] /tmp/Ex2Amplifier-experiments/dataset/may-2018/jsoup/988_modified/src/test/java/org/jsoup/parser/AttributeParseTest.java: Recompile with -Xlint:deprecation for details.
[INFO] 
[INFO] --- maven-surefire-plugin:2.12.4:test (default-test) @ jsoup ---
[INFO] Tests are skipped.
[INFO] 
[INFO] --- maven-dependency-plugin:2.8:build-classpath (default-cli) @ jsoup ---
[INFO] Wrote classpath file '/tmp/Ex2Amplifier-experiments/dataset/may-2018/jsoup/988_modified/target/dspot/classpath'.
[INFO] ------------------------------------------------------------------------
[INFO] BUILD SUCCESS
[INFO] ------------------------------------------------------------------------
[INFO] Total time: 14.299 s
[INFO] Finished at: 2018-05-22T22:51:53+02:00
[INFO] Final Memory: 38M/1548M
[INFO] ------------------------------------------------------------------------
[25109] WARN AutomaticBuilderFactory - No automatic builder specified in configuration, going to default.
[25110] INFO AutomaticBuilderFactory - Default: provided Maven automatic builder.
[25110] INFO MavenAutomaticBuilder - run maven clean test -DskipTests dependency:build-classpath -Dmdep.outputFile=target/dspot/classpath
[WARN] Maven will be executed in interactive mode, but no input stream has been configured for this MavenInvoker instance.
[INFO] Scanning for projects...
[INFO]                                                                         
[INFO] ------------------------------------------------------------------------
[INFO] Building jsoup Java HTML Parser 1.11.3-SNAPSHOT
[INFO] ------------------------------------------------------------------------
[INFO] 
[INFO] --- maven-clean-plugin:2.5:clean (default-clean) @ jsoup ---
[INFO] Deleting /tmp/Ex2Amplifier-experiments/dataset/may-2018/jsoup/988/target
[INFO] 
[INFO] --- maven-resources-plugin:3.0.1:resources (default-resources) @ jsoup ---
[INFO] Using 'UTF-8' encoding to copy filtered resources.
[INFO] Copying 0 resource
[INFO] Copying 3 resources to META-INF/
[INFO] 
[INFO] --- maven-compiler-plugin:3.5.1:compile (default-compile) @ jsoup ---
[INFO] Changes detected - recompiling the module!
[INFO] Compiling 67 source files to /tmp/Ex2Amplifier-experiments/dataset/may-2018/jsoup/988/target/classes
[INFO] /tmp/Ex2Amplifier-experiments/dataset/may-2018/jsoup/988/src/main/java/org/jsoup/nodes/Attributes.java: Some input files use or override a deprecated API.
[INFO] /tmp/Ex2Amplifier-experiments/dataset/may-2018/jsoup/988/src/main/java/org/jsoup/nodes/Attributes.java: Recompile with -Xlint:deprecation for details.
[INFO] 
[INFO] --- animal-sniffer-maven-plugin:1.16:check (animal-sniffer) @ jsoup ---
[INFO] Checking unresolved references to net.sf.androidscents.signature:android-api-level-8:2.2_r3
[INFO] 
[INFO] >>> maven-bundle-plugin:2.5.4:manifest (bundle-manifest) > process-classes @ jsoup >>>
[INFO] 
[INFO] --- maven-resources-plugin:3.0.1:resources (default-resources) @ jsoup ---
[INFO] Using 'UTF-8' encoding to copy filtered resources.
[INFO] Copying 0 resource
[INFO] Copying 3 resources to META-INF/
[INFO] 
[INFO] --- maven-compiler-plugin:3.5.1:compile (default-compile) @ jsoup ---
[INFO] Changes detected - recompiling the module!
[INFO] Compiling 67 source files to /tmp/Ex2Amplifier-experiments/dataset/may-2018/jsoup/988/target/classes
[INFO] /tmp/Ex2Amplifier-experiments/dataset/may-2018/jsoup/988/src/main/java/org/jsoup/nodes/Attributes.java: Some input files use or override a deprecated API.
[INFO] /tmp/Ex2Amplifier-experiments/dataset/may-2018/jsoup/988/src/main/java/org/jsoup/nodes/Attributes.java: Recompile with -Xlint:deprecation for details.
[INFO] 
[INFO] --- animal-sniffer-maven-plugin:1.16:check (animal-sniffer) @ jsoup ---
[INFO] Checking unresolved references to net.sf.androidscents.signature:android-api-level-8:2.2_r3
[INFO] 
[INFO] <<< maven-bundle-plugin:2.5.4:manifest (bundle-manifest) < process-classes @ jsoup <<<
[INFO] 
[INFO] --- maven-bundle-plugin:2.5.4:manifest (bundle-manifest) @ jsoup ---
[INFO] 
[INFO] --- maven-resources-plugin:3.0.1:testResources (default-testResources) @ jsoup ---
[INFO] Using 'UTF-8' encoding to copy filtered resources.
[INFO] Copying 23 resources
[INFO] 
[INFO] --- maven-compiler-plugin:3.5.1:testCompile (default-testCompile) @ jsoup ---
[INFO] Changes detected - recompiling the module!
[INFO] Compiling 43 source files to /tmp/Ex2Amplifier-experiments/dataset/may-2018/jsoup/988/target/test-classes
[INFO] /tmp/Ex2Amplifier-experiments/dataset/may-2018/jsoup/988/src/test/java/org/jsoup/parser/AttributeParseTest.java: Some input files use or override a deprecated API.
[INFO] /tmp/Ex2Amplifier-experiments/dataset/may-2018/jsoup/988/src/test/java/org/jsoup/parser/AttributeParseTest.java: Recompile with -Xlint:deprecation for details.
[INFO] 
[INFO] --- maven-surefire-plugin:2.12.4:test (default-test) @ jsoup ---
[INFO] Tests are skipped.
[INFO] 
[INFO] --- maven-dependency-plugin:2.8:build-classpath (default-cli) @ jsoup ---
[INFO] Wrote classpath file '/tmp/Ex2Amplifier-experiments/dataset/may-2018/jsoup/988/target/dspot/classpath'.
[INFO] ------------------------------------------------------------------------
[INFO] BUILD SUCCESS
[INFO] ------------------------------------------------------------------------
[INFO] Total time: 13.536 s
[INFO] Finished at: 2018-05-22T22:52:17+02:00
[INFO] Final Memory: 38M/1554M
[INFO] ------------------------------------------------------------------------
[41355] INFO SelectorOnDiff - Selecting according to a diff between dataset/may-2018/jsoup/988_modified/ and dataset/may-2018/jsoup/988/ (1791ef17ad6e0624a7b057b89439f7a33b3bbb82)
[41367] INFO SelectorOnDiff - Modified files:
a/src/main/java/org/jsoup/parser/TokenQueue.java
a/src/test/java/org/jsoup/parser/TokenQueueTest.java
[111725] INFO Amplification - amplification of org.jsoup.parser.TokenQueueTest (2 test(s))
[111999] INFO EntryPoint - Run: java -cp /tmp/Ex2Amplifier-experiments/dataset/may-2018/jsoup/988_modified/target/test-classes:/tmp/Ex2Amplifier-experiments/dataset/may-2018/jsoup/988_modified/target/classes:/home/spirals/danglot/.m2/repository/junit/junit/4.12/junit-4.12.jar:/home/spirals/danglot/.m2/repository/org/hamcrest/hamcrest-core/1.3/hamcrest-core-1.3.jar:/home/spirals/danglot/.m2/repository/com/google/code/gson/gson/2.7/gson-2.7.jar:/home/spirals/danglot/.m2/repository/org/eclipse/jetty/jetty-server/9.2.22.v20170606/jetty-server-9.2.22.v20170606.jar:/home/spirals/danglot/.m2/repository/javax/servlet/javax.servlet-api/3.1.0/javax.servlet-api-3.1.0.jar:/home/spirals/danglot/.m2/repository/org/eclipse/jetty/jetty-http/9.2.22.v20170606/jetty-http-9.2.22.v20170606.jar:/home/spirals/danglot/.m2/repository/org/eclipse/jetty/jetty-util/9.2.22.v20170606/jetty-util-9.2.22.v20170606.jar:/home/spirals/danglot/.m2/repository/org/eclipse/jetty/jetty-io/9.2.22.v20170606/jetty-io-9.2.22.v20170606.jar:/home/spirals/danglot/.m2/repository/org/eclipse/jetty/jetty-servlet/9.2.22.v20170606/jetty-servlet-9.2.22.v20170606.jar:/home/spirals/danglot/.m2/repository/org/eclipse/jetty/jetty-security/9.2.22.v20170606/jetty-security-9.2.22.v20170606.jar:/home/spirals/danglot/.m2/repository/pl/pragmatists/JUnitParams/1.0.5/JUnitParams-1.0.5.jar:/tmp/Ex2Amplifier-experiments/target/dspot/dependencies:/home/spirals/danglot/.m2/repository/eu/stamp-project/test-runner/1.0.8/test-runner-1.0.8-jar-with-dependencies.jar eu.stamp_project.testrunner.runner.test.TestRunner org.jsoup.parser.TokenQueueTest chompBalanced:chompBalancedMatchesAsMuchAsPossible
File saved to the following path: /tmp/Ex2Amplifier-experiments/dataset/may-2018/jsoup/988_modified/target/dspot/TestListener.ser
[112854] INFO EntryPoint - Test has been run: chompBalanced,chompBalancedMatchesAsMuchAsPossible
[112855] INFO Amplification - Try to add assertions before amplification
[112879] INFO AssertGenerator - Run tests. (2)
[112994] INFO EntryPoint - Run: java -cp /tmp/Ex2Amplifier-experiments/dataset/may-2018/jsoup/988_modified/target/test-classes:/tmp/Ex2Amplifier-experiments/dataset/may-2018/jsoup/988_modified/target/classes:/home/spirals/danglot/.m2/repository/junit/junit/4.12/junit-4.12.jar:/home/spirals/danglot/.m2/repository/org/hamcrest/hamcrest-core/1.3/hamcrest-core-1.3.jar:/home/spirals/danglot/.m2/repository/com/google/code/gson/gson/2.7/gson-2.7.jar:/home/spirals/danglot/.m2/repository/org/eclipse/jetty/jetty-server/9.2.22.v20170606/jetty-server-9.2.22.v20170606.jar:/home/spirals/danglot/.m2/repository/javax/servlet/javax.servlet-api/3.1.0/javax.servlet-api-3.1.0.jar:/home/spirals/danglot/.m2/repository/org/eclipse/jetty/jetty-http/9.2.22.v20170606/jetty-http-9.2.22.v20170606.jar:/home/spirals/danglot/.m2/repository/org/eclipse/jetty/jetty-util/9.2.22.v20170606/jetty-util-9.2.22.v20170606.jar:/home/spirals/danglot/.m2/repository/org/eclipse/jetty/jetty-io/9.2.22.v20170606/jetty-io-9.2.22.v20170606.jar:/home/spirals/danglot/.m2/repository/org/eclipse/jetty/jetty-servlet/9.2.22.v20170606/jetty-servlet-9.2.22.v20170606.jar:/home/spirals/danglot/.m2/repository/org/eclipse/jetty/jetty-security/9.2.22.v20170606/jetty-security-9.2.22.v20170606.jar:/home/spirals/danglot/.m2/repository/pl/pragmatists/JUnitParams/1.0.5/JUnitParams-1.0.5.jar:/tmp/Ex2Amplifier-experiments/target/dspot/dependencies:/home/spirals/danglot/.m2/repository/eu/stamp-project/test-runner/1.0.8/test-runner-1.0.8-jar-with-dependencies.jar eu.stamp_project.testrunner.runner.test.TestRunner org.jsoup.parser.TokenQueueTest chompBalanced:chompBalancedMatchesAsMuchAsPossible
File saved to the following path: /tmp/Ex2Amplifier-experiments/dataset/may-2018/jsoup/988_modified/target/dspot/TestListener.ser
[113589] INFO EntryPoint - Test has been run: chompBalanced,chompBalancedMatchesAsMuchAsPossible
[113590] INFO AssertGenerator - 2 test pass, generating assertion...
[113595] INFO MethodsAssertGenerator - Add observations points in passing tests.
[113595] INFO MethodsAssertGenerator - Instrumentation...
 50% |========================= ]/100% |================================================== ]-
[113656] INFO MethodsAssertGenerator - Run instrumented tests. (6)
[113796] INFO EntryPoint - Run: java -cp /tmp/Ex2Amplifier-experiments/dataset/may-2018/jsoup/988_modified/target/test-classes:/tmp/Ex2Amplifier-experiments/dataset/may-2018/jsoup/988_modified/target/classes:/home/spirals/danglot/.m2/repository/junit/junit/4.12/junit-4.12.jar:/home/spirals/danglot/.m2/repository/org/hamcrest/hamcrest-core/1.3/hamcrest-core-1.3.jar:/home/spirals/danglot/.m2/repository/com/google/code/gson/gson/2.7/gson-2.7.jar:/home/spirals/danglot/.m2/repository/org/eclipse/jetty/jetty-server/9.2.22.v20170606/jetty-server-9.2.22.v20170606.jar:/home/spirals/danglot/.m2/repository/javax/servlet/javax.servlet-api/3.1.0/javax.servlet-api-3.1.0.jar:/home/spirals/danglot/.m2/repository/org/eclipse/jetty/jetty-http/9.2.22.v20170606/jetty-http-9.2.22.v20170606.jar:/home/spirals/danglot/.m2/repository/org/eclipse/jetty/jetty-util/9.2.22.v20170606/jetty-util-9.2.22.v20170606.jar:/home/spirals/danglot/.m2/repository/org/eclipse/jetty/jetty-io/9.2.22.v20170606/jetty-io-9.2.22.v20170606.jar:/home/spirals/danglot/.m2/repository/org/eclipse/jetty/jetty-servlet/9.2.22.v20170606/jetty-servlet-9.2.22.v20170606.jar:/home/spirals/danglot/.m2/repository/org/eclipse/jetty/jetty-security/9.2.22.v20170606/jetty-security-9.2.22.v20170606.jar:/home/spirals/danglot/.m2/repository/pl/pragmatists/JUnitParams/1.0.5/JUnitParams-1.0.5.jar:/tmp/Ex2Amplifier-experiments/target/dspot/dependencies:/home/spirals/danglot/.m2/repository/eu/stamp-project/test-runner/1.0.8/test-runner-1.0.8-jar-with-dependencies.jar eu.stamp_project.testrunner.runner.test.TestRunner org.jsoup.parser.TokenQueueTest chompBalanced_withlog0:chompBalancedMatchesAsMuchAsPossible_withlog0:chompBalanced_withlog1:chompBalancedMatchesAsMuchAsPossible_withlog1:chompBalanced_withlog2:chompBalancedMatchesAsMuchAsPossible_withlog2
File saved to the following path: /tmp/Ex2Amplifier-experiments/dataset/may-2018/jsoup/988_modified/target/dspot/observations.ser
File saved to the following path: /tmp/Ex2Amplifier-experiments/dataset/may-2018/jsoup/988_modified/target/dspot/TestListener.ser
[114868] INFO EntryPoint - Test has been run: chompBalancedMatchesAsMuchAsPossible_withlog0,chompBalancedMatchesAsMuchAsPossible_withlog1,chompBalancedMatchesAsMuchAsPossible_withlog2,chompBalanced_withlog0,chompBalanced_withlog1,chompBalanced_withlog2
[114885] INFO MethodsAssertGenerator - Generating assertions...
[114923] INFO AssertGenerator - 2 new tests with assertions generated
[115067] INFO EntryPoint - Run: java -cp /tmp/Ex2Amplifier-experiments/dataset/may-2018/jsoup/988_modified/target/test-classes:/tmp/Ex2Amplifier-experiments/dataset/may-2018/jsoup/988_modified/target/classes:/home/spirals/danglot/.m2/repository/junit/junit/4.12/junit-4.12.jar:/home/spirals/danglot/.m2/repository/org/hamcrest/hamcrest-core/1.3/hamcrest-core-1.3.jar:/home/spirals/danglot/.m2/repository/com/google/code/gson/gson/2.7/gson-2.7.jar:/home/spirals/danglot/.m2/repository/org/eclipse/jetty/jetty-server/9.2.22.v20170606/jetty-server-9.2.22.v20170606.jar:/home/spirals/danglot/.m2/repository/javax/servlet/javax.servlet-api/3.1.0/javax.servlet-api-3.1.0.jar:/home/spirals/danglot/.m2/repository/org/eclipse/jetty/jetty-http/9.2.22.v20170606/jetty-http-9.2.22.v20170606.jar:/home/spirals/danglot/.m2/repository/org/eclipse/jetty/jetty-util/9.2.22.v20170606/jetty-util-9.2.22.v20170606.jar:/home/spirals/danglot/.m2/repository/org/eclipse/jetty/jetty-io/9.2.22.v20170606/jetty-io-9.2.22.v20170606.jar:/home/spirals/danglot/.m2/repository/org/eclipse/jetty/jetty-servlet/9.2.22.v20170606/jetty-servlet-9.2.22.v20170606.jar:/home/spirals/danglot/.m2/repository/org/eclipse/jetty/jetty-security/9.2.22.v20170606/jetty-security-9.2.22.v20170606.jar:/home/spirals/danglot/.m2/repository/pl/pragmatists/JUnitParams/1.0.5/JUnitParams-1.0.5.jar:/tmp/Ex2Amplifier-experiments/target/dspot/dependencies:/home/spirals/danglot/.m2/repository/eu/stamp-project/test-runner/1.0.8/test-runner-1.0.8-jar-with-dependencies.jar eu.stamp_project.testrunner.runner.test.TestRunner org.jsoup.parser.TokenQueueTest chompBalanced:chompBalancedMatchesAsMuchAsPossible
File saved to the following path: /tmp/Ex2Amplifier-experiments/dataset/may-2018/jsoup/988_modified/target/dspot/TestListener.ser
[115873] INFO EntryPoint - Test has been run: chompBalanced(org.jsoup.parser.TokenQueueTest): expected:<[]> but was:<[:contains]>,chompBalancedMatchesAsMuchAsPossible(org.jsoup.parser.TokenQueueTest): expected:<[]> but was:<[unbalanced]>
[115958] DEBUG Launcher - building sources: [/tmp/Ex2Amplifier-experiments/target/dspot/tmp_test_sources/org/jsoup/parser/TokenQueueTest.java]
[115959] DEBUG Launcher - build args: [-encoding, UTF-8, -cp, /home/spirals/danglot/.m2/repository/junit/junit/4.12/junit-4.12.jar:/home/spirals/danglot/.m2/repository/org/hamcrest/hamcrest-core/1.3/hamcrest-core-1.3.jar:/home/spirals/danglot/.m2/repository/com/google/code/gson/gson/2.7/gson-2.7.jar:/home/spirals/danglot/.m2/repository/org/eclipse/jetty/jetty-server/9.2.22.v20170606/jetty-server-9.2.22.v20170606.jar:/home/spirals/danglot/.m2/repository/javax/servlet/javax.servlet-api/3.1.0/javax.servlet-api-3.1.0.jar:/home/spirals/danglot/.m2/repository/org/eclipse/jetty/jetty-http/9.2.22.v20170606/jetty-http-9.2.22.v20170606.jar:/home/spirals/danglot/.m2/repository/org/eclipse/jetty/jetty-util/9.2.22.v20170606/jetty-util-9.2.22.v20170606.jar:/home/spirals/danglot/.m2/repository/org/eclipse/jetty/jetty-io/9.2.22.v20170606/jetty-io-9.2.22.v20170606.jar:/home/spirals/danglot/.m2/repository/org/eclipse/jetty/jetty-servlet/9.2.22.v20170606/jetty-servlet-9.2.22.v20170606.jar:/home/spirals/danglot/.m2/repository/org/eclipse/jetty/jetty-security/9.2.22.v20170606/jetty-security-9.2.22.v20170606.jar:target/dspot/dependencies/:dataset/may-2018/jsoup/988_modified//target/classes:dataset/may-2018/jsoup/988_modified//target/test-classes:, -1.8, -preserveAllLocals, -noExit, -enableJavadoc, /tmp/Ex2Amplifier-experiments/target/dspot/tmp_test_sources/org/jsoup/parser/TokenQueueTest.java]
[116053] DEBUG Launcher - built in 95 ms
[116054] DEBUG Launcher - building templates: []
[116054] DEBUG Launcher - built in 0 ms
[116055] DEBUG Launcher - model built in 97
[116056] DEBUG Launcher - compiling sources: [/tmp/Ex2Amplifier-experiments/target/dspot/tmp_test_sources/org/jsoup/parser/TokenQueueTest.java]
[116060] DEBUG Launcher - compile args: [-encoding, UTF-8, -cp, /home/spirals/danglot/.m2/repository/junit/junit/4.12/junit-4.12.jar:/home/spirals/danglot/.m2/repository/org/hamcrest/hamcrest-core/1.3/hamcrest-core-1.3.jar:/home/spirals/danglot/.m2/repository/com/google/code/gson/gson/2.7/gson-2.7.jar:/home/spirals/danglot/.m2/repository/org/eclipse/jetty/jetty-server/9.2.22.v20170606/jetty-server-9.2.22.v20170606.jar:/home/spirals/danglot/.m2/repository/javax/servlet/javax.servlet-api/3.1.0/javax.servlet-api-3.1.0.jar:/home/spirals/danglot/.m2/repository/org/eclipse/jetty/jetty-http/9.2.22.v20170606/jetty-http-9.2.22.v20170606.jar:/home/spirals/danglot/.m2/repository/org/eclipse/jetty/jetty-util/9.2.22.v20170606/jetty-util-9.2.22.v20170606.jar:/home/spirals/danglot/.m2/repository/org/eclipse/jetty/jetty-io/9.2.22.v20170606/jetty-io-9.2.22.v20170606.jar:/home/spirals/danglot/.m2/repository/org/eclipse/jetty/jetty-servlet/9.2.22.v20170606/jetty-servlet-9.2.22.v20170606.jar:/home/spirals/danglot/.m2/repository/org/eclipse/jetty/jetty-security/9.2.22.v20170606/jetty-security-9.2.22.v20170606.jar:target/dspot/dependencies/:dataset/may-2018/jsoup/988_modified//target/classes:dataset/may-2018/jsoup/988_modified//target/test-classes:, -d, /tmp/Ex2Amplifier-experiments/dataset/may-2018/jsoup/988/target/test-classes, -1.8, -proc:none, -preserveAllLocals, -noExit, -enableJavadoc, /tmp/Ex2Amplifier-experiments/target/dspot/tmp_test_sources/org/jsoup/parser/TokenQueueTest.java]
[116206] DEBUG Launcher - compiled in 150 ms
[116208] INFO EntryPoint - Run: java -cp /home/spirals/danglot/.m2/repository/junit/junit/4.12/junit-4.12.jar:/home/spirals/danglot/.m2/repository/org/hamcrest/hamcrest-core/1.3/hamcrest-core-1.3.jar:/home/spirals/danglot/.m2/repository/com/google/code/gson/gson/2.7/gson-2.7.jar:/home/spirals/danglot/.m2/repository/org/eclipse/jetty/jetty-server/9.2.22.v20170606/jetty-server-9.2.22.v20170606.jar:/home/spirals/danglot/.m2/repository/javax/servlet/javax.servlet-api/3.1.0/javax.servlet-api-3.1.0.jar:/home/spirals/danglot/.m2/repository/org/eclipse/jetty/jetty-http/9.2.22.v20170606/jetty-http-9.2.22.v20170606.jar:/home/spirals/danglot/.m2/repository/org/eclipse/jetty/jetty-util/9.2.22.v20170606/jetty-util-9.2.22.v20170606.jar:/home/spirals/danglot/.m2/repository/org/eclipse/jetty/jetty-io/9.2.22.v20170606/jetty-io-9.2.22.v20170606.jar:/home/spirals/danglot/.m2/repository/org/eclipse/jetty/jetty-servlet/9.2.22.v20170606/jetty-servlet-9.2.22.v20170606.jar:/home/spirals/danglot/.m2/repository/org/eclipse/jetty/jetty-security/9.2.22.v20170606/jetty-security-9.2.22.v20170606.jar:target/dspot/dependencies/:/tmp/Ex2Amplifier-experiments/dataset/may-2018/jsoup/988/target/classes:/tmp/Ex2Amplifier-experiments/dataset/may-2018/jsoup/988/target/test-classes:/home/spirals/danglot/.m2/repository/eu/stamp-project/test-runner/1.0.8/test-runner-1.0.8-jar-with-dependencies.jar eu.stamp_project.testrunner.runner.test.TestRunner org.jsoup.parser.TokenQueueTest chompBalanced:chompBalancedMatchesAsMuchAsPossible
File saved to the following path: /tmp/Ex2Amplifier-experiments/dataset/may-2018/jsoup/988_modified/target/dspot/TestListener.ser
[116886] INFO EntryPoint - Test has been run: chompBalanced,chompBalancedMatchesAsMuchAsPossible
[116886] INFO Amplification - 0 amplified test(s) has been selected, global: 0
[116888] INFO Amplification - amp chompBalanced (1/2)
[116898] DEBUG Launcher - printing org.jsoup.parser.TokenQueueTest to /tmp/Ex2Amplifier-experiments/target/dspot/tmp_test_sources
[116998] INFO EntryPoint - Run: java -cp /tmp/Ex2Amplifier-experiments/dataset/may-2018/jsoup/988_modified/target/test-classes:/tmp/Ex2Amplifier-experiments/dataset/may-2018/jsoup/988_modified/target/classes:/home/spirals/danglot/.m2/repository/junit/junit/4.12/junit-4.12.jar:/home/spirals/danglot/.m2/repository/org/hamcrest/hamcrest-core/1.3/hamcrest-core-1.3.jar:/home/spirals/danglot/.m2/repository/com/google/code/gson/gson/2.7/gson-2.7.jar:/home/spirals/danglot/.m2/repository/org/eclipse/jetty/jetty-server/9.2.22.v20170606/jetty-server-9.2.22.v20170606.jar:/home/spirals/danglot/.m2/repository/javax/servlet/javax.servlet-api/3.1.0/javax.servlet-api-3.1.0.jar:/home/spirals/danglot/.m2/repository/org/eclipse/jetty/jetty-http/9.2.22.v20170606/jetty-http-9.2.22.v20170606.jar:/home/spirals/danglot/.m2/repository/org/eclipse/jetty/jetty-util/9.2.22.v20170606/jetty-util-9.2.22.v20170606.jar:/home/spirals/danglot/.m2/repository/org/eclipse/jetty/jetty-io/9.2.22.v20170606/jetty-io-9.2.22.v20170606.jar:/home/spirals/danglot/.m2/repository/org/eclipse/jetty/jetty-servlet/9.2.22.v20170606/jetty-servlet-9.2.22.v20170606.jar:/home/spirals/danglot/.m2/repository/org/eclipse/jetty/jetty-security/9.2.22.v20170606/jetty-security-9.2.22.v20170606.jar:/home/spirals/danglot/.m2/repository/pl/pragmatists/JUnitParams/1.0.5/JUnitParams-1.0.5.jar:/tmp/Ex2Amplifier-experiments/target/dspot/dependencies:/home/spirals/danglot/.m2/repository/eu/stamp-project/test-runner/1.0.8/test-runner-1.0.8-jar-with-dependencies.jar eu.stamp_project.testrunner.runner.test.TestRunner org.jsoup.parser.TokenQueueTest chompBalanced
File saved to the following path: /tmp/Ex2Amplifier-experiments/dataset/may-2018/jsoup/988_modified/target/dspot/TestListener.ser
[117757] INFO EntryPoint - Test has been run: chompBalanced
[117757] INFO Amplification - iteration 0:
[117757] INFO Amplification - 1 tests selected to be amplified over 1 available tests
100% |================================================== ]/
[117797] DEBUG Launcher - printing org.jsoup.parser.TokenQueueTest to /tmp/Ex2Amplifier-experiments/target/dspot/tmp_test_sources
[117848] DEBUG Launcher - building sources: [/tmp/Ex2Amplifier-experiments/target/dspot/tmp_test_sources/org/jsoup/parser/TokenQueueTest.java]
[117849] DEBUG Launcher - build args: [-encoding, UTF-8, -cp, /home/spirals/danglot/.m2/repository/junit/junit/4.12/junit-4.12.jar:/home/spirals/danglot/.m2/repository/org/hamcrest/hamcrest-core/1.3/hamcrest-core-1.3.jar:/home/spirals/danglot/.m2/repository/com/google/code/gson/gson/2.7/gson-2.7.jar:/home/spirals/danglot/.m2/repository/org/eclipse/jetty/jetty-server/9.2.22.v20170606/jetty-server-9.2.22.v20170606.jar:/home/spirals/danglot/.m2/repository/javax/servlet/javax.servlet-api/3.1.0/javax.servlet-api-3.1.0.jar:/home/spirals/danglot/.m2/repository/org/eclipse/jetty/jetty-http/9.2.22.v20170606/jetty-http-9.2.22.v20170606.jar:/home/spirals/danglot/.m2/repository/org/eclipse/jetty/jetty-util/9.2.22.v20170606/jetty-util-9.2.22.v20170606.jar:/home/spirals/danglot/.m2/repository/org/eclipse/jetty/jetty-io/9.2.22.v20170606/jetty-io-9.2.22.v20170606.jar:/home/spirals/danglot/.m2/repository/org/eclipse/jetty/jetty-servlet/9.2.22.v20170606/jetty-servlet-9.2.22.v20170606.jar:/home/spirals/danglot/.m2/repository/org/eclipse/jetty/jetty-security/9.2.22.v20170606/jetty-security-9.2.22.v20170606.jar:/tmp/Ex2Amplifier-experiments/dataset/may-2018/jsoup/988_modified/target/classes:/tmp/Ex2Amplifier-experiments/target/dspot/dependencies:/tmp/Ex2Amplifier-experiments/dataset/may-2018/jsoup/988_modified/target/test-classes:lib/catg-dev.jar:, -1.8, -preserveAllLocals, -noExit, -enableJavadoc, /tmp/Ex2Amplifier-experiments/target/dspot/tmp_test_sources/org/jsoup/parser/TokenQueueTest.java]
[117952] DEBUG Launcher - built in 104 ms
[117953] DEBUG Launcher - building templates: []
[117953] DEBUG Launcher - built in 0 ms
[117954] DEBUG Launcher - model built in 106
[117954] DEBUG Launcher - compiling sources: [/tmp/Ex2Amplifier-experiments/target/dspot/tmp_test_sources/org/jsoup/parser/TokenQueueTest.java]
[117955] DEBUG Launcher - compile args: [-encoding, UTF-8, -cp, /home/spirals/danglot/.m2/repository/junit/junit/4.12/junit-4.12.jar:/home/spirals/danglot/.m2/repository/org/hamcrest/hamcrest-core/1.3/hamcrest-core-1.3.jar:/home/spirals/danglot/.m2/repository/com/google/code/gson/gson/2.7/gson-2.7.jar:/home/spirals/danglot/.m2/repository/org/eclipse/jetty/jetty-server/9.2.22.v20170606/jetty-server-9.2.22.v20170606.jar:/home/spirals/danglot/.m2/repository/javax/servlet/javax.servlet-api/3.1.0/javax.servlet-api-3.1.0.jar:/home/spirals/danglot/.m2/repository/org/eclipse/jetty/jetty-http/9.2.22.v20170606/jetty-http-9.2.22.v20170606.jar:/home/spirals/danglot/.m2/repository/org/eclipse/jetty/jetty-util/9.2.22.v20170606/jetty-util-9.2.22.v20170606.jar:/home/spirals/danglot/.m2/repository/org/eclipse/jetty/jetty-io/9.2.22.v20170606/jetty-io-9.2.22.v20170606.jar:/home/spirals/danglot/.m2/repository/org/eclipse/jetty/jetty-servlet/9.2.22.v20170606/jetty-servlet-9.2.22.v20170606.jar:/home/spirals/danglot/.m2/repository/org/eclipse/jetty/jetty-security/9.2.22.v20170606/jetty-security-9.2.22.v20170606.jar:/tmp/Ex2Amplifier-experiments/dataset/may-2018/jsoup/988_modified/target/classes:/tmp/Ex2Amplifier-experiments/target/dspot/dependencies:/tmp/Ex2Amplifier-experiments/dataset/may-2018/jsoup/988_modified/target/test-classes:lib/catg-dev.jar:, -d, /tmp/Ex2Amplifier-experiments/dataset/may-2018/jsoup/988_modified/target/test-classes, -1.8, -proc:none, -preserveAllLocals, -noExit, -enableJavadoc, /tmp/Ex2Amplifier-experiments/target/dspot/tmp_test_sources/org/jsoup/parser/TokenQueueTest.java]
[118082] DEBUG Launcher - compiled in 128 ms
[118089] INFO CATGExecutor - Running CATG: java -Xmx4096M -Xms2048M -Djanala.loggerClass=janala.logger.DirectConcolicExecution -Djanala.conf=/tmp/Ex2Amplifier-experiments/lib/catg.conf  -javaagent:/tmp/Ex2Amplifier-experiments/lib/catg-dev.jar  -cp /home/spirals/danglot/.m2/repository/junit/junit/4.12/junit-4.12.jar:/home/spirals/danglot/.m2/repository/org/hamcrest/hamcrest-core/1.3/hamcrest-core-1.3.jar:/home/spirals/danglot/.m2/repository/com/google/code/gson/gson/2.7/gson-2.7.jar:/home/spirals/danglot/.m2/repository/org/eclipse/jetty/jetty-server/9.2.22.v20170606/jetty-server-9.2.22.v20170606.jar:/home/spirals/danglot/.m2/repository/javax/servlet/javax.servlet-api/3.1.0/javax.servlet-api-3.1.0.jar:/home/spirals/danglot/.m2/repository/org/eclipse/jetty/jetty-http/9.2.22.v20170606/jetty-http-9.2.22.v20170606.jar:/home/spirals/danglot/.m2/repository/org/eclipse/jetty/jetty-util/9.2.22.v20170606/jetty-util-9.2.22.v20170606.jar:/home/spirals/danglot/.m2/repository/org/eclipse/jetty/jetty-io/9.2.22.v20170606/jetty-io-9.2.22.v20170606.jar:/home/spirals/danglot/.m2/repository/org/eclipse/jetty/jetty-servlet/9.2.22.v20170606/jetty-servlet-9.2.22.v20170606.jar:/home/spirals/danglot/.m2/repository/org/eclipse/jetty/jetty-security/9.2.22.v20170606/jetty-security-9.2.22.v20170606.jar:/tmp/Ex2Amplifier-experiments/dataset/may-2018/jsoup/988_modified/target/classes:/tmp/Ex2Amplifier-experiments/target/dspot/dependencies:/tmp/Ex2Amplifier-experiments/dataset/may-2018/jsoup/988_modified/target/test-classes:lib/catg-dev.jar:/tmp/Ex2Amplifier-experiments/lib/catg-dev.jar:/tmp/Ex2Amplifier-experiments/lib/asm-all-5.0.4.jar:/tmp/Ex2Amplifier-experiments/lib/automaton-1.11-8.jar -ea org.jsoup.parser.TokenQueueTest
Error: Could not find or load main class org.jsoup.parser.TokenQueueTest
[118438] INFO Amplification - 0 amplified test(s) has been selected, global: 0
[118439] INFO Amplification - amp chompBalancedMatchesAsMuchAsPossible (2/2)
[118449] DEBUG Launcher - printing org.jsoup.parser.TokenQueueTest to /tmp/Ex2Amplifier-experiments/target/dspot/tmp_test_sources
[118558] INFO EntryPoint - Run: java -cp /tmp/Ex2Amplifier-experiments/dataset/may-2018/jsoup/988_modified/target/test-classes:/tmp/Ex2Amplifier-experiments/dataset/may-2018/jsoup/988_modified/target/classes:/home/spirals/danglot/.m2/repository/junit/junit/4.12/junit-4.12.jar:/home/spirals/danglot/.m2/repository/org/hamcrest/hamcrest-core/1.3/hamcrest-core-1.3.jar:/home/spirals/danglot/.m2/repository/com/google/code/gson/gson/2.7/gson-2.7.jar:/home/spirals/danglot/.m2/repository/org/eclipse/jetty/jetty-server/9.2.22.v20170606/jetty-server-9.2.22.v20170606.jar:/home/spirals/danglot/.m2/repository/javax/servlet/javax.servlet-api/3.1.0/javax.servlet-api-3.1.0.jar:/home/spirals/danglot/.m2/repository/org/eclipse/jetty/jetty-http/9.2.22.v20170606/jetty-http-9.2.22.v20170606.jar:/home/spirals/danglot/.m2/repository/org/eclipse/jetty/jetty-util/9.2.22.v20170606/jetty-util-9.2.22.v20170606.jar:/home/spirals/danglot/.m2/repository/org/eclipse/jetty/jetty-io/9.2.22.v20170606/jetty-io-9.2.22.v20170606.jar:/home/spirals/danglot/.m2/repository/org/eclipse/jetty/jetty-servlet/9.2.22.v20170606/jetty-servlet-9.2.22.v20170606.jar:/home/spirals/danglot/.m2/repository/org/eclipse/jetty/jetty-security/9.2.22.v20170606/jetty-security-9.2.22.v20170606.jar:/home/spirals/danglot/.m2/repository/pl/pragmatists/JUnitParams/1.0.5/JUnitParams-1.0.5.jar:/tmp/Ex2Amplifier-experiments/target/dspot/dependencies:/home/spirals/danglot/.m2/repository/eu/stamp-project/test-runner/1.0.8/test-runner-1.0.8-jar-with-dependencies.jar eu.stamp_project.testrunner.runner.test.TestRunner org.jsoup.parser.TokenQueueTest chompBalancedMatchesAsMuchAsPossible
File saved to the following path: /tmp/Ex2Amplifier-experiments/dataset/may-2018/jsoup/988_modified/target/dspot/TestListener.ser
[119320] INFO EntryPoint - Test has been run: chompBalancedMatchesAsMuchAsPossible
[119321] INFO Amplification - iteration 0:
[119321] INFO Amplification - 1 tests selected to be amplified over 1 available tests
100% |================================================== ]/
[119333] DEBUG Launcher - printing org.jsoup.parser.TokenQueueTest to /tmp/Ex2Amplifier-experiments/target/dspot/tmp_test_sources
[119382] DEBUG Launcher - building sources: [/tmp/Ex2Amplifier-experiments/target/dspot/tmp_test_sources/org/jsoup/parser/TokenQueueTest.java]
[119382] DEBUG Launcher - build args: [-encoding, UTF-8, -cp, /home/spirals/danglot/.m2/repository/junit/junit/4.12/junit-4.12.jar:/home/spirals/danglot/.m2/repository/org/hamcrest/hamcrest-core/1.3/hamcrest-core-1.3.jar:/home/spirals/danglot/.m2/repository/com/google/code/gson/gson/2.7/gson-2.7.jar:/home/spirals/danglot/.m2/repository/org/eclipse/jetty/jetty-server/9.2.22.v20170606/jetty-server-9.2.22.v20170606.jar:/home/spirals/danglot/.m2/repository/javax/servlet/javax.servlet-api/3.1.0/javax.servlet-api-3.1.0.jar:/home/spirals/danglot/.m2/repository/org/eclipse/jetty/jetty-http/9.2.22.v20170606/jetty-http-9.2.22.v20170606.jar:/home/spirals/danglot/.m2/repository/org/eclipse/jetty/jetty-util/9.2.22.v20170606/jetty-util-9.2.22.v20170606.jar:/home/spirals/danglot/.m2/repository/org/eclipse/jetty/jetty-io/9.2.22.v20170606/jetty-io-9.2.22.v20170606.jar:/home/spirals/danglot/.m2/repository/org/eclipse/jetty/jetty-servlet/9.2.22.v20170606/jetty-servlet-9.2.22.v20170606.jar:/home/spirals/danglot/.m2/repository/org/eclipse/jetty/jetty-security/9.2.22.v20170606/jetty-security-9.2.22.v20170606.jar:/tmp/Ex2Amplifier-experiments/dataset/may-2018/jsoup/988_modified/target/classes:/tmp/Ex2Amplifier-experiments/target/dspot/dependencies:/tmp/Ex2Amplifier-experiments/dataset/may-2018/jsoup/988_modified/target/test-classes:lib/catg-dev.jar:, -1.8, -preserveAllLocals, -noExit, -enableJavadoc, /tmp/Ex2Amplifier-experiments/target/dspot/tmp_test_sources/org/jsoup/parser/TokenQueueTest.java]
[119474] DEBUG Launcher - built in 92 ms
[119474] DEBUG Launcher - building templates: []
[119475] DEBUG Launcher - built in 0 ms
[119475] DEBUG Launcher - model built in 93
[119475] DEBUG Launcher - compiling sources: [/tmp/Ex2Amplifier-experiments/target/dspot/tmp_test_sources/org/jsoup/parser/TokenQueueTest.java]
[119477] DEBUG Launcher - compile args: [-encoding, UTF-8, -cp, /home/spirals/danglot/.m2/repository/junit/junit/4.12/junit-4.12.jar:/home/spirals/danglot/.m2/repository/org/hamcrest/hamcrest-core/1.3/hamcrest-core-1.3.jar:/home/spirals/danglot/.m2/repository/com/google/code/gson/gson/2.7/gson-2.7.jar:/home/spirals/danglot/.m2/repository/org/eclipse/jetty/jetty-server/9.2.22.v20170606/jetty-server-9.2.22.v20170606.jar:/home/spirals/danglot/.m2/repository/javax/servlet/javax.servlet-api/3.1.0/javax.servlet-api-3.1.0.jar:/home/spirals/danglot/.m2/repository/org/eclipse/jetty/jetty-http/9.2.22.v20170606/jetty-http-9.2.22.v20170606.jar:/home/spirals/danglot/.m2/repository/org/eclipse/jetty/jetty-util/9.2.22.v20170606/jetty-util-9.2.22.v20170606.jar:/home/spirals/danglot/.m2/repository/org/eclipse/jetty/jetty-io/9.2.22.v20170606/jetty-io-9.2.22.v20170606.jar:/home/spirals/danglot/.m2/repository/org/eclipse/jetty/jetty-servlet/9.2.22.v20170606/jetty-servlet-9.2.22.v20170606.jar:/home/spirals/danglot/.m2/repository/org/eclipse/jetty/jetty-security/9.2.22.v20170606/jetty-security-9.2.22.v20170606.jar:/tmp/Ex2Amplifier-experiments/dataset/may-2018/jsoup/988_modified/target/classes:/tmp/Ex2Amplifier-experiments/target/dspot/dependencies:/tmp/Ex2Amplifier-experiments/dataset/may-2018/jsoup/988_modified/target/test-classes:lib/catg-dev.jar:, -d, /tmp/Ex2Amplifier-experiments/dataset/may-2018/jsoup/988_modified/target/test-classes, -1.8, -proc:none, -preserveAllLocals, -noExit, -enableJavadoc, /tmp/Ex2Amplifier-experiments/target/dspot/tmp_test_sources/org/jsoup/parser/TokenQueueTest.java]
[119587] DEBUG Launcher - compiled in 112 ms
[119589] INFO CATGExecutor - Running CATG: java -Xmx4096M -Xms2048M -Djanala.loggerClass=janala.logger.DirectConcolicExecution -Djanala.conf=/tmp/Ex2Amplifier-experiments/lib/catg.conf  -javaagent:/tmp/Ex2Amplifier-experiments/lib/catg-dev.jar  -cp /home/spirals/danglot/.m2/repository/junit/junit/4.12/junit-4.12.jar:/home/spirals/danglot/.m2/repository/org/hamcrest/hamcrest-core/1.3/hamcrest-core-1.3.jar:/home/spirals/danglot/.m2/repository/com/google/code/gson/gson/2.7/gson-2.7.jar:/home/spirals/danglot/.m2/repository/org/eclipse/jetty/jetty-server/9.2.22.v20170606/jetty-server-9.2.22.v20170606.jar:/home/spirals/danglot/.m2/repository/javax/servlet/javax.servlet-api/3.1.0/javax.servlet-api-3.1.0.jar:/home/spirals/danglot/.m2/repository/org/eclipse/jetty/jetty-http/9.2.22.v20170606/jetty-http-9.2.22.v20170606.jar:/home/spirals/danglot/.m2/repository/org/eclipse/jetty/jetty-util/9.2.22.v20170606/jetty-util-9.2.22.v20170606.jar:/home/spirals/danglot/.m2/repository/org/eclipse/jetty/jetty-io/9.2.22.v20170606/jetty-io-9.2.22.v20170606.jar:/home/spirals/danglot/.m2/repository/org/eclipse/jetty/jetty-servlet/9.2.22.v20170606/jetty-servlet-9.2.22.v20170606.jar:/home/spirals/danglot/.m2/repository/org/eclipse/jetty/jetty-security/9.2.22.v20170606/jetty-security-9.2.22.v20170606.jar:/tmp/Ex2Amplifier-experiments/dataset/may-2018/jsoup/988_modified/target/classes:/tmp/Ex2Amplifier-experiments/target/dspot/dependencies:/tmp/Ex2Amplifier-experiments/dataset/may-2018/jsoup/988_modified/target/test-classes:lib/catg-dev.jar:/tmp/Ex2Amplifier-experiments/lib/catg-dev.jar:/tmp/Ex2Amplifier-experiments/lib/asm-all-5.0.4.jar:/tmp/Ex2Amplifier-experiments/lib/automaton-1.11-8.jar -ea org.jsoup.parser.TokenQueueTest
Error: Could not find or load main class org.jsoup.parser.TokenQueueTest
[119952] INFO Amplification - 0 amplified test(s) has been selected, global: 0
[119952] INFO DSpot - elapsedTime 8230
======= REPORT =======
0 amplified test fails on the new versions.

[119994] INFO DSpot - Print AmplTokenQueueTest with 0?amplified test cases in results/may-2018/jsoup/988_modified/CATG
