SLF4J: Class path contains multiple SLF4J bindings.
SLF4J: Found binding in [jar:file:/home/spirals/danglot/.m2/repository/eu/stamp-project/test-runner/1.0.8/test-runner-1.0.8-jar-with-dependencies.jar!/org/slf4j/impl/StaticLoggerBinder.class]
SLF4J: Found binding in [jar:file:/home/spirals/danglot/.m2/repository/org/slf4j/slf4j-log4j12/1.7.25/slf4j-log4j12-1.7.25.jar!/org/slf4j/impl/StaticLoggerBinder.class]
SLF4J: See http://www.slf4j.org/codes.html#multiple_bindings for an explanation.
SLF4J: Actual binding is of type [org.slf4j.impl.Log4jLoggerFactory]
[0] WARN AutomaticBuilderFactory - No automatic builder specified in configuration, going to default.
[0] INFO AutomaticBuilderFactory - Default: provided Maven automatic builder.
[9] INFO MavenAutomaticBuilder - run maven clean test -DskipTests dependency:build-classpath -Dmdep.outputFile=target/dspot/classpath
[WARN] Maven will be executed in interactive mode, but no input stream has been configured for this MavenInvoker instance.
[INFO] Scanning for projects...
[INFO]                                                                         
[INFO] ------------------------------------------------------------------------
[INFO] Building jsoup Java HTML Parser 1.10.3-SNAPSHOT
[INFO] ------------------------------------------------------------------------
[INFO] 
[INFO] --- maven-clean-plugin:2.5:clean (default-clean) @ jsoup ---
[INFO] Deleting /tmp/Ex2Amplifier-experiments/dataset/may-2018/jsoup/835/target
[INFO] 
[INFO] --- maven-resources-plugin:3.0.1:resources (default-resources) @ jsoup ---
[INFO] Using 'UTF-8' encoding to copy filtered resources.
[INFO] Copying 3 resources
[INFO] Copying 3 resources to META-INF/
[INFO] 
[INFO] --- maven-compiler-plugin:3.5.1:compile (default-compile) @ jsoup ---
[INFO] Changes detected - recompiling the module!
[INFO] Compiling 57 source files to /tmp/Ex2Amplifier-experiments/dataset/may-2018/jsoup/835/target/classes
[INFO] 
[INFO] --- animal-sniffer-maven-plugin:1.15:check (animal-sniffer) @ jsoup ---
[INFO] Checking unresolved references to org.codehaus.mojo.signature:java15:1.0
[INFO] 
[INFO] >>> maven-bundle-plugin:2.5.4:manifest (bundle-manifest) > process-classes @ jsoup >>>
[INFO] 
[INFO] --- maven-resources-plugin:3.0.1:resources (default-resources) @ jsoup ---
[INFO] Using 'UTF-8' encoding to copy filtered resources.
[INFO] Copying 3 resources
[INFO] Copying 3 resources to META-INF/
[INFO] 
[INFO] --- maven-compiler-plugin:3.5.1:compile (default-compile) @ jsoup ---
[INFO] Changes detected - recompiling the module!
[INFO] Compiling 57 source files to /tmp/Ex2Amplifier-experiments/dataset/may-2018/jsoup/835/target/classes
[INFO] 
[INFO] --- animal-sniffer-maven-plugin:1.15:check (animal-sniffer) @ jsoup ---
[INFO] Checking unresolved references to org.codehaus.mojo.signature:java15:1.0
[INFO] 
[INFO] <<< maven-bundle-plugin:2.5.4:manifest (bundle-manifest) < process-classes @ jsoup <<<
[INFO] 
[INFO] --- maven-bundle-plugin:2.5.4:manifest (bundle-manifest) @ jsoup ---
[INFO] 
[INFO] --- maven-resources-plugin:3.0.1:testResources (default-testResources) @ jsoup ---
[INFO] Using 'UTF-8' encoding to copy filtered resources.
[INFO] Copying 21 resources
[INFO] 
[INFO] --- maven-compiler-plugin:3.5.1:testCompile (default-testCompile) @ jsoup ---
[INFO] Changes detected - recompiling the module!
[INFO] Compiling 30 source files to /tmp/Ex2Amplifier-experiments/dataset/may-2018/jsoup/835/target/test-classes
[INFO] /tmp/Ex2Amplifier-experiments/dataset/may-2018/jsoup/835/src/test/java/org/jsoup/nodes/BuildEntities.java: /tmp/Ex2Amplifier-experiments/dataset/may-2018/jsoup/835/src/test/java/org/jsoup/nodes/BuildEntities.java uses unchecked or unsafe operations.
[INFO] /tmp/Ex2Amplifier-experiments/dataset/may-2018/jsoup/835/src/test/java/org/jsoup/nodes/BuildEntities.java: Recompile with -Xlint:unchecked for details.
[INFO] 
[INFO] --- maven-surefire-plugin:2.12.4:test (default-test) @ jsoup ---
[INFO] Tests are skipped.
[INFO] 
[INFO] --- maven-dependency-plugin:2.8:build-classpath (default-cli) @ jsoup ---
[INFO] Wrote classpath file '/tmp/Ex2Amplifier-experiments/dataset/may-2018/jsoup/835/target/dspot/classpath'.
[INFO] ------------------------------------------------------------------------
[INFO] BUILD SUCCESS
[INFO] ------------------------------------------------------------------------
[INFO] Total time: 8.790 s
[INFO] Finished at: 2018-06-11T20:27:27+02:00
[INFO] Final Memory: 36M/594M
[INFO] ------------------------------------------------------------------------
[14872] WARN AutomaticBuilderFactory - No automatic builder specified in configuration, going to default.
[14872] INFO AutomaticBuilderFactory - Default: provided Maven automatic builder.
[14873] INFO MavenAutomaticBuilder - run maven clean test -DskipTests dependency:build-classpath -Dmdep.outputFile=target/dspot/classpath
[WARN] Maven will be executed in interactive mode, but no input stream has been configured for this MavenInvoker instance.
[INFO] Scanning for projects...
[INFO]                                                                         
[INFO] ------------------------------------------------------------------------
[INFO] Building jsoup Java HTML Parser 1.10.3-SNAPSHOT
[INFO] ------------------------------------------------------------------------
[INFO] 
[INFO] --- maven-clean-plugin:2.5:clean (default-clean) @ jsoup ---
[INFO] 
[INFO] --- maven-resources-plugin:3.0.1:resources (default-resources) @ jsoup ---
[INFO] Using 'UTF-8' encoding to copy filtered resources.
[INFO] Copying 3 resources
[INFO] Copying 3 resources to META-INF/
[INFO] 
[INFO] --- maven-compiler-plugin:3.5.1:compile (default-compile) @ jsoup ---
[INFO] Changes detected - recompiling the module!
[INFO] Compiling 57 source files to /tmp/Ex2Amplifier-experiments/dataset/may-2018/jsoup/835_modified/target/classes
[INFO] 
[INFO] --- animal-sniffer-maven-plugin:1.15:check (animal-sniffer) @ jsoup ---
[INFO] Checking unresolved references to org.codehaus.mojo.signature:java15:1.0
[INFO] 
[INFO] >>> maven-bundle-plugin:2.5.4:manifest (bundle-manifest) > process-classes @ jsoup >>>
[INFO] 
[INFO] --- maven-resources-plugin:3.0.1:resources (default-resources) @ jsoup ---
[INFO] Using 'UTF-8' encoding to copy filtered resources.
[INFO] Copying 3 resources
[INFO] Copying 3 resources to META-INF/
[INFO] 
[INFO] --- maven-compiler-plugin:3.5.1:compile (default-compile) @ jsoup ---
[INFO] Changes detected - recompiling the module!
[INFO] Compiling 57 source files to /tmp/Ex2Amplifier-experiments/dataset/may-2018/jsoup/835_modified/target/classes
[INFO] 
[INFO] --- animal-sniffer-maven-plugin:1.15:check (animal-sniffer) @ jsoup ---
[INFO] Checking unresolved references to org.codehaus.mojo.signature:java15:1.0
[INFO] 
[INFO] <<< maven-bundle-plugin:2.5.4:manifest (bundle-manifest) < process-classes @ jsoup <<<
[INFO] 
[INFO] --- maven-bundle-plugin:2.5.4:manifest (bundle-manifest) @ jsoup ---
[INFO] 
[INFO] --- maven-resources-plugin:3.0.1:testResources (default-testResources) @ jsoup ---
[INFO] Using 'UTF-8' encoding to copy filtered resources.
[INFO] Copying 21 resources
[INFO] 
[INFO] --- maven-compiler-plugin:3.5.1:testCompile (default-testCompile) @ jsoup ---
[INFO] Changes detected - recompiling the module!
[INFO] Compiling 30 source files to /tmp/Ex2Amplifier-experiments/dataset/may-2018/jsoup/835_modified/target/test-classes
[INFO] /tmp/Ex2Amplifier-experiments/dataset/may-2018/jsoup/835_modified/src/test/java/org/jsoup/nodes/BuildEntities.java: /tmp/Ex2Amplifier-experiments/dataset/may-2018/jsoup/835_modified/src/test/java/org/jsoup/nodes/BuildEntities.java uses unchecked or unsafe operations.
[INFO] /tmp/Ex2Amplifier-experiments/dataset/may-2018/jsoup/835_modified/src/test/java/org/jsoup/nodes/BuildEntities.java: Recompile with -Xlint:unchecked for details.
[INFO] 
[INFO] --- maven-surefire-plugin:2.12.4:test (default-test) @ jsoup ---
[INFO] Tests are skipped.
[INFO] 
[INFO] --- maven-dependency-plugin:2.8:build-classpath (default-cli) @ jsoup ---
[INFO] Wrote classpath file '/tmp/Ex2Amplifier-experiments/dataset/may-2018/jsoup/835_modified/target/dspot/classpath'.
[INFO] ------------------------------------------------------------------------
[INFO] BUILD SUCCESS
[INFO] ------------------------------------------------------------------------
[INFO] Total time: 8.764 s
[INFO] Finished at: 2018-06-11T20:27:42+02:00
[INFO] Final Memory: 36M/592M
[INFO] ------------------------------------------------------------------------
[25425] INFO SelectorOnDiff - Selecting according to a diff between dataset/may-2018/jsoup/835/ and dataset/may-2018/jsoup/835_modified/ (f28c024ba127fd701f0d195a359afbabff04d7a1)
[25431] INFO SelectorOnDiff - Modified files:
a/src/test/java/org/jsoup/helper/DataUtilTest.java
a/src/main/java/org/jsoup/helper/DataUtil.java
[80139] INFO Amplification - amplification of org.jsoup.helper.DataUtilTest (11 test(s))
[80332] INFO EntryPoint - Run: java -cp /tmp/Ex2Amplifier-experiments/dataset/may-2018/jsoup/835/target/test-classes:/tmp/Ex2Amplifier-experiments/dataset/may-2018/jsoup/835/target/classes:/home/spirals/danglot/.m2/repository/junit/junit/4.12/junit-4.12.jar:/home/spirals/danglot/.m2/repository/org/hamcrest/hamcrest-core/1.3/hamcrest-core-1.3.jar:/home/spirals/danglot/.m2/repository/com/google/code/gson/gson/2.7/gson-2.7.jar:/tmp/Ex2Amplifier-experiments/target/dspot/dependencies:/home/spirals/danglot/.m2/repository/eu/stamp-project/test-runner/1.0.8/test-runner-1.0.8-jar-with-dependencies.jar eu.stamp_project.testrunner.runner.test.TestRunner org.jsoup.helper.DataUtilTest generatesMimeBoundaries:shouldReturnNullForIllegalCharsetNames:testQuotedCharset:shouldSelectFirstCharsetOnWeirdMultileCharsetsInMetaTags:supportsBOMinFiles:discardsSpuriousByteOrderMarkWhenNoCharsetSet:discardsSpuriousByteOrderMark:wrongMetaCharsetFallback:shouldNotThrowExceptionOnEmptyCharset:testCharset:shouldCorrectCharsetForDuplicateCharsetString
File saved to the following path: /tmp/Ex2Amplifier-experiments/dataset/may-2018/jsoup/835/target/dspot/TestListener.ser
[80948] INFO EntryPoint - Test has been run: generatesMimeBoundaries,discardsSpuriousByteOrderMarkWhenNoCharsetSet,discardsSpuriousByteOrderMark,shouldCorrectCharsetForDuplicateCharsetString,shouldNotThrowExceptionOnEmptyCharset,testCharset,testQuotedCharset,wrongMetaCharsetFallback,shouldSelectFirstCharsetOnWeirdMultileCharsetsInMetaTags,shouldReturnNullForIllegalCharsetNames,supportsBOMinFiles(org.jsoup.helper.DataUtilTest): null
[80948] WARN Amplification - 1 tests failed before the amplifications
[80948] WARN Amplification - supportsBOMinFiles(org.jsoup.helper.DataUtilTest): null
[80948] WARN Amplification - Discarding following test cases for the amplification
[80955] WARN Amplification - supportsBOMinFiles
[81061] INFO EntryPoint - Run: java -cp /tmp/Ex2Amplifier-experiments/dataset/may-2018/jsoup/835/target/test-classes:/tmp/Ex2Amplifier-experiments/dataset/may-2018/jsoup/835/target/classes:/home/spirals/danglot/.m2/repository/junit/junit/4.12/junit-4.12.jar:/home/spirals/danglot/.m2/repository/org/hamcrest/hamcrest-core/1.3/hamcrest-core-1.3.jar:/home/spirals/danglot/.m2/repository/com/google/code/gson/gson/2.7/gson-2.7.jar:/tmp/Ex2Amplifier-experiments/target/dspot/dependencies:/home/spirals/danglot/.m2/repository/eu/stamp-project/test-runner/1.0.8/test-runner-1.0.8-jar-with-dependencies.jar eu.stamp_project.testrunner.runner.test.TestRunner org.jsoup.helper.DataUtilTest generatesMimeBoundaries:shouldReturnNullForIllegalCharsetNames:testQuotedCharset:shouldSelectFirstCharsetOnWeirdMultileCharsetsInMetaTags:discardsSpuriousByteOrderMarkWhenNoCharsetSet:discardsSpuriousByteOrderMark:wrongMetaCharsetFallback:shouldNotThrowExceptionOnEmptyCharset:testCharset:shouldCorrectCharsetForDuplicateCharsetString
File saved to the following path: /tmp/Ex2Amplifier-experiments/dataset/may-2018/jsoup/835/target/dspot/TestListener.ser
[81639] INFO EntryPoint - Test has been run: generatesMimeBoundaries,discardsSpuriousByteOrderMarkWhenNoCharsetSet,discardsSpuriousByteOrderMark,shouldCorrectCharsetForDuplicateCharsetString,shouldNotThrowExceptionOnEmptyCharset,testCharset,testQuotedCharset,wrongMetaCharsetFallback,shouldSelectFirstCharsetOnWeirdMultileCharsetsInMetaTags,shouldReturnNullForIllegalCharsetNames
[81639] INFO Amplification - Try to add assertions before amplification
[81739] INFO AssertGenerator - Run tests. (10)
[81822] INFO EntryPoint - Run: java -cp /tmp/Ex2Amplifier-experiments/dataset/may-2018/jsoup/835/target/test-classes:/tmp/Ex2Amplifier-experiments/dataset/may-2018/jsoup/835/target/classes:/home/spirals/danglot/.m2/repository/junit/junit/4.12/junit-4.12.jar:/home/spirals/danglot/.m2/repository/org/hamcrest/hamcrest-core/1.3/hamcrest-core-1.3.jar:/home/spirals/danglot/.m2/repository/com/google/code/gson/gson/2.7/gson-2.7.jar:/tmp/Ex2Amplifier-experiments/target/dspot/dependencies:/home/spirals/danglot/.m2/repository/eu/stamp-project/test-runner/1.0.8/test-runner-1.0.8-jar-with-dependencies.jar eu.stamp_project.testrunner.runner.test.TestRunner org.jsoup.helper.DataUtilTest generatesMimeBoundaries:shouldReturnNullForIllegalCharsetNames:testQuotedCharset:shouldSelectFirstCharsetOnWeirdMultileCharsetsInMetaTags:discardsSpuriousByteOrderMarkWhenNoCharsetSet:discardsSpuriousByteOrderMark:wrongMetaCharsetFallback:shouldNotThrowExceptionOnEmptyCharset:testCharset:shouldCorrectCharsetForDuplicateCharsetString
File saved to the following path: /tmp/Ex2Amplifier-experiments/dataset/may-2018/jsoup/835/target/dspot/TestListener.ser
[82438] INFO EntryPoint - Test has been run: generatesMimeBoundaries,discardsSpuriousByteOrderMarkWhenNoCharsetSet,discardsSpuriousByteOrderMark,shouldCorrectCharsetForDuplicateCharsetString,shouldNotThrowExceptionOnEmptyCharset,testCharset,testQuotedCharset,wrongMetaCharsetFallback,shouldSelectFirstCharsetOnWeirdMultileCharsetsInMetaTags,shouldReturnNullForIllegalCharsetNames
[82438] INFO AssertGenerator - 10 test pass, generating assertion...
[82442] INFO MethodsAssertGenerator - Add observations points in passing tests.
[82443] INFO MethodsAssertGenerator - Instrumentation...
 10% |===== ]/ 20% |========== ]- 30% |=============== ]\ 40% |==================== ]| 50% |========================= ]/ 60% |============================== ]- 70% |=================================== ]\ 80% |======================================== ]| 90% |============================================= ]/100% |================================================== ]-
[82497] INFO MethodsAssertGenerator - Run instrumented tests. (30)
[82599] INFO EntryPoint - Run: java -cp /tmp/Ex2Amplifier-experiments/dataset/may-2018/jsoup/835/target/test-classes:/tmp/Ex2Amplifier-experiments/dataset/may-2018/jsoup/835/target/classes:/home/spirals/danglot/.m2/repository/junit/junit/4.12/junit-4.12.jar:/home/spirals/danglot/.m2/repository/org/hamcrest/hamcrest-core/1.3/hamcrest-core-1.3.jar:/home/spirals/danglot/.m2/repository/com/google/code/gson/gson/2.7/gson-2.7.jar:/tmp/Ex2Amplifier-experiments/target/dspot/dependencies:/home/spirals/danglot/.m2/repository/eu/stamp-project/test-runner/1.0.8/test-runner-1.0.8-jar-with-dependencies.jar eu.stamp_project.testrunner.runner.test.TestRunner org.jsoup.helper.DataUtilTest generatesMimeBoundaries_withlog0:shouldReturnNullForIllegalCharsetNames_withlog0:testQuotedCharset_withlog0:shouldSelectFirstCharsetOnWeirdMultileCharsetsInMetaTags_withlog0:discardsSpuriousByteOrderMarkWhenNoCharsetSet_withlog0:discardsSpuriousByteOrderMark_withlog0:wrongMetaCharsetFallback_withlog0:shouldNotThrowExceptionOnEmptyCharset_withlog0:testCharset_withlog0:shouldCorrectCharsetForDuplicateCharsetString_withlog0:generatesMimeBoundaries_withlog1:shouldReturnNullForIllegalCharsetNames_withlog1:testQuotedCharset_withlog1:shouldSelectFirstCharsetOnWeirdMultileCharsetsInMetaTags_withlog1:discardsSpuriousByteOrderMarkWhenNoCharsetSet_withlog1:discardsSpuriousByteOrderMark_withlog1:wrongMetaCharsetFallback_withlog1:shouldNotThrowExceptionOnEmptyCharset_withlog1:testCharset_withlog1:shouldCorrectCharsetForDuplicateCharsetString_withlog1:generatesMimeBoundaries_withlog2:shouldReturnNullForIllegalCharsetNames_withlog2:testQuotedCharset_withlog2:shouldSelectFirstCharsetOnWeirdMultileCharsetsInMetaTags_withlog2:discardsSpuriousByteOrderMarkWhenNoCharsetSet_withlog2:discardsSpuriousByteOrderMark_withlog2:wrongMetaCharsetFallback_withlog2:shouldNotThrowExceptionOnEmptyCharset_withlog2:testCharset_withlog2:shouldCorrectCharsetForDuplicateCharsetString_withlog2
File saved to the following path: /tmp/Ex2Amplifier-experiments/dataset/may-2018/jsoup/835/target/dspot/observations.ser
File saved to the following path: /tmp/Ex2Amplifier-experiments/dataset/may-2018/jsoup/835/target/dspot/TestListener.ser
[104334] INFO EntryPoint - Test has been run: discardsSpuriousByteOrderMarkWhenNoCharsetSet_withlog0,discardsSpuriousByteOrderMarkWhenNoCharsetSet_withlog1,discardsSpuriousByteOrderMarkWhenNoCharsetSet_withlog2,shouldSelectFirstCharsetOnWeirdMultileCharsetsInMetaTags_withlog0,shouldSelectFirstCharsetOnWeirdMultileCharsetsInMetaTags_withlog1,shouldSelectFirstCharsetOnWeirdMultileCharsetsInMetaTags_withlog2,discardsSpuriousByteOrderMark_withlog0,discardsSpuriousByteOrderMark_withlog1,discardsSpuriousByteOrderMark_withlog2,testQuotedCharset_withlog0,testQuotedCharset_withlog1,testQuotedCharset_withlog2,testCharset_withlog0,testCharset_withlog1,testCharset_withlog2,shouldCorrectCharsetForDuplicateCharsetString_withlog0,shouldCorrectCharsetForDuplicateCharsetString_withlog1,shouldCorrectCharsetForDuplicateCharsetString_withlog2,shouldReturnNullForIllegalCharsetNames_withlog0,shouldReturnNullForIllegalCharsetNames_withlog1,shouldReturnNullForIllegalCharsetNames_withlog2,generatesMimeBoundaries_withlog0,generatesMimeBoundaries_withlog1,generatesMimeBoundaries_withlog2,shouldNotThrowExceptionOnEmptyCharset_withlog0,shouldNotThrowExceptionOnEmptyCharset_withlog1,shouldNotThrowExceptionOnEmptyCharset_withlog2,wrongMetaCharsetFallback_withlog0,wrongMetaCharsetFallback_withlog1,wrongMetaCharsetFallback_withlog2
[104379] INFO MethodsAssertGenerator - Generating assertions...
[104721] INFO AssertGenerator - 3 new tests with assertions generated
[105561] INFO EntryPoint - Run: java -cp /tmp/Ex2Amplifier-experiments/dataset/may-2018/jsoup/835/target/test-classes:/tmp/Ex2Amplifier-experiments/dataset/may-2018/jsoup/835/target/classes:/home/spirals/danglot/.m2/repository/junit/junit/4.12/junit-4.12.jar:/home/spirals/danglot/.m2/repository/org/hamcrest/hamcrest-core/1.3/hamcrest-core-1.3.jar:/home/spirals/danglot/.m2/repository/com/google/code/gson/gson/2.7/gson-2.7.jar:/tmp/Ex2Amplifier-experiments/target/dspot/dependencies:/home/spirals/danglot/.m2/repository/eu/stamp-project/test-runner/1.0.8/test-runner-1.0.8-jar-with-dependencies.jar eu.stamp_project.testrunner.runner.test.TestRunner org.jsoup.helper.DataUtilTest discardsSpuriousByteOrderMarkWhenNoCharsetSet:discardsSpuriousByteOrderMark:wrongMetaCharsetFallback
File saved to the following path: /tmp/Ex2Amplifier-experiments/dataset/may-2018/jsoup/835/target/dspot/TestListener.ser
[106145] INFO EntryPoint - Test has been run: discardsSpuriousByteOrderMarkWhenNoCharsetSet(org.jsoup.helper.DataUtilTest): expected:<<html>
 <head>[</head>
 <body>]</body>
</html>> but was:<<html>
 <head>[
  <title>One</title>
 </head>
 <body>
  Two
 ]</body>
</html>>,discardsSpuriousByteOrderMark(org.jsoup.helper.DataUtilTest): expected:<<html>
 <head>[</head>
 <body>]</body>
</html>> but was:<<html>
 <head>[
  <title>One</title>
 </head>
 <body>
  Two
 ]</body>
</html>>,wrongMetaCharsetFallback(org.jsoup.helper.DataUtilTest): expected:<<html>
 <head>[]</head>
 <body></bod...> but was:<<html>
 <head>[
  <meta charset="iso-8">
 ]</head>
 <body></bod...>
[106145] WARN Amplification - Error during execution of amplified tests.
[106148] INFO Amplification - 0 amplified test(s) has been selected, global: 0
[106148] INFO DSpot - elapsedTime 26094
======= REPORT =======
0 amplified test fails on the new versions.

[106259] INFO DSpot - Print AmplDataUtilTest with 0?amplified test cases in results/may-2018/jsoup/835/A_ampl
