SLF4J: Class path contains multiple SLF4J bindings.
SLF4J: Found binding in [jar:file:/home/spirals/danglot/.m2/repository/eu/stamp-project/test-runner/1.0.5/test-runner-1.0.5-jar-with-dependencies.jar!/org/slf4j/impl/StaticLoggerBinder.class]
SLF4J: Found binding in [jar:file:/home/spirals/danglot/.m2/repository/org/slf4j/slf4j-log4j12/1.7.25/slf4j-log4j12-1.7.25.jar!/org/slf4j/impl/StaticLoggerBinder.class]
SLF4J: See http://www.slf4j.org/codes.html#multiple_bindings for an explanation.
SLF4J: Actual binding is of type [org.slf4j.impl.Log4jLoggerFactory]
[0] WARN AutomaticBuilderFactory - No automatic builder specified in configuration, going to default.
[0] INFO AutomaticBuilderFactory - Default: provided Maven automatic builder.
[10] INFO MavenAutomaticBuilder - run maven clean test -DskipTests dependency:build-classpath -Dmdep.outputFile=target/dspot/classpath
[WARN] Maven will be executed in interactive mode, but no input stream has been configured for this MavenInvoker instance.
[INFO] Scanning for projects...
[INFO]                                                                         
[INFO] ------------------------------------------------------------------------
[INFO] Building jsoup Java HTML Parser 1.10.3-SNAPSHOT
[INFO] ------------------------------------------------------------------------
[INFO] 
[INFO] --- maven-clean-plugin:2.5:clean (default-clean) @ jsoup ---
[INFO] Deleting /tmp/Ex2Amplifier-experiments/dataset/may-2018/jsoup/881_modified/target
[INFO] 
[INFO] --- maven-resources-plugin:3.0.1:resources (default-resources) @ jsoup ---
[INFO] Using 'UTF-8' encoding to copy filtered resources.
[INFO] Copying 3 resources
[INFO] Copying 3 resources to META-INF/
[INFO] 
[INFO] --- maven-compiler-plugin:3.5.1:compile (default-compile) @ jsoup ---
[INFO] Changes detected - recompiling the module!
[INFO] Compiling 57 source files to /tmp/Ex2Amplifier-experiments/dataset/may-2018/jsoup/881_modified/target/classes
[INFO] 
[INFO] --- animal-sniffer-maven-plugin:1.15:check (animal-sniffer) @ jsoup ---
[INFO] Checking unresolved references to org.codehaus.mojo.signature:java15:1.0
[INFO] 
[INFO] >>> maven-bundle-plugin:2.5.4:manifest (bundle-manifest) > process-classes @ jsoup >>>
[INFO] 
[INFO] --- maven-resources-plugin:3.0.1:resources (default-resources) @ jsoup ---
[INFO] Using 'UTF-8' encoding to copy filtered resources.
[INFO] Copying 3 resources
[INFO] Copying 3 resources to META-INF/
[INFO] 
[INFO] --- maven-compiler-plugin:3.5.1:compile (default-compile) @ jsoup ---
[INFO] Changes detected - recompiling the module!
[INFO] Compiling 57 source files to /tmp/Ex2Amplifier-experiments/dataset/may-2018/jsoup/881_modified/target/classes
[INFO] 
[INFO] --- animal-sniffer-maven-plugin:1.15:check (animal-sniffer) @ jsoup ---
[INFO] Checking unresolved references to org.codehaus.mojo.signature:java15:1.0
[INFO] 
[INFO] <<< maven-bundle-plugin:2.5.4:manifest (bundle-manifest) < process-classes @ jsoup <<<
[INFO] 
[INFO] --- maven-bundle-plugin:2.5.4:manifest (bundle-manifest) @ jsoup ---
[INFO] 
[INFO] --- maven-resources-plugin:3.0.1:testResources (default-testResources) @ jsoup ---
[INFO] Using 'UTF-8' encoding to copy filtered resources.
[INFO] Copying 21 resources
[INFO] 
[INFO] --- maven-compiler-plugin:3.5.1:testCompile (default-testCompile) @ jsoup ---
[INFO] Changes detected - recompiling the module!
[INFO] Compiling 30 source files to /tmp/Ex2Amplifier-experiments/dataset/may-2018/jsoup/881_modified/target/test-classes
[INFO] /tmp/Ex2Amplifier-experiments/dataset/may-2018/jsoup/881_modified/src/test/java/org/jsoup/nodes/BuildEntities.java: /tmp/Ex2Amplifier-experiments/dataset/may-2018/jsoup/881_modified/src/test/java/org/jsoup/nodes/BuildEntities.java uses unchecked or unsafe operations.
[INFO] /tmp/Ex2Amplifier-experiments/dataset/may-2018/jsoup/881_modified/src/test/java/org/jsoup/nodes/BuildEntities.java: Recompile with -Xlint:unchecked for details.
[INFO] 
[INFO] --- maven-surefire-plugin:2.12.4:test (default-test) @ jsoup ---
[INFO] Tests are skipped.
[INFO] 
[INFO] --- maven-dependency-plugin:2.8:build-classpath (default-cli) @ jsoup ---
[INFO] Wrote classpath file '/tmp/Ex2Amplifier-experiments/dataset/may-2018/jsoup/881_modified/target/dspot/classpath'.
[INFO] ------------------------------------------------------------------------
[INFO] BUILD SUCCESS
[INFO] ------------------------------------------------------------------------
[INFO] Total time: 9.579 s
[INFO] Finished at: 2018-05-17T11:34:23+02:00
[INFO] Final Memory: 32M/452M
[INFO] ------------------------------------------------------------------------
[15821] WARN AutomaticBuilderFactory - No automatic builder specified in configuration, going to default.
[15822] INFO AutomaticBuilderFactory - Default: provided Maven automatic builder.
[15822] INFO MavenAutomaticBuilder - run maven clean test -DskipTests dependency:build-classpath -Dmdep.outputFile=target/dspot/classpath
[WARN] Maven will be executed in interactive mode, but no input stream has been configured for this MavenInvoker instance.
[INFO] Scanning for projects...
[INFO]                                                                         
[INFO] ------------------------------------------------------------------------
[INFO] Building jsoup Java HTML Parser 1.10.3-SNAPSHOT
[INFO] ------------------------------------------------------------------------
[INFO] 
[INFO] --- maven-clean-plugin:2.5:clean (default-clean) @ jsoup ---
[INFO] Deleting /tmp/Ex2Amplifier-experiments/dataset/may-2018/jsoup/881/target
[INFO] 
[INFO] --- maven-resources-plugin:3.0.1:resources (default-resources) @ jsoup ---
[INFO] Using 'UTF-8' encoding to copy filtered resources.
[INFO] Copying 3 resources
[INFO] Copying 3 resources to META-INF/
[INFO] 
[INFO] --- maven-compiler-plugin:3.5.1:compile (default-compile) @ jsoup ---
[INFO] Changes detected - recompiling the module!
[INFO] Compiling 57 source files to /tmp/Ex2Amplifier-experiments/dataset/may-2018/jsoup/881/target/classes
[INFO] 
[INFO] --- animal-sniffer-maven-plugin:1.15:check (animal-sniffer) @ jsoup ---
[INFO] Checking unresolved references to org.codehaus.mojo.signature:java15:1.0
[INFO] 
[INFO] >>> maven-bundle-plugin:2.5.4:manifest (bundle-manifest) > process-classes @ jsoup >>>
[INFO] 
[INFO] --- maven-resources-plugin:3.0.1:resources (default-resources) @ jsoup ---
[INFO] Using 'UTF-8' encoding to copy filtered resources.
[INFO] Copying 3 resources
[INFO] Copying 3 resources to META-INF/
[INFO] 
[INFO] --- maven-compiler-plugin:3.5.1:compile (default-compile) @ jsoup ---
[INFO] Changes detected - recompiling the module!
[INFO] Compiling 57 source files to /tmp/Ex2Amplifier-experiments/dataset/may-2018/jsoup/881/target/classes
[INFO] 
[INFO] --- animal-sniffer-maven-plugin:1.15:check (animal-sniffer) @ jsoup ---
[INFO] Checking unresolved references to org.codehaus.mojo.signature:java15:1.0
[INFO] 
[INFO] <<< maven-bundle-plugin:2.5.4:manifest (bundle-manifest) < process-classes @ jsoup <<<
[INFO] 
[INFO] --- maven-bundle-plugin:2.5.4:manifest (bundle-manifest) @ jsoup ---
[INFO] 
[INFO] --- maven-resources-plugin:3.0.1:testResources (default-testResources) @ jsoup ---
[INFO] Using 'UTF-8' encoding to copy filtered resources.
[INFO] Copying 21 resources
[INFO] 
[INFO] --- maven-compiler-plugin:3.5.1:testCompile (default-testCompile) @ jsoup ---
[INFO] Changes detected - recompiling the module!
[INFO] Compiling 30 source files to /tmp/Ex2Amplifier-experiments/dataset/may-2018/jsoup/881/target/test-classes
[INFO] /tmp/Ex2Amplifier-experiments/dataset/may-2018/jsoup/881/src/test/java/org/jsoup/nodes/BuildEntities.java: /tmp/Ex2Amplifier-experiments/dataset/may-2018/jsoup/881/src/test/java/org/jsoup/nodes/BuildEntities.java uses unchecked or unsafe operations.
[INFO] /tmp/Ex2Amplifier-experiments/dataset/may-2018/jsoup/881/src/test/java/org/jsoup/nodes/BuildEntities.java: Recompile with -Xlint:unchecked for details.
[INFO] 
[INFO] --- maven-surefire-plugin:2.12.4:test (default-test) @ jsoup ---
[INFO] Tests are skipped.
[INFO] 
[INFO] --- maven-dependency-plugin:2.8:build-classpath (default-cli) @ jsoup ---
[INFO] Wrote classpath file '/tmp/Ex2Amplifier-experiments/dataset/may-2018/jsoup/881/target/dspot/classpath'.
[INFO] ------------------------------------------------------------------------
[INFO] BUILD SUCCESS
[INFO] ------------------------------------------------------------------------
[INFO] Total time: 8.983 s
[INFO] Finished at: 2018-05-17T11:34:38+02:00
[INFO] Final Memory: 32M/399M
[INFO] ------------------------------------------------------------------------
[26373] INFO SelectorOnDiff - Selecting according to a diff between dataset/may-2018/jsoup/881_modified/ and dataset/may-2018/jsoup/881/ (0db39c27585d52fc19084a8090face5249e2bb4c)
[26396] INFO SelectorOnDiff - Modified files:
a/src/main/java/org/jsoup/helper/HttpConnection.java
[70585] INFO Amplification - amplification of org.jsoup.helper.HttpConnectionTest (19 test(s))
[71347] INFO Amplification - Try to add assertions before amplification
[71448] INFO AssertGenerator - Run tests. (19)
[71994] INFO AssertGenerator - 19 test pass, generating assertion...
[71999] INFO MethodsAssertGenerator - Add observations points in passing tests.
[71999] INFO MethodsAssertGenerator - Instrumentation...
  5% |== ]/ 10% |===== ]- 15% |======= ]\ 21% |========== ]| 26% |============= ]/ 31% |=============== ]- 36% |================== ]\ 42% |===================== ]| 47% |======================= ]/ 52% |========================== ]- 57% |============================ ]\ 63% |=============================== ]| 68% |================================== ]/ 73% |==================================== ]- 78% |======================================= ]\ 84% |========================================== ]| 89% |============================================ ]/ 94% |=============================================== ]-100% |================================================== ]\
[72122] INFO MethodsAssertGenerator - Run instrumented tests. (57)
[643451] WARN EntryPoint - Timeout when running java -cp /tmp/Ex2Amplifier-experiments/dataset/may-2018/jsoup/881_modified/target/test-classes:dataset/may-2018/jsoup/881_modified//target/classes:/home/spirals/danglot/.m2/repository/junit/junit/4.12/junit-4.12.jar:/home/spirals/danglot/.m2/repository/org/hamcrest/hamcrest-core/1.3/hamcrest-core-1.3.jar:/home/spirals/danglot/.m2/repository/com/google/code/gson/gson/2.7/gson-2.7.jar:target/dspot/dependencies/:/home/spirals/danglot/.m2/repository/eu/stamp-project/test-runner/1.0.5/test-runner-1.0.5-jar-with-dependencies.jar eu.stamp.project.testrunner.runner.test.TestRunner org.jsoup.helper.HttpConnectionTest headers_withlog0:throwsExceptionOnParseWithoutExecute_withlog0:throwsOnMalformedUrl_withlog0:connectWithUrl_withlog0:cookie_withlog0:data_withlog0:ignoresEmptySetCookies_withlog0:method_withlog0:caseInsensitiveHeaders_withlog0:inputStream_withlog0:throwsExceptionOnBodyWithoutExecute_withlog0:ignoresEmptyCookieNameAndVals_withlog0:throwsOnOddData_withlog0:userAgent_withlog0:timeout_withlog0:referrer_withlog0:sameHeadersCombineWithComma_withlog0:requestBody_withlog0:throwsExceptionOnBodyAsBytesWithoutExecute_withlog0:headers_withlog1:throwsExceptionOnParseWithoutExecute_withlog1:throwsOnMalformedUrl_withlog1:connectWithUrl_withlog1:cookie_withlog1:data_withlog1:ignoresEmptySetCookies_withlog1:method_withlog1:caseInsensitiveHeaders_withlog1:inputStream_withlog1:throwsExceptionOnBodyWithoutExecute_withlog1:ignoresEmptyCookieNameAndVals_withlog1:throwsOnOddData_withlog1:userAgent_withlog1:timeout_withlog1:referrer_withlog1:sameHeadersCombineWithComma_withlog1:requestBody_withlog1:throwsExceptionOnBodyAsBytesWithoutExecute_withlog1:headers_withlog2:throwsExceptionOnParseWithoutExecute_withlog2:throwsOnMalformedUrl_withlog2:connectWithUrl_withlog2:cookie_withlog2:data_withlog2:ignoresEmptySetCookies_withlog2:method_withlog2:caseInsensitiveHeaders_withlog2:inputStream_withlog2:throwsExceptionOnBodyWithoutExecute_withlog2:ignoresEmptyCookieNameAndVals_withlog2:throwsOnOddData_withlog2:userAgent_withlog2:timeout_withlog2:referrer_withlog2:sameHeadersCombineWithComma_withlog2:requestBody_withlog2:throwsExceptionOnBodyAsBytesWithoutExecute_withlog2
[643453] WARN TestCompiler - Timeout during execution of org.jsoup.helper.HttpConnectionTest: headers_withlog0,throwsExceptionOnParseWithoutExecute_withlog0,throwsOnMalformedUrl_withlog0,connectWithUrl_withlog0,cookie_withlog0,data_withlog0,ignoresEmptySetCookies_withlog0,method_withlog0,caseInsensitiveHeaders_withlog0,inputStream_withlog0,throwsExceptionOnBodyWithoutExecute_withlog0,ignoresEmptyCookieNameAndVals_withlog0,throwsOnOddData_withlog0,userAgent_withlog0,timeout_withlog0,referrer_withlog0,sameHeadersCombineWithComma_withlog0,requestBody_withlog0,throwsExceptionOnBodyAsBytesWithoutExecute_withlog0,headers_withlog1,throwsExceptionOnParseWithoutExecute_withlog1,throwsOnMalformedUrl_withlog1,connectWithUrl_withlog1,cookie_withlog1,data_withlog1,ignoresEmptySetCookies_withlog1,method_withlog1,caseInsensitiveHeaders_withlog1,inputStream_withlog1,throwsExceptionOnBodyWithoutExecute_withlog1,ignoresEmptyCookieNameAndVals_withlog1,throwsOnOddData_withlog1,userAgent_withlog1,timeout_withlog1,referrer_withlog1,sameHeadersCombineWithComma_withlog1,requestBody_withlog1,throwsExceptionOnBodyAsBytesWithoutExecute_withlog1,headers_withlog2,throwsExceptionOnParseWithoutExecute_withlog2,throwsOnMalformedUrl_withlog2,connectWithUrl_withlog2,cookie_withlog2,data_withlog2,ignoresEmptySetCookies_withlog2,method_withlog2,caseInsensitiveHeaders_withlog2,inputStream_withlog2,throwsExceptionOnBodyWithoutExecute_withlog2,ignoresEmptyCookieNameAndVals_withlog2,throwsOnOddData_withlog2,userAgent_withlog2,timeout_withlog2,referrer_withlog2,sameHeadersCombineWithComma_withlog2,requestBody_withlog2,throwsExceptionOnBodyAsBytesWithoutExecute_withlog2
fr.inria.diversify.dspot.AmplificationException: java.util.concurrent.TimeoutException
	at fr.inria.diversify.utils.compilation.TestCompiler.compileAndRun(TestCompiler.java:117)
	at fr.inria.diversify.dspot.assertGenerator.MethodsAssertGenerator.addAssertions(MethodsAssertGenerator.java:99)
	at fr.inria.diversify.dspot.assertGenerator.AssertGenerator.innerAssertionAmplification(AssertGenerator.java:117)
	at fr.inria.diversify.dspot.assertGenerator.AssertGenerator.assertionAmplification(AssertGenerator.java:66)
	at fr.inria.diversify.dspot.Amplification.preAmplification(Amplification.java:202)
	at fr.inria.diversify.dspot.Amplification.amplification(Amplification.java:91)
	at fr.inria.diversify.dspot.DSpot.amplifyTest(DSpot.java:183)
	at fr.inria.diversify.dspot.DSpot.amplifyTest(DSpot.java:170)
	at eu.stamp.project.Main.lambda$null$1(Main.java:143)
	at java.util.stream.ReferencePipeline$3$1.accept(ReferencePipeline.java:193)
	at java.util.HashMap$KeySpliterator.forEachRemaining(HashMap.java:1548)
	at java.util.stream.AbstractPipeline.copyInto(AbstractPipeline.java:481)
	at java.util.stream.AbstractPipeline.wrapAndCopyInto(AbstractPipeline.java:471)
	at java.util.stream.ReduceOps$ReduceOp.evaluateSequential(ReduceOps.java:708)
	at java.util.stream.AbstractPipeline.evaluate(AbstractPipeline.java:234)
	at java.util.stream.ReferencePipeline.collect(ReferencePipeline.java:499)
	at eu.stamp.project.Main.lambda$run$2(Main.java:144)
	at java.util.stream.ForEachOps$ForEachOp$OfRef.accept(ForEachOps.java:184)
	at java.util.stream.ReferencePipeline$2$1.accept(ReferencePipeline.java:175)
	at java.util.ArrayList$ArrayListSpliterator.forEachRemaining(ArrayList.java:1374)
	at java.util.stream.AbstractPipeline.copyInto(AbstractPipeline.java:481)
	at java.util.stream.AbstractPipeline.wrapAndCopyInto(AbstractPipeline.java:471)
	at java.util.stream.ForEachOps$ForEachOp.evaluateSequential(ForEachOps.java:151)
	at java.util.stream.ForEachOps$ForEachOp$OfRef.evaluateSequential(ForEachOps.java:174)
	at java.util.stream.AbstractPipeline.evaluate(AbstractPipeline.java:234)
	at java.util.stream.ReferencePipeline.forEach(ReferencePipeline.java:418)
	at eu.stamp.project.Main.run(Main.java:117)
	at eu.stamp.project.Main.main(Main.java:88)
Caused by: java.util.concurrent.TimeoutException
	at java.util.concurrent.FutureTask.get(FutureTask.java:205)
	at eu.stamp.project.testrunner.EntryPoint.runGivenCommandLine(EntryPoint.java:280)
	at eu.stamp.project.testrunner.EntryPoint.runTests(EntryPoint.java:124)
	at eu.stamp.project.testrunner.EntryPoint.runTests(EntryPoint.java:111)
	at fr.inria.diversify.utils.compilation.TestCompiler.compileAndRun(TestCompiler.java:102)
	... 27 more
[643454] INFO AssertGenerator - Could not generate any test with assertions
[643454] INFO Amplification - 0 amplified test(s) has been selected, global: 0
[643454] INFO DSpot - elapsedTime 572907
======= REPORT =======
0 amplified test fails on the new versions.

[643522] INFO DSpot - Print AmplHttpConnectionTest with 0?amplified test cases in results/may-2018/jsoup/881_modified/A_ampl
