SLF4J: Class path contains multiple SLF4J bindings.
SLF4J: Found binding in [jar:file:/home/spirals/danglot/.m2/repository/eu/stamp-project/test-runner/1.0.8/test-runner-1.0.8-jar-with-dependencies.jar!/org/slf4j/impl/StaticLoggerBinder.class]
SLF4J: Found binding in [jar:file:/home/spirals/danglot/.m2/repository/org/slf4j/slf4j-log4j12/1.7.25/slf4j-log4j12-1.7.25.jar!/org/slf4j/impl/StaticLoggerBinder.class]
SLF4J: See http://www.slf4j.org/codes.html#multiple_bindings for an explanation.
SLF4J: Actual binding is of type [org.slf4j.impl.Log4jLoggerFactory]
[0] WARN AutomaticBuilderFactory - No automatic builder specified in configuration, going to default.
[1] INFO AutomaticBuilderFactory - Default: provided Maven automatic builder.
[18] INFO MavenAutomaticBuilder - run maven clean test -DskipTests dependency:build-classpath -Dmdep.outputFile=target/dspot/classpath
[WARN] Maven will be executed in interactive mode, but no input stream has been configured for this MavenInvoker instance.
[INFO] Scanning for projects...
[INFO]                                                                         
[INFO] ------------------------------------------------------------------------
[INFO] Building jsoup Java HTML Parser 1.10.3-SNAPSHOT
[INFO] ------------------------------------------------------------------------
[INFO] 
[INFO] --- maven-clean-plugin:2.5:clean (default-clean) @ jsoup ---
[INFO] Deleting /tmp/Ex2Amplifier-experiments/dataset/may-2018/jsoup/835/target
[INFO] 
[INFO] --- maven-resources-plugin:3.0.1:resources (default-resources) @ jsoup ---
[INFO] Using 'UTF-8' encoding to copy filtered resources.
[INFO] Copying 3 resources
[INFO] Copying 3 resources to META-INF/
[INFO] 
[INFO] --- maven-compiler-plugin:3.5.1:compile (default-compile) @ jsoup ---
[INFO] Changes detected - recompiling the module!
[INFO] Compiling 57 source files to /tmp/Ex2Amplifier-experiments/dataset/may-2018/jsoup/835/target/classes
[INFO] 
[INFO] --- animal-sniffer-maven-plugin:1.15:check (animal-sniffer) @ jsoup ---
[INFO] Checking unresolved references to org.codehaus.mojo.signature:java15:1.0
[INFO] 
[INFO] >>> maven-bundle-plugin:2.5.4:manifest (bundle-manifest) > process-classes @ jsoup >>>
[INFO] 
[INFO] --- maven-resources-plugin:3.0.1:resources (default-resources) @ jsoup ---
[INFO] Using 'UTF-8' encoding to copy filtered resources.
[INFO] Copying 3 resources
[INFO] Copying 3 resources to META-INF/
[INFO] 
[INFO] --- maven-compiler-plugin:3.5.1:compile (default-compile) @ jsoup ---
[INFO] Changes detected - recompiling the module!
[INFO] Compiling 57 source files to /tmp/Ex2Amplifier-experiments/dataset/may-2018/jsoup/835/target/classes
[INFO] 
[INFO] --- animal-sniffer-maven-plugin:1.15:check (animal-sniffer) @ jsoup ---
[INFO] Checking unresolved references to org.codehaus.mojo.signature:java15:1.0
[INFO] 
[INFO] <<< maven-bundle-plugin:2.5.4:manifest (bundle-manifest) < process-classes @ jsoup <<<
[INFO] 
[INFO] --- maven-bundle-plugin:2.5.4:manifest (bundle-manifest) @ jsoup ---
[INFO] 
[INFO] --- maven-resources-plugin:3.0.1:testResources (default-testResources) @ jsoup ---
[INFO] Using 'UTF-8' encoding to copy filtered resources.
[INFO] Copying 21 resources
[INFO] 
[INFO] --- maven-compiler-plugin:3.5.1:testCompile (default-testCompile) @ jsoup ---
[INFO] Changes detected - recompiling the module!
[INFO] Compiling 30 source files to /tmp/Ex2Amplifier-experiments/dataset/may-2018/jsoup/835/target/test-classes
[INFO] /tmp/Ex2Amplifier-experiments/dataset/may-2018/jsoup/835/src/test/java/org/jsoup/nodes/BuildEntities.java: /tmp/Ex2Amplifier-experiments/dataset/may-2018/jsoup/835/src/test/java/org/jsoup/nodes/BuildEntities.java uses unchecked or unsafe operations.
[INFO] /tmp/Ex2Amplifier-experiments/dataset/may-2018/jsoup/835/src/test/java/org/jsoup/nodes/BuildEntities.java: Recompile with -Xlint:unchecked for details.
[INFO] 
[INFO] --- maven-surefire-plugin:2.12.4:test (default-test) @ jsoup ---
[INFO] Tests are skipped.
[INFO] 
[INFO] --- maven-dependency-plugin:2.8:build-classpath (default-cli) @ jsoup ---
[INFO] Wrote classpath file '/tmp/Ex2Amplifier-experiments/dataset/may-2018/jsoup/835/target/dspot/classpath'.
[INFO] ------------------------------------------------------------------------
[INFO] BUILD SUCCESS
[INFO] ------------------------------------------------------------------------
[INFO] Total time: 14.156 s
[INFO] Finished at: 2018-05-23T04:04:54+02:00
[INFO] Final Memory: 36M/1548M
[INFO] ------------------------------------------------------------------------
[24113] WARN AutomaticBuilderFactory - No automatic builder specified in configuration, going to default.
[24113] INFO AutomaticBuilderFactory - Default: provided Maven automatic builder.
[24114] INFO MavenAutomaticBuilder - run maven clean test -DskipTests dependency:build-classpath -Dmdep.outputFile=target/dspot/classpath
[WARN] Maven will be executed in interactive mode, but no input stream has been configured for this MavenInvoker instance.
[INFO] Scanning for projects...
[INFO]                                                                         
[INFO] ------------------------------------------------------------------------
[INFO] Building jsoup Java HTML Parser 1.10.3-SNAPSHOT
[INFO] ------------------------------------------------------------------------
[INFO] 
[INFO] --- maven-clean-plugin:2.5:clean (default-clean) @ jsoup ---
[INFO] Deleting /tmp/Ex2Amplifier-experiments/dataset/may-2018/jsoup/835_modified/target
[INFO] 
[INFO] --- maven-resources-plugin:3.0.1:resources (default-resources) @ jsoup ---
[INFO] Using 'UTF-8' encoding to copy filtered resources.
[INFO] Copying 3 resources
[INFO] Copying 3 resources to META-INF/
[INFO] 
[INFO] --- maven-compiler-plugin:3.5.1:compile (default-compile) @ jsoup ---
[INFO] Changes detected - recompiling the module!
[INFO] Compiling 57 source files to /tmp/Ex2Amplifier-experiments/dataset/may-2018/jsoup/835_modified/target/classes
[INFO] 
[INFO] --- animal-sniffer-maven-plugin:1.15:check (animal-sniffer) @ jsoup ---
[INFO] Checking unresolved references to org.codehaus.mojo.signature:java15:1.0
[INFO] 
[INFO] >>> maven-bundle-plugin:2.5.4:manifest (bundle-manifest) > process-classes @ jsoup >>>
[INFO] 
[INFO] --- maven-resources-plugin:3.0.1:resources (default-resources) @ jsoup ---
[INFO] Using 'UTF-8' encoding to copy filtered resources.
[INFO] Copying 3 resources
[INFO] Copying 3 resources to META-INF/
[INFO] 
[INFO] --- maven-compiler-plugin:3.5.1:compile (default-compile) @ jsoup ---
[INFO] Changes detected - recompiling the module!
[INFO] Compiling 57 source files to /tmp/Ex2Amplifier-experiments/dataset/may-2018/jsoup/835_modified/target/classes
[INFO] 
[INFO] --- animal-sniffer-maven-plugin:1.15:check (animal-sniffer) @ jsoup ---
[INFO] Checking unresolved references to org.codehaus.mojo.signature:java15:1.0
[INFO] 
[INFO] <<< maven-bundle-plugin:2.5.4:manifest (bundle-manifest) < process-classes @ jsoup <<<
[INFO] 
[INFO] --- maven-bundle-plugin:2.5.4:manifest (bundle-manifest) @ jsoup ---
[INFO] 
[INFO] --- maven-resources-plugin:3.0.1:testResources (default-testResources) @ jsoup ---
[INFO] Using 'UTF-8' encoding to copy filtered resources.
[INFO] Copying 21 resources
[INFO] 
[INFO] --- maven-compiler-plugin:3.5.1:testCompile (default-testCompile) @ jsoup ---
[INFO] Changes detected - recompiling the module!
[INFO] Compiling 30 source files to /tmp/Ex2Amplifier-experiments/dataset/may-2018/jsoup/835_modified/target/test-classes
[INFO] /tmp/Ex2Amplifier-experiments/dataset/may-2018/jsoup/835_modified/src/test/java/org/jsoup/nodes/BuildEntities.java: /tmp/Ex2Amplifier-experiments/dataset/may-2018/jsoup/835_modified/src/test/java/org/jsoup/nodes/BuildEntities.java uses unchecked or unsafe operations.
[INFO] /tmp/Ex2Amplifier-experiments/dataset/may-2018/jsoup/835_modified/src/test/java/org/jsoup/nodes/BuildEntities.java: Recompile with -Xlint:unchecked for details.
[INFO] 
[INFO] --- maven-surefire-plugin:2.12.4:test (default-test) @ jsoup ---
[INFO] Tests are skipped.
[INFO] 
[INFO] --- maven-dependency-plugin:2.8:build-classpath (default-cli) @ jsoup ---
[INFO] Wrote classpath file '/tmp/Ex2Amplifier-experiments/dataset/may-2018/jsoup/835_modified/target/dspot/classpath'.
[INFO] ------------------------------------------------------------------------
[INFO] BUILD SUCCESS
[INFO] ------------------------------------------------------------------------
[INFO] Total time: 13.659 s
[INFO] Finished at: 2018-05-23T04:05:17+02:00
[INFO] Final Memory: 33M/1496M
[INFO] ------------------------------------------------------------------------
[40658] INFO SelectorOnDiff - Selecting according to a diff between dataset/may-2018/jsoup/835/ and dataset/may-2018/jsoup/835_modified/ (f28c024ba127fd701f0d195a359afbabff04d7a1)
[40668] INFO SelectorOnDiff - Modified files:
a/src/test/java/org/jsoup/helper/DataUtilTest.java
a/src/main/java/org/jsoup/helper/DataUtil.java
[106578] INFO Amplification - amplification of org.jsoup.helper.DataUtilTest (11 test(s))
[106848] INFO EntryPoint - Run: java -cp /tmp/Ex2Amplifier-experiments/dataset/may-2018/jsoup/835/target/test-classes:/tmp/Ex2Amplifier-experiments/dataset/may-2018/jsoup/835/target/classes:/home/spirals/danglot/.m2/repository/junit/junit/4.12/junit-4.12.jar:/home/spirals/danglot/.m2/repository/org/hamcrest/hamcrest-core/1.3/hamcrest-core-1.3.jar:/home/spirals/danglot/.m2/repository/com/google/code/gson/gson/2.7/gson-2.7.jar:/tmp/Ex2Amplifier-experiments/target/dspot/dependencies:/home/spirals/danglot/.m2/repository/eu/stamp-project/test-runner/1.0.8/test-runner-1.0.8-jar-with-dependencies.jar eu.stamp_project.testrunner.runner.test.TestRunner org.jsoup.helper.DataUtilTest generatesMimeBoundaries:shouldReturnNullForIllegalCharsetNames:testQuotedCharset:shouldSelectFirstCharsetOnWeirdMultileCharsetsInMetaTags:supportsBOMinFiles:discardsSpuriousByteOrderMarkWhenNoCharsetSet:discardsSpuriousByteOrderMark:wrongMetaCharsetFallback:shouldNotThrowExceptionOnEmptyCharset:testCharset:shouldCorrectCharsetForDuplicateCharsetString
File saved to the following path: /tmp/Ex2Amplifier-experiments/dataset/may-2018/jsoup/835/target/dspot/TestListener.ser
[107852] INFO EntryPoint - Test has been run: generatesMimeBoundaries,discardsSpuriousByteOrderMarkWhenNoCharsetSet,discardsSpuriousByteOrderMark,shouldCorrectCharsetForDuplicateCharsetString,shouldNotThrowExceptionOnEmptyCharset,testCharset,testQuotedCharset,wrongMetaCharsetFallback,shouldSelectFirstCharsetOnWeirdMultileCharsetsInMetaTags,shouldReturnNullForIllegalCharsetNames,supportsBOMinFiles(org.jsoup.helper.DataUtilTest): null
[107852] WARN Amplification - 1 tests failed before the amplifications
[107853] WARN Amplification - supportsBOMinFiles(org.jsoup.helper.DataUtilTest): null
[107853] WARN Amplification - Discarding following test cases for the amplification
[107860] WARN Amplification - supportsBOMinFiles
[108022] INFO EntryPoint - Run: java -cp /tmp/Ex2Amplifier-experiments/dataset/may-2018/jsoup/835/target/test-classes:/tmp/Ex2Amplifier-experiments/dataset/may-2018/jsoup/835/target/classes:/home/spirals/danglot/.m2/repository/junit/junit/4.12/junit-4.12.jar:/home/spirals/danglot/.m2/repository/org/hamcrest/hamcrest-core/1.3/hamcrest-core-1.3.jar:/home/spirals/danglot/.m2/repository/com/google/code/gson/gson/2.7/gson-2.7.jar:/tmp/Ex2Amplifier-experiments/target/dspot/dependencies:/home/spirals/danglot/.m2/repository/eu/stamp-project/test-runner/1.0.8/test-runner-1.0.8-jar-with-dependencies.jar eu.stamp_project.testrunner.runner.test.TestRunner org.jsoup.helper.DataUtilTest generatesMimeBoundaries:shouldReturnNullForIllegalCharsetNames:testQuotedCharset:shouldSelectFirstCharsetOnWeirdMultileCharsetsInMetaTags:discardsSpuriousByteOrderMarkWhenNoCharsetSet:discardsSpuriousByteOrderMark:wrongMetaCharsetFallback:shouldNotThrowExceptionOnEmptyCharset:testCharset:shouldCorrectCharsetForDuplicateCharsetString
File saved to the following path: /tmp/Ex2Amplifier-experiments/dataset/may-2018/jsoup/835/target/dspot/TestListener.ser
[108947] INFO EntryPoint - Test has been run: generatesMimeBoundaries,discardsSpuriousByteOrderMarkWhenNoCharsetSet,discardsSpuriousByteOrderMark,shouldCorrectCharsetForDuplicateCharsetString,shouldNotThrowExceptionOnEmptyCharset,testCharset,testQuotedCharset,wrongMetaCharsetFallback,shouldSelectFirstCharsetOnWeirdMultileCharsetsInMetaTags,shouldReturnNullForIllegalCharsetNames
[108948] INFO Amplification - Try to add assertions before amplification
[109046] INFO AssertGenerator - Run tests. (10)
[109157] INFO EntryPoint - Run: java -cp /tmp/Ex2Amplifier-experiments/dataset/may-2018/jsoup/835/target/test-classes:/tmp/Ex2Amplifier-experiments/dataset/may-2018/jsoup/835/target/classes:/home/spirals/danglot/.m2/repository/junit/junit/4.12/junit-4.12.jar:/home/spirals/danglot/.m2/repository/org/hamcrest/hamcrest-core/1.3/hamcrest-core-1.3.jar:/home/spirals/danglot/.m2/repository/com/google/code/gson/gson/2.7/gson-2.7.jar:/tmp/Ex2Amplifier-experiments/target/dspot/dependencies:/home/spirals/danglot/.m2/repository/eu/stamp-project/test-runner/1.0.8/test-runner-1.0.8-jar-with-dependencies.jar eu.stamp_project.testrunner.runner.test.TestRunner org.jsoup.helper.DataUtilTest generatesMimeBoundaries:shouldReturnNullForIllegalCharsetNames:testQuotedCharset:shouldSelectFirstCharsetOnWeirdMultileCharsetsInMetaTags:discardsSpuriousByteOrderMarkWhenNoCharsetSet:discardsSpuriousByteOrderMark:wrongMetaCharsetFallback:shouldNotThrowExceptionOnEmptyCharset:testCharset:shouldCorrectCharsetForDuplicateCharsetString
File saved to the following path: /tmp/Ex2Amplifier-experiments/dataset/may-2018/jsoup/835/target/dspot/TestListener.ser
[110124] INFO EntryPoint - Test has been run: generatesMimeBoundaries,discardsSpuriousByteOrderMarkWhenNoCharsetSet,discardsSpuriousByteOrderMark,shouldCorrectCharsetForDuplicateCharsetString,shouldNotThrowExceptionOnEmptyCharset,testCharset,testQuotedCharset,wrongMetaCharsetFallback,shouldSelectFirstCharsetOnWeirdMultileCharsetsInMetaTags,shouldReturnNullForIllegalCharsetNames
[110125] INFO AssertGenerator - 10 test pass, generating assertion...
[110132] INFO MethodsAssertGenerator - Add observations points in passing tests.
[110132] INFO MethodsAssertGenerator - Instrumentation...
 10% |===== ]/ 20% |========== ]- 30% |=============== ]\ 40% |==================== ]| 50% |========================= ]/ 60% |============================== ]- 70% |=================================== ]\ 80% |======================================== ]| 90% |============================================= ]/100% |================================================== ]-
[110247] INFO MethodsAssertGenerator - Run instrumented tests. (30)
[110473] INFO EntryPoint - Run: java -cp /tmp/Ex2Amplifier-experiments/dataset/may-2018/jsoup/835/target/test-classes:/tmp/Ex2Amplifier-experiments/dataset/may-2018/jsoup/835/target/classes:/home/spirals/danglot/.m2/repository/junit/junit/4.12/junit-4.12.jar:/home/spirals/danglot/.m2/repository/org/hamcrest/hamcrest-core/1.3/hamcrest-core-1.3.jar:/home/spirals/danglot/.m2/repository/com/google/code/gson/gson/2.7/gson-2.7.jar:/tmp/Ex2Amplifier-experiments/target/dspot/dependencies:/home/spirals/danglot/.m2/repository/eu/stamp-project/test-runner/1.0.8/test-runner-1.0.8-jar-with-dependencies.jar eu.stamp_project.testrunner.runner.test.TestRunner org.jsoup.helper.DataUtilTest generatesMimeBoundaries_withlog0:shouldReturnNullForIllegalCharsetNames_withlog0:testQuotedCharset_withlog0:shouldSelectFirstCharsetOnWeirdMultileCharsetsInMetaTags_withlog0:discardsSpuriousByteOrderMarkWhenNoCharsetSet_withlog0:discardsSpuriousByteOrderMark_withlog0:wrongMetaCharsetFallback_withlog0:shouldNotThrowExceptionOnEmptyCharset_withlog0:testCharset_withlog0:shouldCorrectCharsetForDuplicateCharsetString_withlog0:generatesMimeBoundaries_withlog1:shouldReturnNullForIllegalCharsetNames_withlog1:testQuotedCharset_withlog1:shouldSelectFirstCharsetOnWeirdMultileCharsetsInMetaTags_withlog1:discardsSpuriousByteOrderMarkWhenNoCharsetSet_withlog1:discardsSpuriousByteOrderMark_withlog1:wrongMetaCharsetFallback_withlog1:shouldNotThrowExceptionOnEmptyCharset_withlog1:testCharset_withlog1:shouldCorrectCharsetForDuplicateCharsetString_withlog1:generatesMimeBoundaries_withlog2:shouldReturnNullForIllegalCharsetNames_withlog2:testQuotedCharset_withlog2:shouldSelectFirstCharsetOnWeirdMultileCharsetsInMetaTags_withlog2:discardsSpuriousByteOrderMarkWhenNoCharsetSet_withlog2:discardsSpuriousByteOrderMark_withlog2:wrongMetaCharsetFallback_withlog2:shouldNotThrowExceptionOnEmptyCharset_withlog2:testCharset_withlog2:shouldCorrectCharsetForDuplicateCharsetString_withlog2
File saved to the following path: /tmp/Ex2Amplifier-experiments/dataset/may-2018/jsoup/835/target/dspot/observations.ser
File saved to the following path: /tmp/Ex2Amplifier-experiments/dataset/may-2018/jsoup/835/target/dspot/TestListener.ser
[111537] INFO EntryPoint - Test has been run: discardsSpuriousByteOrderMarkWhenNoCharsetSet_withlog0,discardsSpuriousByteOrderMarkWhenNoCharsetSet_withlog1,discardsSpuriousByteOrderMarkWhenNoCharsetSet_withlog2,shouldSelectFirstCharsetOnWeirdMultileCharsetsInMetaTags_withlog0,shouldSelectFirstCharsetOnWeirdMultileCharsetsInMetaTags_withlog1,shouldSelectFirstCharsetOnWeirdMultileCharsetsInMetaTags_withlog2,discardsSpuriousByteOrderMark_withlog0,discardsSpuriousByteOrderMark_withlog1,discardsSpuriousByteOrderMark_withlog2,shouldCorrectCharsetForDuplicateCharsetString_withlog0,shouldCorrectCharsetForDuplicateCharsetString_withlog1,shouldCorrectCharsetForDuplicateCharsetString_withlog2,generatesMimeBoundaries_withlog0,generatesMimeBoundaries_withlog1,generatesMimeBoundaries_withlog2,wrongMetaCharsetFallback_withlog0,wrongMetaCharsetFallback_withlog1,wrongMetaCharsetFallback_withlog2,testQuotedCharset_withlog0(org.jsoup.helper.DataUtilTest): null,testQuotedCharset_withlog1(org.jsoup.helper.DataUtilTest): null,testQuotedCharset_withlog2(org.jsoup.helper.DataUtilTest): null,testCharset_withlog0(org.jsoup.helper.DataUtilTest): null,testCharset_withlog1(org.jsoup.helper.DataUtilTest): null,testCharset_withlog2(org.jsoup.helper.DataUtilTest): null,shouldReturnNullForIllegalCharsetNames_withlog0(org.jsoup.helper.DataUtilTest): null,shouldReturnNullForIllegalCharsetNames_withlog1(org.jsoup.helper.DataUtilTest): null,shouldReturnNullForIllegalCharsetNames_withlog2(org.jsoup.helper.DataUtilTest): null,shouldNotThrowExceptionOnEmptyCharset_withlog0(org.jsoup.helper.DataUtilTest): null,shouldNotThrowExceptionOnEmptyCharset_withlog1(org.jsoup.helper.DataUtilTest): null,shouldNotThrowExceptionOnEmptyCharset_withlog2(org.jsoup.helper.DataUtilTest): null
[111554] INFO MethodsAssertGenerator - Generating assertions...
[111599] INFO AssertGenerator - 8 new tests with assertions generated
[111716] INFO EntryPoint - Run: java -cp /tmp/Ex2Amplifier-experiments/dataset/may-2018/jsoup/835/target/test-classes:/tmp/Ex2Amplifier-experiments/dataset/may-2018/jsoup/835/target/classes:/home/spirals/danglot/.m2/repository/junit/junit/4.12/junit-4.12.jar:/home/spirals/danglot/.m2/repository/org/hamcrest/hamcrest-core/1.3/hamcrest-core-1.3.jar:/home/spirals/danglot/.m2/repository/com/google/code/gson/gson/2.7/gson-2.7.jar:/tmp/Ex2Amplifier-experiments/target/dspot/dependencies:/home/spirals/danglot/.m2/repository/eu/stamp-project/test-runner/1.0.8/test-runner-1.0.8-jar-with-dependencies.jar eu.stamp_project.testrunner.runner.test.TestRunner org.jsoup.helper.DataUtilTest generatesMimeBoundaries:testQuotedCharset:shouldSelectFirstCharsetOnWeirdMultileCharsetsInMetaTags:discardsSpuriousByteOrderMarkWhenNoCharsetSet:discardsSpuriousByteOrderMark:wrongMetaCharsetFallback:testCharset:shouldCorrectCharsetForDuplicateCharsetString
File saved to the following path: /tmp/Ex2Amplifier-experiments/dataset/may-2018/jsoup/835/target/dspot/TestListener.ser
[112572] INFO EntryPoint - Test has been run: generatesMimeBoundaries,discardsSpuriousByteOrderMarkWhenNoCharsetSet,discardsSpuriousByteOrderMark,shouldCorrectCharsetForDuplicateCharsetString,testCharset,testQuotedCharset,wrongMetaCharsetFallback,shouldSelectFirstCharsetOnWeirdMultileCharsetsInMetaTags
[112818] DEBUG Launcher - building sources: [/tmp/Ex2Amplifier-experiments/target/dspot/tmp_test_sources/org/jsoup/helper/DataUtilTest.java]
[112819] DEBUG Launcher - build args: [-encoding, UTF-8, -cp, /home/spirals/danglot/.m2/repository/junit/junit/4.12/junit-4.12.jar:/home/spirals/danglot/.m2/repository/org/hamcrest/hamcrest-core/1.3/hamcrest-core-1.3.jar:/home/spirals/danglot/.m2/repository/com/google/code/gson/gson/2.7/gson-2.7.jar:target/dspot/dependencies/:dataset/may-2018/jsoup/835//target/classes:dataset/may-2018/jsoup/835//target/test-classes:, -1.8, -preserveAllLocals, -noExit, -enableJavadoc, /tmp/Ex2Amplifier-experiments/target/dspot/tmp_test_sources/org/jsoup/helper/DataUtilTest.java]
[112938] DEBUG Launcher - built in 120 ms
[112938] DEBUG Launcher - building templates: []
[112938] DEBUG Launcher - built in 0 ms
[112939] DEBUG Launcher - model built in 121
[112940] DEBUG Launcher - compiling sources: [/tmp/Ex2Amplifier-experiments/target/dspot/tmp_test_sources/org/jsoup/helper/DataUtilTest.java]
[112944] DEBUG Launcher - compile args: [-encoding, UTF-8, -cp, /home/spirals/danglot/.m2/repository/junit/junit/4.12/junit-4.12.jar:/home/spirals/danglot/.m2/repository/org/hamcrest/hamcrest-core/1.3/hamcrest-core-1.3.jar:/home/spirals/danglot/.m2/repository/com/google/code/gson/gson/2.7/gson-2.7.jar:target/dspot/dependencies/:dataset/may-2018/jsoup/835//target/classes:dataset/may-2018/jsoup/835//target/test-classes:, -d, /tmp/Ex2Amplifier-experiments/dataset/may-2018/jsoup/835_modified/target/test-classes, -1.8, -proc:none, -preserveAllLocals, -noExit, -enableJavadoc, /tmp/Ex2Amplifier-experiments/target/dspot/tmp_test_sources/org/jsoup/helper/DataUtilTest.java]
[113060] DEBUG Launcher - compiled in 120 ms
[113063] INFO EntryPoint - Run: java -cp /home/spirals/danglot/.m2/repository/junit/junit/4.12/junit-4.12.jar:/home/spirals/danglot/.m2/repository/org/hamcrest/hamcrest-core/1.3/hamcrest-core-1.3.jar:/home/spirals/danglot/.m2/repository/com/google/code/gson/gson/2.7/gson-2.7.jar:target/dspot/dependencies/:/tmp/Ex2Amplifier-experiments/dataset/may-2018/jsoup/835_modified/target/classes:/tmp/Ex2Amplifier-experiments/dataset/may-2018/jsoup/835_modified/target/test-classes:/home/spirals/danglot/.m2/repository/eu/stamp-project/test-runner/1.0.8/test-runner-1.0.8-jar-with-dependencies.jar eu.stamp_project.testrunner.runner.test.TestRunner org.jsoup.helper.DataUtilTest generatesMimeBoundaries:testQuotedCharset:shouldSelectFirstCharsetOnWeirdMultileCharsetsInMetaTags:discardsSpuriousByteOrderMarkWhenNoCharsetSet:discardsSpuriousByteOrderMark:wrongMetaCharsetFallback:testCharset:shouldCorrectCharsetForDuplicateCharsetString
File saved to the following path: /tmp/Ex2Amplifier-experiments/dataset/may-2018/jsoup/835/target/dspot/TestListener.ser
[113961] INFO EntryPoint - Test has been run: generatesMimeBoundaries,discardsSpuriousByteOrderMarkWhenNoCharsetSet,discardsSpuriousByteOrderMark,shouldCorrectCharsetForDuplicateCharsetString,testCharset,testQuotedCharset,wrongMetaCharsetFallback,shouldSelectFirstCharsetOnWeirdMultileCharsetsInMetaTags
[113962] INFO Amplification - 0 amplified test(s) has been selected, global: 0
[113963] INFO Amplification - amp generatesMimeBoundaries (1/10)
[113975] DEBUG Launcher - printing org.jsoup.helper.DataUtilTest to /tmp/Ex2Amplifier-experiments/target/dspot/tmp_test_sources
[114076] INFO EntryPoint - Run: java -cp /tmp/Ex2Amplifier-experiments/dataset/may-2018/jsoup/835/target/test-classes:/tmp/Ex2Amplifier-experiments/dataset/may-2018/jsoup/835/target/classes:/home/spirals/danglot/.m2/repository/junit/junit/4.12/junit-4.12.jar:/home/spirals/danglot/.m2/repository/org/hamcrest/hamcrest-core/1.3/hamcrest-core-1.3.jar:/home/spirals/danglot/.m2/repository/com/google/code/gson/gson/2.7/gson-2.7.jar:/tmp/Ex2Amplifier-experiments/target/dspot/dependencies:/home/spirals/danglot/.m2/repository/eu/stamp-project/test-runner/1.0.8/test-runner-1.0.8-jar-with-dependencies.jar eu.stamp_project.testrunner.runner.test.TestRunner org.jsoup.helper.DataUtilTest generatesMimeBoundaries
File saved to the following path: /tmp/Ex2Amplifier-experiments/dataset/may-2018/jsoup/835/target/dspot/TestListener.ser
[114776] INFO EntryPoint - Test has been run: generatesMimeBoundaries
[114776] INFO Amplification - iteration 0:
[114777] INFO Amplification - 1 tests selected to be amplified over 1 available tests
100% |================================================== ]/
[114785] INFO Amplification - 0 amplified test(s) has been selected, global: 0
[114785] INFO Amplification - amp shouldReturnNullForIllegalCharsetNames (2/10)
[114799] DEBUG Launcher - printing org.jsoup.helper.DataUtilTest to /tmp/Ex2Amplifier-experiments/target/dspot/tmp_test_sources
[114902] INFO EntryPoint - Run: java -cp /tmp/Ex2Amplifier-experiments/dataset/may-2018/jsoup/835/target/test-classes:/tmp/Ex2Amplifier-experiments/dataset/may-2018/jsoup/835/target/classes:/home/spirals/danglot/.m2/repository/junit/junit/4.12/junit-4.12.jar:/home/spirals/danglot/.m2/repository/org/hamcrest/hamcrest-core/1.3/hamcrest-core-1.3.jar:/home/spirals/danglot/.m2/repository/com/google/code/gson/gson/2.7/gson-2.7.jar:/tmp/Ex2Amplifier-experiments/target/dspot/dependencies:/home/spirals/danglot/.m2/repository/eu/stamp-project/test-runner/1.0.8/test-runner-1.0.8-jar-with-dependencies.jar eu.stamp_project.testrunner.runner.test.TestRunner org.jsoup.helper.DataUtilTest shouldReturnNullForIllegalCharsetNames
File saved to the following path: /tmp/Ex2Amplifier-experiments/dataset/may-2018/jsoup/835/target/dspot/TestListener.ser
[115633] INFO EntryPoint - Test has been run: shouldReturnNullForIllegalCharsetNames
[115634] INFO Amplification - iteration 0:
[115634] INFO Amplification - 1 tests selected to be amplified over 1 available tests
100% |================================================== ]/
[115663] DEBUG Launcher - printing org.jsoup.helper.DataUtilTest to /tmp/Ex2Amplifier-experiments/target/dspot/tmp_test_sources
[115712] DEBUG Launcher - building sources: [/tmp/Ex2Amplifier-experiments/target/dspot/tmp_test_sources/org/jsoup/helper/DataUtilTest.java]
[115713] DEBUG Launcher - build args: [-encoding, UTF-8, -cp, /home/spirals/danglot/.m2/repository/junit/junit/4.12/junit-4.12.jar:/home/spirals/danglot/.m2/repository/org/hamcrest/hamcrest-core/1.3/hamcrest-core-1.3.jar:/home/spirals/danglot/.m2/repository/com/google/code/gson/gson/2.7/gson-2.7.jar:/tmp/Ex2Amplifier-experiments/dataset/may-2018/jsoup/835/target/classes:/tmp/Ex2Amplifier-experiments/target/dspot/dependencies:/tmp/Ex2Amplifier-experiments/dataset/may-2018/jsoup/835/target/test-classes:lib/catg-dev.jar:, -1.8, -preserveAllLocals, -noExit, -enableJavadoc, /tmp/Ex2Amplifier-experiments/target/dspot/tmp_test_sources/org/jsoup/helper/DataUtilTest.java]
[115807] DEBUG Launcher - built in 95 ms
[115807] DEBUG Launcher - building templates: []
[115807] DEBUG Launcher - built in 0 ms
[115808] DEBUG Launcher - model built in 96
[115808] DEBUG Launcher - compiling sources: [/tmp/Ex2Amplifier-experiments/target/dspot/tmp_test_sources/org/jsoup/helper/DataUtilTest.java]
[115809] DEBUG Launcher - compile args: [-encoding, UTF-8, -cp, /home/spirals/danglot/.m2/repository/junit/junit/4.12/junit-4.12.jar:/home/spirals/danglot/.m2/repository/org/hamcrest/hamcrest-core/1.3/hamcrest-core-1.3.jar:/home/spirals/danglot/.m2/repository/com/google/code/gson/gson/2.7/gson-2.7.jar:/tmp/Ex2Amplifier-experiments/dataset/may-2018/jsoup/835/target/classes:/tmp/Ex2Amplifier-experiments/target/dspot/dependencies:/tmp/Ex2Amplifier-experiments/dataset/may-2018/jsoup/835/target/test-classes:lib/catg-dev.jar:, -d, /tmp/Ex2Amplifier-experiments/dataset/may-2018/jsoup/835/target/test-classes, -1.8, -proc:none, -preserveAllLocals, -noExit, -enableJavadoc, /tmp/Ex2Amplifier-experiments/target/dspot/tmp_test_sources/org/jsoup/helper/DataUtilTest.java]
[115965] DEBUG Launcher - compiled in 157 ms
[115973] INFO CATGExecutor - Running CATG: java -Xmx4096M -Xms2048M -Djanala.loggerClass=janala.logger.DirectConcolicExecution -Djanala.conf=/tmp/Ex2Amplifier-experiments/lib/catg.conf  -javaagent:/tmp/Ex2Amplifier-experiments/lib/catg-dev.jar  -cp /home/spirals/danglot/.m2/repository/junit/junit/4.12/junit-4.12.jar:/home/spirals/danglot/.m2/repository/org/hamcrest/hamcrest-core/1.3/hamcrest-core-1.3.jar:/home/spirals/danglot/.m2/repository/com/google/code/gson/gson/2.7/gson-2.7.jar:/tmp/Ex2Amplifier-experiments/dataset/may-2018/jsoup/835/target/classes:/tmp/Ex2Amplifier-experiments/target/dspot/dependencies:/tmp/Ex2Amplifier-experiments/dataset/may-2018/jsoup/835/target/test-classes:lib/catg-dev.jar:/tmp/Ex2Amplifier-experiments/lib/catg-dev.jar:/tmp/Ex2Amplifier-experiments/lib/asm-all-5.0.4.jar:/tmp/Ex2Amplifier-experiments/lib/automaton-1.11-8.jar -ea org.jsoup.helper.DataUtilTest
WARNING: 
Error: inputs (No such file or directory)
Exception in thread "main" java.lang.NullPointerException
	at janala.interpreters.ConcolicInterpreter.visitGETVALUE_Object(ConcolicInterpreter.java:656)
	at janala.logger.inst.GETVALUE_Object.visit(GETVALUE_Object.java:16)
	at janala.logger.DirectConcolicExecution.log(DirectConcolicExecution.java:58)
	at janala.logger.AbstractLogger.INVOKEMETHOD_EXCEPTION(AbstractLogger.java:694)
	at janala.logger.DJVM.INVOKEMETHOD_EXCEPTION(DJVM.java:700)
	at org.jsoup.helper.DataUtilTest.main(DataUtilTest.java:107)
Exception in thread "Thread-1" java.lang.NullPointerException
	at janala.interpreters.ConcolicInterpreter.visitGETVALUE_Object(ConcolicInterpreter.java:656)
	at janala.logger.inst.GETVALUE_Object.visit(GETVALUE_Object.java:16)
	at janala.logger.DirectConcolicExecution.log(DirectConcolicExecution.java:58)
	at janala.logger.DirectConcolicExecution.finish(DirectConcolicExecution.java:46)
	at janala.logger.DirectConcolicExecution$Finisher.run(DirectConcolicExecution.java:41)
[116728] INFO Amplification - 0 amplified test(s) has been selected, global: 0
[116728] INFO Amplification - amp testQuotedCharset (3/10)
[116739] DEBUG Launcher - printing org.jsoup.helper.DataUtilTest to /tmp/Ex2Amplifier-experiments/target/dspot/tmp_test_sources
[116839] INFO EntryPoint - Run: java -cp /tmp/Ex2Amplifier-experiments/dataset/may-2018/jsoup/835/target/test-classes:/tmp/Ex2Amplifier-experiments/dataset/may-2018/jsoup/835/target/classes:/home/spirals/danglot/.m2/repository/junit/junit/4.12/junit-4.12.jar:/home/spirals/danglot/.m2/repository/org/hamcrest/hamcrest-core/1.3/hamcrest-core-1.3.jar:/home/spirals/danglot/.m2/repository/com/google/code/gson/gson/2.7/gson-2.7.jar:/tmp/Ex2Amplifier-experiments/target/dspot/dependencies:/home/spirals/danglot/.m2/repository/eu/stamp-project/test-runner/1.0.8/test-runner-1.0.8-jar-with-dependencies.jar eu.stamp_project.testrunner.runner.test.TestRunner org.jsoup.helper.DataUtilTest testQuotedCharset
File saved to the following path: /tmp/Ex2Amplifier-experiments/dataset/may-2018/jsoup/835/target/dspot/TestListener.ser
[117557] INFO EntryPoint - Test has been run: testQuotedCharset
[117557] INFO Amplification - iteration 0:
[117557] INFO Amplification - 1 tests selected to be amplified over 1 available tests
100% |================================================== ]/
[117573] DEBUG Launcher - printing org.jsoup.helper.DataUtilTest to /tmp/Ex2Amplifier-experiments/target/dspot/tmp_test_sources
[117620] DEBUG Launcher - building sources: [/tmp/Ex2Amplifier-experiments/target/dspot/tmp_test_sources/org/jsoup/helper/DataUtilTest.java]
[117620] DEBUG Launcher - build args: [-encoding, UTF-8, -cp, /home/spirals/danglot/.m2/repository/junit/junit/4.12/junit-4.12.jar:/home/spirals/danglot/.m2/repository/org/hamcrest/hamcrest-core/1.3/hamcrest-core-1.3.jar:/home/spirals/danglot/.m2/repository/com/google/code/gson/gson/2.7/gson-2.7.jar:/tmp/Ex2Amplifier-experiments/dataset/may-2018/jsoup/835/target/classes:/tmp/Ex2Amplifier-experiments/target/dspot/dependencies:/tmp/Ex2Amplifier-experiments/dataset/may-2018/jsoup/835/target/test-classes:lib/catg-dev.jar:, -1.8, -preserveAllLocals, -noExit, -enableJavadoc, /tmp/Ex2Amplifier-experiments/target/dspot/tmp_test_sources/org/jsoup/helper/DataUtilTest.java]
[117713] DEBUG Launcher - built in 93 ms
[117714] DEBUG Launcher - building templates: []
[117714] DEBUG Launcher - built in 0 ms
[117715] DEBUG Launcher - model built in 95
[117715] DEBUG Launcher - compiling sources: [/tmp/Ex2Amplifier-experiments/target/dspot/tmp_test_sources/org/jsoup/helper/DataUtilTest.java]
[117716] DEBUG Launcher - compile args: [-encoding, UTF-8, -cp, /home/spirals/danglot/.m2/repository/junit/junit/4.12/junit-4.12.jar:/home/spirals/danglot/.m2/repository/org/hamcrest/hamcrest-core/1.3/hamcrest-core-1.3.jar:/home/spirals/danglot/.m2/repository/com/google/code/gson/gson/2.7/gson-2.7.jar:/tmp/Ex2Amplifier-experiments/dataset/may-2018/jsoup/835/target/classes:/tmp/Ex2Amplifier-experiments/target/dspot/dependencies:/tmp/Ex2Amplifier-experiments/dataset/may-2018/jsoup/835/target/test-classes:lib/catg-dev.jar:, -d, /tmp/Ex2Amplifier-experiments/dataset/may-2018/jsoup/835/target/test-classes, -1.8, -proc:none, -preserveAllLocals, -noExit, -enableJavadoc, /tmp/Ex2Amplifier-experiments/target/dspot/tmp_test_sources/org/jsoup/helper/DataUtilTest.java]
[117856] DEBUG Launcher - compiled in 141 ms
[117858] INFO CATGExecutor - Running CATG: java -Xmx4096M -Xms2048M -Djanala.loggerClass=janala.logger.DirectConcolicExecution -Djanala.conf=/tmp/Ex2Amplifier-experiments/lib/catg.conf  -javaagent:/tmp/Ex2Amplifier-experiments/lib/catg-dev.jar  -cp /home/spirals/danglot/.m2/repository/junit/junit/4.12/junit-4.12.jar:/home/spirals/danglot/.m2/repository/org/hamcrest/hamcrest-core/1.3/hamcrest-core-1.3.jar:/home/spirals/danglot/.m2/repository/com/google/code/gson/gson/2.7/gson-2.7.jar:/tmp/Ex2Amplifier-experiments/dataset/may-2018/jsoup/835/target/classes:/tmp/Ex2Amplifier-experiments/target/dspot/dependencies:/tmp/Ex2Amplifier-experiments/dataset/may-2018/jsoup/835/target/test-classes:lib/catg-dev.jar:/tmp/Ex2Amplifier-experiments/lib/catg-dev.jar:/tmp/Ex2Amplifier-experiments/lib/asm-all-5.0.4.jar:/tmp/Ex2Amplifier-experiments/lib/automaton-1.11-8.jar -ea org.jsoup.helper.DataUtilTest
WARNING: 
Error: inputs (No such file or directory)
Exception in thread "main" java.lang.NullPointerException
	at janala.interpreters.ConcolicInterpreter.visitGETVALUE_Object(ConcolicInterpreter.java:656)
	at janala.logger.inst.GETVALUE_Object.visit(GETVALUE_Object.java:16)
	at janala.logger.DirectConcolicExecution.log(DirectConcolicExecution.java:58)
	at janala.logger.AbstractLogger.INVOKEMETHOD_EXCEPTION(AbstractLogger.java:694)
	at janala.logger.DJVM.INVOKEMETHOD_EXCEPTION(DJVM.java:700)
	at org.jsoup.helper.DataUtilTest.main(DataUtilTest.java:111)
Exception in thread "Thread-1" java.lang.NullPointerException
	at janala.interpreters.ConcolicInterpreter.visitGETVALUE_Object(ConcolicInterpreter.java:656)
	at janala.logger.inst.GETVALUE_Object.visit(GETVALUE_Object.java:16)
	at janala.logger.DirectConcolicExecution.log(DirectConcolicExecution.java:58)
	at janala.logger.DirectConcolicExecution.finish(DirectConcolicExecution.java:46)
	at janala.logger.DirectConcolicExecution$Finisher.run(DirectConcolicExecution.java:41)
[118588] INFO Amplification - 0 amplified test(s) has been selected, global: 0
[118588] INFO Amplification - amp shouldSelectFirstCharsetOnWeirdMultileCharsetsInMetaTags (4/10)
[118599] DEBUG Launcher - printing org.jsoup.helper.DataUtilTest to /tmp/Ex2Amplifier-experiments/target/dspot/tmp_test_sources
[118697] INFO EntryPoint - Run: java -cp /tmp/Ex2Amplifier-experiments/dataset/may-2018/jsoup/835/target/test-classes:/tmp/Ex2Amplifier-experiments/dataset/may-2018/jsoup/835/target/classes:/home/spirals/danglot/.m2/repository/junit/junit/4.12/junit-4.12.jar:/home/spirals/danglot/.m2/repository/org/hamcrest/hamcrest-core/1.3/hamcrest-core-1.3.jar:/home/spirals/danglot/.m2/repository/com/google/code/gson/gson/2.7/gson-2.7.jar:/tmp/Ex2Amplifier-experiments/target/dspot/dependencies:/home/spirals/danglot/.m2/repository/eu/stamp-project/test-runner/1.0.8/test-runner-1.0.8-jar-with-dependencies.jar eu.stamp_project.testrunner.runner.test.TestRunner org.jsoup.helper.DataUtilTest shouldSelectFirstCharsetOnWeirdMultileCharsetsInMetaTags
File saved to the following path: /tmp/Ex2Amplifier-experiments/dataset/may-2018/jsoup/835/target/dspot/TestListener.ser
[119435] INFO EntryPoint - Test has been run: shouldSelectFirstCharsetOnWeirdMultileCharsetsInMetaTags
[119435] INFO Amplification - iteration 0:
[119435] INFO Amplification - 1 tests selected to be amplified over 1 available tests
100% |================================================== ]/
[119441] DEBUG Launcher - printing org.jsoup.helper.DataUtilTest to /tmp/Ex2Amplifier-experiments/target/dspot/tmp_test_sources
[119467] DEBUG Launcher - building sources: [/tmp/Ex2Amplifier-experiments/target/dspot/tmp_test_sources/org/jsoup/helper/DataUtilTest.java]
[119468] DEBUG Launcher - build args: [-encoding, UTF-8, -cp, /home/spirals/danglot/.m2/repository/junit/junit/4.12/junit-4.12.jar:/home/spirals/danglot/.m2/repository/org/hamcrest/hamcrest-core/1.3/hamcrest-core-1.3.jar:/home/spirals/danglot/.m2/repository/com/google/code/gson/gson/2.7/gson-2.7.jar:/tmp/Ex2Amplifier-experiments/dataset/may-2018/jsoup/835/target/classes:/tmp/Ex2Amplifier-experiments/target/dspot/dependencies:/tmp/Ex2Amplifier-experiments/dataset/may-2018/jsoup/835/target/test-classes:lib/catg-dev.jar:, -1.8, -preserveAllLocals, -noExit, -enableJavadoc, /tmp/Ex2Amplifier-experiments/target/dspot/tmp_test_sources/org/jsoup/helper/DataUtilTest.java]
[119524] DEBUG Launcher - built in 57 ms
[119524] DEBUG Launcher - building templates: []
[119524] DEBUG Launcher - built in 0 ms
[119524] DEBUG Launcher - model built in 57
[119524] DEBUG Launcher - compiling sources: [/tmp/Ex2Amplifier-experiments/target/dspot/tmp_test_sources/org/jsoup/helper/DataUtilTest.java]
[119525] DEBUG Launcher - compile args: [-encoding, UTF-8, -cp, /home/spirals/danglot/.m2/repository/junit/junit/4.12/junit-4.12.jar:/home/spirals/danglot/.m2/repository/org/hamcrest/hamcrest-core/1.3/hamcrest-core-1.3.jar:/home/spirals/danglot/.m2/repository/com/google/code/gson/gson/2.7/gson-2.7.jar:/tmp/Ex2Amplifier-experiments/dataset/may-2018/jsoup/835/target/classes:/tmp/Ex2Amplifier-experiments/target/dspot/dependencies:/tmp/Ex2Amplifier-experiments/dataset/may-2018/jsoup/835/target/test-classes:lib/catg-dev.jar:, -d, /tmp/Ex2Amplifier-experiments/dataset/may-2018/jsoup/835/target/test-classes, -1.8, -proc:none, -preserveAllLocals, -noExit, -enableJavadoc, /tmp/Ex2Amplifier-experiments/target/dspot/tmp_test_sources/org/jsoup/helper/DataUtilTest.java]
[119605] DEBUG Launcher - compiled in 80 ms
[119606] INFO CATGExecutor - Running CATG: java -Xmx4096M -Xms2048M -Djanala.loggerClass=janala.logger.DirectConcolicExecution -Djanala.conf=/tmp/Ex2Amplifier-experiments/lib/catg.conf  -javaagent:/tmp/Ex2Amplifier-experiments/lib/catg-dev.jar  -cp /home/spirals/danglot/.m2/repository/junit/junit/4.12/junit-4.12.jar:/home/spirals/danglot/.m2/repository/org/hamcrest/hamcrest-core/1.3/hamcrest-core-1.3.jar:/home/spirals/danglot/.m2/repository/com/google/code/gson/gson/2.7/gson-2.7.jar:/tmp/Ex2Amplifier-experiments/dataset/may-2018/jsoup/835/target/classes:/tmp/Ex2Amplifier-experiments/target/dspot/dependencies:/tmp/Ex2Amplifier-experiments/dataset/may-2018/jsoup/835/target/test-classes:lib/catg-dev.jar:/tmp/Ex2Amplifier-experiments/lib/catg-dev.jar:/tmp/Ex2Amplifier-experiments/lib/asm-all-5.0.4.jar:/tmp/Ex2Amplifier-experiments/lib/automaton-1.11-8.jar -ea org.jsoup.helper.DataUtilTest
WARNING: 
Error: inputs (No such file or directory)
Exception in thread "main" java.lang.NullPointerException
	at janala.interpreters.ConcolicInterpreter.visitGETVALUE_Object(ConcolicInterpreter.java:656)
	at janala.logger.inst.GETVALUE_Object.visit(GETVALUE_Object.java:16)
	at janala.logger.DirectConcolicExecution.log(DirectConcolicExecution.java:58)
	at janala.logger.AbstractLogger.INVOKEMETHOD_EXCEPTION(AbstractLogger.java:694)
	at janala.logger.DJVM.INVOKEMETHOD_EXCEPTION(DJVM.java:700)
	at org.jsoup.helper.DataUtilTest.main(DataUtilTest.java:107)
Exception in thread "Thread-1" java.lang.NullPointerException
	at janala.interpreters.ConcolicInterpreter.visitGETVALUE_Object(ConcolicInterpreter.java:656)
	at janala.logger.inst.GETVALUE_Object.visit(GETVALUE_Object.java:16)
	at janala.logger.DirectConcolicExecution.log(DirectConcolicExecution.java:58)
	at janala.logger.DirectConcolicExecution.finish(DirectConcolicExecution.java:46)
	at janala.logger.DirectConcolicExecution$Finisher.run(DirectConcolicExecution.java:41)
[120112] INFO Amplification - 0 amplified test(s) has been selected, global: 0
[120112] INFO Amplification - amp discardsSpuriousByteOrderMarkWhenNoCharsetSet (5/10)
[120120] DEBUG Launcher - printing org.jsoup.helper.DataUtilTest to /tmp/Ex2Amplifier-experiments/target/dspot/tmp_test_sources
[120183] INFO EntryPoint - Run: java -cp /tmp/Ex2Amplifier-experiments/dataset/may-2018/jsoup/835/target/test-classes:/tmp/Ex2Amplifier-experiments/dataset/may-2018/jsoup/835/target/classes:/home/spirals/danglot/.m2/repository/junit/junit/4.12/junit-4.12.jar:/home/spirals/danglot/.m2/repository/org/hamcrest/hamcrest-core/1.3/hamcrest-core-1.3.jar:/home/spirals/danglot/.m2/repository/com/google/code/gson/gson/2.7/gson-2.7.jar:/tmp/Ex2Amplifier-experiments/target/dspot/dependencies:/home/spirals/danglot/.m2/repository/eu/stamp-project/test-runner/1.0.8/test-runner-1.0.8-jar-with-dependencies.jar eu.stamp_project.testrunner.runner.test.TestRunner org.jsoup.helper.DataUtilTest discardsSpuriousByteOrderMarkWhenNoCharsetSet
File saved to the following path: /tmp/Ex2Amplifier-experiments/dataset/may-2018/jsoup/835/target/dspot/TestListener.ser
[120846] INFO EntryPoint - Test has been run: discardsSpuriousByteOrderMarkWhenNoCharsetSet
[120846] INFO Amplification - iteration 0:
[120846] INFO Amplification - 1 tests selected to be amplified over 1 available tests
100% |================================================== ]/
[120876] DEBUG Launcher - printing org.jsoup.helper.DataUtilTest to /tmp/Ex2Amplifier-experiments/target/dspot/tmp_test_sources
[120909] DEBUG Launcher - building sources: [/tmp/Ex2Amplifier-experiments/target/dspot/tmp_test_sources/org/jsoup/helper/DataUtilTest.java]
[120910] DEBUG Launcher - build args: [-encoding, UTF-8, -cp, /home/spirals/danglot/.m2/repository/junit/junit/4.12/junit-4.12.jar:/home/spirals/danglot/.m2/repository/org/hamcrest/hamcrest-core/1.3/hamcrest-core-1.3.jar:/home/spirals/danglot/.m2/repository/com/google/code/gson/gson/2.7/gson-2.7.jar:/tmp/Ex2Amplifier-experiments/dataset/may-2018/jsoup/835/target/classes:/tmp/Ex2Amplifier-experiments/target/dspot/dependencies:/tmp/Ex2Amplifier-experiments/dataset/may-2018/jsoup/835/target/test-classes:lib/catg-dev.jar:, -1.8, -preserveAllLocals, -noExit, -enableJavadoc, /tmp/Ex2Amplifier-experiments/target/dspot/tmp_test_sources/org/jsoup/helper/DataUtilTest.java]
[120993] DEBUG Launcher - built in 84 ms
[120993] DEBUG Launcher - building templates: []
[120993] DEBUG Launcher - built in 0 ms
[120994] DEBUG Launcher - model built in 85
[120994] DEBUG Launcher - compiling sources: [/tmp/Ex2Amplifier-experiments/target/dspot/tmp_test_sources/org/jsoup/helper/DataUtilTest.java]
[120995] DEBUG Launcher - compile args: [-encoding, UTF-8, -cp, /home/spirals/danglot/.m2/repository/junit/junit/4.12/junit-4.12.jar:/home/spirals/danglot/.m2/repository/org/hamcrest/hamcrest-core/1.3/hamcrest-core-1.3.jar:/home/spirals/danglot/.m2/repository/com/google/code/gson/gson/2.7/gson-2.7.jar:/tmp/Ex2Amplifier-experiments/dataset/may-2018/jsoup/835/target/classes:/tmp/Ex2Amplifier-experiments/target/dspot/dependencies:/tmp/Ex2Amplifier-experiments/dataset/may-2018/jsoup/835/target/test-classes:lib/catg-dev.jar:, -d, /tmp/Ex2Amplifier-experiments/dataset/may-2018/jsoup/835/target/test-classes, -1.8, -proc:none, -preserveAllLocals, -noExit, -enableJavadoc, /tmp/Ex2Amplifier-experiments/target/dspot/tmp_test_sources/org/jsoup/helper/DataUtilTest.java]
[121122] DEBUG Launcher - compiled in 128 ms
[121124] INFO CATGExecutor - Running CATG: java -Xmx4096M -Xms2048M -Djanala.loggerClass=janala.logger.DirectConcolicExecution -Djanala.conf=/tmp/Ex2Amplifier-experiments/lib/catg.conf  -javaagent:/tmp/Ex2Amplifier-experiments/lib/catg-dev.jar  -cp /home/spirals/danglot/.m2/repository/junit/junit/4.12/junit-4.12.jar:/home/spirals/danglot/.m2/repository/org/hamcrest/hamcrest-core/1.3/hamcrest-core-1.3.jar:/home/spirals/danglot/.m2/repository/com/google/code/gson/gson/2.7/gson-2.7.jar:/tmp/Ex2Amplifier-experiments/dataset/may-2018/jsoup/835/target/classes:/tmp/Ex2Amplifier-experiments/target/dspot/dependencies:/tmp/Ex2Amplifier-experiments/dataset/may-2018/jsoup/835/target/test-classes:lib/catg-dev.jar:/tmp/Ex2Amplifier-experiments/lib/catg-dev.jar:/tmp/Ex2Amplifier-experiments/lib/asm-all-5.0.4.jar:/tmp/Ex2Amplifier-experiments/lib/automaton-1.11-8.jar -ea org.jsoup.helper.DataUtilTest
WARNING: 
Error: inputs (No such file or directory)
java.lang.ArrayIndexOutOfBoundsException: 9
	at janala.interpreters.ObjectValue.setField(ObjectValue.java:104)
	at janala.interpreters.ConcolicInterpreter.visitPUTFIELD(ConcolicInterpreter.java:1395)
	at janala.logger.inst.PUTFIELD.visit(PUTFIELD.java:16)
	at janala.logger.DirectConcolicExecution.log(DirectConcolicExecution.java:58)
	at janala.logger.AbstractLogger.SPECIAL(AbstractLogger.java:706)
	at janala.logger.DJVM.SPECIAL(DJVM.java:708)
	at org.jsoup.parser.Token$StartTag.<init>(Token.java:219)
	at org.jsoup.parser.TreeBuilder.<init>(TreeBuilder.java:23)
	at org.jsoup.parser.HtmlTreeBuilder.<init>(HtmlTreeBuilder.java:46)
	at org.jsoup.parser.Parser.htmlParser(Parser.java:198)
	at org.jsoup.helper.DataUtilTest.main(DataUtilTest.java:111)
Exception in thread "main" java.lang.ArrayIndexOutOfBoundsException: -1
	at java.util.ArrayList.elementData(ArrayList.java:418)
	at java.util.ArrayList.remove(ArrayList.java:495)
	at janala.interpreters.Frame.pop(Frame.java:77)
	at janala.interpreters.ConcolicInterpreter.visitPUTFIELD(ConcolicInterpreter.java:1380)
	at janala.logger.inst.PUTFIELD.visit(PUTFIELD.java:16)
	at janala.logger.DirectConcolicExecution.log(DirectConcolicExecution.java:58)
	at janala.logger.AbstractLogger.INVOKEMETHOD_EXCEPTION(AbstractLogger.java:694)
	at janala.logger.DJVM.INVOKEMETHOD_EXCEPTION(DJVM.java:700)
	at org.jsoup.helper.DataUtilTest.main(DataUtilTest.java:111)
Exception in thread "Thread-1" java.lang.ArrayIndexOutOfBoundsException: -1
	at java.util.ArrayList.elementData(ArrayList.java:418)
	at java.util.ArrayList.remove(ArrayList.java:495)
	at janala.interpreters.Frame.pop(Frame.java:77)
	at janala.interpreters.ConcolicInterpreter.visitPUTFIELD(ConcolicInterpreter.java:1380)
	at janala.logger.inst.PUTFIELD.visit(PUTFIELD.java:16)
	at janala.logger.DirectConcolicExecution.log(DirectConcolicExecution.java:58)
	at janala.logger.DirectConcolicExecution.finish(DirectConcolicExecution.java:46)
	at janala.logger.DirectConcolicExecution$Finisher.run(DirectConcolicExecution.java:41)
[122163] INFO Amplification - 0 amplified test(s) has been selected, global: 0
[122163] INFO Amplification - amp discardsSpuriousByteOrderMark (6/10)
[122174] DEBUG Launcher - printing org.jsoup.helper.DataUtilTest to /tmp/Ex2Amplifier-experiments/target/dspot/tmp_test_sources
[122271] INFO EntryPoint - Run: java -cp /tmp/Ex2Amplifier-experiments/dataset/may-2018/jsoup/835/target/test-classes:/tmp/Ex2Amplifier-experiments/dataset/may-2018/jsoup/835/target/classes:/home/spirals/danglot/.m2/repository/junit/junit/4.12/junit-4.12.jar:/home/spirals/danglot/.m2/repository/org/hamcrest/hamcrest-core/1.3/hamcrest-core-1.3.jar:/home/spirals/danglot/.m2/repository/com/google/code/gson/gson/2.7/gson-2.7.jar:/tmp/Ex2Amplifier-experiments/target/dspot/dependencies:/home/spirals/danglot/.m2/repository/eu/stamp-project/test-runner/1.0.8/test-runner-1.0.8-jar-with-dependencies.jar eu.stamp_project.testrunner.runner.test.TestRunner org.jsoup.helper.DataUtilTest discardsSpuriousByteOrderMark
File saved to the following path: /tmp/Ex2Amplifier-experiments/dataset/may-2018/jsoup/835/target/dspot/TestListener.ser
[123145] INFO EntryPoint - Test has been run: discardsSpuriousByteOrderMark
[123145] INFO Amplification - iteration 0:
[123146] INFO Amplification - 1 tests selected to be amplified over 1 available tests
100% |================================================== ]/
[123182] DEBUG Launcher - printing org.jsoup.helper.DataUtilTest to /tmp/Ex2Amplifier-experiments/target/dspot/tmp_test_sources
[123224] DEBUG Launcher - building sources: [/tmp/Ex2Amplifier-experiments/target/dspot/tmp_test_sources/org/jsoup/helper/DataUtilTest.java]
[123225] DEBUG Launcher - build args: [-encoding, UTF-8, -cp, /home/spirals/danglot/.m2/repository/junit/junit/4.12/junit-4.12.jar:/home/spirals/danglot/.m2/repository/org/hamcrest/hamcrest-core/1.3/hamcrest-core-1.3.jar:/home/spirals/danglot/.m2/repository/com/google/code/gson/gson/2.7/gson-2.7.jar:/tmp/Ex2Amplifier-experiments/dataset/may-2018/jsoup/835/target/classes:/tmp/Ex2Amplifier-experiments/target/dspot/dependencies:/tmp/Ex2Amplifier-experiments/dataset/may-2018/jsoup/835/target/test-classes:lib/catg-dev.jar:, -1.8, -preserveAllLocals, -noExit, -enableJavadoc, /tmp/Ex2Amplifier-experiments/target/dspot/tmp_test_sources/org/jsoup/helper/DataUtilTest.java]
[123316] DEBUG Launcher - built in 92 ms
[123316] DEBUG Launcher - building templates: []
[123316] DEBUG Launcher - built in 0 ms
[123317] DEBUG Launcher - model built in 93
[123317] DEBUG Launcher - compiling sources: [/tmp/Ex2Amplifier-experiments/target/dspot/tmp_test_sources/org/jsoup/helper/DataUtilTest.java]
[123318] DEBUG Launcher - compile args: [-encoding, UTF-8, -cp, /home/spirals/danglot/.m2/repository/junit/junit/4.12/junit-4.12.jar:/home/spirals/danglot/.m2/repository/org/hamcrest/hamcrest-core/1.3/hamcrest-core-1.3.jar:/home/spirals/danglot/.m2/repository/com/google/code/gson/gson/2.7/gson-2.7.jar:/tmp/Ex2Amplifier-experiments/dataset/may-2018/jsoup/835/target/classes:/tmp/Ex2Amplifier-experiments/target/dspot/dependencies:/tmp/Ex2Amplifier-experiments/dataset/may-2018/jsoup/835/target/test-classes:lib/catg-dev.jar:, -d, /tmp/Ex2Amplifier-experiments/dataset/may-2018/jsoup/835/target/test-classes, -1.8, -proc:none, -preserveAllLocals, -noExit, -enableJavadoc, /tmp/Ex2Amplifier-experiments/target/dspot/tmp_test_sources/org/jsoup/helper/DataUtilTest.java]
[123444] DEBUG Launcher - compiled in 127 ms
[123446] INFO CATGExecutor - Running CATG: java -Xmx4096M -Xms2048M -Djanala.loggerClass=janala.logger.DirectConcolicExecution -Djanala.conf=/tmp/Ex2Amplifier-experiments/lib/catg.conf  -javaagent:/tmp/Ex2Amplifier-experiments/lib/catg-dev.jar  -cp /home/spirals/danglot/.m2/repository/junit/junit/4.12/junit-4.12.jar:/home/spirals/danglot/.m2/repository/org/hamcrest/hamcrest-core/1.3/hamcrest-core-1.3.jar:/home/spirals/danglot/.m2/repository/com/google/code/gson/gson/2.7/gson-2.7.jar:/tmp/Ex2Amplifier-experiments/dataset/may-2018/jsoup/835/target/classes:/tmp/Ex2Amplifier-experiments/target/dspot/dependencies:/tmp/Ex2Amplifier-experiments/dataset/may-2018/jsoup/835/target/test-classes:lib/catg-dev.jar:/tmp/Ex2Amplifier-experiments/lib/catg-dev.jar:/tmp/Ex2Amplifier-experiments/lib/asm-all-5.0.4.jar:/tmp/Ex2Amplifier-experiments/lib/automaton-1.11-8.jar -ea org.jsoup.helper.DataUtilTest
WARNING: 
Error: inputs (No such file or directory)
java.lang.ArrayIndexOutOfBoundsException: 9
	at janala.interpreters.ObjectValue.setField(ObjectValue.java:104)
	at janala.interpreters.ConcolicInterpreter.visitPUTFIELD(ConcolicInterpreter.java:1395)
	at janala.logger.inst.PUTFIELD.visit(PUTFIELD.java:16)
	at janala.logger.DirectConcolicExecution.log(DirectConcolicExecution.java:58)
	at janala.logger.AbstractLogger.SPECIAL(AbstractLogger.java:706)
	at janala.logger.DJVM.SPECIAL(DJVM.java:708)
	at org.jsoup.parser.Token$StartTag.<init>(Token.java:219)
	at org.jsoup.parser.TreeBuilder.<init>(TreeBuilder.java:23)
	at org.jsoup.parser.HtmlTreeBuilder.<init>(HtmlTreeBuilder.java:46)
	at org.jsoup.parser.Parser.htmlParser(Parser.java:198)
	at org.jsoup.helper.DataUtilTest.main(DataUtilTest.java:112)
Exception in thread "main" java.lang.ArrayIndexOutOfBoundsException: -1
	at java.util.ArrayList.elementData(ArrayList.java:418)
	at java.util.ArrayList.remove(ArrayList.java:495)
	at janala.interpreters.Frame.pop(Frame.java:77)
	at janala.interpreters.ConcolicInterpreter.visitPUTFIELD(ConcolicInterpreter.java:1380)
	at janala.logger.inst.PUTFIELD.visit(PUTFIELD.java:16)
	at janala.logger.DirectConcolicExecution.log(DirectConcolicExecution.java:58)
	at janala.logger.AbstractLogger.INVOKEMETHOD_EXCEPTION(AbstractLogger.java:694)
	at janala.logger.DJVM.INVOKEMETHOD_EXCEPTION(DJVM.java:700)
	at org.jsoup.helper.DataUtilTest.main(DataUtilTest.java:112)
Exception in thread "Thread-1" java.lang.ArrayIndexOutOfBoundsException: -1
	at java.util.ArrayList.elementData(ArrayList.java:418)
	at java.util.ArrayList.remove(ArrayList.java:495)
	at janala.interpreters.Frame.pop(Frame.java:77)
	at janala.interpreters.ConcolicInterpreter.visitPUTFIELD(ConcolicInterpreter.java:1380)
	at janala.logger.inst.PUTFIELD.visit(PUTFIELD.java:16)
	at janala.logger.DirectConcolicExecution.log(DirectConcolicExecution.java:58)
	at janala.logger.DirectConcolicExecution.finish(DirectConcolicExecution.java:46)
	at janala.logger.DirectConcolicExecution$Finisher.run(DirectConcolicExecution.java:41)
[124401] INFO Amplification - 0 amplified test(s) has been selected, global: 0
[124401] INFO Amplification - amp wrongMetaCharsetFallback (7/10)
[124411] DEBUG Launcher - printing org.jsoup.helper.DataUtilTest to /tmp/Ex2Amplifier-experiments/target/dspot/tmp_test_sources
[124504] INFO EntryPoint - Run: java -cp /tmp/Ex2Amplifier-experiments/dataset/may-2018/jsoup/835/target/test-classes:/tmp/Ex2Amplifier-experiments/dataset/may-2018/jsoup/835/target/classes:/home/spirals/danglot/.m2/repository/junit/junit/4.12/junit-4.12.jar:/home/spirals/danglot/.m2/repository/org/hamcrest/hamcrest-core/1.3/hamcrest-core-1.3.jar:/home/spirals/danglot/.m2/repository/com/google/code/gson/gson/2.7/gson-2.7.jar:/tmp/Ex2Amplifier-experiments/target/dspot/dependencies:/home/spirals/danglot/.m2/repository/eu/stamp-project/test-runner/1.0.8/test-runner-1.0.8-jar-with-dependencies.jar eu.stamp_project.testrunner.runner.test.TestRunner org.jsoup.helper.DataUtilTest wrongMetaCharsetFallback
File saved to the following path: /tmp/Ex2Amplifier-experiments/dataset/may-2018/jsoup/835/target/dspot/TestListener.ser
[125428] INFO EntryPoint - Test has been run: wrongMetaCharsetFallback
[125428] INFO Amplification - iteration 0:
[125428] INFO Amplification - 1 tests selected to be amplified over 1 available tests
100% |================================================== ]/
[125465] DEBUG Launcher - printing org.jsoup.helper.DataUtilTest to /tmp/Ex2Amplifier-experiments/target/dspot/tmp_test_sources
[125505] DEBUG Launcher - building sources: [/tmp/Ex2Amplifier-experiments/target/dspot/tmp_test_sources/org/jsoup/helper/DataUtilTest.java]
[125506] DEBUG Launcher - build args: [-encoding, UTF-8, -cp, /home/spirals/danglot/.m2/repository/junit/junit/4.12/junit-4.12.jar:/home/spirals/danglot/.m2/repository/org/hamcrest/hamcrest-core/1.3/hamcrest-core-1.3.jar:/home/spirals/danglot/.m2/repository/com/google/code/gson/gson/2.7/gson-2.7.jar:/tmp/Ex2Amplifier-experiments/dataset/may-2018/jsoup/835/target/classes:/tmp/Ex2Amplifier-experiments/target/dspot/dependencies:/tmp/Ex2Amplifier-experiments/dataset/may-2018/jsoup/835/target/test-classes:lib/catg-dev.jar:, -1.8, -preserveAllLocals, -noExit, -enableJavadoc, /tmp/Ex2Amplifier-experiments/target/dspot/tmp_test_sources/org/jsoup/helper/DataUtilTest.java]
[125597] DEBUG Launcher - built in 92 ms
[125597] DEBUG Launcher - building templates: []
[125597] DEBUG Launcher - built in 0 ms
[125598] DEBUG Launcher - model built in 93
[125599] DEBUG Launcher - compiling sources: [/tmp/Ex2Amplifier-experiments/target/dspot/tmp_test_sources/org/jsoup/helper/DataUtilTest.java]
[125600] DEBUG Launcher - compile args: [-encoding, UTF-8, -cp, /home/spirals/danglot/.m2/repository/junit/junit/4.12/junit-4.12.jar:/home/spirals/danglot/.m2/repository/org/hamcrest/hamcrest-core/1.3/hamcrest-core-1.3.jar:/home/spirals/danglot/.m2/repository/com/google/code/gson/gson/2.7/gson-2.7.jar:/tmp/Ex2Amplifier-experiments/dataset/may-2018/jsoup/835/target/classes:/tmp/Ex2Amplifier-experiments/target/dspot/dependencies:/tmp/Ex2Amplifier-experiments/dataset/may-2018/jsoup/835/target/test-classes:lib/catg-dev.jar:, -d, /tmp/Ex2Amplifier-experiments/dataset/may-2018/jsoup/835/target/test-classes, -1.8, -proc:none, -preserveAllLocals, -noExit, -enableJavadoc, /tmp/Ex2Amplifier-experiments/target/dspot/tmp_test_sources/org/jsoup/helper/DataUtilTest.java]
[125761] DEBUG Launcher - compiled in 162 ms
[125763] INFO CATGExecutor - Running CATG: java -Xmx4096M -Xms2048M -Djanala.loggerClass=janala.logger.DirectConcolicExecution -Djanala.conf=/tmp/Ex2Amplifier-experiments/lib/catg.conf  -javaagent:/tmp/Ex2Amplifier-experiments/lib/catg-dev.jar  -cp /home/spirals/danglot/.m2/repository/junit/junit/4.12/junit-4.12.jar:/home/spirals/danglot/.m2/repository/org/hamcrest/hamcrest-core/1.3/hamcrest-core-1.3.jar:/home/spirals/danglot/.m2/repository/com/google/code/gson/gson/2.7/gson-2.7.jar:/tmp/Ex2Amplifier-experiments/dataset/may-2018/jsoup/835/target/classes:/tmp/Ex2Amplifier-experiments/target/dspot/dependencies:/tmp/Ex2Amplifier-experiments/dataset/may-2018/jsoup/835/target/test-classes:lib/catg-dev.jar:/tmp/Ex2Amplifier-experiments/lib/catg-dev.jar:/tmp/Ex2Amplifier-experiments/lib/asm-all-5.0.4.jar:/tmp/Ex2Amplifier-experiments/lib/automaton-1.11-8.jar -ea org.jsoup.helper.DataUtilTest
WARNING: 
Error: inputs (No such file or directory)
java.lang.ArrayIndexOutOfBoundsException: 9
	at janala.interpreters.ObjectValue.setField(ObjectValue.java:104)
	at janala.interpreters.ConcolicInterpreter.visitPUTFIELD(ConcolicInterpreter.java:1395)
	at janala.logger.inst.PUTFIELD.visit(PUTFIELD.java:16)
	at janala.logger.DirectConcolicExecution.log(DirectConcolicExecution.java:58)
	at janala.logger.AbstractLogger.SPECIAL(AbstractLogger.java:706)
	at janala.logger.DJVM.SPECIAL(DJVM.java:708)
	at org.jsoup.parser.Token$StartTag.<init>(Token.java:219)
	at org.jsoup.parser.TreeBuilder.<init>(TreeBuilder.java:23)
	at org.jsoup.parser.HtmlTreeBuilder.<init>(HtmlTreeBuilder.java:46)
	at org.jsoup.parser.Parser.htmlParser(Parser.java:198)
	at org.jsoup.helper.DataUtilTest.main(DataUtilTest.java:118)
Exception in thread "main" java.lang.ArrayIndexOutOfBoundsException: -1
	at java.util.ArrayList.elementData(ArrayList.java:418)
	at java.util.ArrayList.remove(ArrayList.java:495)
	at janala.interpreters.Frame.pop(Frame.java:77)
	at janala.interpreters.ConcolicInterpreter.visitPUTFIELD(ConcolicInterpreter.java:1380)
	at janala.logger.inst.PUTFIELD.visit(PUTFIELD.java:16)
	at janala.logger.DirectConcolicExecution.log(DirectConcolicExecution.java:58)
	at janala.logger.AbstractLogger.INVOKEMETHOD_EXCEPTION(AbstractLogger.java:694)
	at janala.logger.DJVM.INVOKEMETHOD_EXCEPTION(DJVM.java:700)
	at org.jsoup.helper.DataUtilTest.main(DataUtilTest.java:118)
Exception in thread "Thread-1" java.lang.ArrayIndexOutOfBoundsException: -1
	at java.util.ArrayList.elementData(ArrayList.java:418)
	at java.util.ArrayList.remove(ArrayList.java:495)
	at janala.interpreters.Frame.pop(Frame.java:77)
	at janala.interpreters.ConcolicInterpreter.visitPUTFIELD(ConcolicInterpreter.java:1380)
	at janala.logger.inst.PUTFIELD.visit(PUTFIELD.java:16)
	at janala.logger.DirectConcolicExecution.log(DirectConcolicExecution.java:58)
	at janala.logger.DirectConcolicExecution.finish(DirectConcolicExecution.java:46)
	at janala.logger.DirectConcolicExecution$Finisher.run(DirectConcolicExecution.java:41)
[126734] INFO Amplification - 0 amplified test(s) has been selected, global: 0
[126734] INFO Amplification - amp shouldNotThrowExceptionOnEmptyCharset (8/10)
[126744] DEBUG Launcher - printing org.jsoup.helper.DataUtilTest to /tmp/Ex2Amplifier-experiments/target/dspot/tmp_test_sources
[126839] INFO EntryPoint - Run: java -cp /tmp/Ex2Amplifier-experiments/dataset/may-2018/jsoup/835/target/test-classes:/tmp/Ex2Amplifier-experiments/dataset/may-2018/jsoup/835/target/classes:/home/spirals/danglot/.m2/repository/junit/junit/4.12/junit-4.12.jar:/home/spirals/danglot/.m2/repository/org/hamcrest/hamcrest-core/1.3/hamcrest-core-1.3.jar:/home/spirals/danglot/.m2/repository/com/google/code/gson/gson/2.7/gson-2.7.jar:/tmp/Ex2Amplifier-experiments/target/dspot/dependencies:/home/spirals/danglot/.m2/repository/eu/stamp-project/test-runner/1.0.8/test-runner-1.0.8-jar-with-dependencies.jar eu.stamp_project.testrunner.runner.test.TestRunner org.jsoup.helper.DataUtilTest shouldNotThrowExceptionOnEmptyCharset
File saved to the following path: /tmp/Ex2Amplifier-experiments/dataset/may-2018/jsoup/835/target/dspot/TestListener.ser
[127542] INFO EntryPoint - Test has been run: shouldNotThrowExceptionOnEmptyCharset
[127542] INFO Amplification - iteration 0:
[127542] INFO Amplification - 1 tests selected to be amplified over 1 available tests
100% |================================================== ]/
[127552] DEBUG Launcher - printing org.jsoup.helper.DataUtilTest to /tmp/Ex2Amplifier-experiments/target/dspot/tmp_test_sources
[127590] DEBUG Launcher - building sources: [/tmp/Ex2Amplifier-experiments/target/dspot/tmp_test_sources/org/jsoup/helper/DataUtilTest.java]
[127591] DEBUG Launcher - build args: [-encoding, UTF-8, -cp, /home/spirals/danglot/.m2/repository/junit/junit/4.12/junit-4.12.jar:/home/spirals/danglot/.m2/repository/org/hamcrest/hamcrest-core/1.3/hamcrest-core-1.3.jar:/home/spirals/danglot/.m2/repository/com/google/code/gson/gson/2.7/gson-2.7.jar:/tmp/Ex2Amplifier-experiments/dataset/may-2018/jsoup/835/target/classes:/tmp/Ex2Amplifier-experiments/target/dspot/dependencies:/tmp/Ex2Amplifier-experiments/dataset/may-2018/jsoup/835/target/test-classes:lib/catg-dev.jar:, -1.8, -preserveAllLocals, -noExit, -enableJavadoc, /tmp/Ex2Amplifier-experiments/target/dspot/tmp_test_sources/org/jsoup/helper/DataUtilTest.java]
[127680] DEBUG Launcher - built in 90 ms
[127680] DEBUG Launcher - building templates: []
[127680] DEBUG Launcher - built in 0 ms
[127681] DEBUG Launcher - model built in 91
[127681] DEBUG Launcher - compiling sources: [/tmp/Ex2Amplifier-experiments/target/dspot/tmp_test_sources/org/jsoup/helper/DataUtilTest.java]
[127682] DEBUG Launcher - compile args: [-encoding, UTF-8, -cp, /home/spirals/danglot/.m2/repository/junit/junit/4.12/junit-4.12.jar:/home/spirals/danglot/.m2/repository/org/hamcrest/hamcrest-core/1.3/hamcrest-core-1.3.jar:/home/spirals/danglot/.m2/repository/com/google/code/gson/gson/2.7/gson-2.7.jar:/tmp/Ex2Amplifier-experiments/dataset/may-2018/jsoup/835/target/classes:/tmp/Ex2Amplifier-experiments/target/dspot/dependencies:/tmp/Ex2Amplifier-experiments/dataset/may-2018/jsoup/835/target/test-classes:lib/catg-dev.jar:, -d, /tmp/Ex2Amplifier-experiments/dataset/may-2018/jsoup/835/target/test-classes, -1.8, -proc:none, -preserveAllLocals, -noExit, -enableJavadoc, /tmp/Ex2Amplifier-experiments/target/dspot/tmp_test_sources/org/jsoup/helper/DataUtilTest.java]
[127807] DEBUG Launcher - compiled in 126 ms
[127809] INFO CATGExecutor - Running CATG: java -Xmx4096M -Xms2048M -Djanala.loggerClass=janala.logger.DirectConcolicExecution -Djanala.conf=/tmp/Ex2Amplifier-experiments/lib/catg.conf  -javaagent:/tmp/Ex2Amplifier-experiments/lib/catg-dev.jar  -cp /home/spirals/danglot/.m2/repository/junit/junit/4.12/junit-4.12.jar:/home/spirals/danglot/.m2/repository/org/hamcrest/hamcrest-core/1.3/hamcrest-core-1.3.jar:/home/spirals/danglot/.m2/repository/com/google/code/gson/gson/2.7/gson-2.7.jar:/tmp/Ex2Amplifier-experiments/dataset/may-2018/jsoup/835/target/classes:/tmp/Ex2Amplifier-experiments/target/dspot/dependencies:/tmp/Ex2Amplifier-experiments/dataset/may-2018/jsoup/835/target/test-classes:lib/catg-dev.jar:/tmp/Ex2Amplifier-experiments/lib/catg-dev.jar:/tmp/Ex2Amplifier-experiments/lib/asm-all-5.0.4.jar:/tmp/Ex2Amplifier-experiments/lib/automaton-1.11-8.jar -ea org.jsoup.helper.DataUtilTest
WARNING: 
Error: inputs (No such file or directory)
Exception in thread "main" java.lang.NullPointerException
	at janala.interpreters.ConcolicInterpreter.visitGETVALUE_Object(ConcolicInterpreter.java:656)
	at janala.logger.inst.GETVALUE_Object.visit(GETVALUE_Object.java:16)
	at janala.logger.DirectConcolicExecution.log(DirectConcolicExecution.java:58)
	at janala.logger.AbstractLogger.INVOKEMETHOD_EXCEPTION(AbstractLogger.java:694)
	at janala.logger.DJVM.INVOKEMETHOD_EXCEPTION(DJVM.java:700)
	at org.jsoup.helper.DataUtilTest.main(DataUtilTest.java:108)
Exception in thread "Thread-1" java.lang.NullPointerException
	at janala.interpreters.ConcolicInterpreter.visitGETVALUE_Object(ConcolicInterpreter.java:656)
	at janala.logger.inst.GETVALUE_Object.visit(GETVALUE_Object.java:16)
	at janala.logger.DirectConcolicExecution.log(DirectConcolicExecution.java:58)
	at janala.logger.DirectConcolicExecution.finish(DirectConcolicExecution.java:46)
	at janala.logger.DirectConcolicExecution$Finisher.run(DirectConcolicExecution.java:41)
[128536] INFO Amplification - 0 amplified test(s) has been selected, global: 0
[128536] INFO Amplification - amp testCharset (9/10)
[128546] DEBUG Launcher - printing org.jsoup.helper.DataUtilTest to /tmp/Ex2Amplifier-experiments/target/dspot/tmp_test_sources
[128639] INFO EntryPoint - Run: java -cp /tmp/Ex2Amplifier-experiments/dataset/may-2018/jsoup/835/target/test-classes:/tmp/Ex2Amplifier-experiments/dataset/may-2018/jsoup/835/target/classes:/home/spirals/danglot/.m2/repository/junit/junit/4.12/junit-4.12.jar:/home/spirals/danglot/.m2/repository/org/hamcrest/hamcrest-core/1.3/hamcrest-core-1.3.jar:/home/spirals/danglot/.m2/repository/com/google/code/gson/gson/2.7/gson-2.7.jar:/tmp/Ex2Amplifier-experiments/target/dspot/dependencies:/home/spirals/danglot/.m2/repository/eu/stamp-project/test-runner/1.0.8/test-runner-1.0.8-jar-with-dependencies.jar eu.stamp_project.testrunner.runner.test.TestRunner org.jsoup.helper.DataUtilTest testCharset
File saved to the following path: /tmp/Ex2Amplifier-experiments/dataset/may-2018/jsoup/835/target/dspot/TestListener.ser
[129379] INFO EntryPoint - Test has been run: testCharset
[129379] INFO Amplification - iteration 0:
[129379] INFO Amplification - 1 tests selected to be amplified over 1 available tests
100% |================================================== ]/
[129395] DEBUG Launcher - printing org.jsoup.helper.DataUtilTest to /tmp/Ex2Amplifier-experiments/target/dspot/tmp_test_sources
[129434] DEBUG Launcher - building sources: [/tmp/Ex2Amplifier-experiments/target/dspot/tmp_test_sources/org/jsoup/helper/DataUtilTest.java]
[129434] DEBUG Launcher - build args: [-encoding, UTF-8, -cp, /home/spirals/danglot/.m2/repository/junit/junit/4.12/junit-4.12.jar:/home/spirals/danglot/.m2/repository/org/hamcrest/hamcrest-core/1.3/hamcrest-core-1.3.jar:/home/spirals/danglot/.m2/repository/com/google/code/gson/gson/2.7/gson-2.7.jar:/tmp/Ex2Amplifier-experiments/dataset/may-2018/jsoup/835/target/classes:/tmp/Ex2Amplifier-experiments/target/dspot/dependencies:/tmp/Ex2Amplifier-experiments/dataset/may-2018/jsoup/835/target/test-classes:lib/catg-dev.jar:, -1.8, -preserveAllLocals, -noExit, -enableJavadoc, /tmp/Ex2Amplifier-experiments/target/dspot/tmp_test_sources/org/jsoup/helper/DataUtilTest.java]
[129524] DEBUG Launcher - built in 90 ms
[129524] DEBUG Launcher - building templates: []
[129525] DEBUG Launcher - built in 0 ms
[129525] DEBUG Launcher - model built in 91
[129525] DEBUG Launcher - compiling sources: [/tmp/Ex2Amplifier-experiments/target/dspot/tmp_test_sources/org/jsoup/helper/DataUtilTest.java]
[129526] DEBUG Launcher - compile args: [-encoding, UTF-8, -cp, /home/spirals/danglot/.m2/repository/junit/junit/4.12/junit-4.12.jar:/home/spirals/danglot/.m2/repository/org/hamcrest/hamcrest-core/1.3/hamcrest-core-1.3.jar:/home/spirals/danglot/.m2/repository/com/google/code/gson/gson/2.7/gson-2.7.jar:/tmp/Ex2Amplifier-experiments/dataset/may-2018/jsoup/835/target/classes:/tmp/Ex2Amplifier-experiments/target/dspot/dependencies:/tmp/Ex2Amplifier-experiments/dataset/may-2018/jsoup/835/target/test-classes:lib/catg-dev.jar:, -d, /tmp/Ex2Amplifier-experiments/dataset/may-2018/jsoup/835/target/test-classes, -1.8, -proc:none, -preserveAllLocals, -noExit, -enableJavadoc, /tmp/Ex2Amplifier-experiments/target/dspot/tmp_test_sources/org/jsoup/helper/DataUtilTest.java]
[129654] DEBUG Launcher - compiled in 129 ms
[129656] INFO CATGExecutor - Running CATG: java -Xmx4096M -Xms2048M -Djanala.loggerClass=janala.logger.DirectConcolicExecution -Djanala.conf=/tmp/Ex2Amplifier-experiments/lib/catg.conf  -javaagent:/tmp/Ex2Amplifier-experiments/lib/catg-dev.jar  -cp /home/spirals/danglot/.m2/repository/junit/junit/4.12/junit-4.12.jar:/home/spirals/danglot/.m2/repository/org/hamcrest/hamcrest-core/1.3/hamcrest-core-1.3.jar:/home/spirals/danglot/.m2/repository/com/google/code/gson/gson/2.7/gson-2.7.jar:/tmp/Ex2Amplifier-experiments/dataset/may-2018/jsoup/835/target/classes:/tmp/Ex2Amplifier-experiments/target/dspot/dependencies:/tmp/Ex2Amplifier-experiments/dataset/may-2018/jsoup/835/target/test-classes:lib/catg-dev.jar:/tmp/Ex2Amplifier-experiments/lib/catg-dev.jar:/tmp/Ex2Amplifier-experiments/lib/asm-all-5.0.4.jar:/tmp/Ex2Amplifier-experiments/lib/automaton-1.11-8.jar -ea org.jsoup.helper.DataUtilTest
WARNING: 
Error: inputs (No such file or directory)
Exception in thread "main" java.lang.NullPointerException
	at janala.interpreters.ConcolicInterpreter.visitGETVALUE_Object(ConcolicInterpreter.java:656)
	at janala.logger.inst.GETVALUE_Object.visit(GETVALUE_Object.java:16)
	at janala.logger.DirectConcolicExecution.log(DirectConcolicExecution.java:58)
	at janala.logger.AbstractLogger.INVOKEMETHOD_EXCEPTION(AbstractLogger.java:694)
	at janala.logger.DJVM.INVOKEMETHOD_EXCEPTION(DJVM.java:700)
	at org.jsoup.helper.DataUtilTest.main(DataUtilTest.java:111)
Exception in thread "Thread-1" java.lang.NullPointerException
	at janala.interpreters.ConcolicInterpreter.visitGETVALUE_Object(ConcolicInterpreter.java:656)
	at janala.logger.inst.GETVALUE_Object.visit(GETVALUE_Object.java:16)
	at janala.logger.DirectConcolicExecution.log(DirectConcolicExecution.java:58)
	at janala.logger.DirectConcolicExecution.finish(DirectConcolicExecution.java:46)
	at janala.logger.DirectConcolicExecution$Finisher.run(DirectConcolicExecution.java:41)
[130394] INFO Amplification - 0 amplified test(s) has been selected, global: 0
[130394] INFO Amplification - amp shouldCorrectCharsetForDuplicateCharsetString (10/10)
[130404] DEBUG Launcher - printing org.jsoup.helper.DataUtilTest to /tmp/Ex2Amplifier-experiments/target/dspot/tmp_test_sources
[130497] INFO EntryPoint - Run: java -cp /tmp/Ex2Amplifier-experiments/dataset/may-2018/jsoup/835/target/test-classes:/tmp/Ex2Amplifier-experiments/dataset/may-2018/jsoup/835/target/classes:/home/spirals/danglot/.m2/repository/junit/junit/4.12/junit-4.12.jar:/home/spirals/danglot/.m2/repository/org/hamcrest/hamcrest-core/1.3/hamcrest-core-1.3.jar:/home/spirals/danglot/.m2/repository/com/google/code/gson/gson/2.7/gson-2.7.jar:/tmp/Ex2Amplifier-experiments/target/dspot/dependencies:/home/spirals/danglot/.m2/repository/eu/stamp-project/test-runner/1.0.8/test-runner-1.0.8-jar-with-dependencies.jar eu.stamp_project.testrunner.runner.test.TestRunner org.jsoup.helper.DataUtilTest shouldCorrectCharsetForDuplicateCharsetString
File saved to the following path: /tmp/Ex2Amplifier-experiments/dataset/may-2018/jsoup/835/target/dspot/TestListener.ser
[131197] INFO EntryPoint - Test has been run: shouldCorrectCharsetForDuplicateCharsetString
[131198] INFO Amplification - iteration 0:
[131198] INFO Amplification - 1 tests selected to be amplified over 1 available tests
100% |================================================== ]/
[131205] DEBUG Launcher - printing org.jsoup.helper.DataUtilTest to /tmp/Ex2Amplifier-experiments/target/dspot/tmp_test_sources
[131244] DEBUG Launcher - building sources: [/tmp/Ex2Amplifier-experiments/target/dspot/tmp_test_sources/org/jsoup/helper/DataUtilTest.java]
[131245] DEBUG Launcher - build args: [-encoding, UTF-8, -cp, /home/spirals/danglot/.m2/repository/junit/junit/4.12/junit-4.12.jar:/home/spirals/danglot/.m2/repository/org/hamcrest/hamcrest-core/1.3/hamcrest-core-1.3.jar:/home/spirals/danglot/.m2/repository/com/google/code/gson/gson/2.7/gson-2.7.jar:/tmp/Ex2Amplifier-experiments/dataset/may-2018/jsoup/835/target/classes:/tmp/Ex2Amplifier-experiments/target/dspot/dependencies:/tmp/Ex2Amplifier-experiments/dataset/may-2018/jsoup/835/target/test-classes:lib/catg-dev.jar:, -1.8, -preserveAllLocals, -noExit, -enableJavadoc, /tmp/Ex2Amplifier-experiments/target/dspot/tmp_test_sources/org/jsoup/helper/DataUtilTest.java]
[131333] DEBUG Launcher - built in 89 ms
[131333] DEBUG Launcher - building templates: []
[131333] DEBUG Launcher - built in 0 ms
[131334] DEBUG Launcher - model built in 90
[131334] DEBUG Launcher - compiling sources: [/tmp/Ex2Amplifier-experiments/target/dspot/tmp_test_sources/org/jsoup/helper/DataUtilTest.java]
[131335] DEBUG Launcher - compile args: [-encoding, UTF-8, -cp, /home/spirals/danglot/.m2/repository/junit/junit/4.12/junit-4.12.jar:/home/spirals/danglot/.m2/repository/org/hamcrest/hamcrest-core/1.3/hamcrest-core-1.3.jar:/home/spirals/danglot/.m2/repository/com/google/code/gson/gson/2.7/gson-2.7.jar:/tmp/Ex2Amplifier-experiments/dataset/may-2018/jsoup/835/target/classes:/tmp/Ex2Amplifier-experiments/target/dspot/dependencies:/tmp/Ex2Amplifier-experiments/dataset/may-2018/jsoup/835/target/test-classes:lib/catg-dev.jar:, -d, /tmp/Ex2Amplifier-experiments/dataset/may-2018/jsoup/835/target/test-classes, -1.8, -proc:none, -preserveAllLocals, -noExit, -enableJavadoc, /tmp/Ex2Amplifier-experiments/target/dspot/tmp_test_sources/org/jsoup/helper/DataUtilTest.java]
[131457] DEBUG Launcher - compiled in 123 ms
[131459] INFO CATGExecutor - Running CATG: java -Xmx4096M -Xms2048M -Djanala.loggerClass=janala.logger.DirectConcolicExecution -Djanala.conf=/tmp/Ex2Amplifier-experiments/lib/catg.conf  -javaagent:/tmp/Ex2Amplifier-experiments/lib/catg-dev.jar  -cp /home/spirals/danglot/.m2/repository/junit/junit/4.12/junit-4.12.jar:/home/spirals/danglot/.m2/repository/org/hamcrest/hamcrest-core/1.3/hamcrest-core-1.3.jar:/home/spirals/danglot/.m2/repository/com/google/code/gson/gson/2.7/gson-2.7.jar:/tmp/Ex2Amplifier-experiments/dataset/may-2018/jsoup/835/target/classes:/tmp/Ex2Amplifier-experiments/target/dspot/dependencies:/tmp/Ex2Amplifier-experiments/dataset/may-2018/jsoup/835/target/test-classes:lib/catg-dev.jar:/tmp/Ex2Amplifier-experiments/lib/catg-dev.jar:/tmp/Ex2Amplifier-experiments/lib/asm-all-5.0.4.jar:/tmp/Ex2Amplifier-experiments/lib/automaton-1.11-8.jar -ea org.jsoup.helper.DataUtilTest
WARNING: 
Error: inputs (No such file or directory)
Exception in thread "main" java.lang.NullPointerException
	at janala.interpreters.ConcolicInterpreter.visitGETVALUE_Object(ConcolicInterpreter.java:656)
	at janala.logger.inst.GETVALUE_Object.visit(GETVALUE_Object.java:16)
	at janala.logger.DirectConcolicExecution.log(DirectConcolicExecution.java:58)
	at janala.logger.AbstractLogger.INVOKEMETHOD_EXCEPTION(AbstractLogger.java:694)
	at janala.logger.DJVM.INVOKEMETHOD_EXCEPTION(DJVM.java:700)
	at org.jsoup.helper.DataUtilTest.main(DataUtilTest.java:107)
Exception in thread "Thread-1" java.lang.NullPointerException
	at janala.interpreters.ConcolicInterpreter.visitGETVALUE_Object(ConcolicInterpreter.java:656)
	at janala.logger.inst.GETVALUE_Object.visit(GETVALUE_Object.java:16)
	at janala.logger.DirectConcolicExecution.log(DirectConcolicExecution.java:58)
	at janala.logger.DirectConcolicExecution.finish(DirectConcolicExecution.java:46)
	at janala.logger.DirectConcolicExecution$Finisher.run(DirectConcolicExecution.java:41)
[132203] INFO Amplification - 0 amplified test(s) has been selected, global: 0
[132203] INFO DSpot - elapsedTime 25728
======= REPORT =======
0 amplified test fails on the new versions.

[132450] INFO DSpot - Print AmplDataUtilTest with 0?amplified test cases in results/may-2018/jsoup/835/CATG
