SLF4J: Class path contains multiple SLF4J bindings.
SLF4J: Found binding in [jar:file:/home/spirals/danglot/.m2/repository/eu/stamp-project/test-runner/1.0.5/test-runner-1.0.5-jar-with-dependencies.jar!/org/slf4j/impl/StaticLoggerBinder.class]
SLF4J: Found binding in [jar:file:/home/spirals/danglot/.m2/repository/org/slf4j/slf4j-log4j12/1.7.25/slf4j-log4j12-1.7.25.jar!/org/slf4j/impl/StaticLoggerBinder.class]
SLF4J: See http://www.slf4j.org/codes.html#multiple_bindings for an explanation.
SLF4J: Actual binding is of type [org.slf4j.impl.Log4jLoggerFactory]
[0] WARN AutomaticBuilderFactory - No automatic builder specified in configuration, going to default.
[0] INFO AutomaticBuilderFactory - Default: provided Maven automatic builder.
[10] INFO MavenAutomaticBuilder - run maven clean test -DskipTests dependency:build-classpath -Dmdep.outputFile=target/dspot/classpath
[WARN] Maven will be executed in interactive mode, but no input stream has been configured for this MavenInvoker instance.
[INFO] Scanning for projects...
[INFO]                                                                         
[INFO] ------------------------------------------------------------------------
[INFO] Building jsoup Java HTML Parser 1.11.3-SNAPSHOT
[INFO] ------------------------------------------------------------------------
[INFO] 
[INFO] --- maven-clean-plugin:2.5:clean (default-clean) @ jsoup ---
[INFO] Deleting /tmp/Ex2Amplifier-experiments/dataset/may-2018/jsoup/988_modified/target
[INFO] 
[INFO] --- maven-resources-plugin:3.0.1:resources (default-resources) @ jsoup ---
[INFO] Using 'UTF-8' encoding to copy filtered resources.
[INFO] Copying 0 resource
[INFO] Copying 3 resources to META-INF/
[INFO] 
[INFO] --- maven-compiler-plugin:3.5.1:compile (default-compile) @ jsoup ---
[INFO] Changes detected - recompiling the module!
[INFO] Compiling 67 source files to /tmp/Ex2Amplifier-experiments/dataset/may-2018/jsoup/988_modified/target/classes
[INFO] /tmp/Ex2Amplifier-experiments/dataset/may-2018/jsoup/988_modified/src/main/java/org/jsoup/nodes/Attributes.java: Some input files use or override a deprecated API.
[INFO] /tmp/Ex2Amplifier-experiments/dataset/may-2018/jsoup/988_modified/src/main/java/org/jsoup/nodes/Attributes.java: Recompile with -Xlint:deprecation for details.
[INFO] 
[INFO] --- animal-sniffer-maven-plugin:1.16:check (animal-sniffer) @ jsoup ---
[INFO] Checking unresolved references to net.sf.androidscents.signature:android-api-level-8:2.2_r3
[INFO] 
[INFO] >>> maven-bundle-plugin:2.5.4:manifest (bundle-manifest) > process-classes @ jsoup >>>
[INFO] 
[INFO] --- maven-resources-plugin:3.0.1:resources (default-resources) @ jsoup ---
[INFO] Using 'UTF-8' encoding to copy filtered resources.
[INFO] Copying 0 resource
[INFO] Copying 3 resources to META-INF/
[INFO] 
[INFO] --- maven-compiler-plugin:3.5.1:compile (default-compile) @ jsoup ---
[INFO] Changes detected - recompiling the module!
[INFO] Compiling 67 source files to /tmp/Ex2Amplifier-experiments/dataset/may-2018/jsoup/988_modified/target/classes
[INFO] /tmp/Ex2Amplifier-experiments/dataset/may-2018/jsoup/988_modified/src/main/java/org/jsoup/nodes/Attributes.java: Some input files use or override a deprecated API.
[INFO] /tmp/Ex2Amplifier-experiments/dataset/may-2018/jsoup/988_modified/src/main/java/org/jsoup/nodes/Attributes.java: Recompile with -Xlint:deprecation for details.
[INFO] 
[INFO] --- animal-sniffer-maven-plugin:1.16:check (animal-sniffer) @ jsoup ---
[INFO] Checking unresolved references to net.sf.androidscents.signature:android-api-level-8:2.2_r3
[INFO] 
[INFO] <<< maven-bundle-plugin:2.5.4:manifest (bundle-manifest) < process-classes @ jsoup <<<
[INFO] 
[INFO] --- maven-bundle-plugin:2.5.4:manifest (bundle-manifest) @ jsoup ---
[INFO] 
[INFO] --- maven-resources-plugin:3.0.1:testResources (default-testResources) @ jsoup ---
[INFO] Using 'UTF-8' encoding to copy filtered resources.
[INFO] Copying 23 resources
[INFO] 
[INFO] --- maven-compiler-plugin:3.5.1:testCompile (default-testCompile) @ jsoup ---
[INFO] Changes detected - recompiling the module!
[INFO] Compiling 43 source files to /tmp/Ex2Amplifier-experiments/dataset/may-2018/jsoup/988_modified/target/test-classes
[INFO] /tmp/Ex2Amplifier-experiments/dataset/may-2018/jsoup/988_modified/src/test/java/org/jsoup/parser/AttributeParseTest.java: Some input files use or override a deprecated API.
[INFO] /tmp/Ex2Amplifier-experiments/dataset/may-2018/jsoup/988_modified/src/test/java/org/jsoup/parser/AttributeParseTest.java: Recompile with -Xlint:deprecation for details.
[INFO] 
[INFO] --- maven-surefire-plugin:2.12.4:test (default-test) @ jsoup ---
[INFO] Tests are skipped.
[INFO] 
[INFO] --- maven-dependency-plugin:2.8:build-classpath (default-cli) @ jsoup ---
[INFO] Wrote classpath file '/tmp/Ex2Amplifier-experiments/dataset/may-2018/jsoup/988_modified/target/dspot/classpath'.
[INFO] ------------------------------------------------------------------------
[INFO] BUILD SUCCESS
[INFO] ------------------------------------------------------------------------
[INFO] Total time: 9.914 s
[INFO] Finished at: 2018-05-17T10:41:29+02:00
[INFO] Final Memory: 33M/389M
[INFO] ------------------------------------------------------------------------
[16893] WARN AutomaticBuilderFactory - No automatic builder specified in configuration, going to default.
[16893] INFO AutomaticBuilderFactory - Default: provided Maven automatic builder.
[16894] INFO MavenAutomaticBuilder - run maven clean test -DskipTests dependency:build-classpath -Dmdep.outputFile=target/dspot/classpath
[WARN] Maven will be executed in interactive mode, but no input stream has been configured for this MavenInvoker instance.
[INFO] Scanning for projects...
[INFO]                                                                         
[INFO] ------------------------------------------------------------------------
[INFO] Building jsoup Java HTML Parser 1.11.3-SNAPSHOT
[INFO] ------------------------------------------------------------------------
[INFO] 
[INFO] --- maven-clean-plugin:2.5:clean (default-clean) @ jsoup ---
[INFO] Deleting /tmp/Ex2Amplifier-experiments/dataset/may-2018/jsoup/988/target
[INFO] 
[INFO] --- maven-resources-plugin:3.0.1:resources (default-resources) @ jsoup ---
[INFO] Using 'UTF-8' encoding to copy filtered resources.
[INFO] Copying 0 resource
[INFO] Copying 3 resources to META-INF/
[INFO] 
[INFO] --- maven-compiler-plugin:3.5.1:compile (default-compile) @ jsoup ---
[INFO] Changes detected - recompiling the module!
[INFO] Compiling 67 source files to /tmp/Ex2Amplifier-experiments/dataset/may-2018/jsoup/988/target/classes
[INFO] /tmp/Ex2Amplifier-experiments/dataset/may-2018/jsoup/988/src/main/java/org/jsoup/nodes/Attributes.java: Some input files use or override a deprecated API.
[INFO] /tmp/Ex2Amplifier-experiments/dataset/may-2018/jsoup/988/src/main/java/org/jsoup/nodes/Attributes.java: Recompile with -Xlint:deprecation for details.
[INFO] 
[INFO] --- animal-sniffer-maven-plugin:1.16:check (animal-sniffer) @ jsoup ---
[INFO] Checking unresolved references to net.sf.androidscents.signature:android-api-level-8:2.2_r3
[INFO] 
[INFO] >>> maven-bundle-plugin:2.5.4:manifest (bundle-manifest) > process-classes @ jsoup >>>
[INFO] 
[INFO] --- maven-resources-plugin:3.0.1:resources (default-resources) @ jsoup ---
[INFO] Using 'UTF-8' encoding to copy filtered resources.
[INFO] Copying 0 resource
[INFO] Copying 3 resources to META-INF/
[INFO] 
[INFO] --- maven-compiler-plugin:3.5.1:compile (default-compile) @ jsoup ---
[INFO] Changes detected - recompiling the module!
[INFO] Compiling 67 source files to /tmp/Ex2Amplifier-experiments/dataset/may-2018/jsoup/988/target/classes
[INFO] /tmp/Ex2Amplifier-experiments/dataset/may-2018/jsoup/988/src/main/java/org/jsoup/nodes/Attributes.java: Some input files use or override a deprecated API.
[INFO] /tmp/Ex2Amplifier-experiments/dataset/may-2018/jsoup/988/src/main/java/org/jsoup/nodes/Attributes.java: Recompile with -Xlint:deprecation for details.
[INFO] 
[INFO] --- animal-sniffer-maven-plugin:1.16:check (animal-sniffer) @ jsoup ---
[INFO] Checking unresolved references to net.sf.androidscents.signature:android-api-level-8:2.2_r3
[INFO] 
[INFO] <<< maven-bundle-plugin:2.5.4:manifest (bundle-manifest) < process-classes @ jsoup <<<
[INFO] 
[INFO] --- maven-bundle-plugin:2.5.4:manifest (bundle-manifest) @ jsoup ---
[INFO] 
[INFO] --- maven-resources-plugin:3.0.1:testResources (default-testResources) @ jsoup ---
[INFO] Using 'UTF-8' encoding to copy filtered resources.
[INFO] Copying 23 resources
[INFO] 
[INFO] --- maven-compiler-plugin:3.5.1:testCompile (default-testCompile) @ jsoup ---
[INFO] Changes detected - recompiling the module!
[INFO] Compiling 43 source files to /tmp/Ex2Amplifier-experiments/dataset/may-2018/jsoup/988/target/test-classes
[INFO] /tmp/Ex2Amplifier-experiments/dataset/may-2018/jsoup/988/src/test/java/org/jsoup/parser/AttributeParseTest.java: Some input files use or override a deprecated API.
[INFO] /tmp/Ex2Amplifier-experiments/dataset/may-2018/jsoup/988/src/test/java/org/jsoup/parser/AttributeParseTest.java: Recompile with -Xlint:deprecation for details.
[INFO] 
[INFO] --- maven-surefire-plugin:2.12.4:test (default-test) @ jsoup ---
[INFO] Tests are skipped.
[INFO] 
[INFO] --- maven-dependency-plugin:2.8:build-classpath (default-cli) @ jsoup ---
[INFO] Wrote classpath file '/tmp/Ex2Amplifier-experiments/dataset/may-2018/jsoup/988/target/dspot/classpath'.
[INFO] ------------------------------------------------------------------------
[INFO] BUILD SUCCESS
[INFO] ------------------------------------------------------------------------
[INFO] Total time: 9.515 s
[INFO] Finished at: 2018-05-17T10:41:46+02:00
[INFO] Final Memory: 32M/415M
[INFO] ------------------------------------------------------------------------
[28133] INFO SelectorOnDiff - Selecting according to a diff between dataset/may-2018/jsoup/988_modified/ and dataset/may-2018/jsoup/988/ (1791ef17ad6e0624a7b057b89439f7a33b3bbb82)
[28159] INFO SelectorOnDiff - Modified files:
a/src/main/java/org/jsoup/parser/TokenQueue.java
a/src/test/java/org/jsoup/parser/TokenQueueTest.java
[73763] INFO Amplification - amplification of org.jsoup.parser.TokenQueueTest (2 test(s))
[74322] INFO Amplification - Try to add assertions before amplification
[74334] INFO AssertGenerator - Run tests. (2)
[74839] INFO AssertGenerator - 2 test pass, generating assertion...
[74842] INFO MethodsAssertGenerator - Add observations points in passing tests.
[74842] INFO MethodsAssertGenerator - Instrumentation...
 50% |========================= ]/100% |================================================== ]-
[74875] INFO MethodsAssertGenerator - Run instrumented tests. (6)
[75508] INFO MethodsAssertGenerator - Generating assertions...
[75533] INFO AssertGenerator - 2 new tests with assertions generated
[76119] DEBUG Launcher - building sources: [/tmp/Ex2Amplifier-experiments/target/dspot/tmp_test_sources/org/jsoup/parser/TokenQueueTest.java]
[76119] DEBUG Launcher - build args: [-encoding, UTF-8, -cp, /home/spirals/danglot/.m2/repository/junit/junit/4.12/junit-4.12.jar:/home/spirals/danglot/.m2/repository/org/hamcrest/hamcrest-core/1.3/hamcrest-core-1.3.jar:/home/spirals/danglot/.m2/repository/com/google/code/gson/gson/2.7/gson-2.7.jar:/home/spirals/danglot/.m2/repository/org/eclipse/jetty/jetty-server/9.2.22.v20170606/jetty-server-9.2.22.v20170606.jar:/home/spirals/danglot/.m2/repository/javax/servlet/javax.servlet-api/3.1.0/javax.servlet-api-3.1.0.jar:/home/spirals/danglot/.m2/repository/org/eclipse/jetty/jetty-http/9.2.22.v20170606/jetty-http-9.2.22.v20170606.jar:/home/spirals/danglot/.m2/repository/org/eclipse/jetty/jetty-util/9.2.22.v20170606/jetty-util-9.2.22.v20170606.jar:/home/spirals/danglot/.m2/repository/org/eclipse/jetty/jetty-io/9.2.22.v20170606/jetty-io-9.2.22.v20170606.jar:/home/spirals/danglot/.m2/repository/org/eclipse/jetty/jetty-servlet/9.2.22.v20170606/jetty-servlet-9.2.22.v20170606.jar:/home/spirals/danglot/.m2/repository/org/eclipse/jetty/jetty-security/9.2.22.v20170606/jetty-security-9.2.22.v20170606.jar:target/dspot/dependencies/:dataset/may-2018/jsoup/988_modified//target/classes:dataset/may-2018/jsoup/988_modified//target/test-classes:, -1.8, -preserveAllLocals, -noExit, -enableJavadoc, /tmp/Ex2Amplifier-experiments/target/dspot/tmp_test_sources/org/jsoup/parser/TokenQueueTest.java]
[76164] DEBUG Launcher - built in 45 ms
[76164] DEBUG Launcher - building templates: []
[76164] DEBUG Launcher - built in 0 ms
[76165] DEBUG Launcher - model built in 46
[76165] DEBUG Launcher - compiling sources: [/tmp/Ex2Amplifier-experiments/target/dspot/tmp_test_sources/org/jsoup/parser/TokenQueueTest.java]
[76167] DEBUG Launcher - compile args: [-encoding, UTF-8, -cp, /home/spirals/danglot/.m2/repository/junit/junit/4.12/junit-4.12.jar:/home/spirals/danglot/.m2/repository/org/hamcrest/hamcrest-core/1.3/hamcrest-core-1.3.jar:/home/spirals/danglot/.m2/repository/com/google/code/gson/gson/2.7/gson-2.7.jar:/home/spirals/danglot/.m2/repository/org/eclipse/jetty/jetty-server/9.2.22.v20170606/jetty-server-9.2.22.v20170606.jar:/home/spirals/danglot/.m2/repository/javax/servlet/javax.servlet-api/3.1.0/javax.servlet-api-3.1.0.jar:/home/spirals/danglot/.m2/repository/org/eclipse/jetty/jetty-http/9.2.22.v20170606/jetty-http-9.2.22.v20170606.jar:/home/spirals/danglot/.m2/repository/org/eclipse/jetty/jetty-util/9.2.22.v20170606/jetty-util-9.2.22.v20170606.jar:/home/spirals/danglot/.m2/repository/org/eclipse/jetty/jetty-io/9.2.22.v20170606/jetty-io-9.2.22.v20170606.jar:/home/spirals/danglot/.m2/repository/org/eclipse/jetty/jetty-servlet/9.2.22.v20170606/jetty-servlet-9.2.22.v20170606.jar:/home/spirals/danglot/.m2/repository/org/eclipse/jetty/jetty-security/9.2.22.v20170606/jetty-security-9.2.22.v20170606.jar:target/dspot/dependencies/:dataset/may-2018/jsoup/988_modified//target/classes:dataset/may-2018/jsoup/988_modified//target/test-classes:, -d, /tmp/Ex2Amplifier-experiments/dataset/may-2018/jsoup/988/target/test-classes, -1.8, -proc:none, -preserveAllLocals, -noExit, -enableJavadoc, /tmp/Ex2Amplifier-experiments/target/dspot/tmp_test_sources/org/jsoup/parser/TokenQueueTest.java]
[76239] DEBUG Launcher - compiled in 74 ms
[76623] INFO Amplification - 0 amplified test(s) has been selected, global: 0
[76623] INFO DSpot - elapsedTime 2861
======= REPORT =======
0 amplified test fails on the new versions.

[76644] INFO DSpot - Print AmplTokenQueueTest with 0?amplified test cases in results/may-2018/jsoup/988_modified/A_ampl
[76644] DEBUG Launcher - printing org.jsoup.parser.AmplTokenQueueTest to /tmp/Ex2Amplifier-experiments/results/may-2018/jsoup/988_modified/A_ampl
