SLF4J: Class path contains multiple SLF4J bindings.
SLF4J: Found binding in [jar:file:/home/spirals/danglot/.m2/repository/eu/stamp-project/test-runner/1.0.8/test-runner-1.0.8-jar-with-dependencies.jar!/org/slf4j/impl/StaticLoggerBinder.class]
SLF4J: Found binding in [jar:file:/home/spirals/danglot/.m2/repository/org/slf4j/slf4j-log4j12/1.7.25/slf4j-log4j12-1.7.25.jar!/org/slf4j/impl/StaticLoggerBinder.class]
SLF4J: See http://www.slf4j.org/codes.html#multiple_bindings for an explanation.
SLF4J: Actual binding is of type [org.slf4j.impl.Log4jLoggerFactory]
[0] WARN AutomaticBuilderFactory - No automatic builder specified in configuration, going to default.
[0] INFO AutomaticBuilderFactory - Default: provided Maven automatic builder.
[11] INFO MavenAutomaticBuilder - run maven clean test -DskipTests dependency:build-classpath -Dmdep.outputFile=target/dspot/classpath
[WARN] Maven will be executed in interactive mode, but no input stream has been configured for this MavenInvoker instance.
[INFO] Scanning for projects...
[INFO]                                                                         
[INFO] ------------------------------------------------------------------------
[INFO] Building jsoup Java HTML Parser 1.10.3-SNAPSHOT
[INFO] ------------------------------------------------------------------------
[INFO] 
[INFO] --- maven-clean-plugin:2.5:clean (default-clean) @ jsoup ---
[INFO] Deleting /tmp/Ex2Amplifier-experiments/dataset/may-2018/jsoup/903/target
[INFO] 
[INFO] --- maven-resources-plugin:3.0.1:resources (default-resources) @ jsoup ---
[INFO] Using 'UTF-8' encoding to copy filtered resources.
[INFO] Copying 3 resources
[INFO] Copying 3 resources to META-INF/
[INFO] 
[INFO] --- maven-compiler-plugin:3.5.1:compile (default-compile) @ jsoup ---
[INFO] Changes detected - recompiling the module!
[INFO] Compiling 57 source files to /tmp/Ex2Amplifier-experiments/dataset/may-2018/jsoup/903/target/classes
[INFO] 
[INFO] --- animal-sniffer-maven-plugin:1.15:check (animal-sniffer) @ jsoup ---
[INFO] Checking unresolved references to org.codehaus.mojo.signature:java15:1.0
[INFO] 
[INFO] >>> maven-bundle-plugin:2.5.4:manifest (bundle-manifest) > process-classes @ jsoup >>>
[INFO] 
[INFO] --- maven-resources-plugin:3.0.1:resources (default-resources) @ jsoup ---
[INFO] Using 'UTF-8' encoding to copy filtered resources.
[INFO] Copying 3 resources
[INFO] Copying 3 resources to META-INF/
[INFO] 
[INFO] --- maven-compiler-plugin:3.5.1:compile (default-compile) @ jsoup ---
[INFO] Changes detected - recompiling the module!
[INFO] Compiling 57 source files to /tmp/Ex2Amplifier-experiments/dataset/may-2018/jsoup/903/target/classes
[INFO] 
[INFO] --- animal-sniffer-maven-plugin:1.15:check (animal-sniffer) @ jsoup ---
[INFO] Checking unresolved references to org.codehaus.mojo.signature:java15:1.0
[INFO] 
[INFO] <<< maven-bundle-plugin:2.5.4:manifest (bundle-manifest) < process-classes @ jsoup <<<
[INFO] 
[INFO] --- maven-bundle-plugin:2.5.4:manifest (bundle-manifest) @ jsoup ---
[INFO] 
[INFO] --- maven-resources-plugin:3.0.1:testResources (default-testResources) @ jsoup ---
[INFO] Using 'UTF-8' encoding to copy filtered resources.
[INFO] Copying 21 resources
[INFO] 
[INFO] --- maven-compiler-plugin:3.5.1:testCompile (default-testCompile) @ jsoup ---
[INFO] Changes detected - recompiling the module!
[INFO] Compiling 30 source files to /tmp/Ex2Amplifier-experiments/dataset/may-2018/jsoup/903/target/test-classes
[INFO] /tmp/Ex2Amplifier-experiments/dataset/may-2018/jsoup/903/src/test/java/org/jsoup/nodes/BuildEntities.java: /tmp/Ex2Amplifier-experiments/dataset/may-2018/jsoup/903/src/test/java/org/jsoup/nodes/BuildEntities.java uses unchecked or unsafe operations.
[INFO] /tmp/Ex2Amplifier-experiments/dataset/may-2018/jsoup/903/src/test/java/org/jsoup/nodes/BuildEntities.java: Recompile with -Xlint:unchecked for details.
[INFO] 
[INFO] --- maven-surefire-plugin:2.12.4:test (default-test) @ jsoup ---
[INFO] Tests are skipped.
[INFO] 
[INFO] --- maven-dependency-plugin:2.8:build-classpath (default-cli) @ jsoup ---
[INFO] Wrote classpath file '/tmp/Ex2Amplifier-experiments/dataset/may-2018/jsoup/903/target/dspot/classpath'.
[INFO] ------------------------------------------------------------------------
[INFO] BUILD SUCCESS
[INFO] ------------------------------------------------------------------------
[INFO] Total time: 8.300 s
[INFO] Finished at: 2018-05-23T14:04:54+02:00
[INFO] Final Memory: 32M/421M
[INFO] ------------------------------------------------------------------------
[14071] WARN AutomaticBuilderFactory - No automatic builder specified in configuration, going to default.
[14071] INFO AutomaticBuilderFactory - Default: provided Maven automatic builder.
[14072] INFO MavenAutomaticBuilder - run maven clean test -DskipTests dependency:build-classpath -Dmdep.outputFile=target/dspot/classpath
[WARN] Maven will be executed in interactive mode, but no input stream has been configured for this MavenInvoker instance.
[INFO] Scanning for projects...
[INFO]                                                                         
[INFO] ------------------------------------------------------------------------
[INFO] Building jsoup Java HTML Parser 1.10.3-SNAPSHOT
[INFO] ------------------------------------------------------------------------
[INFO] 
[INFO] --- maven-clean-plugin:2.5:clean (default-clean) @ jsoup ---
[INFO] 
[INFO] --- maven-resources-plugin:3.0.1:resources (default-resources) @ jsoup ---
[INFO] Using 'UTF-8' encoding to copy filtered resources.
[INFO] Copying 3 resources
[INFO] Copying 3 resources to META-INF/
[INFO] 
[INFO] --- maven-compiler-plugin:3.5.1:compile (default-compile) @ jsoup ---
[INFO] Changes detected - recompiling the module!
[INFO] Compiling 57 source files to /tmp/Ex2Amplifier-experiments/dataset/may-2018/jsoup/903_modified/target/classes
[INFO] 
[INFO] --- animal-sniffer-maven-plugin:1.15:check (animal-sniffer) @ jsoup ---
[INFO] Checking unresolved references to org.codehaus.mojo.signature:java15:1.0
[INFO] 
[INFO] >>> maven-bundle-plugin:2.5.4:manifest (bundle-manifest) > process-classes @ jsoup >>>
[INFO] 
[INFO] --- maven-resources-plugin:3.0.1:resources (default-resources) @ jsoup ---
[INFO] Using 'UTF-8' encoding to copy filtered resources.
[INFO] Copying 3 resources
[INFO] Copying 3 resources to META-INF/
[INFO] 
[INFO] --- maven-compiler-plugin:3.5.1:compile (default-compile) @ jsoup ---
[INFO] Changes detected - recompiling the module!
[INFO] Compiling 57 source files to /tmp/Ex2Amplifier-experiments/dataset/may-2018/jsoup/903_modified/target/classes
[INFO] 
[INFO] --- animal-sniffer-maven-plugin:1.15:check (animal-sniffer) @ jsoup ---
[INFO] Checking unresolved references to org.codehaus.mojo.signature:java15:1.0
[INFO] 
[INFO] <<< maven-bundle-plugin:2.5.4:manifest (bundle-manifest) < process-classes @ jsoup <<<
[INFO] 
[INFO] --- maven-bundle-plugin:2.5.4:manifest (bundle-manifest) @ jsoup ---
[INFO] 
[INFO] --- maven-resources-plugin:3.0.1:testResources (default-testResources) @ jsoup ---
[INFO] Using 'UTF-8' encoding to copy filtered resources.
[INFO] Copying 21 resources
[INFO] 
[INFO] --- maven-compiler-plugin:3.5.1:testCompile (default-testCompile) @ jsoup ---
[INFO] Changes detected - recompiling the module!
[INFO] Compiling 30 source files to /tmp/Ex2Amplifier-experiments/dataset/may-2018/jsoup/903_modified/target/test-classes
[INFO] /tmp/Ex2Amplifier-experiments/dataset/may-2018/jsoup/903_modified/src/test/java/org/jsoup/nodes/BuildEntities.java: /tmp/Ex2Amplifier-experiments/dataset/may-2018/jsoup/903_modified/src/test/java/org/jsoup/nodes/BuildEntities.java uses unchecked or unsafe operations.
[INFO] /tmp/Ex2Amplifier-experiments/dataset/may-2018/jsoup/903_modified/src/test/java/org/jsoup/nodes/BuildEntities.java: Recompile with -Xlint:unchecked for details.
[INFO] 
[INFO] --- maven-surefire-plugin:2.12.4:test (default-test) @ jsoup ---
[INFO] Tests are skipped.
[INFO] 
[INFO] --- maven-dependency-plugin:2.8:build-classpath (default-cli) @ jsoup ---
[INFO] Wrote classpath file '/tmp/Ex2Amplifier-experiments/dataset/may-2018/jsoup/903_modified/target/dspot/classpath'.
[INFO] ------------------------------------------------------------------------
[INFO] BUILD SUCCESS
[INFO] ------------------------------------------------------------------------
[INFO] Total time: 8.273 s
[INFO] Finished at: 2018-05-23T14:05:08+02:00
[INFO] Final Memory: 35M/425M
[INFO] ------------------------------------------------------------------------
[23983] INFO SelectorOnDiff - Selecting according to a diff between dataset/may-2018/jsoup/903/ and dataset/may-2018/jsoup/903_modified/ (f28c024ba127fd701f0d195a359afbabff04d7a1)
[23988] INFO SelectorOnDiff - Modified files:
a/src/test/java/org/jsoup/nodes/NodeTest.java
a/src/main/java/org/jsoup/nodes/Node.java
a/src/main/java/org/jsoup/nodes/Attributes.java
[76059] INFO Amplification - amplification of org.jsoup.select.ElementsTest (2 test(s))
[76283] INFO EntryPoint - Run: java -cp /tmp/Ex2Amplifier-experiments/dataset/may-2018/jsoup/903/target/test-classes:/tmp/Ex2Amplifier-experiments/dataset/may-2018/jsoup/903/target/classes:/home/spirals/danglot/.m2/repository/junit/junit/4.12/junit-4.12.jar:/home/spirals/danglot/.m2/repository/org/hamcrest/hamcrest-core/1.3/hamcrest-core-1.3.jar:/home/spirals/danglot/.m2/repository/com/google/code/gson/gson/2.7/gson-2.7.jar:/tmp/Ex2Amplifier-experiments/target/dspot/dependencies:/home/spirals/danglot/.m2/repository/eu/stamp-project/test-runner/1.0.8/test-runner-1.0.8-jar-with-dependencies.jar eu.stamp_project.testrunner.runner.test.TestRunner org.jsoup.select.ElementsTest attributes:attr
File saved to the following path: /tmp/Ex2Amplifier-experiments/dataset/may-2018/jsoup/903/target/dspot/TestListener.ser
[76767] INFO EntryPoint - Test has been run: attr,attributes
[76767] INFO Amplification - Try to add assertions before amplification
[76820] INFO AssertGenerator - Run tests. (2)
[76934] INFO EntryPoint - Run: java -cp /tmp/Ex2Amplifier-experiments/dataset/may-2018/jsoup/903/target/test-classes:/tmp/Ex2Amplifier-experiments/dataset/may-2018/jsoup/903/target/classes:/home/spirals/danglot/.m2/repository/junit/junit/4.12/junit-4.12.jar:/home/spirals/danglot/.m2/repository/org/hamcrest/hamcrest-core/1.3/hamcrest-core-1.3.jar:/home/spirals/danglot/.m2/repository/com/google/code/gson/gson/2.7/gson-2.7.jar:/tmp/Ex2Amplifier-experiments/target/dspot/dependencies:/home/spirals/danglot/.m2/repository/eu/stamp-project/test-runner/1.0.8/test-runner-1.0.8-jar-with-dependencies.jar eu.stamp_project.testrunner.runner.test.TestRunner org.jsoup.select.ElementsTest attributes:attr
File saved to the following path: /tmp/Ex2Amplifier-experiments/dataset/may-2018/jsoup/903/target/dspot/TestListener.ser
[77434] INFO EntryPoint - Test has been run: attr,attributes
[77435] INFO AssertGenerator - 2 test pass, generating assertion...
[77446] INFO MethodsAssertGenerator - Add observations points in passing tests.
[77446] INFO MethodsAssertGenerator - Instrumentation...
 50% |========================= ]/100% |================================================== ]-
[77495] INFO MethodsAssertGenerator - Run instrumented tests. (6)
[77651] INFO EntryPoint - Run: java -cp /tmp/Ex2Amplifier-experiments/dataset/may-2018/jsoup/903/target/test-classes:/tmp/Ex2Amplifier-experiments/dataset/may-2018/jsoup/903/target/classes:/home/spirals/danglot/.m2/repository/junit/junit/4.12/junit-4.12.jar:/home/spirals/danglot/.m2/repository/org/hamcrest/hamcrest-core/1.3/hamcrest-core-1.3.jar:/home/spirals/danglot/.m2/repository/com/google/code/gson/gson/2.7/gson-2.7.jar:/tmp/Ex2Amplifier-experiments/target/dspot/dependencies:/home/spirals/danglot/.m2/repository/eu/stamp-project/test-runner/1.0.8/test-runner-1.0.8-jar-with-dependencies.jar eu.stamp_project.testrunner.runner.test.TestRunner org.jsoup.select.ElementsTest attributes_withlog0:attr_withlog0:attributes_withlog1:attr_withlog1:attributes_withlog2:attr_withlog2
File saved to the following path: /tmp/Ex2Amplifier-experiments/dataset/may-2018/jsoup/903/target/dspot/observations.ser
File saved to the following path: /tmp/Ex2Amplifier-experiments/dataset/may-2018/jsoup/903/target/dspot/TestListener.ser
[78195] INFO EntryPoint - Test has been run: attr_withlog0,attr_withlog1,attr_withlog2,attributes_withlog0,attributes_withlog1,attributes_withlog2
[78205] INFO MethodsAssertGenerator - Generating assertions...
[78223] INFO AssertGenerator - 2 new tests with assertions generated
[78353] INFO EntryPoint - Run: java -cp /tmp/Ex2Amplifier-experiments/dataset/may-2018/jsoup/903/target/test-classes:/tmp/Ex2Amplifier-experiments/dataset/may-2018/jsoup/903/target/classes:/home/spirals/danglot/.m2/repository/junit/junit/4.12/junit-4.12.jar:/home/spirals/danglot/.m2/repository/org/hamcrest/hamcrest-core/1.3/hamcrest-core-1.3.jar:/home/spirals/danglot/.m2/repository/com/google/code/gson/gson/2.7/gson-2.7.jar:/tmp/Ex2Amplifier-experiments/target/dspot/dependencies:/home/spirals/danglot/.m2/repository/eu/stamp-project/test-runner/1.0.8/test-runner-1.0.8-jar-with-dependencies.jar eu.stamp_project.testrunner.runner.test.TestRunner org.jsoup.select.ElementsTest attributes:attr
File saved to the following path: /tmp/Ex2Amplifier-experiments/dataset/may-2018/jsoup/903/target/dspot/TestListener.ser
[78846] INFO EntryPoint - Test has been run: attr,attributes
[79186] DEBUG Launcher - building sources: [/tmp/Ex2Amplifier-experiments/target/dspot/tmp_test_sources/org/jsoup/select/ElementsTest.java]
[79186] DEBUG Launcher - build args: [-encoding, UTF-8, -cp, /home/spirals/danglot/.m2/repository/junit/junit/4.12/junit-4.12.jar:/home/spirals/danglot/.m2/repository/org/hamcrest/hamcrest-core/1.3/hamcrest-core-1.3.jar:/home/spirals/danglot/.m2/repository/com/google/code/gson/gson/2.7/gson-2.7.jar:target/dspot/dependencies/:dataset/may-2018/jsoup/903//target/classes:dataset/may-2018/jsoup/903//target/test-classes:, -1.8, -preserveAllLocals, -noExit, -enableJavadoc, /tmp/Ex2Amplifier-experiments/target/dspot/tmp_test_sources/org/jsoup/select/ElementsTest.java]
[79232] DEBUG Launcher - built in 46 ms
[79232] DEBUG Launcher - building templates: []
[79232] DEBUG Launcher - built in 0 ms
[79232] DEBUG Launcher - model built in 46
[79233] DEBUG Launcher - compiling sources: [/tmp/Ex2Amplifier-experiments/target/dspot/tmp_test_sources/org/jsoup/select/ElementsTest.java]
[79235] DEBUG Launcher - compile args: [-encoding, UTF-8, -cp, /home/spirals/danglot/.m2/repository/junit/junit/4.12/junit-4.12.jar:/home/spirals/danglot/.m2/repository/org/hamcrest/hamcrest-core/1.3/hamcrest-core-1.3.jar:/home/spirals/danglot/.m2/repository/com/google/code/gson/gson/2.7/gson-2.7.jar:target/dspot/dependencies/:dataset/may-2018/jsoup/903//target/classes:dataset/may-2018/jsoup/903//target/test-classes:, -d, /tmp/Ex2Amplifier-experiments/dataset/may-2018/jsoup/903_modified/target/test-classes, -1.8, -proc:none, -preserveAllLocals, -noExit, -enableJavadoc, /tmp/Ex2Amplifier-experiments/target/dspot/tmp_test_sources/org/jsoup/select/ElementsTest.java]
[79290] DEBUG Launcher - compiled in 57 ms
[79292] INFO EntryPoint - Run: java -cp /home/spirals/danglot/.m2/repository/junit/junit/4.12/junit-4.12.jar:/home/spirals/danglot/.m2/repository/org/hamcrest/hamcrest-core/1.3/hamcrest-core-1.3.jar:/home/spirals/danglot/.m2/repository/com/google/code/gson/gson/2.7/gson-2.7.jar:target/dspot/dependencies/:/tmp/Ex2Amplifier-experiments/dataset/may-2018/jsoup/903_modified/target/classes:/tmp/Ex2Amplifier-experiments/dataset/may-2018/jsoup/903_modified/target/test-classes:/home/spirals/danglot/.m2/repository/eu/stamp-project/test-runner/1.0.8/test-runner-1.0.8-jar-with-dependencies.jar eu.stamp_project.testrunner.runner.test.TestRunner org.jsoup.select.ElementsTest attributes:attr
File saved to the following path: /tmp/Ex2Amplifier-experiments/dataset/may-2018/jsoup/903/target/dspot/TestListener.ser
[79712] INFO EntryPoint - Test has been run: attr,attributes
[79713] INFO Amplification - 0 amplified test(s) has been selected, global: 0
[79713] INFO DSpot - elapsedTime 3674
======= REPORT =======
0 amplified test fails on the new versions.

[80032] INFO DSpot - Print AmplElementsTest with 0?amplified test cases in results/may-2018/jsoup/903/A_ampl
[80033] DEBUG Launcher - printing org.jsoup.select.AmplElementsTest to /tmp/Ex2Amplifier-experiments/results/may-2018/jsoup/903/A_ampl
[80070] INFO Amplification - amplification of org.jsoup.select.SelectorTest (1 test(s))
[80107] DEBUG Launcher - printing org.jsoup.select.SelectorTest to /tmp/Ex2Amplifier-experiments/target/dspot/tmp_test_sources
[80211] INFO EntryPoint - Run: java -cp /tmp/Ex2Amplifier-experiments/dataset/may-2018/jsoup/903/target/test-classes:/tmp/Ex2Amplifier-experiments/dataset/may-2018/jsoup/903/target/classes:/home/spirals/danglot/.m2/repository/junit/junit/4.12/junit-4.12.jar:/home/spirals/danglot/.m2/repository/org/hamcrest/hamcrest-core/1.3/hamcrest-core-1.3.jar:/home/spirals/danglot/.m2/repository/com/google/code/gson/gson/2.7/gson-2.7.jar:/tmp/Ex2Amplifier-experiments/target/dspot/dependencies:/home/spirals/danglot/.m2/repository/eu/stamp-project/test-runner/1.0.8/test-runner-1.0.8-jar-with-dependencies.jar eu.stamp_project.testrunner.runner.test.TestRunner org.jsoup.select.SelectorTest attributeWithBrackets
File saved to the following path: /tmp/Ex2Amplifier-experiments/dataset/may-2018/jsoup/903/target/dspot/TestListener.ser
[80669] INFO EntryPoint - Test has been run: attributeWithBrackets
[80669] INFO Amplification - Try to add assertions before amplification
[80698] INFO AssertGenerator - Run tests. (1)
[80717] DEBUG Launcher - printing org.jsoup.select.SelectorTest to /tmp/Ex2Amplifier-experiments/target/dspot/tmp_test_sources
[80808] INFO EntryPoint - Run: java -cp /tmp/Ex2Amplifier-experiments/dataset/may-2018/jsoup/903/target/test-classes:/tmp/Ex2Amplifier-experiments/dataset/may-2018/jsoup/903/target/classes:/home/spirals/danglot/.m2/repository/junit/junit/4.12/junit-4.12.jar:/home/spirals/danglot/.m2/repository/org/hamcrest/hamcrest-core/1.3/hamcrest-core-1.3.jar:/home/spirals/danglot/.m2/repository/com/google/code/gson/gson/2.7/gson-2.7.jar:/tmp/Ex2Amplifier-experiments/target/dspot/dependencies:/home/spirals/danglot/.m2/repository/eu/stamp-project/test-runner/1.0.8/test-runner-1.0.8-jar-with-dependencies.jar eu.stamp_project.testrunner.runner.test.TestRunner org.jsoup.select.SelectorTest attributeWithBrackets
File saved to the following path: /tmp/Ex2Amplifier-experiments/dataset/may-2018/jsoup/903/target/dspot/TestListener.ser
[81274] INFO EntryPoint - Test has been run: attributeWithBrackets
[81275] INFO AssertGenerator - 1 test pass, generating assertion...
[81288] INFO MethodsAssertGenerator - Add observations points in passing tests.
[81288] INFO MethodsAssertGenerator - Instrumentation...
100% |================================================== ]/
[81293] INFO MethodsAssertGenerator - Run instrumented tests. (3)
[81311] DEBUG Launcher - printing org.jsoup.select.SelectorTest to /tmp/Ex2Amplifier-experiments/target/dspot/tmp_test_sources
[81401] INFO EntryPoint - Run: java -cp /tmp/Ex2Amplifier-experiments/dataset/may-2018/jsoup/903/target/test-classes:/tmp/Ex2Amplifier-experiments/dataset/may-2018/jsoup/903/target/classes:/home/spirals/danglot/.m2/repository/junit/junit/4.12/junit-4.12.jar:/home/spirals/danglot/.m2/repository/org/hamcrest/hamcrest-core/1.3/hamcrest-core-1.3.jar:/home/spirals/danglot/.m2/repository/com/google/code/gson/gson/2.7/gson-2.7.jar:/tmp/Ex2Amplifier-experiments/target/dspot/dependencies:/home/spirals/danglot/.m2/repository/eu/stamp-project/test-runner/1.0.8/test-runner-1.0.8-jar-with-dependencies.jar eu.stamp_project.testrunner.runner.test.TestRunner org.jsoup.select.SelectorTest attributeWithBrackets_withlog0:attributeWithBrackets_withlog1:attributeWithBrackets_withlog2
File saved to the following path: /tmp/Ex2Amplifier-experiments/dataset/may-2018/jsoup/903/target/dspot/observations.ser
File saved to the following path: /tmp/Ex2Amplifier-experiments/dataset/may-2018/jsoup/903/target/dspot/TestListener.ser
[81883] INFO EntryPoint - Test has been run: attributeWithBrackets_withlog0,attributeWithBrackets_withlog1,attributeWithBrackets_withlog2
[81884] INFO MethodsAssertGenerator - Generating assertions...
[81887] INFO AssertGenerator - 1 new tests with assertions generated
[81921] DEBUG Launcher - printing org.jsoup.select.SelectorTest to /tmp/Ex2Amplifier-experiments/target/dspot/tmp_test_sources
[82011] INFO EntryPoint - Run: java -cp /tmp/Ex2Amplifier-experiments/dataset/may-2018/jsoup/903/target/test-classes:/tmp/Ex2Amplifier-experiments/dataset/may-2018/jsoup/903/target/classes:/home/spirals/danglot/.m2/repository/junit/junit/4.12/junit-4.12.jar:/home/spirals/danglot/.m2/repository/org/hamcrest/hamcrest-core/1.3/hamcrest-core-1.3.jar:/home/spirals/danglot/.m2/repository/com/google/code/gson/gson/2.7/gson-2.7.jar:/tmp/Ex2Amplifier-experiments/target/dspot/dependencies:/home/spirals/danglot/.m2/repository/eu/stamp-project/test-runner/1.0.8/test-runner-1.0.8-jar-with-dependencies.jar eu.stamp_project.testrunner.runner.test.TestRunner org.jsoup.select.SelectorTest attributeWithBrackets
File saved to the following path: /tmp/Ex2Amplifier-experiments/dataset/may-2018/jsoup/903/target/dspot/TestListener.ser
[82462] INFO EntryPoint - Test has been run: attributeWithBrackets
[82812] DEBUG Launcher - printing org.jsoup.select.SelectorTest to /tmp/Ex2Amplifier-experiments/target/dspot/tmp_test_sources
[82831] DEBUG Launcher - building sources: [/tmp/Ex2Amplifier-experiments/target/dspot/tmp_test_sources/org/jsoup/select/SelectorTest.java]
[82831] DEBUG Launcher - build args: [-encoding, UTF-8, -cp, /home/spirals/danglot/.m2/repository/junit/junit/4.12/junit-4.12.jar:/home/spirals/danglot/.m2/repository/org/hamcrest/hamcrest-core/1.3/hamcrest-core-1.3.jar:/home/spirals/danglot/.m2/repository/com/google/code/gson/gson/2.7/gson-2.7.jar:target/dspot/dependencies/:dataset/may-2018/jsoup/903//target/classes:dataset/may-2018/jsoup/903//target/test-classes:, -1.8, -preserveAllLocals, -noExit, -enableJavadoc, /tmp/Ex2Amplifier-experiments/target/dspot/tmp_test_sources/org/jsoup/select/SelectorTest.java]
[82876] DEBUG Launcher - built in 45 ms
[82876] DEBUG Launcher - building templates: []
[82876] DEBUG Launcher - built in 0 ms
[82876] DEBUG Launcher - model built in 45
[82876] DEBUG Launcher - compiling sources: [/tmp/Ex2Amplifier-experiments/target/dspot/tmp_test_sources/org/jsoup/select/SelectorTest.java]
[82877] DEBUG Launcher - compile args: [-encoding, UTF-8, -cp, /home/spirals/danglot/.m2/repository/junit/junit/4.12/junit-4.12.jar:/home/spirals/danglot/.m2/repository/org/hamcrest/hamcrest-core/1.3/hamcrest-core-1.3.jar:/home/spirals/danglot/.m2/repository/com/google/code/gson/gson/2.7/gson-2.7.jar:target/dspot/dependencies/:dataset/may-2018/jsoup/903//target/classes:dataset/may-2018/jsoup/903//target/test-classes:, -d, /tmp/Ex2Amplifier-experiments/dataset/may-2018/jsoup/903_modified/target/test-classes, -1.8, -proc:none, -preserveAllLocals, -noExit, -enableJavadoc, /tmp/Ex2Amplifier-experiments/target/dspot/tmp_test_sources/org/jsoup/select/SelectorTest.java]
[82920] DEBUG Launcher - compiled in 44 ms
[82920] INFO EntryPoint - Run: java -cp /home/spirals/danglot/.m2/repository/junit/junit/4.12/junit-4.12.jar:/home/spirals/danglot/.m2/repository/org/hamcrest/hamcrest-core/1.3/hamcrest-core-1.3.jar:/home/spirals/danglot/.m2/repository/com/google/code/gson/gson/2.7/gson-2.7.jar:target/dspot/dependencies/:/tmp/Ex2Amplifier-experiments/dataset/may-2018/jsoup/903_modified/target/classes:/tmp/Ex2Amplifier-experiments/dataset/may-2018/jsoup/903_modified/target/test-classes:/home/spirals/danglot/.m2/repository/eu/stamp-project/test-runner/1.0.8/test-runner-1.0.8-jar-with-dependencies.jar eu.stamp_project.testrunner.runner.test.TestRunner org.jsoup.select.SelectorTest attributeWithBrackets
File saved to the following path: /tmp/Ex2Amplifier-experiments/dataset/may-2018/jsoup/903/target/dspot/TestListener.ser
[83355] INFO EntryPoint - Test has been run: attributeWithBrackets
[83355] INFO Amplification - 0 amplified test(s) has been selected, global: 0
[83355] INFO DSpot - elapsedTime 3295
======= REPORT =======
0 amplified test fails on the new versions.

[83677] INFO DSpot - Print AmplSelectorTest with 0?amplified test cases in results/may-2018/jsoup/903/A_ampl
[83678] DEBUG Launcher - printing org.jsoup.select.AmplSelectorTest to /tmp/Ex2Amplifier-experiments/results/may-2018/jsoup/903/A_ampl
