SLF4J: Class path contains multiple SLF4J bindings.
SLF4J: Found binding in [jar:file:/home/spirals/danglot/.m2/repository/eu/stamp-project/test-runner/1.0.8/test-runner-1.0.8-jar-with-dependencies.jar!/org/slf4j/impl/StaticLoggerBinder.class]
SLF4J: Found binding in [jar:file:/home/spirals/danglot/.m2/repository/org/slf4j/slf4j-log4j12/1.7.25/slf4j-log4j12-1.7.25.jar!/org/slf4j/impl/StaticLoggerBinder.class]
SLF4J: See http://www.slf4j.org/codes.html#multiple_bindings for an explanation.
SLF4J: Actual binding is of type [org.slf4j.impl.Log4jLoggerFactory]
[1] WARN AutomaticBuilderFactory - No automatic builder specified in configuration, going to default.
[1] INFO AutomaticBuilderFactory - Default: provided Maven automatic builder.
[12] INFO MavenAutomaticBuilder - run maven clean test -DskipTests dependency:build-classpath -Dmdep.outputFile=target/dspot/classpath
[WARN] Maven will be executed in interactive mode, but no input stream has been configured for this MavenInvoker instance.
[INFO] Scanning for projects...
[INFO]                                                                         
[INFO] ------------------------------------------------------------------------
[INFO] Building jsoup Java HTML Parser 1.10.3-SNAPSHOT
[INFO] ------------------------------------------------------------------------
[INFO] 
[INFO] --- maven-clean-plugin:2.5:clean (default-clean) @ jsoup ---
[INFO] Deleting /tmp/Ex2Amplifier-experiments/dataset/may-2018/jsoup/903_modified/target
[INFO] 
[INFO] --- maven-resources-plugin:3.0.1:resources (default-resources) @ jsoup ---
[INFO] Using 'UTF-8' encoding to copy filtered resources.
[INFO] Copying 3 resources
[INFO] Copying 3 resources to META-INF/
[INFO] 
[INFO] --- maven-compiler-plugin:3.5.1:compile (default-compile) @ jsoup ---
[INFO] Changes detected - recompiling the module!
[INFO] Compiling 57 source files to /tmp/Ex2Amplifier-experiments/dataset/may-2018/jsoup/903_modified/target/classes
[INFO] 
[INFO] --- animal-sniffer-maven-plugin:1.15:check (animal-sniffer) @ jsoup ---
[INFO] Checking unresolved references to org.codehaus.mojo.signature:java15:1.0
[INFO] 
[INFO] >>> maven-bundle-plugin:2.5.4:manifest (bundle-manifest) > process-classes @ jsoup >>>
[INFO] 
[INFO] --- maven-resources-plugin:3.0.1:resources (default-resources) @ jsoup ---
[INFO] Using 'UTF-8' encoding to copy filtered resources.
[INFO] Copying 3 resources
[INFO] Copying 3 resources to META-INF/
[INFO] 
[INFO] --- maven-compiler-plugin:3.5.1:compile (default-compile) @ jsoup ---
[INFO] Changes detected - recompiling the module!
[INFO] Compiling 57 source files to /tmp/Ex2Amplifier-experiments/dataset/may-2018/jsoup/903_modified/target/classes
[INFO] 
[INFO] --- animal-sniffer-maven-plugin:1.15:check (animal-sniffer) @ jsoup ---
[INFO] Checking unresolved references to org.codehaus.mojo.signature:java15:1.0
[INFO] 
[INFO] <<< maven-bundle-plugin:2.5.4:manifest (bundle-manifest) < process-classes @ jsoup <<<
[INFO] 
[INFO] --- maven-bundle-plugin:2.5.4:manifest (bundle-manifest) @ jsoup ---
[INFO] 
[INFO] --- maven-resources-plugin:3.0.1:testResources (default-testResources) @ jsoup ---
[INFO] Using 'UTF-8' encoding to copy filtered resources.
[INFO] Copying 21 resources
[INFO] 
[INFO] --- maven-compiler-plugin:3.5.1:testCompile (default-testCompile) @ jsoup ---
[INFO] Changes detected - recompiling the module!
[INFO] Compiling 30 source files to /tmp/Ex2Amplifier-experiments/dataset/may-2018/jsoup/903_modified/target/test-classes
[INFO] /tmp/Ex2Amplifier-experiments/dataset/may-2018/jsoup/903_modified/src/test/java/org/jsoup/nodes/BuildEntities.java: /tmp/Ex2Amplifier-experiments/dataset/may-2018/jsoup/903_modified/src/test/java/org/jsoup/nodes/BuildEntities.java uses unchecked or unsafe operations.
[INFO] /tmp/Ex2Amplifier-experiments/dataset/may-2018/jsoup/903_modified/src/test/java/org/jsoup/nodes/BuildEntities.java: Recompile with -Xlint:unchecked for details.
[INFO] 
[INFO] --- maven-surefire-plugin:2.12.4:test (default-test) @ jsoup ---
[INFO] Tests are skipped.
[INFO] 
[INFO] --- maven-dependency-plugin:2.8:build-classpath (default-cli) @ jsoup ---
[INFO] Wrote classpath file '/tmp/Ex2Amplifier-experiments/dataset/may-2018/jsoup/903_modified/target/dspot/classpath'.
[INFO] ------------------------------------------------------------------------
[INFO] BUILD SUCCESS
[INFO] ------------------------------------------------------------------------
[INFO] Total time: 8.521 s
[INFO] Finished at: 2018-05-23T14:07:47+02:00
[INFO] Final Memory: 35M/406M
[INFO] ------------------------------------------------------------------------
[14542] WARN AutomaticBuilderFactory - No automatic builder specified in configuration, going to default.
[14542] INFO AutomaticBuilderFactory - Default: provided Maven automatic builder.
[14543] INFO MavenAutomaticBuilder - run maven clean test -DskipTests dependency:build-classpath -Dmdep.outputFile=target/dspot/classpath
[WARN] Maven will be executed in interactive mode, but no input stream has been configured for this MavenInvoker instance.
[INFO] Scanning for projects...
[INFO]                                                                         
[INFO] ------------------------------------------------------------------------
[INFO] Building jsoup Java HTML Parser 1.10.3-SNAPSHOT
[INFO] ------------------------------------------------------------------------
[INFO] 
[INFO] --- maven-clean-plugin:2.5:clean (default-clean) @ jsoup ---
[INFO] Deleting /tmp/Ex2Amplifier-experiments/dataset/may-2018/jsoup/903/target
[INFO] 
[INFO] --- maven-resources-plugin:3.0.1:resources (default-resources) @ jsoup ---
[INFO] Using 'UTF-8' encoding to copy filtered resources.
[INFO] Copying 3 resources
[INFO] Copying 3 resources to META-INF/
[INFO] 
[INFO] --- maven-compiler-plugin:3.5.1:compile (default-compile) @ jsoup ---
[INFO] Changes detected - recompiling the module!
[INFO] Compiling 57 source files to /tmp/Ex2Amplifier-experiments/dataset/may-2018/jsoup/903/target/classes
[INFO] 
[INFO] --- animal-sniffer-maven-plugin:1.15:check (animal-sniffer) @ jsoup ---
[INFO] Checking unresolved references to org.codehaus.mojo.signature:java15:1.0
[INFO] 
[INFO] >>> maven-bundle-plugin:2.5.4:manifest (bundle-manifest) > process-classes @ jsoup >>>
[INFO] 
[INFO] --- maven-resources-plugin:3.0.1:resources (default-resources) @ jsoup ---
[INFO] Using 'UTF-8' encoding to copy filtered resources.
[INFO] Copying 3 resources
[INFO] Copying 3 resources to META-INF/
[INFO] 
[INFO] --- maven-compiler-plugin:3.5.1:compile (default-compile) @ jsoup ---
[INFO] Changes detected - recompiling the module!
[INFO] Compiling 57 source files to /tmp/Ex2Amplifier-experiments/dataset/may-2018/jsoup/903/target/classes
[INFO] 
[INFO] --- animal-sniffer-maven-plugin:1.15:check (animal-sniffer) @ jsoup ---
[INFO] Checking unresolved references to org.codehaus.mojo.signature:java15:1.0
[INFO] 
[INFO] <<< maven-bundle-plugin:2.5.4:manifest (bundle-manifest) < process-classes @ jsoup <<<
[INFO] 
[INFO] --- maven-bundle-plugin:2.5.4:manifest (bundle-manifest) @ jsoup ---
[INFO] 
[INFO] --- maven-resources-plugin:3.0.1:testResources (default-testResources) @ jsoup ---
[INFO] Using 'UTF-8' encoding to copy filtered resources.
[INFO] Copying 21 resources
[INFO] 
[INFO] --- maven-compiler-plugin:3.5.1:testCompile (default-testCompile) @ jsoup ---
[INFO] Changes detected - recompiling the module!
[INFO] Compiling 30 source files to /tmp/Ex2Amplifier-experiments/dataset/may-2018/jsoup/903/target/test-classes
[INFO] /tmp/Ex2Amplifier-experiments/dataset/may-2018/jsoup/903/src/test/java/org/jsoup/nodes/BuildEntities.java: /tmp/Ex2Amplifier-experiments/dataset/may-2018/jsoup/903/src/test/java/org/jsoup/nodes/BuildEntities.java uses unchecked or unsafe operations.
[INFO] /tmp/Ex2Amplifier-experiments/dataset/may-2018/jsoup/903/src/test/java/org/jsoup/nodes/BuildEntities.java: Recompile with -Xlint:unchecked for details.
[INFO] 
[INFO] --- maven-surefire-plugin:2.12.4:test (default-test) @ jsoup ---
[INFO] Tests are skipped.
[INFO] 
[INFO] --- maven-dependency-plugin:2.8:build-classpath (default-cli) @ jsoup ---
[INFO] Wrote classpath file '/tmp/Ex2Amplifier-experiments/dataset/may-2018/jsoup/903/target/dspot/classpath'.
[INFO] ------------------------------------------------------------------------
[INFO] BUILD SUCCESS
[INFO] ------------------------------------------------------------------------
[INFO] Total time: 8.497 s
[INFO] Finished at: 2018-05-23T14:08:01+02:00
[INFO] Final Memory: 36M/434M
[INFO] ------------------------------------------------------------------------
[24664] INFO SelectorOnDiff - Selecting according to a diff between dataset/may-2018/jsoup/903_modified/ and dataset/may-2018/jsoup/903/ (0bc3e387489fe938fad12e0f71f99f05a9b58289)
[24689] INFO SelectorOnDiff - Modified files:
a/src/test/java/org/jsoup/nodes/NodeTest.java
a/src/main/java/org/jsoup/nodes/Node.java
a/src/main/java/org/jsoup/nodes/Attributes.java
[77012] INFO Amplification - amplification of org.jsoup.select.ElementsTest (2 test(s))
[77246] INFO EntryPoint - Run: java -cp /tmp/Ex2Amplifier-experiments/dataset/may-2018/jsoup/903_modified/target/test-classes:/tmp/Ex2Amplifier-experiments/dataset/may-2018/jsoup/903_modified/target/classes:/home/spirals/danglot/.m2/repository/junit/junit/4.12/junit-4.12.jar:/home/spirals/danglot/.m2/repository/org/hamcrest/hamcrest-core/1.3/hamcrest-core-1.3.jar:/home/spirals/danglot/.m2/repository/com/google/code/gson/gson/2.7/gson-2.7.jar:/tmp/Ex2Amplifier-experiments/target/dspot/dependencies:/home/spirals/danglot/.m2/repository/eu/stamp-project/test-runner/1.0.8/test-runner-1.0.8-jar-with-dependencies.jar eu.stamp_project.testrunner.runner.test.TestRunner org.jsoup.select.ElementsTest attributes:attr
File saved to the following path: /tmp/Ex2Amplifier-experiments/dataset/may-2018/jsoup/903_modified/target/dspot/TestListener.ser
[77726] INFO EntryPoint - Test has been run: attr,attributes
[77727] INFO Amplification - Try to add assertions before amplification
[77779] INFO AssertGenerator - Run tests. (2)
[77897] INFO EntryPoint - Run: java -cp /tmp/Ex2Amplifier-experiments/dataset/may-2018/jsoup/903_modified/target/test-classes:/tmp/Ex2Amplifier-experiments/dataset/may-2018/jsoup/903_modified/target/classes:/home/spirals/danglot/.m2/repository/junit/junit/4.12/junit-4.12.jar:/home/spirals/danglot/.m2/repository/org/hamcrest/hamcrest-core/1.3/hamcrest-core-1.3.jar:/home/spirals/danglot/.m2/repository/com/google/code/gson/gson/2.7/gson-2.7.jar:/tmp/Ex2Amplifier-experiments/target/dspot/dependencies:/home/spirals/danglot/.m2/repository/eu/stamp-project/test-runner/1.0.8/test-runner-1.0.8-jar-with-dependencies.jar eu.stamp_project.testrunner.runner.test.TestRunner org.jsoup.select.ElementsTest attributes:attr
File saved to the following path: /tmp/Ex2Amplifier-experiments/dataset/may-2018/jsoup/903_modified/target/dspot/TestListener.ser
[78380] INFO EntryPoint - Test has been run: attr,attributes
[78381] INFO AssertGenerator - 2 test pass, generating assertion...
[78391] INFO MethodsAssertGenerator - Add observations points in passing tests.
[78391] INFO MethodsAssertGenerator - Instrumentation...
 50% |========================= ]/100% |================================================== ]-
[78434] INFO MethodsAssertGenerator - Run instrumented tests. (6)
[78585] INFO EntryPoint - Run: java -cp /tmp/Ex2Amplifier-experiments/dataset/may-2018/jsoup/903_modified/target/test-classes:/tmp/Ex2Amplifier-experiments/dataset/may-2018/jsoup/903_modified/target/classes:/home/spirals/danglot/.m2/repository/junit/junit/4.12/junit-4.12.jar:/home/spirals/danglot/.m2/repository/org/hamcrest/hamcrest-core/1.3/hamcrest-core-1.3.jar:/home/spirals/danglot/.m2/repository/com/google/code/gson/gson/2.7/gson-2.7.jar:/tmp/Ex2Amplifier-experiments/target/dspot/dependencies:/home/spirals/danglot/.m2/repository/eu/stamp-project/test-runner/1.0.8/test-runner-1.0.8-jar-with-dependencies.jar eu.stamp_project.testrunner.runner.test.TestRunner org.jsoup.select.ElementsTest attributes_withlog0:attr_withlog0:attributes_withlog1:attr_withlog1:attributes_withlog2:attr_withlog2
File saved to the following path: /tmp/Ex2Amplifier-experiments/dataset/may-2018/jsoup/903_modified/target/dspot/observations.ser
File saved to the following path: /tmp/Ex2Amplifier-experiments/dataset/may-2018/jsoup/903_modified/target/dspot/TestListener.ser
[79138] INFO EntryPoint - Test has been run: attr_withlog0,attr_withlog1,attr_withlog2,attributes_withlog0,attributes_withlog1,attributes_withlog2
[79147] INFO MethodsAssertGenerator - Generating assertions...
[79164] INFO AssertGenerator - 2 new tests with assertions generated
[79294] INFO EntryPoint - Run: java -cp /tmp/Ex2Amplifier-experiments/dataset/may-2018/jsoup/903_modified/target/test-classes:/tmp/Ex2Amplifier-experiments/dataset/may-2018/jsoup/903_modified/target/classes:/home/spirals/danglot/.m2/repository/junit/junit/4.12/junit-4.12.jar:/home/spirals/danglot/.m2/repository/org/hamcrest/hamcrest-core/1.3/hamcrest-core-1.3.jar:/home/spirals/danglot/.m2/repository/com/google/code/gson/gson/2.7/gson-2.7.jar:/tmp/Ex2Amplifier-experiments/target/dspot/dependencies:/home/spirals/danglot/.m2/repository/eu/stamp-project/test-runner/1.0.8/test-runner-1.0.8-jar-with-dependencies.jar eu.stamp_project.testrunner.runner.test.TestRunner org.jsoup.select.ElementsTest attributes:attr
File saved to the following path: /tmp/Ex2Amplifier-experiments/dataset/may-2018/jsoup/903_modified/target/dspot/TestListener.ser
[79748] INFO EntryPoint - Test has been run: attr,attributes
[80085] DEBUG Launcher - building sources: [/tmp/Ex2Amplifier-experiments/target/dspot/tmp_test_sources/org/jsoup/select/ElementsTest.java]
[80085] DEBUG Launcher - build args: [-encoding, UTF-8, -cp, /home/spirals/danglot/.m2/repository/junit/junit/4.12/junit-4.12.jar:/home/spirals/danglot/.m2/repository/org/hamcrest/hamcrest-core/1.3/hamcrest-core-1.3.jar:/home/spirals/danglot/.m2/repository/com/google/code/gson/gson/2.7/gson-2.7.jar:target/dspot/dependencies/:dataset/may-2018/jsoup/903_modified//target/classes:dataset/may-2018/jsoup/903_modified//target/test-classes:, -1.8, -preserveAllLocals, -noExit, -enableJavadoc, /tmp/Ex2Amplifier-experiments/target/dspot/tmp_test_sources/org/jsoup/select/ElementsTest.java]
[80131] DEBUG Launcher - built in 46 ms
[80131] DEBUG Launcher - building templates: []
[80131] DEBUG Launcher - built in 0 ms
[80132] DEBUG Launcher - model built in 48
[80133] DEBUG Launcher - compiling sources: [/tmp/Ex2Amplifier-experiments/target/dspot/tmp_test_sources/org/jsoup/select/ElementsTest.java]
[80135] DEBUG Launcher - compile args: [-encoding, UTF-8, -cp, /home/spirals/danglot/.m2/repository/junit/junit/4.12/junit-4.12.jar:/home/spirals/danglot/.m2/repository/org/hamcrest/hamcrest-core/1.3/hamcrest-core-1.3.jar:/home/spirals/danglot/.m2/repository/com/google/code/gson/gson/2.7/gson-2.7.jar:target/dspot/dependencies/:dataset/may-2018/jsoup/903_modified//target/classes:dataset/may-2018/jsoup/903_modified//target/test-classes:, -d, /tmp/Ex2Amplifier-experiments/dataset/may-2018/jsoup/903/target/test-classes, -1.8, -proc:none, -preserveAllLocals, -noExit, -enableJavadoc, /tmp/Ex2Amplifier-experiments/target/dspot/tmp_test_sources/org/jsoup/select/ElementsTest.java]
[80199] DEBUG Launcher - compiled in 66 ms
[80201] INFO EntryPoint - Run: java -cp /home/spirals/danglot/.m2/repository/junit/junit/4.12/junit-4.12.jar:/home/spirals/danglot/.m2/repository/org/hamcrest/hamcrest-core/1.3/hamcrest-core-1.3.jar:/home/spirals/danglot/.m2/repository/com/google/code/gson/gson/2.7/gson-2.7.jar:target/dspot/dependencies/:/tmp/Ex2Amplifier-experiments/dataset/may-2018/jsoup/903/target/classes:/tmp/Ex2Amplifier-experiments/dataset/may-2018/jsoup/903/target/test-classes:/home/spirals/danglot/.m2/repository/eu/stamp-project/test-runner/1.0.8/test-runner-1.0.8-jar-with-dependencies.jar eu.stamp_project.testrunner.runner.test.TestRunner org.jsoup.select.ElementsTest attributes:attr
File saved to the following path: /tmp/Ex2Amplifier-experiments/dataset/may-2018/jsoup/903_modified/target/dspot/TestListener.ser
[80626] INFO EntryPoint - Test has been run: attr,attributes
[80627] INFO Amplification - 0 amplified test(s) has been selected, global: 0
[80627] INFO DSpot - elapsedTime 3635
======= REPORT =======
0 amplified test fails on the new versions.

[80945] INFO DSpot - Print AmplElementsTest with 0?amplified test cases in results/may-2018/jsoup/903_modified/A_ampl
[80945] DEBUG Launcher - printing org.jsoup.select.AmplElementsTest to /tmp/Ex2Amplifier-experiments/results/may-2018/jsoup/903_modified/A_ampl
[80992] INFO Amplification - amplification of org.jsoup.select.SelectorTest (1 test(s))
[81028] DEBUG Launcher - printing org.jsoup.select.SelectorTest to /tmp/Ex2Amplifier-experiments/target/dspot/tmp_test_sources
[81134] INFO EntryPoint - Run: java -cp /tmp/Ex2Amplifier-experiments/dataset/may-2018/jsoup/903_modified/target/test-classes:/tmp/Ex2Amplifier-experiments/dataset/may-2018/jsoup/903_modified/target/classes:/home/spirals/danglot/.m2/repository/junit/junit/4.12/junit-4.12.jar:/home/spirals/danglot/.m2/repository/org/hamcrest/hamcrest-core/1.3/hamcrest-core-1.3.jar:/home/spirals/danglot/.m2/repository/com/google/code/gson/gson/2.7/gson-2.7.jar:/tmp/Ex2Amplifier-experiments/target/dspot/dependencies:/home/spirals/danglot/.m2/repository/eu/stamp-project/test-runner/1.0.8/test-runner-1.0.8-jar-with-dependencies.jar eu.stamp_project.testrunner.runner.test.TestRunner org.jsoup.select.SelectorTest attributeWithBrackets
File saved to the following path: /tmp/Ex2Amplifier-experiments/dataset/may-2018/jsoup/903_modified/target/dspot/TestListener.ser
[81573] INFO EntryPoint - Test has been run: attributeWithBrackets
[81573] INFO Amplification - Try to add assertions before amplification
[81603] INFO AssertGenerator - Run tests. (1)
[81622] DEBUG Launcher - printing org.jsoup.select.SelectorTest to /tmp/Ex2Amplifier-experiments/target/dspot/tmp_test_sources
[81714] INFO EntryPoint - Run: java -cp /tmp/Ex2Amplifier-experiments/dataset/may-2018/jsoup/903_modified/target/test-classes:/tmp/Ex2Amplifier-experiments/dataset/may-2018/jsoup/903_modified/target/classes:/home/spirals/danglot/.m2/repository/junit/junit/4.12/junit-4.12.jar:/home/spirals/danglot/.m2/repository/org/hamcrest/hamcrest-core/1.3/hamcrest-core-1.3.jar:/home/spirals/danglot/.m2/repository/com/google/code/gson/gson/2.7/gson-2.7.jar:/tmp/Ex2Amplifier-experiments/target/dspot/dependencies:/home/spirals/danglot/.m2/repository/eu/stamp-project/test-runner/1.0.8/test-runner-1.0.8-jar-with-dependencies.jar eu.stamp_project.testrunner.runner.test.TestRunner org.jsoup.select.SelectorTest attributeWithBrackets
File saved to the following path: /tmp/Ex2Amplifier-experiments/dataset/may-2018/jsoup/903_modified/target/dspot/TestListener.ser
[82173] INFO EntryPoint - Test has been run: attributeWithBrackets
[82174] INFO AssertGenerator - 1 test pass, generating assertion...
[82188] INFO MethodsAssertGenerator - Add observations points in passing tests.
[82188] INFO MethodsAssertGenerator - Instrumentation...
100% |================================================== ]/
[82194] INFO MethodsAssertGenerator - Run instrumented tests. (3)
[82212] DEBUG Launcher - printing org.jsoup.select.SelectorTest to /tmp/Ex2Amplifier-experiments/target/dspot/tmp_test_sources
[82305] INFO EntryPoint - Run: java -cp /tmp/Ex2Amplifier-experiments/dataset/may-2018/jsoup/903_modified/target/test-classes:/tmp/Ex2Amplifier-experiments/dataset/may-2018/jsoup/903_modified/target/classes:/home/spirals/danglot/.m2/repository/junit/junit/4.12/junit-4.12.jar:/home/spirals/danglot/.m2/repository/org/hamcrest/hamcrest-core/1.3/hamcrest-core-1.3.jar:/home/spirals/danglot/.m2/repository/com/google/code/gson/gson/2.7/gson-2.7.jar:/tmp/Ex2Amplifier-experiments/target/dspot/dependencies:/home/spirals/danglot/.m2/repository/eu/stamp-project/test-runner/1.0.8/test-runner-1.0.8-jar-with-dependencies.jar eu.stamp_project.testrunner.runner.test.TestRunner org.jsoup.select.SelectorTest attributeWithBrackets_withlog0:attributeWithBrackets_withlog1:attributeWithBrackets_withlog2
File saved to the following path: /tmp/Ex2Amplifier-experiments/dataset/may-2018/jsoup/903_modified/target/dspot/observations.ser
File saved to the following path: /tmp/Ex2Amplifier-experiments/dataset/may-2018/jsoup/903_modified/target/dspot/TestListener.ser
[82788] INFO EntryPoint - Test has been run: attributeWithBrackets_withlog0,attributeWithBrackets_withlog1,attributeWithBrackets_withlog2
[82789] INFO MethodsAssertGenerator - Generating assertions...
[82792] INFO AssertGenerator - 1 new tests with assertions generated
[82822] DEBUG Launcher - printing org.jsoup.select.SelectorTest to /tmp/Ex2Amplifier-experiments/target/dspot/tmp_test_sources
[82907] INFO EntryPoint - Run: java -cp /tmp/Ex2Amplifier-experiments/dataset/may-2018/jsoup/903_modified/target/test-classes:/tmp/Ex2Amplifier-experiments/dataset/may-2018/jsoup/903_modified/target/classes:/home/spirals/danglot/.m2/repository/junit/junit/4.12/junit-4.12.jar:/home/spirals/danglot/.m2/repository/org/hamcrest/hamcrest-core/1.3/hamcrest-core-1.3.jar:/home/spirals/danglot/.m2/repository/com/google/code/gson/gson/2.7/gson-2.7.jar:/tmp/Ex2Amplifier-experiments/target/dspot/dependencies:/home/spirals/danglot/.m2/repository/eu/stamp-project/test-runner/1.0.8/test-runner-1.0.8-jar-with-dependencies.jar eu.stamp_project.testrunner.runner.test.TestRunner org.jsoup.select.SelectorTest attributeWithBrackets
File saved to the following path: /tmp/Ex2Amplifier-experiments/dataset/may-2018/jsoup/903_modified/target/dspot/TestListener.ser
[83376] INFO EntryPoint - Test has been run: attributeWithBrackets
[83735] DEBUG Launcher - printing org.jsoup.select.SelectorTest to /tmp/Ex2Amplifier-experiments/target/dspot/tmp_test_sources
[83755] DEBUG Launcher - building sources: [/tmp/Ex2Amplifier-experiments/target/dspot/tmp_test_sources/org/jsoup/select/SelectorTest.java]
[83755] DEBUG Launcher - build args: [-encoding, UTF-8, -cp, /home/spirals/danglot/.m2/repository/junit/junit/4.12/junit-4.12.jar:/home/spirals/danglot/.m2/repository/org/hamcrest/hamcrest-core/1.3/hamcrest-core-1.3.jar:/home/spirals/danglot/.m2/repository/com/google/code/gson/gson/2.7/gson-2.7.jar:target/dspot/dependencies/:dataset/may-2018/jsoup/903_modified//target/classes:dataset/may-2018/jsoup/903_modified//target/test-classes:, -1.8, -preserveAllLocals, -noExit, -enableJavadoc, /tmp/Ex2Amplifier-experiments/target/dspot/tmp_test_sources/org/jsoup/select/SelectorTest.java]
[83800] DEBUG Launcher - built in 45 ms
[83800] DEBUG Launcher - building templates: []
[83800] DEBUG Launcher - built in 0 ms
[83800] DEBUG Launcher - model built in 45
[83800] DEBUG Launcher - compiling sources: [/tmp/Ex2Amplifier-experiments/target/dspot/tmp_test_sources/org/jsoup/select/SelectorTest.java]
[83801] DEBUG Launcher - compile args: [-encoding, UTF-8, -cp, /home/spirals/danglot/.m2/repository/junit/junit/4.12/junit-4.12.jar:/home/spirals/danglot/.m2/repository/org/hamcrest/hamcrest-core/1.3/hamcrest-core-1.3.jar:/home/spirals/danglot/.m2/repository/com/google/code/gson/gson/2.7/gson-2.7.jar:target/dspot/dependencies/:dataset/may-2018/jsoup/903_modified//target/classes:dataset/may-2018/jsoup/903_modified//target/test-classes:, -d, /tmp/Ex2Amplifier-experiments/dataset/may-2018/jsoup/903/target/test-classes, -1.8, -proc:none, -preserveAllLocals, -noExit, -enableJavadoc, /tmp/Ex2Amplifier-experiments/target/dspot/tmp_test_sources/org/jsoup/select/SelectorTest.java]
[83844] DEBUG Launcher - compiled in 44 ms
[83844] INFO EntryPoint - Run: java -cp /home/spirals/danglot/.m2/repository/junit/junit/4.12/junit-4.12.jar:/home/spirals/danglot/.m2/repository/org/hamcrest/hamcrest-core/1.3/hamcrest-core-1.3.jar:/home/spirals/danglot/.m2/repository/com/google/code/gson/gson/2.7/gson-2.7.jar:target/dspot/dependencies/:/tmp/Ex2Amplifier-experiments/dataset/may-2018/jsoup/903/target/classes:/tmp/Ex2Amplifier-experiments/dataset/may-2018/jsoup/903/target/test-classes:/home/spirals/danglot/.m2/repository/eu/stamp-project/test-runner/1.0.8/test-runner-1.0.8-jar-with-dependencies.jar eu.stamp_project.testrunner.runner.test.TestRunner org.jsoup.select.SelectorTest attributeWithBrackets
File saved to the following path: /tmp/Ex2Amplifier-experiments/dataset/may-2018/jsoup/903_modified/target/dspot/TestListener.ser
[84269] INFO EntryPoint - Test has been run: attributeWithBrackets
[84269] INFO Amplification - 0 amplified test(s) has been selected, global: 0
[84269] INFO DSpot - elapsedTime 3287
======= REPORT =======
0 amplified test fails on the new versions.

[84590] INFO DSpot - Print AmplSelectorTest with 0?amplified test cases in results/may-2018/jsoup/903_modified/A_ampl
[84590] DEBUG Launcher - printing org.jsoup.select.AmplSelectorTest to /tmp/Ex2Amplifier-experiments/results/may-2018/jsoup/903_modified/A_ampl
