SLF4J: Class path contains multiple SLF4J bindings.
SLF4J: Found binding in [jar:file:/home/spirals/danglot/.m2/repository/eu/stamp-project/test-runner/1.0.5/test-runner-1.0.5-jar-with-dependencies.jar!/org/slf4j/impl/StaticLoggerBinder.class]
SLF4J: Found binding in [jar:file:/home/spirals/danglot/.m2/repository/org/slf4j/slf4j-log4j12/1.7.25/slf4j-log4j12-1.7.25.jar!/org/slf4j/impl/StaticLoggerBinder.class]
SLF4J: See http://www.slf4j.org/codes.html#multiple_bindings for an explanation.
SLF4J: Actual binding is of type [org.slf4j.impl.Log4jLoggerFactory]
[0] WARN AutomaticBuilderFactory - No automatic builder specified in configuration, going to default.
[0] INFO AutomaticBuilderFactory - Default: provided Maven automatic builder.
[11] INFO MavenAutomaticBuilder - run maven clean test -DskipTests dependency:build-classpath -Dmdep.outputFile=target/dspot/classpath
[WARN] Maven will be executed in interactive mode, but no input stream has been configured for this MavenInvoker instance.
[INFO] Scanning for projects...
[INFO]                                                                         
[INFO] ------------------------------------------------------------------------
[INFO] Building jsoup Java HTML Parser 1.11.1-SNAPSHOT
[INFO] ------------------------------------------------------------------------
[INFO] 
[INFO] --- maven-clean-plugin:2.5:clean (default-clean) @ jsoup ---
[INFO] Deleting /tmp/Ex2Amplifier-experiments/dataset/may-2018/jsoup/931_modified/target
[INFO] 
[INFO] --- maven-resources-plugin:3.0.1:resources (default-resources) @ jsoup ---
[INFO] Using 'UTF-8' encoding to copy filtered resources.
[INFO] Copying 3 resources
[INFO] Copying 3 resources to META-INF/
[INFO] 
[INFO] --- maven-compiler-plugin:3.5.1:compile (default-compile) @ jsoup ---
[INFO] Changes detected - recompiling the module!
[INFO] Compiling 62 source files to /tmp/Ex2Amplifier-experiments/dataset/may-2018/jsoup/931_modified/target/classes
[INFO] /tmp/Ex2Amplifier-experiments/dataset/may-2018/jsoup/931_modified/src/main/java/org/jsoup/nodes/Attributes.java: /tmp/Ex2Amplifier-experiments/dataset/may-2018/jsoup/931_modified/src/main/java/org/jsoup/nodes/Attributes.java uses or overrides a deprecated API.
[INFO] /tmp/Ex2Amplifier-experiments/dataset/may-2018/jsoup/931_modified/src/main/java/org/jsoup/nodes/Attributes.java: Recompile with -Xlint:deprecation for details.
[INFO] 
[INFO] --- animal-sniffer-maven-plugin:1.15:check (animal-sniffer) @ jsoup ---
[INFO] Checking unresolved references to org.codehaus.mojo.signature:java17:1.0
[INFO] 
[INFO] >>> maven-bundle-plugin:2.5.4:manifest (bundle-manifest) > process-classes @ jsoup >>>
[INFO] 
[INFO] --- maven-resources-plugin:3.0.1:resources (default-resources) @ jsoup ---
[INFO] Using 'UTF-8' encoding to copy filtered resources.
[INFO] Copying 3 resources
[INFO] Copying 3 resources to META-INF/
[INFO] 
[INFO] --- maven-compiler-plugin:3.5.1:compile (default-compile) @ jsoup ---
[INFO] Changes detected - recompiling the module!
[INFO] Compiling 62 source files to /tmp/Ex2Amplifier-experiments/dataset/may-2018/jsoup/931_modified/target/classes
[INFO] /tmp/Ex2Amplifier-experiments/dataset/may-2018/jsoup/931_modified/src/main/java/org/jsoup/nodes/Attributes.java: /tmp/Ex2Amplifier-experiments/dataset/may-2018/jsoup/931_modified/src/main/java/org/jsoup/nodes/Attributes.java uses or overrides a deprecated API.
[INFO] /tmp/Ex2Amplifier-experiments/dataset/may-2018/jsoup/931_modified/src/main/java/org/jsoup/nodes/Attributes.java: Recompile with -Xlint:deprecation for details.
[INFO] 
[INFO] --- animal-sniffer-maven-plugin:1.15:check (animal-sniffer) @ jsoup ---
[INFO] Checking unresolved references to org.codehaus.mojo.signature:java17:1.0
[INFO] 
[INFO] <<< maven-bundle-plugin:2.5.4:manifest (bundle-manifest) < process-classes @ jsoup <<<
[INFO] 
[INFO] --- maven-bundle-plugin:2.5.4:manifest (bundle-manifest) @ jsoup ---
[INFO] 
[INFO] --- maven-resources-plugin:3.0.1:testResources (default-testResources) @ jsoup ---
[INFO] Using 'UTF-8' encoding to copy filtered resources.
[INFO] Copying 22 resources
[INFO] 
[INFO] --- maven-compiler-plugin:3.5.1:testCompile (default-testCompile) @ jsoup ---
[INFO] Changes detected - recompiling the module!
[INFO] Compiling 31 source files to /tmp/Ex2Amplifier-experiments/dataset/may-2018/jsoup/931_modified/target/test-classes
[INFO] /tmp/Ex2Amplifier-experiments/dataset/may-2018/jsoup/931_modified/src/test/java/org/jsoup/parser/AttributeParseTest.java: Some input files use or override a deprecated API.
[INFO] /tmp/Ex2Amplifier-experiments/dataset/may-2018/jsoup/931_modified/src/test/java/org/jsoup/parser/AttributeParseTest.java: Recompile with -Xlint:deprecation for details.
[INFO] /tmp/Ex2Amplifier-experiments/dataset/may-2018/jsoup/931_modified/src/test/java/org/jsoup/nodes/BuildEntities.java: /tmp/Ex2Amplifier-experiments/dataset/may-2018/jsoup/931_modified/src/test/java/org/jsoup/nodes/BuildEntities.java uses unchecked or unsafe operations.
[INFO] /tmp/Ex2Amplifier-experiments/dataset/may-2018/jsoup/931_modified/src/test/java/org/jsoup/nodes/BuildEntities.java: Recompile with -Xlint:unchecked for details.
[INFO] 
[INFO] --- maven-surefire-plugin:2.12.4:test (default-test) @ jsoup ---
[INFO] Tests are skipped.
[INFO] 
[INFO] --- maven-dependency-plugin:2.8:build-classpath (default-cli) @ jsoup ---
[INFO] Wrote classpath file '/tmp/Ex2Amplifier-experiments/dataset/may-2018/jsoup/931_modified/target/dspot/classpath'.
[INFO] ------------------------------------------------------------------------
[INFO] BUILD SUCCESS
[INFO] ------------------------------------------------------------------------
[INFO] Total time: 9.267 s
[INFO] Finished at: 2018-05-17T10:54:58+02:00
[INFO] Final Memory: 32M/449M
[INFO] ------------------------------------------------------------------------
[15284] WARN AutomaticBuilderFactory - No automatic builder specified in configuration, going to default.
[15284] INFO AutomaticBuilderFactory - Default: provided Maven automatic builder.
[15285] INFO MavenAutomaticBuilder - run maven clean test -DskipTests dependency:build-classpath -Dmdep.outputFile=target/dspot/classpath
[WARN] Maven will be executed in interactive mode, but no input stream has been configured for this MavenInvoker instance.
[INFO] Scanning for projects...
[INFO]                                                                         
[INFO] ------------------------------------------------------------------------
[INFO] Building jsoup Java HTML Parser 1.11.1-SNAPSHOT
[INFO] ------------------------------------------------------------------------
[INFO] 
[INFO] --- maven-clean-plugin:2.5:clean (default-clean) @ jsoup ---
[INFO] Deleting /tmp/Ex2Amplifier-experiments/dataset/may-2018/jsoup/931/target
[INFO] 
[INFO] --- maven-resources-plugin:3.0.1:resources (default-resources) @ jsoup ---
[INFO] Using 'UTF-8' encoding to copy filtered resources.
[INFO] Copying 3 resources
[INFO] Copying 3 resources to META-INF/
[INFO] 
[INFO] --- maven-compiler-plugin:3.5.1:compile (default-compile) @ jsoup ---
[INFO] Changes detected - recompiling the module!
[INFO] Compiling 62 source files to /tmp/Ex2Amplifier-experiments/dataset/may-2018/jsoup/931/target/classes
[INFO] /tmp/Ex2Amplifier-experiments/dataset/may-2018/jsoup/931/src/main/java/org/jsoup/nodes/Attributes.java: /tmp/Ex2Amplifier-experiments/dataset/may-2018/jsoup/931/src/main/java/org/jsoup/nodes/Attributes.java uses or overrides a deprecated API.
[INFO] /tmp/Ex2Amplifier-experiments/dataset/may-2018/jsoup/931/src/main/java/org/jsoup/nodes/Attributes.java: Recompile with -Xlint:deprecation for details.
[INFO] 
[INFO] --- animal-sniffer-maven-plugin:1.15:check (animal-sniffer) @ jsoup ---
[INFO] Checking unresolved references to org.codehaus.mojo.signature:java17:1.0
[INFO] 
[INFO] >>> maven-bundle-plugin:2.5.4:manifest (bundle-manifest) > process-classes @ jsoup >>>
[INFO] 
[INFO] --- maven-resources-plugin:3.0.1:resources (default-resources) @ jsoup ---
[INFO] Using 'UTF-8' encoding to copy filtered resources.
[INFO] Copying 3 resources
[INFO] Copying 3 resources to META-INF/
[INFO] 
[INFO] --- maven-compiler-plugin:3.5.1:compile (default-compile) @ jsoup ---
[INFO] Changes detected - recompiling the module!
[INFO] Compiling 62 source files to /tmp/Ex2Amplifier-experiments/dataset/may-2018/jsoup/931/target/classes
[INFO] /tmp/Ex2Amplifier-experiments/dataset/may-2018/jsoup/931/src/main/java/org/jsoup/nodes/Attributes.java: /tmp/Ex2Amplifier-experiments/dataset/may-2018/jsoup/931/src/main/java/org/jsoup/nodes/Attributes.java uses or overrides a deprecated API.
[INFO] /tmp/Ex2Amplifier-experiments/dataset/may-2018/jsoup/931/src/main/java/org/jsoup/nodes/Attributes.java: Recompile with -Xlint:deprecation for details.
[INFO] 
[INFO] --- animal-sniffer-maven-plugin:1.15:check (animal-sniffer) @ jsoup ---
[INFO] Checking unresolved references to org.codehaus.mojo.signature:java17:1.0
[INFO] 
[INFO] <<< maven-bundle-plugin:2.5.4:manifest (bundle-manifest) < process-classes @ jsoup <<<
[INFO] 
[INFO] --- maven-bundle-plugin:2.5.4:manifest (bundle-manifest) @ jsoup ---
[INFO] 
[INFO] --- maven-resources-plugin:3.0.1:testResources (default-testResources) @ jsoup ---
[INFO] Using 'UTF-8' encoding to copy filtered resources.
[INFO] Copying 22 resources
[INFO] 
[INFO] --- maven-compiler-plugin:3.5.1:testCompile (default-testCompile) @ jsoup ---
[INFO] Changes detected - recompiling the module!
[INFO] Compiling 31 source files to /tmp/Ex2Amplifier-experiments/dataset/may-2018/jsoup/931/target/test-classes
[INFO] /tmp/Ex2Amplifier-experiments/dataset/may-2018/jsoup/931/src/test/java/org/jsoup/parser/AttributeParseTest.java: Some input files use or override a deprecated API.
[INFO] /tmp/Ex2Amplifier-experiments/dataset/may-2018/jsoup/931/src/test/java/org/jsoup/parser/AttributeParseTest.java: Recompile with -Xlint:deprecation for details.
[INFO] /tmp/Ex2Amplifier-experiments/dataset/may-2018/jsoup/931/src/test/java/org/jsoup/nodes/BuildEntities.java: /tmp/Ex2Amplifier-experiments/dataset/may-2018/jsoup/931/src/test/java/org/jsoup/nodes/BuildEntities.java uses unchecked or unsafe operations.
[INFO] /tmp/Ex2Amplifier-experiments/dataset/may-2018/jsoup/931/src/test/java/org/jsoup/nodes/BuildEntities.java: Recompile with -Xlint:unchecked for details.
[INFO] 
[INFO] --- maven-surefire-plugin:2.12.4:test (default-test) @ jsoup ---
[INFO] Tests are skipped.
[INFO] 
[INFO] --- maven-dependency-plugin:2.8:build-classpath (default-cli) @ jsoup ---
[INFO] Wrote classpath file '/tmp/Ex2Amplifier-experiments/dataset/may-2018/jsoup/931/target/dspot/classpath'.
[INFO] ------------------------------------------------------------------------
[INFO] BUILD SUCCESS
[INFO] ------------------------------------------------------------------------
[INFO] Total time: 8.934 s
[INFO] Finished at: 2018-05-17T10:55:13+02:00
[INFO] Final Memory: 34M/392M
[INFO] ------------------------------------------------------------------------
[25827] INFO SelectorOnDiff - Selecting according to a diff between dataset/may-2018/jsoup/931_modified/ and dataset/may-2018/jsoup/931/ (a7749a63871a7deccc33e66a22574e98264ce807)
[25832] INFO SelectorOnDiff - Modified files:
a/src/main/java/org/jsoup/nodes/Attribute.java
[68176] INFO Amplification - amplification of org.jsoup.nodes.AttributeTest (2 test(s))
[68728] INFO Amplification - Try to add assertions before amplification
[68755] INFO AssertGenerator - Run tests. (2)
[69241] INFO AssertGenerator - 2 test pass, generating assertion...
[69242] INFO MethodsAssertGenerator - Add observations points in passing tests.
[69242] INFO MethodsAssertGenerator - Instrumentation...
 50% |========================= ]/100% |================================================== ]-
[69276] INFO MethodsAssertGenerator - Run instrumented tests. (6)
[69854] INFO MethodsAssertGenerator - Generating assertions...
[69877] INFO AssertGenerator - 2 new tests with assertions generated
[70371] DEBUG Launcher - building sources: [/tmp/Ex2Amplifier-experiments/target/dspot/tmp_test_sources/org/jsoup/nodes/AttributeTest.java]
[70371] DEBUG Launcher - build args: [-encoding, UTF-8, -cp, /home/spirals/danglot/.m2/repository/junit/junit/4.12/junit-4.12.jar:/home/spirals/danglot/.m2/repository/org/hamcrest/hamcrest-core/1.3/hamcrest-core-1.3.jar:/home/spirals/danglot/.m2/repository/com/google/code/gson/gson/2.7/gson-2.7.jar:target/dspot/dependencies/:dataset/may-2018/jsoup/931_modified//target/classes:dataset/may-2018/jsoup/931_modified//target/test-classes:, -1.8, -preserveAllLocals, -noExit, -enableJavadoc, /tmp/Ex2Amplifier-experiments/target/dspot/tmp_test_sources/org/jsoup/nodes/AttributeTest.java]
[70411] DEBUG Launcher - built in 40 ms
[70412] DEBUG Launcher - building templates: []
[70412] DEBUG Launcher - built in 0 ms
[70412] DEBUG Launcher - model built in 41
[70413] DEBUG Launcher - compiling sources: [/tmp/Ex2Amplifier-experiments/target/dspot/tmp_test_sources/org/jsoup/nodes/AttributeTest.java]
[70415] DEBUG Launcher - compile args: [-encoding, UTF-8, -cp, /home/spirals/danglot/.m2/repository/junit/junit/4.12/junit-4.12.jar:/home/spirals/danglot/.m2/repository/org/hamcrest/hamcrest-core/1.3/hamcrest-core-1.3.jar:/home/spirals/danglot/.m2/repository/com/google/code/gson/gson/2.7/gson-2.7.jar:target/dspot/dependencies/:dataset/may-2018/jsoup/931_modified//target/classes:dataset/may-2018/jsoup/931_modified//target/test-classes:, -d, /tmp/Ex2Amplifier-experiments/dataset/may-2018/jsoup/931/target/test-classes, -1.8, -proc:none, -preserveAllLocals, -noExit, -enableJavadoc, /tmp/Ex2Amplifier-experiments/target/dspot/tmp_test_sources/org/jsoup/nodes/AttributeTest.java]
[70469] DEBUG Launcher - compiled in 56 ms
[70913] INFO Amplification - 0 amplified test(s) has been selected, global: 0
[70914] INFO Amplification - amp testWithSupplementaryCharacterInAttributeKeyAndValue (1/2)
[70917] DEBUG Launcher - printing org.jsoup.nodes.AttributeTest to /tmp/Ex2Amplifier-experiments/target/dspot/tmp_test_sources
[71343] INFO Amplification - iteration 0:
[71343] INFO Amplification - 1 tests selected to be amplified over 1 available tests
[71343] INFO Amplification - Amplification of inputs...
100% |================================================== ]/
[71367] DEBUG Launcher - printing org.jsoup.nodes.AttributeTest to /tmp/Ex2Amplifier-experiments/target/dspot/tmp_test_sources
[71391] DEBUG Launcher - building sources: [/tmp/Ex2Amplifier-experiments/target/dspot/tmp_test_sources/org/jsoup/nodes/AttributeTest.java]
[71391] DEBUG Launcher - build args: [-encoding, UTF-8, -cp, /home/spirals/danglot/.m2/repository/junit/junit/4.12/junit-4.12.jar:/home/spirals/danglot/.m2/repository/org/hamcrest/hamcrest-core/1.3/hamcrest-core-1.3.jar:/home/spirals/danglot/.m2/repository/com/google/code/gson/gson/2.7/gson-2.7.jar:dataset/may-2018/jsoup/931_modified//target/classes:target/dspot/dependencies/:dataset/may-2018/jsoup/931_modified//target/test-classes:lib/catg-dev.jar:, -1.8, -preserveAllLocals, -noExit, -enableJavadoc, /tmp/Ex2Amplifier-experiments/target/dspot/tmp_test_sources/org/jsoup/nodes/AttributeTest.java]
[71431] DEBUG Launcher - built in 40 ms
[71431] DEBUG Launcher - building templates: []
[71431] DEBUG Launcher - built in 0 ms
[71432] DEBUG Launcher - model built in 41
[71432] DEBUG Launcher - compiling sources: [/tmp/Ex2Amplifier-experiments/target/dspot/tmp_test_sources/org/jsoup/nodes/AttributeTest.java]
[71432] DEBUG Launcher - compile args: [-encoding, UTF-8, -cp, /home/spirals/danglot/.m2/repository/junit/junit/4.12/junit-4.12.jar:/home/spirals/danglot/.m2/repository/org/hamcrest/hamcrest-core/1.3/hamcrest-core-1.3.jar:/home/spirals/danglot/.m2/repository/com/google/code/gson/gson/2.7/gson-2.7.jar:dataset/may-2018/jsoup/931_modified//target/classes:target/dspot/dependencies/:dataset/may-2018/jsoup/931_modified//target/test-classes:lib/catg-dev.jar:, -d, /tmp/Ex2Amplifier-experiments/dataset/may-2018/jsoup/931_modified/target/test-classes, -1.8, -proc:none, -preserveAllLocals, -noExit, -enableJavadoc, /tmp/Ex2Amplifier-experiments/target/dspot/tmp_test_sources/org/jsoup/nodes/AttributeTest.java]
[71478] DEBUG Launcher - compiled in 46 ms
[71486] INFO CATGExecutor - Running CATG: java -Xmx4096M -Xms2048M -Djanala.loggerClass=janala.logger.DirectConcolicExecution -Djanala.conf=lib/catg.conf  -javaagent:lib/catg-dev.jar -cp /home/spirals/danglot/.m2/repository/junit/junit/4.12/junit-4.12.jar:/home/spirals/danglot/.m2/repository/org/hamcrest/hamcrest-core/1.3/hamcrest-core-1.3.jar:/home/spirals/danglot/.m2/repository/com/google/code/gson/gson/2.7/gson-2.7.jar:dataset/may-2018/jsoup/931_modified//target/classes:target/dspot/dependencies/:dataset/may-2018/jsoup/931_modified//target/test-classes:lib/catg-dev.jar:lib/catg-dev.jar:lib/asm-all-5.0.4.jar:lib/automaton-1.11-8.jar -ea org.jsoup.nodes.AttributeTest
FATAL ERROR in native method: processing of -javaagent failed
Exception in thread "main" java.lang.NoClassDefFoundError: org/objectweb/asm/ClassVisitor
	at java.lang.Class.getDeclaredMethods0(Native Method)
	at java.lang.Class.privateGetDeclaredMethods(Class.java:2701)
	at java.lang.Class.getDeclaredMethod(Class.java:2128)
	at sun.instrument.InstrumentationImpl.loadClassAndStartAgent(InstrumentationImpl.java:327)
	at sun.instrument.InstrumentationImpl.loadClassAndCallPremain(InstrumentationImpl.java:401)
Caused by: java.lang.ClassNotFoundException: org.objectweb.asm.ClassVisitor
	at java.net.URLClassLoader.findClass(URLClassLoader.java:381)
	at java.lang.ClassLoader.loadClass(ClassLoader.java:424)
	at sun.misc.Launcher$AppClassLoader.loadClass(Launcher.java:331)
	at java.lang.ClassLoader.loadClass(ClassLoader.java:357)
	... 5 more
[71608] INFO Amplification - 0 new tests generated
[71608] INFO Amplification - 0 amplified test(s) has been selected, global: 0
[71608] INFO Amplification - amp html (2/2)
[71611] DEBUG Launcher - printing org.jsoup.nodes.AttributeTest to /tmp/Ex2Amplifier-experiments/target/dspot/tmp_test_sources
[72057] INFO Amplification - iteration 0:
[72057] INFO Amplification - 1 tests selected to be amplified over 1 available tests
[72057] INFO Amplification - Amplification of inputs...
100% |================================================== ]/
[72065] DEBUG Launcher - printing org.jsoup.nodes.AttributeTest to /tmp/Ex2Amplifier-experiments/target/dspot/tmp_test_sources
[72087] DEBUG Launcher - building sources: [/tmp/Ex2Amplifier-experiments/target/dspot/tmp_test_sources/org/jsoup/nodes/AttributeTest.java]
[72088] DEBUG Launcher - build args: [-encoding, UTF-8, -cp, /home/spirals/danglot/.m2/repository/junit/junit/4.12/junit-4.12.jar:/home/spirals/danglot/.m2/repository/org/hamcrest/hamcrest-core/1.3/hamcrest-core-1.3.jar:/home/spirals/danglot/.m2/repository/com/google/code/gson/gson/2.7/gson-2.7.jar:dataset/may-2018/jsoup/931_modified//target/classes:target/dspot/dependencies/:dataset/may-2018/jsoup/931_modified//target/test-classes:lib/catg-dev.jar:, -1.8, -preserveAllLocals, -noExit, -enableJavadoc, /tmp/Ex2Amplifier-experiments/target/dspot/tmp_test_sources/org/jsoup/nodes/AttributeTest.java]
[72124] DEBUG Launcher - built in 37 ms
[72124] DEBUG Launcher - building templates: []
[72124] DEBUG Launcher - built in 0 ms
[72124] DEBUG Launcher - model built in 37
[72124] DEBUG Launcher - compiling sources: [/tmp/Ex2Amplifier-experiments/target/dspot/tmp_test_sources/org/jsoup/nodes/AttributeTest.java]
[72125] DEBUG Launcher - compile args: [-encoding, UTF-8, -cp, /home/spirals/danglot/.m2/repository/junit/junit/4.12/junit-4.12.jar:/home/spirals/danglot/.m2/repository/org/hamcrest/hamcrest-core/1.3/hamcrest-core-1.3.jar:/home/spirals/danglot/.m2/repository/com/google/code/gson/gson/2.7/gson-2.7.jar:dataset/may-2018/jsoup/931_modified//target/classes:target/dspot/dependencies/:dataset/may-2018/jsoup/931_modified//target/test-classes:lib/catg-dev.jar:, -d, /tmp/Ex2Amplifier-experiments/dataset/may-2018/jsoup/931_modified/target/test-classes, -1.8, -proc:none, -preserveAllLocals, -noExit, -enableJavadoc, /tmp/Ex2Amplifier-experiments/target/dspot/tmp_test_sources/org/jsoup/nodes/AttributeTest.java]
[72165] DEBUG Launcher - compiled in 41 ms
[72166] INFO CATGExecutor - Running CATG: java -Xmx4096M -Xms2048M -Djanala.loggerClass=janala.logger.DirectConcolicExecution -Djanala.conf=lib/catg.conf  -javaagent:lib/catg-dev.jar -cp /home/spirals/danglot/.m2/repository/junit/junit/4.12/junit-4.12.jar:/home/spirals/danglot/.m2/repository/org/hamcrest/hamcrest-core/1.3/hamcrest-core-1.3.jar:/home/spirals/danglot/.m2/repository/com/google/code/gson/gson/2.7/gson-2.7.jar:dataset/may-2018/jsoup/931_modified//target/classes:target/dspot/dependencies/:dataset/may-2018/jsoup/931_modified//target/test-classes:lib/catg-dev.jar:lib/catg-dev.jar:lib/asm-all-5.0.4.jar:lib/automaton-1.11-8.jar -ea org.jsoup.nodes.AttributeTest
FATAL ERROR in native method: processing of -javaagent failed
Exception in thread "main" java.lang.NoClassDefFoundError: org/objectweb/asm/ClassVisitor
	at java.lang.Class.getDeclaredMethods0(Native Method)
	at java.lang.Class.privateGetDeclaredMethods(Class.java:2701)
	at java.lang.Class.getDeclaredMethod(Class.java:2128)
	at sun.instrument.InstrumentationImpl.loadClassAndStartAgent(InstrumentationImpl.java:327)
	at sun.instrument.InstrumentationImpl.loadClassAndCallPremain(InstrumentationImpl.java:401)
Caused by: java.lang.ClassNotFoundException: org.objectweb.asm.ClassVisitor
	at java.net.URLClassLoader.findClass(URLClassLoader.java:381)
	at java.lang.ClassLoader.loadClass(ClassLoader.java:424)
	at sun.misc.Launcher$AppClassLoader.loadClass(Launcher.java:331)
	at java.lang.ClassLoader.loadClass(ClassLoader.java:357)
	... 5 more
[72283] INFO Amplification - 0 new tests generated
[72283] INFO Amplification - 0 amplified test(s) has been selected, global: 0
[72283] INFO DSpot - elapsedTime 4115
======= REPORT =======
0 amplified test fails on the new versions.

[72301] INFO DSpot - Print AmplAttributeTest with 0?amplified test cases in results/may-2018/jsoup/931_modified/CATG
[72302] DEBUG Launcher - printing org.jsoup.nodes.AmplAttributeTest to /tmp/Ex2Amplifier-experiments/results/may-2018/jsoup/931_modified/CATG
