SLF4J: Class path contains multiple SLF4J bindings.
SLF4J: Found binding in [jar:file:/home/spirals/danglot/.m2/repository/eu/stamp-project/test-runner/1.0.8/test-runner-1.0.8-jar-with-dependencies.jar!/org/slf4j/impl/StaticLoggerBinder.class]
SLF4J: Found binding in [jar:file:/home/spirals/danglot/.m2/repository/org/slf4j/slf4j-log4j12/1.7.25/slf4j-log4j12-1.7.25.jar!/org/slf4j/impl/StaticLoggerBinder.class]
SLF4J: See http://www.slf4j.org/codes.html#multiple_bindings for an explanation.
SLF4J: Actual binding is of type [org.slf4j.impl.Log4jLoggerFactory]
[0] WARN AutomaticBuilderFactory - No automatic builder specified in configuration, going to default.
[0] INFO AutomaticBuilderFactory - Default: provided Maven automatic builder.
[10] INFO MavenAutomaticBuilder - run maven clean test -DskipTests dependency:build-classpath -Dmdep.outputFile=target/dspot/classpath
[WARN] Maven will be executed in interactive mode, but no input stream has been configured for this MavenInvoker instance.
[INFO] Scanning for projects...
[INFO]                                                                         
[INFO] ------------------------------------------------------------------------
[INFO] Building jsoup Java HTML Parser 1.11.1-SNAPSHOT
[INFO] ------------------------------------------------------------------------
[INFO] 
[INFO] --- maven-clean-plugin:2.5:clean (default-clean) @ jsoup ---
[INFO] Deleting /tmp/Ex2Amplifier-experiments/dataset/may-2018/jsoup/918/target
[INFO] 
[INFO] --- maven-resources-plugin:3.0.1:resources (default-resources) @ jsoup ---
[INFO] Using 'UTF-8' encoding to copy filtered resources.
[INFO] Copying 3 resources
[INFO] Copying 3 resources to META-INF/
[INFO] 
[INFO] --- maven-compiler-plugin:3.5.1:compile (default-compile) @ jsoup ---
[INFO] Changes detected - recompiling the module!
[INFO] Compiling 62 source files to /tmp/Ex2Amplifier-experiments/dataset/may-2018/jsoup/918/target/classes
[INFO] /tmp/Ex2Amplifier-experiments/dataset/may-2018/jsoup/918/src/main/java/org/jsoup/nodes/Attributes.java: /tmp/Ex2Amplifier-experiments/dataset/may-2018/jsoup/918/src/main/java/org/jsoup/nodes/Attributes.java uses or overrides a deprecated API.
[INFO] /tmp/Ex2Amplifier-experiments/dataset/may-2018/jsoup/918/src/main/java/org/jsoup/nodes/Attributes.java: Recompile with -Xlint:deprecation for details.
[INFO] 
[INFO] --- animal-sniffer-maven-plugin:1.15:check (animal-sniffer) @ jsoup ---
[INFO] Checking unresolved references to org.codehaus.mojo.signature:java17:1.0
[INFO] 
[INFO] >>> maven-bundle-plugin:2.5.4:manifest (bundle-manifest) > process-classes @ jsoup >>>
[INFO] 
[INFO] --- maven-resources-plugin:3.0.1:resources (default-resources) @ jsoup ---
[INFO] Using 'UTF-8' encoding to copy filtered resources.
[INFO] Copying 3 resources
[INFO] Copying 3 resources to META-INF/
[INFO] 
[INFO] --- maven-compiler-plugin:3.5.1:compile (default-compile) @ jsoup ---
[INFO] Changes detected - recompiling the module!
[INFO] Compiling 62 source files to /tmp/Ex2Amplifier-experiments/dataset/may-2018/jsoup/918/target/classes
[INFO] /tmp/Ex2Amplifier-experiments/dataset/may-2018/jsoup/918/src/main/java/org/jsoup/nodes/Attributes.java: /tmp/Ex2Amplifier-experiments/dataset/may-2018/jsoup/918/src/main/java/org/jsoup/nodes/Attributes.java uses or overrides a deprecated API.
[INFO] /tmp/Ex2Amplifier-experiments/dataset/may-2018/jsoup/918/src/main/java/org/jsoup/nodes/Attributes.java: Recompile with -Xlint:deprecation for details.
[INFO] 
[INFO] --- animal-sniffer-maven-plugin:1.15:check (animal-sniffer) @ jsoup ---
[INFO] Checking unresolved references to org.codehaus.mojo.signature:java17:1.0
[INFO] 
[INFO] <<< maven-bundle-plugin:2.5.4:manifest (bundle-manifest) < process-classes @ jsoup <<<
[INFO] 
[INFO] --- maven-bundle-plugin:2.5.4:manifest (bundle-manifest) @ jsoup ---
[INFO] 
[INFO] --- maven-resources-plugin:3.0.1:testResources (default-testResources) @ jsoup ---
[INFO] Using 'UTF-8' encoding to copy filtered resources.
[INFO] Copying 22 resources
[INFO] 
[INFO] --- maven-compiler-plugin:3.5.1:testCompile (default-testCompile) @ jsoup ---
[INFO] Changes detected - recompiling the module!
[INFO] Compiling 31 source files to /tmp/Ex2Amplifier-experiments/dataset/may-2018/jsoup/918/target/test-classes
[INFO] /tmp/Ex2Amplifier-experiments/dataset/may-2018/jsoup/918/src/test/java/org/jsoup/parser/AttributeParseTest.java: Some input files use or override a deprecated API.
[INFO] /tmp/Ex2Amplifier-experiments/dataset/may-2018/jsoup/918/src/test/java/org/jsoup/parser/AttributeParseTest.java: Recompile with -Xlint:deprecation for details.
[INFO] /tmp/Ex2Amplifier-experiments/dataset/may-2018/jsoup/918/src/test/java/org/jsoup/nodes/BuildEntities.java: /tmp/Ex2Amplifier-experiments/dataset/may-2018/jsoup/918/src/test/java/org/jsoup/nodes/BuildEntities.java uses unchecked or unsafe operations.
[INFO] /tmp/Ex2Amplifier-experiments/dataset/may-2018/jsoup/918/src/test/java/org/jsoup/nodes/BuildEntities.java: Recompile with -Xlint:unchecked for details.
[INFO] 
[INFO] --- maven-surefire-plugin:2.12.4:test (default-test) @ jsoup ---
[INFO] Tests are skipped.
[INFO] 
[INFO] --- maven-dependency-plugin:2.8:build-classpath (default-cli) @ jsoup ---
[INFO] Wrote classpath file '/tmp/Ex2Amplifier-experiments/dataset/may-2018/jsoup/918/target/dspot/classpath'.
[INFO] ------------------------------------------------------------------------
[INFO] BUILD SUCCESS
[INFO] ------------------------------------------------------------------------
[INFO] Total time: 8.640 s
[INFO] Finished at: 2018-05-23T14:04:26+02:00
[INFO] Final Memory: 34M/409M
[INFO] ------------------------------------------------------------------------
[14532] WARN AutomaticBuilderFactory - No automatic builder specified in configuration, going to default.
[14533] INFO AutomaticBuilderFactory - Default: provided Maven automatic builder.
[14533] INFO MavenAutomaticBuilder - run maven clean test -DskipTests dependency:build-classpath -Dmdep.outputFile=target/dspot/classpath
[WARN] Maven will be executed in interactive mode, but no input stream has been configured for this MavenInvoker instance.
[INFO] Scanning for projects...
[INFO]                                                                         
[INFO] ------------------------------------------------------------------------
[INFO] Building jsoup Java HTML Parser 1.11.1-SNAPSHOT
[INFO] ------------------------------------------------------------------------
[INFO] 
[INFO] --- maven-clean-plugin:2.5:clean (default-clean) @ jsoup ---
[INFO] 
[INFO] --- maven-resources-plugin:3.0.1:resources (default-resources) @ jsoup ---
[INFO] Using 'UTF-8' encoding to copy filtered resources.
[INFO] Copying 3 resources
[INFO] Copying 3 resources to META-INF/
[INFO] 
[INFO] --- maven-compiler-plugin:3.5.1:compile (default-compile) @ jsoup ---
[INFO] Changes detected - recompiling the module!
[INFO] Compiling 62 source files to /tmp/Ex2Amplifier-experiments/dataset/may-2018/jsoup/918_modified/target/classes
[INFO] /tmp/Ex2Amplifier-experiments/dataset/may-2018/jsoup/918_modified/src/main/java/org/jsoup/nodes/Attributes.java: /tmp/Ex2Amplifier-experiments/dataset/may-2018/jsoup/918_modified/src/main/java/org/jsoup/nodes/Attributes.java uses or overrides a deprecated API.
[INFO] /tmp/Ex2Amplifier-experiments/dataset/may-2018/jsoup/918_modified/src/main/java/org/jsoup/nodes/Attributes.java: Recompile with -Xlint:deprecation for details.
[INFO] 
[INFO] --- animal-sniffer-maven-plugin:1.15:check (animal-sniffer) @ jsoup ---
[INFO] Checking unresolved references to org.codehaus.mojo.signature:java17:1.0
[INFO] 
[INFO] >>> maven-bundle-plugin:2.5.4:manifest (bundle-manifest) > process-classes @ jsoup >>>
[INFO] 
[INFO] --- maven-resources-plugin:3.0.1:resources (default-resources) @ jsoup ---
[INFO] Using 'UTF-8' encoding to copy filtered resources.
[INFO] Copying 3 resources
[INFO] Copying 3 resources to META-INF/
[INFO] 
[INFO] --- maven-compiler-plugin:3.5.1:compile (default-compile) @ jsoup ---
[INFO] Changes detected - recompiling the module!
[INFO] Compiling 62 source files to /tmp/Ex2Amplifier-experiments/dataset/may-2018/jsoup/918_modified/target/classes
[INFO] /tmp/Ex2Amplifier-experiments/dataset/may-2018/jsoup/918_modified/src/main/java/org/jsoup/nodes/Attributes.java: /tmp/Ex2Amplifier-experiments/dataset/may-2018/jsoup/918_modified/src/main/java/org/jsoup/nodes/Attributes.java uses or overrides a deprecated API.
[INFO] /tmp/Ex2Amplifier-experiments/dataset/may-2018/jsoup/918_modified/src/main/java/org/jsoup/nodes/Attributes.java: Recompile with -Xlint:deprecation for details.
[INFO] 
[INFO] --- animal-sniffer-maven-plugin:1.15:check (animal-sniffer) @ jsoup ---
[INFO] Checking unresolved references to org.codehaus.mojo.signature:java17:1.0
[INFO] 
[INFO] <<< maven-bundle-plugin:2.5.4:manifest (bundle-manifest) < process-classes @ jsoup <<<
[INFO] 
[INFO] --- maven-bundle-plugin:2.5.4:manifest (bundle-manifest) @ jsoup ---
[INFO] 
[INFO] --- maven-resources-plugin:3.0.1:testResources (default-testResources) @ jsoup ---
[INFO] Using 'UTF-8' encoding to copy filtered resources.
[INFO] Copying 22 resources
[INFO] 
[INFO] --- maven-compiler-plugin:3.5.1:testCompile (default-testCompile) @ jsoup ---
[INFO] Changes detected - recompiling the module!
[INFO] Compiling 31 source files to /tmp/Ex2Amplifier-experiments/dataset/may-2018/jsoup/918_modified/target/test-classes
[INFO] /tmp/Ex2Amplifier-experiments/dataset/may-2018/jsoup/918_modified/src/test/java/org/jsoup/parser/AttributeParseTest.java: Some input files use or override a deprecated API.
[INFO] /tmp/Ex2Amplifier-experiments/dataset/may-2018/jsoup/918_modified/src/test/java/org/jsoup/parser/AttributeParseTest.java: Recompile with -Xlint:deprecation for details.
[INFO] /tmp/Ex2Amplifier-experiments/dataset/may-2018/jsoup/918_modified/src/test/java/org/jsoup/nodes/BuildEntities.java: /tmp/Ex2Amplifier-experiments/dataset/may-2018/jsoup/918_modified/src/test/java/org/jsoup/nodes/BuildEntities.java uses unchecked or unsafe operations.
[INFO] /tmp/Ex2Amplifier-experiments/dataset/may-2018/jsoup/918_modified/src/test/java/org/jsoup/nodes/BuildEntities.java: Recompile with -Xlint:unchecked for details.
[INFO] 
[INFO] --- maven-surefire-plugin:2.12.4:test (default-test) @ jsoup ---
[INFO] Tests are skipped.
[INFO] 
[INFO] --- maven-dependency-plugin:2.8:build-classpath (default-cli) @ jsoup ---
[INFO] Wrote classpath file '/tmp/Ex2Amplifier-experiments/dataset/may-2018/jsoup/918_modified/target/dspot/classpath'.
[INFO] ------------------------------------------------------------------------
[INFO] BUILD SUCCESS
[INFO] ------------------------------------------------------------------------
[INFO] Total time: 8.596 s
[INFO] Finished at: 2018-05-23T14:04:40+02:00
[INFO] Final Memory: 35M/401M
[INFO] ------------------------------------------------------------------------
[24693] INFO SelectorOnDiff - Selecting according to a diff between dataset/may-2018/jsoup/918/ and dataset/may-2018/jsoup/918_modified/ (bbcf905c8228374c733e45144119582d4758ce11)
[24700] INFO SelectorOnDiff - Modified files:
a/src/main/java/org/jsoup/select/Evaluator.java
a/src/test/java/org/jsoup/nodes/ElementTest.java
[75254] INFO Amplification - amplification of org.jsoup.select.SelectorTest (1 test(s))
[75566] INFO EntryPoint - Run: java -cp /tmp/Ex2Amplifier-experiments/dataset/may-2018/jsoup/918/target/test-classes:/tmp/Ex2Amplifier-experiments/dataset/may-2018/jsoup/918/target/classes:/home/spirals/danglot/.m2/repository/junit/junit/4.12/junit-4.12.jar:/home/spirals/danglot/.m2/repository/org/hamcrest/hamcrest-core/1.3/hamcrest-core-1.3.jar:/home/spirals/danglot/.m2/repository/com/google/code/gson/gson/2.7/gson-2.7.jar:/tmp/Ex2Amplifier-experiments/target/dspot/dependencies:/home/spirals/danglot/.m2/repository/eu/stamp-project/test-runner/1.0.8/test-runner-1.0.8-jar-with-dependencies.jar eu.stamp_project.testrunner.runner.test.TestRunner org.jsoup.select.SelectorTest matchesOwn
File saved to the following path: /tmp/Ex2Amplifier-experiments/dataset/may-2018/jsoup/918/target/dspot/TestListener.ser
[76024] INFO EntryPoint - Test has been run: matchesOwn
[76024] INFO Amplification - Try to add assertions before amplification
[76055] INFO AssertGenerator - Run tests. (1)
[76294] INFO EntryPoint - Run: java -cp /tmp/Ex2Amplifier-experiments/dataset/may-2018/jsoup/918/target/test-classes:/tmp/Ex2Amplifier-experiments/dataset/may-2018/jsoup/918/target/classes:/home/spirals/danglot/.m2/repository/junit/junit/4.12/junit-4.12.jar:/home/spirals/danglot/.m2/repository/org/hamcrest/hamcrest-core/1.3/hamcrest-core-1.3.jar:/home/spirals/danglot/.m2/repository/com/google/code/gson/gson/2.7/gson-2.7.jar:/tmp/Ex2Amplifier-experiments/target/dspot/dependencies:/home/spirals/danglot/.m2/repository/eu/stamp-project/test-runner/1.0.8/test-runner-1.0.8-jar-with-dependencies.jar eu.stamp_project.testrunner.runner.test.TestRunner org.jsoup.select.SelectorTest matchesOwn
File saved to the following path: /tmp/Ex2Amplifier-experiments/dataset/may-2018/jsoup/918/target/dspot/TestListener.ser
[76731] INFO EntryPoint - Test has been run: matchesOwn
[76732] INFO AssertGenerator - 1 test pass, generating assertion...
[76749] INFO MethodsAssertGenerator - Add observations points in passing tests.
[76749] INFO MethodsAssertGenerator - Instrumentation...
100% |================================================== ]/
[76785] INFO MethodsAssertGenerator - Run instrumented tests. (3)
[76939] INFO EntryPoint - Run: java -cp /tmp/Ex2Amplifier-experiments/dataset/may-2018/jsoup/918/target/test-classes:/tmp/Ex2Amplifier-experiments/dataset/may-2018/jsoup/918/target/classes:/home/spirals/danglot/.m2/repository/junit/junit/4.12/junit-4.12.jar:/home/spirals/danglot/.m2/repository/org/hamcrest/hamcrest-core/1.3/hamcrest-core-1.3.jar:/home/spirals/danglot/.m2/repository/com/google/code/gson/gson/2.7/gson-2.7.jar:/tmp/Ex2Amplifier-experiments/target/dspot/dependencies:/home/spirals/danglot/.m2/repository/eu/stamp-project/test-runner/1.0.8/test-runner-1.0.8-jar-with-dependencies.jar eu.stamp_project.testrunner.runner.test.TestRunner org.jsoup.select.SelectorTest matchesOwn_withlog0:matchesOwn_withlog1:matchesOwn_withlog2
File saved to the following path: /tmp/Ex2Amplifier-experiments/dataset/may-2018/jsoup/918/target/dspot/observations.ser
File saved to the following path: /tmp/Ex2Amplifier-experiments/dataset/may-2018/jsoup/918/target/dspot/TestListener.ser
[77465] INFO EntryPoint - Test has been run: matchesOwn_withlog0,matchesOwn_withlog1,matchesOwn_withlog2
[77471] INFO MethodsAssertGenerator - Generating assertions...
[77486] INFO AssertGenerator - 1 new tests with assertions generated
[77656] INFO EntryPoint - Run: java -cp /tmp/Ex2Amplifier-experiments/dataset/may-2018/jsoup/918/target/test-classes:/tmp/Ex2Amplifier-experiments/dataset/may-2018/jsoup/918/target/classes:/home/spirals/danglot/.m2/repository/junit/junit/4.12/junit-4.12.jar:/home/spirals/danglot/.m2/repository/org/hamcrest/hamcrest-core/1.3/hamcrest-core-1.3.jar:/home/spirals/danglot/.m2/repository/com/google/code/gson/gson/2.7/gson-2.7.jar:/tmp/Ex2Amplifier-experiments/target/dspot/dependencies:/home/spirals/danglot/.m2/repository/eu/stamp-project/test-runner/1.0.8/test-runner-1.0.8-jar-with-dependencies.jar eu.stamp_project.testrunner.runner.test.TestRunner org.jsoup.select.SelectorTest matchesOwn
File saved to the following path: /tmp/Ex2Amplifier-experiments/dataset/may-2018/jsoup/918/target/dspot/TestListener.ser
[78140] INFO EntryPoint - Test has been run: matchesOwn
[78533] DEBUG Launcher - building sources: [/tmp/Ex2Amplifier-experiments/target/dspot/tmp_test_sources/org/jsoup/select/SelectorTest.java]
[78533] DEBUG Launcher - build args: [-encoding, UTF-8, -cp, /home/spirals/danglot/.m2/repository/junit/junit/4.12/junit-4.12.jar:/home/spirals/danglot/.m2/repository/org/hamcrest/hamcrest-core/1.3/hamcrest-core-1.3.jar:/home/spirals/danglot/.m2/repository/com/google/code/gson/gson/2.7/gson-2.7.jar:target/dspot/dependencies/:dataset/may-2018/jsoup/918//target/classes:dataset/may-2018/jsoup/918//target/test-classes:, -1.8, -preserveAllLocals, -noExit, -enableJavadoc, /tmp/Ex2Amplifier-experiments/target/dspot/tmp_test_sources/org/jsoup/select/SelectorTest.java]
[78576] DEBUG Launcher - built in 43 ms
[78577] DEBUG Launcher - building templates: []
[78577] DEBUG Launcher - built in 0 ms
[78577] DEBUG Launcher - model built in 44
[78578] DEBUG Launcher - compiling sources: [/tmp/Ex2Amplifier-experiments/target/dspot/tmp_test_sources/org/jsoup/select/SelectorTest.java]
[78580] DEBUG Launcher - compile args: [-encoding, UTF-8, -cp, /home/spirals/danglot/.m2/repository/junit/junit/4.12/junit-4.12.jar:/home/spirals/danglot/.m2/repository/org/hamcrest/hamcrest-core/1.3/hamcrest-core-1.3.jar:/home/spirals/danglot/.m2/repository/com/google/code/gson/gson/2.7/gson-2.7.jar:target/dspot/dependencies/:dataset/may-2018/jsoup/918//target/classes:dataset/may-2018/jsoup/918//target/test-classes:, -d, /tmp/Ex2Amplifier-experiments/dataset/may-2018/jsoup/918_modified/target/test-classes, -1.8, -proc:none, -preserveAllLocals, -noExit, -enableJavadoc, /tmp/Ex2Amplifier-experiments/target/dspot/tmp_test_sources/org/jsoup/select/SelectorTest.java]
[78626] DEBUG Launcher - compiled in 48 ms
[78627] INFO EntryPoint - Run: java -cp /home/spirals/danglot/.m2/repository/junit/junit/4.12/junit-4.12.jar:/home/spirals/danglot/.m2/repository/org/hamcrest/hamcrest-core/1.3/hamcrest-core-1.3.jar:/home/spirals/danglot/.m2/repository/com/google/code/gson/gson/2.7/gson-2.7.jar:target/dspot/dependencies/:/tmp/Ex2Amplifier-experiments/dataset/may-2018/jsoup/918_modified/target/classes:/tmp/Ex2Amplifier-experiments/dataset/may-2018/jsoup/918_modified/target/test-classes:/home/spirals/danglot/.m2/repository/eu/stamp-project/test-runner/1.0.8/test-runner-1.0.8-jar-with-dependencies.jar eu.stamp_project.testrunner.runner.test.TestRunner org.jsoup.select.SelectorTest matchesOwn
File saved to the following path: /tmp/Ex2Amplifier-experiments/dataset/may-2018/jsoup/918/target/dspot/TestListener.ser
[79075] INFO EntryPoint - Test has been run: matchesOwn
[79075] INFO Amplification - 0 amplified test(s) has been selected, global: 0
[79075] INFO DSpot - elapsedTime 3824
======= REPORT =======
0 amplified test fails on the new versions.

[79408] INFO DSpot - Print AmplSelectorTest with 0?amplified test cases in results/may-2018/jsoup/918/A_ampl
[79408] DEBUG Launcher - printing org.jsoup.select.AmplSelectorTest to /tmp/Ex2Amplifier-experiments/results/may-2018/jsoup/918/A_ampl
[79447] INFO Amplification - amplification of org.jsoup.parser.CharacterReaderTest (3 test(s))
[79456] DEBUG Launcher - printing org.jsoup.parser.CharacterReaderTest to /tmp/Ex2Amplifier-experiments/target/dspot/tmp_test_sources
[79516] INFO EntryPoint - Run: java -cp /tmp/Ex2Amplifier-experiments/dataset/may-2018/jsoup/918/target/test-classes:/tmp/Ex2Amplifier-experiments/dataset/may-2018/jsoup/918/target/classes:/home/spirals/danglot/.m2/repository/junit/junit/4.12/junit-4.12.jar:/home/spirals/danglot/.m2/repository/org/hamcrest/hamcrest-core/1.3/hamcrest-core-1.3.jar:/home/spirals/danglot/.m2/repository/com/google/code/gson/gson/2.7/gson-2.7.jar:/tmp/Ex2Amplifier-experiments/target/dspot/dependencies:/home/spirals/danglot/.m2/repository/eu/stamp-project/test-runner/1.0.8/test-runner-1.0.8-jar-with-dependencies.jar eu.stamp_project.testrunner.runner.test.TestRunner org.jsoup.parser.CharacterReaderTest matches:matchesIgnoreCase:matchesAny
File saved to the following path: /tmp/Ex2Amplifier-experiments/dataset/may-2018/jsoup/918/target/dspot/TestListener.ser
[79888] INFO EntryPoint - Test has been run: matches,matchesIgnoreCase,matchesAny
[79888] INFO Amplification - Try to add assertions before amplification
[79921] INFO AssertGenerator - Run tests. (3)
[79926] DEBUG Launcher - printing org.jsoup.parser.CharacterReaderTest to /tmp/Ex2Amplifier-experiments/target/dspot/tmp_test_sources
[79983] INFO EntryPoint - Run: java -cp /tmp/Ex2Amplifier-experiments/dataset/may-2018/jsoup/918/target/test-classes:/tmp/Ex2Amplifier-experiments/dataset/may-2018/jsoup/918/target/classes:/home/spirals/danglot/.m2/repository/junit/junit/4.12/junit-4.12.jar:/home/spirals/danglot/.m2/repository/org/hamcrest/hamcrest-core/1.3/hamcrest-core-1.3.jar:/home/spirals/danglot/.m2/repository/com/google/code/gson/gson/2.7/gson-2.7.jar:/tmp/Ex2Amplifier-experiments/target/dspot/dependencies:/home/spirals/danglot/.m2/repository/eu/stamp-project/test-runner/1.0.8/test-runner-1.0.8-jar-with-dependencies.jar eu.stamp_project.testrunner.runner.test.TestRunner org.jsoup.parser.CharacterReaderTest matches:matchesIgnoreCase:matchesAny
File saved to the following path: /tmp/Ex2Amplifier-experiments/dataset/may-2018/jsoup/918/target/dspot/TestListener.ser
[80349] INFO EntryPoint - Test has been run: matches,matchesIgnoreCase,matchesAny
[80349] INFO AssertGenerator - 3 test pass, generating assertion...
[80352] INFO MethodsAssertGenerator - Add observations points in passing tests.
[80352] INFO MethodsAssertGenerator - Instrumentation...
 33% |================ ]/ 66% |================================= ]-100% |================================================== ]\
[80365] INFO MethodsAssertGenerator - Run instrumented tests. (9)
[80376] DEBUG Launcher - printing org.jsoup.parser.CharacterReaderTest to /tmp/Ex2Amplifier-experiments/target/dspot/tmp_test_sources
[80456] INFO EntryPoint - Run: java -cp /tmp/Ex2Amplifier-experiments/dataset/may-2018/jsoup/918/target/test-classes:/tmp/Ex2Amplifier-experiments/dataset/may-2018/jsoup/918/target/classes:/home/spirals/danglot/.m2/repository/junit/junit/4.12/junit-4.12.jar:/home/spirals/danglot/.m2/repository/org/hamcrest/hamcrest-core/1.3/hamcrest-core-1.3.jar:/home/spirals/danglot/.m2/repository/com/google/code/gson/gson/2.7/gson-2.7.jar:/tmp/Ex2Amplifier-experiments/target/dspot/dependencies:/home/spirals/danglot/.m2/repository/eu/stamp-project/test-runner/1.0.8/test-runner-1.0.8-jar-with-dependencies.jar eu.stamp_project.testrunner.runner.test.TestRunner org.jsoup.parser.CharacterReaderTest matches_withlog0:matchesIgnoreCase_withlog0:matchesAny_withlog0:matches_withlog1:matchesIgnoreCase_withlog1:matchesAny_withlog1:matches_withlog2:matchesIgnoreCase_withlog2:matchesAny_withlog2
File saved to the following path: /tmp/Ex2Amplifier-experiments/dataset/may-2018/jsoup/918/target/dspot/observations.ser
File saved to the following path: /tmp/Ex2Amplifier-experiments/dataset/may-2018/jsoup/918/target/dspot/TestListener.ser
[80943] INFO EntryPoint - Test has been run: matchesAny_withlog0,matchesAny_withlog1,matchesAny_withlog2,matches_withlog0,matches_withlog1,matches_withlog2,matchesIgnoreCase_withlog0,matchesIgnoreCase_withlog1,matchesIgnoreCase_withlog2
[80952] INFO MethodsAssertGenerator - Generating assertions...
[80967] INFO AssertGenerator - 3 new tests with assertions generated
[80978] DEBUG Launcher - printing org.jsoup.parser.CharacterReaderTest to /tmp/Ex2Amplifier-experiments/target/dspot/tmp_test_sources
[81041] INFO EntryPoint - Run: java -cp /tmp/Ex2Amplifier-experiments/dataset/may-2018/jsoup/918/target/test-classes:/tmp/Ex2Amplifier-experiments/dataset/may-2018/jsoup/918/target/classes:/home/spirals/danglot/.m2/repository/junit/junit/4.12/junit-4.12.jar:/home/spirals/danglot/.m2/repository/org/hamcrest/hamcrest-core/1.3/hamcrest-core-1.3.jar:/home/spirals/danglot/.m2/repository/com/google/code/gson/gson/2.7/gson-2.7.jar:/tmp/Ex2Amplifier-experiments/target/dspot/dependencies:/home/spirals/danglot/.m2/repository/eu/stamp-project/test-runner/1.0.8/test-runner-1.0.8-jar-with-dependencies.jar eu.stamp_project.testrunner.runner.test.TestRunner org.jsoup.parser.CharacterReaderTest matches:matchesIgnoreCase:matchesAny
File saved to the following path: /tmp/Ex2Amplifier-experiments/dataset/may-2018/jsoup/918/target/dspot/TestListener.ser
[81424] INFO EntryPoint - Test has been run: matches,matchesIgnoreCase,matchesAny
[81499] DEBUG Launcher - printing org.jsoup.parser.CharacterReaderTest to /tmp/Ex2Amplifier-experiments/target/dspot/tmp_test_sources
[81522] DEBUG Launcher - building sources: [/tmp/Ex2Amplifier-experiments/target/dspot/tmp_test_sources/org/jsoup/parser/CharacterReaderTest.java]
[81523] DEBUG Launcher - build args: [-encoding, UTF-8, -cp, /home/spirals/danglot/.m2/repository/junit/junit/4.12/junit-4.12.jar:/home/spirals/danglot/.m2/repository/org/hamcrest/hamcrest-core/1.3/hamcrest-core-1.3.jar:/home/spirals/danglot/.m2/repository/com/google/code/gson/gson/2.7/gson-2.7.jar:target/dspot/dependencies/:dataset/may-2018/jsoup/918//target/classes:dataset/may-2018/jsoup/918//target/test-classes:, -1.8, -preserveAllLocals, -noExit, -enableJavadoc, /tmp/Ex2Amplifier-experiments/target/dspot/tmp_test_sources/org/jsoup/parser/CharacterReaderTest.java]
[81566] DEBUG Launcher - built in 44 ms
[81566] DEBUG Launcher - building templates: []
[81567] DEBUG Launcher - built in 1 ms
[81567] DEBUG Launcher - model built in 45
[81567] DEBUG Launcher - compiling sources: [/tmp/Ex2Amplifier-experiments/target/dspot/tmp_test_sources/org/jsoup/parser/CharacterReaderTest.java]
[81568] DEBUG Launcher - compile args: [-encoding, UTF-8, -cp, /home/spirals/danglot/.m2/repository/junit/junit/4.12/junit-4.12.jar:/home/spirals/danglot/.m2/repository/org/hamcrest/hamcrest-core/1.3/hamcrest-core-1.3.jar:/home/spirals/danglot/.m2/repository/com/google/code/gson/gson/2.7/gson-2.7.jar:target/dspot/dependencies/:dataset/may-2018/jsoup/918//target/classes:dataset/may-2018/jsoup/918//target/test-classes:, -d, /tmp/Ex2Amplifier-experiments/dataset/may-2018/jsoup/918_modified/target/test-classes, -1.8, -proc:none, -preserveAllLocals, -noExit, -enableJavadoc, /tmp/Ex2Amplifier-experiments/target/dspot/tmp_test_sources/org/jsoup/parser/CharacterReaderTest.java]
[81630] DEBUG Launcher - compiled in 63 ms
[81630] INFO EntryPoint - Run: java -cp /home/spirals/danglot/.m2/repository/junit/junit/4.12/junit-4.12.jar:/home/spirals/danglot/.m2/repository/org/hamcrest/hamcrest-core/1.3/hamcrest-core-1.3.jar:/home/spirals/danglot/.m2/repository/com/google/code/gson/gson/2.7/gson-2.7.jar:target/dspot/dependencies/:/tmp/Ex2Amplifier-experiments/dataset/may-2018/jsoup/918_modified/target/classes:/tmp/Ex2Amplifier-experiments/dataset/may-2018/jsoup/918_modified/target/test-classes:/home/spirals/danglot/.m2/repository/eu/stamp-project/test-runner/1.0.8/test-runner-1.0.8-jar-with-dependencies.jar eu.stamp_project.testrunner.runner.test.TestRunner org.jsoup.parser.CharacterReaderTest matches:matchesIgnoreCase:matchesAny
File saved to the following path: /tmp/Ex2Amplifier-experiments/dataset/may-2018/jsoup/918/target/dspot/TestListener.ser
[81972] INFO EntryPoint - Test has been run: matches,matchesIgnoreCase,matchesAny
[81972] INFO Amplification - 0 amplified test(s) has been selected, global: 0
[81972] INFO DSpot - elapsedTime 2536
======= REPORT =======
0 amplified test fails on the new versions.

[82051] INFO DSpot - Print AmplCharacterReaderTest with 0?amplified test cases in results/may-2018/jsoup/918/A_ampl
[82051] DEBUG Launcher - printing org.jsoup.parser.AmplCharacterReaderTest to /tmp/Ex2Amplifier-experiments/results/may-2018/jsoup/918/A_ampl
