SLF4J: Class path contains multiple SLF4J bindings.
SLF4J: Found binding in [jar:file:/home/spirals/danglot/.m2/repository/eu/stamp-project/test-runner/1.0.8/test-runner-1.0.8-jar-with-dependencies.jar!/org/slf4j/impl/StaticLoggerBinder.class]
SLF4J: Found binding in [jar:file:/home/spirals/danglot/.m2/repository/org/slf4j/slf4j-log4j12/1.7.25/slf4j-log4j12-1.7.25.jar!/org/slf4j/impl/StaticLoggerBinder.class]
SLF4J: See http://www.slf4j.org/codes.html#multiple_bindings for an explanation.
SLF4J: Actual binding is of type [org.slf4j.impl.Log4jLoggerFactory]
[0] WARN AutomaticBuilderFactory - No automatic builder specified in configuration, going to default.
[1] INFO AutomaticBuilderFactory - Default: provided Maven automatic builder.
[12] INFO MavenAutomaticBuilder - run maven clean test -DskipTests dependency:build-classpath -Dmdep.outputFile=target/dspot/classpath
[WARN] Maven will be executed in interactive mode, but no input stream has been configured for this MavenInvoker instance.
[INFO] Scanning for projects...
[INFO]                                                                         
[INFO] ------------------------------------------------------------------------
[INFO] Building jsoup Java HTML Parser 1.10.3-SNAPSHOT
[INFO] ------------------------------------------------------------------------
[INFO] 
[INFO] --- maven-clean-plugin:2.5:clean (default-clean) @ jsoup ---
[INFO] Deleting /tmp/Ex2Amplifier-experiments/dataset/may-2018/jsoup/881/target
[INFO] 
[INFO] --- maven-resources-plugin:3.0.1:resources (default-resources) @ jsoup ---
[INFO] Using 'UTF-8' encoding to copy filtered resources.
[INFO] Copying 3 resources
[INFO] Copying 3 resources to META-INF/
[INFO] 
[INFO] --- maven-compiler-plugin:3.5.1:compile (default-compile) @ jsoup ---
[INFO] Changes detected - recompiling the module!
[INFO] Compiling 57 source files to /tmp/Ex2Amplifier-experiments/dataset/may-2018/jsoup/881/target/classes
[INFO] 
[INFO] --- animal-sniffer-maven-plugin:1.15:check (animal-sniffer) @ jsoup ---
[INFO] Checking unresolved references to org.codehaus.mojo.signature:java15:1.0
[INFO] 
[INFO] >>> maven-bundle-plugin:2.5.4:manifest (bundle-manifest) > process-classes @ jsoup >>>
[INFO] 
[INFO] --- maven-resources-plugin:3.0.1:resources (default-resources) @ jsoup ---
[INFO] Using 'UTF-8' encoding to copy filtered resources.
[INFO] Copying 3 resources
[INFO] Copying 3 resources to META-INF/
[INFO] 
[INFO] --- maven-compiler-plugin:3.5.1:compile (default-compile) @ jsoup ---
[INFO] Changes detected - recompiling the module!
[INFO] Compiling 57 source files to /tmp/Ex2Amplifier-experiments/dataset/may-2018/jsoup/881/target/classes
[INFO] 
[INFO] --- animal-sniffer-maven-plugin:1.15:check (animal-sniffer) @ jsoup ---
[INFO] Checking unresolved references to org.codehaus.mojo.signature:java15:1.0
[INFO] 
[INFO] <<< maven-bundle-plugin:2.5.4:manifest (bundle-manifest) < process-classes @ jsoup <<<
[INFO] 
[INFO] --- maven-bundle-plugin:2.5.4:manifest (bundle-manifest) @ jsoup ---
[INFO] 
[INFO] --- maven-resources-plugin:3.0.1:testResources (default-testResources) @ jsoup ---
[INFO] Using 'UTF-8' encoding to copy filtered resources.
[INFO] Copying 21 resources
[INFO] 
[INFO] --- maven-compiler-plugin:3.5.1:testCompile (default-testCompile) @ jsoup ---
[INFO] Changes detected - recompiling the module!
[INFO] Compiling 30 source files to /tmp/Ex2Amplifier-experiments/dataset/may-2018/jsoup/881/target/test-classes
[INFO] /tmp/Ex2Amplifier-experiments/dataset/may-2018/jsoup/881/src/test/java/org/jsoup/nodes/BuildEntities.java: /tmp/Ex2Amplifier-experiments/dataset/may-2018/jsoup/881/src/test/java/org/jsoup/nodes/BuildEntities.java uses unchecked or unsafe operations.
[INFO] /tmp/Ex2Amplifier-experiments/dataset/may-2018/jsoup/881/src/test/java/org/jsoup/nodes/BuildEntities.java: Recompile with -Xlint:unchecked for details.
[INFO] 
[INFO] --- maven-surefire-plugin:2.12.4:test (default-test) @ jsoup ---
[INFO] Tests are skipped.
[INFO] 
[INFO] --- maven-dependency-plugin:2.8:build-classpath (default-cli) @ jsoup ---
[INFO] Wrote classpath file '/tmp/Ex2Amplifier-experiments/dataset/may-2018/jsoup/881/target/dspot/classpath'.
[INFO] ------------------------------------------------------------------------
[INFO] BUILD SUCCESS
[INFO] ------------------------------------------------------------------------
[INFO] Total time: 7.998 s
[INFO] Finished at: 2018-06-09T15:26:47+02:00
[INFO] Final Memory: 32M/410M
[INFO] ------------------------------------------------------------------------
[13767] WARN AutomaticBuilderFactory - No automatic builder specified in configuration, going to default.
[13768] INFO AutomaticBuilderFactory - Default: provided Maven automatic builder.
[13768] INFO MavenAutomaticBuilder - run maven clean test -DskipTests dependency:build-classpath -Dmdep.outputFile=target/dspot/classpath
[WARN] Maven will be executed in interactive mode, but no input stream has been configured for this MavenInvoker instance.
[INFO] Scanning for projects...
[INFO]                                                                         
[INFO] ------------------------------------------------------------------------
[INFO] Building jsoup Java HTML Parser 1.10.3-SNAPSHOT
[INFO] ------------------------------------------------------------------------
[INFO] 
[INFO] --- maven-clean-plugin:2.5:clean (default-clean) @ jsoup ---
[INFO] 
[INFO] --- maven-resources-plugin:3.0.1:resources (default-resources) @ jsoup ---
[INFO] Using 'UTF-8' encoding to copy filtered resources.
[INFO] Copying 3 resources
[INFO] Copying 3 resources to META-INF/
[INFO] 
[INFO] --- maven-compiler-plugin:3.5.1:compile (default-compile) @ jsoup ---
[INFO] Changes detected - recompiling the module!
[INFO] Compiling 57 source files to /tmp/Ex2Amplifier-experiments/dataset/may-2018/jsoup/881_modified/target/classes
[INFO] 
[INFO] --- animal-sniffer-maven-plugin:1.15:check (animal-sniffer) @ jsoup ---
[INFO] Checking unresolved references to org.codehaus.mojo.signature:java15:1.0
[INFO] 
[INFO] >>> maven-bundle-plugin:2.5.4:manifest (bundle-manifest) > process-classes @ jsoup >>>
[INFO] 
[INFO] --- maven-resources-plugin:3.0.1:resources (default-resources) @ jsoup ---
[INFO] Using 'UTF-8' encoding to copy filtered resources.
[INFO] Copying 3 resources
[INFO] Copying 3 resources to META-INF/
[INFO] 
[INFO] --- maven-compiler-plugin:3.5.1:compile (default-compile) @ jsoup ---
[INFO] Changes detected - recompiling the module!
[INFO] Compiling 57 source files to /tmp/Ex2Amplifier-experiments/dataset/may-2018/jsoup/881_modified/target/classes
[INFO] 
[INFO] --- animal-sniffer-maven-plugin:1.15:check (animal-sniffer) @ jsoup ---
[INFO] Checking unresolved references to org.codehaus.mojo.signature:java15:1.0
[INFO] 
[INFO] <<< maven-bundle-plugin:2.5.4:manifest (bundle-manifest) < process-classes @ jsoup <<<
[INFO] 
[INFO] --- maven-bundle-plugin:2.5.4:manifest (bundle-manifest) @ jsoup ---
[INFO] 
[INFO] --- maven-resources-plugin:3.0.1:testResources (default-testResources) @ jsoup ---
[INFO] Using 'UTF-8' encoding to copy filtered resources.
[INFO] Copying 21 resources
[INFO] 
[INFO] --- maven-compiler-plugin:3.5.1:testCompile (default-testCompile) @ jsoup ---
[INFO] Changes detected - recompiling the module!
[INFO] Compiling 30 source files to /tmp/Ex2Amplifier-experiments/dataset/may-2018/jsoup/881_modified/target/test-classes
[INFO] /tmp/Ex2Amplifier-experiments/dataset/may-2018/jsoup/881_modified/src/test/java/org/jsoup/nodes/BuildEntities.java: /tmp/Ex2Amplifier-experiments/dataset/may-2018/jsoup/881_modified/src/test/java/org/jsoup/nodes/BuildEntities.java uses unchecked or unsafe operations.
[INFO] /tmp/Ex2Amplifier-experiments/dataset/may-2018/jsoup/881_modified/src/test/java/org/jsoup/nodes/BuildEntities.java: Recompile with -Xlint:unchecked for details.
[INFO] 
[INFO] --- maven-surefire-plugin:2.12.4:test (default-test) @ jsoup ---
[INFO] Tests are skipped.
[INFO] 
[INFO] --- maven-dependency-plugin:2.8:build-classpath (default-cli) @ jsoup ---
[INFO] Wrote classpath file '/tmp/Ex2Amplifier-experiments/dataset/may-2018/jsoup/881_modified/target/dspot/classpath'.
[INFO] ------------------------------------------------------------------------
[INFO] BUILD SUCCESS
[INFO] ------------------------------------------------------------------------
[INFO] Total time: 7.949 s
[INFO] Finished at: 2018-06-09T15:27:01+02:00
[INFO] Final Memory: 32M/415M
[INFO] ------------------------------------------------------------------------
[23372] INFO SelectorOnDiff - Selecting according to a diff between dataset/may-2018/jsoup/881/ and dataset/may-2018/jsoup/881_modified/ (f28c024ba127fd701f0d195a359afbabff04d7a1)
[23377] INFO SelectorOnDiff - Modified files:
a/src/main/java/org/jsoup/helper/HttpConnection.java
[76749] INFO Amplification - amplification of org.jsoup.helper.HttpConnectionTest (19 test(s))
[76972] INFO EntryPoint - Run: java -cp /tmp/Ex2Amplifier-experiments/dataset/may-2018/jsoup/881/target/test-classes:/tmp/Ex2Amplifier-experiments/dataset/may-2018/jsoup/881/target/classes:/home/spirals/danglot/.m2/repository/junit/junit/4.12/junit-4.12.jar:/home/spirals/danglot/.m2/repository/org/hamcrest/hamcrest-core/1.3/hamcrest-core-1.3.jar:/home/spirals/danglot/.m2/repository/com/google/code/gson/gson/2.7/gson-2.7.jar:/tmp/Ex2Amplifier-experiments/target/dspot/dependencies:/home/spirals/danglot/.m2/repository/eu/stamp-project/test-runner/1.0.8/test-runner-1.0.8-jar-with-dependencies.jar eu.stamp_project.testrunner.runner.test.TestRunner org.jsoup.helper.HttpConnectionTest headers:throwsExceptionOnParseWithoutExecute:throwsOnMalformedUrl:connectWithUrl:cookie:data:ignoresEmptySetCookies:method:caseInsensitiveHeaders:inputStream:throwsExceptionOnBodyWithoutExecute:ignoresEmptyCookieNameAndVals:throwsOnOddData:userAgent:timeout:referrer:sameHeadersCombineWithComma:requestBody:throwsExceptionOnBodyAsBytesWithoutExecute
File saved to the following path: /tmp/Ex2Amplifier-experiments/dataset/may-2018/jsoup/881/target/dspot/TestListener.ser
[77412] INFO EntryPoint - Test has been run: throwsExceptionOnParseWithoutExecute,connectWithUrl,ignoresEmptySetCookies,throwsOnMalformedUrl,cookie,timeout,method,referrer,sameHeadersCombineWithComma,inputStream,throwsExceptionOnBodyAsBytesWithoutExecute,data,userAgent,throwsExceptionOnBodyWithoutExecute,headers,requestBody,ignoresEmptyCookieNameAndVals,throwsOnOddData,caseInsensitiveHeaders
[77412] INFO Amplification - Try to add assertions before amplification
[77560] INFO AssertGenerator - Run tests. (19)
[77677] INFO EntryPoint - Run: java -cp /tmp/Ex2Amplifier-experiments/dataset/may-2018/jsoup/881/target/test-classes:/tmp/Ex2Amplifier-experiments/dataset/may-2018/jsoup/881/target/classes:/home/spirals/danglot/.m2/repository/junit/junit/4.12/junit-4.12.jar:/home/spirals/danglot/.m2/repository/org/hamcrest/hamcrest-core/1.3/hamcrest-core-1.3.jar:/home/spirals/danglot/.m2/repository/com/google/code/gson/gson/2.7/gson-2.7.jar:/tmp/Ex2Amplifier-experiments/target/dspot/dependencies:/home/spirals/danglot/.m2/repository/eu/stamp-project/test-runner/1.0.8/test-runner-1.0.8-jar-with-dependencies.jar eu.stamp_project.testrunner.runner.test.TestRunner org.jsoup.helper.HttpConnectionTest headers:throwsExceptionOnParseWithoutExecute:throwsOnMalformedUrl:connectWithUrl:cookie:data:ignoresEmptySetCookies:method:caseInsensitiveHeaders:inputStream:throwsExceptionOnBodyWithoutExecute:ignoresEmptyCookieNameAndVals:throwsOnOddData:userAgent:timeout:referrer:sameHeadersCombineWithComma:requestBody:throwsExceptionOnBodyAsBytesWithoutExecute
File saved to the following path: /tmp/Ex2Amplifier-experiments/dataset/may-2018/jsoup/881/target/dspot/TestListener.ser
[78126] INFO EntryPoint - Test has been run: throwsExceptionOnParseWithoutExecute,connectWithUrl,ignoresEmptySetCookies,throwsOnMalformedUrl,cookie,timeout,method,referrer,sameHeadersCombineWithComma,inputStream,throwsExceptionOnBodyAsBytesWithoutExecute,data,userAgent,throwsExceptionOnBodyWithoutExecute,headers,requestBody,ignoresEmptyCookieNameAndVals,throwsOnOddData,caseInsensitiveHeaders
[78126] INFO AssertGenerator - 19 test pass, generating assertion...
[78131] INFO MethodsAssertGenerator - Add observations points in passing tests.
[78131] INFO MethodsAssertGenerator - Instrumentation...
  5% |== ]/ 10% |===== ]- 15% |======= ]\ 21% |========== ]| 26% |============= ]/ 31% |=============== ]- 36% |================== ]\ 42% |===================== ]| 47% |======================= ]/ 52% |========================== ]- 57% |============================ ]\ 63% |=============================== ]| 68% |================================== ]/ 73% |==================================== ]- 78% |======================================= ]\ 84% |========================================== ]| 89% |============================================ ]/ 94% |=============================================== ]-100% |================================================== ]\
[78256] INFO MethodsAssertGenerator - Run instrumented tests. (57)
[78625] INFO EntryPoint - Run: java -cp /tmp/Ex2Amplifier-experiments/dataset/may-2018/jsoup/881/target/test-classes:/tmp/Ex2Amplifier-experiments/dataset/may-2018/jsoup/881/target/classes:/home/spirals/danglot/.m2/repository/junit/junit/4.12/junit-4.12.jar:/home/spirals/danglot/.m2/repository/org/hamcrest/hamcrest-core/1.3/hamcrest-core-1.3.jar:/home/spirals/danglot/.m2/repository/com/google/code/gson/gson/2.7/gson-2.7.jar:/tmp/Ex2Amplifier-experiments/target/dspot/dependencies:/home/spirals/danglot/.m2/repository/eu/stamp-project/test-runner/1.0.8/test-runner-1.0.8-jar-with-dependencies.jar eu.stamp_project.testrunner.runner.test.TestRunner org.jsoup.helper.HttpConnectionTest headers_withlog0:throwsExceptionOnParseWithoutExecute_withlog0:throwsOnMalformedUrl_withlog0:connectWithUrl_withlog0:cookie_withlog0:data_withlog0:ignoresEmptySetCookies_withlog0:method_withlog0:caseInsensitiveHeaders_withlog0:inputStream_withlog0:throwsExceptionOnBodyWithoutExecute_withlog0:ignoresEmptyCookieNameAndVals_withlog0:throwsOnOddData_withlog0:userAgent_withlog0:timeout_withlog0:referrer_withlog0:sameHeadersCombineWithComma_withlog0:requestBody_withlog0:throwsExceptionOnBodyAsBytesWithoutExecute_withlog0:headers_withlog1:throwsExceptionOnParseWithoutExecute_withlog1:throwsOnMalformedUrl_withlog1:connectWithUrl_withlog1:cookie_withlog1:data_withlog1:ignoresEmptySetCookies_withlog1:method_withlog1:caseInsensitiveHeaders_withlog1:inputStream_withlog1:throwsExceptionOnBodyWithoutExecute_withlog1:ignoresEmptyCookieNameAndVals_withlog1:throwsOnOddData_withlog1:userAgent_withlog1:timeout_withlog1:referrer_withlog1:sameHeadersCombineWithComma_withlog1:requestBody_withlog1:throwsExceptionOnBodyAsBytesWithoutExecute_withlog1:headers_withlog2:throwsExceptionOnParseWithoutExecute_withlog2:throwsOnMalformedUrl_withlog2:connectWithUrl_withlog2:cookie_withlog2:data_withlog2:ignoresEmptySetCookies_withlog2:method_withlog2:caseInsensitiveHeaders_withlog2:inputStream_withlog2:throwsExceptionOnBodyWithoutExecute_withlog2:ignoresEmptyCookieNameAndVals_withlog2:throwsOnOddData_withlog2:userAgent_withlog2:timeout_withlog2:referrer_withlog2:sameHeadersCombineWithComma_withlog2:requestBody_withlog2:throwsExceptionOnBodyAsBytesWithoutExecute_withlog2
File saved to the following path: /tmp/Ex2Amplifier-experiments/dataset/may-2018/jsoup/881/target/dspot/observations.ser
File saved to the following path: /tmp/Ex2Amplifier-experiments/dataset/may-2018/jsoup/881/target/dspot/TestListener.ser
[5331794] INFO EntryPoint - Test has been run: throwsOnMalformedUrl_withlog0,throwsOnMalformedUrl_withlog1,throwsOnMalformedUrl_withlog2,throwsExceptionOnBodyAsBytesWithoutExecute_withlog0,throwsExceptionOnBodyAsBytesWithoutExecute_withlog1,throwsExceptionOnBodyAsBytesWithoutExecute_withlog2,throwsOnOddData_withlog0,throwsOnOddData_withlog1,throwsOnOddData_withlog2,throwsExceptionOnBodyWithoutExecute_withlog0,throwsExceptionOnBodyWithoutExecute_withlog1,throwsExceptionOnBodyWithoutExecute_withlog2,inputStream_withlog0,inputStream_withlog1,inputStream_withlog2,throwsExceptionOnParseWithoutExecute_withlog0,throwsExceptionOnParseWithoutExecute_withlog1,throwsExceptionOnParseWithoutExecute_withlog2,cookie_withlog0(org.jsoup.helper.HttpConnectionTest): test timed out after 120000 milliseconds,cookie_withlog1(org.jsoup.helper.HttpConnectionTest): test timed out after 120000 milliseconds,cookie_withlog2(org.jsoup.helper.HttpConnectionTest): test timed out after 120000 milliseconds,caseInsensitiveHeaders_withlog0(org.jsoup.helper.HttpConnectionTest): null,caseInsensitiveHeaders_withlog1(org.jsoup.helper.HttpConnectionTest): null,caseInsensitiveHeaders_withlog2(org.jsoup.helper.HttpConnectionTest): null,headers_withlog0(org.jsoup.helper.HttpConnectionTest): test timed out after 120000 milliseconds,headers_withlog1(org.jsoup.helper.HttpConnectionTest): test timed out after 120000 milliseconds,headers_withlog2(org.jsoup.helper.HttpConnectionTest): test timed out after 120000 milliseconds,referrer_withlog0(org.jsoup.helper.HttpConnectionTest): test timed out after 120000 milliseconds,referrer_withlog1(org.jsoup.helper.HttpConnectionTest): test timed out after 120000 milliseconds,referrer_withlog2(org.jsoup.helper.HttpConnectionTest): test timed out after 120000 milliseconds,requestBody_withlog0(org.jsoup.helper.HttpConnectionTest): test timed out after 120000 milliseconds,requestBody_withlog1(org.jsoup.helper.HttpConnectionTest): test timed out after 120000 milliseconds,requestBody_withlog2(org.jsoup.helper.HttpConnectionTest): test timed out after 120000 milliseconds,userAgent_withlog0(org.jsoup.helper.HttpConnectionTest): test timed out after 120000 milliseconds,userAgent_withlog1(org.jsoup.helper.HttpConnectionTest): test timed out after 120000 milliseconds,userAgent_withlog2(org.jsoup.helper.HttpConnectionTest): test timed out after 120000 milliseconds,data_withlog0(org.jsoup.helper.HttpConnectionTest): test timed out after 120000 milliseconds,data_withlog1(org.jsoup.helper.HttpConnectionTest): test timed out after 120000 milliseconds,data_withlog2(org.jsoup.helper.HttpConnectionTest): test timed out after 120000 milliseconds,ignoresEmptySetCookies_withlog0(org.jsoup.helper.HttpConnectionTest): null,ignoresEmptySetCookies_withlog1(org.jsoup.helper.HttpConnectionTest): null,ignoresEmptySetCookies_withlog2(org.jsoup.helper.HttpConnectionTest): null,sameHeadersCombineWithComma_withlog0(org.jsoup.helper.HttpConnectionTest): null,sameHeadersCombineWithComma_withlog1(org.jsoup.helper.HttpConnectionTest): null,sameHeadersCombineWithComma_withlog2(org.jsoup.helper.HttpConnectionTest): null,connectWithUrl_withlog0(org.jsoup.helper.HttpConnectionTest): test timed out after 120000 milliseconds,connectWithUrl_withlog1(org.jsoup.helper.HttpConnectionTest): test timed out after 120000 milliseconds,connectWithUrl_withlog2(org.jsoup.helper.HttpConnectionTest): test timed out after 120000 milliseconds,timeout_withlog0(org.jsoup.helper.HttpConnectionTest): test timed out after 120000 milliseconds,timeout_withlog1(org.jsoup.helper.HttpConnectionTest): test timed out after 120000 milliseconds,timeout_withlog2(org.jsoup.helper.HttpConnectionTest): test timed out after 120000 milliseconds,method_withlog0(org.jsoup.helper.HttpConnectionTest): test timed out after 120000 milliseconds,method_withlog1(org.jsoup.helper.HttpConnectionTest): test timed out after 120000 milliseconds,method_withlog2(org.jsoup.helper.HttpConnectionTest): test timed out after 120000 milliseconds,ignoresEmptyCookieNameAndVals_withlog0(org.jsoup.helper.HttpConnectionTest): null,ignoresEmptyCookieNameAndVals_withlog1(org.jsoup.helper.HttpConnectionTest): null,ignoresEmptyCookieNameAndVals_withlog2(org.jsoup.helper.HttpConnectionTest): null
[5331896] INFO MethodsAssertGenerator - Generating assertions...
[5333114] INFO AssertGenerator - 13 new tests with assertions generated
[5342675] WARN TestCompiler - 4 errors during compilation, discarding involved test methods
[5348731] ERROR TestCompiler - Pb(63) The code of method cookie() is exceeding the 65535 bytes limit
[5348731] ERROR TestCompiler - Pb(63) The code of method userAgent() is exceeding the 65535 bytes limit
[5348731] ERROR TestCompiler - Pb(63) The code of method referrer() is exceeding the 65535 bytes limit
[5348731] ERROR TestCompiler - Pb(63) The code of method requestBody() is exceeding the 65535 bytes limit
[5350576] INFO EntryPoint - Run: java -cp /tmp/Ex2Amplifier-experiments/dataset/may-2018/jsoup/881/target/test-classes:/tmp/Ex2Amplifier-experiments/dataset/may-2018/jsoup/881/target/classes:/home/spirals/danglot/.m2/repository/junit/junit/4.12/junit-4.12.jar:/home/spirals/danglot/.m2/repository/org/hamcrest/hamcrest-core/1.3/hamcrest-core-1.3.jar:/home/spirals/danglot/.m2/repository/com/google/code/gson/gson/2.7/gson-2.7.jar:/tmp/Ex2Amplifier-experiments/target/dspot/dependencies:/home/spirals/danglot/.m2/repository/eu/stamp-project/test-runner/1.0.8/test-runner-1.0.8-jar-with-dependencies.jar eu.stamp_project.testrunner.runner.test.TestRunner org.jsoup.helper.HttpConnectionTest headers:connectWithUrl:data:method:caseInsensitiveHeaders:inputStream:ignoresEmptyCookieNameAndVals:timeout:sameHeadersCombineWithComma
File saved to the following path: /tmp/Ex2Amplifier-experiments/dataset/may-2018/jsoup/881/target/dspot/TestListener.ser
[5353315] INFO EntryPoint - Test has been run: sameHeadersCombineWithComma,inputStream,ignoresEmptyCookieNameAndVals,caseInsensitiveHeaders,connectWithUrl(org.jsoup.helper.HttpConnectionTest): expected:<1> but was:<0>,timeout(org.jsoup.helper.HttpConnectionTest): expected:<1> but was:<0>,method(org.jsoup.helper.HttpConnectionTest): expected:<1> but was:<0>,data(org.jsoup.helper.HttpConnectionTest): expected:<http://example.com/[]> but was:<http://example.com/[?Name=Val&Foo=bar]>,headers(org.jsoup.helper.HttpConnectionTest): expected:<1> but was:<0>
[5354651] DEBUG Launcher - building sources: [/tmp/Ex2Amplifier-experiments/target/dspot/tmp_test_sources/org/jsoup/helper/HttpConnectionTest.java]
[5354657] DEBUG Launcher - build args: [-encoding, UTF-8, -cp, /home/spirals/danglot/.m2/repository/junit/junit/4.12/junit-4.12.jar:/home/spirals/danglot/.m2/repository/org/hamcrest/hamcrest-core/1.3/hamcrest-core-1.3.jar:/home/spirals/danglot/.m2/repository/com/google/code/gson/gson/2.7/gson-2.7.jar:target/dspot/dependencies/:dataset/may-2018/jsoup/881//target/classes:dataset/may-2018/jsoup/881//target/test-classes:, -1.8, -preserveAllLocals, -noExit, -enableJavadoc, /tmp/Ex2Amplifier-experiments/target/dspot/tmp_test_sources/org/jsoup/helper/HttpConnectionTest.java]
[5354979] DEBUG Launcher - built in 328 ms
[5354979] DEBUG Launcher - building templates: []
[5354979] DEBUG Launcher - built in 0 ms
[5355021] DEBUG Launcher - model built in 370
[5355022] DEBUG Launcher - compiling sources: [/tmp/Ex2Amplifier-experiments/target/dspot/tmp_test_sources/org/jsoup/helper/HttpConnectionTest.java]
[5355081] DEBUG Launcher - compile args: [-encoding, UTF-8, -cp, /home/spirals/danglot/.m2/repository/junit/junit/4.12/junit-4.12.jar:/home/spirals/danglot/.m2/repository/org/hamcrest/hamcrest-core/1.3/hamcrest-core-1.3.jar:/home/spirals/danglot/.m2/repository/com/google/code/gson/gson/2.7/gson-2.7.jar:target/dspot/dependencies/:dataset/may-2018/jsoup/881//target/classes:dataset/may-2018/jsoup/881//target/test-classes:, -d, /tmp/Ex2Amplifier-experiments/dataset/may-2018/jsoup/881_modified/target/test-classes, -1.8, -proc:none, -preserveAllLocals, -noExit, -enableJavadoc, /tmp/Ex2Amplifier-experiments/target/dspot/tmp_test_sources/org/jsoup/helper/HttpConnectionTest.java]
[5368831] DEBUG Launcher - compiled in 13809 ms
[5368833] INFO EntryPoint - Run: java -cp /home/spirals/danglot/.m2/repository/junit/junit/4.12/junit-4.12.jar:/home/spirals/danglot/.m2/repository/org/hamcrest/hamcrest-core/1.3/hamcrest-core-1.3.jar:/home/spirals/danglot/.m2/repository/com/google/code/gson/gson/2.7/gson-2.7.jar:target/dspot/dependencies/:/tmp/Ex2Amplifier-experiments/dataset/may-2018/jsoup/881_modified/target/classes:/tmp/Ex2Amplifier-experiments/dataset/may-2018/jsoup/881_modified/target/test-classes:/home/spirals/danglot/.m2/repository/eu/stamp-project/test-runner/1.0.8/test-runner-1.0.8-jar-with-dependencies.jar eu.stamp_project.testrunner.runner.test.TestRunner org.jsoup.helper.HttpConnectionTest headers:connectWithUrl:data:method:caseInsensitiveHeaders:inputStream:ignoresEmptyCookieNameAndVals:timeout:sameHeadersCombineWithComma
File saved to the following path: /tmp/Ex2Amplifier-experiments/dataset/may-2018/jsoup/881/target/dspot/TestListener.ser
[5371355] INFO EntryPoint - Test has been run: sameHeadersCombineWithComma,inputStream,ignoresEmptyCookieNameAndVals,caseInsensitiveHeaders,connectWithUrl(org.jsoup.helper.HttpConnectionTest): expected:<1> but was:<0>,timeout(org.jsoup.helper.HttpConnectionTest): expected:<1> but was:<0>,method(org.jsoup.helper.HttpConnectionTest): expected:<1> but was:<0>,data(org.jsoup.helper.HttpConnectionTest): expected:<http://example.com/[]> but was:<http://example.com/[?Name=Val&Foo=bar]>,headers(org.jsoup.helper.HttpConnectionTest): expected:<1> but was:<0>
[5371357] INFO Amplification - 5 amplified test(s) has been selected, global: 5
[5371357] INFO DSpot - elapsedTime 5294654
======= REPORT =======
5 amplified test fails on the new versions.
headers(org.jsoup.helper.HttpConnectionTest): expected:<1> but was:<0>
connectWithUrl(org.jsoup.helper.HttpConnectionTest): expected:<1> but was:<0>
data(org.jsoup.helper.HttpConnectionTest): expected:<http://example.com/[]> but was:<http://example.com/[?Name=Val&Foo=bar]>
method(org.jsoup.helper.HttpConnectionTest): expected:<1> but was:<0>
timeout(org.jsoup.helper.HttpConnectionTest): expected:<1> but was:<0>

[5371462] INFO DSpot - Print AmplHttpConnectionTest with 5?amplified test cases in results/may-2018/jsoup/881/A_ampl
