SLF4J: Class path contains multiple SLF4J bindings.
SLF4J: Found binding in [jar:file:/home/spirals/danglot/.m2/repository/eu/stamp-project/test-runner/1.0.8/test-runner-1.0.8-jar-with-dependencies.jar!/org/slf4j/impl/StaticLoggerBinder.class]
SLF4J: Found binding in [jar:file:/home/spirals/danglot/.m2/repository/org/slf4j/slf4j-log4j12/1.7.25/slf4j-log4j12-1.7.25.jar!/org/slf4j/impl/StaticLoggerBinder.class]
SLF4J: See http://www.slf4j.org/codes.html#multiple_bindings for an explanation.
SLF4J: Actual binding is of type [org.slf4j.impl.Log4jLoggerFactory]
[0] WARN AutomaticBuilderFactory - No automatic builder specified in configuration, going to default.
[0] INFO AutomaticBuilderFactory - Default: provided Maven automatic builder.
[8] INFO MavenAutomaticBuilder - run maven clean test -DskipTests dependency:build-classpath -Dmdep.outputFile=target/dspot/classpath
[WARN] Maven will be executed in interactive mode, but no input stream has been configured for this MavenInvoker instance.
[INFO] Scanning for projects...
[INFO]                                                                         
[INFO] ------------------------------------------------------------------------
[INFO] Building jsoup Java HTML Parser 1.11.3-SNAPSHOT
[INFO] ------------------------------------------------------------------------
[INFO] 
[INFO] --- maven-clean-plugin:2.5:clean (default-clean) @ jsoup ---
[INFO] Deleting /tmp/Ex2Amplifier-experiments/dataset/may-2018/jsoup/988/target
[INFO] 
[INFO] --- maven-resources-plugin:3.0.1:resources (default-resources) @ jsoup ---
[INFO] Using 'UTF-8' encoding to copy filtered resources.
[INFO] Copying 0 resource
[INFO] Copying 3 resources to META-INF/
[INFO] 
[INFO] --- maven-compiler-plugin:3.5.1:compile (default-compile) @ jsoup ---
[INFO] Changes detected - recompiling the module!
[INFO] Compiling 67 source files to /tmp/Ex2Amplifier-experiments/dataset/may-2018/jsoup/988/target/classes
[INFO] /tmp/Ex2Amplifier-experiments/dataset/may-2018/jsoup/988/src/main/java/org/jsoup/nodes/Attributes.java: Some input files use or override a deprecated API.
[INFO] /tmp/Ex2Amplifier-experiments/dataset/may-2018/jsoup/988/src/main/java/org/jsoup/nodes/Attributes.java: Recompile with -Xlint:deprecation for details.
[INFO] 
[INFO] --- animal-sniffer-maven-plugin:1.16:check (animal-sniffer) @ jsoup ---
[INFO] Checking unresolved references to net.sf.androidscents.signature:android-api-level-8:2.2_r3
[INFO] 
[INFO] >>> maven-bundle-plugin:2.5.4:manifest (bundle-manifest) > process-classes @ jsoup >>>
[INFO] 
[INFO] --- maven-resources-plugin:3.0.1:resources (default-resources) @ jsoup ---
[INFO] Using 'UTF-8' encoding to copy filtered resources.
[INFO] Copying 0 resource
[INFO] Copying 3 resources to META-INF/
[INFO] 
[INFO] --- maven-compiler-plugin:3.5.1:compile (default-compile) @ jsoup ---
[INFO] Changes detected - recompiling the module!
[INFO] Compiling 67 source files to /tmp/Ex2Amplifier-experiments/dataset/may-2018/jsoup/988/target/classes
[INFO] /tmp/Ex2Amplifier-experiments/dataset/may-2018/jsoup/988/src/main/java/org/jsoup/nodes/Attributes.java: Some input files use or override a deprecated API.
[INFO] /tmp/Ex2Amplifier-experiments/dataset/may-2018/jsoup/988/src/main/java/org/jsoup/nodes/Attributes.java: Recompile with -Xlint:deprecation for details.
[INFO] 
[INFO] --- animal-sniffer-maven-plugin:1.16:check (animal-sniffer) @ jsoup ---
[INFO] Checking unresolved references to net.sf.androidscents.signature:android-api-level-8:2.2_r3
[INFO] 
[INFO] <<< maven-bundle-plugin:2.5.4:manifest (bundle-manifest) < process-classes @ jsoup <<<
[INFO] 
[INFO] --- maven-bundle-plugin:2.5.4:manifest (bundle-manifest) @ jsoup ---
[INFO] 
[INFO] --- maven-resources-plugin:3.0.1:testResources (default-testResources) @ jsoup ---
[INFO] Using 'UTF-8' encoding to copy filtered resources.
[INFO] Copying 23 resources
[INFO] 
[INFO] --- maven-compiler-plugin:3.5.1:testCompile (default-testCompile) @ jsoup ---
[INFO] Changes detected - recompiling the module!
[INFO] Compiling 43 source files to /tmp/Ex2Amplifier-experiments/dataset/may-2018/jsoup/988/target/test-classes
[INFO] /tmp/Ex2Amplifier-experiments/dataset/may-2018/jsoup/988/src/test/java/org/jsoup/parser/AttributeParseTest.java: Some input files use or override a deprecated API.
[INFO] /tmp/Ex2Amplifier-experiments/dataset/may-2018/jsoup/988/src/test/java/org/jsoup/parser/AttributeParseTest.java: Recompile with -Xlint:deprecation for details.
[INFO] 
[INFO] --- maven-surefire-plugin:2.12.4:test (default-test) @ jsoup ---
[INFO] Tests are skipped.
[INFO] 
[INFO] --- maven-dependency-plugin:2.8:build-classpath (default-cli) @ jsoup ---
[INFO] Wrote classpath file '/tmp/Ex2Amplifier-experiments/dataset/may-2018/jsoup/988/target/dspot/classpath'.
[INFO] ------------------------------------------------------------------------
[INFO] BUILD SUCCESS
[INFO] ------------------------------------------------------------------------
[INFO] Total time: 8.766 s
[INFO] Finished at: 2018-06-09T12:55:39+02:00
[INFO] Final Memory: 33M/411M
[INFO] ------------------------------------------------------------------------
[15301] WARN AutomaticBuilderFactory - No automatic builder specified in configuration, going to default.
[15301] INFO AutomaticBuilderFactory - Default: provided Maven automatic builder.
[15301] INFO MavenAutomaticBuilder - run maven clean test -DskipTests dependency:build-classpath -Dmdep.outputFile=target/dspot/classpath
[WARN] Maven will be executed in interactive mode, but no input stream has been configured for this MavenInvoker instance.
[INFO] Scanning for projects...
[INFO]                                                                         
[INFO] ------------------------------------------------------------------------
[INFO] Building jsoup Java HTML Parser 1.11.3-SNAPSHOT
[INFO] ------------------------------------------------------------------------
[INFO] 
[INFO] --- maven-clean-plugin:2.5:clean (default-clean) @ jsoup ---
[INFO] Deleting /tmp/Ex2Amplifier-experiments/dataset/may-2018/jsoup/988_modified/target
[INFO] 
[INFO] --- maven-resources-plugin:3.0.1:resources (default-resources) @ jsoup ---
[INFO] Using 'UTF-8' encoding to copy filtered resources.
[INFO] Copying 0 resource
[INFO] Copying 3 resources to META-INF/
[INFO] 
[INFO] --- maven-compiler-plugin:3.5.1:compile (default-compile) @ jsoup ---
[INFO] Changes detected - recompiling the module!
[INFO] Compiling 67 source files to /tmp/Ex2Amplifier-experiments/dataset/may-2018/jsoup/988_modified/target/classes
[INFO] /tmp/Ex2Amplifier-experiments/dataset/may-2018/jsoup/988_modified/src/main/java/org/jsoup/nodes/Attributes.java: Some input files use or override a deprecated API.
[INFO] /tmp/Ex2Amplifier-experiments/dataset/may-2018/jsoup/988_modified/src/main/java/org/jsoup/nodes/Attributes.java: Recompile with -Xlint:deprecation for details.
[INFO] 
[INFO] --- animal-sniffer-maven-plugin:1.16:check (animal-sniffer) @ jsoup ---
[INFO] Checking unresolved references to net.sf.androidscents.signature:android-api-level-8:2.2_r3
[INFO] 
[INFO] >>> maven-bundle-plugin:2.5.4:manifest (bundle-manifest) > process-classes @ jsoup >>>
[INFO] 
[INFO] --- maven-resources-plugin:3.0.1:resources (default-resources) @ jsoup ---
[INFO] Using 'UTF-8' encoding to copy filtered resources.
[INFO] Copying 0 resource
[INFO] Copying 3 resources to META-INF/
[INFO] 
[INFO] --- maven-compiler-plugin:3.5.1:compile (default-compile) @ jsoup ---
[INFO] Changes detected - recompiling the module!
[INFO] Compiling 67 source files to /tmp/Ex2Amplifier-experiments/dataset/may-2018/jsoup/988_modified/target/classes
[INFO] /tmp/Ex2Amplifier-experiments/dataset/may-2018/jsoup/988_modified/src/main/java/org/jsoup/nodes/Attributes.java: Some input files use or override a deprecated API.
[INFO] /tmp/Ex2Amplifier-experiments/dataset/may-2018/jsoup/988_modified/src/main/java/org/jsoup/nodes/Attributes.java: Recompile with -Xlint:deprecation for details.
[INFO] 
[INFO] --- animal-sniffer-maven-plugin:1.16:check (animal-sniffer) @ jsoup ---
[INFO] Checking unresolved references to net.sf.androidscents.signature:android-api-level-8:2.2_r3
[INFO] 
[INFO] <<< maven-bundle-plugin:2.5.4:manifest (bundle-manifest) < process-classes @ jsoup <<<
[INFO] 
[INFO] --- maven-bundle-plugin:2.5.4:manifest (bundle-manifest) @ jsoup ---
[INFO] 
[INFO] --- maven-resources-plugin:3.0.1:testResources (default-testResources) @ jsoup ---
[INFO] Using 'UTF-8' encoding to copy filtered resources.
[INFO] Copying 23 resources
[INFO] 
[INFO] --- maven-compiler-plugin:3.5.1:testCompile (default-testCompile) @ jsoup ---
[INFO] Changes detected - recompiling the module!
[INFO] Compiling 43 source files to /tmp/Ex2Amplifier-experiments/dataset/may-2018/jsoup/988_modified/target/test-classes
[INFO] /tmp/Ex2Amplifier-experiments/dataset/may-2018/jsoup/988_modified/src/test/java/org/jsoup/parser/AttributeParseTest.java: Some input files use or override a deprecated API.
[INFO] /tmp/Ex2Amplifier-experiments/dataset/may-2018/jsoup/988_modified/src/test/java/org/jsoup/parser/AttributeParseTest.java: Recompile with -Xlint:deprecation for details.
[INFO] 
[INFO] --- maven-surefire-plugin:2.12.4:test (default-test) @ jsoup ---
[INFO] Tests are skipped.
[INFO] 
[INFO] --- maven-dependency-plugin:2.8:build-classpath (default-cli) @ jsoup ---
[INFO] Wrote classpath file '/tmp/Ex2Amplifier-experiments/dataset/may-2018/jsoup/988_modified/target/dspot/classpath'.
[INFO] ------------------------------------------------------------------------
[INFO] BUILD SUCCESS
[INFO] ------------------------------------------------------------------------
[INFO] Total time: 8.456 s
[INFO] Finished at: 2018-06-09T12:55:54+02:00
[INFO] Final Memory: 33M/404M
[INFO] ------------------------------------------------------------------------
[25359] INFO SelectorOnDiff - Selecting according to a diff between dataset/may-2018/jsoup/988/ and dataset/may-2018/jsoup/988_modified/ (e9885f060d59dc2bd7351c5bd654a27cbe6de69a)
[25366] INFO SelectorOnDiff - Modified files:
a/src/main/java/org/jsoup/parser/TokenQueue.java
a/src/test/java/org/jsoup/parser/TokenQueueTest.java
[81543] INFO Amplification - amplification of org.jsoup.parser.TokenQueueTest (2 test(s))
[81669] INFO EntryPoint - Run: java -cp /tmp/Ex2Amplifier-experiments/dataset/may-2018/jsoup/988/target/test-classes:/tmp/Ex2Amplifier-experiments/dataset/may-2018/jsoup/988/target/classes:/home/spirals/danglot/.m2/repository/junit/junit/4.12/junit-4.12.jar:/home/spirals/danglot/.m2/repository/org/hamcrest/hamcrest-core/1.3/hamcrest-core-1.3.jar:/home/spirals/danglot/.m2/repository/com/google/code/gson/gson/2.7/gson-2.7.jar:/home/spirals/danglot/.m2/repository/org/eclipse/jetty/jetty-server/9.2.22.v20170606/jetty-server-9.2.22.v20170606.jar:/home/spirals/danglot/.m2/repository/javax/servlet/javax.servlet-api/3.1.0/javax.servlet-api-3.1.0.jar:/home/spirals/danglot/.m2/repository/org/eclipse/jetty/jetty-http/9.2.22.v20170606/jetty-http-9.2.22.v20170606.jar:/home/spirals/danglot/.m2/repository/org/eclipse/jetty/jetty-util/9.2.22.v20170606/jetty-util-9.2.22.v20170606.jar:/home/spirals/danglot/.m2/repository/org/eclipse/jetty/jetty-io/9.2.22.v20170606/jetty-io-9.2.22.v20170606.jar:/home/spirals/danglot/.m2/repository/org/eclipse/jetty/jetty-servlet/9.2.22.v20170606/jetty-servlet-9.2.22.v20170606.jar:/home/spirals/danglot/.m2/repository/org/eclipse/jetty/jetty-security/9.2.22.v20170606/jetty-security-9.2.22.v20170606.jar:/tmp/Ex2Amplifier-experiments/target/dspot/dependencies:/home/spirals/danglot/.m2/repository/eu/stamp-project/test-runner/1.0.8/test-runner-1.0.8-jar-with-dependencies.jar eu.stamp_project.testrunner.runner.test.TestRunner org.jsoup.parser.TokenQueueTest chompBalanced:chompBalancedMatchesAsMuchAsPossible
File saved to the following path: /tmp/Ex2Amplifier-experiments/dataset/may-2018/jsoup/988/target/dspot/TestListener.ser
[82061] INFO EntryPoint - Test has been run: chompBalanced,chompBalancedMatchesAsMuchAsPossible
[82061] INFO Amplification - 0 amplified test(s) has been selected, global: 0
[82063] INFO Amplification - amp chompBalanced (1/2)
[82133] INFO EntryPoint - Run: java -cp /tmp/Ex2Amplifier-experiments/dataset/may-2018/jsoup/988/target/test-classes:/tmp/Ex2Amplifier-experiments/dataset/may-2018/jsoup/988/target/classes:/home/spirals/danglot/.m2/repository/junit/junit/4.12/junit-4.12.jar:/home/spirals/danglot/.m2/repository/org/hamcrest/hamcrest-core/1.3/hamcrest-core-1.3.jar:/home/spirals/danglot/.m2/repository/com/google/code/gson/gson/2.7/gson-2.7.jar:/home/spirals/danglot/.m2/repository/org/eclipse/jetty/jetty-server/9.2.22.v20170606/jetty-server-9.2.22.v20170606.jar:/home/spirals/danglot/.m2/repository/javax/servlet/javax.servlet-api/3.1.0/javax.servlet-api-3.1.0.jar:/home/spirals/danglot/.m2/repository/org/eclipse/jetty/jetty-http/9.2.22.v20170606/jetty-http-9.2.22.v20170606.jar:/home/spirals/danglot/.m2/repository/org/eclipse/jetty/jetty-util/9.2.22.v20170606/jetty-util-9.2.22.v20170606.jar:/home/spirals/danglot/.m2/repository/org/eclipse/jetty/jetty-io/9.2.22.v20170606/jetty-io-9.2.22.v20170606.jar:/home/spirals/danglot/.m2/repository/org/eclipse/jetty/jetty-servlet/9.2.22.v20170606/jetty-servlet-9.2.22.v20170606.jar:/home/spirals/danglot/.m2/repository/org/eclipse/jetty/jetty-security/9.2.22.v20170606/jetty-security-9.2.22.v20170606.jar:/tmp/Ex2Amplifier-experiments/target/dspot/dependencies:/home/spirals/danglot/.m2/repository/eu/stamp-project/test-runner/1.0.8/test-runner-1.0.8-jar-with-dependencies.jar eu.stamp_project.testrunner.runner.test.TestRunner org.jsoup.parser.TokenQueueTest chompBalanced
File saved to the following path: /tmp/Ex2Amplifier-experiments/dataset/may-2018/jsoup/988/target/dspot/TestListener.ser
[82494] INFO EntryPoint - Test has been run: chompBalanced
[82494] INFO Amplification - iteration 0:
[82494] INFO Amplification - 1 tests selected to be amplified over 1 available tests
[82633] INFO AssertGenerator - Run tests. (24)
[82727] WARN TestCompiler - 4 errors during compilation, discarding involved test methods
[82885] ERROR TestCompiler - Pb(259) String literal is not properly closed by a double-quote
[82885] ERROR TestCompiler - Pb(253) Invalid character constant
[82885] ERROR TestCompiler - Pb(253) Invalid character constant
[82885] ERROR TestCompiler - Pb(253) Invalid character constant
[82976] INFO EntryPoint - Run: java -cp /tmp/Ex2Amplifier-experiments/dataset/may-2018/jsoup/988/target/test-classes:/tmp/Ex2Amplifier-experiments/dataset/may-2018/jsoup/988/target/classes:/home/spirals/danglot/.m2/repository/junit/junit/4.12/junit-4.12.jar:/home/spirals/danglot/.m2/repository/org/hamcrest/hamcrest-core/1.3/hamcrest-core-1.3.jar:/home/spirals/danglot/.m2/repository/com/google/code/gson/gson/2.7/gson-2.7.jar:/home/spirals/danglot/.m2/repository/org/eclipse/jetty/jetty-server/9.2.22.v20170606/jetty-server-9.2.22.v20170606.jar:/home/spirals/danglot/.m2/repository/javax/servlet/javax.servlet-api/3.1.0/javax.servlet-api-3.1.0.jar:/home/spirals/danglot/.m2/repository/org/eclipse/jetty/jetty-http/9.2.22.v20170606/jetty-http-9.2.22.v20170606.jar:/home/spirals/danglot/.m2/repository/org/eclipse/jetty/jetty-util/9.2.22.v20170606/jetty-util-9.2.22.v20170606.jar:/home/spirals/danglot/.m2/repository/org/eclipse/jetty/jetty-io/9.2.22.v20170606/jetty-io-9.2.22.v20170606.jar:/home/spirals/danglot/.m2/repository/org/eclipse/jetty/jetty-servlet/9.2.22.v20170606/jetty-servlet-9.2.22.v20170606.jar:/home/spirals/danglot/.m2/repository/org/eclipse/jetty/jetty-security/9.2.22.v20170606/jetty-security-9.2.22.v20170606.jar:/tmp/Ex2Amplifier-experiments/target/dspot/dependencies:/home/spirals/danglot/.m2/repository/eu/stamp-project/test-runner/1.0.8/test-runner-1.0.8-jar-with-dependencies.jar eu.stamp_project.testrunner.runner.test.TestRunner org.jsoup.parser.TokenQueueTest chompBalancedlitString1:chompBalancedlitString2:chompBalancedlitString3:chompBalancedlitString4:chompBalancedlitString5:chompBalancedlitString6:chompBalancedlitString7:chompBalancedlitString8:chompBalancedlitString9:chompBalancedlitString10:chompBalancedlitString11:chompBalancedlitChar13:chompBalancedlitChar14:chompBalancedlitChar15:chompBalancedlitChar17:chompBalancedlitChar19:chompBalancedlitChar20:chompBalancedlitChar21:chompBalancedlitChar22:chompBalancedlitChar23
File saved to the following path: /tmp/Ex2Amplifier-experiments/dataset/may-2018/jsoup/988/target/dspot/TestListener.ser
[83438] INFO EntryPoint - Test has been run: chompBalancedlitChar13,chompBalancedlitChar14,chompBalancedlitChar15,chompBalancedlitChar17,chompBalancedlitChar20,chompBalancedlitString1,chompBalancedlitString4,chompBalancedlitString5,chompBalancedlitString6,chompBalancedlitString7,chompBalancedlitString8,chompBalancedlitString9,chompBalancedlitString10,chompBalancedlitString11,chompBalancedlitChar19(org.jsoup.parser.TokenQueueTest): Did not find balanced marker at 'one (two) three) four',chompBalancedlitChar21(org.jsoup.parser.TokenQueueTest): Did not find balanced marker at 'one (two) three) four',chompBalancedlitChar22(org.jsoup.parser.TokenQueueTest): Did not find balanced marker at 'one (two) three) four',chompBalancedlitChar23(org.jsoup.parser.TokenQueueTest): Did not find balanced marker at 'one (two) three) four',chompBalancedlitString2(org.jsoup.parser.TokenQueueTest): Did not find balanced marker at 'q2 5[gpbL[{$QV',chompBalancedlitString3(org.jsoup.parser.TokenQueueTest): Did not find balanced marker at ''
[83438] INFO AssertGenerator - 14 test pass, generating assertion...
[83444] INFO MethodsAssertGenerator - Add observations points in passing tests.
[83444] INFO MethodsAssertGenerator - Instrumentation...
  7% |=== ]/ 14% |======= ]- 21% |========== ]\ 28% |============== ]| 35% |================= ]/ 42% |===================== ]- 50% |========================= ]\ 57% |============================ ]| 64% |================================ ]/ 71% |=================================== ]- 78% |======================================= ]\ 85% |========================================== ]| 92% |============================================== ]/100% |================================================== ]-
[83513] INFO MethodsAssertGenerator - Run instrumented tests. (42)
[83666] INFO EntryPoint - Run: java -cp /tmp/Ex2Amplifier-experiments/dataset/may-2018/jsoup/988/target/test-classes:/tmp/Ex2Amplifier-experiments/dataset/may-2018/jsoup/988/target/classes:/home/spirals/danglot/.m2/repository/junit/junit/4.12/junit-4.12.jar:/home/spirals/danglot/.m2/repository/org/hamcrest/hamcrest-core/1.3/hamcrest-core-1.3.jar:/home/spirals/danglot/.m2/repository/com/google/code/gson/gson/2.7/gson-2.7.jar:/home/spirals/danglot/.m2/repository/org/eclipse/jetty/jetty-server/9.2.22.v20170606/jetty-server-9.2.22.v20170606.jar:/home/spirals/danglot/.m2/repository/javax/servlet/javax.servlet-api/3.1.0/javax.servlet-api-3.1.0.jar:/home/spirals/danglot/.m2/repository/org/eclipse/jetty/jetty-http/9.2.22.v20170606/jetty-http-9.2.22.v20170606.jar:/home/spirals/danglot/.m2/repository/org/eclipse/jetty/jetty-util/9.2.22.v20170606/jetty-util-9.2.22.v20170606.jar:/home/spirals/danglot/.m2/repository/org/eclipse/jetty/jetty-io/9.2.22.v20170606/jetty-io-9.2.22.v20170606.jar:/home/spirals/danglot/.m2/repository/org/eclipse/jetty/jetty-servlet/9.2.22.v20170606/jetty-servlet-9.2.22.v20170606.jar:/home/spirals/danglot/.m2/repository/org/eclipse/jetty/jetty-security/9.2.22.v20170606/jetty-security-9.2.22.v20170606.jar:/tmp/Ex2Amplifier-experiments/target/dspot/dependencies:/home/spirals/danglot/.m2/repository/eu/stamp-project/test-runner/1.0.8/test-runner-1.0.8-jar-with-dependencies.jar eu.stamp_project.testrunner.runner.test.TestRunner org.jsoup.parser.TokenQueueTest chompBalancedlitString1_withlog0:chompBalancedlitString4_withlog0:chompBalancedlitString5_withlog0:chompBalancedlitString6_withlog0:chompBalancedlitString7_withlog0:chompBalancedlitString8_withlog0:chompBalancedlitString9_withlog0:chompBalancedlitString10_withlog0:chompBalancedlitString11_withlog0:chompBalancedlitChar13_withlog0:chompBalancedlitChar14_withlog0:chompBalancedlitChar15_withlog0:chompBalancedlitChar17_withlog0:chompBalancedlitChar20_withlog0:chompBalancedlitString1_withlog1:chompBalancedlitString4_withlog1:chompBalancedlitString5_withlog1:chompBalancedlitString6_withlog1:chompBalancedlitString7_withlog1:chompBalancedlitString8_withlog1:chompBalancedlitString9_withlog1:chompBalancedlitString10_withlog1:chompBalancedlitString11_withlog1:chompBalancedlitChar13_withlog1:chompBalancedlitChar14_withlog1:chompBalancedlitChar15_withlog1:chompBalancedlitChar17_withlog1:chompBalancedlitChar20_withlog1:chompBalancedlitString1_withlog2:chompBalancedlitString4_withlog2:chompBalancedlitString5_withlog2:chompBalancedlitString6_withlog2:chompBalancedlitString7_withlog2:chompBalancedlitString8_withlog2:chompBalancedlitString9_withlog2:chompBalancedlitString10_withlog2:chompBalancedlitString11_withlog2:chompBalancedlitChar13_withlog2:chompBalancedlitChar14_withlog2:chompBalancedlitChar15_withlog2:chompBalancedlitChar17_withlog2:chompBalancedlitChar20_withlog2
File saved to the following path: /tmp/Ex2Amplifier-experiments/dataset/may-2018/jsoup/988/target/dspot/observations.ser
File saved to the following path: /tmp/Ex2Amplifier-experiments/dataset/may-2018/jsoup/988/target/dspot/TestListener.ser
[84643] INFO EntryPoint - Test has been run: chompBalancedlitChar13_withlog0,chompBalancedlitChar13_withlog1,chompBalancedlitChar13_withlog2,chompBalancedlitString11_withlog0,chompBalancedlitString11_withlog1,chompBalancedlitString11_withlog2,chompBalancedlitString10_withlog0,chompBalancedlitString10_withlog1,chompBalancedlitString10_withlog2,chompBalancedlitString9_withlog0,chompBalancedlitString9_withlog1,chompBalancedlitString9_withlog2,chompBalancedlitString8_withlog0,chompBalancedlitString8_withlog1,chompBalancedlitString8_withlog2,chompBalancedlitString7_withlog0,chompBalancedlitString7_withlog1,chompBalancedlitString7_withlog2,chompBalancedlitString6_withlog0,chompBalancedlitString6_withlog1,chompBalancedlitString6_withlog2,chompBalancedlitChar20_withlog0,chompBalancedlitChar20_withlog1,chompBalancedlitChar20_withlog2,chompBalancedlitString5_withlog0,chompBalancedlitString5_withlog1,chompBalancedlitString5_withlog2,chompBalancedlitString4_withlog0,chompBalancedlitString4_withlog1,chompBalancedlitString4_withlog2,chompBalancedlitChar17_withlog0,chompBalancedlitChar17_withlog1,chompBalancedlitChar17_withlog2,chompBalancedlitChar15_withlog0,chompBalancedlitChar15_withlog1,chompBalancedlitChar15_withlog2,chompBalancedlitChar14_withlog0,chompBalancedlitChar14_withlog1,chompBalancedlitChar14_withlog2,chompBalancedlitString1_withlog0(org.jsoup.parser.TokenQueueTest): String index out of range: -1,chompBalancedlitString1_withlog1(org.jsoup.parser.TokenQueueTest): String index out of range: -1,chompBalancedlitString1_withlog2(org.jsoup.parser.TokenQueueTest): String index out of range: -1
[84663] INFO MethodsAssertGenerator - Generating assertions...
[84715] INFO AssertGenerator - 1 test fail, generating try/catch/fail blocks...
[84722] INFO AssertGenerator - 15 new tests with assertions generated
[84844] INFO EntryPoint - Run: java -cp /tmp/Ex2Amplifier-experiments/dataset/may-2018/jsoup/988/target/test-classes:/tmp/Ex2Amplifier-experiments/dataset/may-2018/jsoup/988/target/classes:/home/spirals/danglot/.m2/repository/junit/junit/4.12/junit-4.12.jar:/home/spirals/danglot/.m2/repository/org/hamcrest/hamcrest-core/1.3/hamcrest-core-1.3.jar:/home/spirals/danglot/.m2/repository/com/google/code/gson/gson/2.7/gson-2.7.jar:/home/spirals/danglot/.m2/repository/org/eclipse/jetty/jetty-server/9.2.22.v20170606/jetty-server-9.2.22.v20170606.jar:/home/spirals/danglot/.m2/repository/javax/servlet/javax.servlet-api/3.1.0/javax.servlet-api-3.1.0.jar:/home/spirals/danglot/.m2/repository/org/eclipse/jetty/jetty-http/9.2.22.v20170606/jetty-http-9.2.22.v20170606.jar:/home/spirals/danglot/.m2/repository/org/eclipse/jetty/jetty-util/9.2.22.v20170606/jetty-util-9.2.22.v20170606.jar:/home/spirals/danglot/.m2/repository/org/eclipse/jetty/jetty-io/9.2.22.v20170606/jetty-io-9.2.22.v20170606.jar:/home/spirals/danglot/.m2/repository/org/eclipse/jetty/jetty-servlet/9.2.22.v20170606/jetty-servlet-9.2.22.v20170606.jar:/home/spirals/danglot/.m2/repository/org/eclipse/jetty/jetty-security/9.2.22.v20170606/jetty-security-9.2.22.v20170606.jar:/tmp/Ex2Amplifier-experiments/target/dspot/dependencies:/home/spirals/danglot/.m2/repository/eu/stamp-project/test-runner/1.0.8/test-runner-1.0.8-jar-with-dependencies.jar eu.stamp_project.testrunner.runner.test.TestRunner org.jsoup.parser.TokenQueueTest chompBalancedlitString1:chompBalancedlitString4:chompBalancedlitString5:chompBalancedlitString6:chompBalancedlitString7:chompBalancedlitString8:chompBalancedlitString9:chompBalancedlitString10:chompBalancedlitString11:chompBalancedlitChar13:chompBalancedlitChar14:chompBalancedlitChar15:chompBalancedlitChar17:chompBalancedlitChar20:chompBalancedlitChar19_failAssert0
File saved to the following path: /tmp/Ex2Amplifier-experiments/dataset/may-2018/jsoup/988/target/dspot/TestListener.ser
[85269] INFO EntryPoint - Test has been run: chompBalancedlitChar19_failAssert0,chompBalancedlitChar13(org.jsoup.parser.TokenQueueTest): expected:<[]> but was:<[:contains]>,chompBalancedlitChar14(org.jsoup.parser.TokenQueueTest): expected:<[]> but was:<[:contains]>,chompBalancedlitChar15(org.jsoup.parser.TokenQueueTest): expected:<[]> but was:<[:contains]>,chompBalancedlitChar17(org.jsoup.parser.TokenQueueTest): expected:<[]> but was:<[:contains]>,chompBalancedlitChar20(org.jsoup.parser.TokenQueueTest): expected:<[]> but was:<[:contains]>,chompBalancedlitString1(org.jsoup.parser.TokenQueueTest): null,chompBalancedlitString4(org.jsoup.parser.TokenQueueTest): null,chompBalancedlitString5(org.jsoup.parser.TokenQueueTest): expected:<[]> but was:<[:]>,chompBalancedlitString6(org.jsoup.parser.TokenQueueTest): expected:<[]> but was:<[:contains]>,chompBalancedlitString7(org.jsoup.parser.TokenQueueTest): expected:<[]> but was:<[:contaiks]>,chompBalancedlitString8(org.jsoup.parser.TokenQueueTest): expected:<[]> but was:<[:contains]>,chompBalancedlitString9(org.jsoup.parser.TokenQueueTest): expected:<[]> but was:<[:contains]>,chompBalancedlitString10(org.jsoup.parser.TokenQueueTest): expected:<[]> but was:<[:contains]>,chompBalancedlitString11(org.jsoup.parser.TokenQueueTest): expected:<[]> but was:<[:contains]>
[85269] WARN Amplification - Discarding failing test cases
[85271] INFO Amplification - 1 test method(s) has been successfully generated
[85305] DEBUG Launcher - building sources: [/tmp/Ex2Amplifier-experiments/target/dspot/tmp_test_sources/org/jsoup/parser/TokenQueueTest.java]
[85306] DEBUG Launcher - build args: [-encoding, UTF-8, -cp, /home/spirals/danglot/.m2/repository/junit/junit/4.12/junit-4.12.jar:/home/spirals/danglot/.m2/repository/org/hamcrest/hamcrest-core/1.3/hamcrest-core-1.3.jar:/home/spirals/danglot/.m2/repository/com/google/code/gson/gson/2.7/gson-2.7.jar:/home/spirals/danglot/.m2/repository/org/eclipse/jetty/jetty-server/9.2.22.v20170606/jetty-server-9.2.22.v20170606.jar:/home/spirals/danglot/.m2/repository/javax/servlet/javax.servlet-api/3.1.0/javax.servlet-api-3.1.0.jar:/home/spirals/danglot/.m2/repository/org/eclipse/jetty/jetty-http/9.2.22.v20170606/jetty-http-9.2.22.v20170606.jar:/home/spirals/danglot/.m2/repository/org/eclipse/jetty/jetty-util/9.2.22.v20170606/jetty-util-9.2.22.v20170606.jar:/home/spirals/danglot/.m2/repository/org/eclipse/jetty/jetty-io/9.2.22.v20170606/jetty-io-9.2.22.v20170606.jar:/home/spirals/danglot/.m2/repository/org/eclipse/jetty/jetty-servlet/9.2.22.v20170606/jetty-servlet-9.2.22.v20170606.jar:/home/spirals/danglot/.m2/repository/org/eclipse/jetty/jetty-security/9.2.22.v20170606/jetty-security-9.2.22.v20170606.jar:/home/spirals/danglot/.m2/repository/pl/pragmatists/JUnitParams/1.0.5/JUnitParams-1.0.5.jar:target/dspot/dependencies/:dataset/may-2018/jsoup/988//target/classes:dataset/may-2018/jsoup/988//target/test-classes:, -1.8, -preserveAllLocals, -noExit, -enableJavadoc, /tmp/Ex2Amplifier-experiments/target/dspot/tmp_test_sources/org/jsoup/parser/TokenQueueTest.java]
[85352] DEBUG Launcher - built in 47 ms
[85353] DEBUG Launcher - building templates: []
[85353] DEBUG Launcher - built in 0 ms
[85353] DEBUG Launcher - model built in 48
[85354] DEBUG Launcher - compiling sources: [/tmp/Ex2Amplifier-experiments/target/dspot/tmp_test_sources/org/jsoup/parser/TokenQueueTest.java]
[85356] DEBUG Launcher - compile args: [-encoding, UTF-8, -cp, /home/spirals/danglot/.m2/repository/junit/junit/4.12/junit-4.12.jar:/home/spirals/danglot/.m2/repository/org/hamcrest/hamcrest-core/1.3/hamcrest-core-1.3.jar:/home/spirals/danglot/.m2/repository/com/google/code/gson/gson/2.7/gson-2.7.jar:/home/spirals/danglot/.m2/repository/org/eclipse/jetty/jetty-server/9.2.22.v20170606/jetty-server-9.2.22.v20170606.jar:/home/spirals/danglot/.m2/repository/javax/servlet/javax.servlet-api/3.1.0/javax.servlet-api-3.1.0.jar:/home/spirals/danglot/.m2/repository/org/eclipse/jetty/jetty-http/9.2.22.v20170606/jetty-http-9.2.22.v20170606.jar:/home/spirals/danglot/.m2/repository/org/eclipse/jetty/jetty-util/9.2.22.v20170606/jetty-util-9.2.22.v20170606.jar:/home/spirals/danglot/.m2/repository/org/eclipse/jetty/jetty-io/9.2.22.v20170606/jetty-io-9.2.22.v20170606.jar:/home/spirals/danglot/.m2/repository/org/eclipse/jetty/jetty-servlet/9.2.22.v20170606/jetty-servlet-9.2.22.v20170606.jar:/home/spirals/danglot/.m2/repository/org/eclipse/jetty/jetty-security/9.2.22.v20170606/jetty-security-9.2.22.v20170606.jar:/home/spirals/danglot/.m2/repository/pl/pragmatists/JUnitParams/1.0.5/JUnitParams-1.0.5.jar:target/dspot/dependencies/:dataset/may-2018/jsoup/988//target/classes:dataset/may-2018/jsoup/988//target/test-classes:, -d, /tmp/Ex2Amplifier-experiments/dataset/may-2018/jsoup/988_modified/target/test-classes, -1.8, -proc:none, -preserveAllLocals, -noExit, -enableJavadoc, /tmp/Ex2Amplifier-experiments/target/dspot/tmp_test_sources/org/jsoup/parser/TokenQueueTest.java]
[85404] DEBUG Launcher - compiled in 50 ms
[85405] INFO EntryPoint - Run: java -cp /home/spirals/danglot/.m2/repository/junit/junit/4.12/junit-4.12.jar:/home/spirals/danglot/.m2/repository/org/hamcrest/hamcrest-core/1.3/hamcrest-core-1.3.jar:/home/spirals/danglot/.m2/repository/com/google/code/gson/gson/2.7/gson-2.7.jar:/home/spirals/danglot/.m2/repository/org/eclipse/jetty/jetty-server/9.2.22.v20170606/jetty-server-9.2.22.v20170606.jar:/home/spirals/danglot/.m2/repository/javax/servlet/javax.servlet-api/3.1.0/javax.servlet-api-3.1.0.jar:/home/spirals/danglot/.m2/repository/org/eclipse/jetty/jetty-http/9.2.22.v20170606/jetty-http-9.2.22.v20170606.jar:/home/spirals/danglot/.m2/repository/org/eclipse/jetty/jetty-util/9.2.22.v20170606/jetty-util-9.2.22.v20170606.jar:/home/spirals/danglot/.m2/repository/org/eclipse/jetty/jetty-io/9.2.22.v20170606/jetty-io-9.2.22.v20170606.jar:/home/spirals/danglot/.m2/repository/org/eclipse/jetty/jetty-servlet/9.2.22.v20170606/jetty-servlet-9.2.22.v20170606.jar:/home/spirals/danglot/.m2/repository/org/eclipse/jetty/jetty-security/9.2.22.v20170606/jetty-security-9.2.22.v20170606.jar:/home/spirals/danglot/.m2/repository/pl/pragmatists/JUnitParams/1.0.5/JUnitParams-1.0.5.jar:target/dspot/dependencies/:/tmp/Ex2Amplifier-experiments/dataset/may-2018/jsoup/988_modified/target/classes:/tmp/Ex2Amplifier-experiments/dataset/may-2018/jsoup/988_modified/target/test-classes:/home/spirals/danglot/.m2/repository/eu/stamp-project/test-runner/1.0.8/test-runner-1.0.8-jar-with-dependencies.jar eu.stamp_project.testrunner.runner.test.TestRunner org.jsoup.parser.TokenQueueTest chompBalancedlitChar19_failAssert0
File saved to the following path: /tmp/Ex2Amplifier-experiments/dataset/may-2018/jsoup/988/target/dspot/TestListener.ser
[85735] INFO EntryPoint - Test has been run: chompBalancedlitChar19_failAssert0
[85735] INFO Amplification - iteration 1:
[85735] INFO Amplification - 1 tests selected to be amplified over 1 available tests
[85768] INFO AssertGenerator - Run tests. (7)
[85771] DEBUG Launcher - printing org.jsoup.parser.TokenQueueTest to /tmp/Ex2Amplifier-experiments/target/dspot/tmp_test_sources
[85825] INFO EntryPoint - Run: java -cp /tmp/Ex2Amplifier-experiments/dataset/may-2018/jsoup/988/target/test-classes:/tmp/Ex2Amplifier-experiments/dataset/may-2018/jsoup/988/target/classes:/home/spirals/danglot/.m2/repository/junit/junit/4.12/junit-4.12.jar:/home/spirals/danglot/.m2/repository/org/hamcrest/hamcrest-core/1.3/hamcrest-core-1.3.jar:/home/spirals/danglot/.m2/repository/com/google/code/gson/gson/2.7/gson-2.7.jar:/home/spirals/danglot/.m2/repository/org/eclipse/jetty/jetty-server/9.2.22.v20170606/jetty-server-9.2.22.v20170606.jar:/home/spirals/danglot/.m2/repository/javax/servlet/javax.servlet-api/3.1.0/javax.servlet-api-3.1.0.jar:/home/spirals/danglot/.m2/repository/org/eclipse/jetty/jetty-http/9.2.22.v20170606/jetty-http-9.2.22.v20170606.jar:/home/spirals/danglot/.m2/repository/org/eclipse/jetty/jetty-util/9.2.22.v20170606/jetty-util-9.2.22.v20170606.jar:/home/spirals/danglot/.m2/repository/org/eclipse/jetty/jetty-io/9.2.22.v20170606/jetty-io-9.2.22.v20170606.jar:/home/spirals/danglot/.m2/repository/org/eclipse/jetty/jetty-servlet/9.2.22.v20170606/jetty-servlet-9.2.22.v20170606.jar:/home/spirals/danglot/.m2/repository/org/eclipse/jetty/jetty-security/9.2.22.v20170606/jetty-security-9.2.22.v20170606.jar:/tmp/Ex2Amplifier-experiments/target/dspot/dependencies:/home/spirals/danglot/.m2/repository/eu/stamp-project/test-runner/1.0.8/test-runner-1.0.8-jar-with-dependencies.jar eu.stamp_project.testrunner.runner.test.TestRunner org.jsoup.parser.TokenQueueTest chompBalancedlitChar19_failAssert0litString78:chompBalancedlitChar19_failAssert0litString79:chompBalancedlitChar19_failAssert0litString80:chompBalancedlitChar19_failAssert0litString81:chompBalancedlitChar19_failAssert0litString82:chompBalancedlitChar19_failAssert0litString83:chompBalancedlitChar19_failAssert0litString84
File saved to the following path: /tmp/Ex2Amplifier-experiments/dataset/may-2018/jsoup/988/target/dspot/TestListener.ser
[86210] INFO EntryPoint - Test has been run: chompBalancedlitChar19_failAssert0litString78,chompBalancedlitChar19_failAssert0litString79,chompBalancedlitChar19_failAssert0litString80,chompBalancedlitChar19_failAssert0litString81,chompBalancedlitChar19_failAssert0litString82(org.jsoup.parser.TokenQueueTest): chompBalancedlitChar19 should have thrown IllegalArgumentException,chompBalancedlitChar19_failAssert0litString83(org.jsoup.parser.TokenQueueTest): chompBalancedlitChar19 should have thrown IllegalArgumentException,chompBalancedlitChar19_failAssert0litString84(org.jsoup.parser.TokenQueueTest): chompBalancedlitChar19 should have thrown IllegalArgumentException
[86210] INFO AssertGenerator - 4 test pass, generating assertion...
[86217] INFO MethodsAssertGenerator - Add observations points in passing tests.
[86217] INFO MethodsAssertGenerator - Instrumentation...
 25% |============ ]/ 50% |========================= ]- 75% |===================================== ]\100% |================================================== ]|
[86236] INFO MethodsAssertGenerator - Run instrumented tests. (12)
[86245] DEBUG Launcher - printing org.jsoup.parser.TokenQueueTest to /tmp/Ex2Amplifier-experiments/target/dspot/tmp_test_sources
[86321] INFO EntryPoint - Run: java -cp /tmp/Ex2Amplifier-experiments/dataset/may-2018/jsoup/988/target/test-classes:/tmp/Ex2Amplifier-experiments/dataset/may-2018/jsoup/988/target/classes:/home/spirals/danglot/.m2/repository/junit/junit/4.12/junit-4.12.jar:/home/spirals/danglot/.m2/repository/org/hamcrest/hamcrest-core/1.3/hamcrest-core-1.3.jar:/home/spirals/danglot/.m2/repository/com/google/code/gson/gson/2.7/gson-2.7.jar:/home/spirals/danglot/.m2/repository/org/eclipse/jetty/jetty-server/9.2.22.v20170606/jetty-server-9.2.22.v20170606.jar:/home/spirals/danglot/.m2/repository/javax/servlet/javax.servlet-api/3.1.0/javax.servlet-api-3.1.0.jar:/home/spirals/danglot/.m2/repository/org/eclipse/jetty/jetty-http/9.2.22.v20170606/jetty-http-9.2.22.v20170606.jar:/home/spirals/danglot/.m2/repository/org/eclipse/jetty/jetty-util/9.2.22.v20170606/jetty-util-9.2.22.v20170606.jar:/home/spirals/danglot/.m2/repository/org/eclipse/jetty/jetty-io/9.2.22.v20170606/jetty-io-9.2.22.v20170606.jar:/home/spirals/danglot/.m2/repository/org/eclipse/jetty/jetty-servlet/9.2.22.v20170606/jetty-servlet-9.2.22.v20170606.jar:/home/spirals/danglot/.m2/repository/org/eclipse/jetty/jetty-security/9.2.22.v20170606/jetty-security-9.2.22.v20170606.jar:/tmp/Ex2Amplifier-experiments/target/dspot/dependencies:/home/spirals/danglot/.m2/repository/eu/stamp-project/test-runner/1.0.8/test-runner-1.0.8-jar-with-dependencies.jar eu.stamp_project.testrunner.runner.test.TestRunner org.jsoup.parser.TokenQueueTest chompBalancedlitChar19_failAssert0litString78_withlog0:chompBalancedlitChar19_failAssert0litString79_withlog0:chompBalancedlitChar19_failAssert0litString80_withlog0:chompBalancedlitChar19_failAssert0litString81_withlog0:chompBalancedlitChar19_failAssert0litString78_withlog1:chompBalancedlitChar19_failAssert0litString79_withlog1:chompBalancedlitChar19_failAssert0litString80_withlog1:chompBalancedlitChar19_failAssert0litString81_withlog1:chompBalancedlitChar19_failAssert0litString78_withlog2:chompBalancedlitChar19_failAssert0litString79_withlog2:chompBalancedlitChar19_failAssert0litString80_withlog2:chompBalancedlitChar19_failAssert0litString81_withlog2
File saved to the following path: /tmp/Ex2Amplifier-experiments/dataset/may-2018/jsoup/988/target/dspot/observations.ser
File saved to the following path: /tmp/Ex2Amplifier-experiments/dataset/may-2018/jsoup/988/target/dspot/TestListener.ser
[86818] INFO EntryPoint - Test has been run: chompBalancedlitChar19_failAssert0litString81_withlog0(org.jsoup.parser.TokenQueueTest): chompBalancedlitChar19 should have thrown IllegalArgumentException,chompBalancedlitChar19_failAssert0litString81_withlog1(org.jsoup.parser.TokenQueueTest): chompBalancedlitChar19 should have thrown IllegalArgumentException,chompBalancedlitChar19_failAssert0litString81_withlog2(org.jsoup.parser.TokenQueueTest): chompBalancedlitChar19 should have thrown IllegalArgumentException,chompBalancedlitChar19_failAssert0litString80_withlog0(org.jsoup.parser.TokenQueueTest): chompBalancedlitChar19 should have thrown IllegalArgumentException,chompBalancedlitChar19_failAssert0litString80_withlog1(org.jsoup.parser.TokenQueueTest): chompBalancedlitChar19 should have thrown IllegalArgumentException,chompBalancedlitChar19_failAssert0litString80_withlog2(org.jsoup.parser.TokenQueueTest): chompBalancedlitChar19 should have thrown IllegalArgumentException,chompBalancedlitChar19_failAssert0litString79_withlog0(org.jsoup.parser.TokenQueueTest): chompBalancedlitChar19 should have thrown IllegalArgumentException,chompBalancedlitChar19_failAssert0litString79_withlog1(org.jsoup.parser.TokenQueueTest): chompBalancedlitChar19 should have thrown IllegalArgumentException,chompBalancedlitChar19_failAssert0litString79_withlog2(org.jsoup.parser.TokenQueueTest): chompBalancedlitChar19 should have thrown IllegalArgumentException,chompBalancedlitChar19_failAssert0litString78_withlog0(org.jsoup.parser.TokenQueueTest): chompBalancedlitChar19 should have thrown IllegalArgumentException,chompBalancedlitChar19_failAssert0litString78_withlog1(org.jsoup.parser.TokenQueueTest): chompBalancedlitChar19 should have thrown IllegalArgumentException,chompBalancedlitChar19_failAssert0litString78_withlog2(org.jsoup.parser.TokenQueueTest): chompBalancedlitChar19 should have thrown IllegalArgumentException
[86821] INFO MethodsAssertGenerator - Generating assertions...
[86833] INFO AssertGenerator - 1 test fail, generating try/catch/fail blocks...
[86834] INFO AssertGenerator - 4 new tests with assertions generated
[86839] DEBUG Launcher - printing org.jsoup.parser.TokenQueueTest to /tmp/Ex2Amplifier-experiments/target/dspot/tmp_test_sources
[86895] INFO EntryPoint - Run: java -cp /tmp/Ex2Amplifier-experiments/dataset/may-2018/jsoup/988/target/test-classes:/tmp/Ex2Amplifier-experiments/dataset/may-2018/jsoup/988/target/classes:/home/spirals/danglot/.m2/repository/junit/junit/4.12/junit-4.12.jar:/home/spirals/danglot/.m2/repository/org/hamcrest/hamcrest-core/1.3/hamcrest-core-1.3.jar:/home/spirals/danglot/.m2/repository/com/google/code/gson/gson/2.7/gson-2.7.jar:/home/spirals/danglot/.m2/repository/org/eclipse/jetty/jetty-server/9.2.22.v20170606/jetty-server-9.2.22.v20170606.jar:/home/spirals/danglot/.m2/repository/javax/servlet/javax.servlet-api/3.1.0/javax.servlet-api-3.1.0.jar:/home/spirals/danglot/.m2/repository/org/eclipse/jetty/jetty-http/9.2.22.v20170606/jetty-http-9.2.22.v20170606.jar:/home/spirals/danglot/.m2/repository/org/eclipse/jetty/jetty-util/9.2.22.v20170606/jetty-util-9.2.22.v20170606.jar:/home/spirals/danglot/.m2/repository/org/eclipse/jetty/jetty-io/9.2.22.v20170606/jetty-io-9.2.22.v20170606.jar:/home/spirals/danglot/.m2/repository/org/eclipse/jetty/jetty-servlet/9.2.22.v20170606/jetty-servlet-9.2.22.v20170606.jar:/home/spirals/danglot/.m2/repository/org/eclipse/jetty/jetty-security/9.2.22.v20170606/jetty-security-9.2.22.v20170606.jar:/tmp/Ex2Amplifier-experiments/target/dspot/dependencies:/home/spirals/danglot/.m2/repository/eu/stamp-project/test-runner/1.0.8/test-runner-1.0.8-jar-with-dependencies.jar eu.stamp_project.testrunner.runner.test.TestRunner org.jsoup.parser.TokenQueueTest chompBalancedlitChar19_failAssert0litString78:chompBalancedlitChar19_failAssert0litString79:chompBalancedlitChar19_failAssert0litString80:chompBalancedlitChar19_failAssert0litString81
File saved to the following path: /tmp/Ex2Amplifier-experiments/dataset/may-2018/jsoup/988/target/dspot/TestListener.ser
[87278] INFO EntryPoint - Test has been run: chompBalancedlitChar19_failAssert0litString78(org.jsoup.parser.TokenQueueTest): expected:<[]> but was:<[6]>,chompBalancedlitChar19_failAssert0litString79(org.jsoup.parser.TokenQueueTest): expected:<[]> but was:<[:c]>,chompBalancedlitChar19_failAssert0litString80(org.jsoup.parser.TokenQueueTest): expected:<[]> but was:<[:mcontains]>,chompBalancedlitChar19_failAssert0litString81(org.jsoup.parser.TokenQueueTest): expected:<[]> but was:<[:contains]>
[87278] WARN Amplification - Discarding failing test cases
[87278] INFO Amplification - 0 test method(s) has been successfully generated
[87278] INFO Amplification - iteration 2:
[87278] INFO Amplification - No test could be generated from selected test
[87278] INFO Amplification - 0 amplified test(s) has been selected, global: 0
[87278] INFO Amplification - amp chompBalancedMatchesAsMuchAsPossible (2/2)
[87280] DEBUG Launcher - printing org.jsoup.parser.TokenQueueTest to /tmp/Ex2Amplifier-experiments/target/dspot/tmp_test_sources
[87327] INFO EntryPoint - Run: java -cp /tmp/Ex2Amplifier-experiments/dataset/may-2018/jsoup/988/target/test-classes:/tmp/Ex2Amplifier-experiments/dataset/may-2018/jsoup/988/target/classes:/home/spirals/danglot/.m2/repository/junit/junit/4.12/junit-4.12.jar:/home/spirals/danglot/.m2/repository/org/hamcrest/hamcrest-core/1.3/hamcrest-core-1.3.jar:/home/spirals/danglot/.m2/repository/com/google/code/gson/gson/2.7/gson-2.7.jar:/home/spirals/danglot/.m2/repository/org/eclipse/jetty/jetty-server/9.2.22.v20170606/jetty-server-9.2.22.v20170606.jar:/home/spirals/danglot/.m2/repository/javax/servlet/javax.servlet-api/3.1.0/javax.servlet-api-3.1.0.jar:/home/spirals/danglot/.m2/repository/org/eclipse/jetty/jetty-http/9.2.22.v20170606/jetty-http-9.2.22.v20170606.jar:/home/spirals/danglot/.m2/repository/org/eclipse/jetty/jetty-util/9.2.22.v20170606/jetty-util-9.2.22.v20170606.jar:/home/spirals/danglot/.m2/repository/org/eclipse/jetty/jetty-io/9.2.22.v20170606/jetty-io-9.2.22.v20170606.jar:/home/spirals/danglot/.m2/repository/org/eclipse/jetty/jetty-servlet/9.2.22.v20170606/jetty-servlet-9.2.22.v20170606.jar:/home/spirals/danglot/.m2/repository/org/eclipse/jetty/jetty-security/9.2.22.v20170606/jetty-security-9.2.22.v20170606.jar:/tmp/Ex2Amplifier-experiments/target/dspot/dependencies:/home/spirals/danglot/.m2/repository/eu/stamp-project/test-runner/1.0.8/test-runner-1.0.8-jar-with-dependencies.jar eu.stamp_project.testrunner.runner.test.TestRunner org.jsoup.parser.TokenQueueTest chompBalancedMatchesAsMuchAsPossible
File saved to the following path: /tmp/Ex2Amplifier-experiments/dataset/may-2018/jsoup/988/target/dspot/TestListener.ser
[87665] INFO EntryPoint - Test has been run: chompBalancedMatchesAsMuchAsPossible
[87665] INFO Amplification - iteration 0:
[87665] INFO Amplification - 1 tests selected to be amplified over 1 available tests
[87719] INFO AssertGenerator - Run tests. (19)
[87723] DEBUG Launcher - printing org.jsoup.parser.TokenQueueTest to /tmp/Ex2Amplifier-experiments/target/dspot/tmp_test_sources
[87776] WARN TestCompiler - 3 errors during compilation, discarding involved test methods
[87888] ERROR TestCompiler - Pb(253) Invalid character constant
[87888] ERROR TestCompiler - Pb(253) Invalid character constant
[87888] ERROR TestCompiler - Pb(253) Invalid character constant
[87948] INFO EntryPoint - Run: java -cp /tmp/Ex2Amplifier-experiments/dataset/may-2018/jsoup/988/target/test-classes:/tmp/Ex2Amplifier-experiments/dataset/may-2018/jsoup/988/target/classes:/home/spirals/danglot/.m2/repository/junit/junit/4.12/junit-4.12.jar:/home/spirals/danglot/.m2/repository/org/hamcrest/hamcrest-core/1.3/hamcrest-core-1.3.jar:/home/spirals/danglot/.m2/repository/com/google/code/gson/gson/2.7/gson-2.7.jar:/home/spirals/danglot/.m2/repository/org/eclipse/jetty/jetty-server/9.2.22.v20170606/jetty-server-9.2.22.v20170606.jar:/home/spirals/danglot/.m2/repository/javax/servlet/javax.servlet-api/3.1.0/javax.servlet-api-3.1.0.jar:/home/spirals/danglot/.m2/repository/org/eclipse/jetty/jetty-http/9.2.22.v20170606/jetty-http-9.2.22.v20170606.jar:/home/spirals/danglot/.m2/repository/org/eclipse/jetty/jetty-util/9.2.22.v20170606/jetty-util-9.2.22.v20170606.jar:/home/spirals/danglot/.m2/repository/org/eclipse/jetty/jetty-io/9.2.22.v20170606/jetty-io-9.2.22.v20170606.jar:/home/spirals/danglot/.m2/repository/org/eclipse/jetty/jetty-servlet/9.2.22.v20170606/jetty-servlet-9.2.22.v20170606.jar:/home/spirals/danglot/.m2/repository/org/eclipse/jetty/jetty-security/9.2.22.v20170606/jetty-security-9.2.22.v20170606.jar:/tmp/Ex2Amplifier-experiments/target/dspot/dependencies:/home/spirals/danglot/.m2/repository/eu/stamp-project/test-runner/1.0.8/test-runner-1.0.8-jar-with-dependencies.jar eu.stamp_project.testrunner.runner.test.TestRunner org.jsoup.parser.TokenQueueTest chompBalancedMatchesAsMuchAsPossiblelitString101:chompBalancedMatchesAsMuchAsPossiblelitString102:chompBalancedMatchesAsMuchAsPossiblelitString103:chompBalancedMatchesAsMuchAsPossiblelitString104:chompBalancedMatchesAsMuchAsPossiblelitString105:chompBalancedMatchesAsMuchAsPossiblelitString106:chompBalancedMatchesAsMuchAsPossiblelitString107:chompBalancedMatchesAsMuchAsPossiblelitChar108:chompBalancedMatchesAsMuchAsPossiblelitChar109:chompBalancedMatchesAsMuchAsPossiblelitChar110:chompBalancedMatchesAsMuchAsPossiblelitChar112:chompBalancedMatchesAsMuchAsPossiblelitChar114:chompBalancedMatchesAsMuchAsPossiblelitChar115:chompBalancedMatchesAsMuchAsPossiblelitChar116:chompBalancedMatchesAsMuchAsPossiblelitChar117:chompBalancedMatchesAsMuchAsPossiblelitChar118
File saved to the following path: /tmp/Ex2Amplifier-experiments/dataset/may-2018/jsoup/988/target/dspot/TestListener.ser
[88361] INFO EntryPoint - Test has been run: chompBalancedMatchesAsMuchAsPossiblelitChar108,chompBalancedMatchesAsMuchAsPossiblelitChar109,chompBalancedMatchesAsMuchAsPossiblelitChar110,chompBalancedMatchesAsMuchAsPossiblelitChar112,chompBalancedMatchesAsMuchAsPossiblelitChar115,chompBalancedMatchesAsMuchAsPossiblelitString101,chompBalancedMatchesAsMuchAsPossiblelitString102,chompBalancedMatchesAsMuchAsPossiblelitString103,chompBalancedMatchesAsMuchAsPossiblelitString105,chompBalancedMatchesAsMuchAsPossiblelitString106,chompBalancedMatchesAsMuchAsPossiblelitString107,chompBalancedMatchesAsMuchAsPossiblelitChar114(org.jsoup.parser.TokenQueueTest): Did not find balanced marker at 'something(or another)) else',chompBalancedMatchesAsMuchAsPossiblelitChar116(org.jsoup.parser.TokenQueueTest): Did not find balanced marker at 'something(or another)) else',chompBalancedMatchesAsMuchAsPossiblelitChar117(org.jsoup.parser.TokenQueueTest): Did not find balanced marker at 'something(or another)) else',chompBalancedMatchesAsMuchAsPossiblelitChar118(org.jsoup.parser.TokenQueueTest): Did not find balanced marker at 'something(or another)) else',chompBalancedMatchesAsMuchAsPossiblelitString104(org.jsoup.parser.TokenQueueTest): Did not find balanced marker at ''
[88361] INFO AssertGenerator - 11 test pass, generating assertion...
[88365] INFO MethodsAssertGenerator - Add observations points in passing tests.
[88365] INFO MethodsAssertGenerator - Instrumentation...
  9% |==== ]/ 18% |========= ]- 27% |============= ]\ 36% |================== ]| 45% |====================== ]/ 54% |=========================== ]- 63% |=============================== ]\ 72% |==================================== ]| 81% |======================================== ]/ 90% |============================================= ]-100% |================================================== ]\
[88394] INFO MethodsAssertGenerator - Run instrumented tests. (33)
[88479] INFO EntryPoint - Run: java -cp /tmp/Ex2Amplifier-experiments/dataset/may-2018/jsoup/988/target/test-classes:/tmp/Ex2Amplifier-experiments/dataset/may-2018/jsoup/988/target/classes:/home/spirals/danglot/.m2/repository/junit/junit/4.12/junit-4.12.jar:/home/spirals/danglot/.m2/repository/org/hamcrest/hamcrest-core/1.3/hamcrest-core-1.3.jar:/home/spirals/danglot/.m2/repository/com/google/code/gson/gson/2.7/gson-2.7.jar:/home/spirals/danglot/.m2/repository/org/eclipse/jetty/jetty-server/9.2.22.v20170606/jetty-server-9.2.22.v20170606.jar:/home/spirals/danglot/.m2/repository/javax/servlet/javax.servlet-api/3.1.0/javax.servlet-api-3.1.0.jar:/home/spirals/danglot/.m2/repository/org/eclipse/jetty/jetty-http/9.2.22.v20170606/jetty-http-9.2.22.v20170606.jar:/home/spirals/danglot/.m2/repository/org/eclipse/jetty/jetty-util/9.2.22.v20170606/jetty-util-9.2.22.v20170606.jar:/home/spirals/danglot/.m2/repository/org/eclipse/jetty/jetty-io/9.2.22.v20170606/jetty-io-9.2.22.v20170606.jar:/home/spirals/danglot/.m2/repository/org/eclipse/jetty/jetty-servlet/9.2.22.v20170606/jetty-servlet-9.2.22.v20170606.jar:/home/spirals/danglot/.m2/repository/org/eclipse/jetty/jetty-security/9.2.22.v20170606/jetty-security-9.2.22.v20170606.jar:/tmp/Ex2Amplifier-experiments/target/dspot/dependencies:/home/spirals/danglot/.m2/repository/eu/stamp-project/test-runner/1.0.8/test-runner-1.0.8-jar-with-dependencies.jar eu.stamp_project.testrunner.runner.test.TestRunner org.jsoup.parser.TokenQueueTest chompBalancedMatchesAsMuchAsPossiblelitString101_withlog0:chompBalancedMatchesAsMuchAsPossiblelitString102_withlog0:chompBalancedMatchesAsMuchAsPossiblelitString103_withlog0:chompBalancedMatchesAsMuchAsPossiblelitString105_withlog0:chompBalancedMatchesAsMuchAsPossiblelitString106_withlog0:chompBalancedMatchesAsMuchAsPossiblelitString107_withlog0:chompBalancedMatchesAsMuchAsPossiblelitChar108_withlog0:chompBalancedMatchesAsMuchAsPossiblelitChar109_withlog0:chompBalancedMatchesAsMuchAsPossiblelitChar110_withlog0:chompBalancedMatchesAsMuchAsPossiblelitChar112_withlog0:chompBalancedMatchesAsMuchAsPossiblelitChar115_withlog0:chompBalancedMatchesAsMuchAsPossiblelitString101_withlog1:chompBalancedMatchesAsMuchAsPossiblelitString102_withlog1:chompBalancedMatchesAsMuchAsPossiblelitString103_withlog1:chompBalancedMatchesAsMuchAsPossiblelitString105_withlog1:chompBalancedMatchesAsMuchAsPossiblelitString106_withlog1:chompBalancedMatchesAsMuchAsPossiblelitString107_withlog1:chompBalancedMatchesAsMuchAsPossiblelitChar108_withlog1:chompBalancedMatchesAsMuchAsPossiblelitChar109_withlog1:chompBalancedMatchesAsMuchAsPossiblelitChar110_withlog1:chompBalancedMatchesAsMuchAsPossiblelitChar112_withlog1:chompBalancedMatchesAsMuchAsPossiblelitChar115_withlog1:chompBalancedMatchesAsMuchAsPossiblelitString101_withlog2:chompBalancedMatchesAsMuchAsPossiblelitString102_withlog2:chompBalancedMatchesAsMuchAsPossiblelitString103_withlog2:chompBalancedMatchesAsMuchAsPossiblelitString105_withlog2:chompBalancedMatchesAsMuchAsPossiblelitString106_withlog2:chompBalancedMatchesAsMuchAsPossiblelitString107_withlog2:chompBalancedMatchesAsMuchAsPossiblelitChar108_withlog2:chompBalancedMatchesAsMuchAsPossiblelitChar109_withlog2:chompBalancedMatchesAsMuchAsPossiblelitChar110_withlog2:chompBalancedMatchesAsMuchAsPossiblelitChar112_withlog2:chompBalancedMatchesAsMuchAsPossiblelitChar115_withlog2
File saved to the following path: /tmp/Ex2Amplifier-experiments/dataset/may-2018/jsoup/988/target/dspot/observations.ser
File saved to the following path: /tmp/Ex2Amplifier-experiments/dataset/may-2018/jsoup/988/target/dspot/TestListener.ser
[89383] INFO EntryPoint - Test has been run: chompBalancedMatchesAsMuchAsPossiblelitChar110_withlog0,chompBalancedMatchesAsMuchAsPossiblelitChar110_withlog1,chompBalancedMatchesAsMuchAsPossiblelitChar110_withlog2,chompBalancedMatchesAsMuchAsPossiblelitChar109_withlog0,chompBalancedMatchesAsMuchAsPossiblelitChar109_withlog1,chompBalancedMatchesAsMuchAsPossiblelitChar109_withlog2,chompBalancedMatchesAsMuchAsPossiblelitChar108_withlog0,chompBalancedMatchesAsMuchAsPossiblelitChar108_withlog1,chompBalancedMatchesAsMuchAsPossiblelitChar108_withlog2,chompBalancedMatchesAsMuchAsPossiblelitString107_withlog0,chompBalancedMatchesAsMuchAsPossiblelitString107_withlog1,chompBalancedMatchesAsMuchAsPossiblelitString107_withlog2,chompBalancedMatchesAsMuchAsPossiblelitString106_withlog0,chompBalancedMatchesAsMuchAsPossiblelitString106_withlog1,chompBalancedMatchesAsMuchAsPossiblelitString106_withlog2,chompBalancedMatchesAsMuchAsPossiblelitString105_withlog0,chompBalancedMatchesAsMuchAsPossiblelitString105_withlog1,chompBalancedMatchesAsMuchAsPossiblelitString105_withlog2,chompBalancedMatchesAsMuchAsPossiblelitString103_withlog0,chompBalancedMatchesAsMuchAsPossiblelitString103_withlog1,chompBalancedMatchesAsMuchAsPossiblelitString103_withlog2,chompBalancedMatchesAsMuchAsPossiblelitString102_withlog0,chompBalancedMatchesAsMuchAsPossiblelitString102_withlog1,chompBalancedMatchesAsMuchAsPossiblelitString102_withlog2,chompBalancedMatchesAsMuchAsPossiblelitString101_withlog0,chompBalancedMatchesAsMuchAsPossiblelitString101_withlog1,chompBalancedMatchesAsMuchAsPossiblelitString101_withlog2,chompBalancedMatchesAsMuchAsPossiblelitChar115_withlog0,chompBalancedMatchesAsMuchAsPossiblelitChar115_withlog1,chompBalancedMatchesAsMuchAsPossiblelitChar115_withlog2,chompBalancedMatchesAsMuchAsPossiblelitChar112_withlog0,chompBalancedMatchesAsMuchAsPossiblelitChar112_withlog1,chompBalancedMatchesAsMuchAsPossiblelitChar112_withlog2
[89391] INFO MethodsAssertGenerator - Generating assertions...
[89417] INFO AssertGenerator - 1 test fail, generating try/catch/fail blocks...
[89418] INFO AssertGenerator - 12 new tests with assertions generated
[89496] INFO EntryPoint - Run: java -cp /tmp/Ex2Amplifier-experiments/dataset/may-2018/jsoup/988/target/test-classes:/tmp/Ex2Amplifier-experiments/dataset/may-2018/jsoup/988/target/classes:/home/spirals/danglot/.m2/repository/junit/junit/4.12/junit-4.12.jar:/home/spirals/danglot/.m2/repository/org/hamcrest/hamcrest-core/1.3/hamcrest-core-1.3.jar:/home/spirals/danglot/.m2/repository/com/google/code/gson/gson/2.7/gson-2.7.jar:/home/spirals/danglot/.m2/repository/org/eclipse/jetty/jetty-server/9.2.22.v20170606/jetty-server-9.2.22.v20170606.jar:/home/spirals/danglot/.m2/repository/javax/servlet/javax.servlet-api/3.1.0/javax.servlet-api-3.1.0.jar:/home/spirals/danglot/.m2/repository/org/eclipse/jetty/jetty-http/9.2.22.v20170606/jetty-http-9.2.22.v20170606.jar:/home/spirals/danglot/.m2/repository/org/eclipse/jetty/jetty-util/9.2.22.v20170606/jetty-util-9.2.22.v20170606.jar:/home/spirals/danglot/.m2/repository/org/eclipse/jetty/jetty-io/9.2.22.v20170606/jetty-io-9.2.22.v20170606.jar:/home/spirals/danglot/.m2/repository/org/eclipse/jetty/jetty-servlet/9.2.22.v20170606/jetty-servlet-9.2.22.v20170606.jar:/home/spirals/danglot/.m2/repository/org/eclipse/jetty/jetty-security/9.2.22.v20170606/jetty-security-9.2.22.v20170606.jar:/tmp/Ex2Amplifier-experiments/target/dspot/dependencies:/home/spirals/danglot/.m2/repository/eu/stamp-project/test-runner/1.0.8/test-runner-1.0.8-jar-with-dependencies.jar eu.stamp_project.testrunner.runner.test.TestRunner org.jsoup.parser.TokenQueueTest chompBalancedMatchesAsMuchAsPossiblelitString101:chompBalancedMatchesAsMuchAsPossiblelitString102:chompBalancedMatchesAsMuchAsPossiblelitString103:chompBalancedMatchesAsMuchAsPossiblelitString105:chompBalancedMatchesAsMuchAsPossiblelitString106:chompBalancedMatchesAsMuchAsPossiblelitString107:chompBalancedMatchesAsMuchAsPossiblelitChar108:chompBalancedMatchesAsMuchAsPossiblelitChar109:chompBalancedMatchesAsMuchAsPossiblelitChar110:chompBalancedMatchesAsMuchAsPossiblelitChar112:chompBalancedMatchesAsMuchAsPossiblelitChar115:chompBalancedMatchesAsMuchAsPossiblelitChar114_failAssert1
File saved to the following path: /tmp/Ex2Amplifier-experiments/dataset/may-2018/jsoup/988/target/dspot/TestListener.ser
[89902] INFO EntryPoint - Test has been run: chompBalancedMatchesAsMuchAsPossiblelitChar114_failAssert1,chompBalancedMatchesAsMuchAsPossiblelitChar108(org.jsoup.parser.TokenQueueTest): expected:<[]> but was:<[unbalanced]>,chompBalancedMatchesAsMuchAsPossiblelitChar109(org.jsoup.parser.TokenQueueTest): expected:<[]> but was:<[unbalanced]>,chompBalancedMatchesAsMuchAsPossiblelitChar110(org.jsoup.parser.TokenQueueTest): expected:<[]> but was:<[unbalanced]>,chompBalancedMatchesAsMuchAsPossiblelitChar112(org.jsoup.parser.TokenQueueTest): expected:<[]> but was:<[unbalanced]>,chompBalancedMatchesAsMuchAsPossiblelitChar115(org.jsoup.parser.TokenQueueTest): expected:<[]> but was:<[unbalanced]>,chompBalancedMatchesAsMuchAsPossiblelitString101(org.jsoup.parser.TokenQueueTest): expected:<[]> but was:<[unbalanced]>,chompBalancedMatchesAsMuchAsPossiblelitString102(org.jsoup.parser.TokenQueueTest): expected:<[]> but was:<[unbaanced]>,chompBalancedMatchesAsMuchAsPossiblelitString103(org.jsoup.parser.TokenQueueTest): expected:<[]> but was:<[unbalanced]>,chompBalancedMatchesAsMuchAsPossiblelitString105(org.jsoup.parser.TokenQueueTest): expected:<47> but was:<61>,chompBalancedMatchesAsMuchAsPossiblelitString106(org.jsoup.parser.TokenQueueTest): expected:<[]> but was:<[unbalanced]>,chompBalancedMatchesAsMuchAsPossiblelitString107(org.jsoup.parser.TokenQueueTest): expected:<[]> but was:<[unbalanced]>
[89902] WARN Amplification - Discarding failing test cases
[89902] INFO Amplification - 1 test method(s) has been successfully generated
[89932] DEBUG Launcher - building sources: [/tmp/Ex2Amplifier-experiments/target/dspot/tmp_test_sources/org/jsoup/parser/TokenQueueTest.java]
[89932] DEBUG Launcher - build args: [-encoding, UTF-8, -cp, /home/spirals/danglot/.m2/repository/junit/junit/4.12/junit-4.12.jar:/home/spirals/danglot/.m2/repository/org/hamcrest/hamcrest-core/1.3/hamcrest-core-1.3.jar:/home/spirals/danglot/.m2/repository/com/google/code/gson/gson/2.7/gson-2.7.jar:/home/spirals/danglot/.m2/repository/org/eclipse/jetty/jetty-server/9.2.22.v20170606/jetty-server-9.2.22.v20170606.jar:/home/spirals/danglot/.m2/repository/javax/servlet/javax.servlet-api/3.1.0/javax.servlet-api-3.1.0.jar:/home/spirals/danglot/.m2/repository/org/eclipse/jetty/jetty-http/9.2.22.v20170606/jetty-http-9.2.22.v20170606.jar:/home/spirals/danglot/.m2/repository/org/eclipse/jetty/jetty-util/9.2.22.v20170606/jetty-util-9.2.22.v20170606.jar:/home/spirals/danglot/.m2/repository/org/eclipse/jetty/jetty-io/9.2.22.v20170606/jetty-io-9.2.22.v20170606.jar:/home/spirals/danglot/.m2/repository/org/eclipse/jetty/jetty-servlet/9.2.22.v20170606/jetty-servlet-9.2.22.v20170606.jar:/home/spirals/danglot/.m2/repository/org/eclipse/jetty/jetty-security/9.2.22.v20170606/jetty-security-9.2.22.v20170606.jar:/home/spirals/danglot/.m2/repository/pl/pragmatists/JUnitParams/1.0.5/JUnitParams-1.0.5.jar:target/dspot/dependencies/:dataset/may-2018/jsoup/988//target/classes:dataset/may-2018/jsoup/988//target/test-classes:, -1.8, -preserveAllLocals, -noExit, -enableJavadoc, /tmp/Ex2Amplifier-experiments/target/dspot/tmp_test_sources/org/jsoup/parser/TokenQueueTest.java]
[89976] DEBUG Launcher - built in 44 ms
[89976] DEBUG Launcher - building templates: []
[89976] DEBUG Launcher - built in 0 ms
[89976] DEBUG Launcher - model built in 44
[89976] DEBUG Launcher - compiling sources: [/tmp/Ex2Amplifier-experiments/target/dspot/tmp_test_sources/org/jsoup/parser/TokenQueueTest.java]
[89976] DEBUG Launcher - compile args: [-encoding, UTF-8, -cp, /home/spirals/danglot/.m2/repository/junit/junit/4.12/junit-4.12.jar:/home/spirals/danglot/.m2/repository/org/hamcrest/hamcrest-core/1.3/hamcrest-core-1.3.jar:/home/spirals/danglot/.m2/repository/com/google/code/gson/gson/2.7/gson-2.7.jar:/home/spirals/danglot/.m2/repository/org/eclipse/jetty/jetty-server/9.2.22.v20170606/jetty-server-9.2.22.v20170606.jar:/home/spirals/danglot/.m2/repository/javax/servlet/javax.servlet-api/3.1.0/javax.servlet-api-3.1.0.jar:/home/spirals/danglot/.m2/repository/org/eclipse/jetty/jetty-http/9.2.22.v20170606/jetty-http-9.2.22.v20170606.jar:/home/spirals/danglot/.m2/repository/org/eclipse/jetty/jetty-util/9.2.22.v20170606/jetty-util-9.2.22.v20170606.jar:/home/spirals/danglot/.m2/repository/org/eclipse/jetty/jetty-io/9.2.22.v20170606/jetty-io-9.2.22.v20170606.jar:/home/spirals/danglot/.m2/repository/org/eclipse/jetty/jetty-servlet/9.2.22.v20170606/jetty-servlet-9.2.22.v20170606.jar:/home/spirals/danglot/.m2/repository/org/eclipse/jetty/jetty-security/9.2.22.v20170606/jetty-security-9.2.22.v20170606.jar:/home/spirals/danglot/.m2/repository/pl/pragmatists/JUnitParams/1.0.5/JUnitParams-1.0.5.jar:target/dspot/dependencies/:dataset/may-2018/jsoup/988//target/classes:dataset/may-2018/jsoup/988//target/test-classes:, -d, /tmp/Ex2Amplifier-experiments/dataset/may-2018/jsoup/988_modified/target/test-classes, -1.8, -proc:none, -preserveAllLocals, -noExit, -enableJavadoc, /tmp/Ex2Amplifier-experiments/target/dspot/tmp_test_sources/org/jsoup/parser/TokenQueueTest.java]
[90024] DEBUG Launcher - compiled in 48 ms
[90024] INFO EntryPoint - Run: java -cp /home/spirals/danglot/.m2/repository/junit/junit/4.12/junit-4.12.jar:/home/spirals/danglot/.m2/repository/org/hamcrest/hamcrest-core/1.3/hamcrest-core-1.3.jar:/home/spirals/danglot/.m2/repository/com/google/code/gson/gson/2.7/gson-2.7.jar:/home/spirals/danglot/.m2/repository/org/eclipse/jetty/jetty-server/9.2.22.v20170606/jetty-server-9.2.22.v20170606.jar:/home/spirals/danglot/.m2/repository/javax/servlet/javax.servlet-api/3.1.0/javax.servlet-api-3.1.0.jar:/home/spirals/danglot/.m2/repository/org/eclipse/jetty/jetty-http/9.2.22.v20170606/jetty-http-9.2.22.v20170606.jar:/home/spirals/danglot/.m2/repository/org/eclipse/jetty/jetty-util/9.2.22.v20170606/jetty-util-9.2.22.v20170606.jar:/home/spirals/danglot/.m2/repository/org/eclipse/jetty/jetty-io/9.2.22.v20170606/jetty-io-9.2.22.v20170606.jar:/home/spirals/danglot/.m2/repository/org/eclipse/jetty/jetty-servlet/9.2.22.v20170606/jetty-servlet-9.2.22.v20170606.jar:/home/spirals/danglot/.m2/repository/org/eclipse/jetty/jetty-security/9.2.22.v20170606/jetty-security-9.2.22.v20170606.jar:/home/spirals/danglot/.m2/repository/pl/pragmatists/JUnitParams/1.0.5/JUnitParams-1.0.5.jar:target/dspot/dependencies/:/tmp/Ex2Amplifier-experiments/dataset/may-2018/jsoup/988_modified/target/classes:/tmp/Ex2Amplifier-experiments/dataset/may-2018/jsoup/988_modified/target/test-classes:/home/spirals/danglot/.m2/repository/eu/stamp-project/test-runner/1.0.8/test-runner-1.0.8-jar-with-dependencies.jar eu.stamp_project.testrunner.runner.test.TestRunner org.jsoup.parser.TokenQueueTest chompBalancedMatchesAsMuchAsPossiblelitChar114_failAssert1
File saved to the following path: /tmp/Ex2Amplifier-experiments/dataset/may-2018/jsoup/988/target/dspot/TestListener.ser
[90376] INFO EntryPoint - Test has been run: chompBalancedMatchesAsMuchAsPossiblelitChar114_failAssert1
[90376] INFO Amplification - iteration 1:
[90376] INFO Amplification - 1 tests selected to be amplified over 1 available tests
[90402] INFO AssertGenerator - Run tests. (7)
[90405] DEBUG Launcher - printing org.jsoup.parser.TokenQueueTest to /tmp/Ex2Amplifier-experiments/target/dspot/tmp_test_sources
[90453] INFO EntryPoint - Run: java -cp /tmp/Ex2Amplifier-experiments/dataset/may-2018/jsoup/988/target/test-classes:/tmp/Ex2Amplifier-experiments/dataset/may-2018/jsoup/988/target/classes:/home/spirals/danglot/.m2/repository/junit/junit/4.12/junit-4.12.jar:/home/spirals/danglot/.m2/repository/org/hamcrest/hamcrest-core/1.3/hamcrest-core-1.3.jar:/home/spirals/danglot/.m2/repository/com/google/code/gson/gson/2.7/gson-2.7.jar:/home/spirals/danglot/.m2/repository/org/eclipse/jetty/jetty-server/9.2.22.v20170606/jetty-server-9.2.22.v20170606.jar:/home/spirals/danglot/.m2/repository/javax/servlet/javax.servlet-api/3.1.0/javax.servlet-api-3.1.0.jar:/home/spirals/danglot/.m2/repository/org/eclipse/jetty/jetty-http/9.2.22.v20170606/jetty-http-9.2.22.v20170606.jar:/home/spirals/danglot/.m2/repository/org/eclipse/jetty/jetty-util/9.2.22.v20170606/jetty-util-9.2.22.v20170606.jar:/home/spirals/danglot/.m2/repository/org/eclipse/jetty/jetty-io/9.2.22.v20170606/jetty-io-9.2.22.v20170606.jar:/home/spirals/danglot/.m2/repository/org/eclipse/jetty/jetty-servlet/9.2.22.v20170606/jetty-servlet-9.2.22.v20170606.jar:/home/spirals/danglot/.m2/repository/org/eclipse/jetty/jetty-security/9.2.22.v20170606/jetty-security-9.2.22.v20170606.jar:/tmp/Ex2Amplifier-experiments/target/dspot/dependencies:/home/spirals/danglot/.m2/repository/eu/stamp-project/test-runner/1.0.8/test-runner-1.0.8-jar-with-dependencies.jar eu.stamp_project.testrunner.runner.test.TestRunner org.jsoup.parser.TokenQueueTest chompBalancedMatchesAsMuchAsPossiblelitChar114_failAssert1litString162:chompBalancedMatchesAsMuchAsPossiblelitChar114_failAssert1litString163:chompBalancedMatchesAsMuchAsPossiblelitChar114_failAssert1litString164:chompBalancedMatchesAsMuchAsPossiblelitChar114_failAssert1litString165:chompBalancedMatchesAsMuchAsPossiblelitChar114_failAssert1litString166:chompBalancedMatchesAsMuchAsPossiblelitChar114_failAssert1litString167:chompBalancedMatchesAsMuchAsPossiblelitChar114_failAssert1litString168
File saved to the following path: /tmp/Ex2Amplifier-experiments/dataset/may-2018/jsoup/988/target/dspot/TestListener.ser
[90835] INFO EntryPoint - Test has been run: chompBalancedMatchesAsMuchAsPossiblelitChar114_failAssert1litString162,chompBalancedMatchesAsMuchAsPossiblelitChar114_failAssert1litString163,chompBalancedMatchesAsMuchAsPossiblelitChar114_failAssert1litString164,chompBalancedMatchesAsMuchAsPossiblelitChar114_failAssert1litString166,chompBalancedMatchesAsMuchAsPossiblelitChar114_failAssert1litString165(org.jsoup.parser.TokenQueueTest): chompBalancedMatchesAsMuchAsPossiblelitChar114 should have thrown IllegalArgumentException,chompBalancedMatchesAsMuchAsPossiblelitChar114_failAssert1litString167(org.jsoup.parser.TokenQueueTest): chompBalancedMatchesAsMuchAsPossiblelitChar114 should have thrown IllegalArgumentException,chompBalancedMatchesAsMuchAsPossiblelitChar114_failAssert1litString168(org.jsoup.parser.TokenQueueTest): chompBalancedMatchesAsMuchAsPossiblelitChar114 should have thrown IllegalArgumentException
[90835] INFO AssertGenerator - 4 test pass, generating assertion...
[90838] INFO MethodsAssertGenerator - Add observations points in passing tests.
[90838] INFO MethodsAssertGenerator - Instrumentation...
 25% |============ ]/ 50% |========================= ]- 75% |===================================== ]\100% |================================================== ]|
[90847] INFO MethodsAssertGenerator - Run instrumented tests. (12)
[90854] DEBUG Launcher - printing org.jsoup.parser.TokenQueueTest to /tmp/Ex2Amplifier-experiments/target/dspot/tmp_test_sources
[90917] INFO EntryPoint - Run: java -cp /tmp/Ex2Amplifier-experiments/dataset/may-2018/jsoup/988/target/test-classes:/tmp/Ex2Amplifier-experiments/dataset/may-2018/jsoup/988/target/classes:/home/spirals/danglot/.m2/repository/junit/junit/4.12/junit-4.12.jar:/home/spirals/danglot/.m2/repository/org/hamcrest/hamcrest-core/1.3/hamcrest-core-1.3.jar:/home/spirals/danglot/.m2/repository/com/google/code/gson/gson/2.7/gson-2.7.jar:/home/spirals/danglot/.m2/repository/org/eclipse/jetty/jetty-server/9.2.22.v20170606/jetty-server-9.2.22.v20170606.jar:/home/spirals/danglot/.m2/repository/javax/servlet/javax.servlet-api/3.1.0/javax.servlet-api-3.1.0.jar:/home/spirals/danglot/.m2/repository/org/eclipse/jetty/jetty-http/9.2.22.v20170606/jetty-http-9.2.22.v20170606.jar:/home/spirals/danglot/.m2/repository/org/eclipse/jetty/jetty-util/9.2.22.v20170606/jetty-util-9.2.22.v20170606.jar:/home/spirals/danglot/.m2/repository/org/eclipse/jetty/jetty-io/9.2.22.v20170606/jetty-io-9.2.22.v20170606.jar:/home/spirals/danglot/.m2/repository/org/eclipse/jetty/jetty-servlet/9.2.22.v20170606/jetty-servlet-9.2.22.v20170606.jar:/home/spirals/danglot/.m2/repository/org/eclipse/jetty/jetty-security/9.2.22.v20170606/jetty-security-9.2.22.v20170606.jar:/tmp/Ex2Amplifier-experiments/target/dspot/dependencies:/home/spirals/danglot/.m2/repository/eu/stamp-project/test-runner/1.0.8/test-runner-1.0.8-jar-with-dependencies.jar eu.stamp_project.testrunner.runner.test.TestRunner org.jsoup.parser.TokenQueueTest chompBalancedMatchesAsMuchAsPossiblelitChar114_failAssert1litString162_withlog0:chompBalancedMatchesAsMuchAsPossiblelitChar114_failAssert1litString163_withlog0:chompBalancedMatchesAsMuchAsPossiblelitChar114_failAssert1litString164_withlog0:chompBalancedMatchesAsMuchAsPossiblelitChar114_failAssert1litString166_withlog0:chompBalancedMatchesAsMuchAsPossiblelitChar114_failAssert1litString162_withlog1:chompBalancedMatchesAsMuchAsPossiblelitChar114_failAssert1litString163_withlog1:chompBalancedMatchesAsMuchAsPossiblelitChar114_failAssert1litString164_withlog1:chompBalancedMatchesAsMuchAsPossiblelitChar114_failAssert1litString166_withlog1:chompBalancedMatchesAsMuchAsPossiblelitChar114_failAssert1litString162_withlog2:chompBalancedMatchesAsMuchAsPossiblelitChar114_failAssert1litString163_withlog2:chompBalancedMatchesAsMuchAsPossiblelitChar114_failAssert1litString164_withlog2:chompBalancedMatchesAsMuchAsPossiblelitChar114_failAssert1litString166_withlog2
File saved to the following path: /tmp/Ex2Amplifier-experiments/dataset/may-2018/jsoup/988/target/dspot/observations.ser
File saved to the following path: /tmp/Ex2Amplifier-experiments/dataset/may-2018/jsoup/988/target/dspot/TestListener.ser
[91442] INFO EntryPoint - Test has been run: chompBalancedMatchesAsMuchAsPossiblelitChar114_failAssert1litString166_withlog0(org.jsoup.parser.TokenQueueTest): chompBalancedMatchesAsMuchAsPossiblelitChar114 should have thrown IllegalArgumentException,chompBalancedMatchesAsMuchAsPossiblelitChar114_failAssert1litString166_withlog1(org.jsoup.parser.TokenQueueTest): chompBalancedMatchesAsMuchAsPossiblelitChar114 should have thrown IllegalArgumentException,chompBalancedMatchesAsMuchAsPossiblelitChar114_failAssert1litString166_withlog2(org.jsoup.parser.TokenQueueTest): chompBalancedMatchesAsMuchAsPossiblelitChar114 should have thrown IllegalArgumentException,chompBalancedMatchesAsMuchAsPossiblelitChar114_failAssert1litString164_withlog0(org.jsoup.parser.TokenQueueTest): chompBalancedMatchesAsMuchAsPossiblelitChar114 should have thrown IllegalArgumentException,chompBalancedMatchesAsMuchAsPossiblelitChar114_failAssert1litString164_withlog1(org.jsoup.parser.TokenQueueTest): chompBalancedMatchesAsMuchAsPossiblelitChar114 should have thrown IllegalArgumentException,chompBalancedMatchesAsMuchAsPossiblelitChar114_failAssert1litString164_withlog2(org.jsoup.parser.TokenQueueTest): chompBalancedMatchesAsMuchAsPossiblelitChar114 should have thrown IllegalArgumentException,chompBalancedMatchesAsMuchAsPossiblelitChar114_failAssert1litString163_withlog0(org.jsoup.parser.TokenQueueTest): chompBalancedMatchesAsMuchAsPossiblelitChar114 should have thrown IllegalArgumentException,chompBalancedMatchesAsMuchAsPossiblelitChar114_failAssert1litString163_withlog1(org.jsoup.parser.TokenQueueTest): chompBalancedMatchesAsMuchAsPossiblelitChar114 should have thrown IllegalArgumentException,chompBalancedMatchesAsMuchAsPossiblelitChar114_failAssert1litString163_withlog2(org.jsoup.parser.TokenQueueTest): chompBalancedMatchesAsMuchAsPossiblelitChar114 should have thrown IllegalArgumentException,chompBalancedMatchesAsMuchAsPossiblelitChar114_failAssert1litString162_withlog0(org.jsoup.parser.TokenQueueTest): chompBalancedMatchesAsMuchAsPossiblelitChar114 should have thrown IllegalArgumentException,chompBalancedMatchesAsMuchAsPossiblelitChar114_failAssert1litString162_withlog1(org.jsoup.parser.TokenQueueTest): chompBalancedMatchesAsMuchAsPossiblelitChar114 should have thrown IllegalArgumentException,chompBalancedMatchesAsMuchAsPossiblelitChar114_failAssert1litString162_withlog2(org.jsoup.parser.TokenQueueTest): chompBalancedMatchesAsMuchAsPossiblelitChar114 should have thrown IllegalArgumentException
[91444] INFO MethodsAssertGenerator - Generating assertions...
[91454] INFO AssertGenerator - 1 test fail, generating try/catch/fail blocks...
[91455] INFO AssertGenerator - 4 new tests with assertions generated
[91458] DEBUG Launcher - printing org.jsoup.parser.TokenQueueTest to /tmp/Ex2Amplifier-experiments/target/dspot/tmp_test_sources
[91511] INFO EntryPoint - Run: java -cp /tmp/Ex2Amplifier-experiments/dataset/may-2018/jsoup/988/target/test-classes:/tmp/Ex2Amplifier-experiments/dataset/may-2018/jsoup/988/target/classes:/home/spirals/danglot/.m2/repository/junit/junit/4.12/junit-4.12.jar:/home/spirals/danglot/.m2/repository/org/hamcrest/hamcrest-core/1.3/hamcrest-core-1.3.jar:/home/spirals/danglot/.m2/repository/com/google/code/gson/gson/2.7/gson-2.7.jar:/home/spirals/danglot/.m2/repository/org/eclipse/jetty/jetty-server/9.2.22.v20170606/jetty-server-9.2.22.v20170606.jar:/home/spirals/danglot/.m2/repository/javax/servlet/javax.servlet-api/3.1.0/javax.servlet-api-3.1.0.jar:/home/spirals/danglot/.m2/repository/org/eclipse/jetty/jetty-http/9.2.22.v20170606/jetty-http-9.2.22.v20170606.jar:/home/spirals/danglot/.m2/repository/org/eclipse/jetty/jetty-util/9.2.22.v20170606/jetty-util-9.2.22.v20170606.jar:/home/spirals/danglot/.m2/repository/org/eclipse/jetty/jetty-io/9.2.22.v20170606/jetty-io-9.2.22.v20170606.jar:/home/spirals/danglot/.m2/repository/org/eclipse/jetty/jetty-servlet/9.2.22.v20170606/jetty-servlet-9.2.22.v20170606.jar:/home/spirals/danglot/.m2/repository/org/eclipse/jetty/jetty-security/9.2.22.v20170606/jetty-security-9.2.22.v20170606.jar:/tmp/Ex2Amplifier-experiments/target/dspot/dependencies:/home/spirals/danglot/.m2/repository/eu/stamp-project/test-runner/1.0.8/test-runner-1.0.8-jar-with-dependencies.jar eu.stamp_project.testrunner.runner.test.TestRunner org.jsoup.parser.TokenQueueTest chompBalancedMatchesAsMuchAsPossiblelitChar114_failAssert1litString162:chompBalancedMatchesAsMuchAsPossiblelitChar114_failAssert1litString163:chompBalancedMatchesAsMuchAsPossiblelitChar114_failAssert1litString164:chompBalancedMatchesAsMuchAsPossiblelitChar114_failAssert1litString166
File saved to the following path: /tmp/Ex2Amplifier-experiments/dataset/may-2018/jsoup/988/target/dspot/TestListener.ser
[91901] INFO EntryPoint - Test has been run: chompBalancedMatchesAsMuchAsPossiblelitChar114_failAssert1litString162(org.jsoup.parser.TokenQueueTest): expected:<[]> but was:<[1yCi]>,chompBalancedMatchesAsMuchAsPossiblelitChar114_failAssert1litString163(org.jsoup.parser.TokenQueueTest): expected:<[]> but was:<[unbalanced]>,chompBalancedMatchesAsMuchAsPossiblelitChar114_failAssert1litString164(org.jsoup.parser.TokenQueueTest): expected:<[]> but was:<[unblanced]>,chompBalancedMatchesAsMuchAsPossiblelitChar114_failAssert1litString166(org.jsoup.parser.TokenQueueTest): expected:<[]> but was:<[unbalanced]>
[91901] WARN Amplification - Discarding failing test cases
[91901] INFO Amplification - 0 test method(s) has been successfully generated
[91901] INFO Amplification - iteration 2:
[91901] INFO Amplification - No test could be generated from selected test
[91901] INFO Amplification - 0 amplified test(s) has been selected, global: 0
[91901] INFO DSpot - elapsedTime 10361
======= REPORT =======
0 amplified test fails on the new versions.

[91926] INFO DSpot - Print AmplTokenQueueTest with 0?amplified test cases in results/may-2018/jsoup/988/I_ampl
