SLF4J: Class path contains multiple SLF4J bindings.
SLF4J: Found binding in [jar:file:/home/spirals/danglot/.m2/repository/eu/stamp-project/test-runner/1.0.8/test-runner-1.0.8-jar-with-dependencies.jar!/org/slf4j/impl/StaticLoggerBinder.class]
SLF4J: Found binding in [jar:file:/home/spirals/danglot/.m2/repository/org/slf4j/slf4j-log4j12/1.7.25/slf4j-log4j12-1.7.25.jar!/org/slf4j/impl/StaticLoggerBinder.class]
SLF4J: See http://www.slf4j.org/codes.html#multiple_bindings for an explanation.
SLF4J: Actual binding is of type [org.slf4j.impl.Log4jLoggerFactory]
[0] WARN AutomaticBuilderFactory - No automatic builder specified in configuration, going to default.
[0] INFO AutomaticBuilderFactory - Default: provided Maven automatic builder.
[18] INFO MavenAutomaticBuilder - run maven clean test -DskipTests dependency:build-classpath -Dmdep.outputFile=target/dspot/classpath
[WARN] Maven will be executed in interactive mode, but no input stream has been configured for this MavenInvoker instance.
[INFO] Scanning for projects...
[INFO]                                                                         
[INFO] ------------------------------------------------------------------------
[INFO] Building jsoup Java HTML Parser 1.11.1-SNAPSHOT
[INFO] ------------------------------------------------------------------------
[INFO] 
[INFO] --- maven-clean-plugin:2.5:clean (default-clean) @ jsoup ---
[INFO] Deleting /tmp/Ex2Amplifier-experiments/dataset/may-2018/jsoup/931_modified/target
[INFO] 
[INFO] --- maven-resources-plugin:3.0.1:resources (default-resources) @ jsoup ---
[INFO] Using 'UTF-8' encoding to copy filtered resources.
[INFO] Copying 3 resources
[INFO] Copying 3 resources to META-INF/
[INFO] 
[INFO] --- maven-compiler-plugin:3.5.1:compile (default-compile) @ jsoup ---
[INFO] Changes detected - recompiling the module!
[INFO] Compiling 62 source files to /tmp/Ex2Amplifier-experiments/dataset/may-2018/jsoup/931_modified/target/classes
[INFO] /tmp/Ex2Amplifier-experiments/dataset/may-2018/jsoup/931_modified/src/main/java/org/jsoup/nodes/Attributes.java: /tmp/Ex2Amplifier-experiments/dataset/may-2018/jsoup/931_modified/src/main/java/org/jsoup/nodes/Attributes.java uses or overrides a deprecated API.
[INFO] /tmp/Ex2Amplifier-experiments/dataset/may-2018/jsoup/931_modified/src/main/java/org/jsoup/nodes/Attributes.java: Recompile with -Xlint:deprecation for details.
[INFO] 
[INFO] --- animal-sniffer-maven-plugin:1.15:check (animal-sniffer) @ jsoup ---
[INFO] Checking unresolved references to org.codehaus.mojo.signature:java17:1.0
[INFO] 
[INFO] >>> maven-bundle-plugin:2.5.4:manifest (bundle-manifest) > process-classes @ jsoup >>>
[INFO] 
[INFO] --- maven-resources-plugin:3.0.1:resources (default-resources) @ jsoup ---
[INFO] Using 'UTF-8' encoding to copy filtered resources.
[INFO] Copying 3 resources
[INFO] Copying 3 resources to META-INF/
[INFO] 
[INFO] --- maven-compiler-plugin:3.5.1:compile (default-compile) @ jsoup ---
[INFO] Changes detected - recompiling the module!
[INFO] Compiling 62 source files to /tmp/Ex2Amplifier-experiments/dataset/may-2018/jsoup/931_modified/target/classes
[INFO] /tmp/Ex2Amplifier-experiments/dataset/may-2018/jsoup/931_modified/src/main/java/org/jsoup/nodes/Attributes.java: /tmp/Ex2Amplifier-experiments/dataset/may-2018/jsoup/931_modified/src/main/java/org/jsoup/nodes/Attributes.java uses or overrides a deprecated API.
[INFO] /tmp/Ex2Amplifier-experiments/dataset/may-2018/jsoup/931_modified/src/main/java/org/jsoup/nodes/Attributes.java: Recompile with -Xlint:deprecation for details.
[INFO] 
[INFO] --- animal-sniffer-maven-plugin:1.15:check (animal-sniffer) @ jsoup ---
[INFO] Checking unresolved references to org.codehaus.mojo.signature:java17:1.0
[INFO] 
[INFO] <<< maven-bundle-plugin:2.5.4:manifest (bundle-manifest) < process-classes @ jsoup <<<
[INFO] 
[INFO] --- maven-bundle-plugin:2.5.4:manifest (bundle-manifest) @ jsoup ---
[INFO] 
[INFO] --- maven-resources-plugin:3.0.1:testResources (default-testResources) @ jsoup ---
[INFO] Using 'UTF-8' encoding to copy filtered resources.
[INFO] Copying 22 resources
[INFO] 
[INFO] --- maven-compiler-plugin:3.5.1:testCompile (default-testCompile) @ jsoup ---
[INFO] Changes detected - recompiling the module!
[INFO] Compiling 31 source files to /tmp/Ex2Amplifier-experiments/dataset/may-2018/jsoup/931_modified/target/test-classes
[INFO] /tmp/Ex2Amplifier-experiments/dataset/may-2018/jsoup/931_modified/src/test/java/org/jsoup/parser/AttributeParseTest.java: Some input files use or override a deprecated API.
[INFO] /tmp/Ex2Amplifier-experiments/dataset/may-2018/jsoup/931_modified/src/test/java/org/jsoup/parser/AttributeParseTest.java: Recompile with -Xlint:deprecation for details.
[INFO] /tmp/Ex2Amplifier-experiments/dataset/may-2018/jsoup/931_modified/src/test/java/org/jsoup/nodes/BuildEntities.java: /tmp/Ex2Amplifier-experiments/dataset/may-2018/jsoup/931_modified/src/test/java/org/jsoup/nodes/BuildEntities.java uses unchecked or unsafe operations.
[INFO] /tmp/Ex2Amplifier-experiments/dataset/may-2018/jsoup/931_modified/src/test/java/org/jsoup/nodes/BuildEntities.java: Recompile with -Xlint:unchecked for details.
[INFO] 
[INFO] --- maven-surefire-plugin:2.12.4:test (default-test) @ jsoup ---
[INFO] Tests are skipped.
[INFO] 
[INFO] --- maven-dependency-plugin:2.8:build-classpath (default-cli) @ jsoup ---
[INFO] Wrote classpath file '/tmp/Ex2Amplifier-experiments/dataset/may-2018/jsoup/931_modified/target/dspot/classpath'.
[INFO] ------------------------------------------------------------------------
[INFO] BUILD SUCCESS
[INFO] ------------------------------------------------------------------------
[INFO] Total time: 14.294 s
[INFO] Finished at: 2018-05-21T23:16:42+02:00
[INFO] Final Memory: 37M/1542M
[INFO] ------------------------------------------------------------------------
[24190] WARN AutomaticBuilderFactory - No automatic builder specified in configuration, going to default.
[24190] INFO AutomaticBuilderFactory - Default: provided Maven automatic builder.
[24191] INFO MavenAutomaticBuilder - run maven clean test -DskipTests dependency:build-classpath -Dmdep.outputFile=target/dspot/classpath
[WARN] Maven will be executed in interactive mode, but no input stream has been configured for this MavenInvoker instance.
[INFO] Scanning for projects...
[INFO]                                                                         
[INFO] ------------------------------------------------------------------------
[INFO] Building jsoup Java HTML Parser 1.11.1-SNAPSHOT
[INFO] ------------------------------------------------------------------------
[INFO] 
[INFO] --- maven-clean-plugin:2.5:clean (default-clean) @ jsoup ---
[INFO] Deleting /tmp/Ex2Amplifier-experiments/dataset/may-2018/jsoup/931/target
[INFO] 
[INFO] --- maven-resources-plugin:3.0.1:resources (default-resources) @ jsoup ---
[INFO] Using 'UTF-8' encoding to copy filtered resources.
[INFO] Copying 3 resources
[INFO] Copying 3 resources to META-INF/
[INFO] 
[INFO] --- maven-compiler-plugin:3.5.1:compile (default-compile) @ jsoup ---
[INFO] Changes detected - recompiling the module!
[INFO] Compiling 62 source files to /tmp/Ex2Amplifier-experiments/dataset/may-2018/jsoup/931/target/classes
[INFO] /tmp/Ex2Amplifier-experiments/dataset/may-2018/jsoup/931/src/main/java/org/jsoup/nodes/Attributes.java: /tmp/Ex2Amplifier-experiments/dataset/may-2018/jsoup/931/src/main/java/org/jsoup/nodes/Attributes.java uses or overrides a deprecated API.
[INFO] /tmp/Ex2Amplifier-experiments/dataset/may-2018/jsoup/931/src/main/java/org/jsoup/nodes/Attributes.java: Recompile with -Xlint:deprecation for details.
[INFO] 
[INFO] --- animal-sniffer-maven-plugin:1.15:check (animal-sniffer) @ jsoup ---
[INFO] Checking unresolved references to org.codehaus.mojo.signature:java17:1.0
[INFO] 
[INFO] >>> maven-bundle-plugin:2.5.4:manifest (bundle-manifest) > process-classes @ jsoup >>>
[INFO] 
[INFO] --- maven-resources-plugin:3.0.1:resources (default-resources) @ jsoup ---
[INFO] Using 'UTF-8' encoding to copy filtered resources.
[INFO] Copying 3 resources
[INFO] Copying 3 resources to META-INF/
[INFO] 
[INFO] --- maven-compiler-plugin:3.5.1:compile (default-compile) @ jsoup ---
[INFO] Changes detected - recompiling the module!
[INFO] Compiling 62 source files to /tmp/Ex2Amplifier-experiments/dataset/may-2018/jsoup/931/target/classes
[INFO] /tmp/Ex2Amplifier-experiments/dataset/may-2018/jsoup/931/src/main/java/org/jsoup/nodes/Attributes.java: /tmp/Ex2Amplifier-experiments/dataset/may-2018/jsoup/931/src/main/java/org/jsoup/nodes/Attributes.java uses or overrides a deprecated API.
[INFO] /tmp/Ex2Amplifier-experiments/dataset/may-2018/jsoup/931/src/main/java/org/jsoup/nodes/Attributes.java: Recompile with -Xlint:deprecation for details.
[INFO] 
[INFO] --- animal-sniffer-maven-plugin:1.15:check (animal-sniffer) @ jsoup ---
[INFO] Checking unresolved references to org.codehaus.mojo.signature:java17:1.0
[INFO] 
[INFO] <<< maven-bundle-plugin:2.5.4:manifest (bundle-manifest) < process-classes @ jsoup <<<
[INFO] 
[INFO] --- maven-bundle-plugin:2.5.4:manifest (bundle-manifest) @ jsoup ---
[INFO] 
[INFO] --- maven-resources-plugin:3.0.1:testResources (default-testResources) @ jsoup ---
[INFO] Using 'UTF-8' encoding to copy filtered resources.
[INFO] Copying 22 resources
[INFO] 
[INFO] --- maven-compiler-plugin:3.5.1:testCompile (default-testCompile) @ jsoup ---
[INFO] Changes detected - recompiling the module!
[INFO] Compiling 31 source files to /tmp/Ex2Amplifier-experiments/dataset/may-2018/jsoup/931/target/test-classes
[INFO] /tmp/Ex2Amplifier-experiments/dataset/may-2018/jsoup/931/src/test/java/org/jsoup/parser/AttributeParseTest.java: Some input files use or override a deprecated API.
[INFO] /tmp/Ex2Amplifier-experiments/dataset/may-2018/jsoup/931/src/test/java/org/jsoup/parser/AttributeParseTest.java: Recompile with -Xlint:deprecation for details.
[INFO] /tmp/Ex2Amplifier-experiments/dataset/may-2018/jsoup/931/src/test/java/org/jsoup/nodes/BuildEntities.java: /tmp/Ex2Amplifier-experiments/dataset/may-2018/jsoup/931/src/test/java/org/jsoup/nodes/BuildEntities.java uses unchecked or unsafe operations.
[INFO] /tmp/Ex2Amplifier-experiments/dataset/may-2018/jsoup/931/src/test/java/org/jsoup/nodes/BuildEntities.java: Recompile with -Xlint:unchecked for details.
[INFO] 
[INFO] --- maven-surefire-plugin:2.12.4:test (default-test) @ jsoup ---
[INFO] Tests are skipped.
[INFO] 
[INFO] --- maven-dependency-plugin:2.8:build-classpath (default-cli) @ jsoup ---
[INFO] Wrote classpath file '/tmp/Ex2Amplifier-experiments/dataset/may-2018/jsoup/931/target/dspot/classpath'.
[INFO] ------------------------------------------------------------------------
[INFO] BUILD SUCCESS
[INFO] ------------------------------------------------------------------------
[INFO] Total time: 14.331 s
[INFO] Finished at: 2018-05-21T23:17:06+02:00
[INFO] Final Memory: 34M/1500M
[INFO] ------------------------------------------------------------------------
[41574] INFO SelectorOnDiff - Selecting according to a diff between dataset/may-2018/jsoup/931_modified/ and dataset/may-2018/jsoup/931/ (a7749a63871a7deccc33e66a22574e98264ce807)
[41630] INFO SelectorOnDiff - Modified files:
a/src/main/java/org/jsoup/nodes/Attribute.java
[107271] INFO Amplification - amplification of org.jsoup.nodes.AttributeTest (2 test(s))
[107451] INFO EntryPoint - Run: java -cp /tmp/Ex2Amplifier-experiments/dataset/may-2018/jsoup/931_modified/target/test-classes:/tmp/Ex2Amplifier-experiments/dataset/may-2018/jsoup/931_modified/target/classes:/home/spirals/danglot/.m2/repository/junit/junit/4.12/junit-4.12.jar:/home/spirals/danglot/.m2/repository/org/hamcrest/hamcrest-core/1.3/hamcrest-core-1.3.jar:/home/spirals/danglot/.m2/repository/com/google/code/gson/gson/2.7/gson-2.7.jar:/tmp/Ex2Amplifier-experiments/target/dspot/dependencies:/home/spirals/danglot/.m2/repository/eu/stamp-project/test-runner/1.0.8/test-runner-1.0.8-jar-with-dependencies.jar eu.stamp_project.testrunner.runner.test.TestRunner org.jsoup.nodes.AttributeTest testWithSupplementaryCharacterInAttributeKeyAndValue:html
File saved to the following path: /tmp/Ex2Amplifier-experiments/dataset/may-2018/jsoup/931_modified/target/dspot/TestListener.ser
[108141] INFO EntryPoint - Test has been run: testWithSupplementaryCharacterInAttributeKeyAndValue,html
[108141] INFO Amplification - Try to add assertions before amplification
[108193] INFO AssertGenerator - Run tests. (2)
[108296] INFO EntryPoint - Run: java -cp /tmp/Ex2Amplifier-experiments/dataset/may-2018/jsoup/931_modified/target/test-classes:/tmp/Ex2Amplifier-experiments/dataset/may-2018/jsoup/931_modified/target/classes:/home/spirals/danglot/.m2/repository/junit/junit/4.12/junit-4.12.jar:/home/spirals/danglot/.m2/repository/org/hamcrest/hamcrest-core/1.3/hamcrest-core-1.3.jar:/home/spirals/danglot/.m2/repository/com/google/code/gson/gson/2.7/gson-2.7.jar:/tmp/Ex2Amplifier-experiments/target/dspot/dependencies:/home/spirals/danglot/.m2/repository/eu/stamp-project/test-runner/1.0.8/test-runner-1.0.8-jar-with-dependencies.jar eu.stamp_project.testrunner.runner.test.TestRunner org.jsoup.nodes.AttributeTest testWithSupplementaryCharacterInAttributeKeyAndValue:html
File saved to the following path: /tmp/Ex2Amplifier-experiments/dataset/may-2018/jsoup/931_modified/target/dspot/TestListener.ser
[108961] INFO EntryPoint - Test has been run: testWithSupplementaryCharacterInAttributeKeyAndValue,html
[108964] INFO AssertGenerator - 2 test pass, generating assertion...
[108967] INFO MethodsAssertGenerator - Add observations points in passing tests.
[108967] INFO MethodsAssertGenerator - Instrumentation...
 50% |========================= ]/100% |================================================== ]-
[109029] INFO MethodsAssertGenerator - Run instrumented tests. (6)
[109190] INFO EntryPoint - Run: java -cp /tmp/Ex2Amplifier-experiments/dataset/may-2018/jsoup/931_modified/target/test-classes:/tmp/Ex2Amplifier-experiments/dataset/may-2018/jsoup/931_modified/target/classes:/home/spirals/danglot/.m2/repository/junit/junit/4.12/junit-4.12.jar:/home/spirals/danglot/.m2/repository/org/hamcrest/hamcrest-core/1.3/hamcrest-core-1.3.jar:/home/spirals/danglot/.m2/repository/com/google/code/gson/gson/2.7/gson-2.7.jar:/tmp/Ex2Amplifier-experiments/target/dspot/dependencies:/home/spirals/danglot/.m2/repository/eu/stamp-project/test-runner/1.0.8/test-runner-1.0.8-jar-with-dependencies.jar eu.stamp_project.testrunner.runner.test.TestRunner org.jsoup.nodes.AttributeTest testWithSupplementaryCharacterInAttributeKeyAndValue_withlog0:html_withlog0:testWithSupplementaryCharacterInAttributeKeyAndValue_withlog1:html_withlog1:testWithSupplementaryCharacterInAttributeKeyAndValue_withlog2:html_withlog2
File saved to the following path: /tmp/Ex2Amplifier-experiments/dataset/may-2018/jsoup/931_modified/target/dspot/observations.ser
File saved to the following path: /tmp/Ex2Amplifier-experiments/dataset/may-2018/jsoup/931_modified/target/dspot/TestListener.ser
[110133] INFO EntryPoint - Test has been run: html_withlog0,html_withlog1,html_withlog2,testWithSupplementaryCharacterInAttributeKeyAndValue_withlog0,testWithSupplementaryCharacterInAttributeKeyAndValue_withlog1,testWithSupplementaryCharacterInAttributeKeyAndValue_withlog2
[110151] INFO MethodsAssertGenerator - Generating assertions...
[110192] INFO AssertGenerator - 2 new tests with assertions generated
[110308] INFO EntryPoint - Run: java -cp /tmp/Ex2Amplifier-experiments/dataset/may-2018/jsoup/931_modified/target/test-classes:/tmp/Ex2Amplifier-experiments/dataset/may-2018/jsoup/931_modified/target/classes:/home/spirals/danglot/.m2/repository/junit/junit/4.12/junit-4.12.jar:/home/spirals/danglot/.m2/repository/org/hamcrest/hamcrest-core/1.3/hamcrest-core-1.3.jar:/home/spirals/danglot/.m2/repository/com/google/code/gson/gson/2.7/gson-2.7.jar:/tmp/Ex2Amplifier-experiments/target/dspot/dependencies:/home/spirals/danglot/.m2/repository/eu/stamp-project/test-runner/1.0.8/test-runner-1.0.8-jar-with-dependencies.jar eu.stamp_project.testrunner.runner.test.TestRunner org.jsoup.nodes.AttributeTest testWithSupplementaryCharacterInAttributeKeyAndValue:html
File saved to the following path: /tmp/Ex2Amplifier-experiments/dataset/may-2018/jsoup/931_modified/target/dspot/TestListener.ser
[111101] INFO EntryPoint - Test has been run: testWithSupplementaryCharacterInAttributeKeyAndValue,html
[111179] DEBUG Launcher - building sources: [/tmp/Ex2Amplifier-experiments/target/dspot/tmp_test_sources/org/jsoup/nodes/AttributeTest.java]
[111180] DEBUG Launcher - build args: [-encoding, UTF-8, -cp, /home/spirals/danglot/.m2/repository/junit/junit/4.12/junit-4.12.jar:/home/spirals/danglot/.m2/repository/org/hamcrest/hamcrest-core/1.3/hamcrest-core-1.3.jar:/home/spirals/danglot/.m2/repository/com/google/code/gson/gson/2.7/gson-2.7.jar:target/dspot/dependencies/:dataset/may-2018/jsoup/931_modified//target/classes:dataset/may-2018/jsoup/931_modified//target/test-classes:, -1.8, -preserveAllLocals, -noExit, -enableJavadoc, /tmp/Ex2Amplifier-experiments/target/dspot/tmp_test_sources/org/jsoup/nodes/AttributeTest.java]
[111266] DEBUG Launcher - built in 87 ms
[111266] DEBUG Launcher - building templates: []
[111266] DEBUG Launcher - built in 0 ms
[111268] DEBUG Launcher - model built in 89
[111269] DEBUG Launcher - compiling sources: [/tmp/Ex2Amplifier-experiments/target/dspot/tmp_test_sources/org/jsoup/nodes/AttributeTest.java]
[111273] DEBUG Launcher - compile args: [-encoding, UTF-8, -cp, /home/spirals/danglot/.m2/repository/junit/junit/4.12/junit-4.12.jar:/home/spirals/danglot/.m2/repository/org/hamcrest/hamcrest-core/1.3/hamcrest-core-1.3.jar:/home/spirals/danglot/.m2/repository/com/google/code/gson/gson/2.7/gson-2.7.jar:target/dspot/dependencies/:dataset/may-2018/jsoup/931_modified//target/classes:dataset/may-2018/jsoup/931_modified//target/test-classes:, -d, /tmp/Ex2Amplifier-experiments/dataset/may-2018/jsoup/931/target/test-classes, -1.8, -proc:none, -preserveAllLocals, -noExit, -enableJavadoc, /tmp/Ex2Amplifier-experiments/target/dspot/tmp_test_sources/org/jsoup/nodes/AttributeTest.java]
[111397] DEBUG Launcher - compiled in 127 ms
[111399] INFO EntryPoint - Run: java -cp /home/spirals/danglot/.m2/repository/junit/junit/4.12/junit-4.12.jar:/home/spirals/danglot/.m2/repository/org/hamcrest/hamcrest-core/1.3/hamcrest-core-1.3.jar:/home/spirals/danglot/.m2/repository/com/google/code/gson/gson/2.7/gson-2.7.jar:target/dspot/dependencies/:/tmp/Ex2Amplifier-experiments/dataset/may-2018/jsoup/931/target/classes:/tmp/Ex2Amplifier-experiments/dataset/may-2018/jsoup/931/target/test-classes:/home/spirals/danglot/.m2/repository/eu/stamp-project/test-runner/1.0.8/test-runner-1.0.8-jar-with-dependencies.jar eu.stamp_project.testrunner.runner.test.TestRunner org.jsoup.nodes.AttributeTest testWithSupplementaryCharacterInAttributeKeyAndValue:html
File saved to the following path: /tmp/Ex2Amplifier-experiments/dataset/may-2018/jsoup/931_modified/target/dspot/TestListener.ser
[112210] INFO EntryPoint - Test has been run: testWithSupplementaryCharacterInAttributeKeyAndValue,html
[112211] INFO Amplification - 0 amplified test(s) has been selected, global: 0
[112211] INFO DSpot - elapsedTime 4952
======= REPORT =======
0 amplified test fails on the new versions.

[112247] INFO DSpot - Print AmplAttributeTest with 0?amplified test cases in results/may-2018/jsoup/931_modified/A_ampl
