#
# There is insufficient memory for the Java Runtime Environment to continue.
# Native memory allocation (mmap) failed to map 6006767616 bytes for committing reserved memory.
# Possible reasons:
#   The system is out of physical RAM or swap space
#   In 32 bit mode, the process size limit was hit
# Possible solutions:
#   Reduce memory load on the system
#   Increase physical memory or swap space
#   Check if swap backing store is full
#   Use 64 bit Java on a 64 bit OS
#   Decrease Java heap size (-Xmx/-Xms)
#   Decrease number of Java threads
#   Decrease Java thread stack sizes (-Xss)
#   Set larger code cache with -XX:ReservedCodeCacheSize=
# This output file may be truncated or incomplete.
#
#  Out of Memory Error (os_linux.cpp:2627), pid=23067, tid=0x00007f24947f0700
#
# JRE version: Java(TM) SE Runtime Environment (8.0_121-b13) (build 1.8.0_121-b13)
# Java VM: Java HotSpot(TM) 64-Bit Server VM (25.121-b13 mixed mode linux-amd64 )
# Failed to write core dump. Core dumps have been disabled. To enable core dumping, try "ulimit -c unlimited" before starting Java again
#

---------------  T H R E A D  ---------------

Current thread (0x00007f2cac078000):  VMThread [stack: 0x00007f24946f0000,0x00007f24947f1000] [id=23074]

Stack: [0x00007f24946f0000,0x00007f24947f1000],  sp=0x00007f24947ef020,  free space=1020k
Native frames: (J=compiled Java code, j=interpreted, Vv=VM code, C=native code)
V  [libjvm.so+0xac703a]  VMError::report_and_die()+0x2ba
V  [libjvm.so+0x4fc7eb]  report_vm_out_of_memory(char const*, int, unsigned long, VMErrorType, char const*)+0x8b
V  [libjvm.so+0x923c43]  os::Linux::commit_memory_impl(char*, unsigned long, bool)+0x103
V  [libjvm.so+0x924199]  os::pd_commit_memory(char*, unsigned long, unsigned long, bool)+0x29
V  [libjvm.so+0x91e4aa]  os::commit_memory(char*, unsigned long, unsigned long, bool)+0x2a
V  [libjvm.so+0x992f03]  PSVirtualSpace::expand_by(unsigned long)+0x53
V  [libjvm.so+0x9837c0]  PSOldGen::expand(unsigned long)+0x170
V  [libjvm.so+0x9839cb]  PSOldGen::resize(unsigned long)+0x1cb
V  [libjvm.so+0x98b6d1]  PSParallelCompact::invoke_no_policy(bool)+0x991
V  [libjvm.so+0x99102d]  PSScavenge::invoke()+0x1ad
V  [libjvm.so+0x947c10]  ParallelScavengeHeap::failed_mem_allocate(unsigned long)+0x70
V  [libjvm.so+0xac8a57]  VM_ParallelGCFailedAllocation::doit()+0x97
V  [libjvm.so+0xad0535]  VM_Operation::evaluate()+0x55
V  [libjvm.so+0xace90a]  VMThread::evaluate_operation(VM_Operation*)+0xba
V  [libjvm.so+0xacec8e]  VMThread::loop()+0x1ce
V  [libjvm.so+0xacf100]  VMThread::run()+0x70
V  [libjvm.so+0x926268]  java_start(Thread*)+0x108

VM_Operation (0x00007f24865ea830): ParallelGCFailedAllocation, mode: safepoint, requested by thread 0x00007f2cacc21800


---------------  P R O C E S S  ---------------

Java Threads: ( => current thread )
  0x00007f2408003000 JavaThread "ForkJoinPool.commonPool-worker-1" daemon [_thread_blocked, id=25445, stack(0x00007f248770a000,0x00007f248780b000)]
  0x00007f2caca66000 JavaThread "ForkJoinPool.commonPool-worker-0" daemon [_thread_blocked, id=25444, stack(0x00007f248780b000,0x00007f248790c000)]
  0x00007f2cacc21800 JavaThread "ForkJoinPool.commonPool-worker-3" daemon [_thread_blocked, id=25443, stack(0x00007f24864ed000,0x00007f24865ee000)]
  0x00007f2cac0d2000 JavaThread "Service Thread" daemon [_thread_blocked, id=23081, stack(0x00007f2487eff000,0x00007f2488000000)]
  0x00007f2cac0bc800 JavaThread "C1 CompilerThread2" daemon [_thread_blocked, id=23080, stack(0x00007f24940ea000,0x00007f24941eb000)]
  0x00007f2cac0bb000 JavaThread "C2 CompilerThread1" daemon [_thread_blocked, id=23079, stack(0x00007f24941eb000,0x00007f24942ec000)]
  0x00007f2cac0b8000 JavaThread "C2 CompilerThread0" daemon [_thread_blocked, id=23078, stack(0x00007f24942ec000,0x00007f24943ed000)]
  0x00007f2cac0b6800 JavaThread "Signal Dispatcher" daemon [_thread_blocked, id=23077, stack(0x00007f24943ed000,0x00007f24944ee000)]
  0x00007f2cac084000 JavaThread "Finalizer" daemon [_thread_blocked, id=23076, stack(0x00007f24944ee000,0x00007f24945ef000)]
  0x00007f2cac07f800 JavaThread "Reference Handler" daemon [_thread_blocked, id=23075, stack(0x00007f24945ef000,0x00007f24946f0000)]
  0x00007f2cac00a800 JavaThread "main" [_thread_blocked, id=23069, stack(0x00007f2cb2d2f000,0x00007f2cb2e30000)]

Other Threads:
=>0x00007f2cac078000 VMThread [stack: 0x00007f24946f0000,0x00007f24947f1000] [id=23074]
  0x00007f2cac0d4800 WatcherThread [stack: 0x00007f2487dfe000,0x00007f2487eff000] [id=23082]

VM state:at safepoint (normal execution)

VM Mutex/Monitor currently owned by a thread:  ([mutex/lock_event])
[0x00007f2cac008560] ExpandHeap_lock - owner thread: 0x00007f2cac078000
[0x00007f2cac008be0] Threads_lock - owner thread: 0x00007f2cac078000
[0x00007f2cac0090e0] Heap_lock - owner thread: 0x00007f2cacc21800

Heap:
 PSYoungGen      total 7788544K, used 0K [0x00007f29f2580000, 0x00007f2c9d000000, 0x00007f2c9d000000)
  eden space 4392448K, 0% used [0x00007f29f2580000,0x00007f29f2580000,0x00007f2afe700000)
  from space 3396096K, 0% used [0x00007f2afe700000,0x00007f2afe700000,0x00007f2bcdb80000)
  to   space 3331072K, 0% used [0x00007f2bd1b00000,0x00007f2bd1b00000,0x00007f2c9d000000)
 ParOldGen       total 11185152K, used 8981952K [0x00007f249d000000, 0x00007f2747b00000, 0x00007f29f2580000)
  object space 11185152K, 80% used [0x00007f249d000000,0x00007f26c13703f0,0x00007f2747b00000)
 Metaspace       used 25160K, capacity 26254K, committed 26624K, reserved 26624K

Card table byte_map: [0x00007f2498fff000,0x00007f249d000000] byte_map_base: 0x00007ee506b17000

Marking Bits: (ParMarkBitMap*) 0x00007f2cb2237c80
 Begin Bits: [0x00007f2438000000, 0x00007f2458000000)
 End Bits:   [0x00007f2458000000, 0x00007f2478000000)

Polling page: 0x00007f2cb2e62000

CodeCache: size=245760Kb used=25962Kb max_used=26515Kb free=219797Kb
 bounds [0x00007f2c9d000000, 0x00007f2c9ea30000, 0x00007f2cac000000]
 total_blobs=6534 nmethods=6146 adapters=299
 compilation: enabled

Compilation events (10 events):
Event: 913.693 Thread 0x00007f2cac0bc800 9688       3       java.lang.Double::intValue (6 bytes)
Event: 913.904 Thread 0x00007f2cac0bc800 nmethod 9688 0x00007f2c9d4a5f50 code [0x00007f2c9d4a60c0, 0x00007f2c9d4a6230]
Event: 936.650 Thread 0x00007f2cac0b8000 9689 %     4       java.util.Collections::shuffle @ 21 (127 bytes)
Event: 937.052 Thread 0x00007f2cac0bb000 9690       4       eu.stamp_project.utils.AmplificationHelper::getRandomChar (54 bytes)
Event: 1290.356 Thread 0x00007f2cac0bb000 nmethod 9690 0x00007f2c9d642ad0 code [0x00007f2c9d642c40, 0x00007f2c9d642e48]
Event: 1290.805 Thread 0x00007f2cac0b8000 nmethod 9689% 0x00007f2c9e884810 code [0x00007f2c9e8849a0, 0x00007f2c9e884df8]
Event: 1297.092 Thread 0x00007f2cac0bc800 9691       3       java.util.stream.IntPipeline$3$1::<init> (11 bytes)
Event: 1297.113 Thread 0x00007f2cac0bb000 9692       4       java.util.Collections::shuffle (127 bytes)
Event: 1297.131 Thread 0x00007f2cac0bc800 nmethod 9691 0x00007f2c9dbd0810 code [0x00007f2c9dbd09a0, 0x00007f2c9dbd0d28]
Event: 1297.140 Thread 0x00007f2cac0bc800 9693       3       java.util.stream.IntPipeline$3::opWrapSink (10 bytes)

GC Heap History (10 events):
Event: 735.400 GC heap after
Heap after GC invocations=18 (full 1):
 PSYoungGen      total 10306048K, used 105591K [0x00007f29f2580000, 0x00007f2c9a780000, 0x00007f2c9d000000)
  eden space 9499136K, 0% used [0x00007f29f2580000,0x00007f29f2580000,0x00007f2c36200000)
  from space 806912K, 13% used [0x00007f2c36200000,0x00007f2c3c91dca8,0x00007f2c67600000)
  to   space 763904K, 0% used [0x00007f2c6bd80000,0x00007f2c6bd80000,0x00007f2c9a780000)
 ParOldGen       total 11185152K, used 2411737K [0x00007f249d000000, 0x00007f2747b00000, 0x00007f29f2580000)
  object space 11185152K, 21% used [0x00007f249d000000,0x00007f2530336540,0x00007f2747b00000)
 Metaspace       used 25124K, capacity 26334K, committed 26368K, reserved 26624K
}
Event: 751.680 GC heap before
{Heap before GC invocations=19 (full 1):
 PSYoungGen      total 10306048K, used 9604727K [0x00007f29f2580000, 0x00007f2c9a780000, 0x00007f2c9d000000)
  eden space 9499136K, 100% used [0x00007f29f2580000,0x00007f2c36200000,0x00007f2c36200000)
  from space 806912K, 13% used [0x00007f2c36200000,0x00007f2c3c91dca8,0x00007f2c67600000)
  to   space 763904K, 0% used [0x00007f2c6bd80000,0x00007f2c6bd80000,0x00007f2c9a780000)
 ParOldGen       total 11185152K, used 2411737K [0x00007f249d000000, 0x00007f2747b00000, 0x00007f29f2580000)
  object space 11185152K, 21% used [0x00007f249d000000,0x00007f2530336540,0x00007f2747b00000)
 Metaspace       used 25203K, capacity 26414K, committed 26624K, reserved 26624K
Event: 752.795 GC heap after
Heap after GC invocations=19 (full 1):
 PSYoungGen      total 9815552K, used 763872K [0x00007f29f2580000, 0x00007f2c9d000000, 0x00007f2c9d000000)
  eden space 9051648K, 0% used [0x00007f29f2580000,0x00007f29f2580000,0x00007f2c1ad00000)
  from space 763904K, 99% used [0x00007f2c6bd80000,0x00007f2c9a778048,0x00007f2c9a780000)
  to   space 1066496K, 0% used [0x00007f2c1ad00000,0x00007f2c1ad00000,0x00007f2c5be80000)
 ParOldGen       total 11185152K, used 2815465K [0x00007f249d000000, 0x00007f2747b00000, 0x00007f29f2580000)
  object space 11185152K, 25% used [0x00007f249d000000,0x00007f2548d7a7d8,0x00007f2747b00000)
 Metaspace       used 25203K, capacity 26414K, committed 26624K, reserved 26624K
}
Event: 757.528 GC heap before
{Heap before GC invocations=20 (full 1):
 PSYoungGen      total 9815552K, used 9815520K [0x00007f29f2580000, 0x00007f2c9d000000, 0x00007f2c9d000000)
  eden space 9051648K, 100% used [0x00007f29f2580000,0x00007f2c1ad00000,0x00007f2c1ad00000)
  from space 763904K, 99% used [0x00007f2c6bd80000,0x00007f2c9a778048,0x00007f2c9a780000)
  to   space 1066496K, 0% used [0x00007f2c1ad00000,0x00007f2c1ad00000,0x00007f2c5be80000)
 ParOldGen       total 11185152K, used 2815465K [0x00007f249d000000, 0x00007f2747b00000, 0x00007f29f2580000)
  object space 11185152K, 25% used [0x00007f249d000000,0x00007f2548d7a7d8,0x00007f2747b00000)
 Metaspace       used 25217K, capacity 26414K, committed 26624K, reserved 26624K
Event: 779.057 GC heap after
Heap after GC invocations=20 (full 1):
 PSYoungGen      total 10118144K, used 1066466K [0x00007f29f2580000, 0x00007f2c9d000000, 0x00007f2c9d000000)
  eden space 9051648K, 0% used [0x00007f29f2580000,0x00007f29f2580000,0x00007f2c1ad00000)
  from space 1066496K, 99% used [0x00007f2c1ad00000,0x00007f2c5be788e0,0x00007f2c5be80000)
  to   space 1066496K, 0% used [0x00007f2c5be80000,0x00007f2c5be80000,0x00007f2c9d000000)
 ParOldGen       total 11185152K, used 5534429K [0x00007f249d000000, 0x00007f2747b00000, 0x00007f29f2580000)
  object space 11185152K, 49% used [0x00007f249d000000,0x00007f25eecb76e8,0x00007f2747b00000)
 Metaspace       used 25217K, capacity 26414K, committed 26624K, reserved 26624K
}
Event: 937.284 GC heap before
{Heap before GC invocations=21 (full 1):
 PSYoungGen      total 10118144K, used 10118114K [0x00007f29f2580000, 0x00007f2c9d000000, 0x00007f2c9d000000)
  eden space 9051648K, 100% used [0x00007f29f2580000,0x00007f2c1ad00000,0x00007f2c1ad00000)
  from space 1066496K, 99% used [0x00007f2c1ad00000,0x00007f2c5be788e0,0x00007f2c5be80000)
  to   space 1066496K, 0% used [0x00007f2c5be80000,0x00007f2c5be80000,0x00007f2c9d000000)
 ParOldGen       total 11185152K, used 5534429K [0x00007f249d000000, 0x00007f2747b00000, 0x00007f29f2580000)
  object space 11185152K, 49% used [0x00007f249d000000,0x00007f25eecb76e8,0x00007f2747b00000)
 Metaspace       used 25218K, capacity 26414K, committed 26624K, reserved 26624K
Event: 1289.559 GC heap after
Heap after GC invocations=21 (full 1):
 PSYoungGen      total 5458944K, used 1066486K [0x00007f29f2580000, 0x00007f2c9d000000, 0x00007f2c9d000000)
  eden space 4392448K, 0% used [0x00007f29f2580000,0x00007f29f2580000,0x00007f2afe700000)
  from space 1066496K, 99% used [0x00007f2c5be80000,0x00007f2c9cffdb70,0x00007f2c9d000000)
  to   space 3396096K, 0% used [0x00007f2afe700000,0x00007f2afe700000,0x00007f2bcdb80000)
 ParOldGen       total 11185152K, used 8566046K [0x00007f249d000000, 0x00007f2747b00000, 0x00007f29f2580000)
  object space 11185152K, 76% used [0x00007f249d000000,0x00007f26a7d47a78,0x00007f2747b00000)
 Metaspace       used 25218K, capacity 26414K, committed 26624K, reserved 26624K
}
Event: 1297.224 GC heap before
{Heap before GC invocations=22 (full 1):
 PSYoungGen      total 5458944K, used 5458934K [0x00007f29f2580000, 0x00007f2c9d000000, 0x00007f2c9d000000)
  eden space 4392448K, 100% used [0x00007f29f2580000,0x00007f2afe700000,0x00007f2afe700000)
  from space 1066496K, 99% used [0x00007f2c5be80000,0x00007f2c9cffdb70,0x00007f2c9d000000)
  to   space 3396096K, 0% used [0x00007f2afe700000,0x00007f2afe700000,0x00007f2bcdb80000)
 ParOldGen       total 11185152K, used 8566046K [0x00007f249d000000, 0x00007f2747b00000, 0x00007f29f2580000)
  object space 11185152K, 76% used [0x00007f249d000000,0x00007f26a7d47a78,0x00007f2747b00000)
 Metaspace       used 25219K, capacity 26414K, committed 26624K, reserved 26624K
Event: 1550.402 GC heap after
Heap after GC invocations=22 (full 1):
 PSYoungGen      total 7788544K, used 1462891K [0x00007f29f2580000, 0x00007f2c9d000000, 0x00007f2c9d000000)
  eden space 4392448K, 0% used [0x00007f29f2580000,0x00007f29f2580000,0x00007f2afe700000)
  from space 3396096K, 43% used [0x00007f2afe700000,0x00007f2b57b9ac68,0x00007f2bcdb80000)
  to   space 3331072K, 0% used [0x00007f2bd1b00000,0x00007f2bd1b00000,0x00007f2c9d000000)
 ParOldGen       total 11185152K, used 9639834K [0x00007f249d000000, 0x00007f2747b00000, 0x00007f29f2580000)
  object space 11185152K, 86% used [0x00007f249d000000,0x00007f26e95e6838,0x00007f2747b00000)
 Metaspace       used 25219K, capacity 26414K, committed 26624K, reserved 26624K
}
Event: 1550.451 GC heap before
{Heap before GC invocations=23 (full 2):
 PSYoungGen      total 7788544K, used 1462891K [0x00007f29f2580000, 0x00007f2c9d000000, 0x00007f2c9d000000)
  eden space 4392448K, 0% used [0x00007f29f2580000,0x00007f29f2580000,0x00007f2afe700000)
  from space 3396096K, 43% used [0x00007f2afe700000,0x00007f2b57b9ac68,0x00007f2bcdb80000)
  to   space 3331072K, 0% used [0x00007f2bd1b00000,0x00007f2bd1b00000,0x00007f2c9d000000)
 ParOldGen       total 11185152K, used 9639834K [0x00007f249d000000, 0x00007f2747b00000, 0x00007f29f2580000)
  object space 11185152K, 86% used [0x00007f249d000000,0x00007f26e95e6838,0x00007f2747b00000)
 Metaspace       used 25219K, capacity 26414K, committed 26624K, reserved 26624K

Deoptimization events (10 events):
Event: 739.344 Thread 0x00007f2cac00a800 Uncommon trap: reason=unstable_if action=reinterpret pc=0x00007f2c9e380610 method=org.eclipse.jdt.internal.compiler.codegen.CodeStream.iconst_0()V @ 43
Event: 739.353 Thread 0x00007f2cac00a800 Uncommon trap: reason=predicate action=maybe_recompile pc=0x00007f2c9dc266b0 method=java.util.AbstractCollection.toArray([Ljava/lang/Object;)[Ljava/lang/Object; @ 49
Event: 740.165 Thread 0x00007f2cac00a800 Uncommon trap: reason=array_check action=maybe_recompile pc=0x00007f2c9e237710 method=java.util.Arrays.fill([Ljava/lang/Object;IILjava/lang/Object;)V @ 20
Event: 740.166 Thread 0x00007f2cac00a800 Uncommon trap: reason=array_check action=maybe_recompile pc=0x00007f2c9daee664 method=java.util.Arrays.fill([Ljava/lang/Object;IILjava/lang/Object;)V @ 20
Event: 744.787 Thread 0x00007f2cac00a800 Uncommon trap: reason=class_check action=maybe_recompile pc=0x00007f2c9d137de0 method=spoon.reflect.visitor.CtBiScannerDefault.visitCtFieldReference(Lspoon/reflect/reference/CtFieldReference;)V @ 9
Event: 744.787 Thread 0x00007f2cac00a800 Uncommon trap: reason=class_check action=maybe_recompile pc=0x00007f2c9d137de0 method=spoon.reflect.visitor.CtBiScannerDefault.visitCtFieldReference(Lspoon/reflect/reference/CtFieldReference;)V @ 9
Event: 744.787 Thread 0x00007f2cac00a800 Uncommon trap: reason=class_check action=maybe_recompile pc=0x00007f2c9d137de0 method=spoon.reflect.visitor.CtBiScannerDefault.visitCtFieldReference(Lspoon/reflect/reference/CtFieldReference;)V @ 9
Event: 747.750 Thread 0x00007f2cac00a800 Uncommon trap: reason=unstable_if action=reinterpret pc=0x00007f2c9e9652c8 method=org.eclipse.jdt.internal.compiler.ast.QualifiedNameReference.lastFieldBinding()Lorg/eclipse/jdt/internal/compiler/lookup/FieldBinding; @ 4
Event: 747.772 Thread 0x00007f2cac00a800 Uncommon trap: reason=unstable_if action=reinterpret pc=0x00007f2c9e7dde00 method=org.eclipse.jdt.internal.compiler.codegen.ConstantPool.literalIndexForMethod([C[C[CZ)I @ 79
Event: 750.027 Thread 0x00007f2cac00a800 Uncommon trap: reason=array_check action=maybe_recompile pc=0x00007f2c9e237710 method=java.util.Arrays.fill([Ljava/lang/Object;IILjava/lang/Object;)V @ 20

Internal exceptions (10 events):
Event: 1296.473 Thread 0x00007f2caca66000 Exception <a 'java/lang/NullPointerException'> (0x00007f2aafd0a130) thrown at [/HUDSON3/workspace/8-2-build-linux-amd64/jdk8u121/8372/hotspot/src/share/vm/prims/jni.cpp, line 735]
Event: 1296.473 Thread 0x00007f2caca66000 Exception <a 'java/lang/NullPointerException'> (0x00007f2aafd11b28) thrown at [/HUDSON3/workspace/8-2-build-linux-amd64/jdk8u121/8372/hotspot/src/share/vm/prims/jni.cpp, line 735]
Event: 1296.473 Thread 0x00007f2caca66000 Exception <a 'java/lang/NullPointerException'> (0x00007f2aafd194e8) thrown at [/HUDSON3/workspace/8-2-build-linux-amd64/jdk8u121/8372/hotspot/src/share/vm/prims/jni.cpp, line 735]
Event: 1296.473 Thread 0x00007f2caca66000 Exception <a 'java/lang/NullPointerException'> (0x00007f2aafd20ea8) thrown at [/HUDSON3/workspace/8-2-build-linux-amd64/jdk8u121/8372/hotspot/src/share/vm/prims/jni.cpp, line 735]
Event: 1296.473 Thread 0x00007f2caca66000 Exception <a 'java/lang/NullPointerException'> (0x00007f2aafd28868) thrown at [/HUDSON3/workspace/8-2-build-linux-amd64/jdk8u121/8372/hotspot/src/share/vm/prims/jni.cpp, line 735]
Event: 1296.473 Thread 0x00007f2caca66000 Exception <a 'java/lang/NullPointerException'> (0x00007f2aafd7b1c8) thrown at [/HUDSON3/workspace/8-2-build-linux-amd64/jdk8u121/8372/hotspot/src/share/vm/prims/jni.cpp, line 735]
Event: 1296.473 Thread 0x00007f2caca66000 Exception <a 'java/lang/NullPointerException'> (0x00007f2aafd82b88) thrown at [/HUDSON3/workspace/8-2-build-linux-amd64/jdk8u121/8372/hotspot/src/share/vm/prims/jni.cpp, line 735]
Event: 1296.473 Thread 0x00007f2caca66000 Exception <a 'java/lang/NullPointerException'> (0x00007f2aafd8a548) thrown at [/HUDSON3/workspace/8-2-build-linux-amd64/jdk8u121/8372/hotspot/src/share/vm/prims/jni.cpp, line 735]
Event: 1296.473 Thread 0x00007f2caca66000 Exception <a 'java/lang/NullPointerException'> (0x00007f2aafd91f08) thrown at [/HUDSON3/workspace/8-2-build-linux-amd64/jdk8u121/8372/hotspot/src/share/vm/prims/jni.cpp, line 735]
Event: 1296.474 Thread 0x00007f2caca66000 Exception <a 'java/lang/NullPointerException'> (0x00007f2aafdaa5e8) thrown at [/HUDSON3/workspace/8-2-build-linux-amd64/jdk8u121/8372/hotspot/src/share/vm/prims/jni.cpp, line 735]

Events (10 events):
Event: 757.524 Executing VM operation: ParallelGCFailedAllocation
Event: 779.077 Executing VM operation: ParallelGCFailedAllocation done
Event: 814.892 Executing VM operation: RevokeBias
Event: 815.196 Executing VM operation: RevokeBias done
Event: 815.196 Thread 0x00007f2408013000 Thread exited: 0x00007f2408013000
Event: 936.803 Executing VM operation: ParallelGCFailedAllocation
Event: 1289.564 Executing VM operation: ParallelGCFailedAllocation done
Event: 1297.113 Thread 0x00007f2cacc21800 DEOPT PACKING pc=0x00007f2c9e58a67e sp=0x00007f24865eb060
Event: 1297.119 Thread 0x00007f2cacc21800 DEOPT UNPACKING pc=0x00007f2c9d046f73 sp=0x00007f24865eae00 mode 0
Event: 1297.184 Executing VM operation: ParallelGCFailedAllocation


Dynamic libraries:
00400000-00401000 r-xp 00000000 00:22 54226380792                        /home/spirals/danglot/jdk1.8.0_121/bin/java
00600000-00601000 rw-p 00000000 00:22 54226380792                        /home/spirals/danglot/jdk1.8.0_121/bin/java
01692000-016b3000 rw-p 00000000 00:00 0                                  [heap]
7f2408000000-7f2408033000 rw-p 00000000 00:00 0 
7f2408033000-7f240c000000 ---p 00000000 00:00 0 
7f240c000000-7f240c021000 rw-p 00000000 00:00 0 
7f240c021000-7f2410000000 ---p 00000000 00:00 0 
7f2410000000-7f2410021000 rw-p 00000000 00:00 0 
7f2410021000-7f2414000000 ---p 00000000 00:00 0 
7f2414000000-7f2414021000 rw-p 00000000 00:00 0 
7f2414021000-7f2418000000 ---p 00000000 00:00 0 
7f2418000000-7f2418021000 rw-p 00000000 00:00 0 
7f2418021000-7f241c000000 ---p 00000000 00:00 0 
7f241c000000-7f241c021000 rw-p 00000000 00:00 0 
7f241c021000-7f2420000000 ---p 00000000 00:00 0 
7f2420000000-7f2421aa6000 rw-p 00000000 00:00 0 
7f2421aa6000-7f2424000000 ---p 00000000 00:00 0 
7f2424000000-7f242553c000 rw-p 00000000 00:00 0 
7f242553c000-7f2428000000 ---p 00000000 00:00 0 
7f2428000000-7f2428021000 rw-p 00000000 00:00 0 
7f2428021000-7f242c000000 ---p 00000000 00:00 0 
7f242c000000-7f242d95e000 rw-p 00000000 00:00 0 
7f242d95e000-7f2430000000 ---p 00000000 00:00 0 
7f2430000000-7f2430021000 rw-p 00000000 00:00 0 
7f2430021000-7f2434000000 ---p 00000000 00:00 0 
7f2434000000-7f2434021000 rw-p 00000000 00:00 0 
7f2434021000-7f2438000000 ---p 00000000 00:00 0 
7f2438000000-7f2478000000 rw-p 00000000 00:00 0 
7f2478000000-7f2478021000 rw-p 00000000 00:00 0 
7f2478021000-7f247c000000 ---p 00000000 00:00 0 
7f247c000000-7f247c3ed000 rw-p 00000000 00:00 0 
7f247c3ed000-7f2480000000 ---p 00000000 00:00 0 
7f2480000000-7f2480021000 rw-p 00000000 00:00 0 
7f2480021000-7f2484000000 ---p 00000000 00:00 0 
7f24864ed000-7f24864f0000 ---p 00000000 00:00 0 
7f24864f0000-7f24867ee000 rw-p 00000000 00:00 0                          [stack:25443]
7f24867ee000-7f24869ee000 rw-p 00000000 00:00 0 
7f24869ee000-7f2486bee000 rw-p 00000000 00:00 0 
7f2486bee000-7f2486dee000 rw-p 00000000 00:00 0 
7f2486dee000-7f2486fee000 rw-p 00000000 00:00 0 
7f2486fee000-7f2486fef000 r--s 00010000 00:22 64159817534                /home/spirals/danglot/jdk1.8.0_121/jre/lib/ext/zipfs.jar
7f2486fef000-7f248700b000 r--s 00393000 00:22 64159817533                /home/spirals/danglot/jdk1.8.0_121/jre/lib/ext/cldrdata.jar
7f248700b000-7f248700c000 r--s 0000a000 00:22 64159817532                /home/spirals/danglot/jdk1.8.0_121/jre/lib/ext/jaccess.jar
7f248700c000-7f2487016000 r--s 00116000 00:22 64159817530                /home/spirals/danglot/jdk1.8.0_121/jre/lib/ext/localedata.jar
7f2487016000-7f2487031000 r--s 001d3000 00:22 64159817529                /home/spirals/danglot/jdk1.8.0_121/jre/lib/ext/nashorn.jar
7f2487031000-7f2487037000 r--s 0003f000 00:22 64159817528                /home/spirals/danglot/jdk1.8.0_121/jre/lib/ext/sunjce_provider.jar
7f2487037000-7f2487039000 r--s 00009000 00:22 64159817527                /home/spirals/danglot/jdk1.8.0_121/jre/lib/ext/sunec.jar
7f2487039000-7f24870ce000 r--s 01109000 00:22 64159817526                /home/spirals/danglot/jdk1.8.0_121/jre/lib/ext/jfxrt.jar
7f24870ce000-7f24870d2000 r--s 0003a000 00:22 64159817525                /home/spirals/danglot/jdk1.8.0_121/jre/lib/ext/sunpkcs11.jar
7f24870d2000-7f24870d4000 r--s 00001000 00:22 64159817524                /home/spirals/danglot/jdk1.8.0_121/jre/lib/ext/dnsns.jar
7f24870d4000-7f24870d9000 r--s 002f9000 00:22 54762566815                /home/spirals/danglot/jdk1.8.0_121/jre/lib/charsets.jar
7f24870d9000-7f24870ec000 r--s 00345000 00:22 54762566838                /home/spirals/danglot/jdk1.8.0_121/jre/lib/resources.jar
7f24870ec000-7f24870f1000 r--s 00084000 00:22 54762566830                /home/spirals/danglot/jdk1.8.0_121/jre/lib/jfr.jar
7f24870f1000-7f24870f6000 r--s 00068000 00:22 4076834506                 /home/spirals/danglot/.m2/repository/antlr/antlr/2.7.7/antlr-2.7.7.jar
7f24870f6000-7f24870f9000 r--s 00022000 00:22 73821921816                /home/spirals/danglot/.m2/repository/org/antlr/stringtemplate/3.2.1/stringtemplate-3.2.1.jar
7f24870f9000-7f24870fd000 r--s 00022000 00:22 5779160274                 /home/spirals/danglot/.m2/repository/org/antlr/antlr-runtime/3.2/antlr-runtime-3.2.jar
7f24870fd000-7f2487103000 r--s 00036000 00:22 55836280282                /home/spirals/danglot/.m2/repository/junit/junit/4.11/junit-4.11.jar
7f2487103000-7f2487303000 rw-p 00000000 00:00 0 
7f2487303000-7f2487503000 rw-p 00000000 00:00 0 
7f2487503000-7f2487703000 rw-p 00000000 00:00 0 
7f2487703000-7f2487706000 r--s 0001a000 00:22 54762566842                /home/spirals/danglot/jdk1.8.0_121/jre/lib/jce.jar
7f2487706000-7f248770a000 r--s 0009a000 00:22 54762566814                /home/spirals/danglot/jdk1.8.0_121/jre/lib/jsse.jar
7f248770a000-7f248770d000 ---p 00000000 00:00 0 
7f248770d000-7f248780b000 rw-p 00000000 00:00 0                          [stack:25445]
7f248780b000-7f248780e000 ---p 00000000 00:00 0 
7f248780e000-7f2487b0c000 rw-p 00000000 00:00 0                          [stack:25444]
7f2487b0c000-7f2487b0f000 ---p 00000000 00:00 0 
7f2487b0f000-7f2487b45000 rw-p 00000000 00:00 0 
7f2487b45000-7f2487b46000 r--p 00000000 00:00 0 
7f2487b46000-7f2487b6e000 r--s 00241000 00:22 51542517460                /home/spirals/danglot/.m2/repository/net/sf/trove4j/trove4j/3.0.3/trove4j-3.0.3.jar
7f2487b6e000-7f2487b71000 r--s 0000e000 00:22 50200664840                /home/spirals/danglot/.m2/repository/com/github/mpkorstanje/simmetrics-core/3.0.3/simmetrics-core-3.0.3.jar
7f2487b71000-7f2487b76000 r--s 00029000 00:22 48858591193                /home/spirals/danglot/.m2/repository/com/github/gumtreediff/core/2.0.0/core-2.0.0.jar
7f2487b76000-7f2487b77000 r--s 00006000 00:22 48054817676                /home/spirals/danglot/.m2/repository/fr/inria/gforge/spoon/labs/gumtree-spoon-ast-diff/1.3/gumtree-spoon-ast-diff-1.3.jar
7f2487b77000-7f2487b7c000 r--s 00034000 00:22 61742145119                /home/spirals/danglot/.m2/repository/com/google/code/gson/gson/2.8.2/gson-2.8.2.jar
7f2487b7c000-7f2487b7e000 r--s 0000e000 00:22 18524252587                /home/spirals/danglot/.m2/repository/commons-logging/commons-logging/1.2/commons-logging-1.2.jar
7f2487b7e000-7f2487b85000 r--s 00049000 00:22 43755242429                /home/spirals/danglot/.m2/repository/org/apache/httpcomponents/httpcore/4.4.4/httpcore-4.4.4.jar
7f2487b85000-7f2487b92000 r--s 000a7000 00:22 43218245027                /home/spirals/danglot/.m2/repository/org/apache/httpcomponents/httpclient/4.5.2/httpclient-4.5.2.jar
7f2487b92000-7f2487b96000 r--s 00025000 00:22 61474446464                /home/spirals/danglot/.m2/repository/com/googlecode/javaewah/JavaEWAH/1.1.6/JavaEWAH-1.1.6.jar
7f2487b96000-7f2487b9b000 r--s 00040000 00:22 53687249672                /home/spirals/danglot/.m2/repository/com/jcraft/jsch/0.1.54/jsch-0.1.54.jar
7f2487b9b000-7f2487bc1000 r--s 00263000 00:22 60937870948                /home/spirals/danglot/.m2/repository/org/eclipse/jgit/org.eclipse.jgit/4.10.0.201712302008-r/org.eclipse.jgit-4.10.0.201712302008-r.jar
7f2487bc1000-7f2487bc2000 r--s 00003000 00:22 60131524785                /home/spirals/danglot/.m2/repository/org/jenkins-ci/annotation-indexer/1.4/annotation-indexer-1.4.jar
7f2487bc2000-7f2487bc3000 r--s 00000000 00:22 58789890165                /home/spirals/danglot/.m2/repository/com/infradna/tool/bridge-method-annotation/1.17/bridge-method-annotation-1.17.jar
7f2487bc3000-7f2487bca000 r--s 00039000 00:22 57447682384                /home/spirals/danglot/.m2/repository/commons-codec/commons-codec/1.7/commons-codec-1.7.jar
7f2487bca000-7f2487bcf000 r--s 00041000 00:22 43488017475                /home/spirals/danglot/.m2/repository/commons-lang/commons-lang/2.6/commons-lang-2.6.jar
7f2487bcf000-7f2487bd6000 r--s 0004a000 00:22 56644692628                /home/spirals/danglot/.m2/repository/org/kohsuke/github-api/1.90/github-api-1.90.jar
7f2487bd6000-7f2487bd8000 r--s 00009000 00:22 82678250469                /home/spirals/danglot/.m2/repository/org/hamcrest/hamcrest-core/1.3/hamcrest-core-1.3.jar
7f2487bd8000-7f2487be0000 r--s 00045000 00:22 65230741338                /home/spirals/danglot/.m2/repository/junit/junit/4.12/junit-4.12.jar
7f2487be0000-7f2487be2000 r--s 0000f000 00:22 84558818509                /home/spirals/danglot/.m2/repository/com/martiansoftware/jsap/2.1/jsap-2.1.jar
7f2487be2000-7f2487be6000 r--s 0004b000 00:22 16108074108                /home/spirals/danglot/.m2/repository/com/fasterxml/jackson/core/jackson-core/2.9.2/jackson-core-2.9.2.jar
7f2487be6000-7f2487be9000 r--s 0000e000 00:22 48857561168                /home/spirals/danglot/.m2/repository/com/fasterxml/jackson/core/jackson-annotations/2.9.0/jackson-annotations-2.9.0.jar
7f2487be9000-7f2487bfc000 r--s 00133000 00:22 17180733449                /home/spirals/danglot/.m2/repository/com/fasterxml/jackson/core/jackson-databind/2.9.2/jackson-databind-2.9.2.jar
7f2487bfc000-7f2487c04000 r--s 0006e000 00:22 23890831710                /home/spirals/danglot/.m2/repository/org/apache/commons/commons-lang3/3.5/commons-lang3-3.5.jar
7f2487c04000-7f2487c08000 r--s 0002f000 00:22 78653317590                /home/spirals/danglot/.m2/repository/commons-io/commons-io/2.5/commons-io-2.5.jar
7f2487c08000-7f2487c11000 r--s 0006f000 00:22 85363839290                /home/spirals/danglot/.m2/repository/log4j/log4j/1.2.17/log4j-1.2.17.jar
7f2487c11000-7f2487c4d000 r--s 0062b000 00:22 69525318210                /home/spirals/danglot/.m2/repository/org/eclipse/tycho/org.eclipse.jdt.core/3.13.50.v20171007-0855/org.eclipse.jdt.core-3.13.50.v20171007-0855.jar
7f2487c4d000-7f2487c66000 r--s 00131000 00:22 70331868162                /home/spirals/danglot/.m2/repository/fr/inria/gforge/spoon/spoon-core/6.1.0/spoon-core-6.1.0.jar
7f2487c66000-7f2487c6d000 r--s 000f9000 00:22 76237482564                /home/spirals/danglot/.m2/repository/org/sosy-lab/smtinterpol/2.1-255-gcdd5908/smtinterpol-2.1-255-gcdd5908-sources.jar
7f2487c6d000-7f2487c84000 r--s 00139000 00:22 76237482563                /home/spirals/danglot/.m2/repository/org/sosy-lab/smtinterpol/2.1-255-gcdd5908/smtinterpol-2.1-255-gcdd5908-comp.jar
7f2487c84000-7f2487cb0000 r--s 00208000 00:22 73553440265                /home/spirals/danglot/.m2/repository/com/google/guava/guava/19.0/guava-19.0.jar
7f2487cb0000-7f2487cba000 r--s 0007e000 00:22 75165027828                /home/spirals/danglot/.m2/repository/org/sosy-lab/java-smt/1.0.1/java-smt-1.0.1.jar
7f2487cba000-7f2487ce4000 rw-p 00000000 00:00 0 
7f2487ce4000-7f2487dfe000 r--s 00ff4000 00:22 71674705945                /home/spirals/danglot/.m2/repository/org/openclover/clover/4.2.1/clover-4.2.1.jar
7f2487dfe000-7f2487dff000 ---p 00000000 00:00 0 
7f2487dff000-7f2487eff000 rw-p 00000000 00:00 0                          [stack:23082]
7f2487eff000-7f2487f02000 ---p 00000000 00:00 0 
7f2487f02000-7f2488000000 rw-p 00000000 00:00 0                          [stack:23081]
7f2488000000-7f2488021000 rw-p 00000000 00:00 0 
7f2488021000-7f248c000000 ---p 00000000 00:00 0 
7f248c000000-7f2490000000 rw-p 00000000 00:00 0 
7f2490000000-7f2490021000 rw-p 00000000 00:00 0 
7f2490021000-7f2494000000 ---p 00000000 00:00 0 
7f2494000000-7f2494003000 r--s 00026000 00:22 28725662103                /home/spirals/danglot/.m2/repository/org/apache/maven/maven-model/3.5.0/maven-model-3.5.0.jar
7f2494003000-7f2494008000 r--s 00038000 00:22 75702555250                /home/spirals/danglot/.m2/repository/org/sosy-lab/common/0.3000-38-gcdb252b/common-0.3000-38-gcdb252b.jar
7f2494008000-7f249400e000 r--s 0006d000 00:22 80264617143                /home/spirals/danglot/.m2/repository/javassist/javassist/3.4.GA/javassist-3.4.GA.jar
7f249400e000-7f249401b000 r--s 000c1000 00:22 74358941437                /home/spirals/danglot/.m2/repository/jbse/jbse/0.8.0-SNAPSHOT/jbse-0.8.0-SNAPSHOT.jar
7f249401b000-7f249401d000 r--s 0000a000 00:22 56108490377                /home/spirals/danglot/.m2/repository/eu/stamp-project/Ex2Amplifier/1.0.0-SNAPSHOT/Ex2Amplifier-1.0.0-SNAPSHOT.jar
7f249401d000-7f249403b000 r--s 00178000 00:22 13424338369                /home/spirals/danglot/.m2/repository/eu/stamp-project/test-runner/1.0.8/test-runner-1.0.8-jar-with-dependencies.jar
7f249403b000-7f249403d000 r--s 0000c000 00:22 25771225400                /home/spirals/danglot/.m2/repository/org/objenesis/objenesis/2.6/objenesis-2.6.jar
7f249403d000-7f249403f000 r--s 00009000 00:22 25503733651                /home/spirals/danglot/.m2/repository/net/bytebuddy/byte-buddy-agent/1.7.4/byte-buddy-agent-1.7.4.jar
7f249403f000-7f249407b000 r--s 0027f000 00:22 24966202041                /home/spirals/danglot/.m2/repository/net/bytebuddy/byte-buddy/1.7.4/byte-buddy-1.7.4.jar
7f249407b000-7f249408a000 r--s 00074000 00:22 24700479484                /home/spirals/danglot/.m2/repository/org/mockito/mockito-core/2.10.0/mockito-core-2.10.0.jar
7f249408a000-7f24940b6000 r--s 0017c000 00:22 19061168387                /home/spirals/danglot/.m2/repository/org/gradle/gradle-tooling-api/4.0.1/gradle-tooling-api-4.0.1.jar
7f24940b6000-7f24940b8000 r--s 00005000 00:22 32750497221                /home/spirals/danglot/.m2/repository/xpp3/xpp3_min/1.1.4c/xpp3_min-1.1.4c.jar
7f24940b8000-7f24940c5000 r--s 00077000 00:22 3285948949                 /home/spirals/danglot/.m2/repository/com/thoughtworks/xstream/xstream/1.4.8/xstream-1.4.8.jar
7f24940c5000-7f24940cb000 r--s 0002b000 00:22 46710094279                /home/spirals/danglot/.m2/repository/org/pitest/pitest-entry/1.2.0/pitest-entry-1.2.0.jar
7f24940cb000-7f24940e5000 r--s 000fb000 00:22 46980333080                /home/spirals/danglot/.m2/repository/org/pitest/pitest/1.2.0/pitest-1.2.0.jar
7f24940e5000-7f24940ea000 r--s 0005a000 00:22 63889449887                /home/spirals/danglot/.m2/repository/org/ow2/asm/asm-debug-all/5.2/asm-debug-all-5.2.jar
7f24940ea000-7f24940ed000 ---p 00000000 00:00 0 
7f24940ed000-7f24941eb000 rw-p 00000000 00:00 0                          [stack:23080]
7f24941eb000-7f24941ee000 ---p 00000000 00:00 0 
7f24941ee000-7f24942ec000 rw-p 00000000 00:00 0                          [stack:23079]
7f24942ec000-7f24942ef000 ---p 00000000 00:00 0 
7f24942ef000-7f24943ed000 rw-p 00000000 00:00 0                          [stack:23078]
7f24943ed000-7f24943f0000 ---p 00000000 00:00 0 
7f24943f0000-7f24944ee000 rw-p 00000000 00:00 0                          [stack:23077]
7f24944ee000-7f24944f1000 ---p 00000000 00:00 0 
7f24944f1000-7f24945ef000 rw-p 00000000 00:00 0                          [stack:23076]
7f24945ef000-7f24945f2000 ---p 00000000 00:00 0 
7f24945f2000-7f24946f0000 rw-p 00000000 00:00 0                          [stack:23075]
7f24946f0000-7f24946f1000 ---p 00000000 00:00 0 
7f24946f1000-7f2495784000 rw-p 00000000 00:00 0                          [stack:23074]
7f2495784000-7f249595d000 r--s 03d3e000 00:22 54762566819                /home/spirals/danglot/jdk1.8.0_121/jre/lib/rt.jar
7f249595d000-7f2496453000 rw-p 00000000 00:00 0 
7f2496453000-7f2496454000 ---p 00000000 00:00 0 
7f2496454000-7f2497aaa000 rw-p 00000000 00:00 0                          [stack:23073]
7f2497aaa000-7f2498fff000 ---p 00000000 00:00 0 
7f2498fff000-7f249a555000 rw-p 00000000 00:00 0 
7f249a555000-7f249baa9000 ---p 00000000 00:00 0 
7f249baa9000-7f249cfff000 rw-p 00000000 00:00 0 
7f249cfff000-7f2747b00000 rw-p 00000000 00:00 0 
7f28ada80000-7f28adb80000 rw-p 00000000 00:00 0 
7f28adb80000-7f29f2580000 ---p 00000000 00:00 0 
7f29f2580000-7f2c9d000000 rw-p 00000000 00:00 0 
7f2c9d000000-7f2c9ea30000 rwxp 00000000 00:00 0 
7f2c9ea30000-7f2cac000000 ---p 00000000 00:00 0 
7f2cac000000-7f2cacf8d000 rw-p 00000000 00:00 0 
7f2cacf8d000-7f2cb0000000 ---p 00000000 00:00 0 
7f2cb0000000-7f2cb0003000 r--s 0000f000 00:22 34097286118                /home/spirals/danglot/.m2/repository/eu/stamp-project/descartes/1.1/descartes-1.1.jar
7f2cb0003000-7f2cb0052000 rw-p 00000000 00:00 0 
7f2cb0052000-7f2cb0053000 ---p 00000000 00:00 0 
7f2cb0053000-7f2cb0153000 rw-p 00000000 00:00 0                          [stack:23072]
7f2cb0153000-7f2cb0154000 ---p 00000000 00:00 0 
7f2cb0154000-7f2cb0254000 rw-p 00000000 00:00 0                          [stack:23071]
7f2cb0254000-7f2cb0255000 ---p 00000000 00:00 0 
7f2cb0255000-7f2cb03be000 rw-p 00000000 00:00 0                          [stack:23070]
7f2cb03be000-7f2cb0715000 ---p 00000000 00:00 0 
7f2cb0715000-7f2cb072f000 r-xp 00000000 00:22 63085552346                /home/spirals/danglot/jdk1.8.0_121/jre/lib/amd64/libzip.so
7f2cb072f000-7f2cb092f000 ---p 0001a000 00:22 63085552346                /home/spirals/danglot/jdk1.8.0_121/jre/lib/amd64/libzip.so
7f2cb092f000-7f2cb0930000 rw-p 0001a000 00:22 63085552346                /home/spirals/danglot/jdk1.8.0_121/jre/lib/amd64/libzip.so
7f2cb0930000-7f2cb095b000 r-xp 00000000 00:22 63085552371                /home/spirals/danglot/jdk1.8.0_121/jre/lib/amd64/libjava.so
7f2cb095b000-7f2cb0b5a000 ---p 0002b000 00:22 63085552371                /home/spirals/danglot/jdk1.8.0_121/jre/lib/amd64/libjava.so
7f2cb0b5a000-7f2cb0b5c000 rw-p 0002a000 00:22 63085552371                /home/spirals/danglot/jdk1.8.0_121/jre/lib/amd64/libjava.so
7f2cb0b5c000-7f2cb0b69000 r-xp 00000000 00:22 63085552324                /home/spirals/danglot/jdk1.8.0_121/jre/lib/amd64/libverify.so
7f2cb0b69000-7f2cb0d68000 ---p 0000d000 00:22 63085552324                /home/spirals/danglot/jdk1.8.0_121/jre/lib/amd64/libverify.so
7f2cb0d68000-7f2cb0d6a000 rw-p 0000c000 00:22 63085552324                /home/spirals/danglot/jdk1.8.0_121/jre/lib/amd64/libverify.so
7f2cb0d6a000-7f2cb0d71000 r-xp 00000000 08:01 6291496                    /lib/x86_64-linux-gnu/librt-2.19.so
7f2cb0d71000-7f2cb0f70000 ---p 00007000 08:01 6291496                    /lib/x86_64-linux-gnu/librt-2.19.so
7f2cb0f70000-7f2cb0f71000 r--p 00006000 08:01 6291496                    /lib/x86_64-linux-gnu/librt-2.19.so
7f2cb0f71000-7f2cb0f72000 rw-p 00007000 08:01 6291496                    /lib/x86_64-linux-gnu/librt-2.19.so
7f2cb0f72000-7f2cb1072000 r-xp 00000000 08:01 6291485                    /lib/x86_64-linux-gnu/libm-2.19.so
7f2cb1072000-7f2cb1271000 ---p 00100000 08:01 6291485                    /lib/x86_64-linux-gnu/libm-2.19.so
7f2cb1271000-7f2cb1272000 r--p 000ff000 08:01 6291485                    /lib/x86_64-linux-gnu/libm-2.19.so
7f2cb1272000-7f2cb1273000 rw-p 00100000 08:01 6291485                    /lib/x86_64-linux-gnu/libm-2.19.so
7f2cb1273000-7f2cb1f41000 r-xp 00000000 00:22 63624898631                /home/spirals/danglot/jdk1.8.0_121/jre/lib/amd64/server/libjvm.so
7f2cb1f41000-7f2cb2141000 ---p 00cce000 00:22 63624898631                /home/spirals/danglot/jdk1.8.0_121/jre/lib/amd64/server/libjvm.so
7f2cb2141000-7f2cb221a000 rw-p 00cce000 00:22 63624898631                /home/spirals/danglot/jdk1.8.0_121/jre/lib/amd64/server/libjvm.so
7f2cb221a000-7f2cb2265000 rw-p 00000000 00:00 0 
7f2cb2265000-7f2cb2404000 r-xp 00000000 08:01 6291479                    /lib/x86_64-linux-gnu/libc-2.19.so
7f2cb2404000-7f2cb2604000 ---p 0019f000 08:01 6291479                    /lib/x86_64-linux-gnu/libc-2.19.so
7f2cb2604000-7f2cb2608000 r--p 0019f000 08:01 6291479                    /lib/x86_64-linux-gnu/libc-2.19.so
7f2cb2608000-7f2cb260a000 rw-p 001a3000 08:01 6291479                    /lib/x86_64-linux-gnu/libc-2.19.so
7f2cb260a000-7f2cb260e000 rw-p 00000000 00:00 0 
7f2cb260e000-7f2cb2611000 r-xp 00000000 08:01 6291484                    /lib/x86_64-linux-gnu/libdl-2.19.so
7f2cb2611000-7f2cb2810000 ---p 00003000 08:01 6291484                    /lib/x86_64-linux-gnu/libdl-2.19.so
7f2cb2810000-7f2cb2811000 r--p 00002000 08:01 6291484                    /lib/x86_64-linux-gnu/libdl-2.19.so
7f2cb2811000-7f2cb2812000 rw-p 00003000 08:01 6291484                    /lib/x86_64-linux-gnu/libdl-2.19.so
7f2cb2812000-7f2cb2827000 r-xp 00000000 00:22 34095666222                /home/spirals/danglot/jdk1.8.0_121/lib/amd64/jli/libjli.so
7f2cb2827000-7f2cb2a27000 ---p 00015000 00:22 34095666222                /home/spirals/danglot/jdk1.8.0_121/lib/amd64/jli/libjli.so
7f2cb2a27000-7f2cb2a28000 rw-p 00015000 00:22 34095666222                /home/spirals/danglot/jdk1.8.0_121/lib/amd64/jli/libjli.so
7f2cb2a28000-7f2cb2a40000 r-xp 00000000 08:01 6291473                    /lib/x86_64-linux-gnu/libpthread-2.19.so
7f2cb2a40000-7f2cb2c3f000 ---p 00018000 08:01 6291473                    /lib/x86_64-linux-gnu/libpthread-2.19.so
7f2cb2c3f000-7f2cb2c40000 r--p 00017000 08:01 6291473                    /lib/x86_64-linux-gnu/libpthread-2.19.so
7f2cb2c40000-7f2cb2c41000 rw-p 00018000 08:01 6291473                    /lib/x86_64-linux-gnu/libpthread-2.19.so
7f2cb2c41000-7f2cb2c45000 rw-p 00000000 00:00 0 
7f2cb2c45000-7f2cb2c65000 r-xp 00000000 08:01 6291474                    /lib/x86_64-linux-gnu/ld-2.19.so
7f2cb2c65000-7f2cb2c66000 r--s 00002000 00:22 70600173941                /home/spirals/danglot/.m2/repository/org/slf4j/slf4j-log4j12/1.7.25/slf4j-log4j12-1.7.25.jar
7f2cb2c66000-7f2cb2c6a000 r--s 0001b000 00:22 62816768207                /home/spirals/danglot/.m2/repository/org/jacoco/org.jacoco.core/0.7.9/org.jacoco.core-0.7.9.jar
7f2cb2c6a000-7f2cb2c6c000 r--s 00009000 00:22 30603727512                /home/spirals/danglot/.m2/repository/org/slf4j/slf4j-api/1.7.25/slf4j-api-1.7.25.jar
7f2cb2c6c000-7f2cb2c6e000 r--s 00000000 00:22 70061767662                /home/spirals/danglot/.m2/repository/org/codehaus/plexus/plexus-component-annotations/1.7/plexus-component-annotations-1.7.jar
7f2cb2c6e000-7f2cb2c72000 r--s 00039000 00:22 71403950661                /home/spirals/danglot/.m2/repository/org/codehaus/plexus/plexus-utils/3.0.24/plexus-utils-3.0.24.jar
7f2cb2c72000-7f2cb2c77000 r--s 00044000 00:22 54494737547                /home/spirals/danglot/.m2/repository/eu/stamp-project/dspot/1.1.1-SNAPSHOT/dspot-1.1.1-SNAPSHOT.jar
7f2cb2c77000-7f2cb2cfa000 rw-p 00000000 00:00 0 
7f2cb2cfa000-7f2cb2d2f000 r--s 00000000 08:01 5637917                    /var/cache/nscd/passwd
7f2cb2d2f000-7f2cb2d32000 ---p 00000000 00:00 0 
7f2cb2d32000-7f2cb2e34000 rw-p 00000000 00:00 0                          [stack:23069]
7f2cb2e34000-7f2cb2e35000 r--s 00001000 00:22 68724692350                /home/spirals/danglot/.m2/repository/xmlpull/xmlpull/1.1.3.1/xmlpull-1.1.3.1.jar
7f2cb2e35000-7f2cb2e37000 r--s 00007000 00:22 69795818823                /home/spirals/danglot/.m2/repository/org/apache/maven/shared/maven-invoker/3.0.0/maven-invoker-3.0.0.jar
7f2cb2e37000-7f2cb2e38000 r--s 00007000 08:01 7605571                    /tmp/Ex2Amplifier-experiments/target/Ex2Amplifier-experiments-0.0.1-SNAPSHOT.jar
7f2cb2e38000-7f2cb2e59000 rw-p 00000000 00:00 0 
7f2cb2e59000-7f2cb2e61000 rw-s 00000000 08:01 7344772                    /tmp/hsperfdata_danglot/23067
7f2cb2e61000-7f2cb2e62000 rw-p 00000000 00:00 0 
7f2cb2e62000-7f2cb2e63000 ---p 00000000 00:00 0 
7f2cb2e63000-7f2cb2e65000 rw-p 00000000 00:00 0 
7f2cb2e65000-7f2cb2e66000 r--p 00020000 08:01 6291474                    /lib/x86_64-linux-gnu/ld-2.19.so
7f2cb2e66000-7f2cb2e67000 rw-p 00021000 08:01 6291474                    /lib/x86_64-linux-gnu/ld-2.19.so
7f2cb2e67000-7f2cb2e68000 rw-p 00000000 00:00 0 
7ffdaea19000-7ffdaea3c000 rw-p 00000000 00:00 0                          [stack]
7ffdaea77000-7ffdaea79000 r-xp 00000000 00:00 0                          [vdso]
7ffdaea79000-7ffdaea7b000 r--p 00000000 00:00 0                          [vvar]
ffffffffff600000-ffffffffff601000 r-xp 00000000 00:00 0                  [vsyscall]

VM Arguments:
jvm_args: -Xms16G -Xmx32G 
java_command: eu.stamp_project.Main --verbose --maven-home /home/spirals/danglot/apache-maven-3.3.9/ --output dataset/may-2018/ --run dataset/may-2018/protostuff.json --id 119 --reverse --amplifiers
java_class_path (initial): target/Ex2Amplifier-experiments-0.0.1-SNAPSHOT.jar:/home/spirals/danglot/.m2/repository/eu/stamp-project/dspot/1.1.1-SNAPSHOT/dspot-1.1.1-SNAPSHOT.jar:/home/spirals/danglot/.m2/repository/org/apache/maven/shared/maven-invoker/3.0.0/maven-invoker-3.0.0.jar:/home/spirals/danglot/.m2/repository/org/codehaus/plexus/plexus-utils/3.0.24/plexus-utils-3.0.24.jar:/home/spirals/danglot/.m2/repository/org/codehaus/plexus/plexus-component-annotations/1.7/plexus-component-annotations-1.7.jar:/home/spirals/danglot/.m2/repository/org/slf4j/slf4j-api/1.7.25/slf4j-api-1.7.25.jar:/home/spirals/danglot/.m2/repository/org/jacoco/org.jacoco.core/0.7.9/org.jacoco.core-0.7.9.jar:/home/spirals/danglot/.m2/repository/org/ow2/asm/asm-debug-all/5.2/asm-debug-all-5.2.jar:/home/spirals/danglot/.m2/repository/eu/stamp-project/descartes/1.1/descartes-1.1.jar:/home/spirals/danglot/.m2/repository/org/pitest/pitest/1.2.0/pitest-1.2.0.jar:/home/spirals/danglot/.m2/repository/org/pitest/pitest-entry/1.2.0/pitest-entry-1.2.0.jar:/home/spirals/danglot/.m2/repository/com/thoughtworks/xstream/xstream/1.4.8/xstream-1.4.8.jar:/home/spirals/danglot/.m2/repository/xmlpull/xmlpull/1.1.3.1/xmlpull-1.1.3.1.jar:/home/spirals/danglot/.m2/repository/xpp3/xpp3_min/1.1.4c/xpp3_min-1.1.4c.jar:/home/spirals/danglot/.m2/repository/org/gradle/gradle-tooling-api/4.0.1/gradle-tooling-api-4.0.1.jar:/home/spirals/danglot/.m2/repository/org/mockito/mockito-core/2.10.0/mockito-core-2.10.0.jar:/home/spirals/danglot/.m2/repository/net/bytebuddy/byte-buddy/1.7.4/byte-buddy-1.7.4.jar:/home/spirals/danglot/.m2/repository/net/bytebuddy/byte-buddy-agent/1.7.4/byte-buddy-agent-1.7.4.jar:/home/spirals/danglot/.m2/repository/org/objenesis/objenesis/2.6/objenesis-2.6.jar:/home/spirals/danglot/.m2/repository/eu/stamp-project/test-runner/1.0.8/test-runner-1.0.8-jar-with-dependencies.jar:/home/spirals/danglot/.m2/repository/org/openclover/clover/4.2.1/clover-4.2.1.jar:/home/spirals/danglot/.m2/repository/eu/stam
Launcher Type: SUN_STANDARD

Environment Variables:
JAVA_HOME=/home/spirals/danglot/jdk1.8.0_121/
PATH=/home/spirals/danglot/jdk1.8.0_121//bin:/usr/local/lib/CPLEX_Studio1261/cplex/bin/x86-64_linux:/usr/local/lib/CPLEX_Studio1261/opl/oplide:/usr/local/bin:/usr/bin:/bin:/usr/local/games:/usr/games:/home/spirals/danglot/gradle-3.5/bin/
LD_LIBRARY_PATH=/usr/local/lib/CPLEX_Studio1261/opl/bin/x86-64_linux:
SHELL=/bin/bash

Signal Handlers:
SIGSEGV: [libjvm.so+0xac78c0], sa_mask[0]=11111111011111111101111111111110, sa_flags=SA_RESTART|SA_SIGINFO
SIGBUS: [libjvm.so+0xac78c0], sa_mask[0]=11111111011111111101111111111110, sa_flags=SA_RESTART|SA_SIGINFO
SIGFPE: [libjvm.so+0x920ac0], sa_mask[0]=11111111011111111101111111111110, sa_flags=SA_RESTART|SA_SIGINFO
SIGPIPE: [libjvm.so+0x920ac0], sa_mask[0]=11111111011111111101111111111110, sa_flags=SA_RESTART|SA_SIGINFO
SIGXFSZ: [libjvm.so+0x920ac0], sa_mask[0]=11111111011111111101111111111110, sa_flags=SA_RESTART|SA_SIGINFO
SIGILL: [libjvm.so+0x920ac0], sa_mask[0]=11111111011111111101111111111110, sa_flags=SA_RESTART|SA_SIGINFO
SIGUSR1: SIG_DFL, sa_mask[0]=00000000000000000000000000000000, sa_flags=none
SIGUSR2: [libjvm.so+0x922300], sa_mask[0]=00000000000000000000000000000000, sa_flags=SA_RESTART|SA_SIGINFO
SIGHUP: [libjvm.so+0x923700], sa_mask[0]=11111111011111111101111111111110, sa_flags=SA_RESTART|SA_SIGINFO
SIGINT: [libjvm.so+0x923700], sa_mask[0]=11111111011111111101111111111110, sa_flags=SA_RESTART|SA_SIGINFO
SIGTERM: [libjvm.so+0x923700], sa_mask[0]=11111111011111111101111111111110, sa_flags=SA_RESTART|SA_SIGINFO
SIGQUIT: [libjvm.so+0x923700], sa_mask[0]=11111111011111111101111111111110, sa_flags=SA_RESTART|SA_SIGINFO


---------------  S Y S T E M  ---------------

OS:PRETTY_NAME="Debian GNU/Linux 9 (stretch)"
NAME="Debian GNU/Linux"
VERSION_ID="9"
VERSION="9 (stretch)"
ID=debian
HOME_URL="https://www.debian.org/"
SUPPORT_URL="https://www.debian.org/support"
BUG_REPORT_URL="https://bugs.debian.org/"

uname:Linux 3.16.0-4-amd64 #1 SMP Debian 3.16.7-ckt11-1+deb8u6 (2015-11-09) x86_64
libc:glibc 2.19 NPTL 2.19 
rlimit: STACK 8192k, CORE 0k, NPROC 64264, NOFILE 4096, AS infinity
load average:4.68 4.83 4.76

/proc/meminfo:
MemTotal:       16468844 kB
MemFree:          138036 kB
MemAvailable:      72620 kB
Buffers:             604 kB
Cached:            20400 kB
SwapCached:       105356 kB
Active:         14474444 kB
Inactive:        1733176 kB
Active(anon):   14468932 kB
Inactive(anon):  1718480 kB
Active(file):       5512 kB
Inactive(file):    14696 kB
Unevictable:           0 kB
Mlocked:               0 kB
SwapTotal:       5820412 kB
SwapFree:         426956 kB
Dirty:                36 kB
Writeback:          4728 kB
AnonPages:      16081636 kB
Mapped:             7612 kB
Shmem:               608 kB
Slab:              33988 kB
SReclaimable:      17896 kB
SUnreclaim:        16092 kB
KernelStack:        2416 kB
PageTables:        45212 kB
NFS_Unstable:          0 kB
Bounce:                0 kB
WritebackTmp:          0 kB
CommitLimit:    14054832 kB
Committed_AS:   23860524 kB
VmallocTotal:   34359738367 kB
VmallocUsed:      295088 kB
VmallocChunk:   34359435516 kB
HardwareCorrupted:     0 kB
AnonHugePages:         0 kB
HugePages_Total:       0
HugePages_Free:        0
HugePages_Rsvd:        0
HugePages_Surp:        0
Hugepagesize:       2048 kB
DirectMap4k:       63136 kB
DirectMap2M:    16713728 kB


CPU:total 4 (2 cores per cpu, 1 threads per core) family 6 model 15 stepping 6, cmov, cx8, fxsr, mmx, sse, sse2, sse3, ssse3, tsc

/proc/cpuinfo:
processor	: 0
vendor_id	: GenuineIntel
cpu family	: 6
model		: 15
model name	: Intel(R) Xeon(R) CPU            5160  @ 3.00GHz
stepping	: 6
microcode	: 0xc9
cpu MHz		: 2992.169
cache size	: 4096 KB
physical id	: 0
siblings	: 2
core id		: 0
cpu cores	: 2
apicid		: 0
initial apicid	: 0
fpu		: yes
fpu_exception	: yes
cpuid level	: 10
wp		: yes
flags		: fpu vme de pse tsc msr pae mce cx8 apic sep mtrr pge mca cmov pat pse36 clflush dts acpi mmx fxsr sse sse2 ss ht tm pbe syscall nx lm constant_tsc arch_perfmon pebs bts rep_good nopl aperfmperf pni dtes64 monitor ds_cpl vmx est tm2 ssse3 cx16 xtpr pdcm dca lahf_lm dtherm tpr_shadow
bogomips	: 5984.33
clflush size	: 64
cache_alignment	: 64
address sizes	: 36 bits physical, 48 bits virtual
power management:

processor	: 1
vendor_id	: GenuineIntel
cpu family	: 6
model		: 15
model name	: Intel(R) Xeon(R) CPU            5160  @ 3.00GHz
stepping	: 6
microcode	: 0xc9
cpu MHz		: 2992.169
cache size	: 4096 KB
physical id	: 3
siblings	: 2
core id		: 0
cpu cores	: 2
apicid		: 6
initial apicid	: 6
fpu		: yes
fpu_exception	: yes
cpuid level	: 10
wp		: yes
flags		: fpu vme de pse tsc msr pae mce cx8 apic sep mtrr pge mca cmov pat pse36 clflush dts acpi mmx fxsr sse sse2 ss ht tm pbe syscall nx lm constant_tsc arch_perfmon pebs bts rep_good nopl aperfmperf pni dtes64 monitor ds_cpl vmx est tm2 ssse3 cx16 xtpr pdcm dca lahf_lm dtherm tpr_shadow
bogomips	: 5985.07
clflush size	: 64
cache_alignment	: 64
address sizes	: 36 bits physical, 48 bits virtual
power management:

processor	: 2
vendor_id	: GenuineIntel
cpu family	: 6
model		: 15
model name	: Intel(R) Xeon(R) CPU            5160  @ 3.00GHz
stepping	: 6
microcode	: 0xc9
cpu MHz		: 2992.169
cache size	: 4096 KB
physical id	: 0
siblings	: 2
core id		: 1
cpu cores	: 2
apicid		: 1
initial apicid	: 1
fpu		: yes
fpu_exception	: yes
cpuid level	: 10
wp		: yes
flags		: fpu vme de pse tsc msr pae mce cx8 apic sep mtrr pge mca cmov pat pse36 clflush dts acpi mmx fxsr sse sse2 ss ht tm pbe syscall nx lm constant_tsc arch_perfmon pebs bts rep_good nopl aperfmperf pni dtes64 monitor ds_cpl vmx est tm2 ssse3 cx16 xtpr pdcm dca lahf_lm dtherm tpr_shadow
bogomips	: 5984.33
clflush size	: 64
cache_alignment	: 64
address sizes	: 36 bits physical, 48 bits virtual
power management:

processor	: 3
vendor_id	: GenuineIntel
cpu family	: 6
model		: 15
model name	: Intel(R) Xeon(R) CPU            5160  @ 3.00GHz
stepping	: 6
microcode	: 0xc9
cpu MHz		: 2992.169
cache size	: 4096 KB
physical id	: 3
siblings	: 2
core id		: 1
cpu cores	: 2
apicid		: 7
initial apicid	: 7
fpu		: yes
fpu_exception	: yes
cpuid level	: 10
wp		: yes
flags		: fpu vme de pse tsc msr pae mce cx8 apic sep mtrr pge mca cmov pat pse36 clflush dts acpi mmx fxsr sse sse2 ss ht tm pbe syscall nx lm constant_tsc arch_perfmon pebs bts rep_good nopl aperfmperf pni dtes64 monitor ds_cpl vmx est tm2 ssse3 cx16 xtpr pdcm dca lahf_lm dtherm tpr_shadow
bogomips	: 5985.07
clflush size	: 64
cache_alignment	: 64
address sizes	: 36 bits physical, 48 bits virtual
power management:



Memory: 4k page, physical 16468844k(138036k free), swap 5820412k(426956k free)

vm_info: Java HotSpot(TM) 64-Bit Server VM (25.121-b13) for linux-amd64 JRE (1.8.0_121-b13), built on Dec 12 2016 16:36:53 by "java_re" with gcc 4.3.0 20080428 (Red Hat 4.3.0-8)

time: Wed May 23 00:08:08 2018
elapsed time: 3557 seconds (0d 0h 59m 17s)

