SLF4J: Class path contains multiple SLF4J bindings.
SLF4J: Found binding in [jar:file:/home/spirals/danglot/.m2/repository/eu/stamp-project/test-runner/1.0.8/test-runner-1.0.8-jar-with-dependencies.jar!/org/slf4j/impl/StaticLoggerBinder.class]
SLF4J: Found binding in [jar:file:/home/spirals/danglot/.m2/repository/org/slf4j/slf4j-log4j12/1.7.25/slf4j-log4j12-1.7.25.jar!/org/slf4j/impl/StaticLoggerBinder.class]
SLF4J: See http://www.slf4j.org/codes.html#multiple_bindings for an explanation.
SLF4J: Actual binding is of type [org.slf4j.impl.Log4jLoggerFactory]
[0] WARN AutomaticBuilderFactory - No automatic builder specified in configuration, going to default.
[0] INFO AutomaticBuilderFactory - Default: provided Maven automatic builder.
[9] INFO MavenAutomaticBuilder - run maven clean test -DskipTests dependency:build-classpath -Dmdep.outputFile=target/dspot/classpath
[WARN] Maven will be executed in interactive mode, but no input stream has been configured for this MavenInvoker instance.
[INFO] Scanning for projects...
[INFO]                                                                         
[INFO] ------------------------------------------------------------------------
[INFO] Building protostuff :: runtime 1.4.3-SNAPSHOT
[INFO] ------------------------------------------------------------------------
[INFO] 
[INFO] --- maven-clean-plugin:2.5:clean (default-clean) @ protostuff-runtime ---
[INFO] Deleting /tmp/Ex2Amplifier-experiments/dataset/may-2018/protostuff/185/protostuff-runtime/target
[INFO] 
[INFO] --- maven-enforcer-plugin:1.3.1:enforce (enforce-versions) @ protostuff-runtime ---
[INFO] Skipping Rule Enforcement.
[INFO] 
[INFO] --- maven-resources-plugin:2.6:resources (default-resources) @ protostuff-runtime ---
[INFO] Using 'UTF-8' encoding to copy filtered resources.
[INFO] skip non existing resourceDirectory /tmp/Ex2Amplifier-experiments/dataset/may-2018/protostuff/185/protostuff-runtime/src/main/resources
[INFO] 
[INFO] --- maven-compiler-plugin:3.1:compile (default-compile) @ protostuff-runtime ---
[INFO] Changes detected - recompiling the module!
[INFO] Compiling 40 source files to /tmp/Ex2Amplifier-experiments/dataset/may-2018/protostuff/185/protostuff-runtime/target/classes
[WARNING] /tmp/Ex2Amplifier-experiments/dataset/may-2018/protostuff/185/protostuff-runtime/src/main/java/io/protostuff/runtime/RuntimeUnsafeFieldFactory.java:[60,34] sun.misc.Unsafe is internal proprietary API and may be removed in a future release
[WARNING] /tmp/Ex2Amplifier-experiments/dataset/may-2018/protostuff/185/protostuff-runtime/src/main/java/io/protostuff/runtime/RuntimeUnsafeFieldFactory.java:[62,28] sun.misc.Unsafe is internal proprietary API and may be removed in a future release
[WARNING] /tmp/Ex2Amplifier-experiments/dataset/may-2018/protostuff/185/protostuff-runtime/src/main/java/io/protostuff/runtime/RuntimeUnsafeFieldFactory.java:[66,49] sun.misc.Unsafe is internal proprietary API and may be removed in a future release
[WARNING] /tmp/Ex2Amplifier-experiments/dataset/may-2018/protostuff/185/protostuff-runtime/src/main/java/io/protostuff/runtime/RuntimeUnsafeFieldFactory.java:[71,29] sun.misc.Unsafe is internal proprietary API and may be removed in a future release
[WARNING] /tmp/Ex2Amplifier-experiments/dataset/may-2018/protostuff/185/protostuff-runtime/src/main/java/io/protostuff/runtime/RuntimeUnsafeFieldFactory.java:[86,24] sun.misc.Unsafe is internal proprietary API and may be removed in a future release
[WARNING] /tmp/Ex2Amplifier-experiments/dataset/may-2018/protostuff/185/protostuff-runtime/src/main/java/io/protostuff/runtime/OnDemandSunReflectionFactory.java:[40,44] sun.reflect.ReflectionFactory is internal proprietary API and may be removed in a future release
[INFO] 
[INFO] --- maven-resources-plugin:2.6:testResources (default-testResources) @ protostuff-runtime ---
[INFO] Using 'UTF-8' encoding to copy filtered resources.
[INFO] skip non existing resourceDirectory /tmp/Ex2Amplifier-experiments/dataset/may-2018/protostuff/185/protostuff-runtime/src/test/resources
[INFO] 
[INFO] --- maven-compiler-plugin:3.1:testCompile (default-testCompile) @ protostuff-runtime ---
[INFO] Changes detected - recompiling the module!
[INFO] Compiling 44 source files to /tmp/Ex2Amplifier-experiments/dataset/may-2018/protostuff/185/protostuff-runtime/target/test-classes
[WARNING] /tmp/Ex2Amplifier-experiments/dataset/may-2018/protostuff/185/protostuff-runtime/src/test/java/io/protostuff/runtime/AnnotatedFieldsTest.java: Some input files use or override a deprecated API.
[WARNING] /tmp/Ex2Amplifier-experiments/dataset/may-2018/protostuff/185/protostuff-runtime/src/test/java/io/protostuff/runtime/AnnotatedFieldsTest.java: Recompile with -Xlint:deprecation for details.
[WARNING] /tmp/Ex2Amplifier-experiments/dataset/may-2018/protostuff/185/protostuff-runtime/src/test/java/io/protostuff/runtime/ObjectSchemaTest.java: Some input files use unchecked or unsafe operations.
[WARNING] /tmp/Ex2Amplifier-experiments/dataset/may-2018/protostuff/185/protostuff-runtime/src/test/java/io/protostuff/runtime/ObjectSchemaTest.java: Recompile with -Xlint:unchecked for details.
[INFO] 
[INFO] --- maven-surefire-plugin:2.18.1:test (default-test) @ protostuff-runtime ---
[INFO] Tests are skipped.
[INFO] 
[INFO] --- maven-dependency-plugin:2.8:build-classpath (default-cli) @ protostuff-runtime ---
[INFO] Wrote classpath file '/tmp/Ex2Amplifier-experiments/dataset/may-2018/protostuff/185/protostuff-runtime/target/dspot/classpath'.
[INFO] ------------------------------------------------------------------------
[INFO] BUILD SUCCESS
[INFO] ------------------------------------------------------------------------
[INFO] Total time: 6.803 s
[INFO] Finished at: 2018-05-21T17:25:39+02:00
[INFO] Final Memory: 26M/317M
[INFO] ------------------------------------------------------------------------
[13806] WARN AutomaticBuilderFactory - No automatic builder specified in configuration, going to default.
[13806] INFO AutomaticBuilderFactory - Default: provided Maven automatic builder.
[13807] INFO MavenAutomaticBuilder - run maven clean test -DskipTests dependency:build-classpath -Dmdep.outputFile=target/dspot/classpath
[WARN] Maven will be executed in interactive mode, but no input stream has been configured for this MavenInvoker instance.
[INFO] Scanning for projects...
[INFO]                                                                         
[INFO] ------------------------------------------------------------------------
[INFO] Building protostuff :: runtime 1.4.3-SNAPSHOT
[INFO] ------------------------------------------------------------------------
[INFO] 
[INFO] --- maven-clean-plugin:2.5:clean (default-clean) @ protostuff-runtime ---
[INFO] Deleting /tmp/Ex2Amplifier-experiments/dataset/may-2018/protostuff/185_modified/protostuff-runtime/target
[INFO] 
[INFO] --- maven-enforcer-plugin:1.3.1:enforce (enforce-versions) @ protostuff-runtime ---
[INFO] Skipping Rule Enforcement.
[INFO] 
[INFO] --- maven-resources-plugin:2.6:resources (default-resources) @ protostuff-runtime ---
[INFO] Using 'UTF-8' encoding to copy filtered resources.
[INFO] skip non existing resourceDirectory /tmp/Ex2Amplifier-experiments/dataset/may-2018/protostuff/185_modified/protostuff-runtime/src/main/resources
[INFO] 
[INFO] --- maven-compiler-plugin:3.1:compile (default-compile) @ protostuff-runtime ---
[INFO] Changes detected - recompiling the module!
[INFO] Compiling 40 source files to /tmp/Ex2Amplifier-experiments/dataset/may-2018/protostuff/185_modified/protostuff-runtime/target/classes
[WARNING] /tmp/Ex2Amplifier-experiments/dataset/may-2018/protostuff/185_modified/protostuff-runtime/src/main/java/io/protostuff/runtime/RuntimeUnsafeFieldFactory.java:[60,34] sun.misc.Unsafe is internal proprietary API and may be removed in a future release
[WARNING] /tmp/Ex2Amplifier-experiments/dataset/may-2018/protostuff/185_modified/protostuff-runtime/src/main/java/io/protostuff/runtime/RuntimeUnsafeFieldFactory.java:[62,28] sun.misc.Unsafe is internal proprietary API and may be removed in a future release
[WARNING] /tmp/Ex2Amplifier-experiments/dataset/may-2018/protostuff/185_modified/protostuff-runtime/src/main/java/io/protostuff/runtime/RuntimeUnsafeFieldFactory.java:[66,49] sun.misc.Unsafe is internal proprietary API and may be removed in a future release
[WARNING] /tmp/Ex2Amplifier-experiments/dataset/may-2018/protostuff/185_modified/protostuff-runtime/src/main/java/io/protostuff/runtime/RuntimeUnsafeFieldFactory.java:[71,29] sun.misc.Unsafe is internal proprietary API and may be removed in a future release
[WARNING] /tmp/Ex2Amplifier-experiments/dataset/may-2018/protostuff/185_modified/protostuff-runtime/src/main/java/io/protostuff/runtime/RuntimeUnsafeFieldFactory.java:[86,24] sun.misc.Unsafe is internal proprietary API and may be removed in a future release
[WARNING] /tmp/Ex2Amplifier-experiments/dataset/may-2018/protostuff/185_modified/protostuff-runtime/src/main/java/io/protostuff/runtime/OnDemandSunReflectionFactory.java:[40,44] sun.reflect.ReflectionFactory is internal proprietary API and may be removed in a future release
[INFO] 
[INFO] --- maven-resources-plugin:2.6:testResources (default-testResources) @ protostuff-runtime ---
[INFO] Using 'UTF-8' encoding to copy filtered resources.
[INFO] skip non existing resourceDirectory /tmp/Ex2Amplifier-experiments/dataset/may-2018/protostuff/185_modified/protostuff-runtime/src/test/resources
[INFO] 
[INFO] --- maven-compiler-plugin:3.1:testCompile (default-testCompile) @ protostuff-runtime ---
[INFO] Changes detected - recompiling the module!
[INFO] Compiling 44 source files to /tmp/Ex2Amplifier-experiments/dataset/may-2018/protostuff/185_modified/protostuff-runtime/target/test-classes
[WARNING] /tmp/Ex2Amplifier-experiments/dataset/may-2018/protostuff/185_modified/protostuff-runtime/src/test/java/io/protostuff/runtime/AnnotatedFieldsTest.java: Some input files use or override a deprecated API.
[WARNING] /tmp/Ex2Amplifier-experiments/dataset/may-2018/protostuff/185_modified/protostuff-runtime/src/test/java/io/protostuff/runtime/AnnotatedFieldsTest.java: Recompile with -Xlint:deprecation for details.
[WARNING] /tmp/Ex2Amplifier-experiments/dataset/may-2018/protostuff/185_modified/protostuff-runtime/src/test/java/io/protostuff/runtime/AbstractRuntimeObjectSchemaTest.java: Some input files use unchecked or unsafe operations.
[WARNING] /tmp/Ex2Amplifier-experiments/dataset/may-2018/protostuff/185_modified/protostuff-runtime/src/test/java/io/protostuff/runtime/AbstractRuntimeObjectSchemaTest.java: Recompile with -Xlint:unchecked for details.
[INFO] 
[INFO] --- maven-surefire-plugin:2.18.1:test (default-test) @ protostuff-runtime ---
[INFO] Tests are skipped.
[INFO] 
[INFO] --- maven-dependency-plugin:2.8:build-classpath (default-cli) @ protostuff-runtime ---
[INFO] Wrote classpath file '/tmp/Ex2Amplifier-experiments/dataset/may-2018/protostuff/185_modified/protostuff-runtime/target/dspot/classpath'.
[INFO] ------------------------------------------------------------------------
[INFO] BUILD SUCCESS
[INFO] ------------------------------------------------------------------------
[INFO] Total time: 6.572 s
[INFO] Finished at: 2018-05-21T17:25:53+02:00
[INFO] Final Memory: 26M/318M
[INFO] ------------------------------------------------------------------------
[22016] INFO SelectorOnDiff - Selecting according to a diff between dataset/may-2018/protostuff/185/protostuff-runtime and dataset/may-2018/protostuff/185_modified/protostuff-runtime (9ff43b421d970e3b0ab8fa4ac7c9b2e7566a1aa7)
[22023] INFO SelectorOnDiff - Modified files:
a/protostuff-runtime/src/main/java/io/protostuff/runtime/IdStrategy.java
a/protostuff-runtime/src/main/java/io/protostuff/runtime/DefaultIdStrategy.java
[95421] INFO Amplification - amplification of io.protostuff.runtime.DefaultIdStrategyTest (1 test(s))
[95585] INFO EntryPoint - Run: java -cp /tmp/Ex2Amplifier-experiments/dataset/may-2018/protostuff/185/protostuff-runtime/target/test-classes:/tmp/Ex2Amplifier-experiments/dataset/may-2018/protostuff/185/protostuff-runtime/target/classes:/home/spirals/danglot/.m2/repository/junit/junit/4.11/junit-4.11.jar:/home/spirals/danglot/.m2/repository/org/hamcrest/hamcrest-core/1.3/hamcrest-core-1.3.jar:/home/spirals/danglot/.m2/repository/org/mockito/mockito-core/1.10.8/mockito-core-1.10.8.jar:/home/spirals/danglot/.m2/repository/org/objenesis/objenesis/2.1/objenesis-2.1.jar:/home/spirals/danglot/.m2/repository/io/protostuff/protostuff-core/1.4.3-SNAPSHOT/protostuff-core-1.4.3-SNAPSHOT.jar:/home/spirals/danglot/.m2/repository/io/protostuff/protostuff-core/1.4.3-SNAPSHOT/protostuff-core-1.4.3-SNAPSHOT-tests.jar:/home/spirals/danglot/.m2/repository/io/protostuff/protostuff-api/1.4.3-SNAPSHOT/protostuff-api-1.4.3-SNAPSHOT.jar:/home/spirals/danglot/.m2/repository/io/protostuff/protostuff-collectionschema/1.4.3-SNAPSHOT/protostuff-collectionschema-1.4.3-SNAPSHOT.jar:/tmp/Ex2Amplifier-experiments/target/dspot/dependencies:/home/spirals/danglot/.m2/repository/eu/stamp-project/test-runner/1.0.8/test-runner-1.0.8-jar-with-dependencies.jar eu.stamp_project.testrunner.runner.test.TestRunner io.protostuff.runtime.DefaultIdStrategyTest privateConstructors
File saved to the following path: /tmp/Ex2Amplifier-experiments/dataset/may-2018/protostuff/185/protostuff-runtime/target/dspot/TestListener.ser
[96121] INFO EntryPoint - Test has been run: privateConstructors
[96121] INFO Amplification - Try to add assertions before amplification
[96131] INFO AssertGenerator - Run tests. (1)
[96191] INFO EntryPoint - Run: java -cp /tmp/Ex2Amplifier-experiments/dataset/may-2018/protostuff/185/protostuff-runtime/target/test-classes:/tmp/Ex2Amplifier-experiments/dataset/may-2018/protostuff/185/protostuff-runtime/target/classes:/home/spirals/danglot/.m2/repository/junit/junit/4.11/junit-4.11.jar:/home/spirals/danglot/.m2/repository/org/hamcrest/hamcrest-core/1.3/hamcrest-core-1.3.jar:/home/spirals/danglot/.m2/repository/org/mockito/mockito-core/1.10.8/mockito-core-1.10.8.jar:/home/spirals/danglot/.m2/repository/org/objenesis/objenesis/2.1/objenesis-2.1.jar:/home/spirals/danglot/.m2/repository/io/protostuff/protostuff-core/1.4.3-SNAPSHOT/protostuff-core-1.4.3-SNAPSHOT.jar:/home/spirals/danglot/.m2/repository/io/protostuff/protostuff-core/1.4.3-SNAPSHOT/protostuff-core-1.4.3-SNAPSHOT-tests.jar:/home/spirals/danglot/.m2/repository/io/protostuff/protostuff-api/1.4.3-SNAPSHOT/protostuff-api-1.4.3-SNAPSHOT.jar:/home/spirals/danglot/.m2/repository/io/protostuff/protostuff-collectionschema/1.4.3-SNAPSHOT/protostuff-collectionschema-1.4.3-SNAPSHOT.jar:/tmp/Ex2Amplifier-experiments/target/dspot/dependencies:/home/spirals/danglot/.m2/repository/eu/stamp-project/test-runner/1.0.8/test-runner-1.0.8-jar-with-dependencies.jar eu.stamp_project.testrunner.runner.test.TestRunner io.protostuff.runtime.DefaultIdStrategyTest privateConstructors
File saved to the following path: /tmp/Ex2Amplifier-experiments/dataset/may-2018/protostuff/185/protostuff-runtime/target/dspot/TestListener.ser
[96735] INFO EntryPoint - Test has been run: privateConstructors
[96736] INFO AssertGenerator - 1 test pass, generating assertion...
[96737] INFO MethodsAssertGenerator - Add observations points in passing tests.
[96737] INFO MethodsAssertGenerator - Instrumentation...
100% |================================================== ]/
[96750] INFO MethodsAssertGenerator - Run instrumented tests. (3)
[96829] INFO EntryPoint - Run: java -cp /tmp/Ex2Amplifier-experiments/dataset/may-2018/protostuff/185/protostuff-runtime/target/test-classes:/tmp/Ex2Amplifier-experiments/dataset/may-2018/protostuff/185/protostuff-runtime/target/classes:/home/spirals/danglot/.m2/repository/junit/junit/4.11/junit-4.11.jar:/home/spirals/danglot/.m2/repository/org/hamcrest/hamcrest-core/1.3/hamcrest-core-1.3.jar:/home/spirals/danglot/.m2/repository/org/mockito/mockito-core/1.10.8/mockito-core-1.10.8.jar:/home/spirals/danglot/.m2/repository/org/objenesis/objenesis/2.1/objenesis-2.1.jar:/home/spirals/danglot/.m2/repository/io/protostuff/protostuff-core/1.4.3-SNAPSHOT/protostuff-core-1.4.3-SNAPSHOT.jar:/home/spirals/danglot/.m2/repository/io/protostuff/protostuff-core/1.4.3-SNAPSHOT/protostuff-core-1.4.3-SNAPSHOT-tests.jar:/home/spirals/danglot/.m2/repository/io/protostuff/protostuff-api/1.4.3-SNAPSHOT/protostuff-api-1.4.3-SNAPSHOT.jar:/home/spirals/danglot/.m2/repository/io/protostuff/protostuff-collectionschema/1.4.3-SNAPSHOT/protostuff-collectionschema-1.4.3-SNAPSHOT.jar:/tmp/Ex2Amplifier-experiments/target/dspot/dependencies:/home/spirals/danglot/.m2/repository/eu/stamp-project/test-runner/1.0.8/test-runner-1.0.8-jar-with-dependencies.jar eu.stamp_project.testrunner.runner.test.TestRunner io.protostuff.runtime.DefaultIdStrategyTest privateConstructors_withlog0:privateConstructors_withlog1:privateConstructors_withlog2
File saved to the following path: /tmp/Ex2Amplifier-experiments/dataset/may-2018/protostuff/185/protostuff-runtime/target/dspot/observations.ser
File saved to the following path: /tmp/Ex2Amplifier-experiments/dataset/may-2018/protostuff/185/protostuff-runtime/target/dspot/TestListener.ser
[97396] INFO EntryPoint - Test has been run: privateConstructors_withlog0,privateConstructors_withlog1,privateConstructors_withlog2
[97397] INFO MethodsAssertGenerator - Generating assertions...
[97400] INFO AssertGenerator - Could not generate any test with assertions
[97400] INFO Amplification - 0 amplified test(s) has been selected, global: 0
[97400] INFO DSpot - elapsedTime 1980
======= REPORT =======
0 amplified test fails on the new versions.

[97410] INFO DSpot - Print AmplDefaultIdStrategyTest with 0?amplified test cases in results/may-2018/protostuff/185/A_ampl
SLF4J: Class path contains multiple SLF4J bindings.
SLF4J: Found binding in [jar:file:/home/spirals/danglot/.m2/repository/eu/stamp-project/test-runner/1.0.8/test-runner-1.0.8-jar-with-dependencies.jar!/org/slf4j/impl/StaticLoggerBinder.class]
SLF4J: Found binding in [jar:file:/home/spirals/danglot/.m2/repository/org/slf4j/slf4j-log4j12/1.7.25/slf4j-log4j12-1.7.25.jar!/org/slf4j/impl/StaticLoggerBinder.class]
SLF4J: See http://www.slf4j.org/codes.html#multiple_bindings for an explanation.
SLF4J: Actual binding is of type [org.slf4j.impl.Log4jLoggerFactory]
[0] WARN AutomaticBuilderFactory - No automatic builder specified in configuration, going to default.
[0] INFO AutomaticBuilderFactory - Default: provided Maven automatic builder.
[8] INFO MavenAutomaticBuilder - run maven clean test -DskipTests dependency:build-classpath -Dmdep.outputFile=target/dspot/classpath
[WARN] Maven will be executed in interactive mode, but no input stream has been configured for this MavenInvoker instance.
[INFO] Scanning for projects...
[INFO]                                                                         
[INFO] ------------------------------------------------------------------------
[INFO] Building protostuff :: runtime 1.4.3-SNAPSHOT
[INFO] ------------------------------------------------------------------------
[INFO] 
[INFO] --- maven-clean-plugin:2.5:clean (default-clean) @ protostuff-runtime ---
[INFO] Deleting /tmp/Ex2Amplifier-experiments/dataset/may-2018/protostuff/185/protostuff-runtime/target
[INFO] 
[INFO] --- maven-enforcer-plugin:1.3.1:enforce (enforce-versions) @ protostuff-runtime ---
[INFO] Skipping Rule Enforcement.
[INFO] 
[INFO] --- maven-resources-plugin:2.6:resources (default-resources) @ protostuff-runtime ---
[INFO] Using 'UTF-8' encoding to copy filtered resources.
[INFO] skip non existing resourceDirectory /tmp/Ex2Amplifier-experiments/dataset/may-2018/protostuff/185/protostuff-runtime/src/main/resources
[INFO] 
[INFO] --- maven-compiler-plugin:3.1:compile (default-compile) @ protostuff-runtime ---
[INFO] Changes detected - recompiling the module!
[INFO] Compiling 40 source files to /tmp/Ex2Amplifier-experiments/dataset/may-2018/protostuff/185/protostuff-runtime/target/classes
[WARNING] /tmp/Ex2Amplifier-experiments/dataset/may-2018/protostuff/185/protostuff-runtime/src/main/java/io/protostuff/runtime/RuntimeUnsafeFieldFactory.java:[60,34] sun.misc.Unsafe is internal proprietary API and may be removed in a future release
[WARNING] /tmp/Ex2Amplifier-experiments/dataset/may-2018/protostuff/185/protostuff-runtime/src/main/java/io/protostuff/runtime/RuntimeUnsafeFieldFactory.java:[62,28] sun.misc.Unsafe is internal proprietary API and may be removed in a future release
[WARNING] /tmp/Ex2Amplifier-experiments/dataset/may-2018/protostuff/185/protostuff-runtime/src/main/java/io/protostuff/runtime/RuntimeUnsafeFieldFactory.java:[66,49] sun.misc.Unsafe is internal proprietary API and may be removed in a future release
[WARNING] /tmp/Ex2Amplifier-experiments/dataset/may-2018/protostuff/185/protostuff-runtime/src/main/java/io/protostuff/runtime/RuntimeUnsafeFieldFactory.java:[71,29] sun.misc.Unsafe is internal proprietary API and may be removed in a future release
[WARNING] /tmp/Ex2Amplifier-experiments/dataset/may-2018/protostuff/185/protostuff-runtime/src/main/java/io/protostuff/runtime/RuntimeUnsafeFieldFactory.java:[86,24] sun.misc.Unsafe is internal proprietary API and may be removed in a future release
[WARNING] /tmp/Ex2Amplifier-experiments/dataset/may-2018/protostuff/185/protostuff-runtime/src/main/java/io/protostuff/runtime/OnDemandSunReflectionFactory.java:[40,44] sun.reflect.ReflectionFactory is internal proprietary API and may be removed in a future release
[INFO] 
[INFO] --- maven-resources-plugin:2.6:testResources (default-testResources) @ protostuff-runtime ---
[INFO] Using 'UTF-8' encoding to copy filtered resources.
[INFO] skip non existing resourceDirectory /tmp/Ex2Amplifier-experiments/dataset/may-2018/protostuff/185/protostuff-runtime/src/test/resources
[INFO] 
[INFO] --- maven-compiler-plugin:3.1:testCompile (default-testCompile) @ protostuff-runtime ---
[INFO] Changes detected - recompiling the module!
[INFO] Compiling 44 source files to /tmp/Ex2Amplifier-experiments/dataset/may-2018/protostuff/185/protostuff-runtime/target/test-classes
[WARNING] /tmp/Ex2Amplifier-experiments/dataset/may-2018/protostuff/185/protostuff-runtime/src/test/java/io/protostuff/runtime/AnnotatedFieldsTest.java: Some input files use or override a deprecated API.
[WARNING] /tmp/Ex2Amplifier-experiments/dataset/may-2018/protostuff/185/protostuff-runtime/src/test/java/io/protostuff/runtime/AnnotatedFieldsTest.java: Recompile with -Xlint:deprecation for details.
[WARNING] /tmp/Ex2Amplifier-experiments/dataset/may-2018/protostuff/185/protostuff-runtime/src/test/java/io/protostuff/runtime/ObjectSchemaTest.java: Some input files use unchecked or unsafe operations.
[WARNING] /tmp/Ex2Amplifier-experiments/dataset/may-2018/protostuff/185/protostuff-runtime/src/test/java/io/protostuff/runtime/ObjectSchemaTest.java: Recompile with -Xlint:unchecked for details.
[INFO] 
[INFO] --- maven-surefire-plugin:2.18.1:test (default-test) @ protostuff-runtime ---
[INFO] Tests are skipped.
[INFO] 
[INFO] --- maven-dependency-plugin:2.8:build-classpath (default-cli) @ protostuff-runtime ---
[INFO] Wrote classpath file '/tmp/Ex2Amplifier-experiments/dataset/may-2018/protostuff/185/protostuff-runtime/target/dspot/classpath'.
[INFO] ------------------------------------------------------------------------
[INFO] BUILD SUCCESS
[INFO] ------------------------------------------------------------------------
[INFO] Total time: 6.483 s
[INFO] Finished at: 2018-05-21T20:11:04+02:00
[INFO] Final Memory: 26M/307M
[INFO] ------------------------------------------------------------------------
[13303] WARN AutomaticBuilderFactory - No automatic builder specified in configuration, going to default.
[13303] INFO AutomaticBuilderFactory - Default: provided Maven automatic builder.
[13303] INFO MavenAutomaticBuilder - run maven clean test -DskipTests dependency:build-classpath -Dmdep.outputFile=target/dspot/classpath
[WARN] Maven will be executed in interactive mode, but no input stream has been configured for this MavenInvoker instance.
[INFO] Scanning for projects...
[INFO]                                                                         
[INFO] ------------------------------------------------------------------------
[INFO] Building protostuff :: runtime 1.4.3-SNAPSHOT
[INFO] ------------------------------------------------------------------------
[INFO] 
[INFO] --- maven-clean-plugin:2.5:clean (default-clean) @ protostuff-runtime ---
[INFO] Deleting /tmp/Ex2Amplifier-experiments/dataset/may-2018/protostuff/185_modified/protostuff-runtime/target
[INFO] 
[INFO] --- maven-enforcer-plugin:1.3.1:enforce (enforce-versions) @ protostuff-runtime ---
[INFO] Skipping Rule Enforcement.
[INFO] 
[INFO] --- maven-resources-plugin:2.6:resources (default-resources) @ protostuff-runtime ---
[INFO] Using 'UTF-8' encoding to copy filtered resources.
[INFO] skip non existing resourceDirectory /tmp/Ex2Amplifier-experiments/dataset/may-2018/protostuff/185_modified/protostuff-runtime/src/main/resources
[INFO] 
[INFO] --- maven-compiler-plugin:3.1:compile (default-compile) @ protostuff-runtime ---
[INFO] Changes detected - recompiling the module!
[INFO] Compiling 40 source files to /tmp/Ex2Amplifier-experiments/dataset/may-2018/protostuff/185_modified/protostuff-runtime/target/classes
[WARNING] /tmp/Ex2Amplifier-experiments/dataset/may-2018/protostuff/185_modified/protostuff-runtime/src/main/java/io/protostuff/runtime/RuntimeUnsafeFieldFactory.java:[60,34] sun.misc.Unsafe is internal proprietary API and may be removed in a future release
[WARNING] /tmp/Ex2Amplifier-experiments/dataset/may-2018/protostuff/185_modified/protostuff-runtime/src/main/java/io/protostuff/runtime/RuntimeUnsafeFieldFactory.java:[62,28] sun.misc.Unsafe is internal proprietary API and may be removed in a future release
[WARNING] /tmp/Ex2Amplifier-experiments/dataset/may-2018/protostuff/185_modified/protostuff-runtime/src/main/java/io/protostuff/runtime/RuntimeUnsafeFieldFactory.java:[66,49] sun.misc.Unsafe is internal proprietary API and may be removed in a future release
[WARNING] /tmp/Ex2Amplifier-experiments/dataset/may-2018/protostuff/185_modified/protostuff-runtime/src/main/java/io/protostuff/runtime/RuntimeUnsafeFieldFactory.java:[71,29] sun.misc.Unsafe is internal proprietary API and may be removed in a future release
[WARNING] /tmp/Ex2Amplifier-experiments/dataset/may-2018/protostuff/185_modified/protostuff-runtime/src/main/java/io/protostuff/runtime/RuntimeUnsafeFieldFactory.java:[86,24] sun.misc.Unsafe is internal proprietary API and may be removed in a future release
[WARNING] /tmp/Ex2Amplifier-experiments/dataset/may-2018/protostuff/185_modified/protostuff-runtime/src/main/java/io/protostuff/runtime/OnDemandSunReflectionFactory.java:[40,44] sun.reflect.ReflectionFactory is internal proprietary API and may be removed in a future release
[INFO] 
[INFO] --- maven-resources-plugin:2.6:testResources (default-testResources) @ protostuff-runtime ---
[INFO] Using 'UTF-8' encoding to copy filtered resources.
[INFO] skip non existing resourceDirectory /tmp/Ex2Amplifier-experiments/dataset/may-2018/protostuff/185_modified/protostuff-runtime/src/test/resources
[INFO] 
[INFO] --- maven-compiler-plugin:3.1:testCompile (default-testCompile) @ protostuff-runtime ---
[INFO] Changes detected - recompiling the module!
[INFO] Compiling 44 source files to /tmp/Ex2Amplifier-experiments/dataset/may-2018/protostuff/185_modified/protostuff-runtime/target/test-classes
[WARNING] /tmp/Ex2Amplifier-experiments/dataset/may-2018/protostuff/185_modified/protostuff-runtime/src/test/java/io/protostuff/runtime/AnnotatedFieldsTest.java: Some input files use or override a deprecated API.
[WARNING] /tmp/Ex2Amplifier-experiments/dataset/may-2018/protostuff/185_modified/protostuff-runtime/src/test/java/io/protostuff/runtime/AnnotatedFieldsTest.java: Recompile with -Xlint:deprecation for details.
[WARNING] /tmp/Ex2Amplifier-experiments/dataset/may-2018/protostuff/185_modified/protostuff-runtime/src/test/java/io/protostuff/runtime/AbstractRuntimeObjectSchemaTest.java: Some input files use unchecked or unsafe operations.
[WARNING] /tmp/Ex2Amplifier-experiments/dataset/may-2018/protostuff/185_modified/protostuff-runtime/src/test/java/io/protostuff/runtime/AbstractRuntimeObjectSchemaTest.java: Recompile with -Xlint:unchecked for details.
[INFO] 
[INFO] --- maven-surefire-plugin:2.18.1:test (default-test) @ protostuff-runtime ---
[INFO] Tests are skipped.
[INFO] 
[INFO] --- maven-dependency-plugin:2.8:build-classpath (default-cli) @ protostuff-runtime ---
[INFO] Wrote classpath file '/tmp/Ex2Amplifier-experiments/dataset/may-2018/protostuff/185_modified/protostuff-runtime/target/dspot/classpath'.
[INFO] ------------------------------------------------------------------------
[INFO] BUILD SUCCESS
[INFO] ------------------------------------------------------------------------
[INFO] Total time: 6.640 s
[INFO] Finished at: 2018-05-21T20:11:17+02:00
[INFO] Final Memory: 27M/312M
[INFO] ------------------------------------------------------------------------
[21586] INFO SelectorOnDiff - Selecting according to a diff between dataset/may-2018/protostuff/185/protostuff-runtime and dataset/may-2018/protostuff/185_modified/protostuff-runtime (9ff43b421d970e3b0ab8fa4ac7c9b2e7566a1aa7)
[21593] INFO SelectorOnDiff - Modified files:
a/protostuff-runtime/src/main/java/io/protostuff/runtime/IdStrategy.java
a/protostuff-runtime/src/main/java/io/protostuff/runtime/DefaultIdStrategy.java
[96929] INFO Amplification - amplification of io.protostuff.runtime.DefaultIdStrategyTest (1 test(s))
[97086] INFO EntryPoint - Run: java -cp /tmp/Ex2Amplifier-experiments/dataset/may-2018/protostuff/185/protostuff-runtime/target/test-classes:/tmp/Ex2Amplifier-experiments/dataset/may-2018/protostuff/185/protostuff-runtime/target/classes:/home/spirals/danglot/.m2/repository/junit/junit/4.11/junit-4.11.jar:/home/spirals/danglot/.m2/repository/org/hamcrest/hamcrest-core/1.3/hamcrest-core-1.3.jar:/home/spirals/danglot/.m2/repository/org/mockito/mockito-core/1.10.8/mockito-core-1.10.8.jar:/home/spirals/danglot/.m2/repository/org/objenesis/objenesis/2.1/objenesis-2.1.jar:/home/spirals/danglot/.m2/repository/io/protostuff/protostuff-core/1.4.3-SNAPSHOT/protostuff-core-1.4.3-SNAPSHOT.jar:/home/spirals/danglot/.m2/repository/io/protostuff/protostuff-core/1.4.3-SNAPSHOT/protostuff-core-1.4.3-SNAPSHOT-tests.jar:/home/spirals/danglot/.m2/repository/io/protostuff/protostuff-api/1.4.3-SNAPSHOT/protostuff-api-1.4.3-SNAPSHOT.jar:/home/spirals/danglot/.m2/repository/io/protostuff/protostuff-collectionschema/1.4.3-SNAPSHOT/protostuff-collectionschema-1.4.3-SNAPSHOT.jar:/tmp/Ex2Amplifier-experiments/target/dspot/dependencies:/home/spirals/danglot/.m2/repository/eu/stamp-project/test-runner/1.0.8/test-runner-1.0.8-jar-with-dependencies.jar eu.stamp_project.testrunner.runner.test.TestRunner io.protostuff.runtime.DefaultIdStrategyTest privateConstructors
File saved to the following path: /tmp/Ex2Amplifier-experiments/dataset/may-2018/protostuff/185/protostuff-runtime/target/dspot/TestListener.ser
[97689] INFO EntryPoint - Test has been run: privateConstructors
[97689] INFO Amplification - Try to add assertions before amplification
[97706] INFO AssertGenerator - Run tests. (1)
[97783] INFO EntryPoint - Run: java -cp /tmp/Ex2Amplifier-experiments/dataset/may-2018/protostuff/185/protostuff-runtime/target/test-classes:/tmp/Ex2Amplifier-experiments/dataset/may-2018/protostuff/185/protostuff-runtime/target/classes:/home/spirals/danglot/.m2/repository/junit/junit/4.11/junit-4.11.jar:/home/spirals/danglot/.m2/repository/org/hamcrest/hamcrest-core/1.3/hamcrest-core-1.3.jar:/home/spirals/danglot/.m2/repository/org/mockito/mockito-core/1.10.8/mockito-core-1.10.8.jar:/home/spirals/danglot/.m2/repository/org/objenesis/objenesis/2.1/objenesis-2.1.jar:/home/spirals/danglot/.m2/repository/io/protostuff/protostuff-core/1.4.3-SNAPSHOT/protostuff-core-1.4.3-SNAPSHOT.jar:/home/spirals/danglot/.m2/repository/io/protostuff/protostuff-core/1.4.3-SNAPSHOT/protostuff-core-1.4.3-SNAPSHOT-tests.jar:/home/spirals/danglot/.m2/repository/io/protostuff/protostuff-api/1.4.3-SNAPSHOT/protostuff-api-1.4.3-SNAPSHOT.jar:/home/spirals/danglot/.m2/repository/io/protostuff/protostuff-collectionschema/1.4.3-SNAPSHOT/protostuff-collectionschema-1.4.3-SNAPSHOT.jar:/tmp/Ex2Amplifier-experiments/target/dspot/dependencies:/home/spirals/danglot/.m2/repository/eu/stamp-project/test-runner/1.0.8/test-runner-1.0.8-jar-with-dependencies.jar eu.stamp_project.testrunner.runner.test.TestRunner io.protostuff.runtime.DefaultIdStrategyTest privateConstructors
File saved to the following path: /tmp/Ex2Amplifier-experiments/dataset/may-2018/protostuff/185/protostuff-runtime/target/dspot/TestListener.ser
[98321] INFO EntryPoint - Test has been run: privateConstructors
[98322] INFO AssertGenerator - 1 test pass, generating assertion...
[98323] INFO MethodsAssertGenerator - Add observations points in passing tests.
[98323] INFO MethodsAssertGenerator - Instrumentation...
100% |================================================== ]/
[98337] INFO MethodsAssertGenerator - Run instrumented tests. (3)
[98418] INFO EntryPoint - Run: java -cp /tmp/Ex2Amplifier-experiments/dataset/may-2018/protostuff/185/protostuff-runtime/target/test-classes:/tmp/Ex2Amplifier-experiments/dataset/may-2018/protostuff/185/protostuff-runtime/target/classes:/home/spirals/danglot/.m2/repository/junit/junit/4.11/junit-4.11.jar:/home/spirals/danglot/.m2/repository/org/hamcrest/hamcrest-core/1.3/hamcrest-core-1.3.jar:/home/spirals/danglot/.m2/repository/org/mockito/mockito-core/1.10.8/mockito-core-1.10.8.jar:/home/spirals/danglot/.m2/repository/org/objenesis/objenesis/2.1/objenesis-2.1.jar:/home/spirals/danglot/.m2/repository/io/protostuff/protostuff-core/1.4.3-SNAPSHOT/protostuff-core-1.4.3-SNAPSHOT.jar:/home/spirals/danglot/.m2/repository/io/protostuff/protostuff-core/1.4.3-SNAPSHOT/protostuff-core-1.4.3-SNAPSHOT-tests.jar:/home/spirals/danglot/.m2/repository/io/protostuff/protostuff-api/1.4.3-SNAPSHOT/protostuff-api-1.4.3-SNAPSHOT.jar:/home/spirals/danglot/.m2/repository/io/protostuff/protostuff-collectionschema/1.4.3-SNAPSHOT/protostuff-collectionschema-1.4.3-SNAPSHOT.jar:/tmp/Ex2Amplifier-experiments/target/dspot/dependencies:/home/spirals/danglot/.m2/repository/eu/stamp-project/test-runner/1.0.8/test-runner-1.0.8-jar-with-dependencies.jar eu.stamp_project.testrunner.runner.test.TestRunner io.protostuff.runtime.DefaultIdStrategyTest privateConstructors_withlog0:privateConstructors_withlog1:privateConstructors_withlog2
File saved to the following path: /tmp/Ex2Amplifier-experiments/dataset/may-2018/protostuff/185/protostuff-runtime/target/dspot/observations.ser
File saved to the following path: /tmp/Ex2Amplifier-experiments/dataset/may-2018/protostuff/185/protostuff-runtime/target/dspot/TestListener.ser
[99046] INFO EntryPoint - Test has been run: privateConstructors_withlog0,privateConstructors_withlog1,privateConstructors_withlog2
[99048] INFO MethodsAssertGenerator - Generating assertions...
[99051] INFO AssertGenerator - Could not generate any test with assertions
[99051] INFO Amplification - 0 amplified test(s) has been selected, global: 0
[99051] INFO DSpot - elapsedTime 2123
======= REPORT =======
0 amplified test fails on the new versions.

[99062] INFO DSpot - Print AmplDefaultIdStrategyTest with 0?amplified test cases in results/may-2018/protostuff/185/A_ampl
