SLF4J: Class path contains multiple SLF4J bindings.
SLF4J: Found binding in [jar:file:/home/spirals/danglot/.m2/repository/eu/stamp-project/test-runner/1.0.8/test-runner-1.0.8-jar-with-dependencies.jar!/org/slf4j/impl/StaticLoggerBinder.class]
SLF4J: Found binding in [jar:file:/home/spirals/danglot/.m2/repository/org/slf4j/slf4j-log4j12/1.7.25/slf4j-log4j12-1.7.25.jar!/org/slf4j/impl/StaticLoggerBinder.class]
SLF4J: See http://www.slf4j.org/codes.html#multiple_bindings for an explanation.
SLF4J: Actual binding is of type [org.slf4j.impl.Log4jLoggerFactory]
[0] WARN AutomaticBuilderFactory - No automatic builder specified in configuration, going to default.
[1] INFO AutomaticBuilderFactory - Default: provided Maven automatic builder.
[11] INFO MavenAutomaticBuilder - run maven clean test -DskipTests dependency:build-classpath -Dmdep.outputFile=target/dspot/classpath
[WARN] Maven will be executed in interactive mode, but no input stream has been configured for this MavenInvoker instance.
[INFO] Scanning for projects...
[INFO]                                                                         
[INFO] ------------------------------------------------------------------------
[INFO] Building protostuff :: parser 1.3.4-SNAPSHOT
[INFO] ------------------------------------------------------------------------
[INFO] 
[INFO] --- maven-clean-plugin:2.5:clean (default-clean) @ protostuff-parser ---
[INFO] Deleting /tmp/Ex2Amplifier-experiments/dataset/may-2018/protostuff/119/protostuff-parser/target
[INFO] 
[INFO] --- maven-enforcer-plugin:1.3.1:enforce (enforce-versions) @ protostuff-parser ---
[INFO] Skipping Rule Enforcement.
[INFO] 
[INFO] --- antlr3-maven-plugin:3.2:antlr (default) @ protostuff-parser ---
[INFO] ANTLR: Processing source directory /tmp/Ex2Amplifier-experiments/dataset/may-2018/protostuff/119/protostuff-parser/src/main/antlr3
ANTLR Parser Generator  Version 3.2 Sep 23, 2009 14:05:07
Grammar /tmp/Ex2Amplifier-experiments/dataset/may-2018/protostuff/119/protostuff-parser/src/main/antlr3/io/protostuff/parser/ProtoLexer.g is up to date - build skipped
Grammar /tmp/Ex2Amplifier-experiments/dataset/may-2018/protostuff/119/protostuff-parser/src/main/antlr3/io/protostuff/parser/ProtoParser.g is up to date - build skipped
[INFO] 
[INFO] --- maven-resources-plugin:2.6:resources (default-resources) @ protostuff-parser ---
[INFO] Using 'UTF-8' encoding to copy filtered resources.
[INFO] skip non existing resourceDirectory /tmp/Ex2Amplifier-experiments/dataset/may-2018/protostuff/119/protostuff-parser/src/main/resources
[INFO] 
[INFO] --- maven-compiler-plugin:3.1:compile (default-compile) @ protostuff-parser ---
[INFO] Changes detected - recompiling the module!
[INFO] Compiling 26 source files to /tmp/Ex2Amplifier-experiments/dataset/may-2018/protostuff/119/protostuff-parser/target/classes
[WARNING] /tmp/Ex2Amplifier-experiments/dataset/may-2018/protostuff/119/protostuff-parser/src/main/java/io/protostuff/parser/ProtoParser.java: /tmp/Ex2Amplifier-experiments/dataset/may-2018/protostuff/119/protostuff-parser/src/main/java/io/protostuff/parser/ProtoParser.java uses unchecked or unsafe operations.
[WARNING] /tmp/Ex2Amplifier-experiments/dataset/may-2018/protostuff/119/protostuff-parser/src/main/java/io/protostuff/parser/ProtoParser.java: Recompile with -Xlint:unchecked for details.
[INFO] 
[INFO] --- maven-resources-plugin:2.6:testResources (default-testResources) @ protostuff-parser ---
[INFO] Using 'UTF-8' encoding to copy filtered resources.
[INFO] Copying 20 resources
[INFO] 
[INFO] --- maven-compiler-plugin:3.1:testCompile (default-testCompile) @ protostuff-parser ---
[INFO] Changes detected - recompiling the module!
[INFO] Compiling 11 source files to /tmp/Ex2Amplifier-experiments/dataset/may-2018/protostuff/119/protostuff-parser/target/test-classes
[INFO] 
[INFO] --- maven-surefire-plugin:2.12.4:test (default-test) @ protostuff-parser ---
[INFO] Tests are skipped.
[INFO] 
[INFO] --- maven-dependency-plugin:2.8:build-classpath (default-cli) @ protostuff-parser ---
[INFO] Wrote classpath file '/tmp/Ex2Amplifier-experiments/dataset/may-2018/protostuff/119/protostuff-parser/target/dspot/classpath'.
[INFO] ------------------------------------------------------------------------
[INFO] BUILD SUCCESS
[INFO] ------------------------------------------------------------------------
[INFO] Total time: 5.260 s
[INFO] Finished at: 2018-06-05T14:22:58+02:00
[INFO] Final Memory: 29M/762M
[INFO] ------------------------------------------------------------------------
[10365] WARN AutomaticBuilderFactory - No automatic builder specified in configuration, going to default.
[10365] INFO AutomaticBuilderFactory - Default: provided Maven automatic builder.
[10366] INFO MavenAutomaticBuilder - run maven clean test -DskipTests dependency:build-classpath -Dmdep.outputFile=target/dspot/classpath
[WARN] Maven will be executed in interactive mode, but no input stream has been configured for this MavenInvoker instance.
[INFO] Scanning for projects...
[INFO]                                                                         
[INFO] ------------------------------------------------------------------------
[INFO] Building protostuff :: parser 1.3.4-SNAPSHOT
[INFO] ------------------------------------------------------------------------
[INFO] 
[INFO] --- maven-clean-plugin:2.5:clean (default-clean) @ protostuff-parser ---
[INFO] 
[INFO] --- maven-enforcer-plugin:1.3.1:enforce (enforce-versions) @ protostuff-parser ---
[INFO] Skipping Rule Enforcement.
[INFO] 
[INFO] --- antlr3-maven-plugin:3.2:antlr (default) @ protostuff-parser ---
[INFO] ANTLR: Processing source directory /tmp/Ex2Amplifier-experiments/dataset/may-2018/protostuff/119_modified/protostuff-parser/src/main/antlr3
ANTLR Parser Generator  Version 3.2 Sep 23, 2009 14:05:07
Grammar /tmp/Ex2Amplifier-experiments/dataset/may-2018/protostuff/119_modified/protostuff-parser/src/main/antlr3/io/protostuff/parser/ProtoLexer.g is up to date - build skipped
Grammar /tmp/Ex2Amplifier-experiments/dataset/may-2018/protostuff/119_modified/protostuff-parser/src/main/antlr3/io/protostuff/parser/ProtoParser.g is up to date - build skipped
[INFO] 
[INFO] --- maven-resources-plugin:2.6:resources (default-resources) @ protostuff-parser ---
[INFO] Using 'UTF-8' encoding to copy filtered resources.
[INFO] skip non existing resourceDirectory /tmp/Ex2Amplifier-experiments/dataset/may-2018/protostuff/119_modified/protostuff-parser/src/main/resources
[INFO] 
[INFO] --- maven-compiler-plugin:3.1:compile (default-compile) @ protostuff-parser ---
[INFO] Changes detected - recompiling the module!
[INFO] Compiling 26 source files to /tmp/Ex2Amplifier-experiments/dataset/may-2018/protostuff/119_modified/protostuff-parser/target/classes
[WARNING] /tmp/Ex2Amplifier-experiments/dataset/may-2018/protostuff/119_modified/protostuff-parser/src/main/java/io/protostuff/parser/ProtoParser.java: /tmp/Ex2Amplifier-experiments/dataset/may-2018/protostuff/119_modified/protostuff-parser/src/main/java/io/protostuff/parser/ProtoParser.java uses unchecked or unsafe operations.
[WARNING] /tmp/Ex2Amplifier-experiments/dataset/may-2018/protostuff/119_modified/protostuff-parser/src/main/java/io/protostuff/parser/ProtoParser.java: Recompile with -Xlint:unchecked for details.
[INFO] 
[INFO] --- maven-resources-plugin:2.6:testResources (default-testResources) @ protostuff-parser ---
[INFO] Using 'UTF-8' encoding to copy filtered resources.
[INFO] Copying 20 resources
[INFO] 
[INFO] --- maven-compiler-plugin:3.1:testCompile (default-testCompile) @ protostuff-parser ---
[INFO] Changes detected - recompiling the module!
[INFO] Compiling 11 source files to /tmp/Ex2Amplifier-experiments/dataset/may-2018/protostuff/119_modified/protostuff-parser/target/test-classes
[INFO] 
[INFO] --- maven-surefire-plugin:2.12.4:test (default-test) @ protostuff-parser ---
[INFO] Tests are skipped.
[INFO] 
[INFO] --- maven-dependency-plugin:2.8:build-classpath (default-cli) @ protostuff-parser ---
[INFO] Wrote classpath file '/tmp/Ex2Amplifier-experiments/dataset/may-2018/protostuff/119_modified/protostuff-parser/target/dspot/classpath'.
[INFO] ------------------------------------------------------------------------
[INFO] BUILD SUCCESS
[INFO] ------------------------------------------------------------------------
[INFO] Total time: 4.968 s
[INFO] Finished at: 2018-06-05T14:23:08+02:00
[INFO] Final Memory: 29M/754M
[INFO] ------------------------------------------------------------------------
[17106] INFO SelectorOnDiff - Selecting according to a diff between dataset/may-2018/protostuff/119/protostuff-parser and dataset/may-2018/protostuff/119_modified/protostuff-parser (c0ac15ea8b19534ee4dc65c77f2204fdea9a2af4)
[17280] INFO SelectorOnDiff - Modified files:
a/protostuff-parser/src/main/java/io/protostuff/parser/AnnotationContainer.java
a/protostuff-parser/src/main/java/io/protostuff/parser/Proto.java
a/protostuff-parser/src/main/java/io/protostuff/parser/ProtoParser.java
a/protostuff-parser/src/main/java/io/protostuff/parser/ProtoLexer.java
a/protostuff-parser/src/test/java/io/protostuff/parser/AnnotationTest.java
a/protostuff-parser/src/main/java/io/protostuff/parser/Message.java
[19416] INFO Amplification - amplification of io.protostuff.parser.ProtoParserTest (4 test(s))
[19834] INFO EntryPoint - Run: java -cp /tmp/Ex2Amplifier-experiments/dataset/may-2018/protostuff/119/protostuff-parser/target/test-classes:/tmp/Ex2Amplifier-experiments/dataset/may-2018/protostuff/119/protostuff-parser/target/classes:/home/spirals/danglot/.m2/repository/junit/junit/4.11/junit-4.11.jar:/home/spirals/danglot/.m2/repository/org/hamcrest/hamcrest-core/1.3/hamcrest-core-1.3.jar:/home/spirals/danglot/.m2/repository/org/antlr/antlr-runtime/3.2/antlr-runtime-3.2.jar:/home/spirals/danglot/.m2/repository/org/antlr/stringtemplate/3.2.1/stringtemplate-3.2.1.jar:/home/spirals/danglot/.m2/repository/antlr/antlr/2.7.7/antlr-2.7.7.jar:/tmp/Ex2Amplifier-experiments/target/dspot/dependencies:/home/spirals/danglot/.m2/repository/eu/stamp-project/test-runner/1.0.8/test-runner-1.0.8-jar-with-dependencies.jar eu.stamp_project.testrunner.runner.test.TestRunner io.protostuff.parser.ProtoParserTest testDescriptorProto:testSimple:testEnumWithTrailingSemicolon:testImport
File saved to the following path: /tmp/Ex2Amplifier-experiments/dataset/may-2018/protostuff/119/protostuff-parser/target/dspot/TestListener.ser
'group' not supported @ line 19 of enum_with_semicolon.proto
'group' not supported @ line 85 of unittest.proto
'group' not supported @ line 117 of unittest.proto
'group' not supported @ line 196 of unittest.proto
'group' not supported @ line 230 of unittest.proto
'group' not supported @ line 390 of unittest.proto
'group' not supported @ line 391 of unittest.proto
[20399] INFO EntryPoint - Test has been run: testEnumWithTrailingSemicolon,testImport,testSimple,testDescriptorProto
[20399] INFO Amplification - Try to add assertions before amplification
[21126] INFO AssertGenerator - Run tests. (4)
[21371] INFO EntryPoint - Run: java -cp /tmp/Ex2Amplifier-experiments/dataset/may-2018/protostuff/119/protostuff-parser/target/test-classes:/tmp/Ex2Amplifier-experiments/dataset/may-2018/protostuff/119/protostuff-parser/target/classes:/home/spirals/danglot/.m2/repository/junit/junit/4.11/junit-4.11.jar:/home/spirals/danglot/.m2/repository/org/hamcrest/hamcrest-core/1.3/hamcrest-core-1.3.jar:/home/spirals/danglot/.m2/repository/org/antlr/antlr-runtime/3.2/antlr-runtime-3.2.jar:/home/spirals/danglot/.m2/repository/org/antlr/stringtemplate/3.2.1/stringtemplate-3.2.1.jar:/home/spirals/danglot/.m2/repository/antlr/antlr/2.7.7/antlr-2.7.7.jar:/tmp/Ex2Amplifier-experiments/target/dspot/dependencies:/home/spirals/danglot/.m2/repository/eu/stamp-project/test-runner/1.0.8/test-runner-1.0.8-jar-with-dependencies.jar eu.stamp_project.testrunner.runner.test.TestRunner io.protostuff.parser.ProtoParserTest testDescriptorProto:testSimple:testEnumWithTrailingSemicolon:testImport
File saved to the following path: /tmp/Ex2Amplifier-experiments/dataset/may-2018/protostuff/119/protostuff-parser/target/dspot/TestListener.ser
'group' not supported @ line 19 of enum_with_semicolon.proto
'group' not supported @ line 85 of unittest.proto
'group' not supported @ line 117 of unittest.proto
'group' not supported @ line 196 of unittest.proto
'group' not supported @ line 230 of unittest.proto
'group' not supported @ line 390 of unittest.proto
'group' not supported @ line 391 of unittest.proto
[21900] INFO EntryPoint - Test has been run: testEnumWithTrailingSemicolon,testImport,testSimple,testDescriptorProto
[21900] INFO AssertGenerator - 4 test pass, generating assertion...
[21908] INFO MethodsAssertGenerator - Add observations points in passing tests.
[21908] INFO MethodsAssertGenerator - Instrumentation...
 25% |============ ]/ 50% |========================= ]- 75% |===================================== ]\100% |================================================== ]|
[22014] INFO MethodsAssertGenerator - Run instrumented tests. (12)
[22725] INFO EntryPoint - Run: java -cp /tmp/Ex2Amplifier-experiments/dataset/may-2018/protostuff/119/protostuff-parser/target/test-classes:/tmp/Ex2Amplifier-experiments/dataset/may-2018/protostuff/119/protostuff-parser/target/classes:/home/spirals/danglot/.m2/repository/junit/junit/4.11/junit-4.11.jar:/home/spirals/danglot/.m2/repository/org/hamcrest/hamcrest-core/1.3/hamcrest-core-1.3.jar:/home/spirals/danglot/.m2/repository/org/antlr/antlr-runtime/3.2/antlr-runtime-3.2.jar:/home/spirals/danglot/.m2/repository/org/antlr/stringtemplate/3.2.1/stringtemplate-3.2.1.jar:/home/spirals/danglot/.m2/repository/antlr/antlr/2.7.7/antlr-2.7.7.jar:/tmp/Ex2Amplifier-experiments/target/dspot/dependencies:/home/spirals/danglot/.m2/repository/eu/stamp-project/test-runner/1.0.8/test-runner-1.0.8-jar-with-dependencies.jar eu.stamp_project.testrunner.runner.test.TestRunner io.protostuff.parser.ProtoParserTest testDescriptorProto_withlog0:testSimple_withlog0:testEnumWithTrailingSemicolon_withlog0:testImport_withlog0:testDescriptorProto_withlog1:testSimple_withlog1:testEnumWithTrailingSemicolon_withlog1:testImport_withlog1:testDescriptorProto_withlog2:testSimple_withlog2:testEnumWithTrailingSemicolon_withlog2:testImport_withlog2
File saved to the following path: /tmp/Ex2Amplifier-experiments/dataset/may-2018/protostuff/119/protostuff-parser/target/dspot/observations.ser
File saved to the following path: /tmp/Ex2Amplifier-experiments/dataset/may-2018/protostuff/119/protostuff-parser/target/dspot/TestListener.ser
'group' not supported @ line 19 of enum_with_semicolon.proto
'group' not supported @ line 19 of enum_with_semicolon.proto
'group' not supported @ line 19 of enum_with_semicolon.proto
'group' not supported @ line 85 of unittest.proto
'group' not supported @ line 117 of unittest.proto
'group' not supported @ line 196 of unittest.proto
'group' not supported @ line 230 of unittest.proto
'group' not supported @ line 390 of unittest.proto
'group' not supported @ line 391 of unittest.proto
'group' not supported @ line 85 of unittest.proto
'group' not supported @ line 117 of unittest.proto
'group' not supported @ line 196 of unittest.proto
'group' not supported @ line 230 of unittest.proto
'group' not supported @ line 390 of unittest.proto
'group' not supported @ line 391 of unittest.proto
'group' not supported @ line 85 of unittest.proto
'group' not supported @ line 117 of unittest.proto
'group' not supported @ line 196 of unittest.proto
'group' not supported @ line 230 of unittest.proto
'group' not supported @ line 390 of unittest.proto
'group' not supported @ line 391 of unittest.proto
[46995] INFO EntryPoint - Test has been run: testDescriptorProto_withlog0,testDescriptorProto_withlog1,testDescriptorProto_withlog2,testEnumWithTrailingSemicolon_withlog0,testEnumWithTrailingSemicolon_withlog1,testEnumWithTrailingSemicolon_withlog2,testImport_withlog0,testSimple_withlog0(io.protostuff.parser.ProtoParserTest): src/test/resources/TestModel.proto (No such file or directory),testSimple_withlog1(io.protostuff.parser.ProtoParserTest): src/test/resources/TestModel.proto (No such file or directory),testSimple_withlog2(io.protostuff.parser.ProtoParserTest): src/test/resources/TestModel.proto (No such file or directory),testImport_withlog1(io.protostuff.parser.ProtoParserTest): null,testImport_withlog2(io.protostuff.parser.ProtoParserTest): null
[47256] INFO MethodsAssertGenerator - Generating assertions...
[63090] INFO AssertGenerator - 4 new tests with assertions generated
[348143] WARN TestCompiler - 1 errors during compilation, discarding involved test methods
[356503] ERROR TestCompiler - Pb(63) The code of method testImport() is exceeding the 65535 bytes limit
[357582] INFO EntryPoint - Run: java -cp /tmp/Ex2Amplifier-experiments/dataset/may-2018/protostuff/119/protostuff-parser/target/test-classes:/tmp/Ex2Amplifier-experiments/dataset/may-2018/protostuff/119/protostuff-parser/target/classes:/home/spirals/danglot/.m2/repository/junit/junit/4.11/junit-4.11.jar:/home/spirals/danglot/.m2/repository/org/hamcrest/hamcrest-core/1.3/hamcrest-core-1.3.jar:/home/spirals/danglot/.m2/repository/org/antlr/antlr-runtime/3.2/antlr-runtime-3.2.jar:/home/spirals/danglot/.m2/repository/org/antlr/stringtemplate/3.2.1/stringtemplate-3.2.1.jar:/home/spirals/danglot/.m2/repository/antlr/antlr/2.7.7/antlr-2.7.7.jar:/tmp/Ex2Amplifier-experiments/target/dspot/dependencies:/home/spirals/danglot/.m2/repository/eu/stamp-project/test-runner/1.0.8/test-runner-1.0.8-jar-with-dependencies.jar eu.stamp_project.testrunner.runner.test.TestRunner io.protostuff.parser.ProtoParserTest testDescriptorProto:testSimple:testEnumWithTrailingSemicolon
File saved to the following path: /tmp/Ex2Amplifier-experiments/dataset/may-2018/protostuff/119/protostuff-parser/target/dspot/TestListener.ser
[358025] INFO EntryPoint - Test has been run: testEnumWithTrailingSemicolon(io.protostuff.parser.ProtoParserTest): expected:<272206667776> but was:<272197611520>,testSimple(io.protostuff.parser.ProtoParserTest): expected:<257825763328> but was:<257816707072>,testDescriptorProto(io.protostuff.parser.ProtoParserTest): expected:<272206667776> but was:<272197611520>
[358985] DEBUG Launcher - building sources: [/tmp/Ex2Amplifier-experiments/target/dspot/tmp_test_sources/io/protostuff/parser/ProtoParserTest.java]
[358986] DEBUG Launcher - build args: [-encoding, UTF-8, -cp, /home/spirals/danglot/.m2/repository/junit/junit/4.11/junit-4.11.jar:/home/spirals/danglot/.m2/repository/org/hamcrest/hamcrest-core/1.3/hamcrest-core-1.3.jar:/home/spirals/danglot/.m2/repository/org/antlr/antlr-runtime/3.2/antlr-runtime-3.2.jar:/home/spirals/danglot/.m2/repository/org/antlr/stringtemplate/3.2.1/stringtemplate-3.2.1.jar:/home/spirals/danglot/.m2/repository/antlr/antlr/2.7.7/antlr-2.7.7.jar:target/dspot/dependencies/:dataset/may-2018/protostuff/119/protostuff-parser//target/classes:dataset/may-2018/protostuff/119/protostuff-parser//target/test-classes:, -1.8, -preserveAllLocals, -noExit, -enableJavadoc, /tmp/Ex2Amplifier-experiments/target/dspot/tmp_test_sources/io/protostuff/parser/ProtoParserTest.java]
[359087] DEBUG Launcher - built in 102 ms
[359087] DEBUG Launcher - building templates: []
[359087] DEBUG Launcher - built in 0 ms
[359096] DEBUG Launcher - model built in 111
[359096] DEBUG Launcher - compiling sources: [/tmp/Ex2Amplifier-experiments/target/dspot/tmp_test_sources/io/protostuff/parser/ProtoParserTest.java]
[359111] DEBUG Launcher - compile args: [-encoding, UTF-8, -cp, /home/spirals/danglot/.m2/repository/junit/junit/4.11/junit-4.11.jar:/home/spirals/danglot/.m2/repository/org/hamcrest/hamcrest-core/1.3/hamcrest-core-1.3.jar:/home/spirals/danglot/.m2/repository/org/antlr/antlr-runtime/3.2/antlr-runtime-3.2.jar:/home/spirals/danglot/.m2/repository/org/antlr/stringtemplate/3.2.1/stringtemplate-3.2.1.jar:/home/spirals/danglot/.m2/repository/antlr/antlr/2.7.7/antlr-2.7.7.jar:target/dspot/dependencies/:dataset/may-2018/protostuff/119/protostuff-parser//target/classes:dataset/may-2018/protostuff/119/protostuff-parser//target/test-classes:, -d, /tmp/Ex2Amplifier-experiments/dataset/may-2018/protostuff/119_modified/protostuff-parser/target/test-classes, -1.8, -proc:none, -preserveAllLocals, -noExit, -enableJavadoc, /tmp/Ex2Amplifier-experiments/target/dspot/tmp_test_sources/io/protostuff/parser/ProtoParserTest.java]
[362168] DEBUG Launcher - compiled in 3072 ms
[362169] INFO EntryPoint - Run: java -cp /home/spirals/danglot/.m2/repository/junit/junit/4.11/junit-4.11.jar:/home/spirals/danglot/.m2/repository/org/hamcrest/hamcrest-core/1.3/hamcrest-core-1.3.jar:/home/spirals/danglot/.m2/repository/org/antlr/antlr-runtime/3.2/antlr-runtime-3.2.jar:/home/spirals/danglot/.m2/repository/org/antlr/stringtemplate/3.2.1/stringtemplate-3.2.1.jar:/home/spirals/danglot/.m2/repository/antlr/antlr/2.7.7/antlr-2.7.7.jar:target/dspot/dependencies/:/tmp/Ex2Amplifier-experiments/dataset/may-2018/protostuff/119_modified/protostuff-parser/target/classes:/tmp/Ex2Amplifier-experiments/dataset/may-2018/protostuff/119_modified/protostuff-parser/target/test-classes:/home/spirals/danglot/.m2/repository/eu/stamp-project/test-runner/1.0.8/test-runner-1.0.8-jar-with-dependencies.jar eu.stamp_project.testrunner.runner.test.TestRunner io.protostuff.parser.ProtoParserTest testDescriptorProto:testSimple:testEnumWithTrailingSemicolon
File saved to the following path: /tmp/Ex2Amplifier-experiments/dataset/may-2018/protostuff/119/protostuff-parser/target/dspot/TestListener.ser
[362595] INFO EntryPoint - Test has been run: testEnumWithTrailingSemicolon(io.protostuff.parser.ProtoParserTest): expected:<272206667776> but was:<272197586944>,testSimple(io.protostuff.parser.ProtoParserTest): expected:<257825763328> but was:<257816682496>,testDescriptorProto(io.protostuff.parser.ProtoParserTest): expected:<272206667776> but was:<272197586944>
[362597] INFO Amplification - 3 amplified test(s) has been selected, global: 3
[362597] INFO DSpot - elapsedTime 343238
======= REPORT =======
3 amplified test fails on the new versions.
testDescriptorProto(io.protostuff.parser.ProtoParserTest): expected:<272206667776> but was:<272197586944>
testSimple(io.protostuff.parser.ProtoParserTest): expected:<257825763328> but was:<257816682496>
testEnumWithTrailingSemicolon(io.protostuff.parser.ProtoParserTest): expected:<272206667776> but was:<272197586944>

[362677] INFO DSpot - Print AmplProtoParserTest with 3?amplified test cases in results/may-2018/protostuff/119/A_ampl
