SLF4J: Class path contains multiple SLF4J bindings.
SLF4J: Found binding in [jar:file:/home/spirals/danglot/.m2/repository/eu/stamp-project/test-runner/1.0.8/test-runner-1.0.8-jar-with-dependencies.jar!/org/slf4j/impl/StaticLoggerBinder.class]
SLF4J: Found binding in [jar:file:/home/spirals/danglot/.m2/repository/org/slf4j/slf4j-log4j12/1.7.25/slf4j-log4j12-1.7.25.jar!/org/slf4j/impl/StaticLoggerBinder.class]
SLF4J: See http://www.slf4j.org/codes.html#multiple_bindings for an explanation.
SLF4J: Actual binding is of type [org.slf4j.impl.Log4jLoggerFactory]
[0] WARN AutomaticBuilderFactory - No automatic builder specified in configuration, going to default.
[0] INFO AutomaticBuilderFactory - Default: provided Maven automatic builder.
[8] INFO MavenAutomaticBuilder - run maven clean test -DskipTests dependency:build-classpath -Dmdep.outputFile=target/dspot/classpath
[WARN] Maven will be executed in interactive mode, but no input stream has been configured for this MavenInvoker instance.
[INFO] Scanning for projects...
[INFO]                                                                         
[INFO] ------------------------------------------------------------------------
[INFO] Building protostuff :: runtime 1.4.3-SNAPSHOT
[INFO] ------------------------------------------------------------------------
[INFO] 
[INFO] --- maven-clean-plugin:2.5:clean (default-clean) @ protostuff-runtime ---
[INFO] Deleting /tmp/Ex2Amplifier-experiments/dataset/may-2018/protostuff/185_modified/protostuff-runtime/target
[INFO] 
[INFO] --- maven-enforcer-plugin:1.3.1:enforce (enforce-versions) @ protostuff-runtime ---
[INFO] Skipping Rule Enforcement.
[INFO] 
[INFO] --- maven-resources-plugin:2.6:resources (default-resources) @ protostuff-runtime ---
[INFO] Using 'UTF-8' encoding to copy filtered resources.
[INFO] skip non existing resourceDirectory /tmp/Ex2Amplifier-experiments/dataset/may-2018/protostuff/185_modified/protostuff-runtime/src/main/resources
[INFO] 
[INFO] --- maven-compiler-plugin:3.1:compile (default-compile) @ protostuff-runtime ---
[INFO] Changes detected - recompiling the module!
[INFO] Compiling 40 source files to /tmp/Ex2Amplifier-experiments/dataset/may-2018/protostuff/185_modified/protostuff-runtime/target/classes
[WARNING] /tmp/Ex2Amplifier-experiments/dataset/may-2018/protostuff/185_modified/protostuff-runtime/src/main/java/io/protostuff/runtime/RuntimeUnsafeFieldFactory.java:[60,34] sun.misc.Unsafe is internal proprietary API and may be removed in a future release
[WARNING] /tmp/Ex2Amplifier-experiments/dataset/may-2018/protostuff/185_modified/protostuff-runtime/src/main/java/io/protostuff/runtime/RuntimeUnsafeFieldFactory.java:[62,28] sun.misc.Unsafe is internal proprietary API and may be removed in a future release
[WARNING] /tmp/Ex2Amplifier-experiments/dataset/may-2018/protostuff/185_modified/protostuff-runtime/src/main/java/io/protostuff/runtime/RuntimeUnsafeFieldFactory.java:[66,49] sun.misc.Unsafe is internal proprietary API and may be removed in a future release
[WARNING] /tmp/Ex2Amplifier-experiments/dataset/may-2018/protostuff/185_modified/protostuff-runtime/src/main/java/io/protostuff/runtime/RuntimeUnsafeFieldFactory.java:[71,29] sun.misc.Unsafe is internal proprietary API and may be removed in a future release
[WARNING] /tmp/Ex2Amplifier-experiments/dataset/may-2018/protostuff/185_modified/protostuff-runtime/src/main/java/io/protostuff/runtime/RuntimeUnsafeFieldFactory.java:[86,24] sun.misc.Unsafe is internal proprietary API and may be removed in a future release
[WARNING] /tmp/Ex2Amplifier-experiments/dataset/may-2018/protostuff/185_modified/protostuff-runtime/src/main/java/io/protostuff/runtime/OnDemandSunReflectionFactory.java:[40,44] sun.reflect.ReflectionFactory is internal proprietary API and may be removed in a future release
[INFO] 
[INFO] --- maven-resources-plugin:2.6:testResources (default-testResources) @ protostuff-runtime ---
[INFO] Using 'UTF-8' encoding to copy filtered resources.
[INFO] skip non existing resourceDirectory /tmp/Ex2Amplifier-experiments/dataset/may-2018/protostuff/185_modified/protostuff-runtime/src/test/resources
[INFO] 
[INFO] --- maven-compiler-plugin:3.1:testCompile (default-testCompile) @ protostuff-runtime ---
[INFO] Changes detected - recompiling the module!
[INFO] Compiling 44 source files to /tmp/Ex2Amplifier-experiments/dataset/may-2018/protostuff/185_modified/protostuff-runtime/target/test-classes
[WARNING] /tmp/Ex2Amplifier-experiments/dataset/may-2018/protostuff/185_modified/protostuff-runtime/src/test/java/io/protostuff/runtime/AnnotatedFieldsTest.java: Some input files use or override a deprecated API.
[WARNING] /tmp/Ex2Amplifier-experiments/dataset/may-2018/protostuff/185_modified/protostuff-runtime/src/test/java/io/protostuff/runtime/AnnotatedFieldsTest.java: Recompile with -Xlint:deprecation for details.
[WARNING] /tmp/Ex2Amplifier-experiments/dataset/may-2018/protostuff/185_modified/protostuff-runtime/src/test/java/io/protostuff/runtime/AbstractRuntimeObjectSchemaTest.java: Some input files use unchecked or unsafe operations.
[WARNING] /tmp/Ex2Amplifier-experiments/dataset/may-2018/protostuff/185_modified/protostuff-runtime/src/test/java/io/protostuff/runtime/AbstractRuntimeObjectSchemaTest.java: Recompile with -Xlint:unchecked for details.
[INFO] 
[INFO] --- maven-surefire-plugin:2.18.1:test (default-test) @ protostuff-runtime ---
[INFO] Tests are skipped.
[INFO] 
[INFO] --- maven-dependency-plugin:2.8:build-classpath (default-cli) @ protostuff-runtime ---
[INFO] Wrote classpath file '/tmp/Ex2Amplifier-experiments/dataset/may-2018/protostuff/185_modified/protostuff-runtime/target/dspot/classpath'.
[INFO] ------------------------------------------------------------------------
[INFO] BUILD SUCCESS
[INFO] ------------------------------------------------------------------------
[INFO] Total time: 6.751 s
[INFO] Finished at: 2018-05-22T22:02:38+02:00
[INFO] Final Memory: 27M/317M
[INFO] ------------------------------------------------------------------------
[13666] WARN AutomaticBuilderFactory - No automatic builder specified in configuration, going to default.
[13666] INFO AutomaticBuilderFactory - Default: provided Maven automatic builder.
[13667] INFO MavenAutomaticBuilder - run maven clean test -DskipTests dependency:build-classpath -Dmdep.outputFile=target/dspot/classpath
[WARN] Maven will be executed in interactive mode, but no input stream has been configured for this MavenInvoker instance.
[INFO] Scanning for projects...
[INFO]                                                                         
[INFO] ------------------------------------------------------------------------
[INFO] Building protostuff :: runtime 1.4.3-SNAPSHOT
[INFO] ------------------------------------------------------------------------
[INFO] 
[INFO] --- maven-clean-plugin:2.5:clean (default-clean) @ protostuff-runtime ---
[INFO] Deleting /tmp/Ex2Amplifier-experiments/dataset/may-2018/protostuff/185/protostuff-runtime/target
[INFO] 
[INFO] --- maven-enforcer-plugin:1.3.1:enforce (enforce-versions) @ protostuff-runtime ---
[INFO] Skipping Rule Enforcement.
[INFO] 
[INFO] --- maven-resources-plugin:2.6:resources (default-resources) @ protostuff-runtime ---
[INFO] Using 'UTF-8' encoding to copy filtered resources.
[INFO] skip non existing resourceDirectory /tmp/Ex2Amplifier-experiments/dataset/may-2018/protostuff/185/protostuff-runtime/src/main/resources
[INFO] 
[INFO] --- maven-compiler-plugin:3.1:compile (default-compile) @ protostuff-runtime ---
[INFO] Changes detected - recompiling the module!
[INFO] Compiling 40 source files to /tmp/Ex2Amplifier-experiments/dataset/may-2018/protostuff/185/protostuff-runtime/target/classes
[WARNING] /tmp/Ex2Amplifier-experiments/dataset/may-2018/protostuff/185/protostuff-runtime/src/main/java/io/protostuff/runtime/RuntimeUnsafeFieldFactory.java:[60,34] sun.misc.Unsafe is internal proprietary API and may be removed in a future release
[WARNING] /tmp/Ex2Amplifier-experiments/dataset/may-2018/protostuff/185/protostuff-runtime/src/main/java/io/protostuff/runtime/RuntimeUnsafeFieldFactory.java:[62,28] sun.misc.Unsafe is internal proprietary API and may be removed in a future release
[WARNING] /tmp/Ex2Amplifier-experiments/dataset/may-2018/protostuff/185/protostuff-runtime/src/main/java/io/protostuff/runtime/RuntimeUnsafeFieldFactory.java:[66,49] sun.misc.Unsafe is internal proprietary API and may be removed in a future release
[WARNING] /tmp/Ex2Amplifier-experiments/dataset/may-2018/protostuff/185/protostuff-runtime/src/main/java/io/protostuff/runtime/RuntimeUnsafeFieldFactory.java:[71,29] sun.misc.Unsafe is internal proprietary API and may be removed in a future release
[WARNING] /tmp/Ex2Amplifier-experiments/dataset/may-2018/protostuff/185/protostuff-runtime/src/main/java/io/protostuff/runtime/RuntimeUnsafeFieldFactory.java:[86,24] sun.misc.Unsafe is internal proprietary API and may be removed in a future release
[WARNING] /tmp/Ex2Amplifier-experiments/dataset/may-2018/protostuff/185/protostuff-runtime/src/main/java/io/protostuff/runtime/OnDemandSunReflectionFactory.java:[40,44] sun.reflect.ReflectionFactory is internal proprietary API and may be removed in a future release
[INFO] 
[INFO] --- maven-resources-plugin:2.6:testResources (default-testResources) @ protostuff-runtime ---
[INFO] Using 'UTF-8' encoding to copy filtered resources.
[INFO] skip non existing resourceDirectory /tmp/Ex2Amplifier-experiments/dataset/may-2018/protostuff/185/protostuff-runtime/src/test/resources
[INFO] 
[INFO] --- maven-compiler-plugin:3.1:testCompile (default-testCompile) @ protostuff-runtime ---
[INFO] Changes detected - recompiling the module!
[INFO] Compiling 44 source files to /tmp/Ex2Amplifier-experiments/dataset/may-2018/protostuff/185/protostuff-runtime/target/test-classes
[WARNING] /tmp/Ex2Amplifier-experiments/dataset/may-2018/protostuff/185/protostuff-runtime/src/test/java/io/protostuff/runtime/AnnotatedFieldsTest.java: Some input files use or override a deprecated API.
[WARNING] /tmp/Ex2Amplifier-experiments/dataset/may-2018/protostuff/185/protostuff-runtime/src/test/java/io/protostuff/runtime/AnnotatedFieldsTest.java: Recompile with -Xlint:deprecation for details.
[WARNING] /tmp/Ex2Amplifier-experiments/dataset/may-2018/protostuff/185/protostuff-runtime/src/test/java/io/protostuff/runtime/ObjectSchemaTest.java: Some input files use unchecked or unsafe operations.
[WARNING] /tmp/Ex2Amplifier-experiments/dataset/may-2018/protostuff/185/protostuff-runtime/src/test/java/io/protostuff/runtime/ObjectSchemaTest.java: Recompile with -Xlint:unchecked for details.
[INFO] 
[INFO] --- maven-surefire-plugin:2.18.1:test (default-test) @ protostuff-runtime ---
[INFO] Tests are skipped.
[INFO] 
[INFO] --- maven-dependency-plugin:2.8:build-classpath (default-cli) @ protostuff-runtime ---
[INFO] Wrote classpath file '/tmp/Ex2Amplifier-experiments/dataset/may-2018/protostuff/185/protostuff-runtime/target/dspot/classpath'.
[INFO] ------------------------------------------------------------------------
[INFO] BUILD SUCCESS
[INFO] ------------------------------------------------------------------------
[INFO] Total time: 6.138 s
[INFO] Finished at: 2018-05-22T22:02:51+02:00
[INFO] Final Memory: 26M/317M
[INFO] ------------------------------------------------------------------------
[21393] INFO SelectorOnDiff - Selecting according to a diff between dataset/may-2018/protostuff/185_modified/protostuff-runtime and dataset/may-2018/protostuff/185/protostuff-runtime (0dc22ff95ac82caac848fd8b8f427f9997c15113)
[21446] INFO SelectorOnDiff - Modified files:
a/protostuff-runtime/src/main/java/io/protostuff/runtime/IdStrategy.java
a/protostuff-runtime/src/main/java/io/protostuff/runtime/DefaultIdStrategy.java
[111854] INFO Amplification - amplification of io.protostuff.runtime.DefaultIdStrategyTest (1 test(s))
[112013] INFO EntryPoint - Run: java -cp /tmp/Ex2Amplifier-experiments/dataset/may-2018/protostuff/185_modified/protostuff-runtime/target/test-classes:/tmp/Ex2Amplifier-experiments/dataset/may-2018/protostuff/185_modified/protostuff-runtime/target/classes:/home/spirals/danglot/.m2/repository/junit/junit/4.11/junit-4.11.jar:/home/spirals/danglot/.m2/repository/org/hamcrest/hamcrest-core/1.3/hamcrest-core-1.3.jar:/home/spirals/danglot/.m2/repository/org/mockito/mockito-core/1.10.8/mockito-core-1.10.8.jar:/home/spirals/danglot/.m2/repository/org/objenesis/objenesis/2.1/objenesis-2.1.jar:/home/spirals/danglot/.m2/repository/io/protostuff/protostuff-core/1.4.3-SNAPSHOT/protostuff-core-1.4.3-SNAPSHOT.jar:/home/spirals/danglot/.m2/repository/io/protostuff/protostuff-core/1.4.3-SNAPSHOT/protostuff-core-1.4.3-SNAPSHOT-tests.jar:/home/spirals/danglot/.m2/repository/io/protostuff/protostuff-api/1.4.3-SNAPSHOT/protostuff-api-1.4.3-SNAPSHOT.jar:/home/spirals/danglot/.m2/repository/io/protostuff/protostuff-collectionschema/1.4.3-SNAPSHOT/protostuff-collectionschema-1.4.3-SNAPSHOT.jar:/tmp/Ex2Amplifier-experiments/target/dspot/dependencies:/home/spirals/danglot/.m2/repository/eu/stamp-project/test-runner/1.0.8/test-runner-1.0.8-jar-with-dependencies.jar eu.stamp_project.testrunner.runner.test.TestRunner io.protostuff.runtime.DefaultIdStrategyTest privateConstructors
File saved to the following path: /tmp/Ex2Amplifier-experiments/dataset/may-2018/protostuff/185_modified/protostuff-runtime/target/dspot/TestListener.ser
[112601] INFO EntryPoint - Test has been run: privateConstructors
[112601] INFO Amplification - Try to add assertions before amplification
[112612] INFO AssertGenerator - Run tests. (1)
[112697] INFO EntryPoint - Run: java -cp /tmp/Ex2Amplifier-experiments/dataset/may-2018/protostuff/185_modified/protostuff-runtime/target/test-classes:/tmp/Ex2Amplifier-experiments/dataset/may-2018/protostuff/185_modified/protostuff-runtime/target/classes:/home/spirals/danglot/.m2/repository/junit/junit/4.11/junit-4.11.jar:/home/spirals/danglot/.m2/repository/org/hamcrest/hamcrest-core/1.3/hamcrest-core-1.3.jar:/home/spirals/danglot/.m2/repository/org/mockito/mockito-core/1.10.8/mockito-core-1.10.8.jar:/home/spirals/danglot/.m2/repository/org/objenesis/objenesis/2.1/objenesis-2.1.jar:/home/spirals/danglot/.m2/repository/io/protostuff/protostuff-core/1.4.3-SNAPSHOT/protostuff-core-1.4.3-SNAPSHOT.jar:/home/spirals/danglot/.m2/repository/io/protostuff/protostuff-core/1.4.3-SNAPSHOT/protostuff-core-1.4.3-SNAPSHOT-tests.jar:/home/spirals/danglot/.m2/repository/io/protostuff/protostuff-api/1.4.3-SNAPSHOT/protostuff-api-1.4.3-SNAPSHOT.jar:/home/spirals/danglot/.m2/repository/io/protostuff/protostuff-collectionschema/1.4.3-SNAPSHOT/protostuff-collectionschema-1.4.3-SNAPSHOT.jar:/tmp/Ex2Amplifier-experiments/target/dspot/dependencies:/home/spirals/danglot/.m2/repository/eu/stamp-project/test-runner/1.0.8/test-runner-1.0.8-jar-with-dependencies.jar eu.stamp_project.testrunner.runner.test.TestRunner io.protostuff.runtime.DefaultIdStrategyTest privateConstructors
File saved to the following path: /tmp/Ex2Amplifier-experiments/dataset/may-2018/protostuff/185_modified/protostuff-runtime/target/dspot/TestListener.ser
[113212] INFO EntryPoint - Test has been run: privateConstructors
[113213] INFO AssertGenerator - 1 test pass, generating assertion...
[113215] INFO MethodsAssertGenerator - Add observations points in passing tests.
[113215] INFO MethodsAssertGenerator - Instrumentation...
100% |================================================== ]/
[113230] INFO MethodsAssertGenerator - Run instrumented tests. (3)
[113312] INFO EntryPoint - Run: java -cp /tmp/Ex2Amplifier-experiments/dataset/may-2018/protostuff/185_modified/protostuff-runtime/target/test-classes:/tmp/Ex2Amplifier-experiments/dataset/may-2018/protostuff/185_modified/protostuff-runtime/target/classes:/home/spirals/danglot/.m2/repository/junit/junit/4.11/junit-4.11.jar:/home/spirals/danglot/.m2/repository/org/hamcrest/hamcrest-core/1.3/hamcrest-core-1.3.jar:/home/spirals/danglot/.m2/repository/org/mockito/mockito-core/1.10.8/mockito-core-1.10.8.jar:/home/spirals/danglot/.m2/repository/org/objenesis/objenesis/2.1/objenesis-2.1.jar:/home/spirals/danglot/.m2/repository/io/protostuff/protostuff-core/1.4.3-SNAPSHOT/protostuff-core-1.4.3-SNAPSHOT.jar:/home/spirals/danglot/.m2/repository/io/protostuff/protostuff-core/1.4.3-SNAPSHOT/protostuff-core-1.4.3-SNAPSHOT-tests.jar:/home/spirals/danglot/.m2/repository/io/protostuff/protostuff-api/1.4.3-SNAPSHOT/protostuff-api-1.4.3-SNAPSHOT.jar:/home/spirals/danglot/.m2/repository/io/protostuff/protostuff-collectionschema/1.4.3-SNAPSHOT/protostuff-collectionschema-1.4.3-SNAPSHOT.jar:/tmp/Ex2Amplifier-experiments/target/dspot/dependencies:/home/spirals/danglot/.m2/repository/eu/stamp-project/test-runner/1.0.8/test-runner-1.0.8-jar-with-dependencies.jar eu.stamp_project.testrunner.runner.test.TestRunner io.protostuff.runtime.DefaultIdStrategyTest privateConstructors_withlog0:privateConstructors_withlog1:privateConstructors_withlog2
File saved to the following path: /tmp/Ex2Amplifier-experiments/dataset/may-2018/protostuff/185_modified/protostuff-runtime/target/dspot/observations.ser
File saved to the following path: /tmp/Ex2Amplifier-experiments/dataset/may-2018/protostuff/185_modified/protostuff-runtime/target/dspot/TestListener.ser
[113931] INFO EntryPoint - Test has been run: privateConstructors_withlog0,privateConstructors_withlog1,privateConstructors_withlog2
[113933] INFO MethodsAssertGenerator - Generating assertions...
[113936] INFO AssertGenerator - Could not generate any test with assertions
[113936] INFO Amplification - 0 amplified test(s) has been selected, global: 0
[113938] INFO Amplification - amp privateConstructors (1/1)
[114005] INFO EntryPoint - Run: java -cp /tmp/Ex2Amplifier-experiments/dataset/may-2018/protostuff/185_modified/protostuff-runtime/target/test-classes:/tmp/Ex2Amplifier-experiments/dataset/may-2018/protostuff/185_modified/protostuff-runtime/target/classes:/home/spirals/danglot/.m2/repository/junit/junit/4.11/junit-4.11.jar:/home/spirals/danglot/.m2/repository/org/hamcrest/hamcrest-core/1.3/hamcrest-core-1.3.jar:/home/spirals/danglot/.m2/repository/org/mockito/mockito-core/1.10.8/mockito-core-1.10.8.jar:/home/spirals/danglot/.m2/repository/org/objenesis/objenesis/2.1/objenesis-2.1.jar:/home/spirals/danglot/.m2/repository/io/protostuff/protostuff-core/1.4.3-SNAPSHOT/protostuff-core-1.4.3-SNAPSHOT.jar:/home/spirals/danglot/.m2/repository/io/protostuff/protostuff-core/1.4.3-SNAPSHOT/protostuff-core-1.4.3-SNAPSHOT-tests.jar:/home/spirals/danglot/.m2/repository/io/protostuff/protostuff-api/1.4.3-SNAPSHOT/protostuff-api-1.4.3-SNAPSHOT.jar:/home/spirals/danglot/.m2/repository/io/protostuff/protostuff-collectionschema/1.4.3-SNAPSHOT/protostuff-collectionschema-1.4.3-SNAPSHOT.jar:/tmp/Ex2Amplifier-experiments/target/dspot/dependencies:/home/spirals/danglot/.m2/repository/eu/stamp-project/test-runner/1.0.8/test-runner-1.0.8-jar-with-dependencies.jar eu.stamp_project.testrunner.runner.test.TestRunner io.protostuff.runtime.DefaultIdStrategyTest privateConstructors
File saved to the following path: /tmp/Ex2Amplifier-experiments/dataset/may-2018/protostuff/185_modified/protostuff-runtime/target/dspot/TestListener.ser
[114524] INFO EntryPoint - Test has been run: privateConstructors
[114525] INFO Amplification - iteration 0:
[114525] INFO Amplification - 1 tests selected to be amplified over 1 available tests
100% |================================================== ]/
 25% |============ ]/ 50% |========================= ]- 75% |===================================== ]\100% |================================================== ]|
[114537] INFO AssertGenerator - Run tests. (1)
[114605] INFO EntryPoint - Run: java -cp /tmp/Ex2Amplifier-experiments/dataset/may-2018/protostuff/185_modified/protostuff-runtime/target/test-classes:/tmp/Ex2Amplifier-experiments/dataset/may-2018/protostuff/185_modified/protostuff-runtime/target/classes:/home/spirals/danglot/.m2/repository/junit/junit/4.11/junit-4.11.jar:/home/spirals/danglot/.m2/repository/org/hamcrest/hamcrest-core/1.3/hamcrest-core-1.3.jar:/home/spirals/danglot/.m2/repository/org/mockito/mockito-core/1.10.8/mockito-core-1.10.8.jar:/home/spirals/danglot/.m2/repository/org/objenesis/objenesis/2.1/objenesis-2.1.jar:/home/spirals/danglot/.m2/repository/io/protostuff/protostuff-core/1.4.3-SNAPSHOT/protostuff-core-1.4.3-SNAPSHOT.jar:/home/spirals/danglot/.m2/repository/io/protostuff/protostuff-core/1.4.3-SNAPSHOT/protostuff-core-1.4.3-SNAPSHOT-tests.jar:/home/spirals/danglot/.m2/repository/io/protostuff/protostuff-api/1.4.3-SNAPSHOT/protostuff-api-1.4.3-SNAPSHOT.jar:/home/spirals/danglot/.m2/repository/io/protostuff/protostuff-collectionschema/1.4.3-SNAPSHOT/protostuff-collectionschema-1.4.3-SNAPSHOT.jar:/tmp/Ex2Amplifier-experiments/target/dspot/dependencies:/home/spirals/danglot/.m2/repository/eu/stamp-project/test-runner/1.0.8/test-runner-1.0.8-jar-with-dependencies.jar eu.stamp_project.testrunner.runner.test.TestRunner io.protostuff.runtime.DefaultIdStrategyTest privateConstructorslitBool1
File saved to the following path: /tmp/Ex2Amplifier-experiments/dataset/may-2018/protostuff/185_modified/protostuff-runtime/target/dspot/TestListener.ser
[114975] INFO EntryPoint - Test has been run: privateConstructorslitBool1(io.protostuff.runtime.DefaultIdStrategyTest): null
[114976] INFO AssertGenerator - 1 test fail, generating try/catch/fail blocks...
[114986] INFO AssertGenerator - 1 new tests with assertions generated
[115061] INFO EntryPoint - Run: java -cp /tmp/Ex2Amplifier-experiments/dataset/may-2018/protostuff/185_modified/protostuff-runtime/target/test-classes:/tmp/Ex2Amplifier-experiments/dataset/may-2018/protostuff/185_modified/protostuff-runtime/target/classes:/home/spirals/danglot/.m2/repository/junit/junit/4.11/junit-4.11.jar:/home/spirals/danglot/.m2/repository/org/hamcrest/hamcrest-core/1.3/hamcrest-core-1.3.jar:/home/spirals/danglot/.m2/repository/org/mockito/mockito-core/1.10.8/mockito-core-1.10.8.jar:/home/spirals/danglot/.m2/repository/org/objenesis/objenesis/2.1/objenesis-2.1.jar:/home/spirals/danglot/.m2/repository/io/protostuff/protostuff-core/1.4.3-SNAPSHOT/protostuff-core-1.4.3-SNAPSHOT.jar:/home/spirals/danglot/.m2/repository/io/protostuff/protostuff-core/1.4.3-SNAPSHOT/protostuff-core-1.4.3-SNAPSHOT-tests.jar:/home/spirals/danglot/.m2/repository/io/protostuff/protostuff-api/1.4.3-SNAPSHOT/protostuff-api-1.4.3-SNAPSHOT.jar:/home/spirals/danglot/.m2/repository/io/protostuff/protostuff-collectionschema/1.4.3-SNAPSHOT/protostuff-collectionschema-1.4.3-SNAPSHOT.jar:/tmp/Ex2Amplifier-experiments/target/dspot/dependencies:/home/spirals/danglot/.m2/repository/eu/stamp-project/test-runner/1.0.8/test-runner-1.0.8-jar-with-dependencies.jar eu.stamp_project.testrunner.runner.test.TestRunner io.protostuff.runtime.DefaultIdStrategyTest privateConstructorslitBool1_failAssert0
File saved to the following path: /tmp/Ex2Amplifier-experiments/dataset/may-2018/protostuff/185_modified/protostuff-runtime/target/dspot/TestListener.ser
[115423] INFO EntryPoint - Test has been run: privateConstructorslitBool1_failAssert0
[115424] INFO Amplification - 1 test method(s) has been successfully generated
[115464] DEBUG Launcher - building sources: [/tmp/Ex2Amplifier-experiments/target/dspot/tmp_test_sources/io/protostuff/runtime/DefaultIdStrategyTest.java]
[115465] DEBUG Launcher - build args: [-encoding, UTF-8, -cp, /home/spirals/danglot/.m2/repository/junit/junit/4.11/junit-4.11.jar:/home/spirals/danglot/.m2/repository/org/hamcrest/hamcrest-core/1.3/hamcrest-core-1.3.jar:/home/spirals/danglot/.m2/repository/org/mockito/mockito-core/1.10.8/mockito-core-1.10.8.jar:/home/spirals/danglot/.m2/repository/org/objenesis/objenesis/2.1/objenesis-2.1.jar:/home/spirals/danglot/.m2/repository/io/protostuff/protostuff-core/1.4.3-SNAPSHOT/protostuff-core-1.4.3-SNAPSHOT.jar:/home/spirals/danglot/.m2/repository/io/protostuff/protostuff-core/1.4.3-SNAPSHOT/protostuff-core-1.4.3-SNAPSHOT-tests.jar:/home/spirals/danglot/.m2/repository/io/protostuff/protostuff-api/1.4.3-SNAPSHOT/protostuff-api-1.4.3-SNAPSHOT.jar:/home/spirals/danglot/.m2/repository/io/protostuff/protostuff-collectionschema/1.4.3-SNAPSHOT/protostuff-collectionschema-1.4.3-SNAPSHOT.jar:target/dspot/dependencies/:dataset/may-2018/protostuff/185_modified/protostuff-runtime//target/classes:dataset/may-2018/protostuff/185_modified/protostuff-runtime//target/test-classes:, -1.8, -preserveAllLocals, -noExit, -enableJavadoc, /tmp/Ex2Amplifier-experiments/target/dspot/tmp_test_sources/io/protostuff/runtime/DefaultIdStrategyTest.java]
[115517] DEBUG Launcher - built in 52 ms
[115517] DEBUG Launcher - building templates: []
[115517] DEBUG Launcher - built in 0 ms
[115518] DEBUG Launcher - model built in 54
[115518] DEBUG Launcher - compiling sources: [/tmp/Ex2Amplifier-experiments/target/dspot/tmp_test_sources/io/protostuff/runtime/DefaultIdStrategyTest.java]
[115522] DEBUG Launcher - compile args: [-encoding, UTF-8, -cp, /home/spirals/danglot/.m2/repository/junit/junit/4.11/junit-4.11.jar:/home/spirals/danglot/.m2/repository/org/hamcrest/hamcrest-core/1.3/hamcrest-core-1.3.jar:/home/spirals/danglot/.m2/repository/org/mockito/mockito-core/1.10.8/mockito-core-1.10.8.jar:/home/spirals/danglot/.m2/repository/org/objenesis/objenesis/2.1/objenesis-2.1.jar:/home/spirals/danglot/.m2/repository/io/protostuff/protostuff-core/1.4.3-SNAPSHOT/protostuff-core-1.4.3-SNAPSHOT.jar:/home/spirals/danglot/.m2/repository/io/protostuff/protostuff-core/1.4.3-SNAPSHOT/protostuff-core-1.4.3-SNAPSHOT-tests.jar:/home/spirals/danglot/.m2/repository/io/protostuff/protostuff-api/1.4.3-SNAPSHOT/protostuff-api-1.4.3-SNAPSHOT.jar:/home/spirals/danglot/.m2/repository/io/protostuff/protostuff-collectionschema/1.4.3-SNAPSHOT/protostuff-collectionschema-1.4.3-SNAPSHOT.jar:target/dspot/dependencies/:dataset/may-2018/protostuff/185_modified/protostuff-runtime//target/classes:dataset/may-2018/protostuff/185_modified/protostuff-runtime//target/test-classes:, -d, /tmp/Ex2Amplifier-experiments/dataset/may-2018/protostuff/185/protostuff-runtime/target/test-classes, -1.8, -proc:none, -preserveAllLocals, -noExit, -enableJavadoc, /tmp/Ex2Amplifier-experiments/target/dspot/tmp_test_sources/io/protostuff/runtime/DefaultIdStrategyTest.java]
[115582] DEBUG Launcher - compiled in 63 ms
[115583] INFO EntryPoint - Run: java -cp /home/spirals/danglot/.m2/repository/junit/junit/4.11/junit-4.11.jar:/home/spirals/danglot/.m2/repository/org/hamcrest/hamcrest-core/1.3/hamcrest-core-1.3.jar:/home/spirals/danglot/.m2/repository/org/mockito/mockito-core/1.10.8/mockito-core-1.10.8.jar:/home/spirals/danglot/.m2/repository/org/objenesis/objenesis/2.1/objenesis-2.1.jar:/home/spirals/danglot/.m2/repository/io/protostuff/protostuff-core/1.4.3-SNAPSHOT/protostuff-core-1.4.3-SNAPSHOT.jar:/home/spirals/danglot/.m2/repository/io/protostuff/protostuff-core/1.4.3-SNAPSHOT/protostuff-core-1.4.3-SNAPSHOT-tests.jar:/home/spirals/danglot/.m2/repository/io/protostuff/protostuff-api/1.4.3-SNAPSHOT/protostuff-api-1.4.3-SNAPSHOT.jar:/home/spirals/danglot/.m2/repository/io/protostuff/protostuff-collectionschema/1.4.3-SNAPSHOT/protostuff-collectionschema-1.4.3-SNAPSHOT.jar:target/dspot/dependencies/:/tmp/Ex2Amplifier-experiments/dataset/may-2018/protostuff/185/protostuff-runtime/target/classes:/tmp/Ex2Amplifier-experiments/dataset/may-2018/protostuff/185/protostuff-runtime/target/test-classes:/home/spirals/danglot/.m2/repository/eu/stamp-project/test-runner/1.0.8/test-runner-1.0.8-jar-with-dependencies.jar eu.stamp_project.testrunner.runner.test.TestRunner io.protostuff.runtime.DefaultIdStrategyTest privateConstructorslitBool1_failAssert0
File saved to the following path: /tmp/Ex2Amplifier-experiments/dataset/may-2018/protostuff/185_modified/protostuff-runtime/target/dspot/TestListener.ser
[116057] INFO EntryPoint - Test has been run: privateConstructorslitBool1_failAssert0
[116058] INFO Amplification - iteration 1:
[116058] INFO Amplification - 1 tests selected to be amplified over 1 available tests
100% |================================================== ]/
 25% |============ ]/ 50% |========================= ]- 75% |===================================== ]\100% |================================================== ]|
[116062] INFO AssertGenerator - Run tests. (1)
[116065] DEBUG Launcher - printing io.protostuff.runtime.DefaultIdStrategyTest to /tmp/Ex2Amplifier-experiments/target/dspot/tmp_test_sources
[116120] INFO EntryPoint - Run: java -cp /tmp/Ex2Amplifier-experiments/dataset/may-2018/protostuff/185_modified/protostuff-runtime/target/test-classes:/tmp/Ex2Amplifier-experiments/dataset/may-2018/protostuff/185_modified/protostuff-runtime/target/classes:/home/spirals/danglot/.m2/repository/junit/junit/4.11/junit-4.11.jar:/home/spirals/danglot/.m2/repository/org/hamcrest/hamcrest-core/1.3/hamcrest-core-1.3.jar:/home/spirals/danglot/.m2/repository/org/mockito/mockito-core/1.10.8/mockito-core-1.10.8.jar:/home/spirals/danglot/.m2/repository/org/objenesis/objenesis/2.1/objenesis-2.1.jar:/home/spirals/danglot/.m2/repository/io/protostuff/protostuff-core/1.4.3-SNAPSHOT/protostuff-core-1.4.3-SNAPSHOT.jar:/home/spirals/danglot/.m2/repository/io/protostuff/protostuff-core/1.4.3-SNAPSHOT/protostuff-core-1.4.3-SNAPSHOT-tests.jar:/home/spirals/danglot/.m2/repository/io/protostuff/protostuff-api/1.4.3-SNAPSHOT/protostuff-api-1.4.3-SNAPSHOT.jar:/home/spirals/danglot/.m2/repository/io/protostuff/protostuff-collectionschema/1.4.3-SNAPSHOT/protostuff-collectionschema-1.4.3-SNAPSHOT.jar:/tmp/Ex2Amplifier-experiments/target/dspot/dependencies:/home/spirals/danglot/.m2/repository/eu/stamp-project/test-runner/1.0.8/test-runner-1.0.8-jar-with-dependencies.jar eu.stamp_project.testrunner.runner.test.TestRunner io.protostuff.runtime.DefaultIdStrategyTest privateConstructorslitBool1_failAssert0litBool4
File saved to the following path: /tmp/Ex2Amplifier-experiments/dataset/may-2018/protostuff/185_modified/protostuff-runtime/target/dspot/TestListener.ser
[116626] INFO EntryPoint - Test has been run: privateConstructorslitBool1_failAssert0litBool4(io.protostuff.runtime.DefaultIdStrategyTest): privateConstructorslitBool1 should have thrown NullPointerException
[116626] INFO AssertGenerator - 1 test fail, generating try/catch/fail blocks...
[116627] INFO AssertGenerator - Could not generate any test with assertions
[116627] INFO Amplification - iteration 2:
[116627] INFO Amplification - 1 tests selected to be amplified over 1 available tests
100% |================================================== ]/
 25% |============ ]/ 50% |========================= ]- 75% |===================================== ]\100% |================================================== ]|
[116630] INFO AssertGenerator - Run tests. (1)
[116633] DEBUG Launcher - printing io.protostuff.runtime.DefaultIdStrategyTest to /tmp/Ex2Amplifier-experiments/target/dspot/tmp_test_sources
[116687] INFO EntryPoint - Run: java -cp /tmp/Ex2Amplifier-experiments/dataset/may-2018/protostuff/185_modified/protostuff-runtime/target/test-classes:/tmp/Ex2Amplifier-experiments/dataset/may-2018/protostuff/185_modified/protostuff-runtime/target/classes:/home/spirals/danglot/.m2/repository/junit/junit/4.11/junit-4.11.jar:/home/spirals/danglot/.m2/repository/org/hamcrest/hamcrest-core/1.3/hamcrest-core-1.3.jar:/home/spirals/danglot/.m2/repository/org/mockito/mockito-core/1.10.8/mockito-core-1.10.8.jar:/home/spirals/danglot/.m2/repository/org/objenesis/objenesis/2.1/objenesis-2.1.jar:/home/spirals/danglot/.m2/repository/io/protostuff/protostuff-core/1.4.3-SNAPSHOT/protostuff-core-1.4.3-SNAPSHOT.jar:/home/spirals/danglot/.m2/repository/io/protostuff/protostuff-core/1.4.3-SNAPSHOT/protostuff-core-1.4.3-SNAPSHOT-tests.jar:/home/spirals/danglot/.m2/repository/io/protostuff/protostuff-api/1.4.3-SNAPSHOT/protostuff-api-1.4.3-SNAPSHOT.jar:/home/spirals/danglot/.m2/repository/io/protostuff/protostuff-collectionschema/1.4.3-SNAPSHOT/protostuff-collectionschema-1.4.3-SNAPSHOT.jar:/tmp/Ex2Amplifier-experiments/target/dspot/dependencies:/home/spirals/danglot/.m2/repository/eu/stamp-project/test-runner/1.0.8/test-runner-1.0.8-jar-with-dependencies.jar eu.stamp_project.testrunner.runner.test.TestRunner io.protostuff.runtime.DefaultIdStrategyTest privateConstructorslitBool1_failAssert0litBool4litBool7
File saved to the following path: /tmp/Ex2Amplifier-experiments/dataset/may-2018/protostuff/185_modified/protostuff-runtime/target/dspot/TestListener.ser
[117088] INFO EntryPoint - Test has been run: privateConstructorslitBool1_failAssert0litBool4litBool7
[117088] INFO AssertGenerator - 1 test pass, generating assertion...
[117089] INFO MethodsAssertGenerator - Add observations points in passing tests.
[117090] INFO MethodsAssertGenerator - Instrumentation...
100% |================================================== ]/
[117102] INFO MethodsAssertGenerator - Run instrumented tests. (3)
[117106] DEBUG Launcher - printing io.protostuff.runtime.DefaultIdStrategyTest to /tmp/Ex2Amplifier-experiments/target/dspot/tmp_test_sources
[117168] INFO EntryPoint - Run: java -cp /tmp/Ex2Amplifier-experiments/dataset/may-2018/protostuff/185_modified/protostuff-runtime/target/test-classes:/tmp/Ex2Amplifier-experiments/dataset/may-2018/protostuff/185_modified/protostuff-runtime/target/classes:/home/spirals/danglot/.m2/repository/junit/junit/4.11/junit-4.11.jar:/home/spirals/danglot/.m2/repository/org/hamcrest/hamcrest-core/1.3/hamcrest-core-1.3.jar:/home/spirals/danglot/.m2/repository/org/mockito/mockito-core/1.10.8/mockito-core-1.10.8.jar:/home/spirals/danglot/.m2/repository/org/objenesis/objenesis/2.1/objenesis-2.1.jar:/home/spirals/danglot/.m2/repository/io/protostuff/protostuff-core/1.4.3-SNAPSHOT/protostuff-core-1.4.3-SNAPSHOT.jar:/home/spirals/danglot/.m2/repository/io/protostuff/protostuff-core/1.4.3-SNAPSHOT/protostuff-core-1.4.3-SNAPSHOT-tests.jar:/home/spirals/danglot/.m2/repository/io/protostuff/protostuff-api/1.4.3-SNAPSHOT/protostuff-api-1.4.3-SNAPSHOT.jar:/home/spirals/danglot/.m2/repository/io/protostuff/protostuff-collectionschema/1.4.3-SNAPSHOT/protostuff-collectionschema-1.4.3-SNAPSHOT.jar:/tmp/Ex2Amplifier-experiments/target/dspot/dependencies:/home/spirals/danglot/.m2/repository/eu/stamp-project/test-runner/1.0.8/test-runner-1.0.8-jar-with-dependencies.jar eu.stamp_project.testrunner.runner.test.TestRunner io.protostuff.runtime.DefaultIdStrategyTest privateConstructorslitBool1_failAssert0litBool4litBool7_withlog0:privateConstructorslitBool1_failAssert0litBool4litBool7_withlog1:privateConstructorslitBool1_failAssert0litBool4litBool7_withlog2
File saved to the following path: /tmp/Ex2Amplifier-experiments/dataset/may-2018/protostuff/185_modified/protostuff-runtime/target/dspot/observations.ser
File saved to the following path: /tmp/Ex2Amplifier-experiments/dataset/may-2018/protostuff/185_modified/protostuff-runtime/target/dspot/TestListener.ser
[117588] INFO EntryPoint - Test has been run: privateConstructorslitBool1_failAssert0litBool4litBool7_withlog0(io.protostuff.runtime.DefaultIdStrategyTest): null,privateConstructorslitBool1_failAssert0litBool4litBool7_withlog1(io.protostuff.runtime.DefaultIdStrategyTest): null,privateConstructorslitBool1_failAssert0litBool4litBool7_withlog2(io.protostuff.runtime.DefaultIdStrategyTest): null
[117588] INFO MethodsAssertGenerator - Generating assertions...
[117590] INFO AssertGenerator - Could not generate any test with assertions
[117590] INFO Amplification - 0 amplified test(s) has been selected, global: 0
[117590] INFO DSpot - elapsedTime 5737
======= REPORT =======
0 amplified test fails on the new versions.

[117600] INFO DSpot - Print AmplDefaultIdStrategyTest with 0?amplified test cases in results/may-2018/protostuff/185_modified/I_ampl
