SLF4J: Class path contains multiple SLF4J bindings.
SLF4J: Found binding in [jar:file:/home/spirals/danglot/.m2/repository/eu/stamp-project/test-runner/1.0.8/test-runner-1.0.8-jar-with-dependencies.jar!/org/slf4j/impl/StaticLoggerBinder.class]
SLF4J: Found binding in [jar:file:/home/spirals/danglot/.m2/repository/org/slf4j/slf4j-log4j12/1.7.25/slf4j-log4j12-1.7.25.jar!/org/slf4j/impl/StaticLoggerBinder.class]
SLF4J: See http://www.slf4j.org/codes.html#multiple_bindings for an explanation.
SLF4J: Actual binding is of type [org.slf4j.impl.Log4jLoggerFactory]
[0] WARN AutomaticBuilderFactory - No automatic builder specified in configuration, going to default.
[1] INFO AutomaticBuilderFactory - Default: provided Maven automatic builder.
[9] INFO MavenAutomaticBuilder - run maven clean test -DskipTests dependency:build-classpath -Dmdep.outputFile=target/dspot/classpath
[WARN] Maven will be executed in interactive mode, but no input stream has been configured for this MavenInvoker instance.
[INFO] Scanning for projects...
[INFO]                                                                         
[INFO] ------------------------------------------------------------------------
[INFO] Building protostuff :: runtime 1.4.3-SNAPSHOT
[INFO] ------------------------------------------------------------------------
[INFO] 
[INFO] --- maven-clean-plugin:2.5:clean (default-clean) @ protostuff-runtime ---
[INFO] Deleting /tmp/Ex2Amplifier-experiments/dataset/may-2018/protostuff/180/protostuff-runtime/target
[INFO] 
[INFO] --- maven-enforcer-plugin:1.3.1:enforce (enforce-versions) @ protostuff-runtime ---
[INFO] Skipping Rule Enforcement.
[INFO] 
[INFO] --- maven-resources-plugin:2.6:resources (default-resources) @ protostuff-runtime ---
[INFO] Using 'UTF-8' encoding to copy filtered resources.
[INFO] skip non existing resourceDirectory /tmp/Ex2Amplifier-experiments/dataset/may-2018/protostuff/180/protostuff-runtime/src/main/resources
[INFO] 
[INFO] --- maven-compiler-plugin:3.1:compile (default-compile) @ protostuff-runtime ---
[INFO] Changes detected - recompiling the module!
[INFO] Compiling 37 source files to /tmp/Ex2Amplifier-experiments/dataset/may-2018/protostuff/180/protostuff-runtime/target/classes
[WARNING] /tmp/Ex2Amplifier-experiments/dataset/may-2018/protostuff/180/protostuff-runtime/src/main/java/io/protostuff/runtime/RuntimeUnsafeFieldFactory.java:[60,34] sun.misc.Unsafe is internal proprietary API and may be removed in a future release
[WARNING] /tmp/Ex2Amplifier-experiments/dataset/may-2018/protostuff/180/protostuff-runtime/src/main/java/io/protostuff/runtime/RuntimeUnsafeFieldFactory.java:[62,28] sun.misc.Unsafe is internal proprietary API and may be removed in a future release
[WARNING] /tmp/Ex2Amplifier-experiments/dataset/may-2018/protostuff/180/protostuff-runtime/src/main/java/io/protostuff/runtime/RuntimeUnsafeFieldFactory.java:[66,49] sun.misc.Unsafe is internal proprietary API and may be removed in a future release
[WARNING] /tmp/Ex2Amplifier-experiments/dataset/may-2018/protostuff/180/protostuff-runtime/src/main/java/io/protostuff/runtime/RuntimeUnsafeFieldFactory.java:[71,29] sun.misc.Unsafe is internal proprietary API and may be removed in a future release
[WARNING] /tmp/Ex2Amplifier-experiments/dataset/may-2018/protostuff/180/protostuff-runtime/src/main/java/io/protostuff/runtime/RuntimeUnsafeFieldFactory.java:[86,24] sun.misc.Unsafe is internal proprietary API and may be removed in a future release
[WARNING] /tmp/Ex2Amplifier-experiments/dataset/may-2018/protostuff/180/protostuff-runtime/src/main/java/io/protostuff/runtime/OnDemandSunReflectionFactory.java:[40,44] sun.reflect.ReflectionFactory is internal proprietary API and may be removed in a future release
[INFO] 
[INFO] --- maven-resources-plugin:2.6:testResources (default-testResources) @ protostuff-runtime ---
[INFO] Using 'UTF-8' encoding to copy filtered resources.
[INFO] skip non existing resourceDirectory /tmp/Ex2Amplifier-experiments/dataset/may-2018/protostuff/180/protostuff-runtime/src/test/resources
[INFO] 
[INFO] --- maven-compiler-plugin:3.1:testCompile (default-testCompile) @ protostuff-runtime ---
[INFO] Changes detected - recompiling the module!
[INFO] Compiling 43 source files to /tmp/Ex2Amplifier-experiments/dataset/may-2018/protostuff/180/protostuff-runtime/target/test-classes
[WARNING] /tmp/Ex2Amplifier-experiments/dataset/may-2018/protostuff/180/protostuff-runtime/src/test/java/io/protostuff/runtime/CollectionTest.java: Some input files use or override a deprecated API.
[WARNING] /tmp/Ex2Amplifier-experiments/dataset/may-2018/protostuff/180/protostuff-runtime/src/test/java/io/protostuff/runtime/CollectionTest.java: Recompile with -Xlint:deprecation for details.
[WARNING] /tmp/Ex2Amplifier-experiments/dataset/may-2018/protostuff/180/protostuff-runtime/src/test/java/io/protostuff/runtime/AbstractRuntimeObjectSchemaTest.java: Some input files use unchecked or unsafe operations.
[WARNING] /tmp/Ex2Amplifier-experiments/dataset/may-2018/protostuff/180/protostuff-runtime/src/test/java/io/protostuff/runtime/AbstractRuntimeObjectSchemaTest.java: Recompile with -Xlint:unchecked for details.
[INFO] 
[INFO] --- maven-surefire-plugin:2.18.1:test (default-test) @ protostuff-runtime ---
[INFO] Tests are skipped.
[INFO] 
[INFO] --- maven-dependency-plugin:2.8:build-classpath (default-cli) @ protostuff-runtime ---
[INFO] Wrote classpath file '/tmp/Ex2Amplifier-experiments/dataset/may-2018/protostuff/180/protostuff-runtime/target/dspot/classpath'.
[INFO] ------------------------------------------------------------------------
[INFO] BUILD SUCCESS
[INFO] ------------------------------------------------------------------------
[INFO] Total time: 6.437 s
[INFO] Finished at: 2018-06-11T23:08:45+02:00
[INFO] Final Memory: 26M/319M
[INFO] ------------------------------------------------------------------------
[13385] WARN AutomaticBuilderFactory - No automatic builder specified in configuration, going to default.
[13385] INFO AutomaticBuilderFactory - Default: provided Maven automatic builder.
[13385] INFO MavenAutomaticBuilder - run maven clean test -DskipTests dependency:build-classpath -Dmdep.outputFile=target/dspot/classpath
[WARN] Maven will be executed in interactive mode, but no input stream has been configured for this MavenInvoker instance.
[INFO] Scanning for projects...
[INFO]                                                                         
[INFO] ------------------------------------------------------------------------
[INFO] Building protostuff :: runtime 1.4.3-SNAPSHOT
[INFO] ------------------------------------------------------------------------
[INFO] 
[INFO] --- maven-clean-plugin:2.5:clean (default-clean) @ protostuff-runtime ---
[INFO] Deleting /tmp/Ex2Amplifier-experiments/dataset/may-2018/protostuff/180_modified/protostuff-runtime/target
[INFO] 
[INFO] --- maven-enforcer-plugin:1.3.1:enforce (enforce-versions) @ protostuff-runtime ---
[INFO] Skipping Rule Enforcement.
[INFO] 
[INFO] --- maven-resources-plugin:2.6:resources (default-resources) @ protostuff-runtime ---
[INFO] Using 'UTF-8' encoding to copy filtered resources.
[INFO] skip non existing resourceDirectory /tmp/Ex2Amplifier-experiments/dataset/may-2018/protostuff/180_modified/protostuff-runtime/src/main/resources
[INFO] 
[INFO] --- maven-compiler-plugin:3.1:compile (default-compile) @ protostuff-runtime ---
[INFO] Changes detected - recompiling the module!
[INFO] Compiling 40 source files to /tmp/Ex2Amplifier-experiments/dataset/may-2018/protostuff/180_modified/protostuff-runtime/target/classes
[WARNING] /tmp/Ex2Amplifier-experiments/dataset/may-2018/protostuff/180_modified/protostuff-runtime/src/main/java/io/protostuff/runtime/RuntimeUnsafeFieldFactory.java:[60,34] sun.misc.Unsafe is internal proprietary API and may be removed in a future release
[WARNING] /tmp/Ex2Amplifier-experiments/dataset/may-2018/protostuff/180_modified/protostuff-runtime/src/main/java/io/protostuff/runtime/RuntimeUnsafeFieldFactory.java:[62,28] sun.misc.Unsafe is internal proprietary API and may be removed in a future release
[WARNING] /tmp/Ex2Amplifier-experiments/dataset/may-2018/protostuff/180_modified/protostuff-runtime/src/main/java/io/protostuff/runtime/RuntimeUnsafeFieldFactory.java:[66,49] sun.misc.Unsafe is internal proprietary API and may be removed in a future release
[WARNING] /tmp/Ex2Amplifier-experiments/dataset/may-2018/protostuff/180_modified/protostuff-runtime/src/main/java/io/protostuff/runtime/RuntimeUnsafeFieldFactory.java:[71,29] sun.misc.Unsafe is internal proprietary API and may be removed in a future release
[WARNING] /tmp/Ex2Amplifier-experiments/dataset/may-2018/protostuff/180_modified/protostuff-runtime/src/main/java/io/protostuff/runtime/RuntimeUnsafeFieldFactory.java:[86,24] sun.misc.Unsafe is internal proprietary API and may be removed in a future release
[WARNING] /tmp/Ex2Amplifier-experiments/dataset/may-2018/protostuff/180_modified/protostuff-runtime/src/main/java/io/protostuff/runtime/OnDemandSunReflectionFactory.java:[40,44] sun.reflect.ReflectionFactory is internal proprietary API and may be removed in a future release
[INFO] 
[INFO] --- maven-resources-plugin:2.6:testResources (default-testResources) @ protostuff-runtime ---
[INFO] Using 'UTF-8' encoding to copy filtered resources.
[INFO] skip non existing resourceDirectory /tmp/Ex2Amplifier-experiments/dataset/may-2018/protostuff/180_modified/protostuff-runtime/src/test/resources
[INFO] 
[INFO] --- maven-compiler-plugin:3.1:testCompile (default-testCompile) @ protostuff-runtime ---
[INFO] Changes detected - recompiling the module!
[INFO] Compiling 43 source files to /tmp/Ex2Amplifier-experiments/dataset/may-2018/protostuff/180_modified/protostuff-runtime/target/test-classes
[WARNING] /tmp/Ex2Amplifier-experiments/dataset/may-2018/protostuff/180_modified/protostuff-runtime/src/test/java/io/protostuff/runtime/SerializableObjects.java: Some input files use or override a deprecated API.
[WARNING] /tmp/Ex2Amplifier-experiments/dataset/may-2018/protostuff/180_modified/protostuff-runtime/src/test/java/io/protostuff/runtime/SerializableObjects.java: Recompile with -Xlint:deprecation for details.
[WARNING] /tmp/Ex2Amplifier-experiments/dataset/may-2018/protostuff/180_modified/protostuff-runtime/src/test/java/io/protostuff/runtime/AbstractRuntimeObjectSchemaTest.java: Some input files use unchecked or unsafe operations.
[WARNING] /tmp/Ex2Amplifier-experiments/dataset/may-2018/protostuff/180_modified/protostuff-runtime/src/test/java/io/protostuff/runtime/AbstractRuntimeObjectSchemaTest.java: Recompile with -Xlint:unchecked for details.
[INFO] 
[INFO] --- maven-surefire-plugin:2.18.1:test (default-test) @ protostuff-runtime ---
[INFO] Tests are skipped.
[INFO] 
[INFO] --- maven-dependency-plugin:2.8:build-classpath (default-cli) @ protostuff-runtime ---
[INFO] Wrote classpath file '/tmp/Ex2Amplifier-experiments/dataset/may-2018/protostuff/180_modified/protostuff-runtime/target/dspot/classpath'.
[INFO] ------------------------------------------------------------------------
[INFO] BUILD SUCCESS
[INFO] ------------------------------------------------------------------------
[INFO] Total time: 6.176 s
[INFO] Finished at: 2018-06-11T23:08:58+02:00
[INFO] Final Memory: 26M/315M
[INFO] ------------------------------------------------------------------------
[21183] INFO SelectorOnDiff - Selecting according to a diff between dataset/may-2018/protostuff/180/protostuff-runtime and dataset/may-2018/protostuff/180_modified/protostuff-runtime (d1b515301007e0c5676c17af8371910048181110)
[21203] INFO SelectorOnDiff - Modified files:
a/protostuff-runtime-md/src/main/java/io/protostuff/runtime/RuntimeEnv.java
a/protostuff-runtime/src/test/java/io/protostuff/runtime/AbstractRuntimeCollectionSchemaTest.java
a/protostuff-runtime/src/main/java/io/protostuff/runtime/PolymorphicPojoMapSchema.java
a/protostuff-runtime/src/main/java/io/protostuff/runtime/PolymorphicSchemaFactories.java
a/protostuff-runtime/src/main/java/io/protostuff/runtime/IdStrategy.java
a/protostuff-runtime/src/main/java/io/protostuff/runtime/RuntimeMapFieldFactory.java
a/protostuff-runtime/src/main/java/io/protostuff/runtime/PolymorphicPojoCollectionSchema.java
a/protostuff-runtime/src/main/java/io/protostuff/runtime/DefaultIdStrategy.java
a/protostuff-runtime/src/main/java/io/protostuff/runtime/RuntimeEnv.java
a/protostuff-runtime/src/main/java/io/protostuff/runtime/RuntimeCollectionFieldFactory.java
a/protostuff-runtime/src/main/java/io/protostuff/runtime/PolymorphicCollectionSchema.java
a/protostuff-runtime/src/main/java/io/protostuff/runtime/RuntimeReflectionFieldFactory.java
a/protostuff-runtime-registry/src/main/java/io/protostuff/runtime/ExplicitIdStrategy.java
a/protostuff-runtime/src/main/java/io/protostuff/runtime/RuntimeRepeatedFieldFactory.java
a/protostuff-runtime/src/main/java/io/protostuff/runtime/RuntimeSchema.java
a/protostuff-runtime/src/main/java/io/protostuff/runtime/RuntimeUnsafeFieldFactory.java
a/protostuff-runtime/src/main/java/io/protostuff/runtime/PolymorphicMapSchema.java
a/protostuff-runtime/src/main/java/io/protostuff/runtime/RuntimeFieldFactory.java
a/protostuff-runtime/src/main/java/io/protostuff/runtime/PolymorphicPojoSchema.java
a/protostuff-runtime-md/src/main/java/io/protostuff/runtime/RuntimeFieldFactory.java
a/protostuff-runtime/src/main/java/io/protostuff/runtime/ObjectSchema.java
a/protostuff-runtime-registry/src/main/java/io/protostuff/runtime/IncrementalIdStrategy.java
[110917] INFO Amplification - amplification of io.protostuff.runtime.ObjectSchemaTest (1 test(s))
[111289] INFO EntryPoint - Run: java -cp /tmp/Ex2Amplifier-experiments/dataset/may-2018/protostuff/180/protostuff-runtime/target/test-classes:/tmp/Ex2Amplifier-experiments/dataset/may-2018/protostuff/180/protostuff-runtime/target/classes:/home/spirals/danglot/.m2/repository/junit/junit/4.11/junit-4.11.jar:/home/spirals/danglot/.m2/repository/org/hamcrest/hamcrest-core/1.3/hamcrest-core-1.3.jar:/home/spirals/danglot/.m2/repository/org/mockito/mockito-core/1.10.8/mockito-core-1.10.8.jar:/home/spirals/danglot/.m2/repository/org/objenesis/objenesis/2.1/objenesis-2.1.jar:/home/spirals/danglot/.m2/repository/io/protostuff/protostuff-core/1.4.3-SNAPSHOT/protostuff-core-1.4.3-SNAPSHOT.jar:/home/spirals/danglot/.m2/repository/io/protostuff/protostuff-core/1.4.3-SNAPSHOT/protostuff-core-1.4.3-SNAPSHOT-tests.jar:/home/spirals/danglot/.m2/repository/io/protostuff/protostuff-api/1.4.3-SNAPSHOT/protostuff-api-1.4.3-SNAPSHOT.jar:/home/spirals/danglot/.m2/repository/io/protostuff/protostuff-collectionschema/1.4.3-SNAPSHOT/protostuff-collectionschema-1.4.3-SNAPSHOT.jar:/tmp/Ex2Amplifier-experiments/target/dspot/dependencies:/home/spirals/danglot/.m2/repository/eu/stamp-project/test-runner/1.0.8/test-runner-1.0.8-jar-with-dependencies.jar eu.stamp_project.testrunner.runner.test.TestRunner io.protostuff.runtime.ObjectSchemaTest testGraph
File saved to the following path: /tmp/Ex2Amplifier-experiments/dataset/may-2018/protostuff/180/protostuff-runtime/target/dspot/TestListener.ser
false
[111817] INFO EntryPoint - Test has been run: testGraph
[111817] INFO Amplification - 0 amplified test(s) has been selected, global: 0
[111825] INFO Amplification - amp testGraph (1/1)
[112183] INFO EntryPoint - Run: java -cp /tmp/Ex2Amplifier-experiments/dataset/may-2018/protostuff/180/protostuff-runtime/target/test-classes:/tmp/Ex2Amplifier-experiments/dataset/may-2018/protostuff/180/protostuff-runtime/target/classes:/home/spirals/danglot/.m2/repository/junit/junit/4.11/junit-4.11.jar:/home/spirals/danglot/.m2/repository/org/hamcrest/hamcrest-core/1.3/hamcrest-core-1.3.jar:/home/spirals/danglot/.m2/repository/org/mockito/mockito-core/1.10.8/mockito-core-1.10.8.jar:/home/spirals/danglot/.m2/repository/org/objenesis/objenesis/2.1/objenesis-2.1.jar:/home/spirals/danglot/.m2/repository/io/protostuff/protostuff-core/1.4.3-SNAPSHOT/protostuff-core-1.4.3-SNAPSHOT.jar:/home/spirals/danglot/.m2/repository/io/protostuff/protostuff-core/1.4.3-SNAPSHOT/protostuff-core-1.4.3-SNAPSHOT-tests.jar:/home/spirals/danglot/.m2/repository/io/protostuff/protostuff-api/1.4.3-SNAPSHOT/protostuff-api-1.4.3-SNAPSHOT.jar:/home/spirals/danglot/.m2/repository/io/protostuff/protostuff-collectionschema/1.4.3-SNAPSHOT/protostuff-collectionschema-1.4.3-SNAPSHOT.jar:/tmp/Ex2Amplifier-experiments/target/dspot/dependencies:/home/spirals/danglot/.m2/repository/eu/stamp-project/test-runner/1.0.8/test-runner-1.0.8-jar-with-dependencies.jar eu.stamp_project.testrunner.runner.test.TestRunner io.protostuff.runtime.ObjectSchemaTest testGraph
File saved to the following path: /tmp/Ex2Amplifier-experiments/dataset/may-2018/protostuff/180/protostuff-runtime/target/dspot/TestListener.ser
false
[112651] INFO EntryPoint - Test has been run: testGraph
[112651] INFO Amplification - iteration 0:
[112651] INFO Amplification - 1 tests selected to be amplified over 1 available tests
[112770] INFO AssertGenerator - Run tests. (5)
[113000] INFO EntryPoint - Run: java -cp /tmp/Ex2Amplifier-experiments/dataset/may-2018/protostuff/180/protostuff-runtime/target/test-classes:/tmp/Ex2Amplifier-experiments/dataset/may-2018/protostuff/180/protostuff-runtime/target/classes:/home/spirals/danglot/.m2/repository/junit/junit/4.11/junit-4.11.jar:/home/spirals/danglot/.m2/repository/org/hamcrest/hamcrest-core/1.3/hamcrest-core-1.3.jar:/home/spirals/danglot/.m2/repository/org/mockito/mockito-core/1.10.8/mockito-core-1.10.8.jar:/home/spirals/danglot/.m2/repository/org/objenesis/objenesis/2.1/objenesis-2.1.jar:/home/spirals/danglot/.m2/repository/io/protostuff/protostuff-core/1.4.3-SNAPSHOT/protostuff-core-1.4.3-SNAPSHOT.jar:/home/spirals/danglot/.m2/repository/io/protostuff/protostuff-core/1.4.3-SNAPSHOT/protostuff-core-1.4.3-SNAPSHOT-tests.jar:/home/spirals/danglot/.m2/repository/io/protostuff/protostuff-api/1.4.3-SNAPSHOT/protostuff-api-1.4.3-SNAPSHOT.jar:/home/spirals/danglot/.m2/repository/io/protostuff/protostuff-collectionschema/1.4.3-SNAPSHOT/protostuff-collectionschema-1.4.3-SNAPSHOT.jar:/tmp/Ex2Amplifier-experiments/target/dspot/dependencies:/home/spirals/danglot/.m2/repository/eu/stamp-project/test-runner/1.0.8/test-runner-1.0.8-jar-with-dependencies.jar eu.stamp_project.testrunner.runner.test.TestRunner io.protostuff.runtime.ObjectSchemaTest testGraphlitNum1:testGraphlitNum2:testGraphlitNum3:testGraphlitNum4:testGraphlitNum5
File saved to the following path: /tmp/Ex2Amplifier-experiments/dataset/may-2018/protostuff/180/protostuff-runtime/target/dspot/TestListener.ser
false
false
false
false
false
[113571] INFO EntryPoint - Test has been run: testGraphlitNum4,testGraphlitNum1(io.protostuff.runtime.ObjectSchemaTest): Requested array size exceeds VM limit,testGraphlitNum2(io.protostuff.runtime.ObjectSchemaTest): 256 is the minimum buffer size.,testGraphlitNum3(io.protostuff.runtime.ObjectSchemaTest): 256 is the minimum buffer size.,testGraphlitNum5(io.protostuff.runtime.ObjectSchemaTest): 256 is the minimum buffer size.
[113571] INFO AssertGenerator - 1 test pass, generating assertion...
[113587] INFO MethodsAssertGenerator - Add observations points in passing tests.
[113588] INFO MethodsAssertGenerator - Instrumentation...
100% |================================================== ]/
[113609] INFO MethodsAssertGenerator - Run instrumented tests. (3)
[113862] INFO EntryPoint - Run: java -cp /tmp/Ex2Amplifier-experiments/dataset/may-2018/protostuff/180/protostuff-runtime/target/test-classes:/tmp/Ex2Amplifier-experiments/dataset/may-2018/protostuff/180/protostuff-runtime/target/classes:/home/spirals/danglot/.m2/repository/junit/junit/4.11/junit-4.11.jar:/home/spirals/danglot/.m2/repository/org/hamcrest/hamcrest-core/1.3/hamcrest-core-1.3.jar:/home/spirals/danglot/.m2/repository/org/mockito/mockito-core/1.10.8/mockito-core-1.10.8.jar:/home/spirals/danglot/.m2/repository/org/objenesis/objenesis/2.1/objenesis-2.1.jar:/home/spirals/danglot/.m2/repository/io/protostuff/protostuff-core/1.4.3-SNAPSHOT/protostuff-core-1.4.3-SNAPSHOT.jar:/home/spirals/danglot/.m2/repository/io/protostuff/protostuff-core/1.4.3-SNAPSHOT/protostuff-core-1.4.3-SNAPSHOT-tests.jar:/home/spirals/danglot/.m2/repository/io/protostuff/protostuff-api/1.4.3-SNAPSHOT/protostuff-api-1.4.3-SNAPSHOT.jar:/home/spirals/danglot/.m2/repository/io/protostuff/protostuff-collectionschema/1.4.3-SNAPSHOT/protostuff-collectionschema-1.4.3-SNAPSHOT.jar:/tmp/Ex2Amplifier-experiments/target/dspot/dependencies:/home/spirals/danglot/.m2/repository/eu/stamp-project/test-runner/1.0.8/test-runner-1.0.8-jar-with-dependencies.jar eu.stamp_project.testrunner.runner.test.TestRunner io.protostuff.runtime.ObjectSchemaTest testGraphlitNum4_withlog0:testGraphlitNum4_withlog1:testGraphlitNum4_withlog2
File saved to the following path: /tmp/Ex2Amplifier-experiments/dataset/may-2018/protostuff/180/protostuff-runtime/target/dspot/observations.ser
File saved to the following path: /tmp/Ex2Amplifier-experiments/dataset/may-2018/protostuff/180/protostuff-runtime/target/dspot/TestListener.ser
false
false
false
[114369] INFO EntryPoint - Test has been run: testGraphlitNum4_withlog0,testGraphlitNum4_withlog1,testGraphlitNum4_withlog2
[114371] INFO MethodsAssertGenerator - Generating assertions...
[114376] INFO AssertGenerator - 2 test fail, generating try/catch/fail blocks...
[114387] INFO AssertGenerator - 2 new tests with assertions generated
[114753] INFO EntryPoint - Run: java -cp /tmp/Ex2Amplifier-experiments/dataset/may-2018/protostuff/180/protostuff-runtime/target/test-classes:/tmp/Ex2Amplifier-experiments/dataset/may-2018/protostuff/180/protostuff-runtime/target/classes:/home/spirals/danglot/.m2/repository/junit/junit/4.11/junit-4.11.jar:/home/spirals/danglot/.m2/repository/org/hamcrest/hamcrest-core/1.3/hamcrest-core-1.3.jar:/home/spirals/danglot/.m2/repository/org/mockito/mockito-core/1.10.8/mockito-core-1.10.8.jar:/home/spirals/danglot/.m2/repository/org/objenesis/objenesis/2.1/objenesis-2.1.jar:/home/spirals/danglot/.m2/repository/io/protostuff/protostuff-core/1.4.3-SNAPSHOT/protostuff-core-1.4.3-SNAPSHOT.jar:/home/spirals/danglot/.m2/repository/io/protostuff/protostuff-core/1.4.3-SNAPSHOT/protostuff-core-1.4.3-SNAPSHOT-tests.jar:/home/spirals/danglot/.m2/repository/io/protostuff/protostuff-api/1.4.3-SNAPSHOT/protostuff-api-1.4.3-SNAPSHOT.jar:/home/spirals/danglot/.m2/repository/io/protostuff/protostuff-collectionschema/1.4.3-SNAPSHOT/protostuff-collectionschema-1.4.3-SNAPSHOT.jar:/tmp/Ex2Amplifier-experiments/target/dspot/dependencies:/home/spirals/danglot/.m2/repository/eu/stamp-project/test-runner/1.0.8/test-runner-1.0.8-jar-with-dependencies.jar eu.stamp_project.testrunner.runner.test.TestRunner io.protostuff.runtime.ObjectSchemaTest testGraphlitNum1_failAssert0:testGraphlitNum2_failAssert1
File saved to the following path: /tmp/Ex2Amplifier-experiments/dataset/may-2018/protostuff/180/protostuff-runtime/target/dspot/TestListener.ser
false
false
[115283] INFO EntryPoint - Test has been run: testGraphlitNum2_failAssert1,testGraphlitNum1_failAssert0
[115284] INFO Amplification - 2 test method(s) has been successfully generated
[115452] DEBUG Launcher - building sources: [/tmp/Ex2Amplifier-experiments/target/dspot/tmp_test_sources/io/protostuff/runtime/ObjectSchemaTest.java]
[115453] DEBUG Launcher - build args: [-encoding, UTF-8, -cp, /home/spirals/danglot/.m2/repository/junit/junit/4.11/junit-4.11.jar:/home/spirals/danglot/.m2/repository/org/hamcrest/hamcrest-core/1.3/hamcrest-core-1.3.jar:/home/spirals/danglot/.m2/repository/org/mockito/mockito-core/1.10.8/mockito-core-1.10.8.jar:/home/spirals/danglot/.m2/repository/org/objenesis/objenesis/2.1/objenesis-2.1.jar:/home/spirals/danglot/.m2/repository/io/protostuff/protostuff-core/1.4.3-SNAPSHOT/protostuff-core-1.4.3-SNAPSHOT.jar:/home/spirals/danglot/.m2/repository/io/protostuff/protostuff-core/1.4.3-SNAPSHOT/protostuff-core-1.4.3-SNAPSHOT-tests.jar:/home/spirals/danglot/.m2/repository/io/protostuff/protostuff-api/1.4.3-SNAPSHOT/protostuff-api-1.4.3-SNAPSHOT.jar:/home/spirals/danglot/.m2/repository/io/protostuff/protostuff-collectionschema/1.4.3-SNAPSHOT/protostuff-collectionschema-1.4.3-SNAPSHOT.jar:target/dspot/dependencies/:dataset/may-2018/protostuff/180/protostuff-runtime//target/classes:dataset/may-2018/protostuff/180/protostuff-runtime//target/test-classes:, -1.8, -preserveAllLocals, -noExit, -enableJavadoc, /tmp/Ex2Amplifier-experiments/target/dspot/tmp_test_sources/io/protostuff/runtime/ObjectSchemaTest.java]
[115552] DEBUG Launcher - built in 100 ms
[115552] DEBUG Launcher - building templates: []
[115552] DEBUG Launcher - built in 0 ms
[115555] DEBUG Launcher - model built in 103
[115556] DEBUG Launcher - compiling sources: [/tmp/Ex2Amplifier-experiments/target/dspot/tmp_test_sources/io/protostuff/runtime/ObjectSchemaTest.java]
[115572] DEBUG Launcher - compile args: [-encoding, UTF-8, -cp, /home/spirals/danglot/.m2/repository/junit/junit/4.11/junit-4.11.jar:/home/spirals/danglot/.m2/repository/org/hamcrest/hamcrest-core/1.3/hamcrest-core-1.3.jar:/home/spirals/danglot/.m2/repository/org/mockito/mockito-core/1.10.8/mockito-core-1.10.8.jar:/home/spirals/danglot/.m2/repository/org/objenesis/objenesis/2.1/objenesis-2.1.jar:/home/spirals/danglot/.m2/repository/io/protostuff/protostuff-core/1.4.3-SNAPSHOT/protostuff-core-1.4.3-SNAPSHOT.jar:/home/spirals/danglot/.m2/repository/io/protostuff/protostuff-core/1.4.3-SNAPSHOT/protostuff-core-1.4.3-SNAPSHOT-tests.jar:/home/spirals/danglot/.m2/repository/io/protostuff/protostuff-api/1.4.3-SNAPSHOT/protostuff-api-1.4.3-SNAPSHOT.jar:/home/spirals/danglot/.m2/repository/io/protostuff/protostuff-collectionschema/1.4.3-SNAPSHOT/protostuff-collectionschema-1.4.3-SNAPSHOT.jar:target/dspot/dependencies/:dataset/may-2018/protostuff/180/protostuff-runtime//target/classes:dataset/may-2018/protostuff/180/protostuff-runtime//target/test-classes:, -d, /tmp/Ex2Amplifier-experiments/dataset/may-2018/protostuff/180_modified/protostuff-runtime/target/test-classes, -1.8, -proc:none, -preserveAllLocals, -noExit, -enableJavadoc, /tmp/Ex2Amplifier-experiments/target/dspot/tmp_test_sources/io/protostuff/runtime/ObjectSchemaTest.java]
[115996] DEBUG Launcher - compiled in 440 ms
[115998] INFO EntryPoint - Run: java -cp /home/spirals/danglot/.m2/repository/junit/junit/4.11/junit-4.11.jar:/home/spirals/danglot/.m2/repository/org/hamcrest/hamcrest-core/1.3/hamcrest-core-1.3.jar:/home/spirals/danglot/.m2/repository/org/mockito/mockito-core/1.10.8/mockito-core-1.10.8.jar:/home/spirals/danglot/.m2/repository/org/objenesis/objenesis/2.1/objenesis-2.1.jar:/home/spirals/danglot/.m2/repository/io/protostuff/protostuff-core/1.4.3-SNAPSHOT/protostuff-core-1.4.3-SNAPSHOT.jar:/home/spirals/danglot/.m2/repository/io/protostuff/protostuff-core/1.4.3-SNAPSHOT/protostuff-core-1.4.3-SNAPSHOT-tests.jar:/home/spirals/danglot/.m2/repository/io/protostuff/protostuff-api/1.4.3-SNAPSHOT/protostuff-api-1.4.3-SNAPSHOT.jar:/home/spirals/danglot/.m2/repository/io/protostuff/protostuff-collectionschema/1.4.3-SNAPSHOT/protostuff-collectionschema-1.4.3-SNAPSHOT.jar:target/dspot/dependencies/:/tmp/Ex2Amplifier-experiments/dataset/may-2018/protostuff/180_modified/protostuff-runtime/target/classes:/tmp/Ex2Amplifier-experiments/dataset/may-2018/protostuff/180_modified/protostuff-runtime/target/test-classes:/home/spirals/danglot/.m2/repository/eu/stamp-project/test-runner/1.0.8/test-runner-1.0.8-jar-with-dependencies.jar eu.stamp_project.testrunner.runner.test.TestRunner io.protostuff.runtime.ObjectSchemaTest testGraphlitNum1_failAssert0:testGraphlitNum2_failAssert1
File saved to the following path: /tmp/Ex2Amplifier-experiments/dataset/may-2018/protostuff/180/protostuff-runtime/target/dspot/TestListener.ser
false
false
[116456] INFO EntryPoint - Test has been run: testGraphlitNum2_failAssert1,testGraphlitNum1_failAssert0
[116456] INFO Amplification - iteration 1:
[116456] INFO Amplification - 2 tests selected to be amplified over 2 available tests
[116458] INFO Amplification - iteration 2:
[116458] INFO Amplification - No test could be generated from selected test
[116458] INFO Amplification - 0 amplified test(s) has been selected, global: 0
[116458] INFO DSpot - elapsedTime 5560
======= REPORT =======
0 amplified test fails on the new versions.

[116517] INFO DSpot - Print AmplObjectSchemaTest with 0?amplified test cases in results/may-2018/protostuff/180/I_ampl
[116517] DEBUG Launcher - printing io.protostuff.runtime.AmplObjectSchemaTest to /tmp/Ex2Amplifier-experiments/results/may-2018/protostuff/180/I_ampl
[116628] INFO Amplification - amplification of io.protostuff.runtime.DefaultIdStrategyTest (1 test(s))
[116629] DEBUG Launcher - printing io.protostuff.runtime.DefaultIdStrategyTest to /tmp/Ex2Amplifier-experiments/target/dspot/tmp_test_sources
[116680] INFO EntryPoint - Run: java -cp /tmp/Ex2Amplifier-experiments/dataset/may-2018/protostuff/180/protostuff-runtime/target/test-classes:/tmp/Ex2Amplifier-experiments/dataset/may-2018/protostuff/180/protostuff-runtime/target/classes:/home/spirals/danglot/.m2/repository/junit/junit/4.11/junit-4.11.jar:/home/spirals/danglot/.m2/repository/org/hamcrest/hamcrest-core/1.3/hamcrest-core-1.3.jar:/home/spirals/danglot/.m2/repository/org/mockito/mockito-core/1.10.8/mockito-core-1.10.8.jar:/home/spirals/danglot/.m2/repository/org/objenesis/objenesis/2.1/objenesis-2.1.jar:/home/spirals/danglot/.m2/repository/io/protostuff/protostuff-core/1.4.3-SNAPSHOT/protostuff-core-1.4.3-SNAPSHOT.jar:/home/spirals/danglot/.m2/repository/io/protostuff/protostuff-core/1.4.3-SNAPSHOT/protostuff-core-1.4.3-SNAPSHOT-tests.jar:/home/spirals/danglot/.m2/repository/io/protostuff/protostuff-api/1.4.3-SNAPSHOT/protostuff-api-1.4.3-SNAPSHOT.jar:/home/spirals/danglot/.m2/repository/io/protostuff/protostuff-collectionschema/1.4.3-SNAPSHOT/protostuff-collectionschema-1.4.3-SNAPSHOT.jar:/tmp/Ex2Amplifier-experiments/target/dspot/dependencies:/home/spirals/danglot/.m2/repository/eu/stamp-project/test-runner/1.0.8/test-runner-1.0.8-jar-with-dependencies.jar eu.stamp_project.testrunner.runner.test.TestRunner io.protostuff.runtime.DefaultIdStrategyTest privateConstructors
File saved to the following path: /tmp/Ex2Amplifier-experiments/dataset/may-2018/protostuff/180/protostuff-runtime/target/dspot/TestListener.ser
[117189] INFO EntryPoint - Test has been run: privateConstructors
[117189] INFO Amplification - 0 amplified test(s) has been selected, global: 0
[117190] INFO Amplification - amp privateConstructors (1/1)
[117191] DEBUG Launcher - printing io.protostuff.runtime.DefaultIdStrategyTest to /tmp/Ex2Amplifier-experiments/target/dspot/tmp_test_sources
[117241] INFO EntryPoint - Run: java -cp /tmp/Ex2Amplifier-experiments/dataset/may-2018/protostuff/180/protostuff-runtime/target/test-classes:/tmp/Ex2Amplifier-experiments/dataset/may-2018/protostuff/180/protostuff-runtime/target/classes:/home/spirals/danglot/.m2/repository/junit/junit/4.11/junit-4.11.jar:/home/spirals/danglot/.m2/repository/org/hamcrest/hamcrest-core/1.3/hamcrest-core-1.3.jar:/home/spirals/danglot/.m2/repository/org/mockito/mockito-core/1.10.8/mockito-core-1.10.8.jar:/home/spirals/danglot/.m2/repository/org/objenesis/objenesis/2.1/objenesis-2.1.jar:/home/spirals/danglot/.m2/repository/io/protostuff/protostuff-core/1.4.3-SNAPSHOT/protostuff-core-1.4.3-SNAPSHOT.jar:/home/spirals/danglot/.m2/repository/io/protostuff/protostuff-core/1.4.3-SNAPSHOT/protostuff-core-1.4.3-SNAPSHOT-tests.jar:/home/spirals/danglot/.m2/repository/io/protostuff/protostuff-api/1.4.3-SNAPSHOT/protostuff-api-1.4.3-SNAPSHOT.jar:/home/spirals/danglot/.m2/repository/io/protostuff/protostuff-collectionschema/1.4.3-SNAPSHOT/protostuff-collectionschema-1.4.3-SNAPSHOT.jar:/tmp/Ex2Amplifier-experiments/target/dspot/dependencies:/home/spirals/danglot/.m2/repository/eu/stamp-project/test-runner/1.0.8/test-runner-1.0.8-jar-with-dependencies.jar eu.stamp_project.testrunner.runner.test.TestRunner io.protostuff.runtime.DefaultIdStrategyTest privateConstructors
File saved to the following path: /tmp/Ex2Amplifier-experiments/dataset/may-2018/protostuff/180/protostuff-runtime/target/dspot/TestListener.ser
[117773] INFO EntryPoint - Test has been run: privateConstructors
[117773] INFO Amplification - iteration 0:
[117773] INFO Amplification - 1 tests selected to be amplified over 1 available tests
[117777] INFO AssertGenerator - Run tests. (1)
[117778] DEBUG Launcher - printing io.protostuff.runtime.DefaultIdStrategyTest to /tmp/Ex2Amplifier-experiments/target/dspot/tmp_test_sources
[117828] INFO EntryPoint - Run: java -cp /tmp/Ex2Amplifier-experiments/dataset/may-2018/protostuff/180/protostuff-runtime/target/test-classes:/tmp/Ex2Amplifier-experiments/dataset/may-2018/protostuff/180/protostuff-runtime/target/classes:/home/spirals/danglot/.m2/repository/junit/junit/4.11/junit-4.11.jar:/home/spirals/danglot/.m2/repository/org/hamcrest/hamcrest-core/1.3/hamcrest-core-1.3.jar:/home/spirals/danglot/.m2/repository/org/mockito/mockito-core/1.10.8/mockito-core-1.10.8.jar:/home/spirals/danglot/.m2/repository/org/objenesis/objenesis/2.1/objenesis-2.1.jar:/home/spirals/danglot/.m2/repository/io/protostuff/protostuff-core/1.4.3-SNAPSHOT/protostuff-core-1.4.3-SNAPSHOT.jar:/home/spirals/danglot/.m2/repository/io/protostuff/protostuff-core/1.4.3-SNAPSHOT/protostuff-core-1.4.3-SNAPSHOT-tests.jar:/home/spirals/danglot/.m2/repository/io/protostuff/protostuff-api/1.4.3-SNAPSHOT/protostuff-api-1.4.3-SNAPSHOT.jar:/home/spirals/danglot/.m2/repository/io/protostuff/protostuff-collectionschema/1.4.3-SNAPSHOT/protostuff-collectionschema-1.4.3-SNAPSHOT.jar:/tmp/Ex2Amplifier-experiments/target/dspot/dependencies:/home/spirals/danglot/.m2/repository/eu/stamp-project/test-runner/1.0.8/test-runner-1.0.8-jar-with-dependencies.jar eu.stamp_project.testrunner.runner.test.TestRunner io.protostuff.runtime.DefaultIdStrategyTest privateConstructorslitBool1
File saved to the following path: /tmp/Ex2Amplifier-experiments/dataset/may-2018/protostuff/180/protostuff-runtime/target/dspot/TestListener.ser
[118277] INFO EntryPoint - Test has been run: privateConstructorslitBool1
[118277] INFO AssertGenerator - 1 test pass, generating assertion...
[118279] INFO MethodsAssertGenerator - Add observations points in passing tests.
[118279] INFO MethodsAssertGenerator - Instrumentation...
100% |================================================== ]/
[118280] INFO MethodsAssertGenerator - Run instrumented tests. (3)
[118282] DEBUG Launcher - printing io.protostuff.runtime.DefaultIdStrategyTest to /tmp/Ex2Amplifier-experiments/target/dspot/tmp_test_sources
[118336] INFO EntryPoint - Run: java -cp /tmp/Ex2Amplifier-experiments/dataset/may-2018/protostuff/180/protostuff-runtime/target/test-classes:/tmp/Ex2Amplifier-experiments/dataset/may-2018/protostuff/180/protostuff-runtime/target/classes:/home/spirals/danglot/.m2/repository/junit/junit/4.11/junit-4.11.jar:/home/spirals/danglot/.m2/repository/org/hamcrest/hamcrest-core/1.3/hamcrest-core-1.3.jar:/home/spirals/danglot/.m2/repository/org/mockito/mockito-core/1.10.8/mockito-core-1.10.8.jar:/home/spirals/danglot/.m2/repository/org/objenesis/objenesis/2.1/objenesis-2.1.jar:/home/spirals/danglot/.m2/repository/io/protostuff/protostuff-core/1.4.3-SNAPSHOT/protostuff-core-1.4.3-SNAPSHOT.jar:/home/spirals/danglot/.m2/repository/io/protostuff/protostuff-core/1.4.3-SNAPSHOT/protostuff-core-1.4.3-SNAPSHOT-tests.jar:/home/spirals/danglot/.m2/repository/io/protostuff/protostuff-api/1.4.3-SNAPSHOT/protostuff-api-1.4.3-SNAPSHOT.jar:/home/spirals/danglot/.m2/repository/io/protostuff/protostuff-collectionschema/1.4.3-SNAPSHOT/protostuff-collectionschema-1.4.3-SNAPSHOT.jar:/tmp/Ex2Amplifier-experiments/target/dspot/dependencies:/home/spirals/danglot/.m2/repository/eu/stamp-project/test-runner/1.0.8/test-runner-1.0.8-jar-with-dependencies.jar eu.stamp_project.testrunner.runner.test.TestRunner io.protostuff.runtime.DefaultIdStrategyTest privateConstructorslitBool1_withlog0:privateConstructorslitBool1_withlog1:privateConstructorslitBool1_withlog2
File saved to the following path: /tmp/Ex2Amplifier-experiments/dataset/may-2018/protostuff/180/protostuff-runtime/target/dspot/observations.ser
File saved to the following path: /tmp/Ex2Amplifier-experiments/dataset/may-2018/protostuff/180/protostuff-runtime/target/dspot/TestListener.ser
[118734] INFO EntryPoint - Test has been run: privateConstructorslitBool1_withlog0(io.protostuff.runtime.DefaultIdStrategyTest): null,privateConstructorslitBool1_withlog1(io.protostuff.runtime.DefaultIdStrategyTest): null,privateConstructorslitBool1_withlog2(io.protostuff.runtime.DefaultIdStrategyTest): null
[118734] INFO MethodsAssertGenerator - Generating assertions...
[118736] INFO AssertGenerator - Could not generate any test with assertions
[118736] INFO Amplification - iteration 1:
[118736] INFO Amplification - 1 tests selected to be amplified over 1 available tests
[118737] INFO Amplification - iteration 2:
[118737] INFO Amplification - No test could be generated from selected test
[118737] INFO Amplification - 0 amplified test(s) has been selected, global: 0
[118737] INFO DSpot - elapsedTime 2109
======= REPORT =======
0 amplified test fails on the new versions.

[118739] INFO DSpot - Print AmplDefaultIdStrategyTest with 0?amplified test cases in results/may-2018/protostuff/180/I_ampl
[118740] DEBUG Launcher - printing io.protostuff.runtime.AmplDefaultIdStrategyTest to /tmp/Ex2Amplifier-experiments/results/may-2018/protostuff/180/I_ampl
