SLF4J: Class path contains multiple SLF4J bindings.
SLF4J: Found binding in [jar:file:/home/spirals/danglot/.m2/repository/eu/stamp-project/test-runner/1.0.5/test-runner-1.0.5-jar-with-dependencies.jar!/org/slf4j/impl/StaticLoggerBinder.class]
SLF4J: Found binding in [jar:file:/home/spirals/danglot/.m2/repository/org/slf4j/slf4j-log4j12/1.7.25/slf4j-log4j12-1.7.25.jar!/org/slf4j/impl/StaticLoggerBinder.class]
SLF4J: See http://www.slf4j.org/codes.html#multiple_bindings for an explanation.
SLF4J: Actual binding is of type [org.slf4j.impl.Log4jLoggerFactory]
[0] WARN AutomaticBuilderFactory - No automatic builder specified in configuration, going to default.
[0] INFO AutomaticBuilderFactory - Default: provided Maven automatic builder.
[10] INFO MavenAutomaticBuilder - run maven clean test -DskipTests dependency:build-classpath -Dmdep.outputFile=target/dspot/classpath
[WARN] Maven will be executed in interactive mode, but no input stream has been configured for this MavenInvoker instance.
[INFO] Scanning for projects...
[INFO]                                                                         
[INFO] ------------------------------------------------------------------------
[INFO] Building protostuff :: runtime 1.4.3-SNAPSHOT
[INFO] ------------------------------------------------------------------------
[INFO] 
[INFO] --- maven-clean-plugin:2.5:clean (default-clean) @ protostuff-runtime ---
[INFO] Deleting /tmp/Ex2Amplifier-experiments/dataset/may-2018/protostuff/180_modified/protostuff-runtime/target
[INFO] 
[INFO] --- maven-enforcer-plugin:1.3.1:enforce (enforce-versions) @ protostuff-runtime ---
[INFO] Skipping Rule Enforcement.
[INFO] 
[INFO] --- maven-resources-plugin:2.6:resources (default-resources) @ protostuff-runtime ---
[INFO] Using 'UTF-8' encoding to copy filtered resources.
[INFO] skip non existing resourceDirectory /tmp/Ex2Amplifier-experiments/dataset/may-2018/protostuff/180_modified/protostuff-runtime/src/main/resources
[INFO] 
[INFO] --- maven-compiler-plugin:3.1:compile (default-compile) @ protostuff-runtime ---
[INFO] Changes detected - recompiling the module!
[INFO] Compiling 40 source files to /tmp/Ex2Amplifier-experiments/dataset/may-2018/protostuff/180_modified/protostuff-runtime/target/classes
[WARNING] /tmp/Ex2Amplifier-experiments/dataset/may-2018/protostuff/180_modified/protostuff-runtime/src/main/java/io/protostuff/runtime/RuntimeUnsafeFieldFactory.java:[60,34] sun.misc.Unsafe is internal proprietary API and may be removed in a future release
[WARNING] /tmp/Ex2Amplifier-experiments/dataset/may-2018/protostuff/180_modified/protostuff-runtime/src/main/java/io/protostuff/runtime/RuntimeUnsafeFieldFactory.java:[62,28] sun.misc.Unsafe is internal proprietary API and may be removed in a future release
[WARNING] /tmp/Ex2Amplifier-experiments/dataset/may-2018/protostuff/180_modified/protostuff-runtime/src/main/java/io/protostuff/runtime/RuntimeUnsafeFieldFactory.java:[66,49] sun.misc.Unsafe is internal proprietary API and may be removed in a future release
[WARNING] /tmp/Ex2Amplifier-experiments/dataset/may-2018/protostuff/180_modified/protostuff-runtime/src/main/java/io/protostuff/runtime/RuntimeUnsafeFieldFactory.java:[71,29] sun.misc.Unsafe is internal proprietary API and may be removed in a future release
[WARNING] /tmp/Ex2Amplifier-experiments/dataset/may-2018/protostuff/180_modified/protostuff-runtime/src/main/java/io/protostuff/runtime/RuntimeUnsafeFieldFactory.java:[86,24] sun.misc.Unsafe is internal proprietary API and may be removed in a future release
[WARNING] /tmp/Ex2Amplifier-experiments/dataset/may-2018/protostuff/180_modified/protostuff-runtime/src/main/java/io/protostuff/runtime/OnDemandSunReflectionFactory.java:[40,44] sun.reflect.ReflectionFactory is internal proprietary API and may be removed in a future release
[INFO] 
[INFO] --- maven-resources-plugin:2.6:testResources (default-testResources) @ protostuff-runtime ---
[INFO] Using 'UTF-8' encoding to copy filtered resources.
[INFO] skip non existing resourceDirectory /tmp/Ex2Amplifier-experiments/dataset/may-2018/protostuff/180_modified/protostuff-runtime/src/test/resources
[INFO] 
[INFO] --- maven-compiler-plugin:3.1:testCompile (default-testCompile) @ protostuff-runtime ---
[INFO] Changes detected - recompiling the module!
[INFO] Compiling 43 source files to /tmp/Ex2Amplifier-experiments/dataset/may-2018/protostuff/180_modified/protostuff-runtime/target/test-classes
[WARNING] /tmp/Ex2Amplifier-experiments/dataset/may-2018/protostuff/180_modified/protostuff-runtime/src/test/java/io/protostuff/runtime/SerializableObjects.java: Some input files use or override a deprecated API.
[WARNING] /tmp/Ex2Amplifier-experiments/dataset/may-2018/protostuff/180_modified/protostuff-runtime/src/test/java/io/protostuff/runtime/SerializableObjects.java: Recompile with -Xlint:deprecation for details.
[WARNING] /tmp/Ex2Amplifier-experiments/dataset/may-2018/protostuff/180_modified/protostuff-runtime/src/test/java/io/protostuff/runtime/AbstractRuntimeObjectSchemaTest.java: Some input files use unchecked or unsafe operations.
[WARNING] /tmp/Ex2Amplifier-experiments/dataset/may-2018/protostuff/180_modified/protostuff-runtime/src/test/java/io/protostuff/runtime/AbstractRuntimeObjectSchemaTest.java: Recompile with -Xlint:unchecked for details.
[INFO] 
[INFO] --- maven-surefire-plugin:2.18.1:test (default-test) @ protostuff-runtime ---
[INFO] Tests are skipped.
[INFO] 
[INFO] --- maven-dependency-plugin:2.8:build-classpath (default-cli) @ protostuff-runtime ---
[INFO] Wrote classpath file '/tmp/Ex2Amplifier-experiments/dataset/may-2018/protostuff/180_modified/protostuff-runtime/target/dspot/classpath'.
[INFO] ------------------------------------------------------------------------
[INFO] BUILD SUCCESS
[INFO] ------------------------------------------------------------------------
[INFO] Total time: 6.746 s
[INFO] Finished at: 2018-05-16T15:04:56+02:00
[INFO] Final Memory: 27M/336M
[INFO] ------------------------------------------------------------------------
[13367] WARN AutomaticBuilderFactory - No automatic builder specified in configuration, going to default.
[13367] INFO AutomaticBuilderFactory - Default: provided Maven automatic builder.
[13367] INFO MavenAutomaticBuilder - run maven clean test -DskipTests dependency:build-classpath -Dmdep.outputFile=target/dspot/classpath
[WARN] Maven will be executed in interactive mode, but no input stream has been configured for this MavenInvoker instance.
[INFO] Scanning for projects...
[INFO]                                                                         
[INFO] ------------------------------------------------------------------------
[INFO] Building protostuff :: runtime 1.4.3-SNAPSHOT
[INFO] ------------------------------------------------------------------------
[INFO] 
[INFO] --- maven-clean-plugin:2.5:clean (default-clean) @ protostuff-runtime ---
[INFO] Deleting /tmp/Ex2Amplifier-experiments/dataset/may-2018/protostuff/180/protostuff-runtime/target
[INFO] 
[INFO] --- maven-enforcer-plugin:1.3.1:enforce (enforce-versions) @ protostuff-runtime ---
[INFO] Skipping Rule Enforcement.
[INFO] 
[INFO] --- maven-resources-plugin:2.6:resources (default-resources) @ protostuff-runtime ---
[INFO] Using 'UTF-8' encoding to copy filtered resources.
[INFO] skip non existing resourceDirectory /tmp/Ex2Amplifier-experiments/dataset/may-2018/protostuff/180/protostuff-runtime/src/main/resources
[INFO] 
[INFO] --- maven-compiler-plugin:3.1:compile (default-compile) @ protostuff-runtime ---
[INFO] Changes detected - recompiling the module!
[INFO] Compiling 37 source files to /tmp/Ex2Amplifier-experiments/dataset/may-2018/protostuff/180/protostuff-runtime/target/classes
[WARNING] /tmp/Ex2Amplifier-experiments/dataset/may-2018/protostuff/180/protostuff-runtime/src/main/java/io/protostuff/runtime/RuntimeUnsafeFieldFactory.java:[60,34] sun.misc.Unsafe is internal proprietary API and may be removed in a future release
[WARNING] /tmp/Ex2Amplifier-experiments/dataset/may-2018/protostuff/180/protostuff-runtime/src/main/java/io/protostuff/runtime/RuntimeUnsafeFieldFactory.java:[62,28] sun.misc.Unsafe is internal proprietary API and may be removed in a future release
[WARNING] /tmp/Ex2Amplifier-experiments/dataset/may-2018/protostuff/180/protostuff-runtime/src/main/java/io/protostuff/runtime/RuntimeUnsafeFieldFactory.java:[66,49] sun.misc.Unsafe is internal proprietary API and may be removed in a future release
[WARNING] /tmp/Ex2Amplifier-experiments/dataset/may-2018/protostuff/180/protostuff-runtime/src/main/java/io/protostuff/runtime/RuntimeUnsafeFieldFactory.java:[71,29] sun.misc.Unsafe is internal proprietary API and may be removed in a future release
[WARNING] /tmp/Ex2Amplifier-experiments/dataset/may-2018/protostuff/180/protostuff-runtime/src/main/java/io/protostuff/runtime/RuntimeUnsafeFieldFactory.java:[86,24] sun.misc.Unsafe is internal proprietary API and may be removed in a future release
[WARNING] /tmp/Ex2Amplifier-experiments/dataset/may-2018/protostuff/180/protostuff-runtime/src/main/java/io/protostuff/runtime/OnDemandSunReflectionFactory.java:[40,44] sun.reflect.ReflectionFactory is internal proprietary API and may be removed in a future release
[INFO] 
[INFO] --- maven-resources-plugin:2.6:testResources (default-testResources) @ protostuff-runtime ---
[INFO] Using 'UTF-8' encoding to copy filtered resources.
[INFO] skip non existing resourceDirectory /tmp/Ex2Amplifier-experiments/dataset/may-2018/protostuff/180/protostuff-runtime/src/test/resources
[INFO] 
[INFO] --- maven-compiler-plugin:3.1:testCompile (default-testCompile) @ protostuff-runtime ---
[INFO] Changes detected - recompiling the module!
[INFO] Compiling 43 source files to /tmp/Ex2Amplifier-experiments/dataset/may-2018/protostuff/180/protostuff-runtime/target/test-classes
[WARNING] /tmp/Ex2Amplifier-experiments/dataset/may-2018/protostuff/180/protostuff-runtime/src/test/java/io/protostuff/runtime/CollectionTest.java: Some input files use or override a deprecated API.
[WARNING] /tmp/Ex2Amplifier-experiments/dataset/may-2018/protostuff/180/protostuff-runtime/src/test/java/io/protostuff/runtime/CollectionTest.java: Recompile with -Xlint:deprecation for details.
[WARNING] /tmp/Ex2Amplifier-experiments/dataset/may-2018/protostuff/180/protostuff-runtime/src/test/java/io/protostuff/runtime/AbstractRuntimeObjectSchemaTest.java: Some input files use unchecked or unsafe operations.
[WARNING] /tmp/Ex2Amplifier-experiments/dataset/may-2018/protostuff/180/protostuff-runtime/src/test/java/io/protostuff/runtime/AbstractRuntimeObjectSchemaTest.java: Recompile with -Xlint:unchecked for details.
[INFO] 
[INFO] --- maven-surefire-plugin:2.18.1:test (default-test) @ protostuff-runtime ---
[INFO] Tests are skipped.
[INFO] 
[INFO] --- maven-dependency-plugin:2.8:build-classpath (default-cli) @ protostuff-runtime ---
[INFO] Wrote classpath file '/tmp/Ex2Amplifier-experiments/dataset/may-2018/protostuff/180/protostuff-runtime/target/dspot/classpath'.
[INFO] ------------------------------------------------------------------------
[INFO] BUILD SUCCESS
[INFO] ------------------------------------------------------------------------
[INFO] Total time: 6.078 s
[INFO] Finished at: 2018-05-16T15:05:08+02:00
[INFO] Final Memory: 26M/312M
[INFO] ------------------------------------------------------------------------
[21069] INFO SelectorOnDiff - Selecting according to a diff between dataset/may-2018/protostuff/180_modified/protostuff-runtime and dataset/may-2018/protostuff/180/protostuff-runtime (f2d21ef8308fa48c3093c100168941ccb53214e1)
[21128] INFO SelectorOnDiff - Modified files:
a/protostuff-runtime-md/src/main/java/io/protostuff/runtime/RuntimeEnv.java
a/protostuff-runtime/src/test/java/io/protostuff/runtime/AbstractRuntimeCollectionSchemaTest.java
a/protostuff-runtime/src/main/java/io/protostuff/runtime/PolymorphicPojoMapSchema.java
a/protostuff-runtime/src/main/java/io/protostuff/runtime/PolymorphicSchemaFactories.java
a/protostuff-runtime/src/main/java/io/protostuff/runtime/IdStrategy.java
a/protostuff-runtime/src/main/java/io/protostuff/runtime/RuntimeMapFieldFactory.java
a/protostuff-runtime/src/main/java/io/protostuff/runtime/PolymorphicPojoCollectionSchema.java
a/protostuff-runtime/src/main/java/io/protostuff/runtime/DefaultIdStrategy.java
a/protostuff-runtime/src/main/java/io/protostuff/runtime/RuntimeEnv.java
a/protostuff-runtime/src/main/java/io/protostuff/runtime/RuntimeCollectionFieldFactory.java
a/protostuff-runtime/src/main/java/io/protostuff/runtime/PolymorphicCollectionSchema.java
a/protostuff-runtime/src/main/java/io/protostuff/runtime/RuntimeReflectionFieldFactory.java
a/protostuff-runtime-registry/src/main/java/io/protostuff/runtime/ExplicitIdStrategy.java
a/protostuff-runtime/src/main/java/io/protostuff/runtime/RuntimeRepeatedFieldFactory.java
a/protostuff-runtime/src/main/java/io/protostuff/runtime/RuntimeSchema.java
a/protostuff-runtime/src/main/java/io/protostuff/runtime/RuntimeUnsafeFieldFactory.java
a/protostuff-runtime/src/main/java/io/protostuff/runtime/PolymorphicMapSchema.java
a/protostuff-runtime/src/main/java/io/protostuff/runtime/RuntimeFieldFactory.java
a/protostuff-runtime/src/main/java/io/protostuff/runtime/PolymorphicPojoSchema.java
a/protostuff-runtime-md/src/main/java/io/protostuff/runtime/RuntimeFieldFactory.java
a/protostuff-runtime/src/main/java/io/protostuff/runtime/ObjectSchema.java
a/protostuff-runtime-registry/src/main/java/io/protostuff/runtime/IncrementalIdStrategy.java
[95170] INFO Amplification - amplification of io.protostuff.runtime.ObjectSchemaTest (1 test(s))
[96114] INFO Amplification - Try to add assertions before amplification
[96157] INFO AssertGenerator - Run tests. (1)
[96901] INFO AssertGenerator - 1 test pass, generating assertion...
[96915] INFO MethodsAssertGenerator - Add observations points in passing tests.
[96915] INFO MethodsAssertGenerator - Instrumentation...
100% |================================================== ]/
[96940] INFO MethodsAssertGenerator - Run instrumented tests. (3)
[97767] INFO MethodsAssertGenerator - Generating assertions...
[97771] INFO AssertGenerator - Could not generate any test with assertions
[97771] INFO Amplification - 0 amplified test(s) has been selected, global: 0
[97771] INFO DSpot - elapsedTime 2616
======= REPORT =======
0 amplified test fails on the new versions.

[97848] INFO DSpot - Print AmplObjectSchemaTest with 0?amplified test cases in results/may-2018/protostuff/180_modified/A_ampl
[97992] INFO Amplification - amplification of io.protostuff.runtime.DefaultIdStrategyTest (1 test(s))
[98542] INFO Amplification - Try to add assertions before amplification
[98544] INFO AssertGenerator - Run tests. (1)
[99122] INFO AssertGenerator - 1 test pass, generating assertion...
[99123] INFO MethodsAssertGenerator - Add observations points in passing tests.
[99123] INFO MethodsAssertGenerator - Instrumentation...
100% |================================================== ]/
[99125] INFO MethodsAssertGenerator - Run instrumented tests. (3)
[99728] INFO MethodsAssertGenerator - Generating assertions...
[99729] INFO AssertGenerator - Could not generate any test with assertions
[99729] INFO Amplification - 0 amplified test(s) has been selected, global: 0
[99729] INFO DSpot - elapsedTime 1737
======= REPORT =======
0 amplified test fails on the new versions.

[99731] INFO DSpot - Print AmplDefaultIdStrategyTest with 0?amplified test cases in results/may-2018/protostuff/180_modified/A_ampl
