SLF4J: Class path contains multiple SLF4J bindings.
SLF4J: Found binding in [jar:file:/home/spirals/danglot/.m2/repository/eu/stamp-project/test-runner/1.0.5/test-runner-1.0.5-jar-with-dependencies.jar!/org/slf4j/impl/StaticLoggerBinder.class]
SLF4J: Found binding in [jar:file:/home/spirals/danglot/.m2/repository/org/slf4j/slf4j-log4j12/1.7.25/slf4j-log4j12-1.7.25.jar!/org/slf4j/impl/StaticLoggerBinder.class]
SLF4J: See http://www.slf4j.org/codes.html#multiple_bindings for an explanation.
SLF4J: Actual binding is of type [org.slf4j.impl.Log4jLoggerFactory]
[0] WARN AutomaticBuilderFactory - No automatic builder specified in configuration, going to default.
[0] INFO AutomaticBuilderFactory - Default: provided Maven automatic builder.
[11] INFO MavenAutomaticBuilder - run maven clean test -DskipTests dependency:build-classpath -Dmdep.outputFile=target/dspot/classpath
[WARN] Maven will be executed in interactive mode, but no input stream has been configured for this MavenInvoker instance.
[INFO] Scanning for projects...
[INFO]                                                                         
[INFO] ------------------------------------------------------------------------
[INFO] Building protostuff :: runtime 1.4.3-SNAPSHOT
[INFO] ------------------------------------------------------------------------
[INFO] 
[INFO] --- maven-clean-plugin:2.5:clean (default-clean) @ protostuff-runtime ---
[INFO] Deleting /tmp/Ex2Amplifier-experiments/dataset/may-2018/protostuff/182/protostuff-runtime/target
[INFO] 
[INFO] --- maven-enforcer-plugin:1.3.1:enforce (enforce-versions) @ protostuff-runtime ---
[INFO] Skipping Rule Enforcement.
[INFO] 
[INFO] --- maven-resources-plugin:2.6:resources (default-resources) @ protostuff-runtime ---
[INFO] Using 'UTF-8' encoding to copy filtered resources.
[INFO] skip non existing resourceDirectory /tmp/Ex2Amplifier-experiments/dataset/may-2018/protostuff/182/protostuff-runtime/src/main/resources
[INFO] 
[INFO] --- maven-compiler-plugin:3.1:compile (default-compile) @ protostuff-runtime ---
[INFO] Changes detected - recompiling the module!
[INFO] Compiling 40 source files to /tmp/Ex2Amplifier-experiments/dataset/may-2018/protostuff/182/protostuff-runtime/target/classes
[WARNING] /tmp/Ex2Amplifier-experiments/dataset/may-2018/protostuff/182/protostuff-runtime/src/main/java/io/protostuff/runtime/OnDemandSunReflectionFactory.java:[40,44] sun.reflect.ReflectionFactory is internal proprietary API and may be removed in a future release
[WARNING] /tmp/Ex2Amplifier-experiments/dataset/may-2018/protostuff/182/protostuff-runtime/src/main/java/io/protostuff/runtime/RuntimeUnsafeFieldFactory.java:[60,34] sun.misc.Unsafe is internal proprietary API and may be removed in a future release
[WARNING] /tmp/Ex2Amplifier-experiments/dataset/may-2018/protostuff/182/protostuff-runtime/src/main/java/io/protostuff/runtime/RuntimeUnsafeFieldFactory.java:[62,28] sun.misc.Unsafe is internal proprietary API and may be removed in a future release
[WARNING] /tmp/Ex2Amplifier-experiments/dataset/may-2018/protostuff/182/protostuff-runtime/src/main/java/io/protostuff/runtime/RuntimeUnsafeFieldFactory.java:[66,49] sun.misc.Unsafe is internal proprietary API and may be removed in a future release
[WARNING] /tmp/Ex2Amplifier-experiments/dataset/may-2018/protostuff/182/protostuff-runtime/src/main/java/io/protostuff/runtime/RuntimeUnsafeFieldFactory.java:[71,29] sun.misc.Unsafe is internal proprietary API and may be removed in a future release
[WARNING] /tmp/Ex2Amplifier-experiments/dataset/may-2018/protostuff/182/protostuff-runtime/src/main/java/io/protostuff/runtime/RuntimeUnsafeFieldFactory.java:[86,24] sun.misc.Unsafe is internal proprietary API and may be removed in a future release
[INFO] 
[INFO] --- maven-resources-plugin:2.6:testResources (default-testResources) @ protostuff-runtime ---
[INFO] Using 'UTF-8' encoding to copy filtered resources.
[INFO] skip non existing resourceDirectory /tmp/Ex2Amplifier-experiments/dataset/may-2018/protostuff/182/protostuff-runtime/src/test/resources
[INFO] 
[INFO] --- maven-compiler-plugin:3.1:testCompile (default-testCompile) @ protostuff-runtime ---
[INFO] Changes detected - recompiling the module!
[INFO] Compiling 43 source files to /tmp/Ex2Amplifier-experiments/dataset/may-2018/protostuff/182/protostuff-runtime/target/test-classes
[WARNING] /tmp/Ex2Amplifier-experiments/dataset/may-2018/protostuff/182/protostuff-runtime/src/test/java/io/protostuff/runtime/SerializableObjects.java: Some input files use or override a deprecated API.
[WARNING] /tmp/Ex2Amplifier-experiments/dataset/may-2018/protostuff/182/protostuff-runtime/src/test/java/io/protostuff/runtime/SerializableObjects.java: Recompile with -Xlint:deprecation for details.
[WARNING] /tmp/Ex2Amplifier-experiments/dataset/may-2018/protostuff/182/protostuff-runtime/src/test/java/io/protostuff/runtime/AbstractRuntimeObjectSchemaTest.java: Some input files use unchecked or unsafe operations.
[WARNING] /tmp/Ex2Amplifier-experiments/dataset/may-2018/protostuff/182/protostuff-runtime/src/test/java/io/protostuff/runtime/AbstractRuntimeObjectSchemaTest.java: Recompile with -Xlint:unchecked for details.
[INFO] 
[INFO] --- maven-surefire-plugin:2.18.1:test (default-test) @ protostuff-runtime ---
[INFO] Tests are skipped.
[INFO] 
[INFO] --- maven-dependency-plugin:2.8:build-classpath (default-cli) @ protostuff-runtime ---
[INFO] Wrote classpath file '/tmp/Ex2Amplifier-experiments/dataset/may-2018/protostuff/182/protostuff-runtime/target/dspot/classpath'.
[INFO] ------------------------------------------------------------------------
[INFO] BUILD SUCCESS
[INFO] ------------------------------------------------------------------------
[INFO] Total time: 6.836 s
[INFO] Finished at: 2018-05-16T14:54:58+02:00
[INFO] Final Memory: 26M/320M
[INFO] ------------------------------------------------------------------------
[13810] WARN AutomaticBuilderFactory - No automatic builder specified in configuration, going to default.
[13810] INFO AutomaticBuilderFactory - Default: provided Maven automatic builder.
[13810] INFO MavenAutomaticBuilder - run maven clean test -DskipTests dependency:build-classpath -Dmdep.outputFile=target/dspot/classpath
[WARN] Maven will be executed in interactive mode, but no input stream has been configured for this MavenInvoker instance.
[INFO] Scanning for projects...
[INFO]                                                                         
[INFO] ------------------------------------------------------------------------
[INFO] Building protostuff :: runtime 1.4.3-SNAPSHOT
[INFO] ------------------------------------------------------------------------
[INFO] 
[INFO] --- maven-clean-plugin:2.5:clean (default-clean) @ protostuff-runtime ---
[INFO] Deleting /tmp/Ex2Amplifier-experiments/dataset/may-2018/protostuff/182_modified/protostuff-runtime/target
[INFO] 
[INFO] --- maven-enforcer-plugin:1.3.1:enforce (enforce-versions) @ protostuff-runtime ---
[INFO] Skipping Rule Enforcement.
[INFO] 
[INFO] --- maven-resources-plugin:2.6:resources (default-resources) @ protostuff-runtime ---
[INFO] Using 'UTF-8' encoding to copy filtered resources.
[INFO] skip non existing resourceDirectory /tmp/Ex2Amplifier-experiments/dataset/may-2018/protostuff/182_modified/protostuff-runtime/src/main/resources
[INFO] 
[INFO] --- maven-compiler-plugin:3.1:compile (default-compile) @ protostuff-runtime ---
[INFO] Changes detected - recompiling the module!
[INFO] Compiling 40 source files to /tmp/Ex2Amplifier-experiments/dataset/may-2018/protostuff/182_modified/protostuff-runtime/target/classes
[WARNING] /tmp/Ex2Amplifier-experiments/dataset/may-2018/protostuff/182_modified/protostuff-runtime/src/main/java/io/protostuff/runtime/RuntimeUnsafeFieldFactory.java:[60,34] sun.misc.Unsafe is internal proprietary API and may be removed in a future release
[WARNING] /tmp/Ex2Amplifier-experiments/dataset/may-2018/protostuff/182_modified/protostuff-runtime/src/main/java/io/protostuff/runtime/RuntimeUnsafeFieldFactory.java:[62,28] sun.misc.Unsafe is internal proprietary API and may be removed in a future release
[WARNING] /tmp/Ex2Amplifier-experiments/dataset/may-2018/protostuff/182_modified/protostuff-runtime/src/main/java/io/protostuff/runtime/RuntimeUnsafeFieldFactory.java:[66,49] sun.misc.Unsafe is internal proprietary API and may be removed in a future release
[WARNING] /tmp/Ex2Amplifier-experiments/dataset/may-2018/protostuff/182_modified/protostuff-runtime/src/main/java/io/protostuff/runtime/RuntimeUnsafeFieldFactory.java:[71,29] sun.misc.Unsafe is internal proprietary API and may be removed in a future release
[WARNING] /tmp/Ex2Amplifier-experiments/dataset/may-2018/protostuff/182_modified/protostuff-runtime/src/main/java/io/protostuff/runtime/RuntimeUnsafeFieldFactory.java:[86,24] sun.misc.Unsafe is internal proprietary API and may be removed in a future release
[WARNING] /tmp/Ex2Amplifier-experiments/dataset/may-2018/protostuff/182_modified/protostuff-runtime/src/main/java/io/protostuff/runtime/OnDemandSunReflectionFactory.java:[40,44] sun.reflect.ReflectionFactory is internal proprietary API and may be removed in a future release
[INFO] 
[INFO] --- maven-resources-plugin:2.6:testResources (default-testResources) @ protostuff-runtime ---
[INFO] Using 'UTF-8' encoding to copy filtered resources.
[INFO] skip non existing resourceDirectory /tmp/Ex2Amplifier-experiments/dataset/may-2018/protostuff/182_modified/protostuff-runtime/src/test/resources
[INFO] 
[INFO] --- maven-compiler-plugin:3.1:testCompile (default-testCompile) @ protostuff-runtime ---
[INFO] Changes detected - recompiling the module!
[INFO] Compiling 43 source files to /tmp/Ex2Amplifier-experiments/dataset/may-2018/protostuff/182_modified/protostuff-runtime/target/test-classes
[WARNING] /tmp/Ex2Amplifier-experiments/dataset/may-2018/protostuff/182_modified/protostuff-runtime/src/test/java/io/protostuff/runtime/AnnotatedFieldsTest.java: Some input files use or override a deprecated API.
[WARNING] /tmp/Ex2Amplifier-experiments/dataset/may-2018/protostuff/182_modified/protostuff-runtime/src/test/java/io/protostuff/runtime/AnnotatedFieldsTest.java: Recompile with -Xlint:deprecation for details.
[WARNING] /tmp/Ex2Amplifier-experiments/dataset/may-2018/protostuff/182_modified/protostuff-runtime/src/test/java/io/protostuff/runtime/AbstractRuntimeObjectSchemaTest.java: Some input files use unchecked or unsafe operations.
[WARNING] /tmp/Ex2Amplifier-experiments/dataset/may-2018/protostuff/182_modified/protostuff-runtime/src/test/java/io/protostuff/runtime/AbstractRuntimeObjectSchemaTest.java: Recompile with -Xlint:unchecked for details.
[INFO] 
[INFO] --- maven-surefire-plugin:2.18.1:test (default-test) @ protostuff-runtime ---
[INFO] Tests are skipped.
[INFO] 
[INFO] --- maven-dependency-plugin:2.8:build-classpath (default-cli) @ protostuff-runtime ---
[INFO] Wrote classpath file '/tmp/Ex2Amplifier-experiments/dataset/may-2018/protostuff/182_modified/protostuff-runtime/target/dspot/classpath'.
[INFO] ------------------------------------------------------------------------
[INFO] BUILD SUCCESS
[INFO] ------------------------------------------------------------------------
[INFO] Total time: 6.359 s
[INFO] Finished at: 2018-05-16T14:55:12+02:00
[INFO] Final Memory: 26M/307M
[INFO] ------------------------------------------------------------------------
[21730] INFO SelectorOnDiff - Selecting according to a diff between dataset/may-2018/protostuff/182/protostuff-runtime and dataset/may-2018/protostuff/182_modified/protostuff-runtime (8bbf111d08632f1e95bf5b53a31950df05e4b135)
[21747] INFO SelectorOnDiff - Modified files:
a/protostuff-runtime/src/main/java/io/protostuff/runtime/PolymorphicSchemaFactories.java
a/protostuff-runtime-registry/src/main/java/io/protostuff/runtime/NumericIdStrategy.java
a/protostuff-runtime/src/main/java/io/protostuff/runtime/IdStrategy.java
a/protostuff-runtime/src/main/java/io/protostuff/runtime/RuntimeMapFieldFactory.java
a/protostuff-runtime/src/main/java/io/protostuff/runtime/DefaultIdStrategy.java
a/protostuff-runtime/src/main/java/io/protostuff/runtime/HasDelegate.java
a/protostuff-runtime/src/main/java/io/protostuff/runtime/HasSchema.java
a/protostuff-runtime/src/main/java/io/protostuff/runtime/RuntimeCollectionFieldFactory.java
a/protostuff-runtime/src/main/java/io/protostuff/runtime/EnumIO.java
a/protostuff-runtime/src/main/java/io/protostuff/runtime/PolymorphicEnumSchema.java
a/protostuff-runtime/src/main/java/io/protostuff/runtime/RuntimeReflectionFieldFactory.java
a/protostuff-runtime-registry/src/main/java/io/protostuff/runtime/ExplicitIdStrategy.java
a/protostuff-runtime/src/main/java/io/protostuff/runtime/RuntimeRepeatedFieldFactory.java
a/protostuff-runtime/src/main/java/io/protostuff/runtime/RuntimeUnsafeFieldFactory.java
a/protostuff-runtime/src/main/java/io/protostuff/runtime/RuntimeFieldFactory.java
a/protostuff-runtime-md/src/main/java/io/protostuff/runtime/RuntimeFieldFactory.java
a/protostuff-runtime/src/main/java/io/protostuff/runtime/ArraySchemas.java
a/protostuff-runtime/src/main/java/io/protostuff/runtime/ObjectSchema.java
a/protostuff-runtime-registry/src/main/java/io/protostuff/runtime/IncrementalIdStrategy.java
[98472] INFO Amplification - amplification of io.protostuff.runtime.ObjectSchemaTest (1 test(s))
[99411] INFO Amplification - Try to add assertions before amplification
[99458] INFO AssertGenerator - Run tests. (1)
[100333] INFO AssertGenerator - 1 test pass, generating assertion...
[100347] INFO MethodsAssertGenerator - Add observations points in passing tests.
[100347] INFO MethodsAssertGenerator - Instrumentation...
100% |================================================== ]/
[100369] INFO MethodsAssertGenerator - Run instrumented tests. (3)
[101158] INFO MethodsAssertGenerator - Generating assertions...
[101161] INFO AssertGenerator - Could not generate any test with assertions
[101161] INFO Amplification - 0 amplified test(s) has been selected, global: 0
[101162] INFO Amplification - amp testGraph (1/1)
[101940] INFO Amplification - iteration 0:
[101940] INFO Amplification - 1 tests selected to be amplified over 1 available tests
[101940] INFO Amplification - Amplification of inputs...
100% |================================================== ]/
[102137] DEBUG Launcher - building sources: [/tmp/Ex2Amplifier-experiments/target/dspot/tmp_test_sources/io/protostuff/runtime/ObjectSchemaTest.java]
[102138] DEBUG Launcher - build args: [-encoding, UTF-8, -cp, /home/spirals/danglot/.m2/repository/junit/junit/4.11/junit-4.11.jar:/home/spirals/danglot/.m2/repository/org/hamcrest/hamcrest-core/1.3/hamcrest-core-1.3.jar:/home/spirals/danglot/.m2/repository/org/mockito/mockito-core/1.10.8/mockito-core-1.10.8.jar:/home/spirals/danglot/.m2/repository/org/objenesis/objenesis/2.1/objenesis-2.1.jar:/home/spirals/danglot/.m2/repository/io/protostuff/protostuff-core/1.4.3-SNAPSHOT/protostuff-core-1.4.3-SNAPSHOT.jar:/home/spirals/danglot/.m2/repository/io/protostuff/protostuff-core/1.4.3-SNAPSHOT/protostuff-core-1.4.3-SNAPSHOT-tests.jar:/home/spirals/danglot/.m2/repository/io/protostuff/protostuff-api/1.4.3-SNAPSHOT/protostuff-api-1.4.3-SNAPSHOT.jar:/home/spirals/danglot/.m2/repository/io/protostuff/protostuff-collectionschema/1.4.3-SNAPSHOT/protostuff-collectionschema-1.4.3-SNAPSHOT.jar:dataset/may-2018/protostuff/182/protostuff-runtime//target/classes:target/dspot/dependencies/:dataset/may-2018/protostuff/182/protostuff-runtime//target/test-classes:lib/catg-dev.jar:, -1.8, -preserveAllLocals, -noExit, -enableJavadoc, /tmp/Ex2Amplifier-experiments/target/dspot/tmp_test_sources/io/protostuff/runtime/ObjectSchemaTest.java]
[102226] DEBUG Launcher - built in 89 ms
[102226] DEBUG Launcher - building templates: []
[102226] DEBUG Launcher - built in 0 ms
[102230] DEBUG Launcher - model built in 93
[102231] DEBUG Launcher - compiling sources: [/tmp/Ex2Amplifier-experiments/target/dspot/tmp_test_sources/io/protostuff/runtime/ObjectSchemaTest.java]
[102238] DEBUG Launcher - compile args: [-encoding, UTF-8, -cp, /home/spirals/danglot/.m2/repository/junit/junit/4.11/junit-4.11.jar:/home/spirals/danglot/.m2/repository/org/hamcrest/hamcrest-core/1.3/hamcrest-core-1.3.jar:/home/spirals/danglot/.m2/repository/org/mockito/mockito-core/1.10.8/mockito-core-1.10.8.jar:/home/spirals/danglot/.m2/repository/org/objenesis/objenesis/2.1/objenesis-2.1.jar:/home/spirals/danglot/.m2/repository/io/protostuff/protostuff-core/1.4.3-SNAPSHOT/protostuff-core-1.4.3-SNAPSHOT.jar:/home/spirals/danglot/.m2/repository/io/protostuff/protostuff-core/1.4.3-SNAPSHOT/protostuff-core-1.4.3-SNAPSHOT-tests.jar:/home/spirals/danglot/.m2/repository/io/protostuff/protostuff-api/1.4.3-SNAPSHOT/protostuff-api-1.4.3-SNAPSHOT.jar:/home/spirals/danglot/.m2/repository/io/protostuff/protostuff-collectionschema/1.4.3-SNAPSHOT/protostuff-collectionschema-1.4.3-SNAPSHOT.jar:dataset/may-2018/protostuff/182/protostuff-runtime//target/classes:target/dspot/dependencies/:dataset/may-2018/protostuff/182/protostuff-runtime//target/test-classes:lib/catg-dev.jar:, -d, /tmp/Ex2Amplifier-experiments/dataset/may-2018/protostuff/182/protostuff-runtime/target/test-classes, -1.8, -proc:none, -preserveAllLocals, -noExit, -enableJavadoc, /tmp/Ex2Amplifier-experiments/target/dspot/tmp_test_sources/io/protostuff/runtime/ObjectSchemaTest.java]
[102696] DEBUG Launcher - compiled in 465 ms
[102699] INFO CATGExecutor - Running CATG: java -Xmx4096M -Xms2048M -Djanala.loggerClass=janala.logger.DirectConcolicExecution -Djanala.conf=lib/catg.conf  -javaagent:lib/catg-dev.jar -cp /home/spirals/danglot/.m2/repository/junit/junit/4.11/junit-4.11.jar:/home/spirals/danglot/.m2/repository/org/hamcrest/hamcrest-core/1.3/hamcrest-core-1.3.jar:/home/spirals/danglot/.m2/repository/org/mockito/mockito-core/1.10.8/mockito-core-1.10.8.jar:/home/spirals/danglot/.m2/repository/org/objenesis/objenesis/2.1/objenesis-2.1.jar:/home/spirals/danglot/.m2/repository/io/protostuff/protostuff-core/1.4.3-SNAPSHOT/protostuff-core-1.4.3-SNAPSHOT.jar:/home/spirals/danglot/.m2/repository/io/protostuff/protostuff-core/1.4.3-SNAPSHOT/protostuff-core-1.4.3-SNAPSHOT-tests.jar:/home/spirals/danglot/.m2/repository/io/protostuff/protostuff-api/1.4.3-SNAPSHOT/protostuff-api-1.4.3-SNAPSHOT.jar:/home/spirals/danglot/.m2/repository/io/protostuff/protostuff-collectionschema/1.4.3-SNAPSHOT/protostuff-collectionschema-1.4.3-SNAPSHOT.jar:dataset/may-2018/protostuff/182/protostuff-runtime//target/classes:target/dspot/dependencies/:dataset/may-2018/protostuff/182/protostuff-runtime//target/test-classes:lib/catg-dev.jar:lib/catg-dev.jar:lib/asm-all-5.0.4.jar:lib/automaton-1.11-8.jar -ea io.protostuff.runtime.ObjectSchemaTest
FATAL ERROR in native method: processing of -javaagent failed
Exception in thread "main" java.lang.NoClassDefFoundError: org/objectweb/asm/ClassVisitor
	at java.lang.Class.getDeclaredMethods0(Native Method)
	at java.lang.Class.privateGetDeclaredMethods(Class.java:2701)
	at java.lang.Class.getDeclaredMethod(Class.java:2128)
	at sun.instrument.InstrumentationImpl.loadClassAndStartAgent(InstrumentationImpl.java:327)
	at sun.instrument.InstrumentationImpl.loadClassAndCallPremain(InstrumentationImpl.java:401)
Caused by: java.lang.ClassNotFoundException: org.objectweb.asm.ClassVisitor
	at java.net.URLClassLoader.findClass(URLClassLoader.java:381)
	at java.lang.ClassLoader.loadClass(ClassLoader.java:424)
	at sun.misc.Launcher$AppClassLoader.loadClass(Launcher.java:331)
	at java.lang.ClassLoader.loadClass(ClassLoader.java:357)
	... 5 more
[102838] INFO Amplification - 0 new tests generated
[102838] INFO Amplification - 0 amplified test(s) has been selected, global: 0
[102838] INFO DSpot - elapsedTime 4381
======= REPORT =======
0 amplified test fails on the new versions.

[102893] INFO DSpot - Print AmplObjectSchemaTest with 0?amplified test cases in results/may-2018/protostuff/182/CATG
[102893] DEBUG Launcher - printing io.protostuff.runtime.AmplObjectSchemaTest to /tmp/Ex2Amplifier-experiments/results/may-2018/protostuff/182/CATG
[102998] INFO Amplification - amplification of io.protostuff.runtime.DefaultIdStrategyTest (1 test(s))
[103001] DEBUG Launcher - printing io.protostuff.runtime.DefaultIdStrategyTest to /tmp/Ex2Amplifier-experiments/target/dspot/tmp_test_sources
[103554] INFO Amplification - Try to add assertions before amplification
[103556] INFO AssertGenerator - Run tests. (1)
[103558] DEBUG Launcher - printing io.protostuff.runtime.DefaultIdStrategyTest to /tmp/Ex2Amplifier-experiments/target/dspot/tmp_test_sources
[104104] INFO AssertGenerator - 1 test pass, generating assertion...
[104105] INFO MethodsAssertGenerator - Add observations points in passing tests.
[104105] INFO MethodsAssertGenerator - Instrumentation...
100% |================================================== ]/
[104107] INFO MethodsAssertGenerator - Run instrumented tests. (3)
[104111] DEBUG Launcher - printing io.protostuff.runtime.DefaultIdStrategyTest to /tmp/Ex2Amplifier-experiments/target/dspot/tmp_test_sources
[104735] INFO MethodsAssertGenerator - Generating assertions...
[104736] INFO AssertGenerator - Could not generate any test with assertions
[104736] INFO Amplification - 0 amplified test(s) has been selected, global: 0
[104736] INFO Amplification - amp privateConstructors (1/1)
[104738] DEBUG Launcher - printing io.protostuff.runtime.DefaultIdStrategyTest to /tmp/Ex2Amplifier-experiments/target/dspot/tmp_test_sources
[105301] INFO Amplification - iteration 0:
[105301] INFO Amplification - 1 tests selected to be amplified over 1 available tests
[105301] INFO Amplification - Amplification of inputs...
100% |================================================== ]/
[105304] DEBUG Launcher - printing io.protostuff.runtime.DefaultIdStrategyTest to /tmp/Ex2Amplifier-experiments/target/dspot/tmp_test_sources
[105327] DEBUG Launcher - building sources: [/tmp/Ex2Amplifier-experiments/target/dspot/tmp_test_sources/io/protostuff/runtime/DefaultIdStrategyTest.java]
[105327] DEBUG Launcher - build args: [-encoding, UTF-8, -cp, /home/spirals/danglot/.m2/repository/junit/junit/4.11/junit-4.11.jar:/home/spirals/danglot/.m2/repository/org/hamcrest/hamcrest-core/1.3/hamcrest-core-1.3.jar:/home/spirals/danglot/.m2/repository/org/mockito/mockito-core/1.10.8/mockito-core-1.10.8.jar:/home/spirals/danglot/.m2/repository/org/objenesis/objenesis/2.1/objenesis-2.1.jar:/home/spirals/danglot/.m2/repository/io/protostuff/protostuff-core/1.4.3-SNAPSHOT/protostuff-core-1.4.3-SNAPSHOT.jar:/home/spirals/danglot/.m2/repository/io/protostuff/protostuff-core/1.4.3-SNAPSHOT/protostuff-core-1.4.3-SNAPSHOT-tests.jar:/home/spirals/danglot/.m2/repository/io/protostuff/protostuff-api/1.4.3-SNAPSHOT/protostuff-api-1.4.3-SNAPSHOT.jar:/home/spirals/danglot/.m2/repository/io/protostuff/protostuff-collectionschema/1.4.3-SNAPSHOT/protostuff-collectionschema-1.4.3-SNAPSHOT.jar:dataset/may-2018/protostuff/182/protostuff-runtime//target/classes:target/dspot/dependencies/:dataset/may-2018/protostuff/182/protostuff-runtime//target/test-classes:lib/catg-dev.jar:, -1.8, -preserveAllLocals, -noExit, -enableJavadoc, /tmp/Ex2Amplifier-experiments/target/dspot/tmp_test_sources/io/protostuff/runtime/DefaultIdStrategyTest.java]
[105366] DEBUG Launcher - built in 39 ms
[105366] DEBUG Launcher - building templates: []
[105366] DEBUG Launcher - built in 0 ms
[105366] DEBUG Launcher - model built in 39
[105366] DEBUG Launcher - compiling sources: [/tmp/Ex2Amplifier-experiments/target/dspot/tmp_test_sources/io/protostuff/runtime/DefaultIdStrategyTest.java]
[105367] DEBUG Launcher - compile args: [-encoding, UTF-8, -cp, /home/spirals/danglot/.m2/repository/junit/junit/4.11/junit-4.11.jar:/home/spirals/danglot/.m2/repository/org/hamcrest/hamcrest-core/1.3/hamcrest-core-1.3.jar:/home/spirals/danglot/.m2/repository/org/mockito/mockito-core/1.10.8/mockito-core-1.10.8.jar:/home/spirals/danglot/.m2/repository/org/objenesis/objenesis/2.1/objenesis-2.1.jar:/home/spirals/danglot/.m2/repository/io/protostuff/protostuff-core/1.4.3-SNAPSHOT/protostuff-core-1.4.3-SNAPSHOT.jar:/home/spirals/danglot/.m2/repository/io/protostuff/protostuff-core/1.4.3-SNAPSHOT/protostuff-core-1.4.3-SNAPSHOT-tests.jar:/home/spirals/danglot/.m2/repository/io/protostuff/protostuff-api/1.4.3-SNAPSHOT/protostuff-api-1.4.3-SNAPSHOT.jar:/home/spirals/danglot/.m2/repository/io/protostuff/protostuff-collectionschema/1.4.3-SNAPSHOT/protostuff-collectionschema-1.4.3-SNAPSHOT.jar:dataset/may-2018/protostuff/182/protostuff-runtime//target/classes:target/dspot/dependencies/:dataset/may-2018/protostuff/182/protostuff-runtime//target/test-classes:lib/catg-dev.jar:, -d, /tmp/Ex2Amplifier-experiments/dataset/may-2018/protostuff/182/protostuff-runtime/target/test-classes, -1.8, -proc:none, -preserveAllLocals, -noExit, -enableJavadoc, /tmp/Ex2Amplifier-experiments/target/dspot/tmp_test_sources/io/protostuff/runtime/DefaultIdStrategyTest.java]
[105414] DEBUG Launcher - compiled in 48 ms
[105416] INFO CATGExecutor - Running CATG: java -Xmx4096M -Xms2048M -Djanala.loggerClass=janala.logger.DirectConcolicExecution -Djanala.conf=lib/catg.conf  -javaagent:lib/catg-dev.jar -cp /home/spirals/danglot/.m2/repository/junit/junit/4.11/junit-4.11.jar:/home/spirals/danglot/.m2/repository/org/hamcrest/hamcrest-core/1.3/hamcrest-core-1.3.jar:/home/spirals/danglot/.m2/repository/org/mockito/mockito-core/1.10.8/mockito-core-1.10.8.jar:/home/spirals/danglot/.m2/repository/org/objenesis/objenesis/2.1/objenesis-2.1.jar:/home/spirals/danglot/.m2/repository/io/protostuff/protostuff-core/1.4.3-SNAPSHOT/protostuff-core-1.4.3-SNAPSHOT.jar:/home/spirals/danglot/.m2/repository/io/protostuff/protostuff-core/1.4.3-SNAPSHOT/protostuff-core-1.4.3-SNAPSHOT-tests.jar:/home/spirals/danglot/.m2/repository/io/protostuff/protostuff-api/1.4.3-SNAPSHOT/protostuff-api-1.4.3-SNAPSHOT.jar:/home/spirals/danglot/.m2/repository/io/protostuff/protostuff-collectionschema/1.4.3-SNAPSHOT/protostuff-collectionschema-1.4.3-SNAPSHOT.jar:dataset/may-2018/protostuff/182/protostuff-runtime//target/classes:target/dspot/dependencies/:dataset/may-2018/protostuff/182/protostuff-runtime//target/test-classes:lib/catg-dev.jar:lib/catg-dev.jar:lib/asm-all-5.0.4.jar:lib/automaton-1.11-8.jar -ea io.protostuff.runtime.DefaultIdStrategyTest
FATAL ERROR in native method: processing of -javaagent failed
Exception in thread "main" java.lang.NoClassDefFoundError: org/objectweb/asm/ClassVisitor
	at java.lang.Class.getDeclaredMethods0(Native Method)
	at java.lang.Class.privateGetDeclaredMethods(Class.java:2701)
	at java.lang.Class.getDeclaredMethod(Class.java:2128)
	at sun.instrument.InstrumentationImpl.loadClassAndStartAgent(InstrumentationImpl.java:327)
	at sun.instrument.InstrumentationImpl.loadClassAndCallPremain(InstrumentationImpl.java:401)
Caused by: java.lang.ClassNotFoundException: org.objectweb.asm.ClassVisitor
	at java.net.URLClassLoader.findClass(URLClassLoader.java:381)
	at java.lang.ClassLoader.loadClass(ClassLoader.java:424)
	at sun.misc.Launcher$AppClassLoader.loadClass(Launcher.java:331)
	at java.lang.ClassLoader.loadClass(ClassLoader.java:357)
	... 5 more
[105531] INFO Amplification - 0 new tests generated
[105531] INFO Amplification - 0 amplified test(s) has been selected, global: 0
[105531] INFO DSpot - elapsedTime 2533
======= REPORT =======
0 amplified test fails on the new versions.

[105533] INFO DSpot - Print AmplDefaultIdStrategyTest with 0?amplified test cases in results/may-2018/protostuff/182/CATG
[105533] DEBUG Launcher - printing io.protostuff.runtime.AmplDefaultIdStrategyTest to /tmp/Ex2Amplifier-experiments/results/may-2018/protostuff/182/CATG
