SLF4J: Class path contains multiple SLF4J bindings.
SLF4J: Found binding in [jar:file:/home/spirals/danglot/.m2/repository/eu/stamp-project/test-runner/1.0.8/test-runner-1.0.8-jar-with-dependencies.jar!/org/slf4j/impl/StaticLoggerBinder.class]
SLF4J: Found binding in [jar:file:/home/spirals/danglot/.m2/repository/org/slf4j/slf4j-log4j12/1.7.25/slf4j-log4j12-1.7.25.jar!/org/slf4j/impl/StaticLoggerBinder.class]
SLF4J: See http://www.slf4j.org/codes.html#multiple_bindings for an explanation.
SLF4J: Actual binding is of type [org.slf4j.impl.Log4jLoggerFactory]
[0] WARN AutomaticBuilderFactory - No automatic builder specified in configuration, going to default.
[0] INFO AutomaticBuilderFactory - Default: provided Maven automatic builder.
[9] INFO MavenAutomaticBuilder - run maven clean test -DskipTests dependency:build-classpath -Dmdep.outputFile=target/dspot/classpath
[WARN] Maven will be executed in interactive mode, but no input stream has been configured for this MavenInvoker instance.
[INFO] Scanning for projects...
[INFO]                                                                         
[INFO] ------------------------------------------------------------------------
[INFO] Building protostuff :: runtime 1.5.3-SNAPSHOT
[INFO] ------------------------------------------------------------------------
[INFO] 
[INFO] --- maven-clean-plugin:2.5:clean (default-clean) @ protostuff-runtime ---
[INFO] Deleting /tmp/Ex2Amplifier-experiments/dataset/may-2018/protostuff/201/protostuff-runtime/target
[INFO] 
[INFO] --- maven-enforcer-plugin:1.3.1:enforce (enforce-versions) @ protostuff-runtime ---
[INFO] Skipping Rule Enforcement.
[INFO] 
[INFO] --- maven-resources-plugin:2.6:resources (default-resources) @ protostuff-runtime ---
[INFO] Using 'UTF-8' encoding to copy filtered resources.
[INFO] skip non existing resourceDirectory /tmp/Ex2Amplifier-experiments/dataset/may-2018/protostuff/201/protostuff-runtime/src/main/resources
[INFO] 
[INFO] --- maven-compiler-plugin:3.1:compile (default-compile) @ protostuff-runtime ---
[INFO] Changes detected - recompiling the module!
[INFO] Compiling 43 source files to /tmp/Ex2Amplifier-experiments/dataset/may-2018/protostuff/201/protostuff-runtime/target/classes
[WARNING] /tmp/Ex2Amplifier-experiments/dataset/may-2018/protostuff/201/protostuff-runtime/src/main/java/io/protostuff/runtime/RuntimeUnsafeFieldFactory.java:[60,26] sun.misc.Unsafe is internal proprietary API and may be removed in a future release
[WARNING] /tmp/Ex2Amplifier-experiments/dataset/may-2018/protostuff/201/protostuff-runtime/src/main/java/io/protostuff/runtime/RuntimeUnsafeFieldFactory.java:[62,28] sun.misc.Unsafe is internal proprietary API and may be removed in a future release
[WARNING] /tmp/Ex2Amplifier-experiments/dataset/may-2018/protostuff/201/protostuff-runtime/src/main/java/io/protostuff/runtime/RuntimeUnsafeFieldFactory.java:[66,49] sun.misc.Unsafe is internal proprietary API and may be removed in a future release
[WARNING] /tmp/Ex2Amplifier-experiments/dataset/may-2018/protostuff/201/protostuff-runtime/src/main/java/io/protostuff/runtime/RuntimeUnsafeFieldFactory.java:[71,29] sun.misc.Unsafe is internal proprietary API and may be removed in a future release
[WARNING] /tmp/Ex2Amplifier-experiments/dataset/may-2018/protostuff/201/protostuff-runtime/src/main/java/io/protostuff/runtime/RuntimeUnsafeFieldFactory.java:[86,24] sun.misc.Unsafe is internal proprietary API and may be removed in a future release
[WARNING] /tmp/Ex2Amplifier-experiments/dataset/may-2018/protostuff/201/protostuff-runtime/src/main/java/io/protostuff/runtime/OnDemandSunReflectionFactory.java:[40,44] sun.reflect.ReflectionFactory is internal proprietary API and may be removed in a future release
[INFO] 
[INFO] --- maven-resources-plugin:2.6:testResources (default-testResources) @ protostuff-runtime ---
[INFO] Using 'UTF-8' encoding to copy filtered resources.
[INFO] skip non existing resourceDirectory /tmp/Ex2Amplifier-experiments/dataset/may-2018/protostuff/201/protostuff-runtime/src/test/resources
[INFO] 
[INFO] --- maven-compiler-plugin:3.1:testCompile (default-testCompile) @ protostuff-runtime ---
[INFO] Changes detected - recompiling the module!
[INFO] Compiling 44 source files to /tmp/Ex2Amplifier-experiments/dataset/may-2018/protostuff/201/protostuff-runtime/target/test-classes
[WARNING] /tmp/Ex2Amplifier-experiments/dataset/may-2018/protostuff/201/protostuff-runtime/src/test/java/io/protostuff/runtime/AnnotatedFieldsTest.java: Some input files use or override a deprecated API.
[WARNING] /tmp/Ex2Amplifier-experiments/dataset/may-2018/protostuff/201/protostuff-runtime/src/test/java/io/protostuff/runtime/AnnotatedFieldsTest.java: Recompile with -Xlint:deprecation for details.
[WARNING] /tmp/Ex2Amplifier-experiments/dataset/may-2018/protostuff/201/protostuff-runtime/src/test/java/io/protostuff/runtime/DefaultIdStrategyTest.java: /tmp/Ex2Amplifier-experiments/dataset/may-2018/protostuff/201/protostuff-runtime/src/test/java/io/protostuff/runtime/DefaultIdStrategyTest.java uses unchecked or unsafe operations.
[WARNING] /tmp/Ex2Amplifier-experiments/dataset/may-2018/protostuff/201/protostuff-runtime/src/test/java/io/protostuff/runtime/DefaultIdStrategyTest.java: Recompile with -Xlint:unchecked for details.
[INFO] 
[INFO] --- maven-surefire-plugin:2.18.1:test (default-test) @ protostuff-runtime ---
[INFO] Tests are skipped.
[INFO] 
[INFO] --- maven-dependency-plugin:2.8:build-classpath (default-cli) @ protostuff-runtime ---
[INFO] Wrote classpath file '/tmp/Ex2Amplifier-experiments/dataset/may-2018/protostuff/201/protostuff-runtime/target/dspot/classpath'.
[INFO] ------------------------------------------------------------------------
[INFO] BUILD SUCCESS
[INFO] ------------------------------------------------------------------------
[INFO] Total time: 6.207 s
[INFO] Finished at: 2018-06-05T13:57:19+02:00
[INFO] Final Memory: 27M/746M
[INFO] ------------------------------------------------------------------------
[13091] WARN AutomaticBuilderFactory - No automatic builder specified in configuration, going to default.
[13091] INFO AutomaticBuilderFactory - Default: provided Maven automatic builder.
[13092] INFO MavenAutomaticBuilder - run maven clean test -DskipTests dependency:build-classpath -Dmdep.outputFile=target/dspot/classpath
[WARN] Maven will be executed in interactive mode, but no input stream has been configured for this MavenInvoker instance.
[INFO] Scanning for projects...
[INFO]                                                                         
[INFO] ------------------------------------------------------------------------
[INFO] Building protostuff :: runtime 1.5.2-SNAPSHOT
[INFO] ------------------------------------------------------------------------
[INFO] 
[INFO] --- maven-clean-plugin:2.5:clean (default-clean) @ protostuff-runtime ---
[INFO] Deleting /tmp/Ex2Amplifier-experiments/dataset/may-2018/protostuff/201_modified/protostuff-runtime/target
[INFO] 
[INFO] --- maven-enforcer-plugin:1.3.1:enforce (enforce-versions) @ protostuff-runtime ---
[INFO] Skipping Rule Enforcement.
[INFO] 
[INFO] --- maven-resources-plugin:2.6:resources (default-resources) @ protostuff-runtime ---
[INFO] Using 'UTF-8' encoding to copy filtered resources.
[INFO] skip non existing resourceDirectory /tmp/Ex2Amplifier-experiments/dataset/may-2018/protostuff/201_modified/protostuff-runtime/src/main/resources
[INFO] 
[INFO] --- maven-compiler-plugin:3.1:compile (default-compile) @ protostuff-runtime ---
[INFO] Changes detected - recompiling the module!
[INFO] Compiling 43 source files to /tmp/Ex2Amplifier-experiments/dataset/may-2018/protostuff/201_modified/protostuff-runtime/target/classes
[WARNING] /tmp/Ex2Amplifier-experiments/dataset/may-2018/protostuff/201_modified/protostuff-runtime/src/main/java/io/protostuff/runtime/OnDemandSunReflectionFactory.java:[40,44] sun.reflect.ReflectionFactory is internal proprietary API and may be removed in a future release
[WARNING] /tmp/Ex2Amplifier-experiments/dataset/may-2018/protostuff/201_modified/protostuff-runtime/src/main/java/io/protostuff/runtime/RuntimeUnsafeFieldFactory.java:[60,26] sun.misc.Unsafe is internal proprietary API and may be removed in a future release
[WARNING] /tmp/Ex2Amplifier-experiments/dataset/may-2018/protostuff/201_modified/protostuff-runtime/src/main/java/io/protostuff/runtime/RuntimeUnsafeFieldFactory.java:[62,28] sun.misc.Unsafe is internal proprietary API and may be removed in a future release
[WARNING] /tmp/Ex2Amplifier-experiments/dataset/may-2018/protostuff/201_modified/protostuff-runtime/src/main/java/io/protostuff/runtime/RuntimeUnsafeFieldFactory.java:[66,49] sun.misc.Unsafe is internal proprietary API and may be removed in a future release
[WARNING] /tmp/Ex2Amplifier-experiments/dataset/may-2018/protostuff/201_modified/protostuff-runtime/src/main/java/io/protostuff/runtime/RuntimeUnsafeFieldFactory.java:[71,29] sun.misc.Unsafe is internal proprietary API and may be removed in a future release
[WARNING] /tmp/Ex2Amplifier-experiments/dataset/may-2018/protostuff/201_modified/protostuff-runtime/src/main/java/io/protostuff/runtime/RuntimeUnsafeFieldFactory.java:[86,24] sun.misc.Unsafe is internal proprietary API and may be removed in a future release
[INFO] 
[INFO] --- maven-resources-plugin:2.6:testResources (default-testResources) @ protostuff-runtime ---
[INFO] Using 'UTF-8' encoding to copy filtered resources.
[INFO] skip non existing resourceDirectory /tmp/Ex2Amplifier-experiments/dataset/may-2018/protostuff/201_modified/protostuff-runtime/src/test/resources
[INFO] 
[INFO] --- maven-compiler-plugin:3.1:testCompile (default-testCompile) @ protostuff-runtime ---
[INFO] Changes detected - recompiling the module!
[INFO] Compiling 45 source files to /tmp/Ex2Amplifier-experiments/dataset/may-2018/protostuff/201_modified/protostuff-runtime/target/test-classes
[WARNING] /tmp/Ex2Amplifier-experiments/dataset/may-2018/protostuff/201_modified/protostuff-runtime/src/test/java/io/protostuff/runtime/AnnotatedFieldsTest.java: Some input files use or override a deprecated API.
[WARNING] /tmp/Ex2Amplifier-experiments/dataset/may-2018/protostuff/201_modified/protostuff-runtime/src/test/java/io/protostuff/runtime/AnnotatedFieldsTest.java: Recompile with -Xlint:deprecation for details.
[WARNING] /tmp/Ex2Amplifier-experiments/dataset/may-2018/protostuff/201_modified/protostuff-runtime/src/test/java/io/protostuff/runtime/DefaultIdStrategyTest.java: /tmp/Ex2Amplifier-experiments/dataset/may-2018/protostuff/201_modified/protostuff-runtime/src/test/java/io/protostuff/runtime/DefaultIdStrategyTest.java uses unchecked or unsafe operations.
[WARNING] /tmp/Ex2Amplifier-experiments/dataset/may-2018/protostuff/201_modified/protostuff-runtime/src/test/java/io/protostuff/runtime/DefaultIdStrategyTest.java: Recompile with -Xlint:unchecked for details.
[INFO] 
[INFO] --- maven-surefire-plugin:2.18.1:test (default-test) @ protostuff-runtime ---
[INFO] Tests are skipped.
[INFO] 
[INFO] --- maven-dependency-plugin:2.8:build-classpath (default-cli) @ protostuff-runtime ---
[INFO] Wrote classpath file '/tmp/Ex2Amplifier-experiments/dataset/may-2018/protostuff/201_modified/protostuff-runtime/target/dspot/classpath'.
[INFO] ------------------------------------------------------------------------
[INFO] BUILD SUCCESS
[INFO] ------------------------------------------------------------------------
[INFO] Total time: 5.891 s
[INFO] Finished at: 2018-06-05T13:57:32+02:00
[INFO] Final Memory: 27M/755M
[INFO] ------------------------------------------------------------------------
[20705] INFO SelectorOnDiff - Selecting according to a diff between dataset/may-2018/protostuff/201/protostuff-runtime and dataset/may-2018/protostuff/201_modified/protostuff-runtime (5a3e6ba5c643f50c17c6ac4445c523349048d00f)
[20719] INFO SelectorOnDiff - Modified files:
a/protostuff-runtime/src/main/java/io/protostuff/runtime/RuntimeRepeatedFieldFactory.java
a/protostuff-runtime/src/main/java/io/protostuff/runtime/RuntimeMapFieldFactory.java
a/protostuff-runtime/src/main/java/io/protostuff/runtime/RuntimeFieldFactory.java
a/protostuff-runtime-md/src/main/java/io/protostuff/runtime/RuntimeFieldFactory.java
a/protostuff-runtime/src/test/java/io/protostuff/runtime/LazyRegisterTest.java
a/protostuff-runtime/src/main/java/io/protostuff/runtime/ObjectSchema.java
a/protostuff-runtime/src/main/java/io/protostuff/runtime/RuntimeCollectionFieldFactory.java
a/protostuff-runtime-registry/src/main/java/io/protostuff/runtime/IncrementalIdStrategy.java
[114004] INFO Amplification - amplification of io.protostuff.runtime.ObjectSchemaTest (1 test(s))
[114423] INFO EntryPoint - Run: java -cp /tmp/Ex2Amplifier-experiments/dataset/may-2018/protostuff/201/protostuff-runtime/target/test-classes:/tmp/Ex2Amplifier-experiments/dataset/may-2018/protostuff/201/protostuff-runtime/target/classes:/home/spirals/danglot/.m2/repository/junit/junit/4.11/junit-4.11.jar:/home/spirals/danglot/.m2/repository/org/hamcrest/hamcrest-core/1.3/hamcrest-core-1.3.jar:/home/spirals/danglot/.m2/repository/org/mockito/mockito-core/1.10.8/mockito-core-1.10.8.jar:/home/spirals/danglot/.m2/repository/org/objenesis/objenesis/2.1/objenesis-2.1.jar:/home/spirals/danglot/.m2/repository/io/protostuff/protostuff-core/1.5.3-SNAPSHOT/protostuff-core-1.5.3-SNAPSHOT.jar:/home/spirals/danglot/.m2/repository/io/protostuff/protostuff-core/1.5.3-SNAPSHOT/protostuff-core-1.5.3-SNAPSHOT-tests.jar:/home/spirals/danglot/.m2/repository/io/protostuff/protostuff-api/1.5.3-SNAPSHOT/protostuff-api-1.5.3-SNAPSHOT.jar:/home/spirals/danglot/.m2/repository/io/protostuff/protostuff-collectionschema/1.5.3-SNAPSHOT/protostuff-collectionschema-1.5.3-SNAPSHOT.jar:/tmp/Ex2Amplifier-experiments/target/dspot/dependencies:/home/spirals/danglot/.m2/repository/eu/stamp-project/test-runner/1.0.8/test-runner-1.0.8-jar-with-dependencies.jar eu.stamp_project.testrunner.runner.test.TestRunner io.protostuff.runtime.ObjectSchemaTest testGraph
File saved to the following path: /tmp/Ex2Amplifier-experiments/dataset/may-2018/protostuff/201/protostuff-runtime/target/dspot/TestListener.ser
false
[115045] INFO EntryPoint - Test has been run: testGraph
[115045] INFO Amplification - 0 amplified test(s) has been selected, global: 0
[115054] INFO Amplification - amp testGraph (1/1)
[115312] INFO EntryPoint - Run: java -cp /tmp/Ex2Amplifier-experiments/dataset/may-2018/protostuff/201/protostuff-runtime/target/test-classes:/tmp/Ex2Amplifier-experiments/dataset/may-2018/protostuff/201/protostuff-runtime/target/classes:/home/spirals/danglot/.m2/repository/junit/junit/4.11/junit-4.11.jar:/home/spirals/danglot/.m2/repository/org/hamcrest/hamcrest-core/1.3/hamcrest-core-1.3.jar:/home/spirals/danglot/.m2/repository/org/mockito/mockito-core/1.10.8/mockito-core-1.10.8.jar:/home/spirals/danglot/.m2/repository/org/objenesis/objenesis/2.1/objenesis-2.1.jar:/home/spirals/danglot/.m2/repository/io/protostuff/protostuff-core/1.5.3-SNAPSHOT/protostuff-core-1.5.3-SNAPSHOT.jar:/home/spirals/danglot/.m2/repository/io/protostuff/protostuff-core/1.5.3-SNAPSHOT/protostuff-core-1.5.3-SNAPSHOT-tests.jar:/home/spirals/danglot/.m2/repository/io/protostuff/protostuff-api/1.5.3-SNAPSHOT/protostuff-api-1.5.3-SNAPSHOT.jar:/home/spirals/danglot/.m2/repository/io/protostuff/protostuff-collectionschema/1.5.3-SNAPSHOT/protostuff-collectionschema-1.5.3-SNAPSHOT.jar:/tmp/Ex2Amplifier-experiments/target/dspot/dependencies:/home/spirals/danglot/.m2/repository/eu/stamp-project/test-runner/1.0.8/test-runner-1.0.8-jar-with-dependencies.jar eu.stamp_project.testrunner.runner.test.TestRunner io.protostuff.runtime.ObjectSchemaTest testGraph
File saved to the following path: /tmp/Ex2Amplifier-experiments/dataset/may-2018/protostuff/201/protostuff-runtime/target/dspot/TestListener.ser
false
[115860] INFO EntryPoint - Test has been run: testGraph
[115861] INFO Amplification - iteration 0:
[115861] INFO Amplification - 1 tests selected to be amplified over 1 available tests
100% |================================================== ]/
[115959] INFO AssertGenerator - Run tests. (5)
[116180] INFO EntryPoint - Run: java -cp /tmp/Ex2Amplifier-experiments/dataset/may-2018/protostuff/201/protostuff-runtime/target/test-classes:/tmp/Ex2Amplifier-experiments/dataset/may-2018/protostuff/201/protostuff-runtime/target/classes:/home/spirals/danglot/.m2/repository/junit/junit/4.11/junit-4.11.jar:/home/spirals/danglot/.m2/repository/org/hamcrest/hamcrest-core/1.3/hamcrest-core-1.3.jar:/home/spirals/danglot/.m2/repository/org/mockito/mockito-core/1.10.8/mockito-core-1.10.8.jar:/home/spirals/danglot/.m2/repository/org/objenesis/objenesis/2.1/objenesis-2.1.jar:/home/spirals/danglot/.m2/repository/io/protostuff/protostuff-core/1.5.3-SNAPSHOT/protostuff-core-1.5.3-SNAPSHOT.jar:/home/spirals/danglot/.m2/repository/io/protostuff/protostuff-core/1.5.3-SNAPSHOT/protostuff-core-1.5.3-SNAPSHOT-tests.jar:/home/spirals/danglot/.m2/repository/io/protostuff/protostuff-api/1.5.3-SNAPSHOT/protostuff-api-1.5.3-SNAPSHOT.jar:/home/spirals/danglot/.m2/repository/io/protostuff/protostuff-collectionschema/1.5.3-SNAPSHOT/protostuff-collectionschema-1.5.3-SNAPSHOT.jar:/tmp/Ex2Amplifier-experiments/target/dspot/dependencies:/home/spirals/danglot/.m2/repository/eu/stamp-project/test-runner/1.0.8/test-runner-1.0.8-jar-with-dependencies.jar eu.stamp_project.testrunner.runner.test.TestRunner io.protostuff.runtime.ObjectSchemaTest testGraphlitNum1:testGraphlitNum2:testGraphlitNum3:testGraphlitNum4:testGraphlitNum5
File saved to the following path: /tmp/Ex2Amplifier-experiments/dataset/may-2018/protostuff/201/protostuff-runtime/target/dspot/TestListener.ser
false
false
false
false
false
[116795] INFO EntryPoint - Test has been run: testGraphlitNum4,testGraphlitNum1(io.protostuff.runtime.ObjectSchemaTest): Requested array size exceeds VM limit,testGraphlitNum2(io.protostuff.runtime.ObjectSchemaTest): 256 is the minimum buffer size.,testGraphlitNum3(io.protostuff.runtime.ObjectSchemaTest): 256 is the minimum buffer size.,testGraphlitNum5(io.protostuff.runtime.ObjectSchemaTest): 256 is the minimum buffer size.
[116795] INFO AssertGenerator - 1 test pass, generating assertion...
[116812] INFO MethodsAssertGenerator - Add observations points in passing tests.
[116812] INFO MethodsAssertGenerator - Instrumentation...
100% |================================================== ]/
[116832] INFO MethodsAssertGenerator - Run instrumented tests. (3)
[117087] INFO EntryPoint - Run: java -cp /tmp/Ex2Amplifier-experiments/dataset/may-2018/protostuff/201/protostuff-runtime/target/test-classes:/tmp/Ex2Amplifier-experiments/dataset/may-2018/protostuff/201/protostuff-runtime/target/classes:/home/spirals/danglot/.m2/repository/junit/junit/4.11/junit-4.11.jar:/home/spirals/danglot/.m2/repository/org/hamcrest/hamcrest-core/1.3/hamcrest-core-1.3.jar:/home/spirals/danglot/.m2/repository/org/mockito/mockito-core/1.10.8/mockito-core-1.10.8.jar:/home/spirals/danglot/.m2/repository/org/objenesis/objenesis/2.1/objenesis-2.1.jar:/home/spirals/danglot/.m2/repository/io/protostuff/protostuff-core/1.5.3-SNAPSHOT/protostuff-core-1.5.3-SNAPSHOT.jar:/home/spirals/danglot/.m2/repository/io/protostuff/protostuff-core/1.5.3-SNAPSHOT/protostuff-core-1.5.3-SNAPSHOT-tests.jar:/home/spirals/danglot/.m2/repository/io/protostuff/protostuff-api/1.5.3-SNAPSHOT/protostuff-api-1.5.3-SNAPSHOT.jar:/home/spirals/danglot/.m2/repository/io/protostuff/protostuff-collectionschema/1.5.3-SNAPSHOT/protostuff-collectionschema-1.5.3-SNAPSHOT.jar:/tmp/Ex2Amplifier-experiments/target/dspot/dependencies:/home/spirals/danglot/.m2/repository/eu/stamp-project/test-runner/1.0.8/test-runner-1.0.8-jar-with-dependencies.jar eu.stamp_project.testrunner.runner.test.TestRunner io.protostuff.runtime.ObjectSchemaTest testGraphlitNum4_withlog0:testGraphlitNum4_withlog1:testGraphlitNum4_withlog2
File saved to the following path: /tmp/Ex2Amplifier-experiments/dataset/may-2018/protostuff/201/protostuff-runtime/target/dspot/observations.ser
File saved to the following path: /tmp/Ex2Amplifier-experiments/dataset/may-2018/protostuff/201/protostuff-runtime/target/dspot/TestListener.ser
false
false
false
[117675] INFO EntryPoint - Test has been run: testGraphlitNum4_withlog0,testGraphlitNum4_withlog1,testGraphlitNum4_withlog2
[117676] INFO MethodsAssertGenerator - Generating assertions...
[117683] INFO AssertGenerator - 2 test fail, generating try/catch/fail blocks...
[117701] INFO AssertGenerator - 2 new tests with assertions generated
[117965] INFO EntryPoint - Run: java -cp /tmp/Ex2Amplifier-experiments/dataset/may-2018/protostuff/201/protostuff-runtime/target/test-classes:/tmp/Ex2Amplifier-experiments/dataset/may-2018/protostuff/201/protostuff-runtime/target/classes:/home/spirals/danglot/.m2/repository/junit/junit/4.11/junit-4.11.jar:/home/spirals/danglot/.m2/repository/org/hamcrest/hamcrest-core/1.3/hamcrest-core-1.3.jar:/home/spirals/danglot/.m2/repository/org/mockito/mockito-core/1.10.8/mockito-core-1.10.8.jar:/home/spirals/danglot/.m2/repository/org/objenesis/objenesis/2.1/objenesis-2.1.jar:/home/spirals/danglot/.m2/repository/io/protostuff/protostuff-core/1.5.3-SNAPSHOT/protostuff-core-1.5.3-SNAPSHOT.jar:/home/spirals/danglot/.m2/repository/io/protostuff/protostuff-core/1.5.3-SNAPSHOT/protostuff-core-1.5.3-SNAPSHOT-tests.jar:/home/spirals/danglot/.m2/repository/io/protostuff/protostuff-api/1.5.3-SNAPSHOT/protostuff-api-1.5.3-SNAPSHOT.jar:/home/spirals/danglot/.m2/repository/io/protostuff/protostuff-collectionschema/1.5.3-SNAPSHOT/protostuff-collectionschema-1.5.3-SNAPSHOT.jar:/tmp/Ex2Amplifier-experiments/target/dspot/dependencies:/home/spirals/danglot/.m2/repository/eu/stamp-project/test-runner/1.0.8/test-runner-1.0.8-jar-with-dependencies.jar eu.stamp_project.testrunner.runner.test.TestRunner io.protostuff.runtime.ObjectSchemaTest testGraphlitNum1_failAssert0:testGraphlitNum2_failAssert1
File saved to the following path: /tmp/Ex2Amplifier-experiments/dataset/may-2018/protostuff/201/protostuff-runtime/target/dspot/TestListener.ser
false
false
[118554] INFO EntryPoint - Test has been run: testGraphlitNum2_failAssert1,testGraphlitNum1_failAssert0
[118554] INFO Amplification - 2 test method(s) has been successfully generated
[118749] DEBUG Launcher - building sources: [/tmp/Ex2Amplifier-experiments/target/dspot/tmp_test_sources/io/protostuff/runtime/ObjectSchemaTest.java]
[118749] DEBUG Launcher - build args: [-encoding, UTF-8, -cp, /home/spirals/danglot/.m2/repository/junit/junit/4.11/junit-4.11.jar:/home/spirals/danglot/.m2/repository/org/hamcrest/hamcrest-core/1.3/hamcrest-core-1.3.jar:/home/spirals/danglot/.m2/repository/org/mockito/mockito-core/1.10.8/mockito-core-1.10.8.jar:/home/spirals/danglot/.m2/repository/org/objenesis/objenesis/2.1/objenesis-2.1.jar:/home/spirals/danglot/.m2/repository/io/protostuff/protostuff-core/1.5.2-SNAPSHOT/protostuff-core-1.5.2-SNAPSHOT.jar:/home/spirals/danglot/.m2/repository/io/protostuff/protostuff-core/1.5.2-SNAPSHOT/protostuff-core-1.5.2-SNAPSHOT-tests.jar:/home/spirals/danglot/.m2/repository/io/protostuff/protostuff-api/1.5.2-SNAPSHOT/protostuff-api-1.5.2-SNAPSHOT.jar:/home/spirals/danglot/.m2/repository/io/protostuff/protostuff-collectionschema/1.5.2-SNAPSHOT/protostuff-collectionschema-1.5.2-SNAPSHOT.jar:target/dspot/dependencies/:dataset/may-2018/protostuff/201/protostuff-runtime//target/classes:dataset/may-2018/protostuff/201/protostuff-runtime//target/test-classes:, -1.8, -preserveAllLocals, -noExit, -enableJavadoc, /tmp/Ex2Amplifier-experiments/target/dspot/tmp_test_sources/io/protostuff/runtime/ObjectSchemaTest.java]
[118834] DEBUG Launcher - built in 85 ms
[118834] DEBUG Launcher - building templates: []
[118834] DEBUG Launcher - built in 0 ms
[118838] DEBUG Launcher - model built in 89
[118838] DEBUG Launcher - compiling sources: [/tmp/Ex2Amplifier-experiments/target/dspot/tmp_test_sources/io/protostuff/runtime/ObjectSchemaTest.java]
[118844] DEBUG Launcher - compile args: [-encoding, UTF-8, -cp, /home/spirals/danglot/.m2/repository/junit/junit/4.11/junit-4.11.jar:/home/spirals/danglot/.m2/repository/org/hamcrest/hamcrest-core/1.3/hamcrest-core-1.3.jar:/home/spirals/danglot/.m2/repository/org/mockito/mockito-core/1.10.8/mockito-core-1.10.8.jar:/home/spirals/danglot/.m2/repository/org/objenesis/objenesis/2.1/objenesis-2.1.jar:/home/spirals/danglot/.m2/repository/io/protostuff/protostuff-core/1.5.2-SNAPSHOT/protostuff-core-1.5.2-SNAPSHOT.jar:/home/spirals/danglot/.m2/repository/io/protostuff/protostuff-core/1.5.2-SNAPSHOT/protostuff-core-1.5.2-SNAPSHOT-tests.jar:/home/spirals/danglot/.m2/repository/io/protostuff/protostuff-api/1.5.2-SNAPSHOT/protostuff-api-1.5.2-SNAPSHOT.jar:/home/spirals/danglot/.m2/repository/io/protostuff/protostuff-collectionschema/1.5.2-SNAPSHOT/protostuff-collectionschema-1.5.2-SNAPSHOT.jar:target/dspot/dependencies/:dataset/may-2018/protostuff/201/protostuff-runtime//target/classes:dataset/may-2018/protostuff/201/protostuff-runtime//target/test-classes:, -d, /tmp/Ex2Amplifier-experiments/dataset/may-2018/protostuff/201_modified/protostuff-runtime/target/test-classes, -1.8, -proc:none, -preserveAllLocals, -noExit, -enableJavadoc, /tmp/Ex2Amplifier-experiments/target/dspot/tmp_test_sources/io/protostuff/runtime/ObjectSchemaTest.java]
[119250] DEBUG Launcher - compiled in 412 ms
[119252] INFO EntryPoint - Run: java -cp /home/spirals/danglot/.m2/repository/junit/junit/4.11/junit-4.11.jar:/home/spirals/danglot/.m2/repository/org/hamcrest/hamcrest-core/1.3/hamcrest-core-1.3.jar:/home/spirals/danglot/.m2/repository/org/mockito/mockito-core/1.10.8/mockito-core-1.10.8.jar:/home/spirals/danglot/.m2/repository/org/objenesis/objenesis/2.1/objenesis-2.1.jar:/home/spirals/danglot/.m2/repository/io/protostuff/protostuff-core/1.5.2-SNAPSHOT/protostuff-core-1.5.2-SNAPSHOT.jar:/home/spirals/danglot/.m2/repository/io/protostuff/protostuff-core/1.5.2-SNAPSHOT/protostuff-core-1.5.2-SNAPSHOT-tests.jar:/home/spirals/danglot/.m2/repository/io/protostuff/protostuff-api/1.5.2-SNAPSHOT/protostuff-api-1.5.2-SNAPSHOT.jar:/home/spirals/danglot/.m2/repository/io/protostuff/protostuff-collectionschema/1.5.2-SNAPSHOT/protostuff-collectionschema-1.5.2-SNAPSHOT.jar:target/dspot/dependencies/:/tmp/Ex2Amplifier-experiments/dataset/may-2018/protostuff/201_modified/protostuff-runtime/target/classes:/tmp/Ex2Amplifier-experiments/dataset/may-2018/protostuff/201_modified/protostuff-runtime/target/test-classes:/home/spirals/danglot/.m2/repository/eu/stamp-project/test-runner/1.0.8/test-runner-1.0.8-jar-with-dependencies.jar eu.stamp_project.testrunner.runner.test.TestRunner io.protostuff.runtime.ObjectSchemaTest testGraphlitNum1_failAssert0:testGraphlitNum2_failAssert1
File saved to the following path: /tmp/Ex2Amplifier-experiments/dataset/may-2018/protostuff/201/protostuff-runtime/target/dspot/TestListener.ser
false
false
[119747] INFO EntryPoint - Test has been run: testGraphlitNum2_failAssert1,testGraphlitNum1_failAssert0
[119747] INFO Amplification - iteration 1:
[119747] INFO Amplification - 2 tests selected to be amplified over 2 available tests
100% |================================================== ]-
 50% |========================= ]/[119790] INFO AssertGenerator - Run tests. (8)
[119804] DEBUG Launcher - printing io.protostuff.runtime.ObjectSchemaTest to /tmp/Ex2Amplifier-experiments/target/dspot/tmp_test_sources
[119983] INFO EntryPoint - Run: java -cp /tmp/Ex2Amplifier-experiments/dataset/may-2018/protostuff/201/protostuff-runtime/target/test-classes:/tmp/Ex2Amplifier-experiments/dataset/may-2018/protostuff/201/protostuff-runtime/target/classes:/home/spirals/danglot/.m2/repository/junit/junit/4.11/junit-4.11.jar:/home/spirals/danglot/.m2/repository/org/hamcrest/hamcrest-core/1.3/hamcrest-core-1.3.jar:/home/spirals/danglot/.m2/repository/org/mockito/mockito-core/1.10.8/mockito-core-1.10.8.jar:/home/spirals/danglot/.m2/repository/org/objenesis/objenesis/2.1/objenesis-2.1.jar:/home/spirals/danglot/.m2/repository/io/protostuff/protostuff-core/1.5.3-SNAPSHOT/protostuff-core-1.5.3-SNAPSHOT.jar:/home/spirals/danglot/.m2/repository/io/protostuff/protostuff-core/1.5.3-SNAPSHOT/protostuff-core-1.5.3-SNAPSHOT-tests.jar:/home/spirals/danglot/.m2/repository/io/protostuff/protostuff-api/1.5.3-SNAPSHOT/protostuff-api-1.5.3-SNAPSHOT.jar:/home/spirals/danglot/.m2/repository/io/protostuff/protostuff-collectionschema/1.5.3-SNAPSHOT/protostuff-collectionschema-1.5.3-SNAPSHOT.jar:/tmp/Ex2Amplifier-experiments/target/dspot/dependencies:/home/spirals/danglot/.m2/repository/eu/stamp-project/test-runner/1.0.8/test-runner-1.0.8-jar-with-dependencies.jar eu.stamp_project.testrunner.runner.test.TestRunner io.protostuff.runtime.ObjectSchemaTest testGraphlitNum1_failAssert0litNum17:testGraphlitNum1_failAssert0litNum19:testGraphlitNum1_failAssert0litNum21:testGraphlitNum1_failAssert0litNum22:testGraphlitNum2_failAssert1litNum15:testGraphlitNum2_failAssert1litNum16:testGraphlitNum2_failAssert1litNum18:testGraphlitNum2_failAssert1litNum20
File saved to the following path: /tmp/Ex2Amplifier-experiments/dataset/may-2018/protostuff/201/protostuff-runtime/target/dspot/TestListener.ser
false
false
false
false
false
false
false
false
[120568] INFO EntryPoint - Test has been run: testGraphlitNum2_failAssert1litNum16,testGraphlitNum2_failAssert1litNum18,testGraphlitNum2_failAssert1litNum20,testGraphlitNum1_failAssert0litNum19,testGraphlitNum1_failAssert0litNum22,testGraphlitNum2_failAssert1litNum15(io.protostuff.runtime.ObjectSchemaTest): Requested array size exceeds VM limit,testGraphlitNum1_failAssert0litNum17(io.protostuff.runtime.ObjectSchemaTest): 256 is the minimum buffer size.,testGraphlitNum1_failAssert0litNum21(io.protostuff.runtime.ObjectSchemaTest): 256 is the minimum buffer size.
[120568] INFO AssertGenerator - 5 test pass, generating assertion...
[120586] INFO MethodsAssertGenerator - Add observations points in passing tests.
[120586] INFO MethodsAssertGenerator - Instrumentation...
 20% |========================= ]/ 40% |========================= ]- 60% |============================== ]\ 80% |======================================== ]|100% |================================================== ]/
[120614] INFO MethodsAssertGenerator - Run instrumented tests. (15)
[120637] DEBUG Launcher - printing io.protostuff.runtime.ObjectSchemaTest to /tmp/Ex2Amplifier-experiments/target/dspot/tmp_test_sources
[120896] INFO EntryPoint - Run: java -cp /tmp/Ex2Amplifier-experiments/dataset/may-2018/protostuff/201/protostuff-runtime/target/test-classes:/tmp/Ex2Amplifier-experiments/dataset/may-2018/protostuff/201/protostuff-runtime/target/classes:/home/spirals/danglot/.m2/repository/junit/junit/4.11/junit-4.11.jar:/home/spirals/danglot/.m2/repository/org/hamcrest/hamcrest-core/1.3/hamcrest-core-1.3.jar:/home/spirals/danglot/.m2/repository/org/mockito/mockito-core/1.10.8/mockito-core-1.10.8.jar:/home/spirals/danglot/.m2/repository/org/objenesis/objenesis/2.1/objenesis-2.1.jar:/home/spirals/danglot/.m2/repository/io/protostuff/protostuff-core/1.5.3-SNAPSHOT/protostuff-core-1.5.3-SNAPSHOT.jar:/home/spirals/danglot/.m2/repository/io/protostuff/protostuff-core/1.5.3-SNAPSHOT/protostuff-core-1.5.3-SNAPSHOT-tests.jar:/home/spirals/danglot/.m2/repository/io/protostuff/protostuff-api/1.5.3-SNAPSHOT/protostuff-api-1.5.3-SNAPSHOT.jar:/home/spirals/danglot/.m2/repository/io/protostuff/protostuff-collectionschema/1.5.3-SNAPSHOT/protostuff-collectionschema-1.5.3-SNAPSHOT.jar:/tmp/Ex2Amplifier-experiments/target/dspot/dependencies:/home/spirals/danglot/.m2/repository/eu/stamp-project/test-runner/1.0.8/test-runner-1.0.8-jar-with-dependencies.jar eu.stamp_project.testrunner.runner.test.TestRunner io.protostuff.runtime.ObjectSchemaTest testGraphlitNum1_failAssert0litNum19_withlog0:testGraphlitNum1_failAssert0litNum22_withlog0:testGraphlitNum2_failAssert1litNum16_withlog0:testGraphlitNum2_failAssert1litNum18_withlog0:testGraphlitNum2_failAssert1litNum20_withlog0:testGraphlitNum1_failAssert0litNum19_withlog1:testGraphlitNum1_failAssert0litNum22_withlog1:testGraphlitNum2_failAssert1litNum16_withlog1:testGraphlitNum2_failAssert1litNum18_withlog1:testGraphlitNum2_failAssert1litNum20_withlog1:testGraphlitNum1_failAssert0litNum19_withlog2:testGraphlitNum1_failAssert0litNum22_withlog2:testGraphlitNum2_failAssert1litNum16_withlog2:testGraphlitNum2_failAssert1litNum18_withlog2:testGraphlitNum2_failAssert1litNum20_withlog2
File saved to the following path: /tmp/Ex2Amplifier-experiments/dataset/may-2018/protostuff/201/protostuff-runtime/target/dspot/observations.ser
File saved to the following path: /tmp/Ex2Amplifier-experiments/dataset/may-2018/protostuff/201/protostuff-runtime/target/dspot/TestListener.ser
false
false
false
false
false
false
false
false
false
false
false
false
false
false
false
[121491] INFO EntryPoint - Test has been run: testGraphlitNum2_failAssert1litNum20_withlog0,testGraphlitNum2_failAssert1litNum20_withlog1,testGraphlitNum2_failAssert1litNum20_withlog2,testGraphlitNum2_failAssert1litNum18_withlog0,testGraphlitNum2_failAssert1litNum18_withlog1,testGraphlitNum2_failAssert1litNum18_withlog2,testGraphlitNum1_failAssert0litNum22_withlog0,testGraphlitNum1_failAssert0litNum22_withlog1,testGraphlitNum1_failAssert0litNum22_withlog2,testGraphlitNum2_failAssert1litNum16_withlog0,testGraphlitNum2_failAssert1litNum16_withlog1,testGraphlitNum2_failAssert1litNum16_withlog2,testGraphlitNum1_failAssert0litNum19_withlog0,testGraphlitNum1_failAssert0litNum19_withlog1,testGraphlitNum1_failAssert0litNum19_withlog2
[121496] INFO MethodsAssertGenerator - Generating assertions...
[121529] INFO AssertGenerator - 2 test fail, generating try/catch/fail blocks...
[121531] INFO AssertGenerator - 7 new tests with assertions generated
[121561] DEBUG Launcher - printing io.protostuff.runtime.ObjectSchemaTest to /tmp/Ex2Amplifier-experiments/target/dspot/tmp_test_sources
[121762] INFO EntryPoint - Run: java -cp /tmp/Ex2Amplifier-experiments/dataset/may-2018/protostuff/201/protostuff-runtime/target/test-classes:/tmp/Ex2Amplifier-experiments/dataset/may-2018/protostuff/201/protostuff-runtime/target/classes:/home/spirals/danglot/.m2/repository/junit/junit/4.11/junit-4.11.jar:/home/spirals/danglot/.m2/repository/org/hamcrest/hamcrest-core/1.3/hamcrest-core-1.3.jar:/home/spirals/danglot/.m2/repository/org/mockito/mockito-core/1.10.8/mockito-core-1.10.8.jar:/home/spirals/danglot/.m2/repository/org/objenesis/objenesis/2.1/objenesis-2.1.jar:/home/spirals/danglot/.m2/repository/io/protostuff/protostuff-core/1.5.3-SNAPSHOT/protostuff-core-1.5.3-SNAPSHOT.jar:/home/spirals/danglot/.m2/repository/io/protostuff/protostuff-core/1.5.3-SNAPSHOT/protostuff-core-1.5.3-SNAPSHOT-tests.jar:/home/spirals/danglot/.m2/repository/io/protostuff/protostuff-api/1.5.3-SNAPSHOT/protostuff-api-1.5.3-SNAPSHOT.jar:/home/spirals/danglot/.m2/repository/io/protostuff/protostuff-collectionschema/1.5.3-SNAPSHOT/protostuff-collectionschema-1.5.3-SNAPSHOT.jar:/tmp/Ex2Amplifier-experiments/target/dspot/dependencies:/home/spirals/danglot/.m2/repository/eu/stamp-project/test-runner/1.0.8/test-runner-1.0.8-jar-with-dependencies.jar eu.stamp_project.testrunner.runner.test.TestRunner io.protostuff.runtime.ObjectSchemaTest testGraphlitNum1_failAssert0litNum19:testGraphlitNum1_failAssert0litNum22:testGraphlitNum2_failAssert1litNum16:testGraphlitNum2_failAssert1litNum18:testGraphlitNum2_failAssert1litNum20:testGraphlitNum1_failAssert0litNum17_failAssert2:testGraphlitNum2_failAssert1litNum15_failAssert3
File saved to the following path: /tmp/Ex2Amplifier-experiments/dataset/may-2018/protostuff/201/protostuff-runtime/target/dspot/TestListener.ser
false
false
false
false
false
false
false
[122317] INFO EntryPoint - Test has been run: testGraphlitNum2_failAssert1litNum15_failAssert3,testGraphlitNum2_failAssert1litNum16,testGraphlitNum2_failAssert1litNum18,testGraphlitNum2_failAssert1litNum20,testGraphlitNum1_failAssert0litNum17_failAssert2,testGraphlitNum1_failAssert0litNum19,testGraphlitNum1_failAssert0litNum22
[122317] INFO Amplification - 7 test method(s) has been successfully generated
[122337] DEBUG Launcher - printing io.protostuff.runtime.ObjectSchemaTest to /tmp/Ex2Amplifier-experiments/target/dspot/tmp_test_sources
[122451] DEBUG Launcher - building sources: [/tmp/Ex2Amplifier-experiments/target/dspot/tmp_test_sources/io/protostuff/runtime/ObjectSchemaTest.java]
[122452] DEBUG Launcher - build args: [-encoding, UTF-8, -cp, /home/spirals/danglot/.m2/repository/junit/junit/4.11/junit-4.11.jar:/home/spirals/danglot/.m2/repository/org/hamcrest/hamcrest-core/1.3/hamcrest-core-1.3.jar:/home/spirals/danglot/.m2/repository/org/mockito/mockito-core/1.10.8/mockito-core-1.10.8.jar:/home/spirals/danglot/.m2/repository/org/objenesis/objenesis/2.1/objenesis-2.1.jar:/home/spirals/danglot/.m2/repository/io/protostuff/protostuff-core/1.5.2-SNAPSHOT/protostuff-core-1.5.2-SNAPSHOT.jar:/home/spirals/danglot/.m2/repository/io/protostuff/protostuff-core/1.5.2-SNAPSHOT/protostuff-core-1.5.2-SNAPSHOT-tests.jar:/home/spirals/danglot/.m2/repository/io/protostuff/protostuff-api/1.5.2-SNAPSHOT/protostuff-api-1.5.2-SNAPSHOT.jar:/home/spirals/danglot/.m2/repository/io/protostuff/protostuff-collectionschema/1.5.2-SNAPSHOT/protostuff-collectionschema-1.5.2-SNAPSHOT.jar:target/dspot/dependencies/:dataset/may-2018/protostuff/201/protostuff-runtime//target/classes:dataset/may-2018/protostuff/201/protostuff-runtime//target/test-classes:, -1.8, -preserveAllLocals, -noExit, -enableJavadoc, /tmp/Ex2Amplifier-experiments/target/dspot/tmp_test_sources/io/protostuff/runtime/ObjectSchemaTest.java]
[122549] DEBUG Launcher - built in 97 ms
[122549] DEBUG Launcher - building templates: []
[122549] DEBUG Launcher - built in 0 ms
[122551] DEBUG Launcher - model built in 100
[122551] DEBUG Launcher - compiling sources: [/tmp/Ex2Amplifier-experiments/target/dspot/tmp_test_sources/io/protostuff/runtime/ObjectSchemaTest.java]
[122554] DEBUG Launcher - compile args: [-encoding, UTF-8, -cp, /home/spirals/danglot/.m2/repository/junit/junit/4.11/junit-4.11.jar:/home/spirals/danglot/.m2/repository/org/hamcrest/hamcrest-core/1.3/hamcrest-core-1.3.jar:/home/spirals/danglot/.m2/repository/org/mockito/mockito-core/1.10.8/mockito-core-1.10.8.jar:/home/spirals/danglot/.m2/repository/org/objenesis/objenesis/2.1/objenesis-2.1.jar:/home/spirals/danglot/.m2/repository/io/protostuff/protostuff-core/1.5.2-SNAPSHOT/protostuff-core-1.5.2-SNAPSHOT.jar:/home/spirals/danglot/.m2/repository/io/protostuff/protostuff-core/1.5.2-SNAPSHOT/protostuff-core-1.5.2-SNAPSHOT-tests.jar:/home/spirals/danglot/.m2/repository/io/protostuff/protostuff-api/1.5.2-SNAPSHOT/protostuff-api-1.5.2-SNAPSHOT.jar:/home/spirals/danglot/.m2/repository/io/protostuff/protostuff-collectionschema/1.5.2-SNAPSHOT/protostuff-collectionschema-1.5.2-SNAPSHOT.jar:target/dspot/dependencies/:dataset/may-2018/protostuff/201/protostuff-runtime//target/classes:dataset/may-2018/protostuff/201/protostuff-runtime//target/test-classes:, -d, /tmp/Ex2Amplifier-experiments/dataset/may-2018/protostuff/201_modified/protostuff-runtime/target/test-classes, -1.8, -proc:none, -preserveAllLocals, -noExit, -enableJavadoc, /tmp/Ex2Amplifier-experiments/target/dspot/tmp_test_sources/io/protostuff/runtime/ObjectSchemaTest.java]
[122937] DEBUG Launcher - compiled in 386 ms
[122937] INFO EntryPoint - Run: java -cp /home/spirals/danglot/.m2/repository/junit/junit/4.11/junit-4.11.jar:/home/spirals/danglot/.m2/repository/org/hamcrest/hamcrest-core/1.3/hamcrest-core-1.3.jar:/home/spirals/danglot/.m2/repository/org/mockito/mockito-core/1.10.8/mockito-core-1.10.8.jar:/home/spirals/danglot/.m2/repository/org/objenesis/objenesis/2.1/objenesis-2.1.jar:/home/spirals/danglot/.m2/repository/io/protostuff/protostuff-core/1.5.2-SNAPSHOT/protostuff-core-1.5.2-SNAPSHOT.jar:/home/spirals/danglot/.m2/repository/io/protostuff/protostuff-core/1.5.2-SNAPSHOT/protostuff-core-1.5.2-SNAPSHOT-tests.jar:/home/spirals/danglot/.m2/repository/io/protostuff/protostuff-api/1.5.2-SNAPSHOT/protostuff-api-1.5.2-SNAPSHOT.jar:/home/spirals/danglot/.m2/repository/io/protostuff/protostuff-collectionschema/1.5.2-SNAPSHOT/protostuff-collectionschema-1.5.2-SNAPSHOT.jar:target/dspot/dependencies/:/tmp/Ex2Amplifier-experiments/dataset/may-2018/protostuff/201_modified/protostuff-runtime/target/classes:/tmp/Ex2Amplifier-experiments/dataset/may-2018/protostuff/201_modified/protostuff-runtime/target/test-classes:/home/spirals/danglot/.m2/repository/eu/stamp-project/test-runner/1.0.8/test-runner-1.0.8-jar-with-dependencies.jar eu.stamp_project.testrunner.runner.test.TestRunner io.protostuff.runtime.ObjectSchemaTest testGraphlitNum1_failAssert0litNum19:testGraphlitNum1_failAssert0litNum22:testGraphlitNum2_failAssert1litNum16:testGraphlitNum2_failAssert1litNum18:testGraphlitNum2_failAssert1litNum20:testGraphlitNum1_failAssert0litNum17_failAssert2:testGraphlitNum2_failAssert1litNum15_failAssert3
File saved to the following path: /tmp/Ex2Amplifier-experiments/dataset/may-2018/protostuff/201/protostuff-runtime/target/dspot/TestListener.ser
false
false
false
false
false
false
false
[123476] INFO EntryPoint - Test has been run: testGraphlitNum2_failAssert1litNum15_failAssert3,testGraphlitNum2_failAssert1litNum16,testGraphlitNum2_failAssert1litNum18,testGraphlitNum2_failAssert1litNum20,testGraphlitNum1_failAssert0litNum17_failAssert2,testGraphlitNum1_failAssert0litNum19,testGraphlitNum1_failAssert0litNum22
[123476] INFO Amplification - iteration 2:
[123476] INFO Amplification - 7 tests selected to be amplified over 7 available tests
 14% |================================================== ]/ 57% |================================================== ]| 71% |================================================== ]/ 85% |================================================== ]-100% |================================================== ]\
 28% |================================================== ]- 42% |================================================== ]\[123576] INFO AssertGenerator - Run tests. (29)
[123593] DEBUG Launcher - printing io.protostuff.runtime.ObjectSchemaTest to /tmp/Ex2Amplifier-experiments/target/dspot/tmp_test_sources
[123827] INFO EntryPoint - Run: java -cp /tmp/Ex2Amplifier-experiments/dataset/may-2018/protostuff/201/protostuff-runtime/target/test-classes:/tmp/Ex2Amplifier-experiments/dataset/may-2018/protostuff/201/protostuff-runtime/target/classes:/home/spirals/danglot/.m2/repository/junit/junit/4.11/junit-4.11.jar:/home/spirals/danglot/.m2/repository/org/hamcrest/hamcrest-core/1.3/hamcrest-core-1.3.jar:/home/spirals/danglot/.m2/repository/org/mockito/mockito-core/1.10.8/mockito-core-1.10.8.jar:/home/spirals/danglot/.m2/repository/org/objenesis/objenesis/2.1/objenesis-2.1.jar:/home/spirals/danglot/.m2/repository/io/protostuff/protostuff-core/1.5.3-SNAPSHOT/protostuff-core-1.5.3-SNAPSHOT.jar:/home/spirals/danglot/.m2/repository/io/protostuff/protostuff-core/1.5.3-SNAPSHOT/protostuff-core-1.5.3-SNAPSHOT-tests.jar:/home/spirals/danglot/.m2/repository/io/protostuff/protostuff-api/1.5.3-SNAPSHOT/protostuff-api-1.5.3-SNAPSHOT.jar:/home/spirals/danglot/.m2/repository/io/protostuff/protostuff-collectionschema/1.5.3-SNAPSHOT/protostuff-collectionschema-1.5.3-SNAPSHOT.jar:/tmp/Ex2Amplifier-experiments/target/dspot/dependencies:/home/spirals/danglot/.m2/repository/eu/stamp-project/test-runner/1.0.8/test-runner-1.0.8-jar-with-dependencies.jar eu.stamp_project.testrunner.runner.test.TestRunner io.protostuff.runtime.ObjectSchemaTest testGraphlitNum1_failAssert0litNum19litNum45:testGraphlitNum1_failAssert0litNum19litNum50:testGraphlitNum1_failAssert0litNum19litNum59:testGraphlitNum1_failAssert0litNum19litNum67:testGraphlitNum1_failAssert0litNum22litNum48:testGraphlitNum1_failAssert0litNum22litNum54:testGraphlitNum1_failAssert0litNum22litNum61:testGraphlitNum1_failAssert0litNum22litNum71:testGraphlitNum2_failAssert1litNum16litNum49:testGraphlitNum2_failAssert1litNum16litNum55:testGraphlitNum2_failAssert1litNum16litNum63:testGraphlitNum2_failAssert1litNum16litNum69:testGraphlitNum2_failAssert1litNum18litNum43:testGraphlitNum2_failAssert1litNum18litNum53:testGraphlitNum2_failAssert1litNum18litNum58:testGraphlitNum2_failAssert1litNum18litNum65:testGraphlitNum2_failAssert1litNum18litNum68:testGraphlitNum2_failAssert1litNum20litNum43:testGraphlitNum2_failAssert1litNum20litNum47:testGraphlitNum2_failAssert1litNum20litNum57:testGraphlitNum2_failAssert1litNum20litNum64:testGraphlitNum1_failAssert0litNum17_failAssert2litNum51:testGraphlitNum1_failAssert0litNum17_failAssert2litNum60:testGraphlitNum1_failAssert0litNum17_failAssert2litNum66:testGraphlitNum1_failAssert0litNum17_failAssert2litNum70:testGraphlitNum2_failAssert1litNum15_failAssert3litNum46:testGraphlitNum2_failAssert1litNum15_failAssert3litNum52:testGraphlitNum2_failAssert1litNum15_failAssert3litNum56:testGraphlitNum2_failAssert1litNum15_failAssert3litNum62
File saved to the following path: /tmp/Ex2Amplifier-experiments/dataset/may-2018/protostuff/201/protostuff-runtime/target/dspot/TestListener.ser
false
false
false
false
false
false
false
false
false
false
false
false
false
false
false
false
false
false
false
false
false
false
false
false
false
false
false
false
false
[125843] INFO EntryPoint - Test has been run: testGraphlitNum1_failAssert0litNum17_failAssert2litNum60,testGraphlitNum1_failAssert0litNum17_failAssert2litNum66,testGraphlitNum1_failAssert0litNum17_failAssert2litNum70,testGraphlitNum2_failAssert1litNum20litNum43,testGraphlitNum2_failAssert1litNum20litNum57,testGraphlitNum2_failAssert1litNum20litNum64,testGraphlitNum2_failAssert1litNum15_failAssert3litNum52,testGraphlitNum2_failAssert1litNum15_failAssert3litNum62,testGraphlitNum2_failAssert1litNum16litNum55,testGraphlitNum2_failAssert1litNum16litNum63,testGraphlitNum2_failAssert1litNum16litNum69,testGraphlitNum2_failAssert1litNum18litNum43,testGraphlitNum2_failAssert1litNum18litNum58,testGraphlitNum2_failAssert1litNum18litNum65,testGraphlitNum2_failAssert1litNum18litNum68,testGraphlitNum1_failAssert0litNum22litNum48,testGraphlitNum1_failAssert0litNum19litNum50,testGraphlitNum1_failAssert0litNum19litNum67,testGraphlitNum1_failAssert0litNum17_failAssert2litNum51(io.protostuff.runtime.ObjectSchemaTest): testGraphlitNum1_failAssert0litNum17 should have thrown IllegalArgumentException,testGraphlitNum2_failAssert1litNum20litNum47(io.protostuff.runtime.ObjectSchemaTest): Requested array size exceeds VM limit,testGraphlitNum2_failAssert1litNum15_failAssert3litNum46(io.protostuff.runtime.ObjectSchemaTest): testGraphlitNum2_failAssert1litNum15 should have thrown OutOfMemoryError,testGraphlitNum2_failAssert1litNum15_failAssert3litNum56(io.protostuff.runtime.ObjectSchemaTest): testGraphlitNum2_failAssert1litNum15 should have thrown OutOfMemoryError,testGraphlitNum2_failAssert1litNum16litNum49(io.protostuff.runtime.ObjectSchemaTest): Requested array size exceeds VM limit,testGraphlitNum2_failAssert1litNum18litNum53(io.protostuff.runtime.ObjectSchemaTest): Requested array size exceeds VM limit,testGraphlitNum1_failAssert0litNum22litNum54(io.protostuff.runtime.ObjectSchemaTest): 256 is the minimum buffer size.,testGraphlitNum1_failAssert0litNum22litNum61(io.protostuff.runtime.ObjectSchemaTest): 256 is the minimum buffer size.,testGraphlitNum1_failAssert0litNum22litNum71(io.protostuff.runtime.ObjectSchemaTest): testGraphlitNum1 should have thrown OutOfMemoryError,testGraphlitNum1_failAssert0litNum19litNum45(io.protostuff.runtime.ObjectSchemaTest): 256 is the minimum buffer size.,testGraphlitNum1_failAssert0litNum19litNum59(io.protostuff.runtime.ObjectSchemaTest): 256 is the minimum buffer size.
[125843] INFO AssertGenerator - 18 test pass, generating assertion...
[125868] INFO MethodsAssertGenerator - Add observations points in passing tests.
[125868] INFO MethodsAssertGenerator - Instrumentation...
  5% |== ]/ 11% |===== ]- 16% |======== ]\ 22% |=========== ]| 27% |============= ]/ 33% |================ ]- 38% |=================== ]\ 44% |====================== ]| 50% |========================= ]/ 55% |=========================== ]- 61% |============================== ]\ 66% |================================= ]| 72% |==================================== ]/ 77% |====================================== ]- 83% |========================================= ]\ 88% |============================================ ]| 94% |=============================================== ]/100% |================================================== ]-
[125956] INFO MethodsAssertGenerator - Run instrumented tests. (54)
[126029] DEBUG Launcher - printing io.protostuff.runtime.ObjectSchemaTest to /tmp/Ex2Amplifier-experiments/target/dspot/tmp_test_sources
[126383] INFO EntryPoint - Run: java -cp /tmp/Ex2Amplifier-experiments/dataset/may-2018/protostuff/201/protostuff-runtime/target/test-classes:/tmp/Ex2Amplifier-experiments/dataset/may-2018/protostuff/201/protostuff-runtime/target/classes:/home/spirals/danglot/.m2/repository/junit/junit/4.11/junit-4.11.jar:/home/spirals/danglot/.m2/repository/org/hamcrest/hamcrest-core/1.3/hamcrest-core-1.3.jar:/home/spirals/danglot/.m2/repository/org/mockito/mockito-core/1.10.8/mockito-core-1.10.8.jar:/home/spirals/danglot/.m2/repository/org/objenesis/objenesis/2.1/objenesis-2.1.jar:/home/spirals/danglot/.m2/repository/io/protostuff/protostuff-core/1.5.3-SNAPSHOT/protostuff-core-1.5.3-SNAPSHOT.jar:/home/spirals/danglot/.m2/repository/io/protostuff/protostuff-core/1.5.3-SNAPSHOT/protostuff-core-1.5.3-SNAPSHOT-tests.jar:/home/spirals/danglot/.m2/repository/io/protostuff/protostuff-api/1.5.3-SNAPSHOT/protostuff-api-1.5.3-SNAPSHOT.jar:/home/spirals/danglot/.m2/repository/io/protostuff/protostuff-collectionschema/1.5.3-SNAPSHOT/protostuff-collectionschema-1.5.3-SNAPSHOT.jar:/tmp/Ex2Amplifier-experiments/target/dspot/dependencies:/home/spirals/danglot/.m2/repository/eu/stamp-project/test-runner/1.0.8/test-runner-1.0.8-jar-with-dependencies.jar eu.stamp_project.testrunner.runner.test.TestRunner io.protostuff.runtime.ObjectSchemaTest testGraphlitNum1_failAssert0litNum19litNum50_withlog0:testGraphlitNum1_failAssert0litNum19litNum67_withlog0:testGraphlitNum1_failAssert0litNum22litNum48_withlog0:testGraphlitNum2_failAssert1litNum16litNum55_withlog0:testGraphlitNum2_failAssert1litNum16litNum63_withlog0:testGraphlitNum2_failAssert1litNum16litNum69_withlog0:testGraphlitNum2_failAssert1litNum18litNum43_withlog0:testGraphlitNum2_failAssert1litNum18litNum58_withlog0:testGraphlitNum2_failAssert1litNum18litNum65_withlog0:testGraphlitNum2_failAssert1litNum18litNum68_withlog0:testGraphlitNum2_failAssert1litNum20litNum43_withlog0:testGraphlitNum2_failAssert1litNum20litNum57_withlog0:testGraphlitNum2_failAssert1litNum20litNum64_withlog0:testGraphlitNum1_failAssert0litNum17_failAssert2litNum60_withlog0:testGraphlitNum1_failAssert0litNum17_failAssert2litNum66_withlog0:testGraphlitNum1_failAssert0litNum17_failAssert2litNum70_withlog0:testGraphlitNum2_failAssert1litNum15_failAssert3litNum52_withlog0:testGraphlitNum2_failAssert1litNum15_failAssert3litNum62_withlog0:testGraphlitNum1_failAssert0litNum19litNum50_withlog1:testGraphlitNum1_failAssert0litNum19litNum67_withlog1:testGraphlitNum1_failAssert0litNum22litNum48_withlog1:testGraphlitNum2_failAssert1litNum16litNum55_withlog1:testGraphlitNum2_failAssert1litNum16litNum63_withlog1:testGraphlitNum2_failAssert1litNum16litNum69_withlog1:testGraphlitNum2_failAssert1litNum18litNum43_withlog1:testGraphlitNum2_failAssert1litNum18litNum58_withlog1:testGraphlitNum2_failAssert1litNum18litNum65_withlog1:testGraphlitNum2_failAssert1litNum18litNum68_withlog1:testGraphlitNum2_failAssert1litNum20litNum43_withlog1:testGraphlitNum2_failAssert1litNum20litNum57_withlog1:testGraphlitNum2_failAssert1litNum20litNum64_withlog1:testGraphlitNum1_failAssert0litNum17_failAssert2litNum60_withlog1:testGraphlitNum1_failAssert0litNum17_failAssert2litNum66_withlog1:testGraphlitNum1_failAssert0litNum17_failAssert2litNum70_withlog1:testGraphlitNum2_failAssert1litNum15_failAssert3litNum52_withlog1:testGraphlitNum2_failAssert1litNum15_failAssert3litNum62_withlog1:testGraphlitNum1_failAssert0litNum19litNum50_withlog2:testGraphlitNum1_failAssert0litNum19litNum67_withlog2:testGraphlitNum1_failAssert0litNum22litNum48_withlog2:testGraphlitNum2_failAssert1litNum16litNum55_withlog2:testGraphlitNum2_failAssert1litNum16litNum63_withlog2:testGraphlitNum2_failAssert1litNum16litNum69_withlog2:testGraphlitNum2_failAssert1litNum18litNum43_withlog2:testGraphlitNum2_failAssert1litNum18litNum58_withlog2:testGraphlitNum2_failAssert1litNum18litNum65_withlog2:testGraphlitNum2_failAssert1litNum18litNum68_withlog2:testGraphlitNum2_failAssert1litNum20litNum43_withlog2:testGraphlitNum2_failAssert1litNum20litNum57_withlog2:testGraphlitNum2_failAssert1litNum20litNum64_withlog2:testGraphlitNum1_failAssert0litNum17_failAssert2litNum60_withlog2:testGraphlitNum1_failAssert0litNum17_failAssert2litNum66_withlog2:testGraphlitNum1_failAssert0litNum17_failAssert2litNum70_withlog2:testGraphlitNum2_failAssert1litNum15_failAssert3litNum52_withlog2:testGraphlitNum2_failAssert1litNum15_failAssert3litNum62_withlog2
File saved to the following path: /tmp/Ex2Amplifier-experiments/dataset/may-2018/protostuff/201/protostuff-runtime/target/dspot/observations.ser
File saved to the following path: /tmp/Ex2Amplifier-experiments/dataset/may-2018/protostuff/201/protostuff-runtime/target/dspot/TestListener.ser
false
false
false
false
false
false
false
false
false
false
false
false
false
false
false
false
false
false
false
false
false
false
false
false
false
false
false
false
false
false
false
false
false
false
false
false
false
false
false
false
false
false
false
false
false
false
false
false
false
false
false
false
false
false
[127108] INFO EntryPoint - Test has been run: testGraphlitNum1_failAssert0litNum17_failAssert2litNum66_withlog0,testGraphlitNum1_failAssert0litNum17_failAssert2litNum66_withlog1,testGraphlitNum1_failAssert0litNum17_failAssert2litNum66_withlog2,testGraphlitNum2_failAssert1litNum18litNum58_withlog0,testGraphlitNum2_failAssert1litNum18litNum58_withlog1,testGraphlitNum2_failAssert1litNum18litNum58_withlog2,testGraphlitNum2_failAssert1litNum16litNum69_withlog0,testGraphlitNum2_failAssert1litNum16litNum69_withlog1,testGraphlitNum2_failAssert1litNum16litNum69_withlog2,testGraphlitNum1_failAssert0litNum19litNum67_withlog0,testGraphlitNum1_failAssert0litNum19litNum67_withlog1,testGraphlitNum1_failAssert0litNum19litNum67_withlog2,testGraphlitNum2_failAssert1litNum15_failAssert3litNum62_withlog0,testGraphlitNum2_failAssert1litNum15_failAssert3litNum62_withlog1,testGraphlitNum2_failAssert1litNum15_failAssert3litNum62_withlog2,testGraphlitNum1_failAssert0litNum17_failAssert2litNum60_withlog0,testGraphlitNum1_failAssert0litNum17_failAssert2litNum60_withlog1,testGraphlitNum1_failAssert0litNum17_failAssert2litNum60_withlog2,testGraphlitNum1_failAssert0litNum22litNum48_withlog0,testGraphlitNum1_failAssert0litNum22litNum48_withlog1,testGraphlitNum1_failAssert0litNum22litNum48_withlog2,testGraphlitNum2_failAssert1litNum16litNum63_withlog0,testGraphlitNum2_failAssert1litNum16litNum63_withlog1,testGraphlitNum2_failAssert1litNum16litNum63_withlog2,testGraphlitNum2_failAssert1litNum20litNum43_withlog0,testGraphlitNum2_failAssert1litNum20litNum43_withlog1,testGraphlitNum2_failAssert1litNum20litNum43_withlog2,testGraphlitNum2_failAssert1litNum20litNum64_withlog0,testGraphlitNum2_failAssert1litNum20litNum64_withlog1,testGraphlitNum2_failAssert1litNum20litNum64_withlog2,testGraphlitNum2_failAssert1litNum18litNum68_withlog0,testGraphlitNum2_failAssert1litNum18litNum68_withlog1,testGraphlitNum2_failAssert1litNum18litNum68_withlog2,testGraphlitNum2_failAssert1litNum16litNum55_withlog0,testGraphlitNum2_failAssert1litNum16litNum55_withlog1,testGraphlitNum2_failAssert1litNum16litNum55_withlog2,testGraphlitNum2_failAssert1litNum15_failAssert3litNum52_withlog0,testGraphlitNum2_failAssert1litNum15_failAssert3litNum52_withlog1,testGraphlitNum2_failAssert1litNum15_failAssert3litNum52_withlog2,testGraphlitNum2_failAssert1litNum18litNum43_withlog0,testGraphlitNum2_failAssert1litNum18litNum43_withlog1,testGraphlitNum2_failAssert1litNum18litNum43_withlog2,testGraphlitNum2_failAssert1litNum20litNum57_withlog0,testGraphlitNum2_failAssert1litNum20litNum57_withlog1,testGraphlitNum2_failAssert1litNum20litNum57_withlog2,testGraphlitNum2_failAssert1litNum18litNum65_withlog0,testGraphlitNum2_failAssert1litNum18litNum65_withlog1,testGraphlitNum2_failAssert1litNum18litNum65_withlog2,testGraphlitNum1_failAssert0litNum19litNum50_withlog0,testGraphlitNum1_failAssert0litNum19litNum50_withlog1,testGraphlitNum1_failAssert0litNum19litNum50_withlog2,testGraphlitNum1_failAssert0litNum17_failAssert2litNum70_withlog0,testGraphlitNum1_failAssert0litNum17_failAssert2litNum70_withlog1,testGraphlitNum1_failAssert0litNum17_failAssert2litNum70_withlog2
[127112] INFO MethodsAssertGenerator - Generating assertions...
[127159] INFO AssertGenerator - 3 test fail, generating try/catch/fail blocks...
[127160] INFO AssertGenerator - 20 new tests with assertions generated
[127187] DEBUG Launcher - printing io.protostuff.runtime.ObjectSchemaTest to /tmp/Ex2Amplifier-experiments/target/dspot/tmp_test_sources
[127398] INFO EntryPoint - Run: java -cp /tmp/Ex2Amplifier-experiments/dataset/may-2018/protostuff/201/protostuff-runtime/target/test-classes:/tmp/Ex2Amplifier-experiments/dataset/may-2018/protostuff/201/protostuff-runtime/target/classes:/home/spirals/danglot/.m2/repository/junit/junit/4.11/junit-4.11.jar:/home/spirals/danglot/.m2/repository/org/hamcrest/hamcrest-core/1.3/hamcrest-core-1.3.jar:/home/spirals/danglot/.m2/repository/org/mockito/mockito-core/1.10.8/mockito-core-1.10.8.jar:/home/spirals/danglot/.m2/repository/org/objenesis/objenesis/2.1/objenesis-2.1.jar:/home/spirals/danglot/.m2/repository/io/protostuff/protostuff-core/1.5.3-SNAPSHOT/protostuff-core-1.5.3-SNAPSHOT.jar:/home/spirals/danglot/.m2/repository/io/protostuff/protostuff-core/1.5.3-SNAPSHOT/protostuff-core-1.5.3-SNAPSHOT-tests.jar:/home/spirals/danglot/.m2/repository/io/protostuff/protostuff-api/1.5.3-SNAPSHOT/protostuff-api-1.5.3-SNAPSHOT.jar:/home/spirals/danglot/.m2/repository/io/protostuff/protostuff-collectionschema/1.5.3-SNAPSHOT/protostuff-collectionschema-1.5.3-SNAPSHOT.jar:/tmp/Ex2Amplifier-experiments/target/dspot/dependencies:/home/spirals/danglot/.m2/repository/eu/stamp-project/test-runner/1.0.8/test-runner-1.0.8-jar-with-dependencies.jar eu.stamp_project.testrunner.runner.test.TestRunner io.protostuff.runtime.ObjectSchemaTest testGraphlitNum1_failAssert0litNum19litNum50:testGraphlitNum1_failAssert0litNum19litNum67:testGraphlitNum1_failAssert0litNum22litNum48:testGraphlitNum2_failAssert1litNum16litNum55:testGraphlitNum2_failAssert1litNum16litNum63:testGraphlitNum2_failAssert1litNum16litNum69:testGraphlitNum2_failAssert1litNum18litNum43:testGraphlitNum2_failAssert1litNum18litNum58:testGraphlitNum2_failAssert1litNum18litNum65:testGraphlitNum2_failAssert1litNum18litNum68:testGraphlitNum2_failAssert1litNum20litNum43:testGraphlitNum2_failAssert1litNum20litNum57:testGraphlitNum2_failAssert1litNum20litNum64:testGraphlitNum1_failAssert0litNum17_failAssert2litNum60:testGraphlitNum1_failAssert0litNum17_failAssert2litNum66:testGraphlitNum1_failAssert0litNum17_failAssert2litNum70:testGraphlitNum2_failAssert1litNum15_failAssert3litNum52:testGraphlitNum2_failAssert1litNum15_failAssert3litNum62:testGraphlitNum1_failAssert0litNum22litNum54_failAssert4:testGraphlitNum2_failAssert1litNum20litNum47_failAssert5
File saved to the following path: /tmp/Ex2Amplifier-experiments/dataset/may-2018/protostuff/201/protostuff-runtime/target/dspot/TestListener.ser
false
false
false
false
false
false
false
false
false
false
false
false
false
false
false
false
false
false
false
false
[127960] INFO EntryPoint - Test has been run: testGraphlitNum1_failAssert0litNum17_failAssert2litNum60,testGraphlitNum1_failAssert0litNum17_failAssert2litNum66,testGraphlitNum1_failAssert0litNum17_failAssert2litNum70,testGraphlitNum2_failAssert1litNum20litNum43,testGraphlitNum2_failAssert1litNum20litNum57,testGraphlitNum2_failAssert1litNum20litNum64,testGraphlitNum2_failAssert1litNum15_failAssert3litNum52,testGraphlitNum2_failAssert1litNum15_failAssert3litNum62,testGraphlitNum2_failAssert1litNum20litNum47_failAssert5,testGraphlitNum2_failAssert1litNum16litNum55,testGraphlitNum2_failAssert1litNum16litNum63,testGraphlitNum2_failAssert1litNum16litNum69,testGraphlitNum1_failAssert0litNum22litNum54_failAssert4,testGraphlitNum2_failAssert1litNum18litNum43,testGraphlitNum2_failAssert1litNum18litNum58,testGraphlitNum2_failAssert1litNum18litNum65,testGraphlitNum2_failAssert1litNum18litNum68,testGraphlitNum1_failAssert0litNum22litNum48,testGraphlitNum1_failAssert0litNum19litNum50,testGraphlitNum1_failAssert0litNum19litNum67
[127960] INFO Amplification - 20 test method(s) has been successfully generated
[127984] DEBUG Launcher - printing io.protostuff.runtime.ObjectSchemaTest to /tmp/Ex2Amplifier-experiments/target/dspot/tmp_test_sources
[128117] DEBUG Launcher - building sources: [/tmp/Ex2Amplifier-experiments/target/dspot/tmp_test_sources/io/protostuff/runtime/ObjectSchemaTest.java]
[128118] DEBUG Launcher - build args: [-encoding, UTF-8, -cp, /home/spirals/danglot/.m2/repository/junit/junit/4.11/junit-4.11.jar:/home/spirals/danglot/.m2/repository/org/hamcrest/hamcrest-core/1.3/hamcrest-core-1.3.jar:/home/spirals/danglot/.m2/repository/org/mockito/mockito-core/1.10.8/mockito-core-1.10.8.jar:/home/spirals/danglot/.m2/repository/org/objenesis/objenesis/2.1/objenesis-2.1.jar:/home/spirals/danglot/.m2/repository/io/protostuff/protostuff-core/1.5.2-SNAPSHOT/protostuff-core-1.5.2-SNAPSHOT.jar:/home/spirals/danglot/.m2/repository/io/protostuff/protostuff-core/1.5.2-SNAPSHOT/protostuff-core-1.5.2-SNAPSHOT-tests.jar:/home/spirals/danglot/.m2/repository/io/protostuff/protostuff-api/1.5.2-SNAPSHOT/protostuff-api-1.5.2-SNAPSHOT.jar:/home/spirals/danglot/.m2/repository/io/protostuff/protostuff-collectionschema/1.5.2-SNAPSHOT/protostuff-collectionschema-1.5.2-SNAPSHOT.jar:target/dspot/dependencies/:dataset/may-2018/protostuff/201/protostuff-runtime//target/classes:dataset/may-2018/protostuff/201/protostuff-runtime//target/test-classes:, -1.8, -preserveAllLocals, -noExit, -enableJavadoc, /tmp/Ex2Amplifier-experiments/target/dspot/tmp_test_sources/io/protostuff/runtime/ObjectSchemaTest.java]
[128203] DEBUG Launcher - built in 86 ms
[128203] DEBUG Launcher - building templates: []
[128203] DEBUG Launcher - built in 0 ms
[128205] DEBUG Launcher - model built in 88
[128205] DEBUG Launcher - compiling sources: [/tmp/Ex2Amplifier-experiments/target/dspot/tmp_test_sources/io/protostuff/runtime/ObjectSchemaTest.java]
[128208] DEBUG Launcher - compile args: [-encoding, UTF-8, -cp, /home/spirals/danglot/.m2/repository/junit/junit/4.11/junit-4.11.jar:/home/spirals/danglot/.m2/repository/org/hamcrest/hamcrest-core/1.3/hamcrest-core-1.3.jar:/home/spirals/danglot/.m2/repository/org/mockito/mockito-core/1.10.8/mockito-core-1.10.8.jar:/home/spirals/danglot/.m2/repository/org/objenesis/objenesis/2.1/objenesis-2.1.jar:/home/spirals/danglot/.m2/repository/io/protostuff/protostuff-core/1.5.2-SNAPSHOT/protostuff-core-1.5.2-SNAPSHOT.jar:/home/spirals/danglot/.m2/repository/io/protostuff/protostuff-core/1.5.2-SNAPSHOT/protostuff-core-1.5.2-SNAPSHOT-tests.jar:/home/spirals/danglot/.m2/repository/io/protostuff/protostuff-api/1.5.2-SNAPSHOT/protostuff-api-1.5.2-SNAPSHOT.jar:/home/spirals/danglot/.m2/repository/io/protostuff/protostuff-collectionschema/1.5.2-SNAPSHOT/protostuff-collectionschema-1.5.2-SNAPSHOT.jar:target/dspot/dependencies/:dataset/may-2018/protostuff/201/protostuff-runtime//target/classes:dataset/may-2018/protostuff/201/protostuff-runtime//target/test-classes:, -d, /tmp/Ex2Amplifier-experiments/dataset/may-2018/protostuff/201_modified/protostuff-runtime/target/test-classes, -1.8, -proc:none, -preserveAllLocals, -noExit, -enableJavadoc, /tmp/Ex2Amplifier-experiments/target/dspot/tmp_test_sources/io/protostuff/runtime/ObjectSchemaTest.java]
[128663] DEBUG Launcher - compiled in 458 ms
[128664] INFO EntryPoint - Run: java -cp /home/spirals/danglot/.m2/repository/junit/junit/4.11/junit-4.11.jar:/home/spirals/danglot/.m2/repository/org/hamcrest/hamcrest-core/1.3/hamcrest-core-1.3.jar:/home/spirals/danglot/.m2/repository/org/mockito/mockito-core/1.10.8/mockito-core-1.10.8.jar:/home/spirals/danglot/.m2/repository/org/objenesis/objenesis/2.1/objenesis-2.1.jar:/home/spirals/danglot/.m2/repository/io/protostuff/protostuff-core/1.5.2-SNAPSHOT/protostuff-core-1.5.2-SNAPSHOT.jar:/home/spirals/danglot/.m2/repository/io/protostuff/protostuff-core/1.5.2-SNAPSHOT/protostuff-core-1.5.2-SNAPSHOT-tests.jar:/home/spirals/danglot/.m2/repository/io/protostuff/protostuff-api/1.5.2-SNAPSHOT/protostuff-api-1.5.2-SNAPSHOT.jar:/home/spirals/danglot/.m2/repository/io/protostuff/protostuff-collectionschema/1.5.2-SNAPSHOT/protostuff-collectionschema-1.5.2-SNAPSHOT.jar:target/dspot/dependencies/:/tmp/Ex2Amplifier-experiments/dataset/may-2018/protostuff/201_modified/protostuff-runtime/target/classes:/tmp/Ex2Amplifier-experiments/dataset/may-2018/protostuff/201_modified/protostuff-runtime/target/test-classes:/home/spirals/danglot/.m2/repository/eu/stamp-project/test-runner/1.0.8/test-runner-1.0.8-jar-with-dependencies.jar eu.stamp_project.testrunner.runner.test.TestRunner io.protostuff.runtime.ObjectSchemaTest testGraphlitNum1_failAssert0litNum19litNum50:testGraphlitNum1_failAssert0litNum19litNum67:testGraphlitNum1_failAssert0litNum22litNum48:testGraphlitNum2_failAssert1litNum16litNum55:testGraphlitNum2_failAssert1litNum16litNum63:testGraphlitNum2_failAssert1litNum16litNum69:testGraphlitNum2_failAssert1litNum18litNum43:testGraphlitNum2_failAssert1litNum18litNum58:testGraphlitNum2_failAssert1litNum18litNum65:testGraphlitNum2_failAssert1litNum18litNum68:testGraphlitNum2_failAssert1litNum20litNum43:testGraphlitNum2_failAssert1litNum20litNum57:testGraphlitNum2_failAssert1litNum20litNum64:testGraphlitNum1_failAssert0litNum17_failAssert2litNum60:testGraphlitNum1_failAssert0litNum17_failAssert2litNum66:testGraphlitNum1_failAssert0litNum17_failAssert2litNum70:testGraphlitNum2_failAssert1litNum15_failAssert3litNum52:testGraphlitNum2_failAssert1litNum15_failAssert3litNum62:testGraphlitNum1_failAssert0litNum22litNum54_failAssert4:testGraphlitNum2_failAssert1litNum20litNum47_failAssert5
File saved to the following path: /tmp/Ex2Amplifier-experiments/dataset/may-2018/protostuff/201/protostuff-runtime/target/dspot/TestListener.ser
false
false
false
false
false
false
false
false
false
false
false
false
false
false
false
false
false
false
false
false
[129200] INFO EntryPoint - Test has been run: testGraphlitNum1_failAssert0litNum17_failAssert2litNum60,testGraphlitNum1_failAssert0litNum17_failAssert2litNum66,testGraphlitNum1_failAssert0litNum17_failAssert2litNum70,testGraphlitNum2_failAssert1litNum20litNum43,testGraphlitNum2_failAssert1litNum20litNum57,testGraphlitNum2_failAssert1litNum20litNum64,testGraphlitNum2_failAssert1litNum15_failAssert3litNum52,testGraphlitNum2_failAssert1litNum15_failAssert3litNum62,testGraphlitNum2_failAssert1litNum20litNum47_failAssert5,testGraphlitNum2_failAssert1litNum16litNum55,testGraphlitNum2_failAssert1litNum16litNum63,testGraphlitNum2_failAssert1litNum16litNum69,testGraphlitNum1_failAssert0litNum22litNum54_failAssert4,testGraphlitNum2_failAssert1litNum18litNum43,testGraphlitNum2_failAssert1litNum18litNum58,testGraphlitNum2_failAssert1litNum18litNum65,testGraphlitNum2_failAssert1litNum18litNum68,testGraphlitNum1_failAssert0litNum22litNum48,testGraphlitNum1_failAssert0litNum19litNum50,testGraphlitNum1_failAssert0litNum19litNum67
[129200] INFO Amplification - 0 amplified test(s) has been selected, global: 0
[129200] INFO DSpot - elapsedTime 15212
======= REPORT =======
0 amplified test fails on the new versions.

[129255] INFO DSpot - Print AmplObjectSchemaTest with 0?amplified test cases in results/may-2018/protostuff/201/I_ampl
