SLF4J: Class path contains multiple SLF4J bindings.
SLF4J: Found binding in [jar:file:/home/spirals/danglot/.m2/repository/eu/stamp-project/test-runner/1.0.8/test-runner-1.0.8-jar-with-dependencies.jar!/org/slf4j/impl/StaticLoggerBinder.class]
SLF4J: Found binding in [jar:file:/home/spirals/danglot/.m2/repository/org/slf4j/slf4j-log4j12/1.7.25/slf4j-log4j12-1.7.25.jar!/org/slf4j/impl/StaticLoggerBinder.class]
SLF4J: See http://www.slf4j.org/codes.html#multiple_bindings for an explanation.
SLF4J: Actual binding is of type [org.slf4j.impl.Log4jLoggerFactory]
[0] WARN AutomaticBuilderFactory - No automatic builder specified in configuration, going to default.
[0] INFO AutomaticBuilderFactory - Default: provided Maven automatic builder.
[8] INFO MavenAutomaticBuilder - run maven clean test -DskipTests dependency:build-classpath -Dmdep.outputFile=target/dspot/classpath
[WARN] Maven will be executed in interactive mode, but no input stream has been configured for this MavenInvoker instance.
[INFO] Scanning for projects...
[INFO]                                                                         
[INFO] ------------------------------------------------------------------------
[INFO] Building protostuff :: runtime 1.4.3-SNAPSHOT
[INFO] ------------------------------------------------------------------------
[INFO] 
[INFO] --- maven-clean-plugin:2.5:clean (default-clean) @ protostuff-runtime ---
[INFO] Deleting /tmp/Ex2Amplifier-experiments/dataset/may-2018/protostuff/182/protostuff-runtime/target
[INFO] 
[INFO] --- maven-enforcer-plugin:1.3.1:enforce (enforce-versions) @ protostuff-runtime ---
[INFO] Skipping Rule Enforcement.
[INFO] 
[INFO] --- maven-resources-plugin:2.6:resources (default-resources) @ protostuff-runtime ---
[INFO] Using 'UTF-8' encoding to copy filtered resources.
[INFO] skip non existing resourceDirectory /tmp/Ex2Amplifier-experiments/dataset/may-2018/protostuff/182/protostuff-runtime/src/main/resources
[INFO] 
[INFO] --- maven-compiler-plugin:3.1:compile (default-compile) @ protostuff-runtime ---
[INFO] Changes detected - recompiling the module!
[INFO] Compiling 40 source files to /tmp/Ex2Amplifier-experiments/dataset/may-2018/protostuff/182/protostuff-runtime/target/classes
[WARNING] /tmp/Ex2Amplifier-experiments/dataset/may-2018/protostuff/182/protostuff-runtime/src/main/java/io/protostuff/runtime/OnDemandSunReflectionFactory.java:[40,44] sun.reflect.ReflectionFactory is internal proprietary API and may be removed in a future release
[WARNING] /tmp/Ex2Amplifier-experiments/dataset/may-2018/protostuff/182/protostuff-runtime/src/main/java/io/protostuff/runtime/RuntimeUnsafeFieldFactory.java:[60,34] sun.misc.Unsafe is internal proprietary API and may be removed in a future release
[WARNING] /tmp/Ex2Amplifier-experiments/dataset/may-2018/protostuff/182/protostuff-runtime/src/main/java/io/protostuff/runtime/RuntimeUnsafeFieldFactory.java:[62,28] sun.misc.Unsafe is internal proprietary API and may be removed in a future release
[WARNING] /tmp/Ex2Amplifier-experiments/dataset/may-2018/protostuff/182/protostuff-runtime/src/main/java/io/protostuff/runtime/RuntimeUnsafeFieldFactory.java:[66,49] sun.misc.Unsafe is internal proprietary API and may be removed in a future release
[WARNING] /tmp/Ex2Amplifier-experiments/dataset/may-2018/protostuff/182/protostuff-runtime/src/main/java/io/protostuff/runtime/RuntimeUnsafeFieldFactory.java:[71,29] sun.misc.Unsafe is internal proprietary API and may be removed in a future release
[WARNING] /tmp/Ex2Amplifier-experiments/dataset/may-2018/protostuff/182/protostuff-runtime/src/main/java/io/protostuff/runtime/RuntimeUnsafeFieldFactory.java:[86,24] sun.misc.Unsafe is internal proprietary API and may be removed in a future release
[INFO] 
[INFO] --- maven-resources-plugin:2.6:testResources (default-testResources) @ protostuff-runtime ---
[INFO] Using 'UTF-8' encoding to copy filtered resources.
[INFO] skip non existing resourceDirectory /tmp/Ex2Amplifier-experiments/dataset/may-2018/protostuff/182/protostuff-runtime/src/test/resources
[INFO] 
[INFO] --- maven-compiler-plugin:3.1:testCompile (default-testCompile) @ protostuff-runtime ---
[INFO] Changes detected - recompiling the module!
[INFO] Compiling 43 source files to /tmp/Ex2Amplifier-experiments/dataset/may-2018/protostuff/182/protostuff-runtime/target/test-classes
[WARNING] /tmp/Ex2Amplifier-experiments/dataset/may-2018/protostuff/182/protostuff-runtime/src/test/java/io/protostuff/runtime/SerializableObjects.java: Some input files use or override a deprecated API.
[WARNING] /tmp/Ex2Amplifier-experiments/dataset/may-2018/protostuff/182/protostuff-runtime/src/test/java/io/protostuff/runtime/SerializableObjects.java: Recompile with -Xlint:deprecation for details.
[WARNING] /tmp/Ex2Amplifier-experiments/dataset/may-2018/protostuff/182/protostuff-runtime/src/test/java/io/protostuff/runtime/AbstractRuntimeObjectSchemaTest.java: Some input files use unchecked or unsafe operations.
[WARNING] /tmp/Ex2Amplifier-experiments/dataset/may-2018/protostuff/182/protostuff-runtime/src/test/java/io/protostuff/runtime/AbstractRuntimeObjectSchemaTest.java: Recompile with -Xlint:unchecked for details.
[INFO] 
[INFO] --- maven-surefire-plugin:2.18.1:test (default-test) @ protostuff-runtime ---
[INFO] Tests are skipped.
[INFO] 
[INFO] --- maven-dependency-plugin:2.8:build-classpath (default-cli) @ protostuff-runtime ---
[INFO] Wrote classpath file '/tmp/Ex2Amplifier-experiments/dataset/may-2018/protostuff/182/protostuff-runtime/target/dspot/classpath'.
[INFO] ------------------------------------------------------------------------
[INFO] BUILD SUCCESS
[INFO] ------------------------------------------------------------------------
[INFO] Total time: 6.288 s
[INFO] Finished at: 2018-06-05T14:14:37+02:00
[INFO] Final Memory: 27M/751M
[INFO] ------------------------------------------------------------------------
[13465] WARN AutomaticBuilderFactory - No automatic builder specified in configuration, going to default.
[13465] INFO AutomaticBuilderFactory - Default: provided Maven automatic builder.
[13466] INFO MavenAutomaticBuilder - run maven clean test -DskipTests dependency:build-classpath -Dmdep.outputFile=target/dspot/classpath
[WARN] Maven will be executed in interactive mode, but no input stream has been configured for this MavenInvoker instance.
[INFO] Scanning for projects...
[INFO]                                                                         
[INFO] ------------------------------------------------------------------------
[INFO] Building protostuff :: runtime 1.4.3-SNAPSHOT
[INFO] ------------------------------------------------------------------------
[INFO] 
[INFO] --- maven-clean-plugin:2.5:clean (default-clean) @ protostuff-runtime ---
[INFO] Deleting /tmp/Ex2Amplifier-experiments/dataset/may-2018/protostuff/182_modified/protostuff-runtime/target
[INFO] 
[INFO] --- maven-enforcer-plugin:1.3.1:enforce (enforce-versions) @ protostuff-runtime ---
[INFO] Skipping Rule Enforcement.
[INFO] 
[INFO] --- maven-resources-plugin:2.6:resources (default-resources) @ protostuff-runtime ---
[INFO] Using 'UTF-8' encoding to copy filtered resources.
[INFO] skip non existing resourceDirectory /tmp/Ex2Amplifier-experiments/dataset/may-2018/protostuff/182_modified/protostuff-runtime/src/main/resources
[INFO] 
[INFO] --- maven-compiler-plugin:3.1:compile (default-compile) @ protostuff-runtime ---
[INFO] Changes detected - recompiling the module!
[INFO] Compiling 40 source files to /tmp/Ex2Amplifier-experiments/dataset/may-2018/protostuff/182_modified/protostuff-runtime/target/classes
[WARNING] /tmp/Ex2Amplifier-experiments/dataset/may-2018/protostuff/182_modified/protostuff-runtime/src/main/java/io/protostuff/runtime/RuntimeUnsafeFieldFactory.java:[60,34] sun.misc.Unsafe is internal proprietary API and may be removed in a future release
[WARNING] /tmp/Ex2Amplifier-experiments/dataset/may-2018/protostuff/182_modified/protostuff-runtime/src/main/java/io/protostuff/runtime/RuntimeUnsafeFieldFactory.java:[62,28] sun.misc.Unsafe is internal proprietary API and may be removed in a future release
[WARNING] /tmp/Ex2Amplifier-experiments/dataset/may-2018/protostuff/182_modified/protostuff-runtime/src/main/java/io/protostuff/runtime/RuntimeUnsafeFieldFactory.java:[66,49] sun.misc.Unsafe is internal proprietary API and may be removed in a future release
[WARNING] /tmp/Ex2Amplifier-experiments/dataset/may-2018/protostuff/182_modified/protostuff-runtime/src/main/java/io/protostuff/runtime/RuntimeUnsafeFieldFactory.java:[71,29] sun.misc.Unsafe is internal proprietary API and may be removed in a future release
[WARNING] /tmp/Ex2Amplifier-experiments/dataset/may-2018/protostuff/182_modified/protostuff-runtime/src/main/java/io/protostuff/runtime/RuntimeUnsafeFieldFactory.java:[86,24] sun.misc.Unsafe is internal proprietary API and may be removed in a future release
[WARNING] /tmp/Ex2Amplifier-experiments/dataset/may-2018/protostuff/182_modified/protostuff-runtime/src/main/java/io/protostuff/runtime/OnDemandSunReflectionFactory.java:[40,44] sun.reflect.ReflectionFactory is internal proprietary API and may be removed in a future release
[INFO] 
[INFO] --- maven-resources-plugin:2.6:testResources (default-testResources) @ protostuff-runtime ---
[INFO] Using 'UTF-8' encoding to copy filtered resources.
[INFO] skip non existing resourceDirectory /tmp/Ex2Amplifier-experiments/dataset/may-2018/protostuff/182_modified/protostuff-runtime/src/test/resources
[INFO] 
[INFO] --- maven-compiler-plugin:3.1:testCompile (default-testCompile) @ protostuff-runtime ---
[INFO] Changes detected - recompiling the module!
[INFO] Compiling 43 source files to /tmp/Ex2Amplifier-experiments/dataset/may-2018/protostuff/182_modified/protostuff-runtime/target/test-classes
[WARNING] /tmp/Ex2Amplifier-experiments/dataset/may-2018/protostuff/182_modified/protostuff-runtime/src/test/java/io/protostuff/runtime/AnnotatedFieldsTest.java: Some input files use or override a deprecated API.
[WARNING] /tmp/Ex2Amplifier-experiments/dataset/may-2018/protostuff/182_modified/protostuff-runtime/src/test/java/io/protostuff/runtime/AnnotatedFieldsTest.java: Recompile with -Xlint:deprecation for details.
[WARNING] /tmp/Ex2Amplifier-experiments/dataset/may-2018/protostuff/182_modified/protostuff-runtime/src/test/java/io/protostuff/runtime/AbstractRuntimeObjectSchemaTest.java: Some input files use unchecked or unsafe operations.
[WARNING] /tmp/Ex2Amplifier-experiments/dataset/may-2018/protostuff/182_modified/protostuff-runtime/src/test/java/io/protostuff/runtime/AbstractRuntimeObjectSchemaTest.java: Recompile with -Xlint:unchecked for details.
[INFO] 
[INFO] --- maven-surefire-plugin:2.18.1:test (default-test) @ protostuff-runtime ---
[INFO] Tests are skipped.
[INFO] 
[INFO] --- maven-dependency-plugin:2.8:build-classpath (default-cli) @ protostuff-runtime ---
[INFO] Wrote classpath file '/tmp/Ex2Amplifier-experiments/dataset/may-2018/protostuff/182_modified/protostuff-runtime/target/dspot/classpath'.
[INFO] ------------------------------------------------------------------------
[INFO] BUILD SUCCESS
[INFO] ------------------------------------------------------------------------
[INFO] Total time: 5.750 s
[INFO] Finished at: 2018-06-05T14:14:50+02:00
[INFO] Final Memory: 27M/754M
[INFO] ------------------------------------------------------------------------
[21059] INFO SelectorOnDiff - Selecting according to a diff between dataset/may-2018/protostuff/182/protostuff-runtime and dataset/may-2018/protostuff/182_modified/protostuff-runtime (8bbf111d08632f1e95bf5b53a31950df05e4b135)
[21081] INFO SelectorOnDiff - Modified files:
a/protostuff-runtime/src/main/java/io/protostuff/runtime/PolymorphicSchemaFactories.java
a/protostuff-runtime-registry/src/main/java/io/protostuff/runtime/NumericIdStrategy.java
a/protostuff-runtime/src/main/java/io/protostuff/runtime/IdStrategy.java
a/protostuff-runtime/src/main/java/io/protostuff/runtime/RuntimeMapFieldFactory.java
a/protostuff-runtime/src/main/java/io/protostuff/runtime/DefaultIdStrategy.java
a/protostuff-runtime/src/main/java/io/protostuff/runtime/HasDelegate.java
a/protostuff-runtime/src/main/java/io/protostuff/runtime/HasSchema.java
a/protostuff-runtime/src/main/java/io/protostuff/runtime/RuntimeCollectionFieldFactory.java
a/protostuff-runtime/src/main/java/io/protostuff/runtime/EnumIO.java
a/protostuff-runtime/src/main/java/io/protostuff/runtime/PolymorphicEnumSchema.java
a/protostuff-runtime/src/main/java/io/protostuff/runtime/RuntimeReflectionFieldFactory.java
a/protostuff-runtime-registry/src/main/java/io/protostuff/runtime/ExplicitIdStrategy.java
a/protostuff-runtime/src/main/java/io/protostuff/runtime/RuntimeRepeatedFieldFactory.java
a/protostuff-runtime/src/main/java/io/protostuff/runtime/RuntimeUnsafeFieldFactory.java
a/protostuff-runtime/src/main/java/io/protostuff/runtime/RuntimeFieldFactory.java
a/protostuff-runtime-md/src/main/java/io/protostuff/runtime/RuntimeFieldFactory.java
a/protostuff-runtime/src/main/java/io/protostuff/runtime/ArraySchemas.java
a/protostuff-runtime/src/main/java/io/protostuff/runtime/ObjectSchema.java
a/protostuff-runtime-registry/src/main/java/io/protostuff/runtime/IncrementalIdStrategy.java
[106780] INFO Amplification - amplification of io.protostuff.runtime.ObjectSchemaTest (1 test(s))
[107257] INFO EntryPoint - Run: java -cp /tmp/Ex2Amplifier-experiments/dataset/may-2018/protostuff/182/protostuff-runtime/target/test-classes:/tmp/Ex2Amplifier-experiments/dataset/may-2018/protostuff/182/protostuff-runtime/target/classes:/home/spirals/danglot/.m2/repository/junit/junit/4.11/junit-4.11.jar:/home/spirals/danglot/.m2/repository/org/hamcrest/hamcrest-core/1.3/hamcrest-core-1.3.jar:/home/spirals/danglot/.m2/repository/org/mockito/mockito-core/1.10.8/mockito-core-1.10.8.jar:/home/spirals/danglot/.m2/repository/org/objenesis/objenesis/2.1/objenesis-2.1.jar:/home/spirals/danglot/.m2/repository/io/protostuff/protostuff-core/1.4.3-SNAPSHOT/protostuff-core-1.4.3-SNAPSHOT.jar:/home/spirals/danglot/.m2/repository/io/protostuff/protostuff-core/1.4.3-SNAPSHOT/protostuff-core-1.4.3-SNAPSHOT-tests.jar:/home/spirals/danglot/.m2/repository/io/protostuff/protostuff-api/1.4.3-SNAPSHOT/protostuff-api-1.4.3-SNAPSHOT.jar:/home/spirals/danglot/.m2/repository/io/protostuff/protostuff-collectionschema/1.4.3-SNAPSHOT/protostuff-collectionschema-1.4.3-SNAPSHOT.jar:/tmp/Ex2Amplifier-experiments/target/dspot/dependencies:/home/spirals/danglot/.m2/repository/eu/stamp-project/test-runner/1.0.8/test-runner-1.0.8-jar-with-dependencies.jar eu.stamp_project.testrunner.runner.test.TestRunner io.protostuff.runtime.ObjectSchemaTest testGraph
File saved to the following path: /tmp/Ex2Amplifier-experiments/dataset/may-2018/protostuff/182/protostuff-runtime/target/dspot/TestListener.ser
false
[107841] INFO EntryPoint - Test has been run: testGraph
[107842] INFO Amplification - 0 amplified test(s) has been selected, global: 0
[107851] INFO Amplification - amp testGraph (1/1)
[108098] INFO EntryPoint - Run: java -cp /tmp/Ex2Amplifier-experiments/dataset/may-2018/protostuff/182/protostuff-runtime/target/test-classes:/tmp/Ex2Amplifier-experiments/dataset/may-2018/protostuff/182/protostuff-runtime/target/classes:/home/spirals/danglot/.m2/repository/junit/junit/4.11/junit-4.11.jar:/home/spirals/danglot/.m2/repository/org/hamcrest/hamcrest-core/1.3/hamcrest-core-1.3.jar:/home/spirals/danglot/.m2/repository/org/mockito/mockito-core/1.10.8/mockito-core-1.10.8.jar:/home/spirals/danglot/.m2/repository/org/objenesis/objenesis/2.1/objenesis-2.1.jar:/home/spirals/danglot/.m2/repository/io/protostuff/protostuff-core/1.4.3-SNAPSHOT/protostuff-core-1.4.3-SNAPSHOT.jar:/home/spirals/danglot/.m2/repository/io/protostuff/protostuff-core/1.4.3-SNAPSHOT/protostuff-core-1.4.3-SNAPSHOT-tests.jar:/home/spirals/danglot/.m2/repository/io/protostuff/protostuff-api/1.4.3-SNAPSHOT/protostuff-api-1.4.3-SNAPSHOT.jar:/home/spirals/danglot/.m2/repository/io/protostuff/protostuff-collectionschema/1.4.3-SNAPSHOT/protostuff-collectionschema-1.4.3-SNAPSHOT.jar:/tmp/Ex2Amplifier-experiments/target/dspot/dependencies:/home/spirals/danglot/.m2/repository/eu/stamp-project/test-runner/1.0.8/test-runner-1.0.8-jar-with-dependencies.jar eu.stamp_project.testrunner.runner.test.TestRunner io.protostuff.runtime.ObjectSchemaTest testGraph
File saved to the following path: /tmp/Ex2Amplifier-experiments/dataset/may-2018/protostuff/182/protostuff-runtime/target/dspot/TestListener.ser
false
[108639] INFO EntryPoint - Test has been run: testGraph
[108639] INFO Amplification - iteration 0:
[108639] INFO Amplification - 1 tests selected to be amplified over 1 available tests
100% |================================================== ]/
[108757] INFO AssertGenerator - Run tests. (5)
[108979] INFO EntryPoint - Run: java -cp /tmp/Ex2Amplifier-experiments/dataset/may-2018/protostuff/182/protostuff-runtime/target/test-classes:/tmp/Ex2Amplifier-experiments/dataset/may-2018/protostuff/182/protostuff-runtime/target/classes:/home/spirals/danglot/.m2/repository/junit/junit/4.11/junit-4.11.jar:/home/spirals/danglot/.m2/repository/org/hamcrest/hamcrest-core/1.3/hamcrest-core-1.3.jar:/home/spirals/danglot/.m2/repository/org/mockito/mockito-core/1.10.8/mockito-core-1.10.8.jar:/home/spirals/danglot/.m2/repository/org/objenesis/objenesis/2.1/objenesis-2.1.jar:/home/spirals/danglot/.m2/repository/io/protostuff/protostuff-core/1.4.3-SNAPSHOT/protostuff-core-1.4.3-SNAPSHOT.jar:/home/spirals/danglot/.m2/repository/io/protostuff/protostuff-core/1.4.3-SNAPSHOT/protostuff-core-1.4.3-SNAPSHOT-tests.jar:/home/spirals/danglot/.m2/repository/io/protostuff/protostuff-api/1.4.3-SNAPSHOT/protostuff-api-1.4.3-SNAPSHOT.jar:/home/spirals/danglot/.m2/repository/io/protostuff/protostuff-collectionschema/1.4.3-SNAPSHOT/protostuff-collectionschema-1.4.3-SNAPSHOT.jar:/tmp/Ex2Amplifier-experiments/target/dspot/dependencies:/home/spirals/danglot/.m2/repository/eu/stamp-project/test-runner/1.0.8/test-runner-1.0.8-jar-with-dependencies.jar eu.stamp_project.testrunner.runner.test.TestRunner io.protostuff.runtime.ObjectSchemaTest testGraphlitNum1:testGraphlitNum2:testGraphlitNum3:testGraphlitNum4:testGraphlitNum5
File saved to the following path: /tmp/Ex2Amplifier-experiments/dataset/may-2018/protostuff/182/protostuff-runtime/target/dspot/TestListener.ser
false
false
false
false
false
[109505] INFO EntryPoint - Test has been run: testGraphlitNum4,testGraphlitNum1(io.protostuff.runtime.ObjectSchemaTest): Requested array size exceeds VM limit,testGraphlitNum2(io.protostuff.runtime.ObjectSchemaTest): 256 is the minimum buffer size.,testGraphlitNum3(io.protostuff.runtime.ObjectSchemaTest): 256 is the minimum buffer size.,testGraphlitNum5(io.protostuff.runtime.ObjectSchemaTest): 256 is the minimum buffer size.
[109505] INFO AssertGenerator - 1 test pass, generating assertion...
[109522] INFO MethodsAssertGenerator - Add observations points in passing tests.
[109522] INFO MethodsAssertGenerator - Instrumentation...
100% |================================================== ]/
[109549] INFO MethodsAssertGenerator - Run instrumented tests. (3)
[109822] INFO EntryPoint - Run: java -cp /tmp/Ex2Amplifier-experiments/dataset/may-2018/protostuff/182/protostuff-runtime/target/test-classes:/tmp/Ex2Amplifier-experiments/dataset/may-2018/protostuff/182/protostuff-runtime/target/classes:/home/spirals/danglot/.m2/repository/junit/junit/4.11/junit-4.11.jar:/home/spirals/danglot/.m2/repository/org/hamcrest/hamcrest-core/1.3/hamcrest-core-1.3.jar:/home/spirals/danglot/.m2/repository/org/mockito/mockito-core/1.10.8/mockito-core-1.10.8.jar:/home/spirals/danglot/.m2/repository/org/objenesis/objenesis/2.1/objenesis-2.1.jar:/home/spirals/danglot/.m2/repository/io/protostuff/protostuff-core/1.4.3-SNAPSHOT/protostuff-core-1.4.3-SNAPSHOT.jar:/home/spirals/danglot/.m2/repository/io/protostuff/protostuff-core/1.4.3-SNAPSHOT/protostuff-core-1.4.3-SNAPSHOT-tests.jar:/home/spirals/danglot/.m2/repository/io/protostuff/protostuff-api/1.4.3-SNAPSHOT/protostuff-api-1.4.3-SNAPSHOT.jar:/home/spirals/danglot/.m2/repository/io/protostuff/protostuff-collectionschema/1.4.3-SNAPSHOT/protostuff-collectionschema-1.4.3-SNAPSHOT.jar:/tmp/Ex2Amplifier-experiments/target/dspot/dependencies:/home/spirals/danglot/.m2/repository/eu/stamp-project/test-runner/1.0.8/test-runner-1.0.8-jar-with-dependencies.jar eu.stamp_project.testrunner.runner.test.TestRunner io.protostuff.runtime.ObjectSchemaTest testGraphlitNum4_withlog0:testGraphlitNum4_withlog1:testGraphlitNum4_withlog2
File saved to the following path: /tmp/Ex2Amplifier-experiments/dataset/may-2018/protostuff/182/protostuff-runtime/target/dspot/observations.ser
File saved to the following path: /tmp/Ex2Amplifier-experiments/dataset/may-2018/protostuff/182/protostuff-runtime/target/dspot/TestListener.ser
false
false
false
[110420] INFO EntryPoint - Test has been run: testGraphlitNum4_withlog0,testGraphlitNum4_withlog1,testGraphlitNum4_withlog2
[110422] INFO MethodsAssertGenerator - Generating assertions...
[110427] INFO AssertGenerator - 2 test fail, generating try/catch/fail blocks...
[110440] INFO AssertGenerator - 2 new tests with assertions generated
[110678] INFO EntryPoint - Run: java -cp /tmp/Ex2Amplifier-experiments/dataset/may-2018/protostuff/182/protostuff-runtime/target/test-classes:/tmp/Ex2Amplifier-experiments/dataset/may-2018/protostuff/182/protostuff-runtime/target/classes:/home/spirals/danglot/.m2/repository/junit/junit/4.11/junit-4.11.jar:/home/spirals/danglot/.m2/repository/org/hamcrest/hamcrest-core/1.3/hamcrest-core-1.3.jar:/home/spirals/danglot/.m2/repository/org/mockito/mockito-core/1.10.8/mockito-core-1.10.8.jar:/home/spirals/danglot/.m2/repository/org/objenesis/objenesis/2.1/objenesis-2.1.jar:/home/spirals/danglot/.m2/repository/io/protostuff/protostuff-core/1.4.3-SNAPSHOT/protostuff-core-1.4.3-SNAPSHOT.jar:/home/spirals/danglot/.m2/repository/io/protostuff/protostuff-core/1.4.3-SNAPSHOT/protostuff-core-1.4.3-SNAPSHOT-tests.jar:/home/spirals/danglot/.m2/repository/io/protostuff/protostuff-api/1.4.3-SNAPSHOT/protostuff-api-1.4.3-SNAPSHOT.jar:/home/spirals/danglot/.m2/repository/io/protostuff/protostuff-collectionschema/1.4.3-SNAPSHOT/protostuff-collectionschema-1.4.3-SNAPSHOT.jar:/tmp/Ex2Amplifier-experiments/target/dspot/dependencies:/home/spirals/danglot/.m2/repository/eu/stamp-project/test-runner/1.0.8/test-runner-1.0.8-jar-with-dependencies.jar eu.stamp_project.testrunner.runner.test.TestRunner io.protostuff.runtime.ObjectSchemaTest testGraphlitNum1_failAssert0:testGraphlitNum2_failAssert1
File saved to the following path: /tmp/Ex2Amplifier-experiments/dataset/may-2018/protostuff/182/protostuff-runtime/target/dspot/TestListener.ser
false
false
[111184] INFO EntryPoint - Test has been run: testGraphlitNum2_failAssert1,testGraphlitNum1_failAssert0
[111185] INFO Amplification - 2 test method(s) has been successfully generated
[111353] DEBUG Launcher - building sources: [/tmp/Ex2Amplifier-experiments/target/dspot/tmp_test_sources/io/protostuff/runtime/ObjectSchemaTest.java]
[111353] DEBUG Launcher - build args: [-encoding, UTF-8, -cp, /home/spirals/danglot/.m2/repository/junit/junit/4.11/junit-4.11.jar:/home/spirals/danglot/.m2/repository/org/hamcrest/hamcrest-core/1.3/hamcrest-core-1.3.jar:/home/spirals/danglot/.m2/repository/org/mockito/mockito-core/1.10.8/mockito-core-1.10.8.jar:/home/spirals/danglot/.m2/repository/org/objenesis/objenesis/2.1/objenesis-2.1.jar:/home/spirals/danglot/.m2/repository/io/protostuff/protostuff-core/1.4.3-SNAPSHOT/protostuff-core-1.4.3-SNAPSHOT.jar:/home/spirals/danglot/.m2/repository/io/protostuff/protostuff-core/1.4.3-SNAPSHOT/protostuff-core-1.4.3-SNAPSHOT-tests.jar:/home/spirals/danglot/.m2/repository/io/protostuff/protostuff-api/1.4.3-SNAPSHOT/protostuff-api-1.4.3-SNAPSHOT.jar:/home/spirals/danglot/.m2/repository/io/protostuff/protostuff-collectionschema/1.4.3-SNAPSHOT/protostuff-collectionschema-1.4.3-SNAPSHOT.jar:target/dspot/dependencies/:dataset/may-2018/protostuff/182/protostuff-runtime//target/classes:dataset/may-2018/protostuff/182/protostuff-runtime//target/test-classes:, -1.8, -preserveAllLocals, -noExit, -enableJavadoc, /tmp/Ex2Amplifier-experiments/target/dspot/tmp_test_sources/io/protostuff/runtime/ObjectSchemaTest.java]
[111436] DEBUG Launcher - built in 83 ms
[111437] DEBUG Launcher - building templates: []
[111437] DEBUG Launcher - built in 0 ms
[111439] DEBUG Launcher - model built in 86
[111440] DEBUG Launcher - compiling sources: [/tmp/Ex2Amplifier-experiments/target/dspot/tmp_test_sources/io/protostuff/runtime/ObjectSchemaTest.java]
[111446] DEBUG Launcher - compile args: [-encoding, UTF-8, -cp, /home/spirals/danglot/.m2/repository/junit/junit/4.11/junit-4.11.jar:/home/spirals/danglot/.m2/repository/org/hamcrest/hamcrest-core/1.3/hamcrest-core-1.3.jar:/home/spirals/danglot/.m2/repository/org/mockito/mockito-core/1.10.8/mockito-core-1.10.8.jar:/home/spirals/danglot/.m2/repository/org/objenesis/objenesis/2.1/objenesis-2.1.jar:/home/spirals/danglot/.m2/repository/io/protostuff/protostuff-core/1.4.3-SNAPSHOT/protostuff-core-1.4.3-SNAPSHOT.jar:/home/spirals/danglot/.m2/repository/io/protostuff/protostuff-core/1.4.3-SNAPSHOT/protostuff-core-1.4.3-SNAPSHOT-tests.jar:/home/spirals/danglot/.m2/repository/io/protostuff/protostuff-api/1.4.3-SNAPSHOT/protostuff-api-1.4.3-SNAPSHOT.jar:/home/spirals/danglot/.m2/repository/io/protostuff/protostuff-collectionschema/1.4.3-SNAPSHOT/protostuff-collectionschema-1.4.3-SNAPSHOT.jar:target/dspot/dependencies/:dataset/may-2018/protostuff/182/protostuff-runtime//target/classes:dataset/may-2018/protostuff/182/protostuff-runtime//target/test-classes:, -d, /tmp/Ex2Amplifier-experiments/dataset/may-2018/protostuff/182_modified/protostuff-runtime/target/test-classes, -1.8, -proc:none, -preserveAllLocals, -noExit, -enableJavadoc, /tmp/Ex2Amplifier-experiments/target/dspot/tmp_test_sources/io/protostuff/runtime/ObjectSchemaTest.java]
[111841] DEBUG Launcher - compiled in 401 ms
[111842] INFO EntryPoint - Run: java -cp /home/spirals/danglot/.m2/repository/junit/junit/4.11/junit-4.11.jar:/home/spirals/danglot/.m2/repository/org/hamcrest/hamcrest-core/1.3/hamcrest-core-1.3.jar:/home/spirals/danglot/.m2/repository/org/mockito/mockito-core/1.10.8/mockito-core-1.10.8.jar:/home/spirals/danglot/.m2/repository/org/objenesis/objenesis/2.1/objenesis-2.1.jar:/home/spirals/danglot/.m2/repository/io/protostuff/protostuff-core/1.4.3-SNAPSHOT/protostuff-core-1.4.3-SNAPSHOT.jar:/home/spirals/danglot/.m2/repository/io/protostuff/protostuff-core/1.4.3-SNAPSHOT/protostuff-core-1.4.3-SNAPSHOT-tests.jar:/home/spirals/danglot/.m2/repository/io/protostuff/protostuff-api/1.4.3-SNAPSHOT/protostuff-api-1.4.3-SNAPSHOT.jar:/home/spirals/danglot/.m2/repository/io/protostuff/protostuff-collectionschema/1.4.3-SNAPSHOT/protostuff-collectionschema-1.4.3-SNAPSHOT.jar:target/dspot/dependencies/:/tmp/Ex2Amplifier-experiments/dataset/may-2018/protostuff/182_modified/protostuff-runtime/target/classes:/tmp/Ex2Amplifier-experiments/dataset/may-2018/protostuff/182_modified/protostuff-runtime/target/test-classes:/home/spirals/danglot/.m2/repository/eu/stamp-project/test-runner/1.0.8/test-runner-1.0.8-jar-with-dependencies.jar eu.stamp_project.testrunner.runner.test.TestRunner io.protostuff.runtime.ObjectSchemaTest testGraphlitNum1_failAssert0:testGraphlitNum2_failAssert1
File saved to the following path: /tmp/Ex2Amplifier-experiments/dataset/may-2018/protostuff/182/protostuff-runtime/target/dspot/TestListener.ser
false
false
[112362] INFO EntryPoint - Test has been run: testGraphlitNum2_failAssert1,testGraphlitNum1_failAssert0
[112363] INFO Amplification - iteration 1:
[112363] INFO Amplification - 2 tests selected to be amplified over 2 available tests
100% |================================================== ]-
 50% |================================================== ]/[112414] INFO AssertGenerator - Run tests. (8)
[112428] DEBUG Launcher - printing io.protostuff.runtime.ObjectSchemaTest to /tmp/Ex2Amplifier-experiments/target/dspot/tmp_test_sources
[112609] INFO EntryPoint - Run: java -cp /tmp/Ex2Amplifier-experiments/dataset/may-2018/protostuff/182/protostuff-runtime/target/test-classes:/tmp/Ex2Amplifier-experiments/dataset/may-2018/protostuff/182/protostuff-runtime/target/classes:/home/spirals/danglot/.m2/repository/junit/junit/4.11/junit-4.11.jar:/home/spirals/danglot/.m2/repository/org/hamcrest/hamcrest-core/1.3/hamcrest-core-1.3.jar:/home/spirals/danglot/.m2/repository/org/mockito/mockito-core/1.10.8/mockito-core-1.10.8.jar:/home/spirals/danglot/.m2/repository/org/objenesis/objenesis/2.1/objenesis-2.1.jar:/home/spirals/danglot/.m2/repository/io/protostuff/protostuff-core/1.4.3-SNAPSHOT/protostuff-core-1.4.3-SNAPSHOT.jar:/home/spirals/danglot/.m2/repository/io/protostuff/protostuff-core/1.4.3-SNAPSHOT/protostuff-core-1.4.3-SNAPSHOT-tests.jar:/home/spirals/danglot/.m2/repository/io/protostuff/protostuff-api/1.4.3-SNAPSHOT/protostuff-api-1.4.3-SNAPSHOT.jar:/home/spirals/danglot/.m2/repository/io/protostuff/protostuff-collectionschema/1.4.3-SNAPSHOT/protostuff-collectionschema-1.4.3-SNAPSHOT.jar:/tmp/Ex2Amplifier-experiments/target/dspot/dependencies:/home/spirals/danglot/.m2/repository/eu/stamp-project/test-runner/1.0.8/test-runner-1.0.8-jar-with-dependencies.jar eu.stamp_project.testrunner.runner.test.TestRunner io.protostuff.runtime.ObjectSchemaTest testGraphlitNum1_failAssert0litNum16:testGraphlitNum1_failAssert0litNum18:testGraphlitNum1_failAssert0litNum20:testGraphlitNum1_failAssert0litNum22:testGraphlitNum2_failAssert1litNum15:testGraphlitNum2_failAssert1litNum17:testGraphlitNum2_failAssert1litNum19:testGraphlitNum2_failAssert1litNum21
File saved to the following path: /tmp/Ex2Amplifier-experiments/dataset/may-2018/protostuff/182/protostuff-runtime/target/dspot/TestListener.ser
false
false
false
false
false
false
false
false
[113148] INFO EntryPoint - Test has been run: testGraphlitNum2_failAssert1litNum17,testGraphlitNum2_failAssert1litNum19,testGraphlitNum2_failAssert1litNum21,testGraphlitNum1_failAssert0litNum18,testGraphlitNum1_failAssert0litNum22,testGraphlitNum2_failAssert1litNum15(io.protostuff.runtime.ObjectSchemaTest): Requested array size exceeds VM limit,testGraphlitNum1_failAssert0litNum16(io.protostuff.runtime.ObjectSchemaTest): 256 is the minimum buffer size.,testGraphlitNum1_failAssert0litNum20(io.protostuff.runtime.ObjectSchemaTest): 256 is the minimum buffer size.
[113148] INFO AssertGenerator - 5 test pass, generating assertion...
[113165] INFO MethodsAssertGenerator - Add observations points in passing tests.
[113165] INFO MethodsAssertGenerator - Instrumentation...
 20% |========== ]/ 40% |==================== ]- 60% |============================== ]\ 80% |======================================== ]|100% |================================================== ]/
[113192] INFO MethodsAssertGenerator - Run instrumented tests. (15)
[113213] DEBUG Launcher - printing io.protostuff.runtime.ObjectSchemaTest to /tmp/Ex2Amplifier-experiments/target/dspot/tmp_test_sources
[113466] INFO EntryPoint - Run: java -cp /tmp/Ex2Amplifier-experiments/dataset/may-2018/protostuff/182/protostuff-runtime/target/test-classes:/tmp/Ex2Amplifier-experiments/dataset/may-2018/protostuff/182/protostuff-runtime/target/classes:/home/spirals/danglot/.m2/repository/junit/junit/4.11/junit-4.11.jar:/home/spirals/danglot/.m2/repository/org/hamcrest/hamcrest-core/1.3/hamcrest-core-1.3.jar:/home/spirals/danglot/.m2/repository/org/mockito/mockito-core/1.10.8/mockito-core-1.10.8.jar:/home/spirals/danglot/.m2/repository/org/objenesis/objenesis/2.1/objenesis-2.1.jar:/home/spirals/danglot/.m2/repository/io/protostuff/protostuff-core/1.4.3-SNAPSHOT/protostuff-core-1.4.3-SNAPSHOT.jar:/home/spirals/danglot/.m2/repository/io/protostuff/protostuff-core/1.4.3-SNAPSHOT/protostuff-core-1.4.3-SNAPSHOT-tests.jar:/home/spirals/danglot/.m2/repository/io/protostuff/protostuff-api/1.4.3-SNAPSHOT/protostuff-api-1.4.3-SNAPSHOT.jar:/home/spirals/danglot/.m2/repository/io/protostuff/protostuff-collectionschema/1.4.3-SNAPSHOT/protostuff-collectionschema-1.4.3-SNAPSHOT.jar:/tmp/Ex2Amplifier-experiments/target/dspot/dependencies:/home/spirals/danglot/.m2/repository/eu/stamp-project/test-runner/1.0.8/test-runner-1.0.8-jar-with-dependencies.jar eu.stamp_project.testrunner.runner.test.TestRunner io.protostuff.runtime.ObjectSchemaTest testGraphlitNum1_failAssert0litNum18_withlog0:testGraphlitNum1_failAssert0litNum22_withlog0:testGraphlitNum2_failAssert1litNum17_withlog0:testGraphlitNum2_failAssert1litNum19_withlog0:testGraphlitNum2_failAssert1litNum21_withlog0:testGraphlitNum1_failAssert0litNum18_withlog1:testGraphlitNum1_failAssert0litNum22_withlog1:testGraphlitNum2_failAssert1litNum17_withlog1:testGraphlitNum2_failAssert1litNum19_withlog1:testGraphlitNum2_failAssert1litNum21_withlog1:testGraphlitNum1_failAssert0litNum18_withlog2:testGraphlitNum1_failAssert0litNum22_withlog2:testGraphlitNum2_failAssert1litNum17_withlog2:testGraphlitNum2_failAssert1litNum19_withlog2:testGraphlitNum2_failAssert1litNum21_withlog2
File saved to the following path: /tmp/Ex2Amplifier-experiments/dataset/may-2018/protostuff/182/protostuff-runtime/target/dspot/observations.ser
File saved to the following path: /tmp/Ex2Amplifier-experiments/dataset/may-2018/protostuff/182/protostuff-runtime/target/dspot/TestListener.ser
false
false
false
false
false
false
false
false
false
false
false
false
false
false
false
[114023] INFO EntryPoint - Test has been run: testGraphlitNum2_failAssert1litNum21_withlog0,testGraphlitNum2_failAssert1litNum21_withlog1,testGraphlitNum2_failAssert1litNum21_withlog2,testGraphlitNum2_failAssert1litNum19_withlog0,testGraphlitNum2_failAssert1litNum19_withlog1,testGraphlitNum2_failAssert1litNum19_withlog2,testGraphlitNum2_failAssert1litNum17_withlog0,testGraphlitNum2_failAssert1litNum17_withlog1,testGraphlitNum2_failAssert1litNum17_withlog2,testGraphlitNum1_failAssert0litNum22_withlog0,testGraphlitNum1_failAssert0litNum22_withlog1,testGraphlitNum1_failAssert0litNum22_withlog2,testGraphlitNum1_failAssert0litNum18_withlog0,testGraphlitNum1_failAssert0litNum18_withlog1,testGraphlitNum1_failAssert0litNum18_withlog2
[114028] INFO MethodsAssertGenerator - Generating assertions...
[114057] INFO AssertGenerator - 2 test fail, generating try/catch/fail blocks...
[114059] INFO AssertGenerator - 7 new tests with assertions generated
[114099] DEBUG Launcher - printing io.protostuff.runtime.ObjectSchemaTest to /tmp/Ex2Amplifier-experiments/target/dspot/tmp_test_sources
[114299] INFO EntryPoint - Run: java -cp /tmp/Ex2Amplifier-experiments/dataset/may-2018/protostuff/182/protostuff-runtime/target/test-classes:/tmp/Ex2Amplifier-experiments/dataset/may-2018/protostuff/182/protostuff-runtime/target/classes:/home/spirals/danglot/.m2/repository/junit/junit/4.11/junit-4.11.jar:/home/spirals/danglot/.m2/repository/org/hamcrest/hamcrest-core/1.3/hamcrest-core-1.3.jar:/home/spirals/danglot/.m2/repository/org/mockito/mockito-core/1.10.8/mockito-core-1.10.8.jar:/home/spirals/danglot/.m2/repository/org/objenesis/objenesis/2.1/objenesis-2.1.jar:/home/spirals/danglot/.m2/repository/io/protostuff/protostuff-core/1.4.3-SNAPSHOT/protostuff-core-1.4.3-SNAPSHOT.jar:/home/spirals/danglot/.m2/repository/io/protostuff/protostuff-core/1.4.3-SNAPSHOT/protostuff-core-1.4.3-SNAPSHOT-tests.jar:/home/spirals/danglot/.m2/repository/io/protostuff/protostuff-api/1.4.3-SNAPSHOT/protostuff-api-1.4.3-SNAPSHOT.jar:/home/spirals/danglot/.m2/repository/io/protostuff/protostuff-collectionschema/1.4.3-SNAPSHOT/protostuff-collectionschema-1.4.3-SNAPSHOT.jar:/tmp/Ex2Amplifier-experiments/target/dspot/dependencies:/home/spirals/danglot/.m2/repository/eu/stamp-project/test-runner/1.0.8/test-runner-1.0.8-jar-with-dependencies.jar eu.stamp_project.testrunner.runner.test.TestRunner io.protostuff.runtime.ObjectSchemaTest testGraphlitNum1_failAssert0litNum18:testGraphlitNum1_failAssert0litNum22:testGraphlitNum2_failAssert1litNum17:testGraphlitNum2_failAssert1litNum19:testGraphlitNum2_failAssert1litNum21:testGraphlitNum1_failAssert0litNum16_failAssert2:testGraphlitNum2_failAssert1litNum15_failAssert3
File saved to the following path: /tmp/Ex2Amplifier-experiments/dataset/may-2018/protostuff/182/protostuff-runtime/target/dspot/TestListener.ser
false
false
false
false
false
false
false
[114824] INFO EntryPoint - Test has been run: testGraphlitNum2_failAssert1litNum15_failAssert3,testGraphlitNum2_failAssert1litNum17,testGraphlitNum2_failAssert1litNum19,testGraphlitNum2_failAssert1litNum21,testGraphlitNum1_failAssert0litNum16_failAssert2,testGraphlitNum1_failAssert0litNum18,testGraphlitNum1_failAssert0litNum22
[114824] INFO Amplification - 7 test method(s) has been successfully generated
[114849] DEBUG Launcher - printing io.protostuff.runtime.ObjectSchemaTest to /tmp/Ex2Amplifier-experiments/target/dspot/tmp_test_sources
[114968] DEBUG Launcher - building sources: [/tmp/Ex2Amplifier-experiments/target/dspot/tmp_test_sources/io/protostuff/runtime/ObjectSchemaTest.java]
[114968] DEBUG Launcher - build args: [-encoding, UTF-8, -cp, /home/spirals/danglot/.m2/repository/junit/junit/4.11/junit-4.11.jar:/home/spirals/danglot/.m2/repository/org/hamcrest/hamcrest-core/1.3/hamcrest-core-1.3.jar:/home/spirals/danglot/.m2/repository/org/mockito/mockito-core/1.10.8/mockito-core-1.10.8.jar:/home/spirals/danglot/.m2/repository/org/objenesis/objenesis/2.1/objenesis-2.1.jar:/home/spirals/danglot/.m2/repository/io/protostuff/protostuff-core/1.4.3-SNAPSHOT/protostuff-core-1.4.3-SNAPSHOT.jar:/home/spirals/danglot/.m2/repository/io/protostuff/protostuff-core/1.4.3-SNAPSHOT/protostuff-core-1.4.3-SNAPSHOT-tests.jar:/home/spirals/danglot/.m2/repository/io/protostuff/protostuff-api/1.4.3-SNAPSHOT/protostuff-api-1.4.3-SNAPSHOT.jar:/home/spirals/danglot/.m2/repository/io/protostuff/protostuff-collectionschema/1.4.3-SNAPSHOT/protostuff-collectionschema-1.4.3-SNAPSHOT.jar:target/dspot/dependencies/:dataset/may-2018/protostuff/182/protostuff-runtime//target/classes:dataset/may-2018/protostuff/182/protostuff-runtime//target/test-classes:, -1.8, -preserveAllLocals, -noExit, -enableJavadoc, /tmp/Ex2Amplifier-experiments/target/dspot/tmp_test_sources/io/protostuff/runtime/ObjectSchemaTest.java]
[115068] DEBUG Launcher - built in 100 ms
[115068] DEBUG Launcher - building templates: []
[115068] DEBUG Launcher - built in 0 ms
[115070] DEBUG Launcher - model built in 102
[115070] DEBUG Launcher - compiling sources: [/tmp/Ex2Amplifier-experiments/target/dspot/tmp_test_sources/io/protostuff/runtime/ObjectSchemaTest.java]
[115073] DEBUG Launcher - compile args: [-encoding, UTF-8, -cp, /home/spirals/danglot/.m2/repository/junit/junit/4.11/junit-4.11.jar:/home/spirals/danglot/.m2/repository/org/hamcrest/hamcrest-core/1.3/hamcrest-core-1.3.jar:/home/spirals/danglot/.m2/repository/org/mockito/mockito-core/1.10.8/mockito-core-1.10.8.jar:/home/spirals/danglot/.m2/repository/org/objenesis/objenesis/2.1/objenesis-2.1.jar:/home/spirals/danglot/.m2/repository/io/protostuff/protostuff-core/1.4.3-SNAPSHOT/protostuff-core-1.4.3-SNAPSHOT.jar:/home/spirals/danglot/.m2/repository/io/protostuff/protostuff-core/1.4.3-SNAPSHOT/protostuff-core-1.4.3-SNAPSHOT-tests.jar:/home/spirals/danglot/.m2/repository/io/protostuff/protostuff-api/1.4.3-SNAPSHOT/protostuff-api-1.4.3-SNAPSHOT.jar:/home/spirals/danglot/.m2/repository/io/protostuff/protostuff-collectionschema/1.4.3-SNAPSHOT/protostuff-collectionschema-1.4.3-SNAPSHOT.jar:target/dspot/dependencies/:dataset/may-2018/protostuff/182/protostuff-runtime//target/classes:dataset/may-2018/protostuff/182/protostuff-runtime//target/test-classes:, -d, /tmp/Ex2Amplifier-experiments/dataset/may-2018/protostuff/182_modified/protostuff-runtime/target/test-classes, -1.8, -proc:none, -preserveAllLocals, -noExit, -enableJavadoc, /tmp/Ex2Amplifier-experiments/target/dspot/tmp_test_sources/io/protostuff/runtime/ObjectSchemaTest.java]
[115453] DEBUG Launcher - compiled in 383 ms
[115453] INFO EntryPoint - Run: java -cp /home/spirals/danglot/.m2/repository/junit/junit/4.11/junit-4.11.jar:/home/spirals/danglot/.m2/repository/org/hamcrest/hamcrest-core/1.3/hamcrest-core-1.3.jar:/home/spirals/danglot/.m2/repository/org/mockito/mockito-core/1.10.8/mockito-core-1.10.8.jar:/home/spirals/danglot/.m2/repository/org/objenesis/objenesis/2.1/objenesis-2.1.jar:/home/spirals/danglot/.m2/repository/io/protostuff/protostuff-core/1.4.3-SNAPSHOT/protostuff-core-1.4.3-SNAPSHOT.jar:/home/spirals/danglot/.m2/repository/io/protostuff/protostuff-core/1.4.3-SNAPSHOT/protostuff-core-1.4.3-SNAPSHOT-tests.jar:/home/spirals/danglot/.m2/repository/io/protostuff/protostuff-api/1.4.3-SNAPSHOT/protostuff-api-1.4.3-SNAPSHOT.jar:/home/spirals/danglot/.m2/repository/io/protostuff/protostuff-collectionschema/1.4.3-SNAPSHOT/protostuff-collectionschema-1.4.3-SNAPSHOT.jar:target/dspot/dependencies/:/tmp/Ex2Amplifier-experiments/dataset/may-2018/protostuff/182_modified/protostuff-runtime/target/classes:/tmp/Ex2Amplifier-experiments/dataset/may-2018/protostuff/182_modified/protostuff-runtime/target/test-classes:/home/spirals/danglot/.m2/repository/eu/stamp-project/test-runner/1.0.8/test-runner-1.0.8-jar-with-dependencies.jar eu.stamp_project.testrunner.runner.test.TestRunner io.protostuff.runtime.ObjectSchemaTest testGraphlitNum1_failAssert0litNum18:testGraphlitNum1_failAssert0litNum22:testGraphlitNum2_failAssert1litNum17:testGraphlitNum2_failAssert1litNum19:testGraphlitNum2_failAssert1litNum21:testGraphlitNum1_failAssert0litNum16_failAssert2:testGraphlitNum2_failAssert1litNum15_failAssert3
File saved to the following path: /tmp/Ex2Amplifier-experiments/dataset/may-2018/protostuff/182/protostuff-runtime/target/dspot/TestListener.ser
false
false
false
false
false
false
false
[116021] INFO EntryPoint - Test has been run: testGraphlitNum2_failAssert1litNum15_failAssert3,testGraphlitNum2_failAssert1litNum17,testGraphlitNum2_failAssert1litNum19,testGraphlitNum2_failAssert1litNum21,testGraphlitNum1_failAssert0litNum16_failAssert2,testGraphlitNum1_failAssert0litNum18,testGraphlitNum1_failAssert0litNum22
[116021] INFO Amplification - iteration 2:
[116021] INFO Amplification - 7 tests selected to be amplified over 7 available tests
 14% |=================================== ]/ 57% |========================================== ]| 71% |================================================== ]/100% |================================================== ]\
 28% |================================================== ]- 42% |================================================== ]\ 85% |================================================== ]-[116133] INFO AssertGenerator - Run tests. (29)
[116149] DEBUG Launcher - printing io.protostuff.runtime.ObjectSchemaTest to /tmp/Ex2Amplifier-experiments/target/dspot/tmp_test_sources
[116397] INFO EntryPoint - Run: java -cp /tmp/Ex2Amplifier-experiments/dataset/may-2018/protostuff/182/protostuff-runtime/target/test-classes:/tmp/Ex2Amplifier-experiments/dataset/may-2018/protostuff/182/protostuff-runtime/target/classes:/home/spirals/danglot/.m2/repository/junit/junit/4.11/junit-4.11.jar:/home/spirals/danglot/.m2/repository/org/hamcrest/hamcrest-core/1.3/hamcrest-core-1.3.jar:/home/spirals/danglot/.m2/repository/org/mockito/mockito-core/1.10.8/mockito-core-1.10.8.jar:/home/spirals/danglot/.m2/repository/org/objenesis/objenesis/2.1/objenesis-2.1.jar:/home/spirals/danglot/.m2/repository/io/protostuff/protostuff-core/1.4.3-SNAPSHOT/protostuff-core-1.4.3-SNAPSHOT.jar:/home/spirals/danglot/.m2/repository/io/protostuff/protostuff-core/1.4.3-SNAPSHOT/protostuff-core-1.4.3-SNAPSHOT-tests.jar:/home/spirals/danglot/.m2/repository/io/protostuff/protostuff-api/1.4.3-SNAPSHOT/protostuff-api-1.4.3-SNAPSHOT.jar:/home/spirals/danglot/.m2/repository/io/protostuff/protostuff-collectionschema/1.4.3-SNAPSHOT/protostuff-collectionschema-1.4.3-SNAPSHOT.jar:/tmp/Ex2Amplifier-experiments/target/dspot/dependencies:/home/spirals/danglot/.m2/repository/eu/stamp-project/test-runner/1.0.8/test-runner-1.0.8-jar-with-dependencies.jar eu.stamp_project.testrunner.runner.test.TestRunner io.protostuff.runtime.ObjectSchemaTest testGraphlitNum1_failAssert0litNum18litNum43:testGraphlitNum1_failAssert0litNum18litNum52:testGraphlitNum1_failAssert0litNum18litNum58:testGraphlitNum1_failAssert0litNum18litNum64:testGraphlitNum1_failAssert0litNum22litNum43:testGraphlitNum1_failAssert0litNum22litNum50:testGraphlitNum1_failAssert0litNum22litNum57:testGraphlitNum1_failAssert0litNum22litNum62:testGraphlitNum2_failAssert1litNum17litNum47:testGraphlitNum2_failAssert1litNum17litNum51:testGraphlitNum2_failAssert1litNum17litNum59:testGraphlitNum2_failAssert1litNum17litNum66:testGraphlitNum2_failAssert1litNum19litNum49:testGraphlitNum2_failAssert1litNum19litNum56:testGraphlitNum2_failAssert1litNum19litNum63:testGraphlitNum2_failAssert1litNum19litNum68:testGraphlitNum2_failAssert1litNum19litNum71:testGraphlitNum2_failAssert1litNum21litNum45:testGraphlitNum2_failAssert1litNum21litNum55:testGraphlitNum2_failAssert1litNum21litNum65:testGraphlitNum2_failAssert1litNum21litNum70:testGraphlitNum1_failAssert0litNum16_failAssert2litNum48:testGraphlitNum1_failAssert0litNum16_failAssert2litNum54:testGraphlitNum1_failAssert0litNum16_failAssert2litNum61:testGraphlitNum1_failAssert0litNum16_failAssert2litNum67:testGraphlitNum2_failAssert1litNum15_failAssert3litNum46:testGraphlitNum2_failAssert1litNum15_failAssert3litNum53:testGraphlitNum2_failAssert1litNum15_failAssert3litNum60:testGraphlitNum2_failAssert1litNum15_failAssert3litNum69
File saved to the following path: /tmp/Ex2Amplifier-experiments/dataset/may-2018/protostuff/182/protostuff-runtime/target/dspot/TestListener.ser
false
false
false
false
false
false
false
false
false
false
false
false
false
false
false
false
false
false
false
false
false
false
false
false
false
false
false
false
false
[118424] INFO EntryPoint - Test has been run: testGraphlitNum2_failAssert1litNum15_failAssert3litNum53,testGraphlitNum2_failAssert1litNum15_failAssert3litNum69,testGraphlitNum2_failAssert1litNum17litNum51,testGraphlitNum2_failAssert1litNum17litNum59,testGraphlitNum2_failAssert1litNum17litNum66,testGraphlitNum1_failAssert0litNum18litNum52,testGraphlitNum1_failAssert0litNum18litNum64,testGraphlitNum2_failAssert1litNum19litNum49,testGraphlitNum2_failAssert1litNum19litNum63,testGraphlitNum2_failAssert1litNum19litNum68,testGraphlitNum2_failAssert1litNum19litNum71,testGraphlitNum2_failAssert1litNum21litNum45,testGraphlitNum2_failAssert1litNum21litNum65,testGraphlitNum2_failAssert1litNum21litNum70,testGraphlitNum1_failAssert0litNum22litNum43,testGraphlitNum1_failAssert0litNum16_failAssert2litNum54,testGraphlitNum1_failAssert0litNum16_failAssert2litNum61,testGraphlitNum1_failAssert0litNum16_failAssert2litNum67,testGraphlitNum2_failAssert1litNum15_failAssert3litNum46(io.protostuff.runtime.ObjectSchemaTest): testGraphlitNum2_failAssert1litNum15 should have thrown OutOfMemoryError,testGraphlitNum2_failAssert1litNum15_failAssert3litNum60(io.protostuff.runtime.ObjectSchemaTest): testGraphlitNum2_failAssert1litNum15 should have thrown OutOfMemoryError,testGraphlitNum2_failAssert1litNum17litNum47(io.protostuff.runtime.ObjectSchemaTest): Requested array size exceeds VM limit,testGraphlitNum1_failAssert0litNum18litNum43(io.protostuff.runtime.ObjectSchemaTest): 256 is the minimum buffer size.,testGraphlitNum1_failAssert0litNum18litNum58(io.protostuff.runtime.ObjectSchemaTest): 256 is the minimum buffer size.,testGraphlitNum2_failAssert1litNum19litNum56(io.protostuff.runtime.ObjectSchemaTest): Requested array size exceeds VM limit,testGraphlitNum2_failAssert1litNum21litNum55(io.protostuff.runtime.ObjectSchemaTest): Requested array size exceeds VM limit,testGraphlitNum1_failAssert0litNum22litNum50(io.protostuff.runtime.ObjectSchemaTest): 256 is the minimum buffer size.,testGraphlitNum1_failAssert0litNum22litNum57(io.protostuff.runtime.ObjectSchemaTest): 256 is the minimum buffer size.,testGraphlitNum1_failAssert0litNum22litNum62(io.protostuff.runtime.ObjectSchemaTest): testGraphlitNum1 should have thrown OutOfMemoryError,testGraphlitNum1_failAssert0litNum16_failAssert2litNum48(io.protostuff.runtime.ObjectSchemaTest): testGraphlitNum1_failAssert0litNum16 should have thrown IllegalArgumentException
[118424] INFO AssertGenerator - 18 test pass, generating assertion...
[118447] INFO MethodsAssertGenerator - Add observations points in passing tests.
[118447] INFO MethodsAssertGenerator - Instrumentation...
  5% |== ]/ 11% |===== ]- 16% |======== ]\ 22% |=========== ]| 27% |============= ]/ 33% |================ ]- 38% |=================== ]\ 44% |====================== ]| 50% |========================= ]/ 55% |=========================== ]- 61% |============================== ]\ 66% |================================= ]| 72% |==================================== ]/ 77% |====================================== ]- 83% |========================================= ]\ 88% |============================================ ]| 94% |=============================================== ]/100% |================================================== ]-
[118521] INFO MethodsAssertGenerator - Run instrumented tests. (54)
[118565] DEBUG Launcher - printing io.protostuff.runtime.ObjectSchemaTest to /tmp/Ex2Amplifier-experiments/target/dspot/tmp_test_sources
[118990] INFO EntryPoint - Run: java -cp /tmp/Ex2Amplifier-experiments/dataset/may-2018/protostuff/182/protostuff-runtime/target/test-classes:/tmp/Ex2Amplifier-experiments/dataset/may-2018/protostuff/182/protostuff-runtime/target/classes:/home/spirals/danglot/.m2/repository/junit/junit/4.11/junit-4.11.jar:/home/spirals/danglot/.m2/repository/org/hamcrest/hamcrest-core/1.3/hamcrest-core-1.3.jar:/home/spirals/danglot/.m2/repository/org/mockito/mockito-core/1.10.8/mockito-core-1.10.8.jar:/home/spirals/danglot/.m2/repository/org/objenesis/objenesis/2.1/objenesis-2.1.jar:/home/spirals/danglot/.m2/repository/io/protostuff/protostuff-core/1.4.3-SNAPSHOT/protostuff-core-1.4.3-SNAPSHOT.jar:/home/spirals/danglot/.m2/repository/io/protostuff/protostuff-core/1.4.3-SNAPSHOT/protostuff-core-1.4.3-SNAPSHOT-tests.jar:/home/spirals/danglot/.m2/repository/io/protostuff/protostuff-api/1.4.3-SNAPSHOT/protostuff-api-1.4.3-SNAPSHOT.jar:/home/spirals/danglot/.m2/repository/io/protostuff/protostuff-collectionschema/1.4.3-SNAPSHOT/protostuff-collectionschema-1.4.3-SNAPSHOT.jar:/tmp/Ex2Amplifier-experiments/target/dspot/dependencies:/home/spirals/danglot/.m2/repository/eu/stamp-project/test-runner/1.0.8/test-runner-1.0.8-jar-with-dependencies.jar eu.stamp_project.testrunner.runner.test.TestRunner io.protostuff.runtime.ObjectSchemaTest testGraphlitNum1_failAssert0litNum18litNum52_withlog0:testGraphlitNum1_failAssert0litNum18litNum64_withlog0:testGraphlitNum1_failAssert0litNum22litNum43_withlog0:testGraphlitNum2_failAssert1litNum17litNum51_withlog0:testGraphlitNum2_failAssert1litNum17litNum59_withlog0:testGraphlitNum2_failAssert1litNum17litNum66_withlog0:testGraphlitNum2_failAssert1litNum19litNum49_withlog0:testGraphlitNum2_failAssert1litNum19litNum63_withlog0:testGraphlitNum2_failAssert1litNum19litNum68_withlog0:testGraphlitNum2_failAssert1litNum19litNum71_withlog0:testGraphlitNum2_failAssert1litNum21litNum45_withlog0:testGraphlitNum2_failAssert1litNum21litNum65_withlog0:testGraphlitNum2_failAssert1litNum21litNum70_withlog0:testGraphlitNum1_failAssert0litNum16_failAssert2litNum54_withlog0:testGraphlitNum1_failAssert0litNum16_failAssert2litNum61_withlog0:testGraphlitNum1_failAssert0litNum16_failAssert2litNum67_withlog0:testGraphlitNum2_failAssert1litNum15_failAssert3litNum53_withlog0:testGraphlitNum2_failAssert1litNum15_failAssert3litNum69_withlog0:testGraphlitNum1_failAssert0litNum18litNum52_withlog1:testGraphlitNum1_failAssert0litNum18litNum64_withlog1:testGraphlitNum1_failAssert0litNum22litNum43_withlog1:testGraphlitNum2_failAssert1litNum17litNum51_withlog1:testGraphlitNum2_failAssert1litNum17litNum59_withlog1:testGraphlitNum2_failAssert1litNum17litNum66_withlog1:testGraphlitNum2_failAssert1litNum19litNum49_withlog1:testGraphlitNum2_failAssert1litNum19litNum63_withlog1:testGraphlitNum2_failAssert1litNum19litNum68_withlog1:testGraphlitNum2_failAssert1litNum19litNum71_withlog1:testGraphlitNum2_failAssert1litNum21litNum45_withlog1:testGraphlitNum2_failAssert1litNum21litNum65_withlog1:testGraphlitNum2_failAssert1litNum21litNum70_withlog1:testGraphlitNum1_failAssert0litNum16_failAssert2litNum54_withlog1:testGraphlitNum1_failAssert0litNum16_failAssert2litNum61_withlog1:testGraphlitNum1_failAssert0litNum16_failAssert2litNum67_withlog1:testGraphlitNum2_failAssert1litNum15_failAssert3litNum53_withlog1:testGraphlitNum2_failAssert1litNum15_failAssert3litNum69_withlog1:testGraphlitNum1_failAssert0litNum18litNum52_withlog2:testGraphlitNum1_failAssert0litNum18litNum64_withlog2:testGraphlitNum1_failAssert0litNum22litNum43_withlog2:testGraphlitNum2_failAssert1litNum17litNum51_withlog2:testGraphlitNum2_failAssert1litNum17litNum59_withlog2:testGraphlitNum2_failAssert1litNum17litNum66_withlog2:testGraphlitNum2_failAssert1litNum19litNum49_withlog2:testGraphlitNum2_failAssert1litNum19litNum63_withlog2:testGraphlitNum2_failAssert1litNum19litNum68_withlog2:testGraphlitNum2_failAssert1litNum19litNum71_withlog2:testGraphlitNum2_failAssert1litNum21litNum45_withlog2:testGraphlitNum2_failAssert1litNum21litNum65_withlog2:testGraphlitNum2_failAssert1litNum21litNum70_withlog2:testGraphlitNum1_failAssert0litNum16_failAssert2litNum54_withlog2:testGraphlitNum1_failAssert0litNum16_failAssert2litNum61_withlog2:testGraphlitNum1_failAssert0litNum16_failAssert2litNum67_withlog2:testGraphlitNum2_failAssert1litNum15_failAssert3litNum53_withlog2:testGraphlitNum2_failAssert1litNum15_failAssert3litNum69_withlog2
File saved to the following path: /tmp/Ex2Amplifier-experiments/dataset/may-2018/protostuff/182/protostuff-runtime/target/dspot/observations.ser
File saved to the following path: /tmp/Ex2Amplifier-experiments/dataset/may-2018/protostuff/182/protostuff-runtime/target/dspot/TestListener.ser
false
false
false
false
false
false
false
false
false
false
false
false
false
false
false
false
false
false
false
false
false
false
false
false
false
false
false
false
false
false
false
false
false
false
false
false
false
false
false
false
false
false
false
false
false
false
false
false
false
false
false
false
false
false
[119708] INFO EntryPoint - Test has been run: testGraphlitNum1_failAssert0litNum18litNum52_withlog0,testGraphlitNum1_failAssert0litNum18litNum52_withlog1,testGraphlitNum1_failAssert0litNum18litNum52_withlog2,testGraphlitNum2_failAssert1litNum15_failAssert3litNum69_withlog0,testGraphlitNum2_failAssert1litNum15_failAssert3litNum69_withlog1,testGraphlitNum2_failAssert1litNum15_failAssert3litNum69_withlog2,testGraphlitNum1_failAssert0litNum16_failAssert2litNum67_withlog0,testGraphlitNum1_failAssert0litNum16_failAssert2litNum67_withlog1,testGraphlitNum1_failAssert0litNum16_failAssert2litNum67_withlog2,testGraphlitNum2_failAssert1litNum17litNum66_withlog0,testGraphlitNum2_failAssert1litNum17litNum66_withlog1,testGraphlitNum2_failAssert1litNum17litNum66_withlog2,testGraphlitNum2_failAssert1litNum21litNum70_withlog0,testGraphlitNum2_failAssert1litNum21litNum70_withlog1,testGraphlitNum2_failAssert1litNum21litNum70_withlog2,testGraphlitNum2_failAssert1litNum21litNum45_withlog0,testGraphlitNum2_failAssert1litNum21litNum45_withlog1,testGraphlitNum2_failAssert1litNum21litNum45_withlog2,testGraphlitNum2_failAssert1litNum19litNum49_withlog0,testGraphlitNum2_failAssert1litNum19litNum49_withlog1,testGraphlitNum2_failAssert1litNum19litNum49_withlog2,testGraphlitNum2_failAssert1litNum21litNum65_withlog0,testGraphlitNum2_failAssert1litNum21litNum65_withlog1,testGraphlitNum2_failAssert1litNum21litNum65_withlog2,testGraphlitNum1_failAssert0litNum16_failAssert2litNum61_withlog0,testGraphlitNum1_failAssert0litNum16_failAssert2litNum61_withlog1,testGraphlitNum1_failAssert0litNum16_failAssert2litNum61_withlog2,testGraphlitNum2_failAssert1litNum17litNum59_withlog0,testGraphlitNum2_failAssert1litNum17litNum59_withlog1,testGraphlitNum2_failAssert1litNum17litNum59_withlog2,testGraphlitNum2_failAssert1litNum19litNum71_withlog0,testGraphlitNum2_failAssert1litNum19litNum71_withlog1,testGraphlitNum2_failAssert1litNum19litNum71_withlog2,testGraphlitNum2_failAssert1litNum19litNum68_withlog0,testGraphlitNum2_failAssert1litNum19litNum68_withlog1,testGraphlitNum2_failAssert1litNum19litNum68_withlog2,testGraphlitNum1_failAssert0litNum18litNum64_withlog0,testGraphlitNum1_failAssert0litNum18litNum64_withlog1,testGraphlitNum1_failAssert0litNum18litNum64_withlog2,testGraphlitNum1_failAssert0litNum16_failAssert2litNum54_withlog0,testGraphlitNum1_failAssert0litNum16_failAssert2litNum54_withlog1,testGraphlitNum1_failAssert0litNum16_failAssert2litNum54_withlog2,testGraphlitNum1_failAssert0litNum22litNum43_withlog0,testGraphlitNum1_failAssert0litNum22litNum43_withlog1,testGraphlitNum1_failAssert0litNum22litNum43_withlog2,testGraphlitNum2_failAssert1litNum17litNum51_withlog0,testGraphlitNum2_failAssert1litNum17litNum51_withlog1,testGraphlitNum2_failAssert1litNum17litNum51_withlog2,testGraphlitNum2_failAssert1litNum19litNum63_withlog0,testGraphlitNum2_failAssert1litNum19litNum63_withlog1,testGraphlitNum2_failAssert1litNum19litNum63_withlog2,testGraphlitNum2_failAssert1litNum15_failAssert3litNum53_withlog0,testGraphlitNum2_failAssert1litNum15_failAssert3litNum53_withlog1,testGraphlitNum2_failAssert1litNum15_failAssert3litNum53_withlog2
[119712] INFO MethodsAssertGenerator - Generating assertions...
[119759] INFO AssertGenerator - 3 test fail, generating try/catch/fail blocks...
[119761] INFO AssertGenerator - 20 new tests with assertions generated
[119789] DEBUG Launcher - printing io.protostuff.runtime.ObjectSchemaTest to /tmp/Ex2Amplifier-experiments/target/dspot/tmp_test_sources
[119986] INFO EntryPoint - Run: java -cp /tmp/Ex2Amplifier-experiments/dataset/may-2018/protostuff/182/protostuff-runtime/target/test-classes:/tmp/Ex2Amplifier-experiments/dataset/may-2018/protostuff/182/protostuff-runtime/target/classes:/home/spirals/danglot/.m2/repository/junit/junit/4.11/junit-4.11.jar:/home/spirals/danglot/.m2/repository/org/hamcrest/hamcrest-core/1.3/hamcrest-core-1.3.jar:/home/spirals/danglot/.m2/repository/org/mockito/mockito-core/1.10.8/mockito-core-1.10.8.jar:/home/spirals/danglot/.m2/repository/org/objenesis/objenesis/2.1/objenesis-2.1.jar:/home/spirals/danglot/.m2/repository/io/protostuff/protostuff-core/1.4.3-SNAPSHOT/protostuff-core-1.4.3-SNAPSHOT.jar:/home/spirals/danglot/.m2/repository/io/protostuff/protostuff-core/1.4.3-SNAPSHOT/protostuff-core-1.4.3-SNAPSHOT-tests.jar:/home/spirals/danglot/.m2/repository/io/protostuff/protostuff-api/1.4.3-SNAPSHOT/protostuff-api-1.4.3-SNAPSHOT.jar:/home/spirals/danglot/.m2/repository/io/protostuff/protostuff-collectionschema/1.4.3-SNAPSHOT/protostuff-collectionschema-1.4.3-SNAPSHOT.jar:/tmp/Ex2Amplifier-experiments/target/dspot/dependencies:/home/spirals/danglot/.m2/repository/eu/stamp-project/test-runner/1.0.8/test-runner-1.0.8-jar-with-dependencies.jar eu.stamp_project.testrunner.runner.test.TestRunner io.protostuff.runtime.ObjectSchemaTest testGraphlitNum1_failAssert0litNum18litNum52:testGraphlitNum1_failAssert0litNum18litNum64:testGraphlitNum1_failAssert0litNum22litNum43:testGraphlitNum2_failAssert1litNum17litNum51:testGraphlitNum2_failAssert1litNum17litNum59:testGraphlitNum2_failAssert1litNum17litNum66:testGraphlitNum2_failAssert1litNum19litNum49:testGraphlitNum2_failAssert1litNum19litNum63:testGraphlitNum2_failAssert1litNum19litNum68:testGraphlitNum2_failAssert1litNum19litNum71:testGraphlitNum2_failAssert1litNum21litNum45:testGraphlitNum2_failAssert1litNum21litNum65:testGraphlitNum2_failAssert1litNum21litNum70:testGraphlitNum1_failAssert0litNum16_failAssert2litNum54:testGraphlitNum1_failAssert0litNum16_failAssert2litNum61:testGraphlitNum1_failAssert0litNum16_failAssert2litNum67:testGraphlitNum2_failAssert1litNum15_failAssert3litNum53:testGraphlitNum2_failAssert1litNum15_failAssert3litNum69:testGraphlitNum1_failAssert0litNum18litNum43_failAssert4:testGraphlitNum2_failAssert1litNum17litNum47_failAssert5
File saved to the following path: /tmp/Ex2Amplifier-experiments/dataset/may-2018/protostuff/182/protostuff-runtime/target/dspot/TestListener.ser
false
false
false
false
false
false
false
false
false
false
false
false
false
false
false
false
false
false
false
false
[120608] INFO EntryPoint - Test has been run: testGraphlitNum2_failAssert1litNum17litNum47_failAssert5,testGraphlitNum2_failAssert1litNum15_failAssert3litNum53,testGraphlitNum2_failAssert1litNum15_failAssert3litNum69,testGraphlitNum2_failAssert1litNum17litNum51,testGraphlitNum2_failAssert1litNum17litNum59,testGraphlitNum2_failAssert1litNum17litNum66,testGraphlitNum1_failAssert0litNum18litNum52,testGraphlitNum1_failAssert0litNum18litNum64,testGraphlitNum2_failAssert1litNum19litNum49,testGraphlitNum2_failAssert1litNum19litNum63,testGraphlitNum2_failAssert1litNum19litNum68,testGraphlitNum2_failAssert1litNum19litNum71,testGraphlitNum2_failAssert1litNum21litNum45,testGraphlitNum2_failAssert1litNum21litNum65,testGraphlitNum2_failAssert1litNum21litNum70,testGraphlitNum1_failAssert0litNum18litNum43_failAssert4,testGraphlitNum1_failAssert0litNum22litNum43,testGraphlitNum1_failAssert0litNum16_failAssert2litNum54,testGraphlitNum1_failAssert0litNum16_failAssert2litNum61,testGraphlitNum1_failAssert0litNum16_failAssert2litNum67
[120608] INFO Amplification - 20 test method(s) has been successfully generated
[120629] DEBUG Launcher - printing io.protostuff.runtime.ObjectSchemaTest to /tmp/Ex2Amplifier-experiments/target/dspot/tmp_test_sources
[120776] DEBUG Launcher - building sources: [/tmp/Ex2Amplifier-experiments/target/dspot/tmp_test_sources/io/protostuff/runtime/ObjectSchemaTest.java]
[120776] DEBUG Launcher - build args: [-encoding, UTF-8, -cp, /home/spirals/danglot/.m2/repository/junit/junit/4.11/junit-4.11.jar:/home/spirals/danglot/.m2/repository/org/hamcrest/hamcrest-core/1.3/hamcrest-core-1.3.jar:/home/spirals/danglot/.m2/repository/org/mockito/mockito-core/1.10.8/mockito-core-1.10.8.jar:/home/spirals/danglot/.m2/repository/org/objenesis/objenesis/2.1/objenesis-2.1.jar:/home/spirals/danglot/.m2/repository/io/protostuff/protostuff-core/1.4.3-SNAPSHOT/protostuff-core-1.4.3-SNAPSHOT.jar:/home/spirals/danglot/.m2/repository/io/protostuff/protostuff-core/1.4.3-SNAPSHOT/protostuff-core-1.4.3-SNAPSHOT-tests.jar:/home/spirals/danglot/.m2/repository/io/protostuff/protostuff-api/1.4.3-SNAPSHOT/protostuff-api-1.4.3-SNAPSHOT.jar:/home/spirals/danglot/.m2/repository/io/protostuff/protostuff-collectionschema/1.4.3-SNAPSHOT/protostuff-collectionschema-1.4.3-SNAPSHOT.jar:target/dspot/dependencies/:dataset/may-2018/protostuff/182/protostuff-runtime//target/classes:dataset/may-2018/protostuff/182/protostuff-runtime//target/test-classes:, -1.8, -preserveAllLocals, -noExit, -enableJavadoc, /tmp/Ex2Amplifier-experiments/target/dspot/tmp_test_sources/io/protostuff/runtime/ObjectSchemaTest.java]
[120887] DEBUG Launcher - built in 111 ms
[120887] DEBUG Launcher - building templates: []
[120887] DEBUG Launcher - built in 0 ms
[120889] DEBUG Launcher - model built in 113
[120889] DEBUG Launcher - compiling sources: [/tmp/Ex2Amplifier-experiments/target/dspot/tmp_test_sources/io/protostuff/runtime/ObjectSchemaTest.java]
[120893] DEBUG Launcher - compile args: [-encoding, UTF-8, -cp, /home/spirals/danglot/.m2/repository/junit/junit/4.11/junit-4.11.jar:/home/spirals/danglot/.m2/repository/org/hamcrest/hamcrest-core/1.3/hamcrest-core-1.3.jar:/home/spirals/danglot/.m2/repository/org/mockito/mockito-core/1.10.8/mockito-core-1.10.8.jar:/home/spirals/danglot/.m2/repository/org/objenesis/objenesis/2.1/objenesis-2.1.jar:/home/spirals/danglot/.m2/repository/io/protostuff/protostuff-core/1.4.3-SNAPSHOT/protostuff-core-1.4.3-SNAPSHOT.jar:/home/spirals/danglot/.m2/repository/io/protostuff/protostuff-core/1.4.3-SNAPSHOT/protostuff-core-1.4.3-SNAPSHOT-tests.jar:/home/spirals/danglot/.m2/repository/io/protostuff/protostuff-api/1.4.3-SNAPSHOT/protostuff-api-1.4.3-SNAPSHOT.jar:/home/spirals/danglot/.m2/repository/io/protostuff/protostuff-collectionschema/1.4.3-SNAPSHOT/protostuff-collectionschema-1.4.3-SNAPSHOT.jar:target/dspot/dependencies/:dataset/may-2018/protostuff/182/protostuff-runtime//target/classes:dataset/may-2018/protostuff/182/protostuff-runtime//target/test-classes:, -d, /tmp/Ex2Amplifier-experiments/dataset/may-2018/protostuff/182_modified/protostuff-runtime/target/test-classes, -1.8, -proc:none, -preserveAllLocals, -noExit, -enableJavadoc, /tmp/Ex2Amplifier-experiments/target/dspot/tmp_test_sources/io/protostuff/runtime/ObjectSchemaTest.java]
[121367] DEBUG Launcher - compiled in 478 ms
[121367] INFO EntryPoint - Run: java -cp /home/spirals/danglot/.m2/repository/junit/junit/4.11/junit-4.11.jar:/home/spirals/danglot/.m2/repository/org/hamcrest/hamcrest-core/1.3/hamcrest-core-1.3.jar:/home/spirals/danglot/.m2/repository/org/mockito/mockito-core/1.10.8/mockito-core-1.10.8.jar:/home/spirals/danglot/.m2/repository/org/objenesis/objenesis/2.1/objenesis-2.1.jar:/home/spirals/danglot/.m2/repository/io/protostuff/protostuff-core/1.4.3-SNAPSHOT/protostuff-core-1.4.3-SNAPSHOT.jar:/home/spirals/danglot/.m2/repository/io/protostuff/protostuff-core/1.4.3-SNAPSHOT/protostuff-core-1.4.3-SNAPSHOT-tests.jar:/home/spirals/danglot/.m2/repository/io/protostuff/protostuff-api/1.4.3-SNAPSHOT/protostuff-api-1.4.3-SNAPSHOT.jar:/home/spirals/danglot/.m2/repository/io/protostuff/protostuff-collectionschema/1.4.3-SNAPSHOT/protostuff-collectionschema-1.4.3-SNAPSHOT.jar:target/dspot/dependencies/:/tmp/Ex2Amplifier-experiments/dataset/may-2018/protostuff/182_modified/protostuff-runtime/target/classes:/tmp/Ex2Amplifier-experiments/dataset/may-2018/protostuff/182_modified/protostuff-runtime/target/test-classes:/home/spirals/danglot/.m2/repository/eu/stamp-project/test-runner/1.0.8/test-runner-1.0.8-jar-with-dependencies.jar eu.stamp_project.testrunner.runner.test.TestRunner io.protostuff.runtime.ObjectSchemaTest testGraphlitNum1_failAssert0litNum18litNum52:testGraphlitNum1_failAssert0litNum18litNum64:testGraphlitNum1_failAssert0litNum22litNum43:testGraphlitNum2_failAssert1litNum17litNum51:testGraphlitNum2_failAssert1litNum17litNum59:testGraphlitNum2_failAssert1litNum17litNum66:testGraphlitNum2_failAssert1litNum19litNum49:testGraphlitNum2_failAssert1litNum19litNum63:testGraphlitNum2_failAssert1litNum19litNum68:testGraphlitNum2_failAssert1litNum19litNum71:testGraphlitNum2_failAssert1litNum21litNum45:testGraphlitNum2_failAssert1litNum21litNum65:testGraphlitNum2_failAssert1litNum21litNum70:testGraphlitNum1_failAssert0litNum16_failAssert2litNum54:testGraphlitNum1_failAssert0litNum16_failAssert2litNum61:testGraphlitNum1_failAssert0litNum16_failAssert2litNum67:testGraphlitNum2_failAssert1litNum15_failAssert3litNum53:testGraphlitNum2_failAssert1litNum15_failAssert3litNum69:testGraphlitNum1_failAssert0litNum18litNum43_failAssert4:testGraphlitNum2_failAssert1litNum17litNum47_failAssert5
File saved to the following path: /tmp/Ex2Amplifier-experiments/dataset/may-2018/protostuff/182/protostuff-runtime/target/dspot/TestListener.ser
false
false
false
false
false
false
false
false
false
false
false
false
false
false
false
false
false
false
false
false
[121946] INFO EntryPoint - Test has been run: testGraphlitNum2_failAssert1litNum17litNum47_failAssert5,testGraphlitNum2_failAssert1litNum15_failAssert3litNum53,testGraphlitNum2_failAssert1litNum15_failAssert3litNum69,testGraphlitNum2_failAssert1litNum17litNum51,testGraphlitNum2_failAssert1litNum17litNum59,testGraphlitNum2_failAssert1litNum17litNum66,testGraphlitNum1_failAssert0litNum18litNum52,testGraphlitNum1_failAssert0litNum18litNum64,testGraphlitNum2_failAssert1litNum19litNum49,testGraphlitNum2_failAssert1litNum19litNum63,testGraphlitNum2_failAssert1litNum19litNum68,testGraphlitNum2_failAssert1litNum19litNum71,testGraphlitNum2_failAssert1litNum21litNum45,testGraphlitNum2_failAssert1litNum21litNum65,testGraphlitNum2_failAssert1litNum21litNum70,testGraphlitNum1_failAssert0litNum18litNum43_failAssert4,testGraphlitNum1_failAssert0litNum22litNum43,testGraphlitNum1_failAssert0litNum16_failAssert2litNum54,testGraphlitNum1_failAssert0litNum16_failAssert2litNum61,testGraphlitNum1_failAssert0litNum16_failAssert2litNum67
[121946] INFO Amplification - 0 amplified test(s) has been selected, global: 0
[121946] INFO DSpot - elapsedTime 15181
======= REPORT =======
0 amplified test fails on the new versions.

[122004] INFO DSpot - Print AmplObjectSchemaTest with 0?amplified test cases in results/may-2018/protostuff/182/I_ampl
[122292] INFO Amplification - amplification of io.protostuff.runtime.DefaultIdStrategyTest (1 test(s))
[122342] INFO EntryPoint - Run: java -cp /tmp/Ex2Amplifier-experiments/dataset/may-2018/protostuff/182/protostuff-runtime/target/test-classes:/tmp/Ex2Amplifier-experiments/dataset/may-2018/protostuff/182/protostuff-runtime/target/classes:/home/spirals/danglot/.m2/repository/junit/junit/4.11/junit-4.11.jar:/home/spirals/danglot/.m2/repository/org/hamcrest/hamcrest-core/1.3/hamcrest-core-1.3.jar:/home/spirals/danglot/.m2/repository/org/mockito/mockito-core/1.10.8/mockito-core-1.10.8.jar:/home/spirals/danglot/.m2/repository/org/objenesis/objenesis/2.1/objenesis-2.1.jar:/home/spirals/danglot/.m2/repository/io/protostuff/protostuff-core/1.4.3-SNAPSHOT/protostuff-core-1.4.3-SNAPSHOT.jar:/home/spirals/danglot/.m2/repository/io/protostuff/protostuff-core/1.4.3-SNAPSHOT/protostuff-core-1.4.3-SNAPSHOT-tests.jar:/home/spirals/danglot/.m2/repository/io/protostuff/protostuff-api/1.4.3-SNAPSHOT/protostuff-api-1.4.3-SNAPSHOT.jar:/home/spirals/danglot/.m2/repository/io/protostuff/protostuff-collectionschema/1.4.3-SNAPSHOT/protostuff-collectionschema-1.4.3-SNAPSHOT.jar:/tmp/Ex2Amplifier-experiments/target/dspot/dependencies:/home/spirals/danglot/.m2/repository/eu/stamp-project/test-runner/1.0.8/test-runner-1.0.8-jar-with-dependencies.jar eu.stamp_project.testrunner.runner.test.TestRunner io.protostuff.runtime.DefaultIdStrategyTest privateConstructors
File saved to the following path: /tmp/Ex2Amplifier-experiments/dataset/may-2018/protostuff/182/protostuff-runtime/target/dspot/TestListener.ser
[122955] INFO EntryPoint - Test has been run: privateConstructors
[122955] INFO Amplification - 0 amplified test(s) has been selected, global: 0
[122956] INFO Amplification - amp privateConstructors (1/1)
[123018] INFO EntryPoint - Run: java -cp /tmp/Ex2Amplifier-experiments/dataset/may-2018/protostuff/182/protostuff-runtime/target/test-classes:/tmp/Ex2Amplifier-experiments/dataset/may-2018/protostuff/182/protostuff-runtime/target/classes:/home/spirals/danglot/.m2/repository/junit/junit/4.11/junit-4.11.jar:/home/spirals/danglot/.m2/repository/org/hamcrest/hamcrest-core/1.3/hamcrest-core-1.3.jar:/home/spirals/danglot/.m2/repository/org/mockito/mockito-core/1.10.8/mockito-core-1.10.8.jar:/home/spirals/danglot/.m2/repository/org/objenesis/objenesis/2.1/objenesis-2.1.jar:/home/spirals/danglot/.m2/repository/io/protostuff/protostuff-core/1.4.3-SNAPSHOT/protostuff-core-1.4.3-SNAPSHOT.jar:/home/spirals/danglot/.m2/repository/io/protostuff/protostuff-core/1.4.3-SNAPSHOT/protostuff-core-1.4.3-SNAPSHOT-tests.jar:/home/spirals/danglot/.m2/repository/io/protostuff/protostuff-api/1.4.3-SNAPSHOT/protostuff-api-1.4.3-SNAPSHOT.jar:/home/spirals/danglot/.m2/repository/io/protostuff/protostuff-collectionschema/1.4.3-SNAPSHOT/protostuff-collectionschema-1.4.3-SNAPSHOT.jar:/tmp/Ex2Amplifier-experiments/target/dspot/dependencies:/home/spirals/danglot/.m2/repository/eu/stamp-project/test-runner/1.0.8/test-runner-1.0.8-jar-with-dependencies.jar eu.stamp_project.testrunner.runner.test.TestRunner io.protostuff.runtime.DefaultIdStrategyTest privateConstructors
File saved to the following path: /tmp/Ex2Amplifier-experiments/dataset/may-2018/protostuff/182/protostuff-runtime/target/dspot/TestListener.ser
[123601] INFO EntryPoint - Test has been run: privateConstructors
[123601] INFO Amplification - iteration 0:
[123602] INFO Amplification - 1 tests selected to be amplified over 1 available tests
100% |================================================== ]/
[123605] INFO AssertGenerator - Run tests. (1)
[123656] INFO EntryPoint - Run: java -cp /tmp/Ex2Amplifier-experiments/dataset/may-2018/protostuff/182/protostuff-runtime/target/test-classes:/tmp/Ex2Amplifier-experiments/dataset/may-2018/protostuff/182/protostuff-runtime/target/classes:/home/spirals/danglot/.m2/repository/junit/junit/4.11/junit-4.11.jar:/home/spirals/danglot/.m2/repository/org/hamcrest/hamcrest-core/1.3/hamcrest-core-1.3.jar:/home/spirals/danglot/.m2/repository/org/mockito/mockito-core/1.10.8/mockito-core-1.10.8.jar:/home/spirals/danglot/.m2/repository/org/objenesis/objenesis/2.1/objenesis-2.1.jar:/home/spirals/danglot/.m2/repository/io/protostuff/protostuff-core/1.4.3-SNAPSHOT/protostuff-core-1.4.3-SNAPSHOT.jar:/home/spirals/danglot/.m2/repository/io/protostuff/protostuff-core/1.4.3-SNAPSHOT/protostuff-core-1.4.3-SNAPSHOT-tests.jar:/home/spirals/danglot/.m2/repository/io/protostuff/protostuff-api/1.4.3-SNAPSHOT/protostuff-api-1.4.3-SNAPSHOT.jar:/home/spirals/danglot/.m2/repository/io/protostuff/protostuff-collectionschema/1.4.3-SNAPSHOT/protostuff-collectionschema-1.4.3-SNAPSHOT.jar:/tmp/Ex2Amplifier-experiments/target/dspot/dependencies:/home/spirals/danglot/.m2/repository/eu/stamp-project/test-runner/1.0.8/test-runner-1.0.8-jar-with-dependencies.jar eu.stamp_project.testrunner.runner.test.TestRunner io.protostuff.runtime.DefaultIdStrategyTest privateConstructorslitBool1
File saved to the following path: /tmp/Ex2Amplifier-experiments/dataset/may-2018/protostuff/182/protostuff-runtime/target/dspot/TestListener.ser
[124078] INFO EntryPoint - Test has been run: privateConstructorslitBool1(io.protostuff.runtime.DefaultIdStrategyTest): null
[124078] INFO AssertGenerator - 1 test fail, generating try/catch/fail blocks...
[124079] INFO AssertGenerator - 1 new tests with assertions generated
[124130] INFO EntryPoint - Run: java -cp /tmp/Ex2Amplifier-experiments/dataset/may-2018/protostuff/182/protostuff-runtime/target/test-classes:/tmp/Ex2Amplifier-experiments/dataset/may-2018/protostuff/182/protostuff-runtime/target/classes:/home/spirals/danglot/.m2/repository/junit/junit/4.11/junit-4.11.jar:/home/spirals/danglot/.m2/repository/org/hamcrest/hamcrest-core/1.3/hamcrest-core-1.3.jar:/home/spirals/danglot/.m2/repository/org/mockito/mockito-core/1.10.8/mockito-core-1.10.8.jar:/home/spirals/danglot/.m2/repository/org/objenesis/objenesis/2.1/objenesis-2.1.jar:/home/spirals/danglot/.m2/repository/io/protostuff/protostuff-core/1.4.3-SNAPSHOT/protostuff-core-1.4.3-SNAPSHOT.jar:/home/spirals/danglot/.m2/repository/io/protostuff/protostuff-core/1.4.3-SNAPSHOT/protostuff-core-1.4.3-SNAPSHOT-tests.jar:/home/spirals/danglot/.m2/repository/io/protostuff/protostuff-api/1.4.3-SNAPSHOT/protostuff-api-1.4.3-SNAPSHOT.jar:/home/spirals/danglot/.m2/repository/io/protostuff/protostuff-collectionschema/1.4.3-SNAPSHOT/protostuff-collectionschema-1.4.3-SNAPSHOT.jar:/tmp/Ex2Amplifier-experiments/target/dspot/dependencies:/home/spirals/danglot/.m2/repository/eu/stamp-project/test-runner/1.0.8/test-runner-1.0.8-jar-with-dependencies.jar eu.stamp_project.testrunner.runner.test.TestRunner io.protostuff.runtime.DefaultIdStrategyTest privateConstructorslitBool1_failAssert0
File saved to the following path: /tmp/Ex2Amplifier-experiments/dataset/may-2018/protostuff/182/protostuff-runtime/target/dspot/TestListener.ser
[124550] INFO EntryPoint - Test has been run: privateConstructorslitBool1_failAssert0
[124550] INFO Amplification - 1 test method(s) has been successfully generated
[124580] DEBUG Launcher - building sources: [/tmp/Ex2Amplifier-experiments/target/dspot/tmp_test_sources/io/protostuff/runtime/DefaultIdStrategyTest.java]
[124580] DEBUG Launcher - build args: [-encoding, UTF-8, -cp, /home/spirals/danglot/.m2/repository/junit/junit/4.11/junit-4.11.jar:/home/spirals/danglot/.m2/repository/org/hamcrest/hamcrest-core/1.3/hamcrest-core-1.3.jar:/home/spirals/danglot/.m2/repository/org/mockito/mockito-core/1.10.8/mockito-core-1.10.8.jar:/home/spirals/danglot/.m2/repository/org/objenesis/objenesis/2.1/objenesis-2.1.jar:/home/spirals/danglot/.m2/repository/io/protostuff/protostuff-core/1.4.3-SNAPSHOT/protostuff-core-1.4.3-SNAPSHOT.jar:/home/spirals/danglot/.m2/repository/io/protostuff/protostuff-core/1.4.3-SNAPSHOT/protostuff-core-1.4.3-SNAPSHOT-tests.jar:/home/spirals/danglot/.m2/repository/io/protostuff/protostuff-api/1.4.3-SNAPSHOT/protostuff-api-1.4.3-SNAPSHOT.jar:/home/spirals/danglot/.m2/repository/io/protostuff/protostuff-collectionschema/1.4.3-SNAPSHOT/protostuff-collectionschema-1.4.3-SNAPSHOT.jar:target/dspot/dependencies/:dataset/may-2018/protostuff/182/protostuff-runtime//target/classes:dataset/may-2018/protostuff/182/protostuff-runtime//target/test-classes:, -1.8, -preserveAllLocals, -noExit, -enableJavadoc, /tmp/Ex2Amplifier-experiments/target/dspot/tmp_test_sources/io/protostuff/runtime/DefaultIdStrategyTest.java]
[124629] DEBUG Launcher - built in 49 ms
[124629] DEBUG Launcher - building templates: []
[124629] DEBUG Launcher - built in 0 ms
[124629] DEBUG Launcher - model built in 49
[124629] DEBUG Launcher - compiling sources: [/tmp/Ex2Amplifier-experiments/target/dspot/tmp_test_sources/io/protostuff/runtime/DefaultIdStrategyTest.java]
[124630] DEBUG Launcher - compile args: [-encoding, UTF-8, -cp, /home/spirals/danglot/.m2/repository/junit/junit/4.11/junit-4.11.jar:/home/spirals/danglot/.m2/repository/org/hamcrest/hamcrest-core/1.3/hamcrest-core-1.3.jar:/home/spirals/danglot/.m2/repository/org/mockito/mockito-core/1.10.8/mockito-core-1.10.8.jar:/home/spirals/danglot/.m2/repository/org/objenesis/objenesis/2.1/objenesis-2.1.jar:/home/spirals/danglot/.m2/repository/io/protostuff/protostuff-core/1.4.3-SNAPSHOT/protostuff-core-1.4.3-SNAPSHOT.jar:/home/spirals/danglot/.m2/repository/io/protostuff/protostuff-core/1.4.3-SNAPSHOT/protostuff-core-1.4.3-SNAPSHOT-tests.jar:/home/spirals/danglot/.m2/repository/io/protostuff/protostuff-api/1.4.3-SNAPSHOT/protostuff-api-1.4.3-SNAPSHOT.jar:/home/spirals/danglot/.m2/repository/io/protostuff/protostuff-collectionschema/1.4.3-SNAPSHOT/protostuff-collectionschema-1.4.3-SNAPSHOT.jar:target/dspot/dependencies/:dataset/may-2018/protostuff/182/protostuff-runtime//target/classes:dataset/may-2018/protostuff/182/protostuff-runtime//target/test-classes:, -d, /tmp/Ex2Amplifier-experiments/dataset/may-2018/protostuff/182_modified/protostuff-runtime/target/test-classes, -1.8, -proc:none, -preserveAllLocals, -noExit, -enableJavadoc, /tmp/Ex2Amplifier-experiments/target/dspot/tmp_test_sources/io/protostuff/runtime/DefaultIdStrategyTest.java]
[124680] DEBUG Launcher - compiled in 51 ms
[124680] INFO EntryPoint - Run: java -cp /home/spirals/danglot/.m2/repository/junit/junit/4.11/junit-4.11.jar:/home/spirals/danglot/.m2/repository/org/hamcrest/hamcrest-core/1.3/hamcrest-core-1.3.jar:/home/spirals/danglot/.m2/repository/org/mockito/mockito-core/1.10.8/mockito-core-1.10.8.jar:/home/spirals/danglot/.m2/repository/org/objenesis/objenesis/2.1/objenesis-2.1.jar:/home/spirals/danglot/.m2/repository/io/protostuff/protostuff-core/1.4.3-SNAPSHOT/protostuff-core-1.4.3-SNAPSHOT.jar:/home/spirals/danglot/.m2/repository/io/protostuff/protostuff-core/1.4.3-SNAPSHOT/protostuff-core-1.4.3-SNAPSHOT-tests.jar:/home/spirals/danglot/.m2/repository/io/protostuff/protostuff-api/1.4.3-SNAPSHOT/protostuff-api-1.4.3-SNAPSHOT.jar:/home/spirals/danglot/.m2/repository/io/protostuff/protostuff-collectionschema/1.4.3-SNAPSHOT/protostuff-collectionschema-1.4.3-SNAPSHOT.jar:target/dspot/dependencies/:/tmp/Ex2Amplifier-experiments/dataset/may-2018/protostuff/182_modified/protostuff-runtime/target/classes:/tmp/Ex2Amplifier-experiments/dataset/may-2018/protostuff/182_modified/protostuff-runtime/target/test-classes:/home/spirals/danglot/.m2/repository/eu/stamp-project/test-runner/1.0.8/test-runner-1.0.8-jar-with-dependencies.jar eu.stamp_project.testrunner.runner.test.TestRunner io.protostuff.runtime.DefaultIdStrategyTest privateConstructorslitBool1_failAssert0
File saved to the following path: /tmp/Ex2Amplifier-experiments/dataset/may-2018/protostuff/182/protostuff-runtime/target/dspot/TestListener.ser
[125070] INFO EntryPoint - Test has been run: privateConstructorslitBool1_failAssert0
[125070] INFO Amplification - iteration 1:
[125070] INFO Amplification - 1 tests selected to be amplified over 1 available tests
100% |================================================== ]/
[125073] INFO AssertGenerator - Run tests. (1)
[125073] DEBUG Launcher - printing io.protostuff.runtime.DefaultIdStrategyTest to /tmp/Ex2Amplifier-experiments/target/dspot/tmp_test_sources
[125122] INFO EntryPoint - Run: java -cp /tmp/Ex2Amplifier-experiments/dataset/may-2018/protostuff/182/protostuff-runtime/target/test-classes:/tmp/Ex2Amplifier-experiments/dataset/may-2018/protostuff/182/protostuff-runtime/target/classes:/home/spirals/danglot/.m2/repository/junit/junit/4.11/junit-4.11.jar:/home/spirals/danglot/.m2/repository/org/hamcrest/hamcrest-core/1.3/hamcrest-core-1.3.jar:/home/spirals/danglot/.m2/repository/org/mockito/mockito-core/1.10.8/mockito-core-1.10.8.jar:/home/spirals/danglot/.m2/repository/org/objenesis/objenesis/2.1/objenesis-2.1.jar:/home/spirals/danglot/.m2/repository/io/protostuff/protostuff-core/1.4.3-SNAPSHOT/protostuff-core-1.4.3-SNAPSHOT.jar:/home/spirals/danglot/.m2/repository/io/protostuff/protostuff-core/1.4.3-SNAPSHOT/protostuff-core-1.4.3-SNAPSHOT-tests.jar:/home/spirals/danglot/.m2/repository/io/protostuff/protostuff-api/1.4.3-SNAPSHOT/protostuff-api-1.4.3-SNAPSHOT.jar:/home/spirals/danglot/.m2/repository/io/protostuff/protostuff-collectionschema/1.4.3-SNAPSHOT/protostuff-collectionschema-1.4.3-SNAPSHOT.jar:/tmp/Ex2Amplifier-experiments/target/dspot/dependencies:/home/spirals/danglot/.m2/repository/eu/stamp-project/test-runner/1.0.8/test-runner-1.0.8-jar-with-dependencies.jar eu.stamp_project.testrunner.runner.test.TestRunner io.protostuff.runtime.DefaultIdStrategyTest privateConstructorslitBool1_failAssert0litBool4
File saved to the following path: /tmp/Ex2Amplifier-experiments/dataset/may-2018/protostuff/182/protostuff-runtime/target/dspot/TestListener.ser
[125720] INFO EntryPoint - Test has been run: privateConstructorslitBool1_failAssert0litBool4(io.protostuff.runtime.DefaultIdStrategyTest): privateConstructorslitBool1 should have thrown NullPointerException
[125720] INFO AssertGenerator - 1 test fail, generating try/catch/fail blocks...
[125721] INFO AssertGenerator - Could not generate any test with assertions
[125721] INFO Amplification - iteration 2:
[125721] INFO Amplification - 1 tests selected to be amplified over 1 available tests
100% |================================================== ]/
[125724] INFO AssertGenerator - Run tests. (1)
[125725] DEBUG Launcher - printing io.protostuff.runtime.DefaultIdStrategyTest to /tmp/Ex2Amplifier-experiments/target/dspot/tmp_test_sources
[125785] INFO EntryPoint - Run: java -cp /tmp/Ex2Amplifier-experiments/dataset/may-2018/protostuff/182/protostuff-runtime/target/test-classes:/tmp/Ex2Amplifier-experiments/dataset/may-2018/protostuff/182/protostuff-runtime/target/classes:/home/spirals/danglot/.m2/repository/junit/junit/4.11/junit-4.11.jar:/home/spirals/danglot/.m2/repository/org/hamcrest/hamcrest-core/1.3/hamcrest-core-1.3.jar:/home/spirals/danglot/.m2/repository/org/mockito/mockito-core/1.10.8/mockito-core-1.10.8.jar:/home/spirals/danglot/.m2/repository/org/objenesis/objenesis/2.1/objenesis-2.1.jar:/home/spirals/danglot/.m2/repository/io/protostuff/protostuff-core/1.4.3-SNAPSHOT/protostuff-core-1.4.3-SNAPSHOT.jar:/home/spirals/danglot/.m2/repository/io/protostuff/protostuff-core/1.4.3-SNAPSHOT/protostuff-core-1.4.3-SNAPSHOT-tests.jar:/home/spirals/danglot/.m2/repository/io/protostuff/protostuff-api/1.4.3-SNAPSHOT/protostuff-api-1.4.3-SNAPSHOT.jar:/home/spirals/danglot/.m2/repository/io/protostuff/protostuff-collectionschema/1.4.3-SNAPSHOT/protostuff-collectionschema-1.4.3-SNAPSHOT.jar:/tmp/Ex2Amplifier-experiments/target/dspot/dependencies:/home/spirals/danglot/.m2/repository/eu/stamp-project/test-runner/1.0.8/test-runner-1.0.8-jar-with-dependencies.jar eu.stamp_project.testrunner.runner.test.TestRunner io.protostuff.runtime.DefaultIdStrategyTest privateConstructorslitBool1_failAssert0litBool4litBool7
File saved to the following path: /tmp/Ex2Amplifier-experiments/dataset/may-2018/protostuff/182/protostuff-runtime/target/dspot/TestListener.ser
[126238] INFO EntryPoint - Test has been run: privateConstructorslitBool1_failAssert0litBool4litBool7
[126238] INFO AssertGenerator - 1 test pass, generating assertion...
[126239] INFO MethodsAssertGenerator - Add observations points in passing tests.
[126239] INFO MethodsAssertGenerator - Instrumentation...
100% |================================================== ]/
[126241] INFO MethodsAssertGenerator - Run instrumented tests. (3)
[126243] DEBUG Launcher - printing io.protostuff.runtime.DefaultIdStrategyTest to /tmp/Ex2Amplifier-experiments/target/dspot/tmp_test_sources
[126299] INFO EntryPoint - Run: java -cp /tmp/Ex2Amplifier-experiments/dataset/may-2018/protostuff/182/protostuff-runtime/target/test-classes:/tmp/Ex2Amplifier-experiments/dataset/may-2018/protostuff/182/protostuff-runtime/target/classes:/home/spirals/danglot/.m2/repository/junit/junit/4.11/junit-4.11.jar:/home/spirals/danglot/.m2/repository/org/hamcrest/hamcrest-core/1.3/hamcrest-core-1.3.jar:/home/spirals/danglot/.m2/repository/org/mockito/mockito-core/1.10.8/mockito-core-1.10.8.jar:/home/spirals/danglot/.m2/repository/org/objenesis/objenesis/2.1/objenesis-2.1.jar:/home/spirals/danglot/.m2/repository/io/protostuff/protostuff-core/1.4.3-SNAPSHOT/protostuff-core-1.4.3-SNAPSHOT.jar:/home/spirals/danglot/.m2/repository/io/protostuff/protostuff-core/1.4.3-SNAPSHOT/protostuff-core-1.4.3-SNAPSHOT-tests.jar:/home/spirals/danglot/.m2/repository/io/protostuff/protostuff-api/1.4.3-SNAPSHOT/protostuff-api-1.4.3-SNAPSHOT.jar:/home/spirals/danglot/.m2/repository/io/protostuff/protostuff-collectionschema/1.4.3-SNAPSHOT/protostuff-collectionschema-1.4.3-SNAPSHOT.jar:/tmp/Ex2Amplifier-experiments/target/dspot/dependencies:/home/spirals/danglot/.m2/repository/eu/stamp-project/test-runner/1.0.8/test-runner-1.0.8-jar-with-dependencies.jar eu.stamp_project.testrunner.runner.test.TestRunner io.protostuff.runtime.DefaultIdStrategyTest privateConstructorslitBool1_failAssert0litBool4litBool7_withlog0:privateConstructorslitBool1_failAssert0litBool4litBool7_withlog1:privateConstructorslitBool1_failAssert0litBool4litBool7_withlog2
File saved to the following path: /tmp/Ex2Amplifier-experiments/dataset/may-2018/protostuff/182/protostuff-runtime/target/dspot/observations.ser
File saved to the following path: /tmp/Ex2Amplifier-experiments/dataset/may-2018/protostuff/182/protostuff-runtime/target/dspot/TestListener.ser
[126743] INFO EntryPoint - Test has been run: privateConstructorslitBool1_failAssert0litBool4litBool7_withlog0(io.protostuff.runtime.DefaultIdStrategyTest): null,privateConstructorslitBool1_failAssert0litBool4litBool7_withlog1(io.protostuff.runtime.DefaultIdStrategyTest): null,privateConstructorslitBool1_failAssert0litBool4litBool7_withlog2(io.protostuff.runtime.DefaultIdStrategyTest): null
[126744] INFO MethodsAssertGenerator - Generating assertions...
[126745] INFO AssertGenerator - Could not generate any test with assertions
[126745] INFO Amplification - 0 amplified test(s) has been selected, global: 0
[126745] INFO DSpot - elapsedTime 4453
======= REPORT =======
0 amplified test fails on the new versions.

[126747] INFO DSpot - Print AmplDefaultIdStrategyTest with 0?amplified test cases in results/may-2018/protostuff/182/I_ampl
