SLF4J: Class path contains multiple SLF4J bindings.
SLF4J: Found binding in [jar:file:/home/bdanglot/.m2/repository/eu/stamp-project/test-runner/1.0.5/test-runner-1.0.5-jar-with-dependencies.jar!/org/slf4j/impl/StaticLoggerBinder.class]
SLF4J: Found binding in [jar:file:/home/bdanglot/.m2/repository/org/slf4j/slf4j-log4j12/1.7.25/slf4j-log4j12-1.7.25.jar!/org/slf4j/impl/StaticLoggerBinder.class]
SLF4J: See http://www.slf4j.org/codes.html#multiple_bindings for an explanation.
SLF4J: Actual binding is of type [org.slf4j.impl.Log4jLoggerFactory]
[0] WARN AutomaticBuilderFactory - No automatic builder specified in configuration, going to default.
[0] INFO AutomaticBuilderFactory - Default: provided Maven automatic builder.
[13] INFO MavenAutomaticBuilder - run maven clean test -DskipTests dependency:build-classpath -Dmdep.outputFile=target/dspot/classpath
[WARN] Maven will be executed in interactive mode, but no input stream has been configured for this MavenInvoker instance.
[[1;34mINFO[m] Scanning for projects...
[[1;34mINFO[m] 
[[1;34mINFO[m] [1m------------------------------------------------------------------------[m
[[1;34mINFO[m] [1mBuilding JavaPoet 1.8.0-SNAPSHOT[m
[[1;34mINFO[m] [1m------------------------------------------------------------------------[m
[[1;34mINFO[m] 
[[1;34mINFO[m] [1m--- [0;32mmaven-clean-plugin:2.5:clean[m [1m(default-clean)[m @ [36mjavapoet[0;1m ---[m
[[1;34mINFO[m] Deleting /home/bdanglot/workspace/Ex2amplifier-experiments/dataset/may-2018/javapoet/526/target
[[1;34mINFO[m] 
[[1;34mINFO[m] [1m--- [0;32mmaven-enforcer-plugin:1.0:enforce[m [1m(enforce-maven)[m @ [36mjavapoet[0;1m ---[m
[[1;34mINFO[m] Skipping Rule Enforcement.
[[1;34mINFO[m] 
[[1;34mINFO[m] [1m--- [0;32mmaven-resources-plugin:2.6:resources[m [1m(default-resources)[m @ [36mjavapoet[0;1m ---[m
[[1;34mINFO[m] Using 'UTF-8' encoding to copy filtered resources.
[[1;34mINFO[m] skip non existing resourceDirectory /home/bdanglot/workspace/Ex2amplifier-experiments/dataset/may-2018/javapoet/526/src/main/resources
[[1;34mINFO[m] 
[[1;34mINFO[m] [1m--- [0;32mmaven-compiler-plugin:3.0:compile[m [1m(default-compile)[m @ [36mjavapoet[0;1m ---[m
[[1;34mINFO[m] Changes detected - recompiling the module!
[[1;34mINFO[m] Compiling 16 source files to /home/bdanglot/workspace/Ex2amplifier-experiments/dataset/may-2018/javapoet/526/target/classes
[[1;34mINFO[m] 
[[1;34mINFO[m] [1m--- [0;32mmaven-resources-plugin:2.6:testResources[m [1m(default-testResources)[m @ [36mjavapoet[0;1m ---[m
[[1;34mINFO[m] Using 'UTF-8' encoding to copy filtered resources.
[[1;34mINFO[m] skip non existing resourceDirectory /home/bdanglot/workspace/Ex2amplifier-experiments/dataset/may-2018/javapoet/526/src/test/resources
[[1;34mINFO[m] 
[[1;34mINFO[m] [1m--- [0;32mmaven-compiler-plugin:3.0:testCompile[m [1m(default-testCompile)[m @ [36mjavapoet[0;1m ---[m
[[1;34mINFO[m] Changes detected - recompiling the module!
[[1;34mINFO[m] Compiling 18 source files to /home/bdanglot/workspace/Ex2amplifier-experiments/dataset/may-2018/javapoet/526/target/test-classes
[[1;34mINFO[m] 
[[1;34mINFO[m] [1m--- [0;32mmaven-surefire-plugin:2.12.4:test[m [1m(default-test)[m @ [36mjavapoet[0;1m ---[m
[[1;34mINFO[m] Tests are skipped.
[[1;34mINFO[m] 
[[1;34mINFO[m] [1m--- [0;32mmaven-dependency-plugin:2.8:build-classpath[m [1m(default-cli)[m @ [36mjavapoet[0;1m ---[m
[[1;34mINFO[m] Wrote classpath file '/home/bdanglot/workspace/Ex2amplifier-experiments/dataset/may-2018/javapoet/526/target/dspot/classpath'.
[[1;34mINFO[m] [1m------------------------------------------------------------------------[m
[[1;34mINFO[m] [1;32mBUILD SUCCESS[m
[[1;34mINFO[m] [1m------------------------------------------------------------------------[m
[[1;34mINFO[m] Total time: 5.659 s
[[1;34mINFO[m] Finished at: 2018-05-16T14:47:06+02:00
[[1;34mINFO[m] Final Memory: 24M/244M
[[1;34mINFO[m] [1m------------------------------------------------------------------------[m
[10007] ERROR JDTCommentBuilder - // @Target(ElementType.TYPE_USE) requires Java 1.8 is not added into the AST
spoon.reflect.declaration.ParentNotInitializedException: parent not initialized for class spoon.support.reflect.code.CtCommentImpl (/home/bdanglot/workspace/Ex2amplifier-experiments/dataset/may-2018/javapoet/526/src/test/java/com/squareup/javapoet/AnnotatedTypeNameTest.java:118)
	at spoon.support.reflect.declaration.CtElementImpl.getParent(CtElementImpl.java:340)
	at spoon.support.compiler.jdt.JDTCommentBuilder.insertCommentInAST(JDTCommentBuilder.java:474)
	at spoon.support.compiler.jdt.JDTCommentBuilder.buildComment(JDTCommentBuilder.java:152)
	at spoon.support.compiler.jdt.JDTCommentBuilder.build(JDTCommentBuilder.java:108)
	at spoon.support.compiler.jdt.JDTBasedSpoonCompiler.buildModel(JDTBasedSpoonCompiler.java:417)
	at spoon.support.compiler.jdt.JDTBasedSpoonCompiler.buildUnitsAndModel(JDTBasedSpoonCompiler.java:362)
	at spoon.support.compiler.jdt.JDTBasedSpoonCompiler.buildSources(JDTBasedSpoonCompiler.java:335)
	at spoon.support.compiler.jdt.JDTBasedSpoonCompiler.build(JDTBasedSpoonCompiler.java:116)
	at spoon.support.compiler.jdt.JDTBasedSpoonCompiler.build(JDTBasedSpoonCompiler.java:99)
	at spoon.Launcher.buildModel(Launcher.java:724)
	at fr.inria.diversify.utils.compilation.DSpotCompiler.getSpoonModelOf(DSpotCompiler.java:106)
	at fr.inria.diversify.utils.compilation.DSpotCompiler.createDSpotCompiler(DSpotCompiler.java:31)
	at fr.inria.diversify.dspot.DSpot.<init>(DSpot.java:103)
	at eu.stamp_project.Main.lambda$run$2(Main.java:134)
	at java.util.stream.ForEachOps$ForEachOp$OfRef.accept(ForEachOps.java:184)
	at java.util.stream.ReferencePipeline$2$1.accept(ReferencePipeline.java:175)
	at java.util.ArrayList$ArrayListSpliterator.forEachRemaining(ArrayList.java:1374)
	at java.util.stream.AbstractPipeline.copyInto(AbstractPipeline.java:481)
	at java.util.stream.AbstractPipeline.wrapAndCopyInto(AbstractPipeline.java:471)
	at java.util.stream.ForEachOps$ForEachOp.evaluateSequential(ForEachOps.java:151)
	at java.util.stream.ForEachOps$ForEachOp$OfRef.evaluateSequential(ForEachOps.java:174)
	at java.util.stream.AbstractPipeline.evaluate(AbstractPipeline.java:234)
	at java.util.stream.ReferencePipeline.forEach(ReferencePipeline.java:418)
	at eu.stamp_project.Main.run(Main.java:117)
	at eu.stamp_project.Main.main(Main.java:88)
[10942] WARN AutomaticBuilderFactory - No automatic builder specified in configuration, going to default.
[10942] INFO AutomaticBuilderFactory - Default: provided Maven automatic builder.
[10943] INFO MavenAutomaticBuilder - run maven clean test -DskipTests dependency:build-classpath -Dmdep.outputFile=target/dspot/classpath
[WARN] Maven will be executed in interactive mode, but no input stream has been configured for this MavenInvoker instance.
[[1;34mINFO[m] Scanning for projects...
[[1;34mINFO[m] 
[[1;34mINFO[m] [1m------------------------------------------------------------------------[m
[[1;34mINFO[m] [1mBuilding JavaPoet 1.8.0-SNAPSHOT[m
[[1;34mINFO[m] [1m------------------------------------------------------------------------[m
[[1;34mINFO[m] 
[[1;34mINFO[m] [1m--- [0;32mmaven-clean-plugin:2.5:clean[m [1m(default-clean)[m @ [36mjavapoet[0;1m ---[m
[[1;34mINFO[m] Deleting /home/bdanglot/workspace/Ex2amplifier-experiments/dataset/may-2018/javapoet/526_modified/target
[[1;34mINFO[m] 
[[1;34mINFO[m] [1m--- [0;32mmaven-enforcer-plugin:1.0:enforce[m [1m(enforce-maven)[m @ [36mjavapoet[0;1m ---[m
[[1;34mINFO[m] Skipping Rule Enforcement.
[[1;34mINFO[m] 
[[1;34mINFO[m] [1m--- [0;32mmaven-resources-plugin:2.6:resources[m [1m(default-resources)[m @ [36mjavapoet[0;1m ---[m
[[1;34mINFO[m] Using 'UTF-8' encoding to copy filtered resources.
[[1;34mINFO[m] skip non existing resourceDirectory /home/bdanglot/workspace/Ex2amplifier-experiments/dataset/may-2018/javapoet/526_modified/src/main/resources
[[1;34mINFO[m] 
[[1;34mINFO[m] [1m--- [0;32mmaven-compiler-plugin:3.0:compile[m [1m(default-compile)[m @ [36mjavapoet[0;1m ---[m
[[1;34mINFO[m] Changes detected - recompiling the module!
[[1;34mINFO[m] Compiling 16 source files to /home/bdanglot/workspace/Ex2amplifier-experiments/dataset/may-2018/javapoet/526_modified/target/classes
[[1;34mINFO[m] 
[[1;34mINFO[m] [1m--- [0;32mmaven-resources-plugin:2.6:testResources[m [1m(default-testResources)[m @ [36mjavapoet[0;1m ---[m
[[1;34mINFO[m] Using 'UTF-8' encoding to copy filtered resources.
[[1;34mINFO[m] skip non existing resourceDirectory /home/bdanglot/workspace/Ex2amplifier-experiments/dataset/may-2018/javapoet/526_modified/src/test/resources
[[1;34mINFO[m] 
[[1;34mINFO[m] [1m--- [0;32mmaven-compiler-plugin:3.0:testCompile[m [1m(default-testCompile)[m @ [36mjavapoet[0;1m ---[m
[[1;34mINFO[m] Changes detected - recompiling the module!
[[1;34mINFO[m] Compiling 18 source files to /home/bdanglot/workspace/Ex2amplifier-experiments/dataset/may-2018/javapoet/526_modified/target/test-classes
[[1;34mINFO[m] 
[[1;34mINFO[m] [1m--- [0;32mmaven-surefire-plugin:2.12.4:test[m [1m(default-test)[m @ [36mjavapoet[0;1m ---[m
[[1;34mINFO[m] Tests are skipped.
[[1;34mINFO[m] 
[[1;34mINFO[m] [1m--- [0;32mmaven-dependency-plugin:2.8:build-classpath[m [1m(default-cli)[m @ [36mjavapoet[0;1m ---[m
[[1;34mINFO[m] Wrote classpath file '/home/bdanglot/workspace/Ex2amplifier-experiments/dataset/may-2018/javapoet/526_modified/target/dspot/classpath'.
[[1;34mINFO[m] [1m------------------------------------------------------------------------[m
[[1;34mINFO[m] [1;32mBUILD SUCCESS[m
[[1;34mINFO[m] [1m------------------------------------------------------------------------[m
[[1;34mINFO[m] Total time: 4.876 s
[[1;34mINFO[m] Finished at: 2018-05-16T14:47:16+02:00
[[1;34mINFO[m] Final Memory: 24M/258M
[[1;34mINFO[m] [1m------------------------------------------------------------------------[m
[17964] INFO SelectorOnDiff - Selecting according to a diff between dataset/may-2018/javapoet/526/ and dataset/may-2018/javapoet/526_modified/ (4eda8d4a3639f7645e7125a45d183db4d22a50c4)
[17969] INFO SelectorOnDiff - Modified files:
a/src/test/java/com/squareup/javapoet/ClassNameTest.java
a/src/main/java/com/squareup/javapoet/ClassName.java
[19906] INFO SelectorOnDiff - Select 1 modified test methods
[22915] INFO SelectorOnDiff - Select 1 test methods that execute directly modified methods
[22929] INFO Amplification - amplification of com.squareup.javapoet.MethodSpecTest (1 test(s))
[24279] INFO Amplification - Try to add assertions before amplification
[24316] INFO AssertGenerator - Run tests. (1)
[25574] INFO AssertGenerator - 1 test pass, generating assertion...
[25580] INFO MethodsAssertGenerator - Add observations points in passing tests.
[25580] INFO MethodsAssertGenerator - Instrumentation...

100% |================================================== ]/
[25620] INFO MethodsAssertGenerator - Run instrumented tests. (3)
[28721] INFO MethodsAssertGenerator - Generating assertions...
[28765] INFO AssertGenerator - 1 new tests with assertions generated
[30644] DEBUG Launcher - building sources: [/home/bdanglot/workspace/Ex2amplifier-experiments/target/dspot/tmp_test_sources/com/squareup/javapoet/MethodSpecTest.java, /home/bdanglot/workspace/Ex2amplifier-experiments/target/dspot/tmp_test_sources/com/squareup/javapoet/TypeNameTest.java]
[30645] DEBUG Launcher - build args: [-encoding, UTF-8, -cp, /home/bdanglot/.m2/repository/com/google/truth/truth/0.28/truth-0.28.jar:/home/bdanglot/.m2/repository/com/google/guava/guava/18.0/guava-18.0.jar:/home/bdanglot/.m2/repository/com/google/testing/compile/compile-testing/0.9/compile-testing-0.9.jar:/usr/lib/jvm/java-8-openjdk-amd64/jre/../lib/tools.jar:/home/bdanglot/.m2/repository/junit/junit/4.12/junit-4.12.jar:/home/bdanglot/.m2/repository/org/hamcrest/hamcrest-core/1.3/hamcrest-core-1.3.jar:/home/bdanglot/.m2/repository/com/google/jimfs/jimfs/1.0/jimfs-1.0.jar:/home/bdanglot/.m2/repository/org/mockito/mockito-core/1.10.16/mockito-core-1.10.16.jar:/home/bdanglot/.m2/repository/org/objenesis/objenesis/2.1/objenesis-2.1.jar:/home/bdanglot/.m2/repository/org/eclipse/jdt/core/compiler/ecj/4.4.2/ecj-4.4.2.jar:target/dspot/dependencies/:dataset/may-2018/javapoet/526//target/classes:dataset/may-2018/javapoet/526//target/test-classes:, -1.8, -preserveAllLocals, -noExit, -enableJavadoc, /home/bdanglot/workspace/Ex2amplifier-experiments/target/dspot/tmp_test_sources/com/squareup/javapoet/MethodSpecTest.java, /home/bdanglot/workspace/Ex2amplifier-experiments/target/dspot/tmp_test_sources/com/squareup/javapoet/TypeNameTest.java]
[30816] DEBUG Launcher - built in 171 ms
[30817] DEBUG Launcher - building templates: []
[30817] DEBUG Launcher - built in 0 ms
[30821] DEBUG Launcher - model built in 177
[30822] DEBUG Launcher - compiling sources: [/home/bdanglot/workspace/Ex2amplifier-experiments/target/dspot/tmp_test_sources/com/squareup/javapoet/MethodSpecTest.java, /home/bdanglot/workspace/Ex2amplifier-experiments/target/dspot/tmp_test_sources/com/squareup/javapoet/TypeNameTest.java]
[30828] DEBUG Launcher - compile args: [-encoding, UTF-8, -cp, /home/bdanglot/.m2/repository/com/google/truth/truth/0.28/truth-0.28.jar:/home/bdanglot/.m2/repository/com/google/guava/guava/18.0/guava-18.0.jar:/home/bdanglot/.m2/repository/com/google/testing/compile/compile-testing/0.9/compile-testing-0.9.jar:/usr/lib/jvm/java-8-openjdk-amd64/jre/../lib/tools.jar:/home/bdanglot/.m2/repository/junit/junit/4.12/junit-4.12.jar:/home/bdanglot/.m2/repository/org/hamcrest/hamcrest-core/1.3/hamcrest-core-1.3.jar:/home/bdanglot/.m2/repository/com/google/jimfs/jimfs/1.0/jimfs-1.0.jar:/home/bdanglot/.m2/repository/org/mockito/mockito-core/1.10.16/mockito-core-1.10.16.jar:/home/bdanglot/.m2/repository/org/objenesis/objenesis/2.1/objenesis-2.1.jar:/home/bdanglot/.m2/repository/org/eclipse/jdt/core/compiler/ecj/4.4.2/ecj-4.4.2.jar:target/dspot/dependencies/:dataset/may-2018/javapoet/526//target/classes:dataset/may-2018/javapoet/526//target/test-classes:, -d, /home/bdanglot/workspace/Ex2amplifier-experiments/dataset/may-2018/javapoet/526_modified/target/test-classes, -1.8, -proc:none, -preserveAllLocals, -noExit, -enableJavadoc, /home/bdanglot/workspace/Ex2amplifier-experiments/target/dspot/tmp_test_sources/com/squareup/javapoet/MethodSpecTest.java, /home/bdanglot/workspace/Ex2amplifier-experiments/target/dspot/tmp_test_sources/com/squareup/javapoet/TypeNameTest.java]
[31451] DEBUG Launcher - compiled in 629 ms
[32359] INFO Amplification - 0 amplified test(s) has been selected, global: 0
[32360] INFO Amplification - amp duplicateExceptionsIgnored (1/1)
[32371] DEBUG Launcher - printing com.squareup.javapoet.MethodSpecTest to /home/bdanglot/workspace/Ex2amplifier-experiments/target/dspot/tmp_test_sources
[33390] INFO Amplification - iteration 0:
[33390] INFO Amplification - 1 tests selected to be amplified over 1 available tests
[33390] INFO Amplification - Amplification of inputs...

100% |================================================== ]/
[33405] INFO Amplification - 0 new tests generated
[33405] INFO Amplification - 0 amplified test(s) has been selected, global: 0
[33405] INFO DSpot - elapsedTime 10478
======= REPORT =======
0 amplified test fails on the new versions.

[34038] INFO DSpot - Print AmplMethodSpecTest with 0 amplified test cases in results/may-2018/javapoet/526/JBSE
[34188] INFO Amplification - amplification of com.squareup.javapoet.CodeBlockTest (1 test(s))
[34663] INFO Amplification - Try to add assertions before amplification
[34688] INFO AssertGenerator - Run tests. (1)
[35160] INFO AssertGenerator - 1 test pass, generating assertion...
[35162] INFO MethodsAssertGenerator - Add observations points in passing tests.
[35162] INFO MethodsAssertGenerator - Instrumentation...

100% |================================================== ]/
[35163] INFO MethodsAssertGenerator - Run instrumented tests. (3)
[35686] INFO MethodsAssertGenerator - Generating assertions...
[35687] INFO AssertGenerator - 1 new tests with assertions generated
[36401] DEBUG Launcher - building sources: [/home/bdanglot/workspace/Ex2amplifier-experiments/target/dspot/tmp_test_sources/com/squareup/javapoet/CodeBlockTest.java]
[36401] DEBUG Launcher - build args: [-encoding, UTF-8, -cp, /home/bdanglot/.m2/repository/com/google/truth/truth/0.28/truth-0.28.jar:/home/bdanglot/.m2/repository/com/google/guava/guava/18.0/guava-18.0.jar:/home/bdanglot/.m2/repository/com/google/testing/compile/compile-testing/0.9/compile-testing-0.9.jar:/usr/lib/jvm/java-8-openjdk-amd64/jre/../lib/tools.jar:/home/bdanglot/.m2/repository/junit/junit/4.12/junit-4.12.jar:/home/bdanglot/.m2/repository/org/hamcrest/hamcrest-core/1.3/hamcrest-core-1.3.jar:/home/bdanglot/.m2/repository/com/google/jimfs/jimfs/1.0/jimfs-1.0.jar:/home/bdanglot/.m2/repository/org/mockito/mockito-core/1.10.16/mockito-core-1.10.16.jar:/home/bdanglot/.m2/repository/org/objenesis/objenesis/2.1/objenesis-2.1.jar:/home/bdanglot/.m2/repository/org/eclipse/jdt/core/compiler/ecj/4.4.2/ecj-4.4.2.jar:target/dspot/dependencies/:dataset/may-2018/javapoet/526//target/classes:dataset/may-2018/javapoet/526//target/test-classes:, -1.8, -preserveAllLocals, -noExit, -enableJavadoc, /home/bdanglot/workspace/Ex2amplifier-experiments/target/dspot/tmp_test_sources/com/squareup/javapoet/CodeBlockTest.java]
[36430] DEBUG Launcher - built in 29 ms
[36430] DEBUG Launcher - building templates: []
[36430] DEBUG Launcher - built in 0 ms
[36430] DEBUG Launcher - model built in 29
[36430] DEBUG Launcher - compiling sources: [/home/bdanglot/workspace/Ex2amplifier-experiments/target/dspot/tmp_test_sources/com/squareup/javapoet/CodeBlockTest.java]
[36430] DEBUG Launcher - compile args: [-encoding, UTF-8, -cp, /home/bdanglot/.m2/repository/com/google/truth/truth/0.28/truth-0.28.jar:/home/bdanglot/.m2/repository/com/google/guava/guava/18.0/guava-18.0.jar:/home/bdanglot/.m2/repository/com/google/testing/compile/compile-testing/0.9/compile-testing-0.9.jar:/usr/lib/jvm/java-8-openjdk-amd64/jre/../lib/tools.jar:/home/bdanglot/.m2/repository/junit/junit/4.12/junit-4.12.jar:/home/bdanglot/.m2/repository/org/hamcrest/hamcrest-core/1.3/hamcrest-core-1.3.jar:/home/bdanglot/.m2/repository/com/google/jimfs/jimfs/1.0/jimfs-1.0.jar:/home/bdanglot/.m2/repository/org/mockito/mockito-core/1.10.16/mockito-core-1.10.16.jar:/home/bdanglot/.m2/repository/org/objenesis/objenesis/2.1/objenesis-2.1.jar:/home/bdanglot/.m2/repository/org/eclipse/jdt/core/compiler/ecj/4.4.2/ecj-4.4.2.jar:target/dspot/dependencies/:dataset/may-2018/javapoet/526//target/classes:dataset/may-2018/javapoet/526//target/test-classes:, -d, /home/bdanglot/workspace/Ex2amplifier-experiments/dataset/may-2018/javapoet/526_modified/target/test-classes, -1.8, -proc:none, -preserveAllLocals, -noExit, -enableJavadoc, /home/bdanglot/workspace/Ex2amplifier-experiments/target/dspot/tmp_test_sources/com/squareup/javapoet/CodeBlockTest.java]
[36470] DEBUG Launcher - compiled in 40 ms
[36734] INFO Amplification - 0 amplified test(s) has been selected, global: 0
[36734] INFO Amplification - amp sameIndexCanBeUsedWithDifferentFormats (1/1)
[36739] DEBUG Launcher - printing com.squareup.javapoet.CodeBlockTest to /home/bdanglot/workspace/Ex2amplifier-experiments/target/dspot/tmp_test_sources
[37107] INFO Amplification - iteration 0:
[37107] INFO Amplification - 1 tests selected to be amplified over 1 available tests
[37107] INFO Amplification - Amplification of inputs...

100% |================================================== ]/
[37137] INFO Amplification - 0 new tests generated
[37137] INFO Amplification - 0 amplified test(s) has been selected, global: 0
[37137] INFO DSpot - elapsedTime 2978
======= REPORT =======
0 amplified test fails on the new versions.

[37489] INFO DSpot - Print AmplCodeBlockTest with 0 amplified test cases in results/may-2018/javapoet/526/JBSE
[37792] INFO Amplification - amplification of com.squareup.javapoet.TypeSpecTest (9 test(s))
[39292] INFO Amplification - Try to add assertions before amplification
[39475] INFO AssertGenerator - Run tests. (9)
[40838] INFO AssertGenerator - 9 test pass, generating assertion...
[40858] INFO MethodsAssertGenerator - Add observations points in passing tests.
[40858] INFO MethodsAssertGenerator - Instrumentation...

 11% |===== ]/
 22% |=========== ]-
 33% |================ ]\
 44% |====================== ]|
 55% |=========================== ]/
 66% |================================= ]-
 77% |====================================== ]\
 88% |============================================ ]|
100% |================================================== ]/
[40911] INFO MethodsAssertGenerator - Run instrumented tests. (27)
[47539] INFO MethodsAssertGenerator - Generating assertions...
[47684] INFO AssertGenerator - 7 new tests with assertions generated
[52347] DEBUG Launcher - building sources: [/home/bdanglot/workspace/Ex2amplifier-experiments/target/dspot/tmp_test_sources/com/squareup/javapoet/TypeSpecTest.java]
[52349] DEBUG Launcher - build args: [-encoding, UTF-8, -cp, /home/bdanglot/.m2/repository/com/google/truth/truth/0.28/truth-0.28.jar:/home/bdanglot/.m2/repository/com/google/guava/guava/18.0/guava-18.0.jar:/home/bdanglot/.m2/repository/com/google/testing/compile/compile-testing/0.9/compile-testing-0.9.jar:/usr/lib/jvm/java-8-openjdk-amd64/jre/../lib/tools.jar:/home/bdanglot/.m2/repository/junit/junit/4.12/junit-4.12.jar:/home/bdanglot/.m2/repository/org/hamcrest/hamcrest-core/1.3/hamcrest-core-1.3.jar:/home/bdanglot/.m2/repository/com/google/jimfs/jimfs/1.0/jimfs-1.0.jar:/home/bdanglot/.m2/repository/org/mockito/mockito-core/1.10.16/mockito-core-1.10.16.jar:/home/bdanglot/.m2/repository/org/objenesis/objenesis/2.1/objenesis-2.1.jar:/home/bdanglot/.m2/repository/org/eclipse/jdt/core/compiler/ecj/4.4.2/ecj-4.4.2.jar:target/dspot/dependencies/:dataset/may-2018/javapoet/526//target/classes:dataset/may-2018/javapoet/526//target/test-classes:, -1.8, -preserveAllLocals, -noExit, -enableJavadoc, /home/bdanglot/workspace/Ex2amplifier-experiments/target/dspot/tmp_test_sources/com/squareup/javapoet/TypeSpecTest.java]
[52530] DEBUG Launcher - built in 183 ms
[52530] DEBUG Launcher - building templates: []
[52531] DEBUG Launcher - built in 1 ms
[52541] DEBUG Launcher - model built in 194
[52541] DEBUG Launcher - compiling sources: [/home/bdanglot/workspace/Ex2amplifier-experiments/target/dspot/tmp_test_sources/com/squareup/javapoet/TypeSpecTest.java]
[52563] DEBUG Launcher - compile args: [-encoding, UTF-8, -cp, /home/bdanglot/.m2/repository/com/google/truth/truth/0.28/truth-0.28.jar:/home/bdanglot/.m2/repository/com/google/guava/guava/18.0/guava-18.0.jar:/home/bdanglot/.m2/repository/com/google/testing/compile/compile-testing/0.9/compile-testing-0.9.jar:/usr/lib/jvm/java-8-openjdk-amd64/jre/../lib/tools.jar:/home/bdanglot/.m2/repository/junit/junit/4.12/junit-4.12.jar:/home/bdanglot/.m2/repository/org/hamcrest/hamcrest-core/1.3/hamcrest-core-1.3.jar:/home/bdanglot/.m2/repository/com/google/jimfs/jimfs/1.0/jimfs-1.0.jar:/home/bdanglot/.m2/repository/org/mockito/mockito-core/1.10.16/mockito-core-1.10.16.jar:/home/bdanglot/.m2/repository/org/objenesis/objenesis/2.1/objenesis-2.1.jar:/home/bdanglot/.m2/repository/org/eclipse/jdt/core/compiler/ecj/4.4.2/ecj-4.4.2.jar:target/dspot/dependencies/:dataset/may-2018/javapoet/526//target/classes:dataset/may-2018/javapoet/526//target/test-classes:, -d, /home/bdanglot/workspace/Ex2amplifier-experiments/dataset/may-2018/javapoet/526_modified/target/test-classes, -1.8, -proc:none, -preserveAllLocals, -noExit, -enableJavadoc, /home/bdanglot/workspace/Ex2amplifier-experiments/target/dspot/tmp_test_sources/com/squareup/javapoet/TypeSpecTest.java]
[56344] DEBUG Launcher - compiled in 3803 ms
[57341] INFO Amplification - 0 amplified test(s) has been selected, global: 0
[57341] INFO Amplification - amp classImplementsExtendsSameName (1/9)
[57393] DEBUG Launcher - printing com.squareup.javapoet.TypeSpecTest to /home/bdanglot/workspace/Ex2amplifier-experiments/target/dspot/tmp_test_sources
[58547] INFO Amplification - iteration 0:
[58547] INFO Amplification - 1 tests selected to be amplified over 1 available tests
[58547] INFO Amplification - Amplification of inputs...

100% |================================================== ]/
[58590] INFO Amplification - 0 new tests generated
[58591] INFO Amplification - 0 amplified test(s) has been selected, global: 0
[58592] INFO Amplification - amp nestedClasses (2/9)
[58732] DEBUG Launcher - printing com.squareup.javapoet.TypeSpecTest to /home/bdanglot/workspace/Ex2amplifier-experiments/target/dspot/tmp_test_sources
[59867] INFO Amplification - iteration 0:
[59867] INFO Amplification - 1 tests selected to be amplified over 1 available tests
[59867] INFO Amplification - Amplification of inputs...

100% |================================================== ]/
[59908] INFO Amplification - 0 new tests generated
[59908] INFO Amplification - 0 amplified test(s) has been selected, global: 0
[59908] INFO Amplification - amp invalidSuperClass (3/9)
[59964] DEBUG Launcher - printing com.squareup.javapoet.TypeSpecTest to /home/bdanglot/workspace/Ex2amplifier-experiments/target/dspot/tmp_test_sources
[60970] INFO Amplification - iteration 0:
[60970] INFO Amplification - 1 tests selected to be amplified over 1 available tests
[60970] INFO Amplification - Amplification of inputs...

100% |================================================== ]/
[60973] INFO Amplification - 0 new tests generated
[60973] INFO Amplification - 0 amplified test(s) has been selected, global: 0
[60973] INFO Amplification - amp classImplementsExtends (4/9)
[61019] DEBUG Launcher - printing com.squareup.javapoet.TypeSpecTest to /home/bdanglot/workspace/Ex2amplifier-experiments/target/dspot/tmp_test_sources
[62129] INFO Amplification - iteration 0:
[62129] INFO Amplification - 1 tests selected to be amplified over 1 available tests
[62129] INFO Amplification - Amplification of inputs...

100% |================================================== ]/
[62146] INFO Amplification - 0 new tests generated
[62146] INFO Amplification - 0 amplified test(s) has been selected, global: 0
[62146] INFO Amplification - amp annotationsAndJavaLangTypes (5/9)
[62199] DEBUG Launcher - printing com.squareup.javapoet.TypeSpecTest to /home/bdanglot/workspace/Ex2amplifier-experiments/target/dspot/tmp_test_sources
[63253] INFO Amplification - iteration 0:
[63253] INFO Amplification - 1 tests selected to be amplified over 1 available tests
[63253] INFO Amplification - Amplification of inputs...

100% |================================================== ]/
[63260] INFO Amplification - 0 new tests generated
[63260] INFO Amplification - 0 amplified test(s) has been selected, global: 0
[63260] INFO Amplification - amp interestingTypes (6/9)
[63304] DEBUG Launcher - printing com.squareup.javapoet.TypeSpecTest to /home/bdanglot/workspace/Ex2amplifier-experiments/target/dspot/tmp_test_sources
[64317] INFO Amplification - iteration 0:
[64317] INFO Amplification - 1 tests selected to be amplified over 1 available tests
[64317] INFO Amplification - Amplification of inputs...

100% |================================================== ]/
[64335] INFO Amplification - 0 new tests generated
[64335] INFO Amplification - 0 amplified test(s) has been selected, global: 0
[64335] INFO Amplification - amp interfaceExtends (7/9)
[64379] DEBUG Launcher - printing com.squareup.javapoet.TypeSpecTest to /home/bdanglot/workspace/Ex2amplifier-experiments/target/dspot/tmp_test_sources
[65378] INFO Amplification - iteration 0:
[65378] INFO Amplification - 1 tests selected to be amplified over 1 available tests
[65378] INFO Amplification - Amplification of inputs...

100% |================================================== ]/
[65389] INFO Amplification - 0 new tests generated
[65389] INFO Amplification - 0 amplified test(s) has been selected, global: 0
[65389] INFO Amplification - amp superClassOnlyValidForClasses (8/9)
[65435] DEBUG Launcher - printing com.squareup.javapoet.TypeSpecTest to /home/bdanglot/workspace/Ex2amplifier-experiments/target/dspot/tmp_test_sources
[66504] INFO Amplification - iteration 0:
[66504] INFO Amplification - 1 tests selected to be amplified over 1 available tests
[66504] INFO Amplification - Amplification of inputs...

100% |================================================== ]/
[66508] INFO Amplification - 0 new tests generated
[66508] INFO Amplification - 0 amplified test(s) has been selected, global: 0
[66508] INFO Amplification - amp typeVariables (9/9)
[66567] DEBUG Launcher - printing com.squareup.javapoet.TypeSpecTest to /home/bdanglot/workspace/Ex2amplifier-experiments/target/dspot/tmp_test_sources
[67612] INFO Amplification - iteration 0:
[67612] INFO Amplification - 1 tests selected to be amplified over 1 available tests
[67612] INFO Amplification - Amplification of inputs...

100% |================================================== ]/
[67646] INFO Amplification - 0 new tests generated
[67646] INFO Amplification - 0 amplified test(s) has been selected, global: 0
[67646] INFO DSpot - elapsedTime 29977
======= REPORT =======
0 amplified test fails on the new versions.

[70172] INFO DSpot - Print AmplTypeSpecTest with 0 amplified test cases in results/may-2018/javapoet/526/JBSE
[70375] INFO Amplification - amplification of com.squareup.javapoet.TypeNameTest (2 test(s))
[70777] INFO Amplification - Try to add assertions before amplification
[70845] INFO AssertGenerator - Run tests. (2)
[71179] INFO AssertGenerator - 2 test pass, generating assertion...
[71181] INFO MethodsAssertGenerator - Add observations points in passing tests.
[71181] INFO MethodsAssertGenerator - Instrumentation...

 50% |========================= ]/
100% |================================================== ]-
[71185] INFO MethodsAssertGenerator - Run instrumented tests. (6)
[74638] INFO MethodsAssertGenerator - Generating assertions...
[74726] INFO AssertGenerator - 2 new tests with assertions generated
[76169] DEBUG Launcher - building sources: [/home/bdanglot/workspace/Ex2amplifier-experiments/target/dspot/tmp_test_sources/com/squareup/javapoet/TypeNameTest.java]
[76170] DEBUG Launcher - build args: [-encoding, UTF-8, -cp, /home/bdanglot/.m2/repository/com/google/truth/truth/0.28/truth-0.28.jar:/home/bdanglot/.m2/repository/com/google/guava/guava/18.0/guava-18.0.jar:/home/bdanglot/.m2/repository/com/google/testing/compile/compile-testing/0.9/compile-testing-0.9.jar:/usr/lib/jvm/java-8-openjdk-amd64/jre/../lib/tools.jar:/home/bdanglot/.m2/repository/junit/junit/4.12/junit-4.12.jar:/home/bdanglot/.m2/repository/org/hamcrest/hamcrest-core/1.3/hamcrest-core-1.3.jar:/home/bdanglot/.m2/repository/com/google/jimfs/jimfs/1.0/jimfs-1.0.jar:/home/bdanglot/.m2/repository/org/mockito/mockito-core/1.10.16/mockito-core-1.10.16.jar:/home/bdanglot/.m2/repository/org/objenesis/objenesis/2.1/objenesis-2.1.jar:/home/bdanglot/.m2/repository/org/eclipse/jdt/core/compiler/ecj/4.4.2/ecj-4.4.2.jar:target/dspot/dependencies/:dataset/may-2018/javapoet/526//target/classes:dataset/may-2018/javapoet/526//target/test-classes:, -1.8, -preserveAllLocals, -noExit, -enableJavadoc, /home/bdanglot/workspace/Ex2amplifier-experiments/target/dspot/tmp_test_sources/com/squareup/javapoet/TypeNameTest.java]
[76263] DEBUG Launcher - built in 93 ms
[76263] DEBUG Launcher - building templates: []
[76263] DEBUG Launcher - built in 0 ms
[76268] DEBUG Launcher - model built in 99
[76268] DEBUG Launcher - compiling sources: [/home/bdanglot/workspace/Ex2amplifier-experiments/target/dspot/tmp_test_sources/com/squareup/javapoet/TypeNameTest.java]
[76281] DEBUG Launcher - compile args: [-encoding, UTF-8, -cp, /home/bdanglot/.m2/repository/com/google/truth/truth/0.28/truth-0.28.jar:/home/bdanglot/.m2/repository/com/google/guava/guava/18.0/guava-18.0.jar:/home/bdanglot/.m2/repository/com/google/testing/compile/compile-testing/0.9/compile-testing-0.9.jar:/usr/lib/jvm/java-8-openjdk-amd64/jre/../lib/tools.jar:/home/bdanglot/.m2/repository/junit/junit/4.12/junit-4.12.jar:/home/bdanglot/.m2/repository/org/hamcrest/hamcrest-core/1.3/hamcrest-core-1.3.jar:/home/bdanglot/.m2/repository/com/google/jimfs/jimfs/1.0/jimfs-1.0.jar:/home/bdanglot/.m2/repository/org/mockito/mockito-core/1.10.16/mockito-core-1.10.16.jar:/home/bdanglot/.m2/repository/org/objenesis/objenesis/2.1/objenesis-2.1.jar:/home/bdanglot/.m2/repository/org/eclipse/jdt/core/compiler/ecj/4.4.2/ecj-4.4.2.jar:target/dspot/dependencies/:dataset/may-2018/javapoet/526//target/classes:dataset/may-2018/javapoet/526//target/test-classes:, -d, /home/bdanglot/workspace/Ex2amplifier-experiments/dataset/may-2018/javapoet/526_modified/target/test-classes, -1.8, -proc:none, -preserveAllLocals, -noExit, -enableJavadoc, /home/bdanglot/workspace/Ex2amplifier-experiments/target/dspot/tmp_test_sources/com/squareup/javapoet/TypeNameTest.java]
[78937] DEBUG Launcher - compiled in 2669 ms
[79260] INFO Amplification - 0 amplified test(s) has been selected, global: 0
[79260] INFO Amplification - amp equalsAndHashCodeParameterizedTypeName (1/2)
[79263] DEBUG Launcher - printing com.squareup.javapoet.TypeNameTest to /home/bdanglot/workspace/Ex2amplifier-experiments/target/dspot/tmp_test_sources
[79603] INFO Amplification - iteration 0:
[79603] INFO Amplification - 1 tests selected to be amplified over 1 available tests
[79603] INFO Amplification - Amplification of inputs...

100% |================================================== ]/
[79603] INFO Amplification - 0 new tests generated
[79603] INFO Amplification - 0 amplified test(s) has been selected, global: 0
[79603] INFO Amplification - amp equalsAndHashCodeClassName (2/2)
[79609] DEBUG Launcher - printing com.squareup.javapoet.TypeNameTest to /home/bdanglot/workspace/Ex2amplifier-experiments/target/dspot/tmp_test_sources
[79957] INFO Amplification - iteration 0:
[79957] INFO Amplification - 1 tests selected to be amplified over 1 available tests
[79957] INFO Amplification - Amplification of inputs...

100% |================================================== ]/
[79987] INFO Amplification - 0 new tests generated
[79987] INFO Amplification - 0 amplified test(s) has been selected, global: 0
[79987] INFO DSpot - elapsedTime 9681
======= REPORT =======
0 amplified test fails on the new versions.

[80339] INFO DSpot - Print AmplTypeNameTest with 0 amplified test cases in results/may-2018/javapoet/526/JBSE
[80429] INFO Amplification - amplification of com.squareup.javapoet.ClassNameTest (4 test(s))
[81372] INFO Amplification - Try to add assertions before amplification
[81396] INFO AssertGenerator - Run tests. (4)
[82372] INFO AssertGenerator - 4 test pass, generating assertion...
[82374] INFO MethodsAssertGenerator - Add observations points in passing tests.
[82374] INFO MethodsAssertGenerator - Instrumentation...

 25% |============ ]/
 50% |========================= ]-
 75% |===================================== ]\
100% |================================================== ]|
[82380] INFO MethodsAssertGenerator - Run instrumented tests. (12)
[85270] INFO MethodsAssertGenerator - Generating assertions...
[85318] INFO AssertGenerator - 2 new tests with assertions generated
[86425] DEBUG Launcher - building sources: [/home/bdanglot/workspace/Ex2amplifier-experiments/target/dspot/tmp_test_sources/com/squareup/javapoet/ClassNameTest.java]
[86426] DEBUG Launcher - build args: [-encoding, UTF-8, -cp, /home/bdanglot/.m2/repository/com/google/truth/truth/0.28/truth-0.28.jar:/home/bdanglot/.m2/repository/com/google/guava/guava/18.0/guava-18.0.jar:/home/bdanglot/.m2/repository/com/google/testing/compile/compile-testing/0.9/compile-testing-0.9.jar:/usr/lib/jvm/java-8-openjdk-amd64/jre/../lib/tools.jar:/home/bdanglot/.m2/repository/junit/junit/4.12/junit-4.12.jar:/home/bdanglot/.m2/repository/org/hamcrest/hamcrest-core/1.3/hamcrest-core-1.3.jar:/home/bdanglot/.m2/repository/com/google/jimfs/jimfs/1.0/jimfs-1.0.jar:/home/bdanglot/.m2/repository/org/mockito/mockito-core/1.10.16/mockito-core-1.10.16.jar:/home/bdanglot/.m2/repository/org/objenesis/objenesis/2.1/objenesis-2.1.jar:/home/bdanglot/.m2/repository/org/eclipse/jdt/core/compiler/ecj/4.4.2/ecj-4.4.2.jar:target/dspot/dependencies/:dataset/may-2018/javapoet/526//target/classes:dataset/may-2018/javapoet/526//target/test-classes:, -1.8, -preserveAllLocals, -noExit, -enableJavadoc, /home/bdanglot/workspace/Ex2amplifier-experiments/target/dspot/tmp_test_sources/com/squareup/javapoet/ClassNameTest.java]
[86495] DEBUG Launcher - built in 70 ms
[86495] DEBUG Launcher - building templates: []
[86495] DEBUG Launcher - built in 0 ms
[86497] DEBUG Launcher - model built in 72
[86497] DEBUG Launcher - compiling sources: [/home/bdanglot/workspace/Ex2amplifier-experiments/target/dspot/tmp_test_sources/com/squareup/javapoet/ClassNameTest.java]
[86501] DEBUG Launcher - compile args: [-encoding, UTF-8, -cp, /home/bdanglot/.m2/repository/com/google/truth/truth/0.28/truth-0.28.jar:/home/bdanglot/.m2/repository/com/google/guava/guava/18.0/guava-18.0.jar:/home/bdanglot/.m2/repository/com/google/testing/compile/compile-testing/0.9/compile-testing-0.9.jar:/usr/lib/jvm/java-8-openjdk-amd64/jre/../lib/tools.jar:/home/bdanglot/.m2/repository/junit/junit/4.12/junit-4.12.jar:/home/bdanglot/.m2/repository/org/hamcrest/hamcrest-core/1.3/hamcrest-core-1.3.jar:/home/bdanglot/.m2/repository/com/google/jimfs/jimfs/1.0/jimfs-1.0.jar:/home/bdanglot/.m2/repository/org/mockito/mockito-core/1.10.16/mockito-core-1.10.16.jar:/home/bdanglot/.m2/repository/org/objenesis/objenesis/2.1/objenesis-2.1.jar:/home/bdanglot/.m2/repository/org/eclipse/jdt/core/compiler/ecj/4.4.2/ecj-4.4.2.jar:target/dspot/dependencies/:dataset/may-2018/javapoet/526//target/classes:dataset/may-2018/javapoet/526//target/test-classes:, -d, /home/bdanglot/workspace/Ex2amplifier-experiments/dataset/may-2018/javapoet/526_modified/target/test-classes, -1.8, -proc:none, -preserveAllLocals, -noExit, -enableJavadoc, /home/bdanglot/workspace/Ex2amplifier-experiments/target/dspot/tmp_test_sources/com/squareup/javapoet/ClassNameTest.java]
[87322] DEBUG Launcher - compiled in 825 ms
[88452] INFO Amplification - 0 amplified test(s) has been selected, global: 0
[88453] INFO Amplification - amp classNameFromClass (1/4)
[88457] DEBUG Launcher - printing com.squareup.javapoet.ClassNameTest to /home/bdanglot/workspace/Ex2amplifier-experiments/target/dspot/tmp_test_sources
[89304] INFO Amplification - iteration 0:
[89304] INFO Amplification - 1 tests selected to be amplified over 1 available tests
[89304] INFO Amplification - Amplification of inputs...

100% |================================================== ]/
[89316] INFO Amplification - 0 new tests generated
[89316] INFO Amplification - 0 amplified test(s) has been selected, global: 0
[89316] INFO Amplification - amp reflectionName (2/4)
[89320] DEBUG Launcher - printing com.squareup.javapoet.ClassNameTest to /home/bdanglot/workspace/Ex2amplifier-experiments/target/dspot/tmp_test_sources
[90184] INFO Amplification - iteration 0:
[90184] INFO Amplification - 1 tests selected to be amplified over 1 available tests
[90184] INFO Amplification - Amplification of inputs...

100% |================================================== ]/
[90190] INFO Amplification - 0 new tests generated
[90190] INFO Amplification - 0 amplified test(s) has been selected, global: 0
[90190] INFO Amplification - amp peerClass (3/4)
[90194] DEBUG Launcher - printing com.squareup.javapoet.ClassNameTest to /home/bdanglot/workspace/Ex2amplifier-experiments/target/dspot/tmp_test_sources
[91098] INFO Amplification - iteration 0:
[91098] INFO Amplification - 1 tests selected to be amplified over 1 available tests
[91098] INFO Amplification - Amplification of inputs...

100% |================================================== ]/
[91101] INFO Amplification - 0 new tests generated
[91101] INFO Amplification - 0 amplified test(s) has been selected, global: 0
[91101] INFO Amplification - amp fromClassRejectionTypes (4/4)
[91106] DEBUG Launcher - printing com.squareup.javapoet.ClassNameTest to /home/bdanglot/workspace/Ex2amplifier-experiments/target/dspot/tmp_test_sources
[91896] INFO Amplification - iteration 0:
[91896] INFO Amplification - 1 tests selected to be amplified over 1 available tests
[91896] INFO Amplification - Amplification of inputs...

100% |================================================== ]/
[91897] INFO Amplification - 0 new tests generated
[91897] INFO Amplification - 0 amplified test(s) has been selected, global: 0
[91897] INFO DSpot - elapsedTime 11483
======= REPORT =======
0 amplified test fails on the new versions.

[91994] INFO DSpot - Print AmplClassNameTest with 0 amplified test cases in results/may-2018/javapoet/526/JBSE
[92680] INFO Amplification - amplification of com.squareup.javapoet.AbstractTypesTest (6 test(s))
[95800] INFO Amplification - Try to add assertions before amplification
[96137] INFO AssertGenerator - Run tests. (6)
[98997] INFO AssertGenerator - 12 test pass, generating assertion...
[99000] INFO MethodsAssertGenerator - Add observations points in passing tests.
[99000] INFO MethodsAssertGenerator - Instrumentation...

 16% |======== ]/
 33% |================ ]-
 50% |========================= ]\
 66% |================================= ]|
 83% |========================================= ]/
100% |================================================== ]-
[99014] INFO MethodsAssertGenerator - Run instrumented tests. (18)
[118861] INFO MethodsAssertGenerator - Generating assertions...
[118987] INFO AssertGenerator - 6 new tests with assertions generated
[124461] DEBUG Launcher - building sources: [/home/bdanglot/workspace/Ex2amplifier-experiments/target/dspot/tmp_test_sources/com/squareup/javapoet/AbstractTypesTest.java]
[124463] DEBUG Launcher - build args: [-encoding, UTF-8, -cp, /home/bdanglot/.m2/repository/com/google/truth/truth/0.28/truth-0.28.jar:/home/bdanglot/.m2/repository/com/google/guava/guava/18.0/guava-18.0.jar:/home/bdanglot/.m2/repository/com/google/testing/compile/compile-testing/0.9/compile-testing-0.9.jar:/usr/lib/jvm/java-8-openjdk-amd64/jre/../lib/tools.jar:/home/bdanglot/.m2/repository/junit/junit/4.12/junit-4.12.jar:/home/bdanglot/.m2/repository/org/hamcrest/hamcrest-core/1.3/hamcrest-core-1.3.jar:/home/bdanglot/.m2/repository/com/google/jimfs/jimfs/1.0/jimfs-1.0.jar:/home/bdanglot/.m2/repository/org/mockito/mockito-core/1.10.16/mockito-core-1.10.16.jar:/home/bdanglot/.m2/repository/org/objenesis/objenesis/2.1/objenesis-2.1.jar:/home/bdanglot/.m2/repository/org/eclipse/jdt/core/compiler/ecj/4.4.2/ecj-4.4.2.jar:target/dspot/dependencies/:dataset/may-2018/javapoet/526//target/classes:dataset/may-2018/javapoet/526//target/test-classes:, -1.8, -preserveAllLocals, -noExit, -enableJavadoc, /home/bdanglot/workspace/Ex2amplifier-experiments/target/dspot/tmp_test_sources/com/squareup/javapoet/AbstractTypesTest.java]
[124650] DEBUG Launcher - built in 189 ms
[124650] DEBUG Launcher - building templates: []
[124650] DEBUG Launcher - built in 0 ms
[124669] DEBUG Launcher - model built in 209
[124669] DEBUG Launcher - compiling sources: [/home/bdanglot/workspace/Ex2amplifier-experiments/target/dspot/tmp_test_sources/com/squareup/javapoet/AbstractTypesTest.java]
[124695] DEBUG Launcher - compile args: [-encoding, UTF-8, -cp, /home/bdanglot/.m2/repository/com/google/truth/truth/0.28/truth-0.28.jar:/home/bdanglot/.m2/repository/com/google/guava/guava/18.0/guava-18.0.jar:/home/bdanglot/.m2/repository/com/google/testing/compile/compile-testing/0.9/compile-testing-0.9.jar:/usr/lib/jvm/java-8-openjdk-amd64/jre/../lib/tools.jar:/home/bdanglot/.m2/repository/junit/junit/4.12/junit-4.12.jar:/home/bdanglot/.m2/repository/org/hamcrest/hamcrest-core/1.3/hamcrest-core-1.3.jar:/home/bdanglot/.m2/repository/com/google/jimfs/jimfs/1.0/jimfs-1.0.jar:/home/bdanglot/.m2/repository/org/mockito/mockito-core/1.10.16/mockito-core-1.10.16.jar:/home/bdanglot/.m2/repository/org/objenesis/objenesis/2.1/objenesis-2.1.jar:/home/bdanglot/.m2/repository/org/eclipse/jdt/core/compiler/ecj/4.4.2/ecj-4.4.2.jar:target/dspot/dependencies/:dataset/may-2018/javapoet/526//target/classes:dataset/may-2018/javapoet/526//target/test-classes:, -d, /home/bdanglot/workspace/Ex2amplifier-experiments/dataset/may-2018/javapoet/526_modified/target/test-classes, -1.8, -proc:none, -preserveAllLocals, -noExit, -enableJavadoc, /home/bdanglot/workspace/Ex2amplifier-experiments/target/dspot/tmp_test_sources/com/squareup/javapoet/AbstractTypesTest.java]
[130579] DEBUG Launcher - compiled in 5910 ms
[130928] INFO Amplification - 6 amplified test(s) has been selected, global: 6
[130928] INFO Amplification - amp box (1/6)
[130938] DEBUG Launcher - printing com.squareup.javapoet.AbstractTypesTest to /home/bdanglot/workspace/Ex2amplifier-experiments/target/dspot/tmp_test_sources
[132796] INFO Amplification - iteration 0:
[132796] INFO Amplification - 1 tests selected to be amplified over 1 available tests
[132796] INFO Amplification - Amplification of inputs...

100% |================================================== ]/
[132796] INFO Amplification - 0 new tests generated
[132796] INFO Amplification - 0 amplified test(s) has been selected, global: 6
[132796] INFO Amplification - amp getTypeVariableTypeMirror (2/6)
[132803] DEBUG Launcher - printing com.squareup.javapoet.AbstractTypesTest to /home/bdanglot/workspace/Ex2amplifier-experiments/target/dspot/tmp_test_sources
[134675] INFO Amplification - iteration 0:
[134675] INFO Amplification - 1 tests selected to be amplified over 1 available tests
[134675] INFO Amplification - Amplification of inputs...

100% |================================================== ]/
[134844] INFO Amplification - 0 new tests generated
[134844] INFO Amplification - 0 amplified test(s) has been selected, global: 6
[134844] INFO Amplification - amp getParameterizedTypeMirror (3/6)
[134850] DEBUG Launcher - printing com.squareup.javapoet.AbstractTypesTest to /home/bdanglot/workspace/Ex2amplifier-experiments/target/dspot/tmp_test_sources
[136596] INFO Amplification - iteration 0:
[136596] INFO Amplification - 1 tests selected to be amplified over 1 available tests
[136596] INFO Amplification - Amplification of inputs...

100% |================================================== ]/
[136596] INFO Amplification - 0 new tests generated
[136596] INFO Amplification - 0 amplified test(s) has been selected, global: 6
[136596] INFO Amplification - amp getBasicTypeMirror (4/6)
[136606] DEBUG Launcher - printing com.squareup.javapoet.AbstractTypesTest to /home/bdanglot/workspace/Ex2amplifier-experiments/target/dspot/tmp_test_sources
[138577] INFO Amplification - iteration 0:
[138577] INFO Amplification - 1 tests selected to be amplified over 1 available tests
[138577] INFO Amplification - Amplification of inputs...

100% |================================================== ]/
[138577] INFO Amplification - 0 new tests generated
[138577] INFO Amplification - 0 amplified test(s) has been selected, global: 6
[138577] INFO Amplification - amp unbox (5/6)
[138583] DEBUG Launcher - printing com.squareup.javapoet.AbstractTypesTest to /home/bdanglot/workspace/Ex2amplifier-experiments/target/dspot/tmp_test_sources
[140358] INFO Amplification - iteration 0:
[140359] INFO Amplification - 1 tests selected to be amplified over 1 available tests
[140359] INFO Amplification - Amplification of inputs...

100% |================================================== ]/
[140359] INFO Amplification - 0 new tests generated
[140359] INFO Amplification - 0 amplified test(s) has been selected, global: 6
[140359] INFO Amplification - amp getErrorType (6/6)
[140368] DEBUG Launcher - printing com.squareup.javapoet.AbstractTypesTest to /home/bdanglot/workspace/Ex2amplifier-experiments/target/dspot/tmp_test_sources
[142231] INFO Amplification - iteration 0:
[142231] INFO Amplification - 1 tests selected to be amplified over 1 available tests
[142231] INFO Amplification - Amplification of inputs...

100% |================================================== ]/
[142231] INFO Amplification - 0 new tests generated
[142231] INFO Amplification - 0 amplified test(s) has been selected, global: 6
[142231] INFO DSpot - elapsedTime 49864
======= REPORT =======
6 amplified test fails on the new versions.
getTypeVariableTypeMirror(com.squareup.javapoet.AbstractTypesTest): null
getBasicTypeMirror(com.squareup.javapoet.AbstractTypesTest): null
unbox(com.squareup.javapoet.AbstractTypesTest): null
getParameterizedTypeMirror(com.squareup.javapoet.AbstractTypesTest): null
box(com.squareup.javapoet.AbstractTypesTest): null
getErrorType(com.squareup.javapoet.AbstractTypesTest): null

[142992] INFO DSpot - Print AmplAbstractTypesTest with 6 amplified test cases in results/may-2018/javapoet/526/JBSE
[145070] INFO Amplification - amplification of com.squareup.javapoet.AnnotatedTypeNameTest (2 test(s))
[145412] INFO Amplification - Try to add assertions before amplification
[145488] INFO AssertGenerator - Run tests. (2)
[145898] INFO AssertGenerator - 2 test pass, generating assertion...
[145900] INFO MethodsAssertGenerator - Add observations points in passing tests.
[145900] INFO MethodsAssertGenerator - Instrumentation...

 50% |========================= ]/
100% |================================================== ]-
[145903] INFO MethodsAssertGenerator - Run instrumented tests. (6)
[149197] INFO MethodsAssertGenerator - Generating assertions...
[149273] INFO AssertGenerator - 2 new tests with assertions generated
[150289] DEBUG Launcher - building sources: [/home/bdanglot/workspace/Ex2amplifier-experiments/target/dspot/tmp_test_sources/com/squareup/javapoet/AnnotatedTypeNameTest.java]
[150290] DEBUG Launcher - build args: [-encoding, UTF-8, -cp, /home/bdanglot/.m2/repository/com/google/truth/truth/0.28/truth-0.28.jar:/home/bdanglot/.m2/repository/com/google/guava/guava/18.0/guava-18.0.jar:/home/bdanglot/.m2/repository/com/google/testing/compile/compile-testing/0.9/compile-testing-0.9.jar:/usr/lib/jvm/java-8-openjdk-amd64/jre/../lib/tools.jar:/home/bdanglot/.m2/repository/junit/junit/4.12/junit-4.12.jar:/home/bdanglot/.m2/repository/org/hamcrest/hamcrest-core/1.3/hamcrest-core-1.3.jar:/home/bdanglot/.m2/repository/com/google/jimfs/jimfs/1.0/jimfs-1.0.jar:/home/bdanglot/.m2/repository/org/mockito/mockito-core/1.10.16/mockito-core-1.10.16.jar:/home/bdanglot/.m2/repository/org/objenesis/objenesis/2.1/objenesis-2.1.jar:/home/bdanglot/.m2/repository/org/eclipse/jdt/core/compiler/ecj/4.4.2/ecj-4.4.2.jar:target/dspot/dependencies/:dataset/may-2018/javapoet/526//target/classes:dataset/may-2018/javapoet/526//target/test-classes:, -1.8, -preserveAllLocals, -noExit, -enableJavadoc, /home/bdanglot/workspace/Ex2amplifier-experiments/target/dspot/tmp_test_sources/com/squareup/javapoet/AnnotatedTypeNameTest.java]
[150362] DEBUG Launcher - built in 73 ms
[150362] DEBUG Launcher - building templates: []
[150362] DEBUG Launcher - built in 0 ms
[150368] DEBUG Launcher - model built in 79
[150368] DEBUG Launcher - compiling sources: [/home/bdanglot/workspace/Ex2amplifier-experiments/target/dspot/tmp_test_sources/com/squareup/javapoet/AnnotatedTypeNameTest.java]
[150377] DEBUG Launcher - compile args: [-encoding, UTF-8, -cp, /home/bdanglot/.m2/repository/com/google/truth/truth/0.28/truth-0.28.jar:/home/bdanglot/.m2/repository/com/google/guava/guava/18.0/guava-18.0.jar:/home/bdanglot/.m2/repository/com/google/testing/compile/compile-testing/0.9/compile-testing-0.9.jar:/usr/lib/jvm/java-8-openjdk-amd64/jre/../lib/tools.jar:/home/bdanglot/.m2/repository/junit/junit/4.12/junit-4.12.jar:/home/bdanglot/.m2/repository/org/hamcrest/hamcrest-core/1.3/hamcrest-core-1.3.jar:/home/bdanglot/.m2/repository/com/google/jimfs/jimfs/1.0/jimfs-1.0.jar:/home/bdanglot/.m2/repository/org/mockito/mockito-core/1.10.16/mockito-core-1.10.16.jar:/home/bdanglot/.m2/repository/org/objenesis/objenesis/2.1/objenesis-2.1.jar:/home/bdanglot/.m2/repository/org/eclipse/jdt/core/compiler/ecj/4.4.2/ecj-4.4.2.jar:target/dspot/dependencies/:dataset/may-2018/javapoet/526//target/classes:dataset/may-2018/javapoet/526//target/test-classes:, -d, /home/bdanglot/workspace/Ex2amplifier-experiments/dataset/may-2018/javapoet/526_modified/target/test-classes, -1.8, -proc:none, -preserveAllLocals, -noExit, -enableJavadoc, /home/bdanglot/workspace/Ex2amplifier-experiments/target/dspot/tmp_test_sources/com/squareup/javapoet/AnnotatedTypeNameTest.java]
[151409] DEBUG Launcher - compiled in 1041 ms
[151699] INFO Amplification - -6 amplified test(s) has been selected, global: 0
[151699] INFO Amplification - amp annotatedArgumentOfParameterizedType (1/2)
[151702] DEBUG Launcher - printing com.squareup.javapoet.AnnotatedTypeNameTest to /home/bdanglot/workspace/Ex2amplifier-experiments/target/dspot/tmp_test_sources
[152069] INFO Amplification - iteration 0:
[152070] INFO Amplification - 1 tests selected to be amplified over 1 available tests
[152070] INFO Amplification - Amplification of inputs...

100% |================================================== ]/
[152082] INFO Amplification - 0 new tests generated
[152082] INFO Amplification - 0 amplified test(s) has been selected, global: 0
[152082] INFO Amplification - amp annotatedEquivalence (2/2)
[152085] DEBUG Launcher - printing com.squareup.javapoet.AnnotatedTypeNameTest to /home/bdanglot/workspace/Ex2amplifier-experiments/target/dspot/tmp_test_sources
[152483] INFO Amplification - iteration 0:
[152483] INFO Amplification - 1 tests selected to be amplified over 1 available tests
[152484] INFO Amplification - Amplification of inputs...

100% |================================================== ]/
[152484] INFO Amplification - 0 new tests generated
[152484] INFO Amplification - 0 amplified test(s) has been selected, global: 0
[152484] INFO DSpot - elapsedTime 7470
======= REPORT =======
0 amplified test fails on the new versions.

[152680] INFO DSpot - Print AmplAnnotatedTypeNameTest with 0 amplified test cases in results/may-2018/javapoet/526/JBSE
