SLF4J: Class path contains multiple SLF4J bindings.
SLF4J: Found binding in [jar:file:/home/spirals/danglot/.m2/repository/eu/stamp-project/test-runner/1.0.5/test-runner-1.0.5-jar-with-dependencies.jar!/org/slf4j/impl/StaticLoggerBinder.class]
SLF4J: Found binding in [jar:file:/home/spirals/danglot/.m2/repository/org/slf4j/slf4j-log4j12/1.7.25/slf4j-log4j12-1.7.25.jar!/org/slf4j/impl/StaticLoggerBinder.class]
SLF4J: See http://www.slf4j.org/codes.html#multiple_bindings for an explanation.
SLF4J: Actual binding is of type [org.slf4j.impl.Log4jLoggerFactory]
[0] WARN AutomaticBuilderFactory - No automatic builder specified in configuration, going to default.
[1] INFO AutomaticBuilderFactory - Default: provided Maven automatic builder.
[14] INFO MavenAutomaticBuilder - run maven clean test -DskipTests dependency:build-classpath -Dmdep.outputFile=target/dspot/classpath
[WARN] Maven will be executed in interactive mode, but no input stream has been configured for this MavenInvoker instance.
[INFO] Scanning for projects...
[INFO]                                                                         
[INFO] ------------------------------------------------------------------------
[INFO] Building JavaPoet 1.10.0-SNAPSHOT
[INFO] ------------------------------------------------------------------------
[INFO] 
[INFO] --- maven-clean-plugin:2.5:clean (default-clean) @ javapoet ---
[INFO] Deleting /tmp/Ex2Amplifier-experiments/dataset/may-2018/javapoet/562/target
[INFO] 
[INFO] --- maven-enforcer-plugin:1.0:enforce (enforce-maven) @ javapoet ---
[INFO] Skipping Rule Enforcement.
[INFO] 
[INFO] --- maven-resources-plugin:2.6:resources (default-resources) @ javapoet ---
[INFO] Using 'UTF-8' encoding to copy filtered resources.
[INFO] skip non existing resourceDirectory /tmp/Ex2Amplifier-experiments/dataset/may-2018/javapoet/562/src/main/resources
[INFO] 
[INFO] --- maven-compiler-plugin:3.6.1:compile (default-compile) @ javapoet ---
[INFO] Changes detected - recompiling the module!
[INFO] Compiling 17 source files to /tmp/Ex2Amplifier-experiments/dataset/may-2018/javapoet/562/target/classes
[INFO] 
[INFO] --- maven-resources-plugin:2.6:testResources (default-testResources) @ javapoet ---
[INFO] Using 'UTF-8' encoding to copy filtered resources.
[INFO] skip non existing resourceDirectory /tmp/Ex2Amplifier-experiments/dataset/may-2018/javapoet/562/src/test/resources
[INFO] 
[INFO] --- maven-compiler-plugin:3.6.1:testCompile (default-testCompile) @ javapoet ---
[INFO] Changes detected - recompiling the module!
[INFO] Compiling 19 source files to /tmp/Ex2Amplifier-experiments/dataset/may-2018/javapoet/562/target/test-classes
[INFO] 
[INFO] --- maven-surefire-plugin:2.12.4:test (default-test) @ javapoet ---
[INFO] Tests are skipped.
[INFO] 
[INFO] --- maven-dependency-plugin:2.8:build-classpath (default-cli) @ javapoet ---
[INFO] Wrote classpath file '/tmp/Ex2Amplifier-experiments/dataset/may-2018/javapoet/562/target/dspot/classpath'.
[INFO] ------------------------------------------------------------------------
[INFO] BUILD SUCCESS
[INFO] ------------------------------------------------------------------------
[INFO] Total time: 8.203 s
[INFO] Finished at: 2018-05-16T18:35:49+02:00
[INFO] Final Memory: 35M/1142M
[INFO] ------------------------------------------------------------------------
[12874] ERROR JDTCommentBuilder - // @Target(ElementType.TYPE_USE) requires Java 1.8 is not added into the AST
spoon.reflect.declaration.ParentNotInitializedException: parent not initialized for class spoon.support.reflect.code.CtCommentImpl (/tmp/Ex2Amplifier-experiments/dataset/may-2018/javapoet/562/src/test/java/com/squareup/javapoet/AnnotatedTypeNameTest.java:118)
	at spoon.support.reflect.declaration.CtElementImpl.getParent(CtElementImpl.java:340)
	at spoon.support.compiler.jdt.JDTCommentBuilder.insertCommentInAST(JDTCommentBuilder.java:474)
	at spoon.support.compiler.jdt.JDTCommentBuilder.buildComment(JDTCommentBuilder.java:152)
	at spoon.support.compiler.jdt.JDTCommentBuilder.build(JDTCommentBuilder.java:108)
	at spoon.support.compiler.jdt.JDTBasedSpoonCompiler.buildModel(JDTBasedSpoonCompiler.java:417)
	at spoon.support.compiler.jdt.JDTBasedSpoonCompiler.buildUnitsAndModel(JDTBasedSpoonCompiler.java:362)
	at spoon.support.compiler.jdt.JDTBasedSpoonCompiler.buildSources(JDTBasedSpoonCompiler.java:335)
	at spoon.support.compiler.jdt.JDTBasedSpoonCompiler.build(JDTBasedSpoonCompiler.java:116)
	at spoon.support.compiler.jdt.JDTBasedSpoonCompiler.build(JDTBasedSpoonCompiler.java:99)
	at spoon.Launcher.buildModel(Launcher.java:724)
	at fr.inria.diversify.utils.compilation.DSpotCompiler.getSpoonModelOf(DSpotCompiler.java:106)
	at fr.inria.diversify.utils.compilation.DSpotCompiler.createDSpotCompiler(DSpotCompiler.java:31)
	at fr.inria.diversify.dspot.DSpot.<init>(DSpot.java:103)
	at eu.stamp_project.Main.lambda$run$2(Main.java:134)
	at java.util.stream.ForEachOps$ForEachOp$OfRef.accept(ForEachOps.java:184)
	at java.util.stream.ReferencePipeline$2$1.accept(ReferencePipeline.java:175)
	at java.util.ArrayList$ArrayListSpliterator.forEachRemaining(ArrayList.java:1374)
	at java.util.stream.AbstractPipeline.copyInto(AbstractPipeline.java:481)
	at java.util.stream.AbstractPipeline.wrapAndCopyInto(AbstractPipeline.java:471)
	at java.util.stream.ForEachOps$ForEachOp.evaluateSequential(ForEachOps.java:151)
	at java.util.stream.ForEachOps$ForEachOp$OfRef.evaluateSequential(ForEachOps.java:174)
	at java.util.stream.AbstractPipeline.evaluate(AbstractPipeline.java:234)
	at java.util.stream.ReferencePipeline.forEach(ReferencePipeline.java:418)
	at eu.stamp_project.Main.run(Main.java:117)
	at eu.stamp_project.Main.main(Main.java:88)
[13012] WARN AutomaticBuilderFactory - No automatic builder specified in configuration, going to default.
[13013] INFO AutomaticBuilderFactory - Default: provided Maven automatic builder.
[13013] INFO MavenAutomaticBuilder - run maven clean test -DskipTests dependency:build-classpath -Dmdep.outputFile=target/dspot/classpath
[WARN] Maven will be executed in interactive mode, but no input stream has been configured for this MavenInvoker instance.
[INFO] Scanning for projects...
[INFO]                                                                         
[INFO] ------------------------------------------------------------------------
[INFO] Building JavaPoet 1.10.0-SNAPSHOT
[INFO] ------------------------------------------------------------------------
[INFO] 
[INFO] --- maven-clean-plugin:2.5:clean (default-clean) @ javapoet ---
[INFO] 
[INFO] --- maven-enforcer-plugin:1.0:enforce (enforce-maven) @ javapoet ---
[INFO] Skipping Rule Enforcement.
[INFO] 
[INFO] --- maven-resources-plugin:2.6:resources (default-resources) @ javapoet ---
[INFO] Using 'UTF-8' encoding to copy filtered resources.
[INFO] skip non existing resourceDirectory /tmp/Ex2Amplifier-experiments/dataset/may-2018/javapoet/562_modified/src/main/resources
[INFO] 
[INFO] --- maven-compiler-plugin:3.6.1:compile (default-compile) @ javapoet ---
[INFO] Changes detected - recompiling the module!
[INFO] Compiling 17 source files to /tmp/Ex2Amplifier-experiments/dataset/may-2018/javapoet/562_modified/target/classes
[INFO] 
[INFO] --- maven-resources-plugin:2.6:testResources (default-testResources) @ javapoet ---
[INFO] Using 'UTF-8' encoding to copy filtered resources.
[INFO] skip non existing resourceDirectory /tmp/Ex2Amplifier-experiments/dataset/may-2018/javapoet/562_modified/src/test/resources
[INFO] 
[INFO] --- maven-compiler-plugin:3.6.1:testCompile (default-testCompile) @ javapoet ---
[INFO] Changes detected - recompiling the module!
[INFO] Compiling 19 source files to /tmp/Ex2Amplifier-experiments/dataset/may-2018/javapoet/562_modified/target/test-classes
[INFO] 
[INFO] --- maven-surefire-plugin:2.12.4:test (default-test) @ javapoet ---
[INFO] Tests are skipped.
[INFO] 
[INFO] --- maven-dependency-plugin:2.8:build-classpath (default-cli) @ javapoet ---
[INFO] Wrote classpath file '/tmp/Ex2Amplifier-experiments/dataset/may-2018/javapoet/562_modified/target/dspot/classpath'.
[INFO] ------------------------------------------------------------------------
[INFO] BUILD SUCCESS
[INFO] ------------------------------------------------------------------------
[INFO] Total time: 8.274 s
[INFO] Finished at: 2018-05-16T18:36:02+02:00
[INFO] Final Memory: 39M/1243M
[INFO] ------------------------------------------------------------------------
[23290] INFO SelectorOnDiff - Selecting according to a diff between dataset/may-2018/javapoet/562/ and dataset/may-2018/javapoet/562_modified/ (5f3b345be9bd8364268d6460424ae8cf59d087f0)
[23297] INFO SelectorOnDiff - Modified files:
a/src/test/java/com/squareup/javapoet/ClassNameTest.java
a/src/main/java/com/squareup/javapoet/ClassName.java
[25129] INFO SelectorOnDiff - Select 2 modified test methods
[30021] INFO SelectorOnDiff - Select 2 test methods that execute directly modified methods
[30040] INFO Amplification - amplification of com.squareup.javapoet.MethodSpecTest (1 test(s))
[31428] INFO Amplification - Try to add assertions before amplification
[31455] INFO AssertGenerator - Run tests. (1)
[32703] INFO AssertGenerator - 1 test pass, generating assertion...
[32711] INFO MethodsAssertGenerator - Add observations points in passing tests.
[32711] INFO MethodsAssertGenerator - Instrumentation...

100% |================================================== ]/
[32747] INFO MethodsAssertGenerator - Run instrumented tests. (3)
[35403] INFO MethodsAssertGenerator - Generating assertions...
[35447] INFO AssertGenerator - 1 new tests with assertions generated
[37687] DEBUG Launcher - building sources: [/tmp/Ex2Amplifier-experiments/target/dspot/tmp_test_sources/com/squareup/javapoet/MethodSpecTest.java]
[37688] DEBUG Launcher - build args: [-encoding, UTF-8, -cp, /home/spirals/danglot/.m2/repository/com/google/truth/truth/0.28/truth-0.28.jar:/home/spirals/danglot/.m2/repository/com/google/guava/guava/18.0/guava-18.0.jar:/home/spirals/danglot/.m2/repository/com/google/testing/compile/compile-testing/0.9/compile-testing-0.9.jar:/home/spirals/danglot/jdk1.8.0_121/jre/../lib/tools.jar:/home/spirals/danglot/.m2/repository/junit/junit/4.12/junit-4.12.jar:/home/spirals/danglot/.m2/repository/org/hamcrest/hamcrest-core/1.3/hamcrest-core-1.3.jar:/home/spirals/danglot/.m2/repository/com/google/jimfs/jimfs/1.0/jimfs-1.0.jar:/home/spirals/danglot/.m2/repository/org/mockito/mockito-core/1.10.16/mockito-core-1.10.16.jar:/home/spirals/danglot/.m2/repository/org/objenesis/objenesis/2.1/objenesis-2.1.jar:/home/spirals/danglot/.m2/repository/org/eclipse/jdt/core/compiler/ecj/4.4.2/ecj-4.4.2.jar:target/dspot/dependencies/:dataset/may-2018/javapoet/562//target/classes:dataset/may-2018/javapoet/562//target/test-classes:, -1.8, -preserveAllLocals, -noExit, -enableJavadoc, /tmp/Ex2Amplifier-experiments/target/dspot/tmp_test_sources/com/squareup/javapoet/MethodSpecTest.java]
[37789] DEBUG Launcher - built in 101 ms
[37789] DEBUG Launcher - building templates: []
[37789] DEBUG Launcher - built in 0 ms
[37791] DEBUG Launcher - model built in 104
[37792] DEBUG Launcher - compiling sources: [/tmp/Ex2Amplifier-experiments/target/dspot/tmp_test_sources/com/squareup/javapoet/MethodSpecTest.java]
[37797] DEBUG Launcher - compile args: [-encoding, UTF-8, -cp, /home/spirals/danglot/.m2/repository/com/google/truth/truth/0.28/truth-0.28.jar:/home/spirals/danglot/.m2/repository/com/google/guava/guava/18.0/guava-18.0.jar:/home/spirals/danglot/.m2/repository/com/google/testing/compile/compile-testing/0.9/compile-testing-0.9.jar:/home/spirals/danglot/jdk1.8.0_121/jre/../lib/tools.jar:/home/spirals/danglot/.m2/repository/junit/junit/4.12/junit-4.12.jar:/home/spirals/danglot/.m2/repository/org/hamcrest/hamcrest-core/1.3/hamcrest-core-1.3.jar:/home/spirals/danglot/.m2/repository/com/google/jimfs/jimfs/1.0/jimfs-1.0.jar:/home/spirals/danglot/.m2/repository/org/mockito/mockito-core/1.10.16/mockito-core-1.10.16.jar:/home/spirals/danglot/.m2/repository/org/objenesis/objenesis/2.1/objenesis-2.1.jar:/home/spirals/danglot/.m2/repository/org/eclipse/jdt/core/compiler/ecj/4.4.2/ecj-4.4.2.jar:target/dspot/dependencies/:dataset/may-2018/javapoet/562//target/classes:dataset/may-2018/javapoet/562//target/test-classes:, -d, /tmp/Ex2Amplifier-experiments/dataset/may-2018/javapoet/562_modified/target/test-classes, -1.8, -proc:none, -preserveAllLocals, -noExit, -enableJavadoc, /tmp/Ex2Amplifier-experiments/target/dspot/tmp_test_sources/com/squareup/javapoet/MethodSpecTest.java]
[38466] DEBUG Launcher - compiled in 674 ms
[39494] INFO Amplification - 0 amplified test(s) has been selected, global: 0
[39494] INFO DSpot - elapsedTime 9458
======= REPORT =======
0 amplified test fails on the new versions.

[40208] INFO DSpot - Print AmplMethodSpecTest with 0?amplified test cases in results/may-2018/javapoet/562/A_ampl
[40209] DEBUG Launcher - printing com.squareup.javapoet.AmplMethodSpecTest to /tmp/Ex2Amplifier-experiments/results/may-2018/javapoet/562/A_ampl
[40323] INFO Amplification - amplification of com.squareup.javapoet.CodeBlockTest (1 test(s))
[40335] DEBUG Launcher - printing com.squareup.javapoet.CodeBlockTest to /tmp/Ex2Amplifier-experiments/target/dspot/tmp_test_sources
[40862] INFO Amplification - Try to add assertions before amplification
[40906] INFO AssertGenerator - Run tests. (1)
[40913] DEBUG Launcher - printing com.squareup.javapoet.CodeBlockTest to /tmp/Ex2Amplifier-experiments/target/dspot/tmp_test_sources
[41463] INFO AssertGenerator - 1 test pass, generating assertion...
[41469] INFO MethodsAssertGenerator - Add observations points in passing tests.
[41470] INFO MethodsAssertGenerator - Instrumentation...

100% |================================================== ]/
[41472] INFO MethodsAssertGenerator - Run instrumented tests. (3)
[41484] DEBUG Launcher - printing com.squareup.javapoet.CodeBlockTest to /tmp/Ex2Amplifier-experiments/target/dspot/tmp_test_sources
[42229] INFO MethodsAssertGenerator - Generating assertions...
[42232] INFO AssertGenerator - 1 new tests with assertions generated
[42249] DEBUG Launcher - printing com.squareup.javapoet.CodeBlockTest to /tmp/Ex2Amplifier-experiments/target/dspot/tmp_test_sources
[43535] DEBUG Launcher - printing com.squareup.javapoet.CodeBlockTest to /tmp/Ex2Amplifier-experiments/target/dspot/tmp_test_sources
[43544] DEBUG Launcher - building sources: [/tmp/Ex2Amplifier-experiments/target/dspot/tmp_test_sources/com/squareup/javapoet/CodeBlockTest.java]
[43545] DEBUG Launcher - build args: [-encoding, UTF-8, -cp, /home/spirals/danglot/.m2/repository/com/google/truth/truth/0.28/truth-0.28.jar:/home/spirals/danglot/.m2/repository/com/google/guava/guava/18.0/guava-18.0.jar:/home/spirals/danglot/.m2/repository/com/google/testing/compile/compile-testing/0.9/compile-testing-0.9.jar:/home/spirals/danglot/jdk1.8.0_121/jre/../lib/tools.jar:/home/spirals/danglot/.m2/repository/junit/junit/4.12/junit-4.12.jar:/home/spirals/danglot/.m2/repository/org/hamcrest/hamcrest-core/1.3/hamcrest-core-1.3.jar:/home/spirals/danglot/.m2/repository/com/google/jimfs/jimfs/1.0/jimfs-1.0.jar:/home/spirals/danglot/.m2/repository/org/mockito/mockito-core/1.10.16/mockito-core-1.10.16.jar:/home/spirals/danglot/.m2/repository/org/objenesis/objenesis/2.1/objenesis-2.1.jar:/home/spirals/danglot/.m2/repository/org/eclipse/jdt/core/compiler/ecj/4.4.2/ecj-4.4.2.jar:target/dspot/dependencies/:dataset/may-2018/javapoet/562//target/classes:dataset/may-2018/javapoet/562//target/test-classes:, -1.8, -preserveAllLocals, -noExit, -enableJavadoc, /tmp/Ex2Amplifier-experiments/target/dspot/tmp_test_sources/com/squareup/javapoet/CodeBlockTest.java]
[43596] DEBUG Launcher - built in 52 ms
[43596] DEBUG Launcher - building templates: []
[43596] DEBUG Launcher - built in 0 ms
[43596] DEBUG Launcher - model built in 52
[43596] DEBUG Launcher - compiling sources: [/tmp/Ex2Amplifier-experiments/target/dspot/tmp_test_sources/com/squareup/javapoet/CodeBlockTest.java]
[43597] DEBUG Launcher - compile args: [-encoding, UTF-8, -cp, /home/spirals/danglot/.m2/repository/com/google/truth/truth/0.28/truth-0.28.jar:/home/spirals/danglot/.m2/repository/com/google/guava/guava/18.0/guava-18.0.jar:/home/spirals/danglot/.m2/repository/com/google/testing/compile/compile-testing/0.9/compile-testing-0.9.jar:/home/spirals/danglot/jdk1.8.0_121/jre/../lib/tools.jar:/home/spirals/danglot/.m2/repository/junit/junit/4.12/junit-4.12.jar:/home/spirals/danglot/.m2/repository/org/hamcrest/hamcrest-core/1.3/hamcrest-core-1.3.jar:/home/spirals/danglot/.m2/repository/com/google/jimfs/jimfs/1.0/jimfs-1.0.jar:/home/spirals/danglot/.m2/repository/org/mockito/mockito-core/1.10.16/mockito-core-1.10.16.jar:/home/spirals/danglot/.m2/repository/org/objenesis/objenesis/2.1/objenesis-2.1.jar:/home/spirals/danglot/.m2/repository/org/eclipse/jdt/core/compiler/ecj/4.4.2/ecj-4.4.2.jar:target/dspot/dependencies/:dataset/may-2018/javapoet/562//target/classes:dataset/may-2018/javapoet/562//target/test-classes:, -d, /tmp/Ex2Amplifier-experiments/dataset/may-2018/javapoet/562_modified/target/test-classes, -1.8, -proc:none, -preserveAllLocals, -noExit, -enableJavadoc, /tmp/Ex2Amplifier-experiments/target/dspot/tmp_test_sources/com/squareup/javapoet/CodeBlockTest.java]
[43652] DEBUG Launcher - compiled in 56 ms
[44093] INFO Amplification - 0 amplified test(s) has been selected, global: 0
[44093] INFO DSpot - elapsedTime 3806
======= REPORT =======
0 amplified test fails on the new versions.

[44682] INFO DSpot - Print AmplCodeBlockTest with 0?amplified test cases in results/may-2018/javapoet/562/A_ampl
[44682] DEBUG Launcher - printing com.squareup.javapoet.AmplCodeBlockTest to /tmp/Ex2Amplifier-experiments/results/may-2018/javapoet/562/A_ampl
[44990] INFO Amplification - amplification of com.squareup.javapoet.TypeSpecTest (9 test(s))
[45077] DEBUG Launcher - printing com.squareup.javapoet.TypeSpecTest to /tmp/Ex2Amplifier-experiments/target/dspot/tmp_test_sources
[46691] INFO Amplification - Try to add assertions before amplification
[46925] INFO AssertGenerator - Run tests. (9)
[46960] DEBUG Launcher - printing com.squareup.javapoet.TypeSpecTest to /tmp/Ex2Amplifier-experiments/target/dspot/tmp_test_sources
[48571] INFO AssertGenerator - 9 test pass, generating assertion...
[48616] INFO MethodsAssertGenerator - Add observations points in passing tests.
[48616] INFO MethodsAssertGenerator - Instrumentation...

 11% |===== ]/
 22% |=========== ]-
 33% |================ ]\
 44% |====================== ]|
 55% |=========================== ]/
 66% |================================= ]-
 77% |====================================== ]\
 88% |============================================ ]|
100% |================================================== ]/
[48662] INFO MethodsAssertGenerator - Run instrumented tests. (27)
[48734] DEBUG Launcher - printing com.squareup.javapoet.TypeSpecTest to /tmp/Ex2Amplifier-experiments/target/dspot/tmp_test_sources
[58010] INFO MethodsAssertGenerator - Generating assertions...
[58121] INFO AssertGenerator - 7 new tests with assertions generated
[58269] DEBUG Launcher - printing com.squareup.javapoet.TypeSpecTest to /tmp/Ex2Amplifier-experiments/target/dspot/tmp_test_sources
[64277] DEBUG Launcher - printing com.squareup.javapoet.TypeSpecTest to /tmp/Ex2Amplifier-experiments/target/dspot/tmp_test_sources
[64841] DEBUG Launcher - building sources: [/tmp/Ex2Amplifier-experiments/target/dspot/tmp_test_sources/com/squareup/javapoet/TypeSpecTest.java]
[64844] DEBUG Launcher - build args: [-encoding, UTF-8, -cp, /home/spirals/danglot/.m2/repository/com/google/truth/truth/0.28/truth-0.28.jar:/home/spirals/danglot/.m2/repository/com/google/guava/guava/18.0/guava-18.0.jar:/home/spirals/danglot/.m2/repository/com/google/testing/compile/compile-testing/0.9/compile-testing-0.9.jar:/home/spirals/danglot/jdk1.8.0_121/jre/../lib/tools.jar:/home/spirals/danglot/.m2/repository/junit/junit/4.12/junit-4.12.jar:/home/spirals/danglot/.m2/repository/org/hamcrest/hamcrest-core/1.3/hamcrest-core-1.3.jar:/home/spirals/danglot/.m2/repository/com/google/jimfs/jimfs/1.0/jimfs-1.0.jar:/home/spirals/danglot/.m2/repository/org/mockito/mockito-core/1.10.16/mockito-core-1.10.16.jar:/home/spirals/danglot/.m2/repository/org/objenesis/objenesis/2.1/objenesis-2.1.jar:/home/spirals/danglot/.m2/repository/org/eclipse/jdt/core/compiler/ecj/4.4.2/ecj-4.4.2.jar:target/dspot/dependencies/:dataset/may-2018/javapoet/562//target/classes:dataset/may-2018/javapoet/562//target/test-classes:, -1.8, -preserveAllLocals, -noExit, -enableJavadoc, /tmp/Ex2Amplifier-experiments/target/dspot/tmp_test_sources/com/squareup/javapoet/TypeSpecTest.java]
[65013] DEBUG Launcher - built in 172 ms
[65013] DEBUG Launcher - building templates: []
[65013] DEBUG Launcher - built in 0 ms
[65040] DEBUG Launcher - model built in 199
[65040] DEBUG Launcher - compiling sources: [/tmp/Ex2Amplifier-experiments/target/dspot/tmp_test_sources/com/squareup/javapoet/TypeSpecTest.java]
[65081] DEBUG Launcher - compile args: [-encoding, UTF-8, -cp, /home/spirals/danglot/.m2/repository/com/google/truth/truth/0.28/truth-0.28.jar:/home/spirals/danglot/.m2/repository/com/google/guava/guava/18.0/guava-18.0.jar:/home/spirals/danglot/.m2/repository/com/google/testing/compile/compile-testing/0.9/compile-testing-0.9.jar:/home/spirals/danglot/jdk1.8.0_121/jre/../lib/tools.jar:/home/spirals/danglot/.m2/repository/junit/junit/4.12/junit-4.12.jar:/home/spirals/danglot/.m2/repository/org/hamcrest/hamcrest-core/1.3/hamcrest-core-1.3.jar:/home/spirals/danglot/.m2/repository/com/google/jimfs/jimfs/1.0/jimfs-1.0.jar:/home/spirals/danglot/.m2/repository/org/mockito/mockito-core/1.10.16/mockito-core-1.10.16.jar:/home/spirals/danglot/.m2/repository/org/objenesis/objenesis/2.1/objenesis-2.1.jar:/home/spirals/danglot/.m2/repository/org/eclipse/jdt/core/compiler/ecj/4.4.2/ecj-4.4.2.jar:target/dspot/dependencies/:dataset/may-2018/javapoet/562//target/classes:dataset/may-2018/javapoet/562//target/test-classes:, -d, /tmp/Ex2Amplifier-experiments/dataset/may-2018/javapoet/562_modified/target/test-classes, -1.8, -proc:none, -preserveAllLocals, -noExit, -enableJavadoc, /tmp/Ex2Amplifier-experiments/target/dspot/tmp_test_sources/com/squareup/javapoet/TypeSpecTest.java]
[71627] DEBUG Launcher - compiled in 6587 ms
[72924] INFO Amplification - 0 amplified test(s) has been selected, global: 0
[72924] INFO DSpot - elapsedTime 28086
======= REPORT =======
0 amplified test fails on the new versions.

[76830] INFO DSpot - Print AmplTypeSpecTest with 0?amplified test cases in results/may-2018/javapoet/562/A_ampl
[76831] DEBUG Launcher - printing com.squareup.javapoet.AmplTypeSpecTest to /tmp/Ex2Amplifier-experiments/results/may-2018/javapoet/562/A_ampl
[76932] INFO Amplification - amplification of com.squareup.javapoet.JavaFileTest (1 test(s))
[76948] DEBUG Launcher - printing com.squareup.javapoet.JavaFileTest to /tmp/Ex2Amplifier-experiments/target/dspot/tmp_test_sources
[77505] INFO Amplification - Try to add assertions before amplification
[77563] INFO AssertGenerator - Run tests. (1)
[77571] DEBUG Launcher - printing com.squareup.javapoet.JavaFileTest to /tmp/Ex2Amplifier-experiments/target/dspot/tmp_test_sources
[78169] INFO AssertGenerator - 1 test pass, generating assertion...
[78178] INFO MethodsAssertGenerator - Add observations points in passing tests.
[78178] INFO MethodsAssertGenerator - Instrumentation...

100% |================================================== ]/
[78181] INFO MethodsAssertGenerator - Run instrumented tests. (3)
[78193] DEBUG Launcher - printing com.squareup.javapoet.JavaFileTest to /tmp/Ex2Amplifier-experiments/target/dspot/tmp_test_sources
[78831] INFO MethodsAssertGenerator - Generating assertions...
[78833] INFO AssertGenerator - 1 new tests with assertions generated
[78852] DEBUG Launcher - printing com.squareup.javapoet.JavaFileTest to /tmp/Ex2Amplifier-experiments/target/dspot/tmp_test_sources
[80826] DEBUG Launcher - printing com.squareup.javapoet.JavaFileTest to /tmp/Ex2Amplifier-experiments/target/dspot/tmp_test_sources
[80836] DEBUG Launcher - building sources: [/tmp/Ex2Amplifier-experiments/target/dspot/tmp_test_sources/com/squareup/javapoet/JavaFileTest.java]
[80837] DEBUG Launcher - build args: [-encoding, UTF-8, -cp, /home/spirals/danglot/.m2/repository/com/google/truth/truth/0.28/truth-0.28.jar:/home/spirals/danglot/.m2/repository/com/google/guava/guava/18.0/guava-18.0.jar:/home/spirals/danglot/.m2/repository/com/google/testing/compile/compile-testing/0.9/compile-testing-0.9.jar:/home/spirals/danglot/jdk1.8.0_121/jre/../lib/tools.jar:/home/spirals/danglot/.m2/repository/junit/junit/4.12/junit-4.12.jar:/home/spirals/danglot/.m2/repository/org/hamcrest/hamcrest-core/1.3/hamcrest-core-1.3.jar:/home/spirals/danglot/.m2/repository/com/google/jimfs/jimfs/1.0/jimfs-1.0.jar:/home/spirals/danglot/.m2/repository/org/mockito/mockito-core/1.10.16/mockito-core-1.10.16.jar:/home/spirals/danglot/.m2/repository/org/objenesis/objenesis/2.1/objenesis-2.1.jar:/home/spirals/danglot/.m2/repository/org/eclipse/jdt/core/compiler/ecj/4.4.2/ecj-4.4.2.jar:target/dspot/dependencies/:dataset/may-2018/javapoet/562//target/classes:dataset/may-2018/javapoet/562//target/test-classes:, -1.8, -preserveAllLocals, -noExit, -enableJavadoc, /tmp/Ex2Amplifier-experiments/target/dspot/tmp_test_sources/com/squareup/javapoet/JavaFileTest.java]
[80912] DEBUG Launcher - built in 76 ms
[80912] DEBUG Launcher - building templates: []
[80912] DEBUG Launcher - built in 0 ms
[80912] DEBUG Launcher - model built in 76
[80912] DEBUG Launcher - compiling sources: [/tmp/Ex2Amplifier-experiments/target/dspot/tmp_test_sources/com/squareup/javapoet/JavaFileTest.java]
[80913] DEBUG Launcher - compile args: [-encoding, UTF-8, -cp, /home/spirals/danglot/.m2/repository/com/google/truth/truth/0.28/truth-0.28.jar:/home/spirals/danglot/.m2/repository/com/google/guava/guava/18.0/guava-18.0.jar:/home/spirals/danglot/.m2/repository/com/google/testing/compile/compile-testing/0.9/compile-testing-0.9.jar:/home/spirals/danglot/jdk1.8.0_121/jre/../lib/tools.jar:/home/spirals/danglot/.m2/repository/junit/junit/4.12/junit-4.12.jar:/home/spirals/danglot/.m2/repository/org/hamcrest/hamcrest-core/1.3/hamcrest-core-1.3.jar:/home/spirals/danglot/.m2/repository/com/google/jimfs/jimfs/1.0/jimfs-1.0.jar:/home/spirals/danglot/.m2/repository/org/mockito/mockito-core/1.10.16/mockito-core-1.10.16.jar:/home/spirals/danglot/.m2/repository/org/objenesis/objenesis/2.1/objenesis-2.1.jar:/home/spirals/danglot/.m2/repository/org/eclipse/jdt/core/compiler/ecj/4.4.2/ecj-4.4.2.jar:target/dspot/dependencies/:dataset/may-2018/javapoet/562//target/classes:dataset/may-2018/javapoet/562//target/test-classes:, -d, /tmp/Ex2Amplifier-experiments/dataset/may-2018/javapoet/562_modified/target/test-classes, -1.8, -proc:none, -preserveAllLocals, -noExit, -enableJavadoc, /tmp/Ex2Amplifier-experiments/target/dspot/tmp_test_sources/com/squareup/javapoet/JavaFileTest.java]
[80973] DEBUG Launcher - compiled in 61 ms
[81390] INFO Amplification - 0 amplified test(s) has been selected, global: 0
[81390] INFO DSpot - elapsedTime 4506
======= REPORT =======
0 amplified test fails on the new versions.

[82417] INFO DSpot - Print AmplJavaFileTest with 0?amplified test cases in results/may-2018/javapoet/562/A_ampl
[82417] DEBUG Launcher - printing com.squareup.javapoet.AmplJavaFileTest to /tmp/Ex2Amplifier-experiments/results/may-2018/javapoet/562/A_ampl
[82582] INFO Amplification - amplification of com.squareup.javapoet.TypeNameTest (2 test(s))
[82590] DEBUG Launcher - printing com.squareup.javapoet.TypeNameTest to /tmp/Ex2Amplifier-experiments/target/dspot/tmp_test_sources
[83123] INFO Amplification - Try to add assertions before amplification
[83227] INFO AssertGenerator - Run tests. (2)
[83232] DEBUG Launcher - printing com.squareup.javapoet.TypeNameTest to /tmp/Ex2Amplifier-experiments/target/dspot/tmp_test_sources
[83730] INFO AssertGenerator - 2 test pass, generating assertion...
[83735] INFO MethodsAssertGenerator - Add observations points in passing tests.
[83735] INFO MethodsAssertGenerator - Instrumentation...

 50% |========================= ]/
100% |================================================== ]-
[83741] INFO MethodsAssertGenerator - Run instrumented tests. (6)
[83749] DEBUG Launcher - printing com.squareup.javapoet.TypeNameTest to /tmp/Ex2Amplifier-experiments/target/dspot/tmp_test_sources
[88512] INFO MethodsAssertGenerator - Generating assertions...
[88583] INFO AssertGenerator - 2 new tests with assertions generated
[88599] DEBUG Launcher - printing com.squareup.javapoet.TypeNameTest to /tmp/Ex2Amplifier-experiments/target/dspot/tmp_test_sources
[90205] DEBUG Launcher - printing com.squareup.javapoet.TypeNameTest to /tmp/Ex2Amplifier-experiments/target/dspot/tmp_test_sources
[90657] DEBUG Launcher - building sources: [/tmp/Ex2Amplifier-experiments/target/dspot/tmp_test_sources/com/squareup/javapoet/TypeNameTest.java]
[90660] DEBUG Launcher - build args: [-encoding, UTF-8, -cp, /home/spirals/danglot/.m2/repository/com/google/truth/truth/0.28/truth-0.28.jar:/home/spirals/danglot/.m2/repository/com/google/guava/guava/18.0/guava-18.0.jar:/home/spirals/danglot/.m2/repository/com/google/testing/compile/compile-testing/0.9/compile-testing-0.9.jar:/home/spirals/danglot/jdk1.8.0_121/jre/../lib/tools.jar:/home/spirals/danglot/.m2/repository/junit/junit/4.12/junit-4.12.jar:/home/spirals/danglot/.m2/repository/org/hamcrest/hamcrest-core/1.3/hamcrest-core-1.3.jar:/home/spirals/danglot/.m2/repository/com/google/jimfs/jimfs/1.0/jimfs-1.0.jar:/home/spirals/danglot/.m2/repository/org/mockito/mockito-core/1.10.16/mockito-core-1.10.16.jar:/home/spirals/danglot/.m2/repository/org/objenesis/objenesis/2.1/objenesis-2.1.jar:/home/spirals/danglot/.m2/repository/org/eclipse/jdt/core/compiler/ecj/4.4.2/ecj-4.4.2.jar:target/dspot/dependencies/:dataset/may-2018/javapoet/562//target/classes:dataset/may-2018/javapoet/562//target/test-classes:, -1.8, -preserveAllLocals, -noExit, -enableJavadoc, /tmp/Ex2Amplifier-experiments/target/dspot/tmp_test_sources/com/squareup/javapoet/TypeNameTest.java]
[90783] DEBUG Launcher - built in 126 ms
[90783] DEBUG Launcher - building templates: []
[90783] DEBUG Launcher - built in 0 ms
[90793] DEBUG Launcher - model built in 136
[90793] DEBUG Launcher - compiling sources: [/tmp/Ex2Amplifier-experiments/target/dspot/tmp_test_sources/com/squareup/javapoet/TypeNameTest.java]
[90804] DEBUG Launcher - compile args: [-encoding, UTF-8, -cp, /home/spirals/danglot/.m2/repository/com/google/truth/truth/0.28/truth-0.28.jar:/home/spirals/danglot/.m2/repository/com/google/guava/guava/18.0/guava-18.0.jar:/home/spirals/danglot/.m2/repository/com/google/testing/compile/compile-testing/0.9/compile-testing-0.9.jar:/home/spirals/danglot/jdk1.8.0_121/jre/../lib/tools.jar:/home/spirals/danglot/.m2/repository/junit/junit/4.12/junit-4.12.jar:/home/spirals/danglot/.m2/repository/org/hamcrest/hamcrest-core/1.3/hamcrest-core-1.3.jar:/home/spirals/danglot/.m2/repository/com/google/jimfs/jimfs/1.0/jimfs-1.0.jar:/home/spirals/danglot/.m2/repository/org/mockito/mockito-core/1.10.16/mockito-core-1.10.16.jar:/home/spirals/danglot/.m2/repository/org/objenesis/objenesis/2.1/objenesis-2.1.jar:/home/spirals/danglot/.m2/repository/org/eclipse/jdt/core/compiler/ecj/4.4.2/ecj-4.4.2.jar:target/dspot/dependencies/:dataset/may-2018/javapoet/562//target/classes:dataset/may-2018/javapoet/562//target/test-classes:, -d, /tmp/Ex2Amplifier-experiments/dataset/may-2018/javapoet/562_modified/target/test-classes, -1.8, -proc:none, -preserveAllLocals, -noExit, -enableJavadoc, /tmp/Ex2Amplifier-experiments/target/dspot/tmp_test_sources/com/squareup/javapoet/TypeNameTest.java]
[95864] DEBUG Launcher - compiled in 5071 ms
[96304] INFO Amplification - 0 amplified test(s) has been selected, global: 0
[96305] INFO DSpot - elapsedTime 13803
======= REPORT =======
0 amplified test fails on the new versions.

[96836] INFO DSpot - Print AmplTypeNameTest with 0?amplified test cases in results/may-2018/javapoet/562/A_ampl
[96836] DEBUG Launcher - printing com.squareup.javapoet.AmplTypeNameTest to /tmp/Ex2Amplifier-experiments/results/may-2018/javapoet/562/A_ampl
[96933] INFO Amplification - amplification of com.squareup.javapoet.ClassNameTest (5 test(s))
[96939] DEBUG Launcher - printing com.squareup.javapoet.ClassNameTest to /tmp/Ex2Amplifier-experiments/target/dspot/tmp_test_sources
[98177] INFO Amplification - Try to add assertions before amplification
[98233] INFO AssertGenerator - Run tests. (5)
[98236] DEBUG Launcher - printing com.squareup.javapoet.ClassNameTest to /tmp/Ex2Amplifier-experiments/target/dspot/tmp_test_sources
[99484] INFO AssertGenerator - 5 test pass, generating assertion...
[99485] INFO MethodsAssertGenerator - Add observations points in passing tests.
[99486] INFO MethodsAssertGenerator - Instrumentation...

 20% |========== ]/
 40% |==================== ]-
 60% |============================== ]\
 80% |======================================== ]|
100% |================================================== ]/
[99493] INFO MethodsAssertGenerator - Run instrumented tests. (15)
[99499] DEBUG Launcher - printing com.squareup.javapoet.ClassNameTest to /tmp/Ex2Amplifier-experiments/target/dspot/tmp_test_sources
[102826] INFO MethodsAssertGenerator - Generating assertions...
[102854] INFO AssertGenerator - 2 new tests with assertions generated
[102865] DEBUG Launcher - printing com.squareup.javapoet.ClassNameTest to /tmp/Ex2Amplifier-experiments/target/dspot/tmp_test_sources
[104301] DEBUG Launcher - printing com.squareup.javapoet.ClassNameTest to /tmp/Ex2Amplifier-experiments/target/dspot/tmp_test_sources
[104401] DEBUG Launcher - building sources: [/tmp/Ex2Amplifier-experiments/target/dspot/tmp_test_sources/com/squareup/javapoet/ClassNameTest.java]
[104401] DEBUG Launcher - build args: [-encoding, UTF-8, -cp, /home/spirals/danglot/.m2/repository/com/google/truth/truth/0.28/truth-0.28.jar:/home/spirals/danglot/.m2/repository/com/google/guava/guava/18.0/guava-18.0.jar:/home/spirals/danglot/.m2/repository/com/google/testing/compile/compile-testing/0.9/compile-testing-0.9.jar:/home/spirals/danglot/jdk1.8.0_121/jre/../lib/tools.jar:/home/spirals/danglot/.m2/repository/junit/junit/4.12/junit-4.12.jar:/home/spirals/danglot/.m2/repository/org/hamcrest/hamcrest-core/1.3/hamcrest-core-1.3.jar:/home/spirals/danglot/.m2/repository/com/google/jimfs/jimfs/1.0/jimfs-1.0.jar:/home/spirals/danglot/.m2/repository/org/mockito/mockito-core/1.10.16/mockito-core-1.10.16.jar:/home/spirals/danglot/.m2/repository/org/objenesis/objenesis/2.1/objenesis-2.1.jar:/home/spirals/danglot/.m2/repository/org/eclipse/jdt/core/compiler/ecj/4.4.2/ecj-4.4.2.jar:target/dspot/dependencies/:dataset/may-2018/javapoet/562//target/classes:dataset/may-2018/javapoet/562//target/test-classes:, -1.8, -preserveAllLocals, -noExit, -enableJavadoc, /tmp/Ex2Amplifier-experiments/target/dspot/tmp_test_sources/com/squareup/javapoet/ClassNameTest.java]
[104498] DEBUG Launcher - built in 97 ms
[104498] DEBUG Launcher - building templates: []
[104498] DEBUG Launcher - built in 0 ms
[104501] DEBUG Launcher - model built in 100
[104501] DEBUG Launcher - compiling sources: [/tmp/Ex2Amplifier-experiments/target/dspot/tmp_test_sources/com/squareup/javapoet/ClassNameTest.java]
[104505] DEBUG Launcher - compile args: [-encoding, UTF-8, -cp, /home/spirals/danglot/.m2/repository/com/google/truth/truth/0.28/truth-0.28.jar:/home/spirals/danglot/.m2/repository/com/google/guava/guava/18.0/guava-18.0.jar:/home/spirals/danglot/.m2/repository/com/google/testing/compile/compile-testing/0.9/compile-testing-0.9.jar:/home/spirals/danglot/jdk1.8.0_121/jre/../lib/tools.jar:/home/spirals/danglot/.m2/repository/junit/junit/4.12/junit-4.12.jar:/home/spirals/danglot/.m2/repository/org/hamcrest/hamcrest-core/1.3/hamcrest-core-1.3.jar:/home/spirals/danglot/.m2/repository/com/google/jimfs/jimfs/1.0/jimfs-1.0.jar:/home/spirals/danglot/.m2/repository/org/mockito/mockito-core/1.10.16/mockito-core-1.10.16.jar:/home/spirals/danglot/.m2/repository/org/objenesis/objenesis/2.1/objenesis-2.1.jar:/home/spirals/danglot/.m2/repository/org/eclipse/jdt/core/compiler/ecj/4.4.2/ecj-4.4.2.jar:target/dspot/dependencies/:dataset/may-2018/javapoet/562//target/classes:dataset/may-2018/javapoet/562//target/test-classes:, -d, /tmp/Ex2Amplifier-experiments/dataset/may-2018/javapoet/562_modified/target/test-classes, -1.8, -proc:none, -preserveAllLocals, -noExit, -enableJavadoc, /tmp/Ex2Amplifier-experiments/target/dspot/tmp_test_sources/com/squareup/javapoet/ClassNameTest.java]
[105613] DEBUG Launcher - compiled in 1112 ms
[106720] INFO Amplification - 0 amplified test(s) has been selected, global: 0
[106720] INFO DSpot - elapsedTime 9833
======= REPORT =======
0 amplified test fails on the new versions.

[106801] INFO DSpot - Print AmplClassNameTest with 0?amplified test cases in results/may-2018/javapoet/562/A_ampl
[106801] DEBUG Launcher - printing com.squareup.javapoet.AmplClassNameTest to /tmp/Ex2Amplifier-experiments/results/may-2018/javapoet/562/A_ampl
[107651] INFO Amplification - amplification of com.squareup.javapoet.AbstractTypesTest (6 test(s))
[107665] DEBUG Launcher - printing com.squareup.javapoet.AbstractTypesTest to /tmp/Ex2Amplifier-experiments/target/dspot/tmp_test_sources
[111502] INFO Amplification - Try to add assertions before amplification
[111983] INFO AssertGenerator - Run tests. (6)
[111989] DEBUG Launcher - printing com.squareup.javapoet.AbstractTypesTest to /tmp/Ex2Amplifier-experiments/target/dspot/tmp_test_sources
[115827] INFO AssertGenerator - 12 test pass, generating assertion...
[115832] INFO MethodsAssertGenerator - Add observations points in passing tests.
[115832] INFO MethodsAssertGenerator - Instrumentation...

 16% |======== ]/
 33% |================ ]-
 50% |========================= ]\
 66% |================================= ]|
 83% |========================================= ]/
100% |================================================== ]-
[115847] INFO MethodsAssertGenerator - Run instrumented tests. (18)
[115857] DEBUG Launcher - printing com.squareup.javapoet.AbstractTypesTest to /tmp/Ex2Amplifier-experiments/target/dspot/tmp_test_sources
[141072] INFO MethodsAssertGenerator - Generating assertions...
[141177] INFO AssertGenerator - 6 new tests with assertions generated
[141205] DEBUG Launcher - printing com.squareup.javapoet.AbstractTypesTest to /tmp/Ex2Amplifier-experiments/target/dspot/tmp_test_sources
[146911] DEBUG Launcher - printing com.squareup.javapoet.AbstractTypesTest to /tmp/Ex2Amplifier-experiments/target/dspot/tmp_test_sources
[147706] DEBUG Launcher - building sources: [/tmp/Ex2Amplifier-experiments/target/dspot/tmp_test_sources/com/squareup/javapoet/AbstractTypesTest.java]
[147708] DEBUG Launcher - build args: [-encoding, UTF-8, -cp, /home/spirals/danglot/.m2/repository/com/google/truth/truth/0.28/truth-0.28.jar:/home/spirals/danglot/.m2/repository/com/google/guava/guava/18.0/guava-18.0.jar:/home/spirals/danglot/.m2/repository/com/google/testing/compile/compile-testing/0.9/compile-testing-0.9.jar:/home/spirals/danglot/jdk1.8.0_121/jre/../lib/tools.jar:/home/spirals/danglot/.m2/repository/junit/junit/4.12/junit-4.12.jar:/home/spirals/danglot/.m2/repository/org/hamcrest/hamcrest-core/1.3/hamcrest-core-1.3.jar:/home/spirals/danglot/.m2/repository/com/google/jimfs/jimfs/1.0/jimfs-1.0.jar:/home/spirals/danglot/.m2/repository/org/mockito/mockito-core/1.10.16/mockito-core-1.10.16.jar:/home/spirals/danglot/.m2/repository/org/objenesis/objenesis/2.1/objenesis-2.1.jar:/home/spirals/danglot/.m2/repository/org/eclipse/jdt/core/compiler/ecj/4.4.2/ecj-4.4.2.jar:target/dspot/dependencies/:dataset/may-2018/javapoet/562//target/classes:dataset/may-2018/javapoet/562//target/test-classes:, -1.8, -preserveAllLocals, -noExit, -enableJavadoc, /tmp/Ex2Amplifier-experiments/target/dspot/tmp_test_sources/com/squareup/javapoet/AbstractTypesTest.java]
[147875] DEBUG Launcher - built in 169 ms
[147875] DEBUG Launcher - building templates: []
[147875] DEBUG Launcher - built in 0 ms
[147897] DEBUG Launcher - model built in 191
[147897] DEBUG Launcher - compiling sources: [/tmp/Ex2Amplifier-experiments/target/dspot/tmp_test_sources/com/squareup/javapoet/AbstractTypesTest.java]
[147926] DEBUG Launcher - compile args: [-encoding, UTF-8, -cp, /home/spirals/danglot/.m2/repository/com/google/truth/truth/0.28/truth-0.28.jar:/home/spirals/danglot/.m2/repository/com/google/guava/guava/18.0/guava-18.0.jar:/home/spirals/danglot/.m2/repository/com/google/testing/compile/compile-testing/0.9/compile-testing-0.9.jar:/home/spirals/danglot/jdk1.8.0_121/jre/../lib/tools.jar:/home/spirals/danglot/.m2/repository/junit/junit/4.12/junit-4.12.jar:/home/spirals/danglot/.m2/repository/org/hamcrest/hamcrest-core/1.3/hamcrest-core-1.3.jar:/home/spirals/danglot/.m2/repository/com/google/jimfs/jimfs/1.0/jimfs-1.0.jar:/home/spirals/danglot/.m2/repository/org/mockito/mockito-core/1.10.16/mockito-core-1.10.16.jar:/home/spirals/danglot/.m2/repository/org/objenesis/objenesis/2.1/objenesis-2.1.jar:/home/spirals/danglot/.m2/repository/org/eclipse/jdt/core/compiler/ecj/4.4.2/ecj-4.4.2.jar:target/dspot/dependencies/:dataset/may-2018/javapoet/562//target/classes:dataset/may-2018/javapoet/562//target/test-classes:, -d, /tmp/Ex2Amplifier-experiments/dataset/may-2018/javapoet/562_modified/target/test-classes, -1.8, -proc:none, -preserveAllLocals, -noExit, -enableJavadoc, /tmp/Ex2Amplifier-experiments/target/dspot/tmp_test_sources/com/squareup/javapoet/AbstractTypesTest.java]
[157660] DEBUG Launcher - compiled in 9763 ms
[158098] INFO Amplification - 6 amplified test(s) has been selected, global: 6
[158099] INFO DSpot - elapsedTime 50875
======= REPORT =======
6 amplified test fails on the new versions.
getTypeVariableTypeMirror(com.squareup.javapoet.AbstractTypesTest): null
getBasicTypeMirror(com.squareup.javapoet.AbstractTypesTest): null
unbox(com.squareup.javapoet.AbstractTypesTest): null
getParameterizedTypeMirror(com.squareup.javapoet.AbstractTypesTest): null
box(com.squareup.javapoet.AbstractTypesTest): null
getErrorType(com.squareup.javapoet.AbstractTypesTest): null

[159125] INFO DSpot - Print AmplAbstractTypesTest with 6?amplified test cases in results/may-2018/javapoet/562/A_ampl
[159125] DEBUG Launcher - printing com.squareup.javapoet.AmplAbstractTypesTest to /tmp/Ex2Amplifier-experiments/results/may-2018/javapoet/562/A_ampl
[160094] INFO Amplification - amplification of com.squareup.javapoet.AnnotatedTypeNameTest (2 test(s))
[160100] DEBUG Launcher - printing com.squareup.javapoet.AnnotatedTypeNameTest to /tmp/Ex2Amplifier-experiments/target/dspot/tmp_test_sources
[160648] INFO Amplification - Try to add assertions before amplification
[160760] INFO AssertGenerator - Run tests. (2)
[160764] DEBUG Launcher - printing com.squareup.javapoet.AnnotatedTypeNameTest to /tmp/Ex2Amplifier-experiments/target/dspot/tmp_test_sources
[161298] INFO AssertGenerator - 2 test pass, generating assertion...
[161300] INFO MethodsAssertGenerator - Add observations points in passing tests.
[161301] INFO MethodsAssertGenerator - Instrumentation...

 50% |========================= ]/
100% |================================================== ]-
[161306] INFO MethodsAssertGenerator - Run instrumented tests. (6)
[161312] DEBUG Launcher - printing com.squareup.javapoet.AnnotatedTypeNameTest to /tmp/Ex2Amplifier-experiments/target/dspot/tmp_test_sources
[164501] INFO MethodsAssertGenerator - Generating assertions...
[164533] INFO AssertGenerator - 2 new tests with assertions generated
[164548] DEBUG Launcher - printing com.squareup.javapoet.AnnotatedTypeNameTest to /tmp/Ex2Amplifier-experiments/target/dspot/tmp_test_sources
[165515] DEBUG Launcher - printing com.squareup.javapoet.AnnotatedTypeNameTest to /tmp/Ex2Amplifier-experiments/target/dspot/tmp_test_sources
[165674] DEBUG Launcher - building sources: [/tmp/Ex2Amplifier-experiments/target/dspot/tmp_test_sources/com/squareup/javapoet/AnnotatedTypeNameTest.java]
[165674] DEBUG Launcher - build args: [-encoding, UTF-8, -cp, /home/spirals/danglot/.m2/repository/com/google/truth/truth/0.28/truth-0.28.jar:/home/spirals/danglot/.m2/repository/com/google/guava/guava/18.0/guava-18.0.jar:/home/spirals/danglot/.m2/repository/com/google/testing/compile/compile-testing/0.9/compile-testing-0.9.jar:/home/spirals/danglot/jdk1.8.0_121/jre/../lib/tools.jar:/home/spirals/danglot/.m2/repository/junit/junit/4.12/junit-4.12.jar:/home/spirals/danglot/.m2/repository/org/hamcrest/hamcrest-core/1.3/hamcrest-core-1.3.jar:/home/spirals/danglot/.m2/repository/com/google/jimfs/jimfs/1.0/jimfs-1.0.jar:/home/spirals/danglot/.m2/repository/org/mockito/mockito-core/1.10.16/mockito-core-1.10.16.jar:/home/spirals/danglot/.m2/repository/org/objenesis/objenesis/2.1/objenesis-2.1.jar:/home/spirals/danglot/.m2/repository/org/eclipse/jdt/core/compiler/ecj/4.4.2/ecj-4.4.2.jar:target/dspot/dependencies/:dataset/may-2018/javapoet/562//target/classes:dataset/may-2018/javapoet/562//target/test-classes:, -1.8, -preserveAllLocals, -noExit, -enableJavadoc, /tmp/Ex2Amplifier-experiments/target/dspot/tmp_test_sources/com/squareup/javapoet/AnnotatedTypeNameTest.java]
[165772] DEBUG Launcher - built in 98 ms
[165772] DEBUG Launcher - building templates: []
[165772] DEBUG Launcher - built in 0 ms
[165776] DEBUG Launcher - model built in 102
[165776] DEBUG Launcher - compiling sources: [/tmp/Ex2Amplifier-experiments/target/dspot/tmp_test_sources/com/squareup/javapoet/AnnotatedTypeNameTest.java]
[165781] DEBUG Launcher - compile args: [-encoding, UTF-8, -cp, /home/spirals/danglot/.m2/repository/com/google/truth/truth/0.28/truth-0.28.jar:/home/spirals/danglot/.m2/repository/com/google/guava/guava/18.0/guava-18.0.jar:/home/spirals/danglot/.m2/repository/com/google/testing/compile/compile-testing/0.9/compile-testing-0.9.jar:/home/spirals/danglot/jdk1.8.0_121/jre/../lib/tools.jar:/home/spirals/danglot/.m2/repository/junit/junit/4.12/junit-4.12.jar:/home/spirals/danglot/.m2/repository/org/hamcrest/hamcrest-core/1.3/hamcrest-core-1.3.jar:/home/spirals/danglot/.m2/repository/com/google/jimfs/jimfs/1.0/jimfs-1.0.jar:/home/spirals/danglot/.m2/repository/org/mockito/mockito-core/1.10.16/mockito-core-1.10.16.jar:/home/spirals/danglot/.m2/repository/org/objenesis/objenesis/2.1/objenesis-2.1.jar:/home/spirals/danglot/.m2/repository/org/eclipse/jdt/core/compiler/ecj/4.4.2/ecj-4.4.2.jar:target/dspot/dependencies/:dataset/may-2018/javapoet/562//target/classes:dataset/may-2018/javapoet/562//target/test-classes:, -d, /tmp/Ex2Amplifier-experiments/dataset/may-2018/javapoet/562_modified/target/test-classes, -1.8, -proc:none, -preserveAllLocals, -noExit, -enableJavadoc, /tmp/Ex2Amplifier-experiments/target/dspot/tmp_test_sources/com/squareup/javapoet/AnnotatedTypeNameTest.java]
[167456] DEBUG Launcher - compiled in 1680 ms
[167922] INFO Amplification - -6 amplified test(s) has been selected, global: 0
[167923] INFO DSpot - elapsedTime 7914
======= REPORT =======
0 amplified test fails on the new versions.

[168142] INFO DSpot - Print AmplAnnotatedTypeNameTest with 0?amplified test cases in results/may-2018/javapoet/562/A_ampl
[168143] DEBUG Launcher - printing com.squareup.javapoet.AmplAnnotatedTypeNameTest to /tmp/Ex2Amplifier-experiments/results/may-2018/javapoet/562/A_ampl
