SLF4J: Class path contains multiple SLF4J bindings.
SLF4J: Found binding in [jar:file:/home/spirals/danglot/.m2/repository/eu/stamp-project/test-runner/1.0.5/test-runner-1.0.5-jar-with-dependencies.jar!/org/slf4j/impl/StaticLoggerBinder.class]
SLF4J: Found binding in [jar:file:/home/spirals/danglot/.m2/repository/org/slf4j/slf4j-log4j12/1.7.25/slf4j-log4j12-1.7.25.jar!/org/slf4j/impl/StaticLoggerBinder.class]
SLF4J: See http://www.slf4j.org/codes.html#multiple_bindings for an explanation.
SLF4J: Actual binding is of type [org.slf4j.impl.Log4jLoggerFactory]
[0] WARN AutomaticBuilderFactory - No automatic builder specified in configuration, going to default.
[0] INFO AutomaticBuilderFactory - Default: provided Maven automatic builder.
[11] INFO MavenAutomaticBuilder - run maven clean test -DskipTests dependency:build-classpath -Dmdep.outputFile=target/dspot/classpath
[WARN] Maven will be executed in interactive mode, but no input stream has been configured for this MavenInvoker instance.
[INFO] Scanning for projects...
[INFO]                                                                         
[INFO] ------------------------------------------------------------------------
[INFO] Building JavaPoet 1.10.0-SNAPSHOT
[INFO] ------------------------------------------------------------------------
[INFO] 
[INFO] --- maven-clean-plugin:2.5:clean (default-clean) @ javapoet ---
[INFO] Deleting /tmp/Ex2Amplifier-experiments/dataset/may-2018/javapoet/567/target
[INFO] 
[INFO] --- maven-enforcer-plugin:1.0:enforce (enforce-maven) @ javapoet ---
[INFO] Skipping Rule Enforcement.
[INFO] 
[INFO] --- maven-resources-plugin:2.6:resources (default-resources) @ javapoet ---
[INFO] Using 'UTF-8' encoding to copy filtered resources.
[INFO] skip non existing resourceDirectory /tmp/Ex2Amplifier-experiments/dataset/may-2018/javapoet/567/src/main/resources
[INFO] 
[INFO] --- maven-compiler-plugin:3.6.1:compile (default-compile) @ javapoet ---
[INFO] Changes detected - recompiling the module!
[INFO] Compiling 17 source files to /tmp/Ex2Amplifier-experiments/dataset/may-2018/javapoet/567/target/classes
[INFO] 
[INFO] --- maven-resources-plugin:2.6:testResources (default-testResources) @ javapoet ---
[INFO] Using 'UTF-8' encoding to copy filtered resources.
[INFO] skip non existing resourceDirectory /tmp/Ex2Amplifier-experiments/dataset/may-2018/javapoet/567/src/test/resources
[INFO] 
[INFO] --- maven-compiler-plugin:3.6.1:testCompile (default-testCompile) @ javapoet ---
[INFO] Changes detected - recompiling the module!
[INFO] Compiling 19 source files to /tmp/Ex2Amplifier-experiments/dataset/may-2018/javapoet/567/target/test-classes
[INFO] 
[INFO] --- maven-surefire-plugin:2.12.4:test (default-test) @ javapoet ---
[INFO] Tests are skipped.
[INFO] 
[INFO] --- maven-dependency-plugin:2.8:build-classpath (default-cli) @ javapoet ---
[INFO] Wrote classpath file '/tmp/Ex2Amplifier-experiments/dataset/may-2018/javapoet/567/target/dspot/classpath'.
[INFO] ------------------------------------------------------------------------
[INFO] BUILD SUCCESS
[INFO] ------------------------------------------------------------------------
[INFO] Total time: 8.204 s
[INFO] Finished at: 2018-05-16T18:29:43+02:00
[INFO] Final Memory: 38M/1242M
[INFO] ------------------------------------------------------------------------
[12699] ERROR JDTCommentBuilder - // @Target(ElementType.TYPE_USE) requires Java 1.8 is not added into the AST
spoon.reflect.declaration.ParentNotInitializedException: parent not initialized for class spoon.support.reflect.code.CtCommentImpl (/tmp/Ex2Amplifier-experiments/dataset/may-2018/javapoet/567/src/test/java/com/squareup/javapoet/AnnotatedTypeNameTest.java:118)
	at spoon.support.reflect.declaration.CtElementImpl.getParent(CtElementImpl.java:340)
	at spoon.support.compiler.jdt.JDTCommentBuilder.insertCommentInAST(JDTCommentBuilder.java:474)
	at spoon.support.compiler.jdt.JDTCommentBuilder.buildComment(JDTCommentBuilder.java:152)
	at spoon.support.compiler.jdt.JDTCommentBuilder.build(JDTCommentBuilder.java:108)
	at spoon.support.compiler.jdt.JDTBasedSpoonCompiler.buildModel(JDTBasedSpoonCompiler.java:417)
	at spoon.support.compiler.jdt.JDTBasedSpoonCompiler.buildUnitsAndModel(JDTBasedSpoonCompiler.java:362)
	at spoon.support.compiler.jdt.JDTBasedSpoonCompiler.buildSources(JDTBasedSpoonCompiler.java:335)
	at spoon.support.compiler.jdt.JDTBasedSpoonCompiler.build(JDTBasedSpoonCompiler.java:116)
	at spoon.support.compiler.jdt.JDTBasedSpoonCompiler.build(JDTBasedSpoonCompiler.java:99)
	at spoon.Launcher.buildModel(Launcher.java:724)
	at fr.inria.diversify.utils.compilation.DSpotCompiler.getSpoonModelOf(DSpotCompiler.java:106)
	at fr.inria.diversify.utils.compilation.DSpotCompiler.createDSpotCompiler(DSpotCompiler.java:31)
	at fr.inria.diversify.dspot.DSpot.<init>(DSpot.java:103)
	at eu.stamp_project.Main.lambda$run$2(Main.java:134)
	at java.util.stream.ForEachOps$ForEachOp$OfRef.accept(ForEachOps.java:184)
	at java.util.stream.ReferencePipeline$2$1.accept(ReferencePipeline.java:175)
	at java.util.ArrayList$ArrayListSpliterator.forEachRemaining(ArrayList.java:1374)
	at java.util.stream.AbstractPipeline.copyInto(AbstractPipeline.java:481)
	at java.util.stream.AbstractPipeline.wrapAndCopyInto(AbstractPipeline.java:471)
	at java.util.stream.ForEachOps$ForEachOp.evaluateSequential(ForEachOps.java:151)
	at java.util.stream.ForEachOps$ForEachOp$OfRef.evaluateSequential(ForEachOps.java:174)
	at java.util.stream.AbstractPipeline.evaluate(AbstractPipeline.java:234)
	at java.util.stream.ReferencePipeline.forEach(ReferencePipeline.java:418)
	at eu.stamp_project.Main.run(Main.java:117)
	at eu.stamp_project.Main.main(Main.java:88)
[13039] WARN AutomaticBuilderFactory - No automatic builder specified in configuration, going to default.
[13040] INFO AutomaticBuilderFactory - Default: provided Maven automatic builder.
[13040] INFO MavenAutomaticBuilder - run maven clean test -DskipTests dependency:build-classpath -Dmdep.outputFile=target/dspot/classpath
[WARN] Maven will be executed in interactive mode, but no input stream has been configured for this MavenInvoker instance.
[INFO] Scanning for projects...
[INFO]                                                                         
[INFO] ------------------------------------------------------------------------
[INFO] Building JavaPoet 1.10.0-SNAPSHOT
[INFO] ------------------------------------------------------------------------
[INFO] 
[INFO] --- maven-clean-plugin:2.5:clean (default-clean) @ javapoet ---
[INFO] 
[INFO] --- maven-enforcer-plugin:1.0:enforce (enforce-maven) @ javapoet ---
[INFO] Skipping Rule Enforcement.
[INFO] 
[INFO] --- maven-resources-plugin:2.6:resources (default-resources) @ javapoet ---
[INFO] Using 'UTF-8' encoding to copy filtered resources.
[INFO] skip non existing resourceDirectory /tmp/Ex2Amplifier-experiments/dataset/may-2018/javapoet/567_modified/src/main/resources
[INFO] 
[INFO] --- maven-compiler-plugin:3.6.1:compile (default-compile) @ javapoet ---
[INFO] Changes detected - recompiling the module!
[INFO] Compiling 17 source files to /tmp/Ex2Amplifier-experiments/dataset/may-2018/javapoet/567_modified/target/classes
[INFO] 
[INFO] --- maven-resources-plugin:2.6:testResources (default-testResources) @ javapoet ---
[INFO] Using 'UTF-8' encoding to copy filtered resources.
[INFO] skip non existing resourceDirectory /tmp/Ex2Amplifier-experiments/dataset/may-2018/javapoet/567_modified/src/test/resources
[INFO] 
[INFO] --- maven-compiler-plugin:3.6.1:testCompile (default-testCompile) @ javapoet ---
[INFO] Changes detected - recompiling the module!
[INFO] Compiling 19 source files to /tmp/Ex2Amplifier-experiments/dataset/may-2018/javapoet/567_modified/target/test-classes
[INFO] 
[INFO] --- maven-surefire-plugin:2.12.4:test (default-test) @ javapoet ---
[INFO] Tests are skipped.
[INFO] 
[INFO] --- maven-dependency-plugin:2.8:build-classpath (default-cli) @ javapoet ---
[INFO] Wrote classpath file '/tmp/Ex2Amplifier-experiments/dataset/may-2018/javapoet/567_modified/target/dspot/classpath'.
[INFO] ------------------------------------------------------------------------
[INFO] BUILD SUCCESS
[INFO] ------------------------------------------------------------------------
[INFO] Total time: 8.347 s
[INFO] Finished at: 2018-05-16T18:29:56+02:00
[INFO] Final Memory: 38M/1210M
[INFO] ------------------------------------------------------------------------
[23274] INFO SelectorOnDiff - Selecting according to a diff between dataset/may-2018/javapoet/567/ and dataset/may-2018/javapoet/567_modified/ (08c7148ab302a364517f993c0fda33b1dca7bfe6)
[23282] INFO SelectorOnDiff - Modified files:
a/src/test/java/com/squareup/javapoet/TypeSpecTest.java
a/src/main/java/com/squareup/javapoet/CodeBlock.java
a/src/main/java/com/squareup/javapoet/MethodSpec.java
[43056] INFO Amplification - amplification of com.squareup.javapoet.MethodSpecTest (13 test(s))
[45062] INFO Amplification - Try to add assertions before amplification
[46422] INFO AssertGenerator - Run tests. (13)
[48231] INFO AssertGenerator - 13 test pass, generating assertion...
[48240] INFO MethodsAssertGenerator - Add observations points in passing tests.
[48240] INFO MethodsAssertGenerator - Instrumentation...

  7% |=== ]/
 15% |======= ]-
 23% |=========== ]\
 30% |=============== ]|
 38% |=================== ]/
 46% |======================= ]-
 53% |========================== ]\
 61% |============================== ]|
 69% |================================== ]/
 76% |====================================== ]-
 84% |========================================== ]\
 92% |============================================== ]|
100% |================================================== ]/
[48338] INFO MethodsAssertGenerator - Run instrumented tests. (39)
[53067] INFO MethodsAssertGenerator - Generating assertions...
[53139] INFO AssertGenerator - 6 new tests with assertions generated
[55453] DEBUG Launcher - building sources: [/tmp/Ex2Amplifier-experiments/target/dspot/tmp_test_sources/com/squareup/javapoet/MethodSpecTest.java]
[55454] DEBUG Launcher - build args: [-encoding, UTF-8, -cp, /home/spirals/danglot/.m2/repository/com/google/truth/truth/0.28/truth-0.28.jar:/home/spirals/danglot/.m2/repository/com/google/guava/guava/18.0/guava-18.0.jar:/home/spirals/danglot/.m2/repository/com/google/testing/compile/compile-testing/0.9/compile-testing-0.9.jar:/home/spirals/danglot/jdk1.8.0_121/jre/../lib/tools.jar:/home/spirals/danglot/.m2/repository/junit/junit/4.12/junit-4.12.jar:/home/spirals/danglot/.m2/repository/org/hamcrest/hamcrest-core/1.3/hamcrest-core-1.3.jar:/home/spirals/danglot/.m2/repository/com/google/jimfs/jimfs/1.0/jimfs-1.0.jar:/home/spirals/danglot/.m2/repository/org/mockito/mockito-core/1.10.16/mockito-core-1.10.16.jar:/home/spirals/danglot/.m2/repository/org/objenesis/objenesis/2.1/objenesis-2.1.jar:/home/spirals/danglot/.m2/repository/org/eclipse/jdt/core/compiler/ecj/4.4.2/ecj-4.4.2.jar:target/dspot/dependencies/:dataset/may-2018/javapoet/567//target/classes:dataset/may-2018/javapoet/567//target/test-classes:, -1.8, -preserveAllLocals, -noExit, -enableJavadoc, /tmp/Ex2Amplifier-experiments/target/dspot/tmp_test_sources/com/squareup/javapoet/MethodSpecTest.java]
[55567] DEBUG Launcher - built in 114 ms
[55567] DEBUG Launcher - building templates: []
[55567] DEBUG Launcher - built in 0 ms
[55569] DEBUG Launcher - model built in 116
[55570] DEBUG Launcher - compiling sources: [/tmp/Ex2Amplifier-experiments/target/dspot/tmp_test_sources/com/squareup/javapoet/MethodSpecTest.java]
[55575] DEBUG Launcher - compile args: [-encoding, UTF-8, -cp, /home/spirals/danglot/.m2/repository/com/google/truth/truth/0.28/truth-0.28.jar:/home/spirals/danglot/.m2/repository/com/google/guava/guava/18.0/guava-18.0.jar:/home/spirals/danglot/.m2/repository/com/google/testing/compile/compile-testing/0.9/compile-testing-0.9.jar:/home/spirals/danglot/jdk1.8.0_121/jre/../lib/tools.jar:/home/spirals/danglot/.m2/repository/junit/junit/4.12/junit-4.12.jar:/home/spirals/danglot/.m2/repository/org/hamcrest/hamcrest-core/1.3/hamcrest-core-1.3.jar:/home/spirals/danglot/.m2/repository/com/google/jimfs/jimfs/1.0/jimfs-1.0.jar:/home/spirals/danglot/.m2/repository/org/mockito/mockito-core/1.10.16/mockito-core-1.10.16.jar:/home/spirals/danglot/.m2/repository/org/objenesis/objenesis/2.1/objenesis-2.1.jar:/home/spirals/danglot/.m2/repository/org/eclipse/jdt/core/compiler/ecj/4.4.2/ecj-4.4.2.jar:target/dspot/dependencies/:dataset/may-2018/javapoet/567//target/classes:dataset/may-2018/javapoet/567//target/test-classes:, -d, /tmp/Ex2Amplifier-experiments/dataset/may-2018/javapoet/567_modified/target/test-classes, -1.8, -proc:none, -preserveAllLocals, -noExit, -enableJavadoc, /tmp/Ex2Amplifier-experiments/target/dspot/tmp_test_sources/com/squareup/javapoet/MethodSpecTest.java]
[56357] DEBUG Launcher - compiled in 787 ms
[57694] INFO Amplification - 0 amplified test(s) has been selected, global: 0
[57694] INFO DSpot - elapsedTime 15641
======= REPORT =======
0 amplified test fails on the new versions.

[58329] INFO DSpot - Print AmplMethodSpecTest with 0?amplified test cases in results/may-2018/javapoet/567/A_ampl
[58330] DEBUG Launcher - printing com.squareup.javapoet.AmplMethodSpecTest to /tmp/Ex2Amplifier-experiments/results/may-2018/javapoet/567/A_ampl
[59428] INFO Amplification - amplification of com.squareup.javapoet.CodeBlockTest (30 test(s))
[59447] DEBUG Launcher - printing com.squareup.javapoet.CodeBlockTest to /tmp/Ex2Amplifier-experiments/target/dspot/tmp_test_sources
[60019] INFO Amplification - Try to add assertions before amplification
[60714] INFO AssertGenerator - Run tests. (30)
[60726] DEBUG Launcher - printing com.squareup.javapoet.CodeBlockTest to /tmp/Ex2Amplifier-experiments/target/dspot/tmp_test_sources
[61300] INFO AssertGenerator - 30 test pass, generating assertion...
[61307] INFO MethodsAssertGenerator - Add observations points in passing tests.
[61307] INFO MethodsAssertGenerator - Instrumentation...

  3% |= ]/
  6% |=== ]-
 10% |===== ]\
 13% |====== ]|
 16% |======== ]/
 20% |========== ]-
 23% |=========== ]\
 26% |============= ]|
 30% |=============== ]/
 33% |================ ]-
 36% |================== ]\
 40% |==================== ]|
 43% |===================== ]/
 46% |======================= ]-
 50% |========================= ]\
 53% |========================== ]|
 56% |============================ ]/
 60% |============================== ]-
 63% |=============================== ]\
 66% |================================= ]|
 70% |=================================== ]/
 73% |==================================== ]-
 76% |====================================== ]\
 80% |======================================== ]|
 83% |========================================= ]/
 86% |=========================================== ]-
 90% |============================================= ]\
 93% |============================================== ]|
 96% |================================================ ]/
100% |================================================== ]-
[61398] INFO MethodsAssertGenerator - Run instrumented tests. (90)
[61438] DEBUG Launcher - printing com.squareup.javapoet.CodeBlockTest to /tmp/Ex2Amplifier-experiments/target/dspot/tmp_test_sources
[63558] INFO MethodsAssertGenerator - Generating assertions...
[63581] INFO AssertGenerator - 9 new tests with assertions generated
[63598] DEBUG Launcher - printing com.squareup.javapoet.CodeBlockTest to /tmp/Ex2Amplifier-experiments/target/dspot/tmp_test_sources
[64947] DEBUG Launcher - printing com.squareup.javapoet.CodeBlockTest to /tmp/Ex2Amplifier-experiments/target/dspot/tmp_test_sources
[64960] DEBUG Launcher - building sources: [/tmp/Ex2Amplifier-experiments/target/dspot/tmp_test_sources/com/squareup/javapoet/CodeBlockTest.java]
[64961] DEBUG Launcher - build args: [-encoding, UTF-8, -cp, /home/spirals/danglot/.m2/repository/com/google/truth/truth/0.28/truth-0.28.jar:/home/spirals/danglot/.m2/repository/com/google/guava/guava/18.0/guava-18.0.jar:/home/spirals/danglot/.m2/repository/com/google/testing/compile/compile-testing/0.9/compile-testing-0.9.jar:/home/spirals/danglot/jdk1.8.0_121/jre/../lib/tools.jar:/home/spirals/danglot/.m2/repository/junit/junit/4.12/junit-4.12.jar:/home/spirals/danglot/.m2/repository/org/hamcrest/hamcrest-core/1.3/hamcrest-core-1.3.jar:/home/spirals/danglot/.m2/repository/com/google/jimfs/jimfs/1.0/jimfs-1.0.jar:/home/spirals/danglot/.m2/repository/org/mockito/mockito-core/1.10.16/mockito-core-1.10.16.jar:/home/spirals/danglot/.m2/repository/org/objenesis/objenesis/2.1/objenesis-2.1.jar:/home/spirals/danglot/.m2/repository/org/eclipse/jdt/core/compiler/ecj/4.4.2/ecj-4.4.2.jar:target/dspot/dependencies/:dataset/may-2018/javapoet/567//target/classes:dataset/may-2018/javapoet/567//target/test-classes:, -1.8, -preserveAllLocals, -noExit, -enableJavadoc, /tmp/Ex2Amplifier-experiments/target/dspot/tmp_test_sources/com/squareup/javapoet/CodeBlockTest.java]
[65039] DEBUG Launcher - built in 77 ms
[65039] DEBUG Launcher - building templates: []
[65039] DEBUG Launcher - built in 0 ms
[65039] DEBUG Launcher - model built in 79
[65039] DEBUG Launcher - compiling sources: [/tmp/Ex2Amplifier-experiments/target/dspot/tmp_test_sources/com/squareup/javapoet/CodeBlockTest.java]
[65041] DEBUG Launcher - compile args: [-encoding, UTF-8, -cp, /home/spirals/danglot/.m2/repository/com/google/truth/truth/0.28/truth-0.28.jar:/home/spirals/danglot/.m2/repository/com/google/guava/guava/18.0/guava-18.0.jar:/home/spirals/danglot/.m2/repository/com/google/testing/compile/compile-testing/0.9/compile-testing-0.9.jar:/home/spirals/danglot/jdk1.8.0_121/jre/../lib/tools.jar:/home/spirals/danglot/.m2/repository/junit/junit/4.12/junit-4.12.jar:/home/spirals/danglot/.m2/repository/org/hamcrest/hamcrest-core/1.3/hamcrest-core-1.3.jar:/home/spirals/danglot/.m2/repository/com/google/jimfs/jimfs/1.0/jimfs-1.0.jar:/home/spirals/danglot/.m2/repository/org/mockito/mockito-core/1.10.16/mockito-core-1.10.16.jar:/home/spirals/danglot/.m2/repository/org/objenesis/objenesis/2.1/objenesis-2.1.jar:/home/spirals/danglot/.m2/repository/org/eclipse/jdt/core/compiler/ecj/4.4.2/ecj-4.4.2.jar:target/dspot/dependencies/:dataset/may-2018/javapoet/567//target/classes:dataset/may-2018/javapoet/567//target/test-classes:, -d, /tmp/Ex2Amplifier-experiments/dataset/may-2018/javapoet/567_modified/target/test-classes, -1.8, -proc:none, -preserveAllLocals, -noExit, -enableJavadoc, /tmp/Ex2Amplifier-experiments/target/dspot/tmp_test_sources/com/squareup/javapoet/CodeBlockTest.java]
[65128] DEBUG Launcher - compiled in 88 ms
[65562] INFO Amplification - 0 amplified test(s) has been selected, global: 0
[65562] INFO DSpot - elapsedTime 6672
======= REPORT =======
0 amplified test fails on the new versions.

[66147] INFO DSpot - Print AmplCodeBlockTest with 0?amplified test cases in results/may-2018/javapoet/567/A_ampl
[66147] DEBUG Launcher - printing com.squareup.javapoet.AmplCodeBlockTest to /tmp/Ex2Amplifier-experiments/results/may-2018/javapoet/567/A_ampl
