SLF4J: Class path contains multiple SLF4J bindings.
SLF4J: Found binding in [jar:file:/home/bdanglot/.m2/repository/eu/stamp-project/test-runner/1.0.5/test-runner-1.0.5-jar-with-dependencies.jar!/org/slf4j/impl/StaticLoggerBinder.class]
SLF4J: Found binding in [jar:file:/home/bdanglot/.m2/repository/org/slf4j/slf4j-log4j12/1.7.25/slf4j-log4j12-1.7.25.jar!/org/slf4j/impl/StaticLoggerBinder.class]
SLF4J: See http://www.slf4j.org/codes.html#multiple_bindings for an explanation.
SLF4J: Actual binding is of type [org.slf4j.impl.Log4jLoggerFactory]
[0] WARN AutomaticBuilderFactory - No automatic builder specified in configuration, going to default.
[0] INFO AutomaticBuilderFactory - Default: provided Maven automatic builder.
[11] INFO MavenAutomaticBuilder - run maven clean test -DskipTests dependency:build-classpath -Dmdep.outputFile=target/dspot/classpath
[WARN] Maven will be executed in interactive mode, but no input stream has been configured for this MavenInvoker instance.
[[1;34mINFO[m] Scanning for projects...
[[1;34mINFO[m] 
[[1;34mINFO[m] [1m------------------------------------------------------------------------[m
[[1;34mINFO[m] [1mBuilding JavaPoet 1.10.0-SNAPSHOT[m
[[1;34mINFO[m] [1m------------------------------------------------------------------------[m
[[1;34mINFO[m] 
[[1;34mINFO[m] [1m--- [0;32mmaven-clean-plugin:2.5:clean[m [1m(default-clean)[m @ [36mjavapoet[0;1m ---[m
[[1;34mINFO[m] Deleting /home/bdanglot/workspace/Ex2amplifier-experiments/dataset/may-2018/javapoet/562/target
[[1;34mINFO[m] 
[[1;34mINFO[m] [1m--- [0;32mmaven-enforcer-plugin:1.0:enforce[m [1m(enforce-maven)[m @ [36mjavapoet[0;1m ---[m
[[1;34mINFO[m] Skipping Rule Enforcement.
[[1;34mINFO[m] 
[[1;34mINFO[m] [1m--- [0;32mmaven-resources-plugin:2.6:resources[m [1m(default-resources)[m @ [36mjavapoet[0;1m ---[m
[[1;34mINFO[m] Using 'UTF-8' encoding to copy filtered resources.
[[1;34mINFO[m] skip non existing resourceDirectory /home/bdanglot/workspace/Ex2amplifier-experiments/dataset/may-2018/javapoet/562/src/main/resources
[[1;34mINFO[m] 
[[1;34mINFO[m] [1m--- [0;32mmaven-compiler-plugin:3.6.1:compile[m [1m(default-compile)[m @ [36mjavapoet[0;1m ---[m
[[1;34mINFO[m] Changes detected - recompiling the module!
[[1;34mINFO[m] Compiling 17 source files to /home/bdanglot/workspace/Ex2amplifier-experiments/dataset/may-2018/javapoet/562/target/classes
[[1;34mINFO[m] 
[[1;34mINFO[m] [1m--- [0;32mmaven-resources-plugin:2.6:testResources[m [1m(default-testResources)[m @ [36mjavapoet[0;1m ---[m
[[1;34mINFO[m] Using 'UTF-8' encoding to copy filtered resources.
[[1;34mINFO[m] skip non existing resourceDirectory /home/bdanglot/workspace/Ex2amplifier-experiments/dataset/may-2018/javapoet/562/src/test/resources
[[1;34mINFO[m] 
[[1;34mINFO[m] [1m--- [0;32mmaven-compiler-plugin:3.6.1:testCompile[m [1m(default-testCompile)[m @ [36mjavapoet[0;1m ---[m
[[1;34mINFO[m] Changes detected - recompiling the module!
[[1;34mINFO[m] Compiling 19 source files to /home/bdanglot/workspace/Ex2amplifier-experiments/dataset/may-2018/javapoet/562/target/test-classes
[[1;34mINFO[m] 
[[1;34mINFO[m] [1m--- [0;32mmaven-surefire-plugin:2.12.4:test[m [1m(default-test)[m @ [36mjavapoet[0;1m ---[m
[[1;34mINFO[m] Tests are skipped.
[[1;34mINFO[m] 
[[1;34mINFO[m] [1m--- [0;32mmaven-dependency-plugin:2.8:build-classpath[m [1m(default-cli)[m @ [36mjavapoet[0;1m ---[m
[[1;34mINFO[m] Wrote classpath file '/home/bdanglot/workspace/Ex2amplifier-experiments/dataset/may-2018/javapoet/562/target/dspot/classpath'.
[[1;34mINFO[m] [1m------------------------------------------------------------------------[m
[[1;34mINFO[m] [1;32mBUILD SUCCESS[m
[[1;34mINFO[m] [1m------------------------------------------------------------------------[m
[[1;34mINFO[m] Total time: 8.286 s
[[1;34mINFO[m] Finished at: 2018-05-16T15:34:07+02:00
[[1;34mINFO[m] Final Memory: 41M/355M
[[1;34mINFO[m] [1m------------------------------------------------------------------------[m
[13189] ERROR JDTCommentBuilder - // @Target(ElementType.TYPE_USE) requires Java 1.8 is not added into the AST
spoon.reflect.declaration.ParentNotInitializedException: parent not initialized for class spoon.support.reflect.code.CtCommentImpl (/home/bdanglot/workspace/Ex2amplifier-experiments/dataset/may-2018/javapoet/562/src/test/java/com/squareup/javapoet/AnnotatedTypeNameTest.java:118)
	at spoon.support.reflect.declaration.CtElementImpl.getParent(CtElementImpl.java:340)
	at spoon.support.compiler.jdt.JDTCommentBuilder.insertCommentInAST(JDTCommentBuilder.java:474)
	at spoon.support.compiler.jdt.JDTCommentBuilder.buildComment(JDTCommentBuilder.java:152)
	at spoon.support.compiler.jdt.JDTCommentBuilder.build(JDTCommentBuilder.java:108)
	at spoon.support.compiler.jdt.JDTBasedSpoonCompiler.buildModel(JDTBasedSpoonCompiler.java:417)
	at spoon.support.compiler.jdt.JDTBasedSpoonCompiler.buildUnitsAndModel(JDTBasedSpoonCompiler.java:362)
	at spoon.support.compiler.jdt.JDTBasedSpoonCompiler.buildSources(JDTBasedSpoonCompiler.java:335)
	at spoon.support.compiler.jdt.JDTBasedSpoonCompiler.build(JDTBasedSpoonCompiler.java:116)
	at spoon.support.compiler.jdt.JDTBasedSpoonCompiler.build(JDTBasedSpoonCompiler.java:99)
	at spoon.Launcher.buildModel(Launcher.java:724)
	at fr.inria.diversify.utils.compilation.DSpotCompiler.getSpoonModelOf(DSpotCompiler.java:106)
	at fr.inria.diversify.utils.compilation.DSpotCompiler.createDSpotCompiler(DSpotCompiler.java:31)
	at fr.inria.diversify.dspot.DSpot.<init>(DSpot.java:103)
	at eu.stamp_project.Main.lambda$run$2(Main.java:134)
	at java.util.stream.ForEachOps$ForEachOp$OfRef.accept(ForEachOps.java:184)
	at java.util.stream.ReferencePipeline$2$1.accept(ReferencePipeline.java:175)
	at java.util.ArrayList$ArrayListSpliterator.forEachRemaining(ArrayList.java:1374)
	at java.util.stream.AbstractPipeline.copyInto(AbstractPipeline.java:481)
	at java.util.stream.AbstractPipeline.wrapAndCopyInto(AbstractPipeline.java:471)
	at java.util.stream.ForEachOps$ForEachOp.evaluateSequential(ForEachOps.java:151)
	at java.util.stream.ForEachOps$ForEachOp$OfRef.evaluateSequential(ForEachOps.java:174)
	at java.util.stream.AbstractPipeline.evaluate(AbstractPipeline.java:234)
	at java.util.stream.ReferencePipeline.forEach(ReferencePipeline.java:418)
	at eu.stamp_project.Main.run(Main.java:117)
	at eu.stamp_project.Main.main(Main.java:88)
[13328] WARN AutomaticBuilderFactory - No automatic builder specified in configuration, going to default.
[13328] INFO AutomaticBuilderFactory - Default: provided Maven automatic builder.
[13328] INFO MavenAutomaticBuilder - run maven clean test -DskipTests dependency:build-classpath -Dmdep.outputFile=target/dspot/classpath
[WARN] Maven will be executed in interactive mode, but no input stream has been configured for this MavenInvoker instance.
[[1;34mINFO[m] Scanning for projects...
[[1;34mINFO[m] 
[[1;34mINFO[m] [1m------------------------------------------------------------------------[m
[[1;34mINFO[m] [1mBuilding JavaPoet 1.10.0-SNAPSHOT[m
[[1;34mINFO[m] [1m------------------------------------------------------------------------[m
[[1;34mINFO[m] 
[[1;34mINFO[m] [1m--- [0;32mmaven-clean-plugin:2.5:clean[m [1m(default-clean)[m @ [36mjavapoet[0;1m ---[m
[[1;34mINFO[m] Deleting /home/bdanglot/workspace/Ex2amplifier-experiments/dataset/may-2018/javapoet/562_modified/target
[[1;34mINFO[m] 
[[1;34mINFO[m] [1m--- [0;32mmaven-enforcer-plugin:1.0:enforce[m [1m(enforce-maven)[m @ [36mjavapoet[0;1m ---[m
[[1;34mINFO[m] Skipping Rule Enforcement.
[[1;34mINFO[m] 
[[1;34mINFO[m] [1m--- [0;32mmaven-resources-plugin:2.6:resources[m [1m(default-resources)[m @ [36mjavapoet[0;1m ---[m
[[1;34mINFO[m] Using 'UTF-8' encoding to copy filtered resources.
[[1;34mINFO[m] skip non existing resourceDirectory /home/bdanglot/workspace/Ex2amplifier-experiments/dataset/may-2018/javapoet/562_modified/src/main/resources
[[1;34mINFO[m] 
[[1;34mINFO[m] [1m--- [0;32mmaven-compiler-plugin:3.6.1:compile[m [1m(default-compile)[m @ [36mjavapoet[0;1m ---[m
[[1;34mINFO[m] Changes detected - recompiling the module!
[[1;34mINFO[m] Compiling 17 source files to /home/bdanglot/workspace/Ex2amplifier-experiments/dataset/may-2018/javapoet/562_modified/target/classes
[[1;34mINFO[m] 
[[1;34mINFO[m] [1m--- [0;32mmaven-resources-plugin:2.6:testResources[m [1m(default-testResources)[m @ [36mjavapoet[0;1m ---[m
[[1;34mINFO[m] Using 'UTF-8' encoding to copy filtered resources.
[[1;34mINFO[m] skip non existing resourceDirectory /home/bdanglot/workspace/Ex2amplifier-experiments/dataset/may-2018/javapoet/562_modified/src/test/resources
[[1;34mINFO[m] 
[[1;34mINFO[m] [1m--- [0;32mmaven-compiler-plugin:3.6.1:testCompile[m [1m(default-testCompile)[m @ [36mjavapoet[0;1m ---[m
[[1;34mINFO[m] Changes detected - recompiling the module!
[[1;34mINFO[m] Compiling 19 source files to /home/bdanglot/workspace/Ex2amplifier-experiments/dataset/may-2018/javapoet/562_modified/target/test-classes
[[1;34mINFO[m] 
[[1;34mINFO[m] [1m--- [0;32mmaven-surefire-plugin:2.12.4:test[m [1m(default-test)[m @ [36mjavapoet[0;1m ---[m
[[1;34mINFO[m] Tests are skipped.
[[1;34mINFO[m] 
[[1;34mINFO[m] [1m--- [0;32mmaven-dependency-plugin:2.8:build-classpath[m [1m(default-cli)[m @ [36mjavapoet[0;1m ---[m
[[1;34mINFO[m] Wrote classpath file '/home/bdanglot/workspace/Ex2amplifier-experiments/dataset/may-2018/javapoet/562_modified/target/dspot/classpath'.
[[1;34mINFO[m] [1m------------------------------------------------------------------------[m
[[1;34mINFO[m] [1;32mBUILD SUCCESS[m
[[1;34mINFO[m] [1m------------------------------------------------------------------------[m
[[1;34mINFO[m] Total time: 8.277 s
[[1;34mINFO[m] Finished at: 2018-05-16T15:34:21+02:00
[[1;34mINFO[m] Final Memory: 41M/348M
[[1;34mINFO[m] [1m------------------------------------------------------------------------[m
[23425] INFO SelectorOnDiff - Selecting according to a diff between dataset/may-2018/javapoet/562/ and dataset/may-2018/javapoet/562_modified/ (5f3b345be9bd8364268d6460424ae8cf59d087f0)
[23429] INFO SelectorOnDiff - Modified files:
a/src/test/java/com/squareup/javapoet/ClassNameTest.java
a/src/main/java/com/squareup/javapoet/ClassName.java
[25371] INFO SelectorOnDiff - Select 2 modified test methods
[28110] INFO SelectorOnDiff - Select 2 test methods that execute directly modified methods
[28125] INFO Amplification - amplification of com.squareup.javapoet.MethodSpecTest (1 test(s))
[29440] INFO Amplification - Try to add assertions before amplification
[29496] INFO AssertGenerator - Run tests. (1)
[30772] INFO AssertGenerator - 1 test pass, generating assertion...
[30778] INFO MethodsAssertGenerator - Add observations points in passing tests.
[30778] INFO MethodsAssertGenerator - Instrumentation...

100% |================================================== ]/
[30815] INFO MethodsAssertGenerator - Run instrumented tests. (3)
[33451] INFO MethodsAssertGenerator - Generating assertions...
[33501] INFO AssertGenerator - 1 new tests with assertions generated
[35380] DEBUG Launcher - building sources: [/home/bdanglot/workspace/Ex2amplifier-experiments/target/dspot/tmp_test_sources/com/squareup/javapoet/MethodSpecTest.java]
[35380] DEBUG Launcher - build args: [-encoding, UTF-8, -cp, /home/bdanglot/.m2/repository/com/google/truth/truth/0.28/truth-0.28.jar:/home/bdanglot/.m2/repository/com/google/guava/guava/18.0/guava-18.0.jar:/home/bdanglot/.m2/repository/com/google/testing/compile/compile-testing/0.9/compile-testing-0.9.jar:/usr/lib/jvm/java-8-openjdk-amd64/jre/../lib/tools.jar:/home/bdanglot/.m2/repository/junit/junit/4.12/junit-4.12.jar:/home/bdanglot/.m2/repository/org/hamcrest/hamcrest-core/1.3/hamcrest-core-1.3.jar:/home/bdanglot/.m2/repository/com/google/jimfs/jimfs/1.0/jimfs-1.0.jar:/home/bdanglot/.m2/repository/org/mockito/mockito-core/1.10.16/mockito-core-1.10.16.jar:/home/bdanglot/.m2/repository/org/objenesis/objenesis/2.1/objenesis-2.1.jar:/home/bdanglot/.m2/repository/org/eclipse/jdt/core/compiler/ecj/4.4.2/ecj-4.4.2.jar:target/dspot/dependencies/:dataset/may-2018/javapoet/562//target/classes:dataset/may-2018/javapoet/562//target/test-classes:, -1.8, -preserveAllLocals, -noExit, -enableJavadoc, /home/bdanglot/workspace/Ex2amplifier-experiments/target/dspot/tmp_test_sources/com/squareup/javapoet/MethodSpecTest.java]
[35518] DEBUG Launcher - built in 138 ms
[35518] DEBUG Launcher - building templates: []
[35518] DEBUG Launcher - built in 0 ms
[35520] DEBUG Launcher - model built in 140
[35521] DEBUG Launcher - compiling sources: [/home/bdanglot/workspace/Ex2amplifier-experiments/target/dspot/tmp_test_sources/com/squareup/javapoet/MethodSpecTest.java]
[35526] DEBUG Launcher - compile args: [-encoding, UTF-8, -cp, /home/bdanglot/.m2/repository/com/google/truth/truth/0.28/truth-0.28.jar:/home/bdanglot/.m2/repository/com/google/guava/guava/18.0/guava-18.0.jar:/home/bdanglot/.m2/repository/com/google/testing/compile/compile-testing/0.9/compile-testing-0.9.jar:/usr/lib/jvm/java-8-openjdk-amd64/jre/../lib/tools.jar:/home/bdanglot/.m2/repository/junit/junit/4.12/junit-4.12.jar:/home/bdanglot/.m2/repository/org/hamcrest/hamcrest-core/1.3/hamcrest-core-1.3.jar:/home/bdanglot/.m2/repository/com/google/jimfs/jimfs/1.0/jimfs-1.0.jar:/home/bdanglot/.m2/repository/org/mockito/mockito-core/1.10.16/mockito-core-1.10.16.jar:/home/bdanglot/.m2/repository/org/objenesis/objenesis/2.1/objenesis-2.1.jar:/home/bdanglot/.m2/repository/org/eclipse/jdt/core/compiler/ecj/4.4.2/ecj-4.4.2.jar:target/dspot/dependencies/:dataset/may-2018/javapoet/562//target/classes:dataset/may-2018/javapoet/562//target/test-classes:, -d, /home/bdanglot/workspace/Ex2amplifier-experiments/dataset/may-2018/javapoet/562_modified/target/test-classes, -1.8, -proc:none, -preserveAllLocals, -noExit, -enableJavadoc, /home/bdanglot/workspace/Ex2amplifier-experiments/target/dspot/tmp_test_sources/com/squareup/javapoet/MethodSpecTest.java]
[36049] DEBUG Launcher - compiled in 527 ms
[36794] INFO Amplification - 0 amplified test(s) has been selected, global: 0
[36795] INFO Amplification - amp duplicateExceptionsIgnored (1/1)
[36811] DEBUG Launcher - printing com.squareup.javapoet.MethodSpecTest to /home/bdanglot/workspace/Ex2amplifier-experiments/target/dspot/tmp_test_sources
[37981] INFO Amplification - iteration 0:
[37981] INFO Amplification - 1 tests selected to be amplified over 1 available tests
[37981] INFO Amplification - Amplification of inputs...

100% |================================================== ]/
[37991] INFO Amplification - 0 new tests generated
[37992] INFO Amplification - 0 amplified test(s) has been selected, global: 0
[37992] INFO DSpot - elapsedTime 9870
======= REPORT =======
0 amplified test fails on the new versions.

[38421] INFO DSpot - Print AmplMethodSpecTest with 0 amplified test cases in results/may-2018/javapoet/562/JBSE
[38422] DEBUG Launcher - printing com.squareup.javapoet.AmplMethodSpecTest to /home/bdanglot/workspace/Ex2amplifier-experiments/results/may-2018/javapoet/562/JBSE
[38496] INFO Amplification - amplification of com.squareup.javapoet.CodeBlockTest (1 test(s))
[38505] DEBUG Launcher - printing com.squareup.javapoet.CodeBlockTest to /home/bdanglot/workspace/Ex2amplifier-experiments/target/dspot/tmp_test_sources
[38874] INFO Amplification - Try to add assertions before amplification
[38898] INFO AssertGenerator - Run tests. (1)
[38910] DEBUG Launcher - printing com.squareup.javapoet.CodeBlockTest to /home/bdanglot/workspace/Ex2amplifier-experiments/target/dspot/tmp_test_sources
[39470] INFO AssertGenerator - 1 test pass, generating assertion...
[39474] INFO MethodsAssertGenerator - Add observations points in passing tests.
[39474] INFO MethodsAssertGenerator - Instrumentation...

100% |================================================== ]/
[39475] INFO MethodsAssertGenerator - Run instrumented tests. (3)
[39481] DEBUG Launcher - printing com.squareup.javapoet.CodeBlockTest to /home/bdanglot/workspace/Ex2amplifier-experiments/target/dspot/tmp_test_sources
[40048] INFO MethodsAssertGenerator - Generating assertions...
[40050] INFO AssertGenerator - 1 new tests with assertions generated
[40057] DEBUG Launcher - printing com.squareup.javapoet.CodeBlockTest to /home/bdanglot/workspace/Ex2amplifier-experiments/target/dspot/tmp_test_sources
[40970] DEBUG Launcher - printing com.squareup.javapoet.CodeBlockTest to /home/bdanglot/workspace/Ex2amplifier-experiments/target/dspot/tmp_test_sources
[40977] DEBUG Launcher - building sources: [/home/bdanglot/workspace/Ex2amplifier-experiments/target/dspot/tmp_test_sources/com/squareup/javapoet/CodeBlockTest.java]
[40978] DEBUG Launcher - build args: [-encoding, UTF-8, -cp, /home/bdanglot/.m2/repository/com/google/truth/truth/0.28/truth-0.28.jar:/home/bdanglot/.m2/repository/com/google/guava/guava/18.0/guava-18.0.jar:/home/bdanglot/.m2/repository/com/google/testing/compile/compile-testing/0.9/compile-testing-0.9.jar:/usr/lib/jvm/java-8-openjdk-amd64/jre/../lib/tools.jar:/home/bdanglot/.m2/repository/junit/junit/4.12/junit-4.12.jar:/home/bdanglot/.m2/repository/org/hamcrest/hamcrest-core/1.3/hamcrest-core-1.3.jar:/home/bdanglot/.m2/repository/com/google/jimfs/jimfs/1.0/jimfs-1.0.jar:/home/bdanglot/.m2/repository/org/mockito/mockito-core/1.10.16/mockito-core-1.10.16.jar:/home/bdanglot/.m2/repository/org/objenesis/objenesis/2.1/objenesis-2.1.jar:/home/bdanglot/.m2/repository/org/eclipse/jdt/core/compiler/ecj/4.4.2/ecj-4.4.2.jar:target/dspot/dependencies/:dataset/may-2018/javapoet/562//target/classes:dataset/may-2018/javapoet/562//target/test-classes:, -1.8, -preserveAllLocals, -noExit, -enableJavadoc, /home/bdanglot/workspace/Ex2amplifier-experiments/target/dspot/tmp_test_sources/com/squareup/javapoet/CodeBlockTest.java]
[41009] DEBUG Launcher - built in 32 ms
[41009] DEBUG Launcher - building templates: []
[41009] DEBUG Launcher - built in 0 ms
[41009] DEBUG Launcher - model built in 32
[41010] DEBUG Launcher - compiling sources: [/home/bdanglot/workspace/Ex2amplifier-experiments/target/dspot/tmp_test_sources/com/squareup/javapoet/CodeBlockTest.java]
[41010] DEBUG Launcher - compile args: [-encoding, UTF-8, -cp, /home/bdanglot/.m2/repository/com/google/truth/truth/0.28/truth-0.28.jar:/home/bdanglot/.m2/repository/com/google/guava/guava/18.0/guava-18.0.jar:/home/bdanglot/.m2/repository/com/google/testing/compile/compile-testing/0.9/compile-testing-0.9.jar:/usr/lib/jvm/java-8-openjdk-amd64/jre/../lib/tools.jar:/home/bdanglot/.m2/repository/junit/junit/4.12/junit-4.12.jar:/home/bdanglot/.m2/repository/org/hamcrest/hamcrest-core/1.3/hamcrest-core-1.3.jar:/home/bdanglot/.m2/repository/com/google/jimfs/jimfs/1.0/jimfs-1.0.jar:/home/bdanglot/.m2/repository/org/mockito/mockito-core/1.10.16/mockito-core-1.10.16.jar:/home/bdanglot/.m2/repository/org/objenesis/objenesis/2.1/objenesis-2.1.jar:/home/bdanglot/.m2/repository/org/eclipse/jdt/core/compiler/ecj/4.4.2/ecj-4.4.2.jar:target/dspot/dependencies/:dataset/may-2018/javapoet/562//target/classes:dataset/may-2018/javapoet/562//target/test-classes:, -d, /home/bdanglot/workspace/Ex2amplifier-experiments/dataset/may-2018/javapoet/562_modified/target/test-classes, -1.8, -proc:none, -preserveAllLocals, -noExit, -enableJavadoc, /home/bdanglot/workspace/Ex2amplifier-experiments/target/dspot/tmp_test_sources/com/squareup/javapoet/CodeBlockTest.java]
[41056] DEBUG Launcher - compiled in 46 ms
[41295] INFO Amplification - 0 amplified test(s) has been selected, global: 0
[41295] INFO Amplification - amp sameIndexCanBeUsedWithDifferentFormats (1/1)
[41304] DEBUG Launcher - printing com.squareup.javapoet.CodeBlockTest to /home/bdanglot/workspace/Ex2amplifier-experiments/target/dspot/tmp_test_sources
[41689] INFO Amplification - iteration 0:
[41689] INFO Amplification - 1 tests selected to be amplified over 1 available tests
[41689] INFO Amplification - Amplification of inputs...

100% |================================================== ]/
[41719] INFO Amplification - 0 new tests generated
[41719] INFO Amplification - 0 amplified test(s) has been selected, global: 0
[41719] INFO DSpot - elapsedTime 3255
======= REPORT =======
0 amplified test fails on the new versions.

[42163] INFO DSpot - Print AmplCodeBlockTest with 0 amplified test cases in results/may-2018/javapoet/562/JBSE
[42163] DEBUG Launcher - printing com.squareup.javapoet.AmplCodeBlockTest to /home/bdanglot/workspace/Ex2amplifier-experiments/results/may-2018/javapoet/562/JBSE
[42350] INFO Amplification - amplification of com.squareup.javapoet.TypeSpecTest (9 test(s))
[42409] DEBUG Launcher - printing com.squareup.javapoet.TypeSpecTest to /home/bdanglot/workspace/Ex2amplifier-experiments/target/dspot/tmp_test_sources
[43744] INFO Amplification - Try to add assertions before amplification
[43903] INFO AssertGenerator - Run tests. (9)
[43935] DEBUG Launcher - printing com.squareup.javapoet.TypeSpecTest to /home/bdanglot/workspace/Ex2amplifier-experiments/target/dspot/tmp_test_sources
[45701] INFO AssertGenerator - 9 test pass, generating assertion...
[45726] INFO MethodsAssertGenerator - Add observations points in passing tests.
[45726] INFO MethodsAssertGenerator - Instrumentation...

 11% |===== ]/
 22% |=========== ]-
 33% |================ ]\
 44% |====================== ]|
 55% |=========================== ]/
 66% |================================= ]-
 77% |====================================== ]\
 88% |============================================ ]|
100% |================================================== ]/
[45761] INFO MethodsAssertGenerator - Run instrumented tests. (27)
[45812] DEBUG Launcher - printing com.squareup.javapoet.TypeSpecTest to /home/bdanglot/workspace/Ex2amplifier-experiments/target/dspot/tmp_test_sources
[52096] INFO MethodsAssertGenerator - Generating assertions...
[52237] INFO AssertGenerator - 7 new tests with assertions generated
[52368] DEBUG Launcher - printing com.squareup.javapoet.TypeSpecTest to /home/bdanglot/workspace/Ex2amplifier-experiments/target/dspot/tmp_test_sources
[57061] DEBUG Launcher - printing com.squareup.javapoet.TypeSpecTest to /home/bdanglot/workspace/Ex2amplifier-experiments/target/dspot/tmp_test_sources
[57320] DEBUG Launcher - building sources: [/home/bdanglot/workspace/Ex2amplifier-experiments/target/dspot/tmp_test_sources/com/squareup/javapoet/TypeSpecTest.java]
[57322] DEBUG Launcher - build args: [-encoding, UTF-8, -cp, /home/bdanglot/.m2/repository/com/google/truth/truth/0.28/truth-0.28.jar:/home/bdanglot/.m2/repository/com/google/guava/guava/18.0/guava-18.0.jar:/home/bdanglot/.m2/repository/com/google/testing/compile/compile-testing/0.9/compile-testing-0.9.jar:/usr/lib/jvm/java-8-openjdk-amd64/jre/../lib/tools.jar:/home/bdanglot/.m2/repository/junit/junit/4.12/junit-4.12.jar:/home/bdanglot/.m2/repository/org/hamcrest/hamcrest-core/1.3/hamcrest-core-1.3.jar:/home/bdanglot/.m2/repository/com/google/jimfs/jimfs/1.0/jimfs-1.0.jar:/home/bdanglot/.m2/repository/org/mockito/mockito-core/1.10.16/mockito-core-1.10.16.jar:/home/bdanglot/.m2/repository/org/objenesis/objenesis/2.1/objenesis-2.1.jar:/home/bdanglot/.m2/repository/org/eclipse/jdt/core/compiler/ecj/4.4.2/ecj-4.4.2.jar:target/dspot/dependencies/:dataset/may-2018/javapoet/562//target/classes:dataset/may-2018/javapoet/562//target/test-classes:, -1.8, -preserveAllLocals, -noExit, -enableJavadoc, /home/bdanglot/workspace/Ex2amplifier-experiments/target/dspot/tmp_test_sources/com/squareup/javapoet/TypeSpecTest.java]
[57535] DEBUG Launcher - built in 215 ms
[57535] DEBUG Launcher - building templates: []
[57535] DEBUG Launcher - built in 0 ms
[57549] DEBUG Launcher - model built in 229
[57549] DEBUG Launcher - compiling sources: [/home/bdanglot/workspace/Ex2amplifier-experiments/target/dspot/tmp_test_sources/com/squareup/javapoet/TypeSpecTest.java]
[57572] DEBUG Launcher - compile args: [-encoding, UTF-8, -cp, /home/bdanglot/.m2/repository/com/google/truth/truth/0.28/truth-0.28.jar:/home/bdanglot/.m2/repository/com/google/guava/guava/18.0/guava-18.0.jar:/home/bdanglot/.m2/repository/com/google/testing/compile/compile-testing/0.9/compile-testing-0.9.jar:/usr/lib/jvm/java-8-openjdk-amd64/jre/../lib/tools.jar:/home/bdanglot/.m2/repository/junit/junit/4.12/junit-4.12.jar:/home/bdanglot/.m2/repository/org/hamcrest/hamcrest-core/1.3/hamcrest-core-1.3.jar:/home/bdanglot/.m2/repository/com/google/jimfs/jimfs/1.0/jimfs-1.0.jar:/home/bdanglot/.m2/repository/org/mockito/mockito-core/1.10.16/mockito-core-1.10.16.jar:/home/bdanglot/.m2/repository/org/objenesis/objenesis/2.1/objenesis-2.1.jar:/home/bdanglot/.m2/repository/org/eclipse/jdt/core/compiler/ecj/4.4.2/ecj-4.4.2.jar:target/dspot/dependencies/:dataset/may-2018/javapoet/562//target/classes:dataset/may-2018/javapoet/562//target/test-classes:, -d, /home/bdanglot/workspace/Ex2amplifier-experiments/dataset/may-2018/javapoet/562_modified/target/test-classes, -1.8, -proc:none, -preserveAllLocals, -noExit, -enableJavadoc, /home/bdanglot/workspace/Ex2amplifier-experiments/target/dspot/tmp_test_sources/com/squareup/javapoet/TypeSpecTest.java]
[60729] DEBUG Launcher - compiled in 3180 ms
[61653] INFO Amplification - 0 amplified test(s) has been selected, global: 0
[61653] INFO Amplification - amp nestedClasses (1/9)
[61707] DEBUG Launcher - printing com.squareup.javapoet.TypeSpecTest to /home/bdanglot/workspace/Ex2amplifier-experiments/target/dspot/tmp_test_sources
[62723] INFO Amplification - iteration 0:
[62723] INFO Amplification - 1 tests selected to be amplified over 1 available tests
[62723] INFO Amplification - Amplification of inputs...

100% |================================================== ]/
[62767] INFO Amplification - 0 new tests generated
[62767] INFO Amplification - 0 amplified test(s) has been selected, global: 0
[62767] INFO Amplification - amp invalidSuperClass (2/9)
[62807] DEBUG Launcher - printing com.squareup.javapoet.TypeSpecTest to /home/bdanglot/workspace/Ex2amplifier-experiments/target/dspot/tmp_test_sources
[63712] INFO Amplification - iteration 0:
[63712] INFO Amplification - 1 tests selected to be amplified over 1 available tests
[63712] INFO Amplification - Amplification of inputs...

100% |================================================== ]/
[63715] INFO Amplification - 0 new tests generated
[63715] INFO Amplification - 0 amplified test(s) has been selected, global: 0
[63715] INFO Amplification - amp classImplementsExtends (3/9)
[63756] DEBUG Launcher - printing com.squareup.javapoet.TypeSpecTest to /home/bdanglot/workspace/Ex2amplifier-experiments/target/dspot/tmp_test_sources
[64732] INFO Amplification - iteration 0:
[64732] INFO Amplification - 1 tests selected to be amplified over 1 available tests
[64732] INFO Amplification - Amplification of inputs...

100% |================================================== ]/
[64742] INFO Amplification - 0 new tests generated
[64742] INFO Amplification - 0 amplified test(s) has been selected, global: 0
[64742] INFO Amplification - amp annotationsAndJavaLangTypes (4/9)
[64785] DEBUG Launcher - printing com.squareup.javapoet.TypeSpecTest to /home/bdanglot/workspace/Ex2amplifier-experiments/target/dspot/tmp_test_sources
[65735] INFO Amplification - iteration 0:
[65735] INFO Amplification - 1 tests selected to be amplified over 1 available tests
[65735] INFO Amplification - Amplification of inputs...

100% |================================================== ]/
[65742] INFO Amplification - 0 new tests generated
[65742] INFO Amplification - 0 amplified test(s) has been selected, global: 0
[65742] INFO Amplification - amp interestingTypes (5/9)
[65783] DEBUG Launcher - printing com.squareup.javapoet.TypeSpecTest to /home/bdanglot/workspace/Ex2amplifier-experiments/target/dspot/tmp_test_sources
[66692] INFO Amplification - iteration 0:
[66692] INFO Amplification - 1 tests selected to be amplified over 1 available tests
[66692] INFO Amplification - Amplification of inputs...

100% |================================================== ]/
[66732] INFO Amplification - 0 new tests generated
[66732] INFO Amplification - 0 amplified test(s) has been selected, global: 0
[66732] INFO Amplification - amp interfaceExtends (6/9)
[66792] DEBUG Launcher - printing com.squareup.javapoet.TypeSpecTest to /home/bdanglot/workspace/Ex2amplifier-experiments/target/dspot/tmp_test_sources
[67765] INFO Amplification - iteration 0:
[67765] INFO Amplification - 1 tests selected to be amplified over 1 available tests
[67765] INFO Amplification - Amplification of inputs...

100% |================================================== ]/
[67777] INFO Amplification - 0 new tests generated
[67777] INFO Amplification - 0 amplified test(s) has been selected, global: 0
[67777] INFO Amplification - amp classImplementsNestedClass (7/9)
[67823] DEBUG Launcher - printing com.squareup.javapoet.TypeSpecTest to /home/bdanglot/workspace/Ex2amplifier-experiments/target/dspot/tmp_test_sources
[68845] INFO Amplification - iteration 0:
[68845] INFO Amplification - 1 tests selected to be amplified over 1 available tests
[68845] INFO Amplification - Amplification of inputs...

100% |================================================== ]/
[68853] INFO Amplification - 0 new tests generated
[68854] INFO Amplification - 0 amplified test(s) has been selected, global: 0
[68854] INFO Amplification - amp superClassOnlyValidForClasses (8/9)
[68916] DEBUG Launcher - printing com.squareup.javapoet.TypeSpecTest to /home/bdanglot/workspace/Ex2amplifier-experiments/target/dspot/tmp_test_sources
[69797] INFO Amplification - iteration 0:
[69797] INFO Amplification - 1 tests selected to be amplified over 1 available tests
[69797] INFO Amplification - Amplification of inputs...

100% |================================================== ]/
[69800] INFO Amplification - 0 new tests generated
[69800] INFO Amplification - 0 amplified test(s) has been selected, global: 0
[69800] INFO Amplification - amp typeVariables (9/9)
[69847] DEBUG Launcher - printing com.squareup.javapoet.TypeSpecTest to /home/bdanglot/workspace/Ex2amplifier-experiments/target/dspot/tmp_test_sources
[70776] INFO Amplification - iteration 0:
[70776] INFO Amplification - 1 tests selected to be amplified over 1 available tests
[70776] INFO Amplification - Amplification of inputs...

100% |================================================== ]/
[70796] INFO Amplification - 0 new tests generated
[70796] INFO Amplification - 0 amplified test(s) has been selected, global: 0
[70796] INFO DSpot - elapsedTime 28535
======= REPORT =======
0 amplified test fails on the new versions.

[75636] INFO DSpot - Print AmplTypeSpecTest with 0 amplified test cases in results/may-2018/javapoet/562/JBSE
[75636] DEBUG Launcher - printing com.squareup.javapoet.AmplTypeSpecTest to /home/bdanglot/workspace/Ex2amplifier-experiments/results/may-2018/javapoet/562/JBSE
[75745] INFO Amplification - amplification of com.squareup.javapoet.JavaFileTest (1 test(s))
[75769] DEBUG Launcher - printing com.squareup.javapoet.JavaFileTest to /home/bdanglot/workspace/Ex2amplifier-experiments/target/dspot/tmp_test_sources
[76245] INFO Amplification - Try to add assertions before amplification
[76277] INFO AssertGenerator - Run tests. (1)
[76283] DEBUG Launcher - printing com.squareup.javapoet.JavaFileTest to /home/bdanglot/workspace/Ex2amplifier-experiments/target/dspot/tmp_test_sources
[76773] INFO AssertGenerator - 1 test pass, generating assertion...
[76777] INFO MethodsAssertGenerator - Add observations points in passing tests.
[76777] INFO MethodsAssertGenerator - Instrumentation...

100% |================================================== ]/
[76779] INFO MethodsAssertGenerator - Run instrumented tests. (3)
[76783] DEBUG Launcher - printing com.squareup.javapoet.JavaFileTest to /home/bdanglot/workspace/Ex2amplifier-experiments/target/dspot/tmp_test_sources
[77297] INFO MethodsAssertGenerator - Generating assertions...
[77300] INFO AssertGenerator - 1 new tests with assertions generated
[77310] DEBUG Launcher - printing com.squareup.javapoet.JavaFileTest to /home/bdanglot/workspace/Ex2amplifier-experiments/target/dspot/tmp_test_sources
[78689] DEBUG Launcher - printing com.squareup.javapoet.JavaFileTest to /home/bdanglot/workspace/Ex2amplifier-experiments/target/dspot/tmp_test_sources
[78696] DEBUG Launcher - building sources: [/home/bdanglot/workspace/Ex2amplifier-experiments/target/dspot/tmp_test_sources/com/squareup/javapoet/JavaFileTest.java]
[78696] DEBUG Launcher - build args: [-encoding, UTF-8, -cp, /home/bdanglot/.m2/repository/com/google/truth/truth/0.28/truth-0.28.jar:/home/bdanglot/.m2/repository/com/google/guava/guava/18.0/guava-18.0.jar:/home/bdanglot/.m2/repository/com/google/testing/compile/compile-testing/0.9/compile-testing-0.9.jar:/usr/lib/jvm/java-8-openjdk-amd64/jre/../lib/tools.jar:/home/bdanglot/.m2/repository/junit/junit/4.12/junit-4.12.jar:/home/bdanglot/.m2/repository/org/hamcrest/hamcrest-core/1.3/hamcrest-core-1.3.jar:/home/bdanglot/.m2/repository/com/google/jimfs/jimfs/1.0/jimfs-1.0.jar:/home/bdanglot/.m2/repository/org/mockito/mockito-core/1.10.16/mockito-core-1.10.16.jar:/home/bdanglot/.m2/repository/org/objenesis/objenesis/2.1/objenesis-2.1.jar:/home/bdanglot/.m2/repository/org/eclipse/jdt/core/compiler/ecj/4.4.2/ecj-4.4.2.jar:target/dspot/dependencies/:dataset/may-2018/javapoet/562//target/classes:dataset/may-2018/javapoet/562//target/test-classes:, -1.8, -preserveAllLocals, -noExit, -enableJavadoc, /home/bdanglot/workspace/Ex2amplifier-experiments/target/dspot/tmp_test_sources/com/squareup/javapoet/JavaFileTest.java]
[78735] DEBUG Launcher - built in 39 ms
[78735] DEBUG Launcher - building templates: []
[78735] DEBUG Launcher - built in 0 ms
[78735] DEBUG Launcher - model built in 39
[78735] DEBUG Launcher - compiling sources: [/home/bdanglot/workspace/Ex2amplifier-experiments/target/dspot/tmp_test_sources/com/squareup/javapoet/JavaFileTest.java]
[78736] DEBUG Launcher - compile args: [-encoding, UTF-8, -cp, /home/bdanglot/.m2/repository/com/google/truth/truth/0.28/truth-0.28.jar:/home/bdanglot/.m2/repository/com/google/guava/guava/18.0/guava-18.0.jar:/home/bdanglot/.m2/repository/com/google/testing/compile/compile-testing/0.9/compile-testing-0.9.jar:/usr/lib/jvm/java-8-openjdk-amd64/jre/../lib/tools.jar:/home/bdanglot/.m2/repository/junit/junit/4.12/junit-4.12.jar:/home/bdanglot/.m2/repository/org/hamcrest/hamcrest-core/1.3/hamcrest-core-1.3.jar:/home/bdanglot/.m2/repository/com/google/jimfs/jimfs/1.0/jimfs-1.0.jar:/home/bdanglot/.m2/repository/org/mockito/mockito-core/1.10.16/mockito-core-1.10.16.jar:/home/bdanglot/.m2/repository/org/objenesis/objenesis/2.1/objenesis-2.1.jar:/home/bdanglot/.m2/repository/org/eclipse/jdt/core/compiler/ecj/4.4.2/ecj-4.4.2.jar:target/dspot/dependencies/:dataset/may-2018/javapoet/562//target/classes:dataset/may-2018/javapoet/562//target/test-classes:, -d, /home/bdanglot/workspace/Ex2amplifier-experiments/dataset/may-2018/javapoet/562_modified/target/test-classes, -1.8, -proc:none, -preserveAllLocals, -noExit, -enableJavadoc, /home/bdanglot/workspace/Ex2amplifier-experiments/target/dspot/tmp_test_sources/com/squareup/javapoet/JavaFileTest.java]
[78814] DEBUG Launcher - compiled in 79 ms
[79144] INFO Amplification - 0 amplified test(s) has been selected, global: 0
[79144] INFO Amplification - amp superclassReferencesSelf (1/1)
[79152] DEBUG Launcher - printing com.squareup.javapoet.JavaFileTest to /home/bdanglot/workspace/Ex2amplifier-experiments/target/dspot/tmp_test_sources
[79600] INFO Amplification - iteration 0:
[79600] INFO Amplification - 1 tests selected to be amplified over 1 available tests
[79600] INFO Amplification - Amplification of inputs...

100% |================================================== ]/
[79616] INFO Amplification - 0 new tests generated
[79617] INFO Amplification - 0 amplified test(s) has been selected, global: 0
[79617] INFO DSpot - elapsedTime 3933
======= REPORT =======
0 amplified test fails on the new versions.

[80370] INFO DSpot - Print AmplJavaFileTest with 0 amplified test cases in results/may-2018/javapoet/562/JBSE
[80370] DEBUG Launcher - printing com.squareup.javapoet.AmplJavaFileTest to /home/bdanglot/workspace/Ex2amplifier-experiments/results/may-2018/javapoet/562/JBSE
[80565] INFO Amplification - amplification of com.squareup.javapoet.TypeNameTest (2 test(s))
[80571] DEBUG Launcher - printing com.squareup.javapoet.TypeNameTest to /home/bdanglot/workspace/Ex2amplifier-experiments/target/dspot/tmp_test_sources
[81423] INFO Amplification - Try to add assertions before amplification
[81501] INFO AssertGenerator - Run tests. (2)
[81503] DEBUG Launcher - printing com.squareup.javapoet.TypeNameTest to /home/bdanglot/workspace/Ex2amplifier-experiments/target/dspot/tmp_test_sources
[82069] INFO AssertGenerator - 2 test pass, generating assertion...
[82071] INFO MethodsAssertGenerator - Add observations points in passing tests.
[82071] INFO MethodsAssertGenerator - Instrumentation...

 50% |========================= ]/
100% |================================================== ]-
[82088] INFO MethodsAssertGenerator - Run instrumented tests. (6)
[82099] DEBUG Launcher - printing com.squareup.javapoet.TypeNameTest to /home/bdanglot/workspace/Ex2amplifier-experiments/target/dspot/tmp_test_sources
[87919] INFO MethodsAssertGenerator - Generating assertions...
[88027] INFO AssertGenerator - 2 new tests with assertions generated
[88079] DEBUG Launcher - printing com.squareup.javapoet.TypeNameTest to /home/bdanglot/workspace/Ex2amplifier-experiments/target/dspot/tmp_test_sources
[89664] DEBUG Launcher - printing com.squareup.javapoet.TypeNameTest to /home/bdanglot/workspace/Ex2amplifier-experiments/target/dspot/tmp_test_sources
[89921] DEBUG Launcher - building sources: [/home/bdanglot/workspace/Ex2amplifier-experiments/target/dspot/tmp_test_sources/com/squareup/javapoet/TypeNameTest.java]
[89926] DEBUG Launcher - build args: [-encoding, UTF-8, -cp, /home/bdanglot/.m2/repository/com/google/truth/truth/0.28/truth-0.28.jar:/home/bdanglot/.m2/repository/com/google/guava/guava/18.0/guava-18.0.jar:/home/bdanglot/.m2/repository/com/google/testing/compile/compile-testing/0.9/compile-testing-0.9.jar:/usr/lib/jvm/java-8-openjdk-amd64/jre/../lib/tools.jar:/home/bdanglot/.m2/repository/junit/junit/4.12/junit-4.12.jar:/home/bdanglot/.m2/repository/org/hamcrest/hamcrest-core/1.3/hamcrest-core-1.3.jar:/home/bdanglot/.m2/repository/com/google/jimfs/jimfs/1.0/jimfs-1.0.jar:/home/bdanglot/.m2/repository/org/mockito/mockito-core/1.10.16/mockito-core-1.10.16.jar:/home/bdanglot/.m2/repository/org/objenesis/objenesis/2.1/objenesis-2.1.jar:/home/bdanglot/.m2/repository/org/eclipse/jdt/core/compiler/ecj/4.4.2/ecj-4.4.2.jar:target/dspot/dependencies/:dataset/may-2018/javapoet/562//target/classes:dataset/may-2018/javapoet/562//target/test-classes:, -1.8, -preserveAllLocals, -noExit, -enableJavadoc, /home/bdanglot/workspace/Ex2amplifier-experiments/target/dspot/tmp_test_sources/com/squareup/javapoet/TypeNameTest.java]
[90037] DEBUG Launcher - built in 116 ms
[90037] DEBUG Launcher - building templates: []
[90037] DEBUG Launcher - built in 0 ms
[90044] DEBUG Launcher - model built in 123
[90044] DEBUG Launcher - compiling sources: [/home/bdanglot/workspace/Ex2amplifier-experiments/target/dspot/tmp_test_sources/com/squareup/javapoet/TypeNameTest.java]
[90058] DEBUG Launcher - compile args: [-encoding, UTF-8, -cp, /home/bdanglot/.m2/repository/com/google/truth/truth/0.28/truth-0.28.jar:/home/bdanglot/.m2/repository/com/google/guava/guava/18.0/guava-18.0.jar:/home/bdanglot/.m2/repository/com/google/testing/compile/compile-testing/0.9/compile-testing-0.9.jar:/usr/lib/jvm/java-8-openjdk-amd64/jre/../lib/tools.jar:/home/bdanglot/.m2/repository/junit/junit/4.12/junit-4.12.jar:/home/bdanglot/.m2/repository/org/hamcrest/hamcrest-core/1.3/hamcrest-core-1.3.jar:/home/bdanglot/.m2/repository/com/google/jimfs/jimfs/1.0/jimfs-1.0.jar:/home/bdanglot/.m2/repository/org/mockito/mockito-core/1.10.16/mockito-core-1.10.16.jar:/home/bdanglot/.m2/repository/org/objenesis/objenesis/2.1/objenesis-2.1.jar:/home/bdanglot/.m2/repository/org/eclipse/jdt/core/compiler/ecj/4.4.2/ecj-4.4.2.jar:target/dspot/dependencies/:dataset/may-2018/javapoet/562//target/classes:dataset/may-2018/javapoet/562//target/test-classes:, -d, /home/bdanglot/workspace/Ex2amplifier-experiments/dataset/may-2018/javapoet/562_modified/target/test-classes, -1.8, -proc:none, -preserveAllLocals, -noExit, -enableJavadoc, /home/bdanglot/workspace/Ex2amplifier-experiments/target/dspot/tmp_test_sources/com/squareup/javapoet/TypeNameTest.java]
[93016] DEBUG Launcher - compiled in 2972 ms
[93290] INFO Amplification - 0 amplified test(s) has been selected, global: 0
[93290] INFO Amplification - amp equalsAndHashCodeParameterizedTypeName (1/2)
[93293] DEBUG Launcher - printing com.squareup.javapoet.TypeNameTest to /home/bdanglot/workspace/Ex2amplifier-experiments/target/dspot/tmp_test_sources
[93733] INFO Amplification - iteration 0:
[93733] INFO Amplification - 1 tests selected to be amplified over 1 available tests
[93733] INFO Amplification - Amplification of inputs...

100% |================================================== ]/
[93734] INFO Amplification - 0 new tests generated
[93734] INFO Amplification - 0 amplified test(s) has been selected, global: 0
[93734] INFO Amplification - amp equalsAndHashCodeClassName (2/2)
[93739] DEBUG Launcher - printing com.squareup.javapoet.TypeNameTest to /home/bdanglot/workspace/Ex2amplifier-experiments/target/dspot/tmp_test_sources
[94202] INFO Amplification - iteration 0:
[94202] INFO Amplification - 1 tests selected to be amplified over 1 available tests
[94202] INFO Amplification - Amplification of inputs...

100% |================================================== ]/
[94247] INFO Amplification - 0 new tests generated
[94247] INFO Amplification - 0 amplified test(s) has been selected, global: 0
[94247] INFO DSpot - elapsedTime 13756
======= REPORT =======
0 amplified test fails on the new versions.

[94804] INFO DSpot - Print AmplTypeNameTest with 0 amplified test cases in results/may-2018/javapoet/562/JBSE
[94804] DEBUG Launcher - printing com.squareup.javapoet.AmplTypeNameTest to /home/bdanglot/workspace/Ex2amplifier-experiments/results/may-2018/javapoet/562/JBSE
[94899] INFO Amplification - amplification of com.squareup.javapoet.ClassNameTest (5 test(s))
[94903] DEBUG Launcher - printing com.squareup.javapoet.ClassNameTest to /home/bdanglot/workspace/Ex2amplifier-experiments/target/dspot/tmp_test_sources
[96044] INFO Amplification - Try to add assertions before amplification
[96095] INFO AssertGenerator - Run tests. (5)
[96097] DEBUG Launcher - printing com.squareup.javapoet.ClassNameTest to /home/bdanglot/workspace/Ex2amplifier-experiments/target/dspot/tmp_test_sources
[97212] INFO AssertGenerator - 5 test pass, generating assertion...
[97215] INFO MethodsAssertGenerator - Add observations points in passing tests.
[97215] INFO MethodsAssertGenerator - Instrumentation...

 20% |========== ]/
 40% |==================== ]-
 60% |============================== ]\
 80% |======================================== ]|
100% |================================================== ]/
[97220] INFO MethodsAssertGenerator - Run instrumented tests. (15)
[97224] DEBUG Launcher - printing com.squareup.javapoet.ClassNameTest to /home/bdanglot/workspace/Ex2amplifier-experiments/target/dspot/tmp_test_sources
[101446] INFO MethodsAssertGenerator - Generating assertions...
[101512] INFO AssertGenerator - 2 new tests with assertions generated
[101519] DEBUG Launcher - printing com.squareup.javapoet.ClassNameTest to /home/bdanglot/workspace/Ex2amplifier-experiments/target/dspot/tmp_test_sources
[103004] DEBUG Launcher - printing com.squareup.javapoet.ClassNameTest to /home/bdanglot/workspace/Ex2amplifier-experiments/target/dspot/tmp_test_sources
[103112] DEBUG Launcher - building sources: [/home/bdanglot/workspace/Ex2amplifier-experiments/target/dspot/tmp_test_sources/com/squareup/javapoet/ClassNameTest.java]
[103117] DEBUG Launcher - build args: [-encoding, UTF-8, -cp, /home/bdanglot/.m2/repository/com/google/truth/truth/0.28/truth-0.28.jar:/home/bdanglot/.m2/repository/com/google/guava/guava/18.0/guava-18.0.jar:/home/bdanglot/.m2/repository/com/google/testing/compile/compile-testing/0.9/compile-testing-0.9.jar:/usr/lib/jvm/java-8-openjdk-amd64/jre/../lib/tools.jar:/home/bdanglot/.m2/repository/junit/junit/4.12/junit-4.12.jar:/home/bdanglot/.m2/repository/org/hamcrest/hamcrest-core/1.3/hamcrest-core-1.3.jar:/home/bdanglot/.m2/repository/com/google/jimfs/jimfs/1.0/jimfs-1.0.jar:/home/bdanglot/.m2/repository/org/mockito/mockito-core/1.10.16/mockito-core-1.10.16.jar:/home/bdanglot/.m2/repository/org/objenesis/objenesis/2.1/objenesis-2.1.jar:/home/bdanglot/.m2/repository/org/eclipse/jdt/core/compiler/ecj/4.4.2/ecj-4.4.2.jar:target/dspot/dependencies/:dataset/may-2018/javapoet/562//target/classes:dataset/may-2018/javapoet/562//target/test-classes:, -1.8, -preserveAllLocals, -noExit, -enableJavadoc, /home/bdanglot/workspace/Ex2amplifier-experiments/target/dspot/tmp_test_sources/com/squareup/javapoet/ClassNameTest.java]
[103244] DEBUG Launcher - built in 131 ms
[103246] DEBUG Launcher - building templates: []
[103247] DEBUG Launcher - built in 0 ms
[103257] DEBUG Launcher - model built in 145
[103257] DEBUG Launcher - compiling sources: [/home/bdanglot/workspace/Ex2amplifier-experiments/target/dspot/tmp_test_sources/com/squareup/javapoet/ClassNameTest.java]
[103283] DEBUG Launcher - compile args: [-encoding, UTF-8, -cp, /home/bdanglot/.m2/repository/com/google/truth/truth/0.28/truth-0.28.jar:/home/bdanglot/.m2/repository/com/google/guava/guava/18.0/guava-18.0.jar:/home/bdanglot/.m2/repository/com/google/testing/compile/compile-testing/0.9/compile-testing-0.9.jar:/usr/lib/jvm/java-8-openjdk-amd64/jre/../lib/tools.jar:/home/bdanglot/.m2/repository/junit/junit/4.12/junit-4.12.jar:/home/bdanglot/.m2/repository/org/hamcrest/hamcrest-core/1.3/hamcrest-core-1.3.jar:/home/bdanglot/.m2/repository/com/google/jimfs/jimfs/1.0/jimfs-1.0.jar:/home/bdanglot/.m2/repository/org/mockito/mockito-core/1.10.16/mockito-core-1.10.16.jar:/home/bdanglot/.m2/repository/org/objenesis/objenesis/2.1/objenesis-2.1.jar:/home/bdanglot/.m2/repository/org/eclipse/jdt/core/compiler/ecj/4.4.2/ecj-4.4.2.jar:target/dspot/dependencies/:dataset/may-2018/javapoet/562//target/classes:dataset/may-2018/javapoet/562//target/test-classes:, -d, /home/bdanglot/workspace/Ex2amplifier-experiments/dataset/may-2018/javapoet/562_modified/target/test-classes, -1.8, -proc:none, -preserveAllLocals, -noExit, -enableJavadoc, /home/bdanglot/workspace/Ex2amplifier-experiments/target/dspot/tmp_test_sources/com/squareup/javapoet/ClassNameTest.java]
[104150] DEBUG Launcher - compiled in 892 ms
[106407] INFO Amplification - 0 amplified test(s) has been selected, global: 0
[106408] INFO Amplification - amp classNameFromClass (1/5)
[106416] DEBUG Launcher - printing com.squareup.javapoet.ClassNameTest to /home/bdanglot/workspace/Ex2amplifier-experiments/target/dspot/tmp_test_sources
[107971] INFO Amplification - iteration 0:
[107972] INFO Amplification - 1 tests selected to be amplified over 1 available tests
[107972] INFO Amplification - Amplification of inputs...

100% |================================================== ]/
[107999] INFO Amplification - 0 new tests generated
[107999] INFO Amplification - 0 amplified test(s) has been selected, global: 0
[107999] INFO Amplification - amp reflectionName (2/5)
[108006] DEBUG Launcher - printing com.squareup.javapoet.ClassNameTest to /home/bdanglot/workspace/Ex2amplifier-experiments/target/dspot/tmp_test_sources
[109472] INFO Amplification - iteration 0:
[109472] INFO Amplification - 1 tests selected to be amplified over 1 available tests
[109472] INFO Amplification - Amplification of inputs...

100% |================================================== ]/
[109491] INFO Amplification - 0 new tests generated
[109492] INFO Amplification - 0 amplified test(s) has been selected, global: 0
[109492] INFO Amplification - amp classNameFromTypeElement (3/5)
[109509] DEBUG Launcher - printing com.squareup.javapoet.ClassNameTest to /home/bdanglot/workspace/Ex2amplifier-experiments/target/dspot/tmp_test_sources
[110921] INFO Amplification - iteration 0:
[110921] INFO Amplification - 1 tests selected to be amplified over 1 available tests
[110921] INFO Amplification - Amplification of inputs...

100% |================================================== ]/
[110927] INFO Amplification - 0 new tests generated
[110927] INFO Amplification - 0 amplified test(s) has been selected, global: 0
[110927] INFO Amplification - amp peerClass (4/5)
[110930] DEBUG Launcher - printing com.squareup.javapoet.ClassNameTest to /home/bdanglot/workspace/Ex2amplifier-experiments/target/dspot/tmp_test_sources
[111897] INFO Amplification - iteration 0:
[111898] INFO Amplification - 1 tests selected to be amplified over 1 available tests
[111898] INFO Amplification - Amplification of inputs...

100% |================================================== ]/
[111904] INFO Amplification - 0 new tests generated
[111904] INFO Amplification - 0 amplified test(s) has been selected, global: 0
[111904] INFO Amplification - amp fromClassRejectionTypes (5/5)
[111909] DEBUG Launcher - printing com.squareup.javapoet.ClassNameTest to /home/bdanglot/workspace/Ex2amplifier-experiments/target/dspot/tmp_test_sources
[113656] INFO Amplification - iteration 0:
[113656] INFO Amplification - 1 tests selected to be amplified over 1 available tests
[113656] INFO Amplification - Amplification of inputs...

100% |================================================== ]/
[113657] INFO Amplification - 0 new tests generated
[113657] INFO Amplification - 0 amplified test(s) has been selected, global: 0
[113657] INFO DSpot - elapsedTime 18802
======= REPORT =======
0 amplified test fails on the new versions.

[113899] INFO DSpot - Print AmplClassNameTest with 0 amplified test cases in results/may-2018/javapoet/562/JBSE
[113899] DEBUG Launcher - printing com.squareup.javapoet.AmplClassNameTest to /home/bdanglot/workspace/Ex2amplifier-experiments/results/may-2018/javapoet/562/JBSE
[115038] INFO Amplification - amplification of com.squareup.javapoet.AbstractTypesTest (6 test(s))
[115047] DEBUG Launcher - printing com.squareup.javapoet.AbstractTypesTest to /home/bdanglot/workspace/Ex2amplifier-experiments/target/dspot/tmp_test_sources
[121112] INFO Amplification - Try to add assertions before amplification
[122092] INFO AssertGenerator - Run tests. (6)
[122097] DEBUG Launcher - printing com.squareup.javapoet.AbstractTypesTest to /home/bdanglot/workspace/Ex2amplifier-experiments/target/dspot/tmp_test_sources
[128620] INFO AssertGenerator - 12 test pass, generating assertion...
[128628] INFO MethodsAssertGenerator - Add observations points in passing tests.
[128628] INFO MethodsAssertGenerator - Instrumentation...

 16% |======== ]/
 33% |================ ]-
 50% |========================= ]\
 66% |================================= ]|
 83% |========================================= ]/
100% |================================================== ]-
[128709] INFO MethodsAssertGenerator - Run instrumented tests. (18)
[128773] DEBUG Launcher - printing com.squareup.javapoet.AbstractTypesTest to /home/bdanglot/workspace/Ex2amplifier-experiments/target/dspot/tmp_test_sources
[168517] INFO MethodsAssertGenerator - Generating assertions...
[168682] INFO AssertGenerator - 6 new tests with assertions generated
[168723] DEBUG Launcher - printing com.squareup.javapoet.AbstractTypesTest to /home/bdanglot/workspace/Ex2amplifier-experiments/target/dspot/tmp_test_sources
[173440] DEBUG Launcher - printing com.squareup.javapoet.AbstractTypesTest to /home/bdanglot/workspace/Ex2amplifier-experiments/target/dspot/tmp_test_sources
[173888] DEBUG Launcher - building sources: [/home/bdanglot/workspace/Ex2amplifier-experiments/target/dspot/tmp_test_sources/com/squareup/javapoet/AbstractTypesTest.java]
[173890] DEBUG Launcher - build args: [-encoding, UTF-8, -cp, /home/bdanglot/.m2/repository/com/google/truth/truth/0.28/truth-0.28.jar:/home/bdanglot/.m2/repository/com/google/guava/guava/18.0/guava-18.0.jar:/home/bdanglot/.m2/repository/com/google/testing/compile/compile-testing/0.9/compile-testing-0.9.jar:/usr/lib/jvm/java-8-openjdk-amd64/jre/../lib/tools.jar:/home/bdanglot/.m2/repository/junit/junit/4.12/junit-4.12.jar:/home/bdanglot/.m2/repository/org/hamcrest/hamcrest-core/1.3/hamcrest-core-1.3.jar:/home/bdanglot/.m2/repository/com/google/jimfs/jimfs/1.0/jimfs-1.0.jar:/home/bdanglot/.m2/repository/org/mockito/mockito-core/1.10.16/mockito-core-1.10.16.jar:/home/bdanglot/.m2/repository/org/objenesis/objenesis/2.1/objenesis-2.1.jar:/home/bdanglot/.m2/repository/org/eclipse/jdt/core/compiler/ecj/4.4.2/ecj-4.4.2.jar:target/dspot/dependencies/:dataset/may-2018/javapoet/562//target/classes:dataset/may-2018/javapoet/562//target/test-classes:, -1.8, -preserveAllLocals, -noExit, -enableJavadoc, /home/bdanglot/workspace/Ex2amplifier-experiments/target/dspot/tmp_test_sources/com/squareup/javapoet/AbstractTypesTest.java]
[174177] DEBUG Launcher - built in 289 ms
[174177] DEBUG Launcher - building templates: []
[174177] DEBUG Launcher - built in 0 ms
[174221] DEBUG Launcher - model built in 333
[174222] DEBUG Launcher - compiling sources: [/home/bdanglot/workspace/Ex2amplifier-experiments/target/dspot/tmp_test_sources/com/squareup/javapoet/AbstractTypesTest.java]
[174257] DEBUG Launcher - compile args: [-encoding, UTF-8, -cp, /home/bdanglot/.m2/repository/com/google/truth/truth/0.28/truth-0.28.jar:/home/bdanglot/.m2/repository/com/google/guava/guava/18.0/guava-18.0.jar:/home/bdanglot/.m2/repository/com/google/testing/compile/compile-testing/0.9/compile-testing-0.9.jar:/usr/lib/jvm/java-8-openjdk-amd64/jre/../lib/tools.jar:/home/bdanglot/.m2/repository/junit/junit/4.12/junit-4.12.jar:/home/bdanglot/.m2/repository/org/hamcrest/hamcrest-core/1.3/hamcrest-core-1.3.jar:/home/bdanglot/.m2/repository/com/google/jimfs/jimfs/1.0/jimfs-1.0.jar:/home/bdanglot/.m2/repository/org/mockito/mockito-core/1.10.16/mockito-core-1.10.16.jar:/home/bdanglot/.m2/repository/org/objenesis/objenesis/2.1/objenesis-2.1.jar:/home/bdanglot/.m2/repository/org/eclipse/jdt/core/compiler/ecj/4.4.2/ecj-4.4.2.jar:target/dspot/dependencies/:dataset/may-2018/javapoet/562//target/classes:dataset/may-2018/javapoet/562//target/test-classes:, -d, /home/bdanglot/workspace/Ex2amplifier-experiments/dataset/may-2018/javapoet/562_modified/target/test-classes, -1.8, -proc:none, -preserveAllLocals, -noExit, -enableJavadoc, /home/bdanglot/workspace/Ex2amplifier-experiments/target/dspot/tmp_test_sources/com/squareup/javapoet/AbstractTypesTest.java]
[179583] DEBUG Launcher - compiled in 5361 ms
[179929] INFO Amplification - 6 amplified test(s) has been selected, global: 6
[179929] INFO Amplification - amp box (1/6)
[179935] DEBUG Launcher - printing com.squareup.javapoet.AbstractTypesTest to /home/bdanglot/workspace/Ex2amplifier-experiments/target/dspot/tmp_test_sources
[182424] INFO Amplification - iteration 0:
[182424] INFO Amplification - 1 tests selected to be amplified over 1 available tests
[182424] INFO Amplification - Amplification of inputs...

100% |================================================== ]/
[182425] INFO Amplification - 0 new tests generated
[182425] INFO Amplification - 0 amplified test(s) has been selected, global: 6
[182425] INFO Amplification - amp getTypeVariableTypeMirror (2/6)
[182438] DEBUG Launcher - printing com.squareup.javapoet.AbstractTypesTest to /home/bdanglot/workspace/Ex2amplifier-experiments/target/dspot/tmp_test_sources
[185420] INFO Amplification - iteration 0:
[185420] INFO Amplification - 1 tests selected to be amplified over 1 available tests
[185420] INFO Amplification - Amplification of inputs...

100% |================================================== ]/
[185654] INFO Amplification - 0 new tests generated
[185654] INFO Amplification - 0 amplified test(s) has been selected, global: 6
[185654] INFO Amplification - amp getParameterizedTypeMirror (3/6)
[185661] DEBUG Launcher - printing com.squareup.javapoet.AbstractTypesTest to /home/bdanglot/workspace/Ex2amplifier-experiments/target/dspot/tmp_test_sources
[188615] INFO Amplification - iteration 0:
[188615] INFO Amplification - 1 tests selected to be amplified over 1 available tests
[188615] INFO Amplification - Amplification of inputs...

100% |================================================== ]/
[188617] INFO Amplification - 0 new tests generated
[188617] INFO Amplification - 0 amplified test(s) has been selected, global: 6
[188617] INFO Amplification - amp getBasicTypeMirror (4/6)
[188628] DEBUG Launcher - printing com.squareup.javapoet.AbstractTypesTest to /home/bdanglot/workspace/Ex2amplifier-experiments/target/dspot/tmp_test_sources
[194029] INFO Amplification - iteration 0:
[194029] INFO Amplification - 1 tests selected to be amplified over 1 available tests
[194029] INFO Amplification - Amplification of inputs...

100% |================================================== ]/
[194031] INFO Amplification - 0 new tests generated
[194031] INFO Amplification - 0 amplified test(s) has been selected, global: 6
[194031] INFO Amplification - amp unbox (5/6)
[194090] DEBUG Launcher - printing com.squareup.javapoet.AbstractTypesTest to /home/bdanglot/workspace/Ex2amplifier-experiments/target/dspot/tmp_test_sources
[197466] INFO Amplification - iteration 0:
[197466] INFO Amplification - 1 tests selected to be amplified over 1 available tests
[197466] INFO Amplification - Amplification of inputs...

100% |================================================== ]/
[197467] INFO Amplification - 0 new tests generated
[197468] INFO Amplification - 0 amplified test(s) has been selected, global: 6
[197468] INFO Amplification - amp getErrorType (6/6)
[197482] DEBUG Launcher - printing com.squareup.javapoet.AbstractTypesTest to /home/bdanglot/workspace/Ex2amplifier-experiments/target/dspot/tmp_test_sources
[199452] INFO Amplification - iteration 0:
[199452] INFO Amplification - 1 tests selected to be amplified over 1 available tests
[199452] INFO Amplification - Amplification of inputs...

100% |================================================== ]/
[199453] INFO Amplification - 0 new tests generated
[199453] INFO Amplification - 0 amplified test(s) has been selected, global: 6
[199453] INFO DSpot - elapsedTime 84915
======= REPORT =======
6 amplified test fails on the new versions.
getTypeVariableTypeMirror(com.squareup.javapoet.AbstractTypesTest): null
getBasicTypeMirror(com.squareup.javapoet.AbstractTypesTest): null
unbox(com.squareup.javapoet.AbstractTypesTest): null
getParameterizedTypeMirror(com.squareup.javapoet.AbstractTypesTest): null
box(com.squareup.javapoet.AbstractTypesTest): null
getErrorType(com.squareup.javapoet.AbstractTypesTest): null

[200422] INFO DSpot - Print AmplAbstractTypesTest with 6 amplified test cases in results/may-2018/javapoet/562/JBSE
[200423] DEBUG Launcher - printing com.squareup.javapoet.AmplAbstractTypesTest to /home/bdanglot/workspace/Ex2amplifier-experiments/results/may-2018/javapoet/562/JBSE
[200995] INFO Amplification - amplification of com.squareup.javapoet.AnnotatedTypeNameTest (2 test(s))
[200998] DEBUG Launcher - printing com.squareup.javapoet.AnnotatedTypeNameTest to /home/bdanglot/workspace/Ex2amplifier-experiments/target/dspot/tmp_test_sources
[201362] INFO Amplification - Try to add assertions before amplification
[201431] INFO AssertGenerator - Run tests. (2)
[201432] DEBUG Launcher - printing com.squareup.javapoet.AnnotatedTypeNameTest to /home/bdanglot/workspace/Ex2amplifier-experiments/target/dspot/tmp_test_sources
[201776] INFO AssertGenerator - 2 test pass, generating assertion...
[201777] INFO MethodsAssertGenerator - Add observations points in passing tests.
[201777] INFO MethodsAssertGenerator - Instrumentation...

 50% |========================= ]/
100% |================================================== ]-
[201783] INFO MethodsAssertGenerator - Run instrumented tests. (6)
[201786] DEBUG Launcher - printing com.squareup.javapoet.AnnotatedTypeNameTest to /home/bdanglot/workspace/Ex2amplifier-experiments/target/dspot/tmp_test_sources
[205797] INFO MethodsAssertGenerator - Generating assertions...
[205848] INFO AssertGenerator - 2 new tests with assertions generated
[205862] DEBUG Launcher - printing com.squareup.javapoet.AnnotatedTypeNameTest to /home/bdanglot/workspace/Ex2amplifier-experiments/target/dspot/tmp_test_sources
[206673] DEBUG Launcher - printing com.squareup.javapoet.AnnotatedTypeNameTest to /home/bdanglot/workspace/Ex2amplifier-experiments/target/dspot/tmp_test_sources
[206783] DEBUG Launcher - building sources: [/home/bdanglot/workspace/Ex2amplifier-experiments/target/dspot/tmp_test_sources/com/squareup/javapoet/AnnotatedTypeNameTest.java]
[206783] DEBUG Launcher - build args: [-encoding, UTF-8, -cp, /home/bdanglot/.m2/repository/com/google/truth/truth/0.28/truth-0.28.jar:/home/bdanglot/.m2/repository/com/google/guava/guava/18.0/guava-18.0.jar:/home/bdanglot/.m2/repository/com/google/testing/compile/compile-testing/0.9/compile-testing-0.9.jar:/usr/lib/jvm/java-8-openjdk-amd64/jre/../lib/tools.jar:/home/bdanglot/.m2/repository/junit/junit/4.12/junit-4.12.jar:/home/bdanglot/.m2/repository/org/hamcrest/hamcrest-core/1.3/hamcrest-core-1.3.jar:/home/bdanglot/.m2/repository/com/google/jimfs/jimfs/1.0/jimfs-1.0.jar:/home/bdanglot/.m2/repository/org/mockito/mockito-core/1.10.16/mockito-core-1.10.16.jar:/home/bdanglot/.m2/repository/org/objenesis/objenesis/2.1/objenesis-2.1.jar:/home/bdanglot/.m2/repository/org/eclipse/jdt/core/compiler/ecj/4.4.2/ecj-4.4.2.jar:target/dspot/dependencies/:dataset/may-2018/javapoet/562//target/classes:dataset/may-2018/javapoet/562//target/test-classes:, -1.8, -preserveAllLocals, -noExit, -enableJavadoc, /home/bdanglot/workspace/Ex2amplifier-experiments/target/dspot/tmp_test_sources/com/squareup/javapoet/AnnotatedTypeNameTest.java]
[206858] DEBUG Launcher - built in 75 ms
[206858] DEBUG Launcher - building templates: []
[206858] DEBUG Launcher - built in 0 ms
[206863] DEBUG Launcher - model built in 80
[206863] DEBUG Launcher - compiling sources: [/home/bdanglot/workspace/Ex2amplifier-experiments/target/dspot/tmp_test_sources/com/squareup/javapoet/AnnotatedTypeNameTest.java]
[206871] DEBUG Launcher - compile args: [-encoding, UTF-8, -cp, /home/bdanglot/.m2/repository/com/google/truth/truth/0.28/truth-0.28.jar:/home/bdanglot/.m2/repository/com/google/guava/guava/18.0/guava-18.0.jar:/home/bdanglot/.m2/repository/com/google/testing/compile/compile-testing/0.9/compile-testing-0.9.jar:/usr/lib/jvm/java-8-openjdk-amd64/jre/../lib/tools.jar:/home/bdanglot/.m2/repository/junit/junit/4.12/junit-4.12.jar:/home/bdanglot/.m2/repository/org/hamcrest/hamcrest-core/1.3/hamcrest-core-1.3.jar:/home/bdanglot/.m2/repository/com/google/jimfs/jimfs/1.0/jimfs-1.0.jar:/home/bdanglot/.m2/repository/org/mockito/mockito-core/1.10.16/mockito-core-1.10.16.jar:/home/bdanglot/.m2/repository/org/objenesis/objenesis/2.1/objenesis-2.1.jar:/home/bdanglot/.m2/repository/org/eclipse/jdt/core/compiler/ecj/4.4.2/ecj-4.4.2.jar:target/dspot/dependencies/:dataset/may-2018/javapoet/562//target/classes:dataset/may-2018/javapoet/562//target/test-classes:, -d, /home/bdanglot/workspace/Ex2amplifier-experiments/dataset/may-2018/javapoet/562_modified/target/test-classes, -1.8, -proc:none, -preserveAllLocals, -noExit, -enableJavadoc, /home/bdanglot/workspace/Ex2amplifier-experiments/target/dspot/tmp_test_sources/com/squareup/javapoet/AnnotatedTypeNameTest.java]
[207867] DEBUG Launcher - compiled in 1004 ms
[208429] INFO Amplification - -6 amplified test(s) has been selected, global: 0
[208429] INFO Amplification - amp annotatedArgumentOfParameterizedType (1/2)
[208433] DEBUG Launcher - printing com.squareup.javapoet.AnnotatedTypeNameTest to /home/bdanglot/workspace/Ex2amplifier-experiments/target/dspot/tmp_test_sources
[209115] INFO Amplification - iteration 0:
[209115] INFO Amplification - 1 tests selected to be amplified over 1 available tests
[209115] INFO Amplification - Amplification of inputs...

100% |================================================== ]/
[209152] INFO Amplification - 0 new tests generated
[209152] INFO Amplification - 0 amplified test(s) has been selected, global: 0
[209152] INFO Amplification - amp annotatedEquivalence (2/2)
[209158] DEBUG Launcher - printing com.squareup.javapoet.AnnotatedTypeNameTest to /home/bdanglot/workspace/Ex2amplifier-experiments/target/dspot/tmp_test_sources
[209875] INFO Amplification - iteration 0:
[209875] INFO Amplification - 1 tests selected to be amplified over 1 available tests
[209875] INFO Amplification - Amplification of inputs...

100% |================================================== ]/
[209876] INFO Amplification - 0 new tests generated
[209876] INFO Amplification - 0 amplified test(s) has been selected, global: 0
[209876] INFO DSpot - elapsedTime 8944
======= REPORT =======
0 amplified test fails on the new versions.

[210137] INFO DSpot - Print AmplAnnotatedTypeNameTest with 0 amplified test cases in results/may-2018/javapoet/562/JBSE
[210137] DEBUG Launcher - printing com.squareup.javapoet.AmplAnnotatedTypeNameTest to /home/bdanglot/workspace/Ex2amplifier-experiments/results/may-2018/javapoet/562/JBSE
