SLF4J: Class path contains multiple SLF4J bindings.
SLF4J: Found binding in [jar:file:/home/spirals/danglot/.m2/repository/eu/stamp-project/test-runner/1.0.8/test-runner-1.0.8-jar-with-dependencies.jar!/org/slf4j/impl/StaticLoggerBinder.class]
SLF4J: Found binding in [jar:file:/home/spirals/danglot/.m2/repository/org/slf4j/slf4j-log4j12/1.7.25/slf4j-log4j12-1.7.25.jar!/org/slf4j/impl/StaticLoggerBinder.class]
SLF4J: See http://www.slf4j.org/codes.html#multiple_bindings for an explanation.
SLF4J: Actual binding is of type [org.slf4j.impl.Log4jLoggerFactory]
[0] WARN AutomaticBuilderFactory - No automatic builder specified in configuration, going to default.
[0] INFO AutomaticBuilderFactory - Default: provided Maven automatic builder.
[8] INFO MavenAutomaticBuilder - run maven clean test -DskipTests dependency:build-classpath -Dmdep.outputFile=target/dspot/classpath
[WARN] Maven will be executed in interactive mode, but no input stream has been configured for this MavenInvoker instance.
[INFO] Scanning for projects...
[INFO]                                                                         
[INFO] ------------------------------------------------------------------------
[INFO] Building JavaPoet 1.9.0-SNAPSHOT
[INFO] ------------------------------------------------------------------------
[INFO] 
[INFO] --- maven-clean-plugin:2.5:clean (default-clean) @ javapoet ---
[INFO] Deleting /tmp/Ex2Amplifier-experiments/dataset/may-2018/javapoet/550/target
[INFO] 
[INFO] --- maven-enforcer-plugin:1.0:enforce (enforce-maven) @ javapoet ---
[INFO] Skipping Rule Enforcement.
[INFO] 
[INFO] --- maven-resources-plugin:2.6:resources (default-resources) @ javapoet ---
[INFO] Using 'UTF-8' encoding to copy filtered resources.
[INFO] skip non existing resourceDirectory /tmp/Ex2Amplifier-experiments/dataset/may-2018/javapoet/550/src/main/resources
[INFO] 
[INFO] --- maven-compiler-plugin:3.6.1:compile (default-compile) @ javapoet ---
[INFO] Changes detected - recompiling the module!
[INFO] Compiling 17 source files to /tmp/Ex2Amplifier-experiments/dataset/may-2018/javapoet/550/target/classes
[INFO] 
[INFO] --- maven-resources-plugin:2.6:testResources (default-testResources) @ javapoet ---
[INFO] Using 'UTF-8' encoding to copy filtered resources.
[INFO] skip non existing resourceDirectory /tmp/Ex2Amplifier-experiments/dataset/may-2018/javapoet/550/src/test/resources
[INFO] 
[INFO] --- maven-compiler-plugin:3.6.1:testCompile (default-testCompile) @ javapoet ---
[INFO] Changes detected - recompiling the module!
[INFO] Compiling 19 source files to /tmp/Ex2Amplifier-experiments/dataset/may-2018/javapoet/550/target/test-classes
[INFO] 
[INFO] --- maven-surefire-plugin:2.12.4:test (default-test) @ javapoet ---
[INFO] Tests are skipped.
[INFO] 
[INFO] --- maven-dependency-plugin:2.8:build-classpath (default-cli) @ javapoet ---
[INFO] Wrote classpath file '/tmp/Ex2Amplifier-experiments/dataset/may-2018/javapoet/550/target/dspot/classpath'.
[INFO] ------------------------------------------------------------------------
[INFO] BUILD SUCCESS
[INFO] ------------------------------------------------------------------------
[INFO] Total time: 8.723 s
[INFO] Finished at: 2018-06-11T18:55:05+02:00
[INFO] Final Memory: 34M/510M
[INFO] ------------------------------------------------------------------------
[13241] ERROR JDTCommentBuilder - // @Target(ElementType.TYPE_USE) requires Java 1.8 is not added into the AST
spoon.reflect.declaration.ParentNotInitializedException: parent not initialized for class spoon.support.reflect.code.CtCommentImpl (/tmp/Ex2Amplifier-experiments/dataset/may-2018/javapoet/550/src/test/java/com/squareup/javapoet/AnnotatedTypeNameTest.java:118)
	at spoon.support.reflect.declaration.CtElementImpl.getParent(CtElementImpl.java:340)
	at spoon.support.compiler.jdt.JDTCommentBuilder.insertCommentInAST(JDTCommentBuilder.java:474)
	at spoon.support.compiler.jdt.JDTCommentBuilder.buildComment(JDTCommentBuilder.java:152)
	at spoon.support.compiler.jdt.JDTCommentBuilder.build(JDTCommentBuilder.java:108)
	at spoon.support.compiler.jdt.JDTBasedSpoonCompiler.buildModel(JDTBasedSpoonCompiler.java:417)
	at spoon.support.compiler.jdt.JDTBasedSpoonCompiler.buildUnitsAndModel(JDTBasedSpoonCompiler.java:362)
	at spoon.support.compiler.jdt.JDTBasedSpoonCompiler.buildSources(JDTBasedSpoonCompiler.java:335)
	at spoon.support.compiler.jdt.JDTBasedSpoonCompiler.build(JDTBasedSpoonCompiler.java:116)
	at spoon.support.compiler.jdt.JDTBasedSpoonCompiler.build(JDTBasedSpoonCompiler.java:99)
	at spoon.Launcher.buildModel(Launcher.java:724)
	at eu.stamp_project.utils.compilation.DSpotCompiler.getSpoonModelOf(DSpotCompiler.java:103)
	at eu.stamp_project.utils.compilation.DSpotCompiler.createDSpotCompiler(DSpotCompiler.java:31)
	at eu.stamp_project.dspot.DSpot.<init>(DSpot.java:108)
	at eu.stamp_project.Main.lambda$run$2(Main.java:141)
	at java.util.stream.ForEachOps$ForEachOp$OfRef.accept(ForEachOps.java:184)
	at java.util.stream.ReferencePipeline$2$1.accept(ReferencePipeline.java:175)
	at java.util.ArrayList$ArrayListSpliterator.forEachRemaining(ArrayList.java:1374)
	at java.util.stream.AbstractPipeline.copyInto(AbstractPipeline.java:481)
	at java.util.stream.AbstractPipeline.wrapAndCopyInto(AbstractPipeline.java:471)
	at java.util.stream.ForEachOps$ForEachOp.evaluateSequential(ForEachOps.java:151)
	at java.util.stream.ForEachOps$ForEachOp$OfRef.evaluateSequential(ForEachOps.java:174)
	at java.util.stream.AbstractPipeline.evaluate(AbstractPipeline.java:234)
	at java.util.stream.ReferencePipeline.forEach(ReferencePipeline.java:418)
	at eu.stamp_project.Main.run(Main.java:124)
	at eu.stamp_project.Main.main(Main.java:95)
[13359] WARN AutomaticBuilderFactory - No automatic builder specified in configuration, going to default.
[13359] INFO AutomaticBuilderFactory - Default: provided Maven automatic builder.
[13360] INFO MavenAutomaticBuilder - run maven clean test -DskipTests dependency:build-classpath -Dmdep.outputFile=target/dspot/classpath
[WARN] Maven will be executed in interactive mode, but no input stream has been configured for this MavenInvoker instance.
[INFO] Scanning for projects...
[INFO]                                                                         
[INFO] ------------------------------------------------------------------------
[INFO] Building JavaPoet 1.9.0-SNAPSHOT
[INFO] ------------------------------------------------------------------------
[INFO] 
[INFO] --- maven-clean-plugin:2.5:clean (default-clean) @ javapoet ---
[INFO] 
[INFO] --- maven-enforcer-plugin:1.0:enforce (enforce-maven) @ javapoet ---
[INFO] Skipping Rule Enforcement.
[INFO] 
[INFO] --- maven-resources-plugin:2.6:resources (default-resources) @ javapoet ---
[INFO] Using 'UTF-8' encoding to copy filtered resources.
[INFO] skip non existing resourceDirectory /tmp/Ex2Amplifier-experiments/dataset/may-2018/javapoet/550_modified/src/main/resources
[INFO] 
[INFO] --- maven-compiler-plugin:3.6.1:compile (default-compile) @ javapoet ---
[INFO] Changes detected - recompiling the module!
[INFO] Compiling 17 source files to /tmp/Ex2Amplifier-experiments/dataset/may-2018/javapoet/550_modified/target/classes
[INFO] 
[INFO] --- maven-resources-plugin:2.6:testResources (default-testResources) @ javapoet ---
[INFO] Using 'UTF-8' encoding to copy filtered resources.
[INFO] skip non existing resourceDirectory /tmp/Ex2Amplifier-experiments/dataset/may-2018/javapoet/550_modified/src/test/resources
[INFO] 
[INFO] --- maven-compiler-plugin:3.6.1:testCompile (default-testCompile) @ javapoet ---
[INFO] Changes detected - recompiling the module!
[INFO] Compiling 19 source files to /tmp/Ex2Amplifier-experiments/dataset/may-2018/javapoet/550_modified/target/test-classes
[INFO] 
[INFO] --- maven-surefire-plugin:2.12.4:test (default-test) @ javapoet ---
[INFO] Tests are skipped.
[INFO] 
[INFO] --- maven-dependency-plugin:2.8:build-classpath (default-cli) @ javapoet ---
[INFO] Wrote classpath file '/tmp/Ex2Amplifier-experiments/dataset/may-2018/javapoet/550_modified/target/dspot/classpath'.
[INFO] ------------------------------------------------------------------------
[INFO] BUILD SUCCESS
[INFO] ------------------------------------------------------------------------
[INFO] Total time: 8.088 s
[INFO] Finished at: 2018-06-11T18:55:18+02:00
[INFO] Final Memory: 34M/516M
[INFO] ------------------------------------------------------------------------
[23033] INFO SelectorOnDiff - Selecting according to a diff between dataset/may-2018/javapoet/550/ and dataset/may-2018/javapoet/550_modified/ (0d6bdebf124a0c0e2a52ef520231b64e98c77a64)
[23038] INFO SelectorOnDiff - Modified files:
a/src/test/java/com/squareup/javapoet/MethodSpecTest.java
a/src/main/java/com/squareup/javapoet/MethodSpec.java
[43313] INFO Amplification - amplification of com.squareup.javapoet.MethodSpecTest (11 test(s))
[43601] INFO EntryPoint - Run: java -cp /tmp/Ex2Amplifier-experiments/dataset/may-2018/javapoet/550/target/test-classes:/tmp/Ex2Amplifier-experiments/dataset/may-2018/javapoet/550/target/classes:/home/spirals/danglot/.m2/repository/com/google/truth/truth/0.28/truth-0.28.jar:/home/spirals/danglot/.m2/repository/com/google/guava/guava/18.0/guava-18.0.jar:/home/spirals/danglot/.m2/repository/com/google/testing/compile/compile-testing/0.9/compile-testing-0.9.jar:/home/spirals/danglot/jdk1.8.0_121/jre/../lib/tools.jar:/home/spirals/danglot/.m2/repository/junit/junit/4.12/junit-4.12.jar:/home/spirals/danglot/.m2/repository/org/hamcrest/hamcrest-core/1.3/hamcrest-core-1.3.jar:/home/spirals/danglot/.m2/repository/com/google/jimfs/jimfs/1.0/jimfs-1.0.jar:/home/spirals/danglot/.m2/repository/org/mockito/mockito-core/1.10.16/mockito-core-1.10.16.jar:/home/spirals/danglot/.m2/repository/org/objenesis/objenesis/2.1/objenesis-2.1.jar:/home/spirals/danglot/.m2/repository/org/eclipse/jdt/core/compiler/ecj/4.4.2/ecj-4.4.2.jar:/tmp/Ex2Amplifier-experiments/target/dspot/dependencies:/home/spirals/danglot/.m2/repository/eu/stamp-project/test-runner/1.0.8/test-runner-1.0.8-jar-with-dependencies.jar eu.stamp_project.testrunner.runner.test.TestRunner com.squareup.javapoet.MethodSpecTest nullExceptionsAddition:overrideEverything:nullParametersAddition:nullTypeVariablesAddition:overrideDoesNotCopyOverrideAnnotation:overrideInvalidModifiers:overrideDoesNotCopyDefaultModifier:duplicateExceptionsIgnored:nullAnnotationsAddition:overrideExtendsOthersWorksWithActualTypeParameters:equalsAndHashCode
File saved to the following path: /tmp/Ex2Amplifier-experiments/dataset/may-2018/javapoet/550/target/dspot/TestListener.ser
[45128] INFO EntryPoint - Test has been run: overrideDoesNotCopyDefaultModifier,overrideDoesNotCopyOverrideAnnotation,duplicateExceptionsIgnored,equalsAndHashCode,nullAnnotationsAddition,overrideExtendsOthersWorksWithActualTypeParameters,overrideEverything,nullParametersAddition,nullTypeVariablesAddition,nullExceptionsAddition,overrideInvalidModifiers
[45128] INFO Amplification - Try to add assertions before amplification
[45989] INFO AssertGenerator - Run tests. (11)
[46111] INFO EntryPoint - Run: java -cp /tmp/Ex2Amplifier-experiments/dataset/may-2018/javapoet/550/target/test-classes:/tmp/Ex2Amplifier-experiments/dataset/may-2018/javapoet/550/target/classes:/home/spirals/danglot/.m2/repository/com/google/truth/truth/0.28/truth-0.28.jar:/home/spirals/danglot/.m2/repository/com/google/guava/guava/18.0/guava-18.0.jar:/home/spirals/danglot/.m2/repository/com/google/testing/compile/compile-testing/0.9/compile-testing-0.9.jar:/home/spirals/danglot/jdk1.8.0_121/jre/../lib/tools.jar:/home/spirals/danglot/.m2/repository/junit/junit/4.12/junit-4.12.jar:/home/spirals/danglot/.m2/repository/org/hamcrest/hamcrest-core/1.3/hamcrest-core-1.3.jar:/home/spirals/danglot/.m2/repository/com/google/jimfs/jimfs/1.0/jimfs-1.0.jar:/home/spirals/danglot/.m2/repository/org/mockito/mockito-core/1.10.16/mockito-core-1.10.16.jar:/home/spirals/danglot/.m2/repository/org/objenesis/objenesis/2.1/objenesis-2.1.jar:/home/spirals/danglot/.m2/repository/org/eclipse/jdt/core/compiler/ecj/4.4.2/ecj-4.4.2.jar:/tmp/Ex2Amplifier-experiments/target/dspot/dependencies:/home/spirals/danglot/.m2/repository/eu/stamp-project/test-runner/1.0.8/test-runner-1.0.8-jar-with-dependencies.jar eu.stamp_project.testrunner.runner.test.TestRunner com.squareup.javapoet.MethodSpecTest nullExceptionsAddition:overrideEverything:nullParametersAddition:nullTypeVariablesAddition:overrideDoesNotCopyOverrideAnnotation:overrideInvalidModifiers:overrideDoesNotCopyDefaultModifier:duplicateExceptionsIgnored:nullAnnotationsAddition:overrideExtendsOthersWorksWithActualTypeParameters:equalsAndHashCode
File saved to the following path: /tmp/Ex2Amplifier-experiments/dataset/may-2018/javapoet/550/target/dspot/TestListener.ser
[47665] INFO EntryPoint - Test has been run: overrideDoesNotCopyDefaultModifier,overrideDoesNotCopyOverrideAnnotation,duplicateExceptionsIgnored,equalsAndHashCode,nullAnnotationsAddition,overrideExtendsOthersWorksWithActualTypeParameters,overrideEverything,nullParametersAddition,nullTypeVariablesAddition,nullExceptionsAddition,overrideInvalidModifiers
[47665] INFO AssertGenerator - 11 test pass, generating assertion...
[47670] INFO MethodsAssertGenerator - Add observations points in passing tests.
[47671] INFO MethodsAssertGenerator - Instrumentation...
  9% |==== ]/ 18% |========= ]- 27% |============= ]\ 36% |================== ]| 45% |====================== ]/ 54% |=========================== ]- 63% |=============================== ]\ 72% |==================================== ]| 81% |======================================== ]/ 90% |============================================= ]-100% |================================================== ]\
[47741] INFO MethodsAssertGenerator - Run instrumented tests. (33)
[47929] INFO EntryPoint - Run: java -cp /tmp/Ex2Amplifier-experiments/dataset/may-2018/javapoet/550/target/test-classes:/tmp/Ex2Amplifier-experiments/dataset/may-2018/javapoet/550/target/classes:/home/spirals/danglot/.m2/repository/com/google/truth/truth/0.28/truth-0.28.jar:/home/spirals/danglot/.m2/repository/com/google/guava/guava/18.0/guava-18.0.jar:/home/spirals/danglot/.m2/repository/com/google/testing/compile/compile-testing/0.9/compile-testing-0.9.jar:/home/spirals/danglot/jdk1.8.0_121/jre/../lib/tools.jar:/home/spirals/danglot/.m2/repository/junit/junit/4.12/junit-4.12.jar:/home/spirals/danglot/.m2/repository/org/hamcrest/hamcrest-core/1.3/hamcrest-core-1.3.jar:/home/spirals/danglot/.m2/repository/com/google/jimfs/jimfs/1.0/jimfs-1.0.jar:/home/spirals/danglot/.m2/repository/org/mockito/mockito-core/1.10.16/mockito-core-1.10.16.jar:/home/spirals/danglot/.m2/repository/org/objenesis/objenesis/2.1/objenesis-2.1.jar:/home/spirals/danglot/.m2/repository/org/eclipse/jdt/core/compiler/ecj/4.4.2/ecj-4.4.2.jar:/tmp/Ex2Amplifier-experiments/target/dspot/dependencies:/home/spirals/danglot/.m2/repository/eu/stamp-project/test-runner/1.0.8/test-runner-1.0.8-jar-with-dependencies.jar eu.stamp_project.testrunner.runner.test.TestRunner com.squareup.javapoet.MethodSpecTest nullExceptionsAddition_withlog0:overrideEverything_withlog0:nullParametersAddition_withlog0:nullTypeVariablesAddition_withlog0:overrideDoesNotCopyOverrideAnnotation_withlog0:overrideInvalidModifiers_withlog0:overrideDoesNotCopyDefaultModifier_withlog0:duplicateExceptionsIgnored_withlog0:nullAnnotationsAddition_withlog0:overrideExtendsOthersWorksWithActualTypeParameters_withlog0:equalsAndHashCode_withlog0:nullExceptionsAddition_withlog1:overrideEverything_withlog1:nullParametersAddition_withlog1:nullTypeVariablesAddition_withlog1:overrideDoesNotCopyOverrideAnnotation_withlog1:overrideInvalidModifiers_withlog1:overrideDoesNotCopyDefaultModifier_withlog1:duplicateExceptionsIgnored_withlog1:nullAnnotationsAddition_withlog1:overrideExtendsOthersWorksWithActualTypeParameters_withlog1:equalsAndHashCode_withlog1:nullExceptionsAddition_withlog2:overrideEverything_withlog2:nullParametersAddition_withlog2:nullTypeVariablesAddition_withlog2:overrideDoesNotCopyOverrideAnnotation_withlog2:overrideInvalidModifiers_withlog2:overrideDoesNotCopyDefaultModifier_withlog2:duplicateExceptionsIgnored_withlog2:nullAnnotationsAddition_withlog2:overrideExtendsOthersWorksWithActualTypeParameters_withlog2:equalsAndHashCode_withlog2
File saved to the following path: /tmp/Ex2Amplifier-experiments/dataset/may-2018/javapoet/550/target/dspot/observations.ser
File saved to the following path: /tmp/Ex2Amplifier-experiments/dataset/may-2018/javapoet/550/target/dspot/TestListener.ser
[52361] INFO EntryPoint - Test has been run: overrideInvalidModifiers_withlog0,overrideInvalidModifiers_withlog1,overrideInvalidModifiers_withlog2,nullExceptionsAddition_withlog0,nullExceptionsAddition_withlog1,nullExceptionsAddition_withlog2,duplicateExceptionsIgnored_withlog0,duplicateExceptionsIgnored_withlog1,duplicateExceptionsIgnored_withlog2,nullParametersAddition_withlog0,nullParametersAddition_withlog1,nullParametersAddition_withlog2,overrideEverything_withlog0,overrideEverything_withlog1,overrideEverything_withlog2,overrideDoesNotCopyDefaultModifier_withlog0,overrideDoesNotCopyDefaultModifier_withlog1,overrideDoesNotCopyDefaultModifier_withlog2,nullTypeVariablesAddition_withlog0,nullTypeVariablesAddition_withlog1,nullTypeVariablesAddition_withlog2,nullAnnotationsAddition_withlog0,nullAnnotationsAddition_withlog1,nullAnnotationsAddition_withlog2,equalsAndHashCode_withlog0,equalsAndHashCode_withlog1,equalsAndHashCode_withlog2,overrideExtendsOthersWorksWithActualTypeParameters_withlog0,overrideExtendsOthersWorksWithActualTypeParameters_withlog1,overrideExtendsOthersWorksWithActualTypeParameters_withlog2,overrideDoesNotCopyOverrideAnnotation_withlog0,overrideDoesNotCopyOverrideAnnotation_withlog1,overrideDoesNotCopyOverrideAnnotation_withlog2
[52379] INFO MethodsAssertGenerator - Generating assertions...
[52436] INFO AssertGenerator - 6 new tests with assertions generated
[52685] INFO EntryPoint - Run: java -cp /tmp/Ex2Amplifier-experiments/dataset/may-2018/javapoet/550/target/test-classes:/tmp/Ex2Amplifier-experiments/dataset/may-2018/javapoet/550/target/classes:/home/spirals/danglot/.m2/repository/com/google/truth/truth/0.28/truth-0.28.jar:/home/spirals/danglot/.m2/repository/com/google/guava/guava/18.0/guava-18.0.jar:/home/spirals/danglot/.m2/repository/com/google/testing/compile/compile-testing/0.9/compile-testing-0.9.jar:/home/spirals/danglot/jdk1.8.0_121/jre/../lib/tools.jar:/home/spirals/danglot/.m2/repository/junit/junit/4.12/junit-4.12.jar:/home/spirals/danglot/.m2/repository/org/hamcrest/hamcrest-core/1.3/hamcrest-core-1.3.jar:/home/spirals/danglot/.m2/repository/com/google/jimfs/jimfs/1.0/jimfs-1.0.jar:/home/spirals/danglot/.m2/repository/org/mockito/mockito-core/1.10.16/mockito-core-1.10.16.jar:/home/spirals/danglot/.m2/repository/org/objenesis/objenesis/2.1/objenesis-2.1.jar:/home/spirals/danglot/.m2/repository/org/eclipse/jdt/core/compiler/ecj/4.4.2/ecj-4.4.2.jar:/tmp/Ex2Amplifier-experiments/target/dspot/dependencies:/home/spirals/danglot/.m2/repository/eu/stamp-project/test-runner/1.0.8/test-runner-1.0.8-jar-with-dependencies.jar eu.stamp_project.testrunner.runner.test.TestRunner com.squareup.javapoet.MethodSpecTest overrideEverything:overrideDoesNotCopyOverrideAnnotation:overrideDoesNotCopyDefaultModifier:duplicateExceptionsIgnored:overrideExtendsOthersWorksWithActualTypeParameters:equalsAndHashCode
File saved to the following path: /tmp/Ex2Amplifier-experiments/dataset/may-2018/javapoet/550/target/dspot/TestListener.ser
[54042] INFO EntryPoint - Test has been run: overrideDoesNotCopyDefaultModifier,overrideDoesNotCopyOverrideAnnotation,duplicateExceptionsIgnored,equalsAndHashCode,overrideExtendsOthersWorksWithActualTypeParameters,overrideEverything
[55445] DEBUG Launcher - building sources: [/tmp/Ex2Amplifier-experiments/target/dspot/tmp_test_sources/com/squareup/javapoet/MethodSpecTest.java]
[55446] DEBUG Launcher - build args: [-encoding, UTF-8, -cp, /home/spirals/danglot/.m2/repository/com/google/truth/truth/0.28/truth-0.28.jar:/home/spirals/danglot/.m2/repository/com/google/guava/guava/18.0/guava-18.0.jar:/home/spirals/danglot/.m2/repository/com/google/testing/compile/compile-testing/0.9/compile-testing-0.9.jar:/home/spirals/danglot/jdk1.8.0_121/jre/../lib/tools.jar:/home/spirals/danglot/.m2/repository/junit/junit/4.12/junit-4.12.jar:/home/spirals/danglot/.m2/repository/org/hamcrest/hamcrest-core/1.3/hamcrest-core-1.3.jar:/home/spirals/danglot/.m2/repository/com/google/jimfs/jimfs/1.0/jimfs-1.0.jar:/home/spirals/danglot/.m2/repository/org/mockito/mockito-core/1.10.16/mockito-core-1.10.16.jar:/home/spirals/danglot/.m2/repository/org/objenesis/objenesis/2.1/objenesis-2.1.jar:/home/spirals/danglot/.m2/repository/org/eclipse/jdt/core/compiler/ecj/4.4.2/ecj-4.4.2.jar:target/dspot/dependencies/:dataset/may-2018/javapoet/550//target/classes:dataset/may-2018/javapoet/550//target/test-classes:, -1.8, -preserveAllLocals, -noExit, -enableJavadoc, /tmp/Ex2Amplifier-experiments/target/dspot/tmp_test_sources/com/squareup/javapoet/MethodSpecTest.java]
[55583] DEBUG Launcher - built in 138 ms
[55583] DEBUG Launcher - building templates: []
[55583] DEBUG Launcher - built in 0 ms
[55587] DEBUG Launcher - model built in 142
[55588] DEBUG Launcher - compiling sources: [/tmp/Ex2Amplifier-experiments/target/dspot/tmp_test_sources/com/squareup/javapoet/MethodSpecTest.java]
[55595] DEBUG Launcher - compile args: [-encoding, UTF-8, -cp, /home/spirals/danglot/.m2/repository/com/google/truth/truth/0.28/truth-0.28.jar:/home/spirals/danglot/.m2/repository/com/google/guava/guava/18.0/guava-18.0.jar:/home/spirals/danglot/.m2/repository/com/google/testing/compile/compile-testing/0.9/compile-testing-0.9.jar:/home/spirals/danglot/jdk1.8.0_121/jre/../lib/tools.jar:/home/spirals/danglot/.m2/repository/junit/junit/4.12/junit-4.12.jar:/home/spirals/danglot/.m2/repository/org/hamcrest/hamcrest-core/1.3/hamcrest-core-1.3.jar:/home/spirals/danglot/.m2/repository/com/google/jimfs/jimfs/1.0/jimfs-1.0.jar:/home/spirals/danglot/.m2/repository/org/mockito/mockito-core/1.10.16/mockito-core-1.10.16.jar:/home/spirals/danglot/.m2/repository/org/objenesis/objenesis/2.1/objenesis-2.1.jar:/home/spirals/danglot/.m2/repository/org/eclipse/jdt/core/compiler/ecj/4.4.2/ecj-4.4.2.jar:target/dspot/dependencies/:dataset/may-2018/javapoet/550//target/classes:dataset/may-2018/javapoet/550//target/test-classes:, -d, /tmp/Ex2Amplifier-experiments/dataset/may-2018/javapoet/550_modified/target/test-classes, -1.8, -proc:none, -preserveAllLocals, -noExit, -enableJavadoc, /tmp/Ex2Amplifier-experiments/target/dspot/tmp_test_sources/com/squareup/javapoet/MethodSpecTest.java]
[56040] DEBUG Launcher - compiled in 452 ms
[56042] INFO EntryPoint - Run: java -cp /home/spirals/danglot/.m2/repository/com/google/truth/truth/0.28/truth-0.28.jar:/home/spirals/danglot/.m2/repository/com/google/guava/guava/18.0/guava-18.0.jar:/home/spirals/danglot/.m2/repository/com/google/testing/compile/compile-testing/0.9/compile-testing-0.9.jar:/home/spirals/danglot/jdk1.8.0_121/jre/../lib/tools.jar:/home/spirals/danglot/.m2/repository/junit/junit/4.12/junit-4.12.jar:/home/spirals/danglot/.m2/repository/org/hamcrest/hamcrest-core/1.3/hamcrest-core-1.3.jar:/home/spirals/danglot/.m2/repository/com/google/jimfs/jimfs/1.0/jimfs-1.0.jar:/home/spirals/danglot/.m2/repository/org/mockito/mockito-core/1.10.16/mockito-core-1.10.16.jar:/home/spirals/danglot/.m2/repository/org/objenesis/objenesis/2.1/objenesis-2.1.jar:/home/spirals/danglot/.m2/repository/org/eclipse/jdt/core/compiler/ecj/4.4.2/ecj-4.4.2.jar:target/dspot/dependencies/:/tmp/Ex2Amplifier-experiments/dataset/may-2018/javapoet/550_modified/target/classes:/tmp/Ex2Amplifier-experiments/dataset/may-2018/javapoet/550_modified/target/test-classes:/home/spirals/danglot/.m2/repository/eu/stamp-project/test-runner/1.0.8/test-runner-1.0.8-jar-with-dependencies.jar eu.stamp_project.testrunner.runner.test.TestRunner com.squareup.javapoet.MethodSpecTest overrideEverything:overrideDoesNotCopyOverrideAnnotation:overrideDoesNotCopyDefaultModifier:duplicateExceptionsIgnored:overrideExtendsOthersWorksWithActualTypeParameters:equalsAndHashCode
File saved to the following path: /tmp/Ex2Amplifier-experiments/dataset/may-2018/javapoet/550/target/dspot/TestListener.ser
[57310] INFO EntryPoint - Test has been run: overrideDoesNotCopyDefaultModifier,overrideDoesNotCopyOverrideAnnotation,duplicateExceptionsIgnored,equalsAndHashCode,overrideExtendsOthersWorksWithActualTypeParameters,overrideEverything
[57310] INFO Amplification - 0 amplified test(s) has been selected, global: 0
[57311] INFO DSpot - elapsedTime 14753
======= REPORT =======
0 amplified test fails on the new versions.

[58102] INFO DSpot - Print AmplMethodSpecTest with 0?amplified test cases in results/may-2018/javapoet/550/A_ampl
[58103] DEBUG Launcher - printing com.squareup.javapoet.AmplMethodSpecTest to /tmp/Ex2Amplifier-experiments/results/may-2018/javapoet/550/A_ampl
