SLF4J: Class path contains multiple SLF4J bindings.
SLF4J: Found binding in [jar:file:/home/spirals/danglot/.m2/repository/eu/stamp-project/test-runner/1.0.5/test-runner-1.0.5-jar-with-dependencies.jar!/org/slf4j/impl/StaticLoggerBinder.class]
SLF4J: Found binding in [jar:file:/home/spirals/danglot/.m2/repository/org/slf4j/slf4j-log4j12/1.7.25/slf4j-log4j12-1.7.25.jar!/org/slf4j/impl/StaticLoggerBinder.class]
SLF4J: See http://www.slf4j.org/codes.html#multiple_bindings for an explanation.
SLF4J: Actual binding is of type [org.slf4j.impl.Log4jLoggerFactory]
[0] WARN AutomaticBuilderFactory - No automatic builder specified in configuration, going to default.
[1] INFO AutomaticBuilderFactory - Default: provided Maven automatic builder.
[14] INFO MavenAutomaticBuilder - run maven clean test -DskipTests dependency:build-classpath -Dmdep.outputFile=target/dspot/classpath
[WARN] Maven will be executed in interactive mode, but no input stream has been configured for this MavenInvoker instance.
[INFO] Scanning for projects...
[INFO]                                                                         
[INFO] ------------------------------------------------------------------------
[INFO] Building JavaPoet 1.11.0-SNAPSHOT
[INFO] ------------------------------------------------------------------------
[INFO] 
[INFO] --- maven-clean-plugin:2.5:clean (default-clean) @ javapoet ---
[INFO] Deleting /tmp/Ex2Amplifier-experiments/dataset/may-2018/javapoet/608_modified/target
[INFO] 
[INFO] --- maven-enforcer-plugin:1.0:enforce (enforce-maven) @ javapoet ---
[INFO] Skipping Rule Enforcement.
[INFO] 
[INFO] --- maven-resources-plugin:2.6:resources (default-resources) @ javapoet ---
[INFO] Using 'UTF-8' encoding to copy filtered resources.
[INFO] skip non existing resourceDirectory /tmp/Ex2Amplifier-experiments/dataset/may-2018/javapoet/608_modified/src/main/resources
[INFO] 
[INFO] --- maven-compiler-plugin:3.7.0:compile (default-compile) @ javapoet ---
[INFO] Changes detected - recompiling the module!
[INFO] Compiling 17 source files to /tmp/Ex2Amplifier-experiments/dataset/may-2018/javapoet/608_modified/target/classes
[INFO] 
[INFO] --- maven-resources-plugin:2.6:testResources (default-testResources) @ javapoet ---
[INFO] Using 'UTF-8' encoding to copy filtered resources.
[INFO] skip non existing resourceDirectory /tmp/Ex2Amplifier-experiments/dataset/may-2018/javapoet/608_modified/src/test/resources
[INFO] 
[INFO] --- maven-compiler-plugin:3.7.0:testCompile (default-testCompile) @ javapoet ---
[INFO] Changes detected - recompiling the module!
[INFO] Compiling 19 source files to /tmp/Ex2Amplifier-experiments/dataset/may-2018/javapoet/608_modified/target/test-classes
[INFO] 
[INFO] --- maven-surefire-plugin:2.12.4:test (default-test) @ javapoet ---
[INFO] Tests are skipped.
[INFO] 
[INFO] --- maven-dependency-plugin:2.8:build-classpath (default-cli) @ javapoet ---
[INFO] Wrote classpath file '/tmp/Ex2Amplifier-experiments/dataset/may-2018/javapoet/608_modified/target/dspot/classpath'.
[INFO] ------------------------------------------------------------------------
[INFO] BUILD SUCCESS
[INFO] ------------------------------------------------------------------------
[INFO] Total time: 9.766 s
[INFO] Finished at: 2018-05-16T17:59:00+02:00
[INFO] Final Memory: 51M/1229M
[INFO] ------------------------------------------------------------------------
[14219] ERROR JDTCommentBuilder - // @Target(ElementType.TYPE_USE) requires Java 1.8 is not added into the AST
spoon.reflect.declaration.ParentNotInitializedException: parent not initialized for class spoon.support.reflect.code.CtCommentImpl (/tmp/Ex2Amplifier-experiments/dataset/may-2018/javapoet/608_modified/src/test/java/com/squareup/javapoet/AnnotatedTypeNameTest.java:118)
	at spoon.support.reflect.declaration.CtElementImpl.getParent(CtElementImpl.java:340)
	at spoon.support.compiler.jdt.JDTCommentBuilder.insertCommentInAST(JDTCommentBuilder.java:474)
	at spoon.support.compiler.jdt.JDTCommentBuilder.buildComment(JDTCommentBuilder.java:152)
	at spoon.support.compiler.jdt.JDTCommentBuilder.build(JDTCommentBuilder.java:108)
	at spoon.support.compiler.jdt.JDTBasedSpoonCompiler.buildModel(JDTBasedSpoonCompiler.java:417)
	at spoon.support.compiler.jdt.JDTBasedSpoonCompiler.buildUnitsAndModel(JDTBasedSpoonCompiler.java:362)
	at spoon.support.compiler.jdt.JDTBasedSpoonCompiler.buildSources(JDTBasedSpoonCompiler.java:335)
	at spoon.support.compiler.jdt.JDTBasedSpoonCompiler.build(JDTBasedSpoonCompiler.java:116)
	at spoon.support.compiler.jdt.JDTBasedSpoonCompiler.build(JDTBasedSpoonCompiler.java:99)
	at spoon.Launcher.buildModel(Launcher.java:724)
	at fr.inria.diversify.utils.compilation.DSpotCompiler.getSpoonModelOf(DSpotCompiler.java:106)
	at fr.inria.diversify.utils.compilation.DSpotCompiler.createDSpotCompiler(DSpotCompiler.java:31)
	at fr.inria.diversify.dspot.DSpot.<init>(DSpot.java:103)
	at eu.stamp_project.Main.lambda$run$2(Main.java:134)
	at java.util.stream.ForEachOps$ForEachOp$OfRef.accept(ForEachOps.java:184)
	at java.util.stream.ReferencePipeline$2$1.accept(ReferencePipeline.java:175)
	at java.util.ArrayList$ArrayListSpliterator.forEachRemaining(ArrayList.java:1374)
	at java.util.stream.AbstractPipeline.copyInto(AbstractPipeline.java:481)
	at java.util.stream.AbstractPipeline.wrapAndCopyInto(AbstractPipeline.java:471)
	at java.util.stream.ForEachOps$ForEachOp.evaluateSequential(ForEachOps.java:151)
	at java.util.stream.ForEachOps$ForEachOp$OfRef.evaluateSequential(ForEachOps.java:174)
	at java.util.stream.AbstractPipeline.evaluate(AbstractPipeline.java:234)
	at java.util.stream.ReferencePipeline.forEach(ReferencePipeline.java:418)
	at eu.stamp_project.Main.run(Main.java:117)
	at eu.stamp_project.Main.main(Main.java:88)
[15045] WARN AutomaticBuilderFactory - No automatic builder specified in configuration, going to default.
[15045] INFO AutomaticBuilderFactory - Default: provided Maven automatic builder.
[15046] INFO MavenAutomaticBuilder - run maven clean test -DskipTests dependency:build-classpath -Dmdep.outputFile=target/dspot/classpath
[WARN] Maven will be executed in interactive mode, but no input stream has been configured for this MavenInvoker instance.
[INFO] Scanning for projects...
[INFO]                                                                         
[INFO] ------------------------------------------------------------------------
[INFO] Building JavaPoet 1.11.0-SNAPSHOT
[INFO] ------------------------------------------------------------------------
[INFO] 
[INFO] --- maven-clean-plugin:2.5:clean (default-clean) @ javapoet ---
[INFO] Deleting /tmp/Ex2Amplifier-experiments/dataset/may-2018/javapoet/608/target
[INFO] 
[INFO] --- maven-enforcer-plugin:1.0:enforce (enforce-maven) @ javapoet ---
[INFO] Skipping Rule Enforcement.
[INFO] 
[INFO] --- maven-resources-plugin:2.6:resources (default-resources) @ javapoet ---
[INFO] Using 'UTF-8' encoding to copy filtered resources.
[INFO] skip non existing resourceDirectory /tmp/Ex2Amplifier-experiments/dataset/may-2018/javapoet/608/src/main/resources
[INFO] 
[INFO] --- maven-compiler-plugin:3.7.0:compile (default-compile) @ javapoet ---
[INFO] Changes detected - recompiling the module!
[INFO] Compiling 17 source files to /tmp/Ex2Amplifier-experiments/dataset/may-2018/javapoet/608/target/classes
[INFO] 
[INFO] --- maven-resources-plugin:2.6:testResources (default-testResources) @ javapoet ---
[INFO] Using 'UTF-8' encoding to copy filtered resources.
[INFO] skip non existing resourceDirectory /tmp/Ex2Amplifier-experiments/dataset/may-2018/javapoet/608/src/test/resources
[INFO] 
[INFO] --- maven-compiler-plugin:3.7.0:testCompile (default-testCompile) @ javapoet ---
[INFO] Changes detected - recompiling the module!
[INFO] Compiling 19 source files to /tmp/Ex2Amplifier-experiments/dataset/may-2018/javapoet/608/target/test-classes
[INFO] 
[INFO] --- maven-surefire-plugin:2.12.4:test (default-test) @ javapoet ---
[INFO] Tests are skipped.
[INFO] 
[INFO] --- maven-dependency-plugin:2.8:build-classpath (default-cli) @ javapoet ---
[INFO] Wrote classpath file '/tmp/Ex2Amplifier-experiments/dataset/may-2018/javapoet/608/target/dspot/classpath'.
[INFO] ------------------------------------------------------------------------
[INFO] BUILD SUCCESS
[INFO] ------------------------------------------------------------------------
[INFO] Total time: 9.641 s
[INFO] Finished at: 2018-05-16T17:59:15+02:00
[INFO] Final Memory: 51M/1225M
[INFO] ------------------------------------------------------------------------
[26738] INFO SelectorOnDiff - Selecting according to a diff between dataset/may-2018/javapoet/608_modified/ and dataset/may-2018/javapoet/608/ (c2c770c9260819e14ea3154ca7e4000a24d15995)
[26744] INFO SelectorOnDiff - Modified files:
a/src/main/java/com/squareup/javapoet/LineWrapper.java
a/src/test/java/com/squareup/javapoet/LineWrapperTest.java
[27779] INFO SelectorOnDiff - Select 1 modified test methods
[28457] INFO SelectorOnDiff - Select 1 test methods that execute directly modified methods
[28510] INFO Amplification - amplification of com.squareup.javapoet.LineWrapperTest (6 test(s))
[29216] INFO Amplification - Try to add assertions before amplification
[29257] INFO AssertGenerator - Run tests. (6)
[29810] INFO AssertGenerator - 6 test pass, generating assertion...
[29819] INFO MethodsAssertGenerator - Add observations points in passing tests.
[29819] INFO MethodsAssertGenerator - Instrumentation...

 16% |======== ]/
 33% |================ ]-
 50% |========================= ]\
 66% |================================= ]|
 83% |========================================= ]/
100% |================================================== ]-
[29876] INFO MethodsAssertGenerator - Run instrumented tests. (18)
[30575] INFO MethodsAssertGenerator - Generating assertions...
[30583] INFO AssertGenerator - Could not generate any test with assertions
[30584] INFO Amplification - 0 amplified test(s) has been selected, global: 0
[30585] INFO Amplification - amp overlyLongLinesWithLeadingZeroWidth (1/6)
[31158] INFO Amplification - iteration 0:
[31159] INFO Amplification - 1 tests selected to be amplified over 1 available tests
[31159] INFO Amplification - Amplification of inputs...

100% |================================================== ]/
[31232] DEBUG Launcher - building sources: [/tmp/Ex2Amplifier-experiments/target/dspot/tmp_test_sources/com/squareup/javapoet/LineWrapperTest.java]
[31233] DEBUG Launcher - build args: [-encoding, UTF-8, -cp, /home/spirals/danglot/.m2/repository/com/google/truth/truth/0.39/truth-0.39.jar:/home/spirals/danglot/.m2/repository/com/google/guava/guava/23.4-android/guava-23.4-android.jar:/home/spirals/danglot/.m2/repository/com/google/code/findbugs/jsr305/1.3.9/jsr305-1.3.9.jar:/home/spirals/danglot/.m2/repository/com/google/j2objc/j2objc-annotations/1.1/j2objc-annotations-1.1.jar:/home/spirals/danglot/.m2/repository/org/codehaus/mojo/animal-sniffer-annotations/1.14/animal-sniffer-annotations-1.14.jar:/home/spirals/danglot/.m2/repository/com/google/errorprone/error_prone_annotations/2.1.3/error_prone_annotations-2.1.3.jar:/home/spirals/danglot/.m2/repository/com/google/testing/compile/compile-testing/0.15/compile-testing-0.15.jar:/home/spirals/danglot/.m2/repository/com/google/truth/extensions/truth-java8-extension/0.37/truth-java8-extension-0.37.jar:/home/spirals/danglot/.m2/repository/com/google/auto/value/auto-value/1.5.3/auto-value-1.5.3.jar:/home/spirals/danglot/.m2/repository/com/google/auto/auto-common/0.9/auto-common-0.9.jar:/home/spirals/danglot/jdk1.8.0_121/jre/../lib/tools.jar:/home/spirals/danglot/.m2/repository/junit/junit/4.12/junit-4.12.jar:/home/spirals/danglot/.m2/repository/org/hamcrest/hamcrest-core/1.3/hamcrest-core-1.3.jar:/home/spirals/danglot/.m2/repository/com/google/jimfs/jimfs/1.1/jimfs-1.1.jar:/home/spirals/danglot/.m2/repository/org/mockito/mockito-core/2.13.0/mockito-core-2.13.0.jar:/home/spirals/danglot/.m2/repository/net/bytebuddy/byte-buddy/1.7.9/byte-buddy-1.7.9.jar:/home/spirals/danglot/.m2/repository/net/bytebuddy/byte-buddy-agent/1.7.9/byte-buddy-agent-1.7.9.jar:/home/spirals/danglot/.m2/repository/org/objenesis/objenesis/2.6/objenesis-2.6.jar:/home/spirals/danglot/.m2/repository/org/eclipse/jdt/core/compiler/ecj/4.6.1/ecj-4.6.1.jar:dataset/may-2018/javapoet/608_modified//target/classes:target/dspot/dependencies/:dataset/may-2018/javapoet/608_modified//target/test-classes:lib/catg-dev.jar:, -1.8, -preserveAllLocals, -noExit, -enableJavadoc, /tmp/Ex2Amplifier-experiments/target/dspot/tmp_test_sources/com/squareup/javapoet/LineWrapperTest.java]
[31336] DEBUG Launcher - built in 104 ms
[31336] DEBUG Launcher - building templates: []
[31336] DEBUG Launcher - built in 0 ms
[31337] DEBUG Launcher - model built in 105
[31338] DEBUG Launcher - compiling sources: [/tmp/Ex2Amplifier-experiments/target/dspot/tmp_test_sources/com/squareup/javapoet/LineWrapperTest.java]
[31341] DEBUG Launcher - compile args: [-encoding, UTF-8, -cp, /home/spirals/danglot/.m2/repository/com/google/truth/truth/0.39/truth-0.39.jar:/home/spirals/danglot/.m2/repository/com/google/guava/guava/23.4-android/guava-23.4-android.jar:/home/spirals/danglot/.m2/repository/com/google/code/findbugs/jsr305/1.3.9/jsr305-1.3.9.jar:/home/spirals/danglot/.m2/repository/com/google/j2objc/j2objc-annotations/1.1/j2objc-annotations-1.1.jar:/home/spirals/danglot/.m2/repository/org/codehaus/mojo/animal-sniffer-annotations/1.14/animal-sniffer-annotations-1.14.jar:/home/spirals/danglot/.m2/repository/com/google/errorprone/error_prone_annotations/2.1.3/error_prone_annotations-2.1.3.jar:/home/spirals/danglot/.m2/repository/com/google/testing/compile/compile-testing/0.15/compile-testing-0.15.jar:/home/spirals/danglot/.m2/repository/com/google/truth/extensions/truth-java8-extension/0.37/truth-java8-extension-0.37.jar:/home/spirals/danglot/.m2/repository/com/google/auto/value/auto-value/1.5.3/auto-value-1.5.3.jar:/home/spirals/danglot/.m2/repository/com/google/auto/auto-common/0.9/auto-common-0.9.jar:/home/spirals/danglot/jdk1.8.0_121/jre/../lib/tools.jar:/home/spirals/danglot/.m2/repository/junit/junit/4.12/junit-4.12.jar:/home/spirals/danglot/.m2/repository/org/hamcrest/hamcrest-core/1.3/hamcrest-core-1.3.jar:/home/spirals/danglot/.m2/repository/com/google/jimfs/jimfs/1.1/jimfs-1.1.jar:/home/spirals/danglot/.m2/repository/org/mockito/mockito-core/2.13.0/mockito-core-2.13.0.jar:/home/spirals/danglot/.m2/repository/net/bytebuddy/byte-buddy/1.7.9/byte-buddy-1.7.9.jar:/home/spirals/danglot/.m2/repository/net/bytebuddy/byte-buddy-agent/1.7.9/byte-buddy-agent-1.7.9.jar:/home/spirals/danglot/.m2/repository/org/objenesis/objenesis/2.6/objenesis-2.6.jar:/home/spirals/danglot/.m2/repository/org/eclipse/jdt/core/compiler/ecj/4.6.1/ecj-4.6.1.jar:dataset/may-2018/javapoet/608_modified//target/classes:target/dspot/dependencies/:dataset/may-2018/javapoet/608_modified//target/test-classes:lib/catg-dev.jar:, -d, /tmp/Ex2Amplifier-experiments/dataset/may-2018/javapoet/608_modified/target/test-classes, -1.8, -proc:none, -preserveAllLocals, -noExit, -enableJavadoc, /tmp/Ex2Amplifier-experiments/target/dspot/tmp_test_sources/com/squareup/javapoet/LineWrapperTest.java]
[31521] DEBUG Launcher - compiled in 183 ms
[31526] INFO CATGExecutor - Running CATG: ~/jdk1.8.0_121/java -Xmx4096M -Xms2048M -Djanala.loggerClass=janala.logger.DirectConcolicExecution -Djanala.conf=lib/catg.conf  -javaagent:lib/catg-dev.jar -cp /home/spirals/danglot/.m2/repository/com/google/truth/truth/0.39/truth-0.39.jar:/home/spirals/danglot/.m2/repository/com/google/guava/guava/23.4-android/guava-23.4-android.jar:/home/spirals/danglot/.m2/repository/com/google/code/findbugs/jsr305/1.3.9/jsr305-1.3.9.jar:/home/spirals/danglot/.m2/repository/com/google/j2objc/j2objc-annotations/1.1/j2objc-annotations-1.1.jar:/home/spirals/danglot/.m2/repository/org/codehaus/mojo/animal-sniffer-annotations/1.14/animal-sniffer-annotations-1.14.jar:/home/spirals/danglot/.m2/repository/com/google/errorprone/error_prone_annotations/2.1.3/error_prone_annotations-2.1.3.jar:/home/spirals/danglot/.m2/repository/com/google/testing/compile/compile-testing/0.15/compile-testing-0.15.jar:/home/spirals/danglot/.m2/repository/com/google/truth/extensions/truth-java8-extension/0.37/truth-java8-extension-0.37.jar:/home/spirals/danglot/.m2/repository/com/google/auto/value/auto-value/1.5.3/auto-value-1.5.3.jar:/home/spirals/danglot/.m2/repository/com/google/auto/auto-common/0.9/auto-common-0.9.jar:/home/spirals/danglot/jdk1.8.0_121/jre/../lib/tools.jar:/home/spirals/danglot/.m2/repository/junit/junit/4.12/junit-4.12.jar:/home/spirals/danglot/.m2/repository/org/hamcrest/hamcrest-core/1.3/hamcrest-core-1.3.jar:/home/spirals/danglot/.m2/repository/com/google/jimfs/jimfs/1.1/jimfs-1.1.jar:/home/spirals/danglot/.m2/repository/org/mockito/mockito-core/2.13.0/mockito-core-2.13.0.jar:/home/spirals/danglot/.m2/repository/net/bytebuddy/byte-buddy/1.7.9/byte-buddy-1.7.9.jar:/home/spirals/danglot/.m2/repository/net/bytebuddy/byte-buddy-agent/1.7.9/byte-buddy-agent-1.7.9.jar:/home/spirals/danglot/.m2/repository/org/objenesis/objenesis/2.6/objenesis-2.6.jar:/home/spirals/danglot/.m2/repository/org/eclipse/jdt/core/compiler/ecj/4.6.1/ecj-4.6.1.jar:dataset/may-2018/javapoet/608_modified//target/classes:target/dspot/dependencies/:dataset/may-2018/javapoet/608_modified//target/test-classes:lib/catg-dev.jar:lib/catg-dev.jar:lib/asm-all-5.0.4.jar:lib/automaton-1.11-8.jar -ea com.squareup.javapoet.LineWrapperTest
[31531] INFO Amplification - 0 new tests generated
[31531] INFO Amplification - 0 amplified test(s) has been selected, global: 0
[31531] INFO Amplification - amp fencepostZeroWidth (2/6)
[31545] DEBUG Launcher - printing com.squareup.javapoet.LineWrapperTest to /tmp/Ex2Amplifier-experiments/target/dspot/tmp_test_sources
[32099] INFO Amplification - iteration 0:
[32099] INFO Amplification - 1 tests selected to be amplified over 1 available tests
[32099] INFO Amplification - Amplification of inputs...

100% |================================================== ]/
[32122] DEBUG Launcher - printing com.squareup.javapoet.LineWrapperTest to /tmp/Ex2Amplifier-experiments/target/dspot/tmp_test_sources
[32143] DEBUG Launcher - building sources: [/tmp/Ex2Amplifier-experiments/target/dspot/tmp_test_sources/com/squareup/javapoet/LineWrapperTest.java]
[32143] DEBUG Launcher - build args: [-encoding, UTF-8, -cp, /home/spirals/danglot/.m2/repository/com/google/truth/truth/0.39/truth-0.39.jar:/home/spirals/danglot/.m2/repository/com/google/guava/guava/23.4-android/guava-23.4-android.jar:/home/spirals/danglot/.m2/repository/com/google/code/findbugs/jsr305/1.3.9/jsr305-1.3.9.jar:/home/spirals/danglot/.m2/repository/com/google/j2objc/j2objc-annotations/1.1/j2objc-annotations-1.1.jar:/home/spirals/danglot/.m2/repository/org/codehaus/mojo/animal-sniffer-annotations/1.14/animal-sniffer-annotations-1.14.jar:/home/spirals/danglot/.m2/repository/com/google/errorprone/error_prone_annotations/2.1.3/error_prone_annotations-2.1.3.jar:/home/spirals/danglot/.m2/repository/com/google/testing/compile/compile-testing/0.15/compile-testing-0.15.jar:/home/spirals/danglot/.m2/repository/com/google/truth/extensions/truth-java8-extension/0.37/truth-java8-extension-0.37.jar:/home/spirals/danglot/.m2/repository/com/google/auto/value/auto-value/1.5.3/auto-value-1.5.3.jar:/home/spirals/danglot/.m2/repository/com/google/auto/auto-common/0.9/auto-common-0.9.jar:/home/spirals/danglot/jdk1.8.0_121/jre/../lib/tools.jar:/home/spirals/danglot/.m2/repository/junit/junit/4.12/junit-4.12.jar:/home/spirals/danglot/.m2/repository/org/hamcrest/hamcrest-core/1.3/hamcrest-core-1.3.jar:/home/spirals/danglot/.m2/repository/com/google/jimfs/jimfs/1.1/jimfs-1.1.jar:/home/spirals/danglot/.m2/repository/org/mockito/mockito-core/2.13.0/mockito-core-2.13.0.jar:/home/spirals/danglot/.m2/repository/net/bytebuddy/byte-buddy/1.7.9/byte-buddy-1.7.9.jar:/home/spirals/danglot/.m2/repository/net/bytebuddy/byte-buddy-agent/1.7.9/byte-buddy-agent-1.7.9.jar:/home/spirals/danglot/.m2/repository/org/objenesis/objenesis/2.6/objenesis-2.6.jar:/home/spirals/danglot/.m2/repository/org/eclipse/jdt/core/compiler/ecj/4.6.1/ecj-4.6.1.jar:dataset/may-2018/javapoet/608_modified//target/classes:target/dspot/dependencies/:dataset/may-2018/javapoet/608_modified//target/test-classes:lib/catg-dev.jar:, -1.8, -preserveAllLocals, -noExit, -enableJavadoc, /tmp/Ex2Amplifier-experiments/target/dspot/tmp_test_sources/com/squareup/javapoet/LineWrapperTest.java]
[32236] DEBUG Launcher - built in 93 ms
[32236] DEBUG Launcher - building templates: []
[32237] DEBUG Launcher - built in 0 ms
[32237] DEBUG Launcher - model built in 94
[32237] DEBUG Launcher - compiling sources: [/tmp/Ex2Amplifier-experiments/target/dspot/tmp_test_sources/com/squareup/javapoet/LineWrapperTest.java]
[32238] DEBUG Launcher - compile args: [-encoding, UTF-8, -cp, /home/spirals/danglot/.m2/repository/com/google/truth/truth/0.39/truth-0.39.jar:/home/spirals/danglot/.m2/repository/com/google/guava/guava/23.4-android/guava-23.4-android.jar:/home/spirals/danglot/.m2/repository/com/google/code/findbugs/jsr305/1.3.9/jsr305-1.3.9.jar:/home/spirals/danglot/.m2/repository/com/google/j2objc/j2objc-annotations/1.1/j2objc-annotations-1.1.jar:/home/spirals/danglot/.m2/repository/org/codehaus/mojo/animal-sniffer-annotations/1.14/animal-sniffer-annotations-1.14.jar:/home/spirals/danglot/.m2/repository/com/google/errorprone/error_prone_annotations/2.1.3/error_prone_annotations-2.1.3.jar:/home/spirals/danglot/.m2/repository/com/google/testing/compile/compile-testing/0.15/compile-testing-0.15.jar:/home/spirals/danglot/.m2/repository/com/google/truth/extensions/truth-java8-extension/0.37/truth-java8-extension-0.37.jar:/home/spirals/danglot/.m2/repository/com/google/auto/value/auto-value/1.5.3/auto-value-1.5.3.jar:/home/spirals/danglot/.m2/repository/com/google/auto/auto-common/0.9/auto-common-0.9.jar:/home/spirals/danglot/jdk1.8.0_121/jre/../lib/tools.jar:/home/spirals/danglot/.m2/repository/junit/junit/4.12/junit-4.12.jar:/home/spirals/danglot/.m2/repository/org/hamcrest/hamcrest-core/1.3/hamcrest-core-1.3.jar:/home/spirals/danglot/.m2/repository/com/google/jimfs/jimfs/1.1/jimfs-1.1.jar:/home/spirals/danglot/.m2/repository/org/mockito/mockito-core/2.13.0/mockito-core-2.13.0.jar:/home/spirals/danglot/.m2/repository/net/bytebuddy/byte-buddy/1.7.9/byte-buddy-1.7.9.jar:/home/spirals/danglot/.m2/repository/net/bytebuddy/byte-buddy-agent/1.7.9/byte-buddy-agent-1.7.9.jar:/home/spirals/danglot/.m2/repository/org/objenesis/objenesis/2.6/objenesis-2.6.jar:/home/spirals/danglot/.m2/repository/org/eclipse/jdt/core/compiler/ecj/4.6.1/ecj-4.6.1.jar:dataset/may-2018/javapoet/608_modified//target/classes:target/dspot/dependencies/:dataset/may-2018/javapoet/608_modified//target/test-classes:lib/catg-dev.jar:, -d, /tmp/Ex2Amplifier-experiments/dataset/may-2018/javapoet/608_modified/target/test-classes, -1.8, -proc:none, -preserveAllLocals, -noExit, -enableJavadoc, /tmp/Ex2Amplifier-experiments/target/dspot/tmp_test_sources/com/squareup/javapoet/LineWrapperTest.java]
[32355] DEBUG Launcher - compiled in 118 ms
[32356] INFO CATGExecutor - Running CATG: ~/jdk1.8.0_121/java -Xmx4096M -Xms2048M -Djanala.loggerClass=janala.logger.DirectConcolicExecution -Djanala.conf=lib/catg.conf  -javaagent:lib/catg-dev.jar -cp /home/spirals/danglot/.m2/repository/com/google/truth/truth/0.39/truth-0.39.jar:/home/spirals/danglot/.m2/repository/com/google/guava/guava/23.4-android/guava-23.4-android.jar:/home/spirals/danglot/.m2/repository/com/google/code/findbugs/jsr305/1.3.9/jsr305-1.3.9.jar:/home/spirals/danglot/.m2/repository/com/google/j2objc/j2objc-annotations/1.1/j2objc-annotations-1.1.jar:/home/spirals/danglot/.m2/repository/org/codehaus/mojo/animal-sniffer-annotations/1.14/animal-sniffer-annotations-1.14.jar:/home/spirals/danglot/.m2/repository/com/google/errorprone/error_prone_annotations/2.1.3/error_prone_annotations-2.1.3.jar:/home/spirals/danglot/.m2/repository/com/google/testing/compile/compile-testing/0.15/compile-testing-0.15.jar:/home/spirals/danglot/.m2/repository/com/google/truth/extensions/truth-java8-extension/0.37/truth-java8-extension-0.37.jar:/home/spirals/danglot/.m2/repository/com/google/auto/value/auto-value/1.5.3/auto-value-1.5.3.jar:/home/spirals/danglot/.m2/repository/com/google/auto/auto-common/0.9/auto-common-0.9.jar:/home/spirals/danglot/jdk1.8.0_121/jre/../lib/tools.jar:/home/spirals/danglot/.m2/repository/junit/junit/4.12/junit-4.12.jar:/home/spirals/danglot/.m2/repository/org/hamcrest/hamcrest-core/1.3/hamcrest-core-1.3.jar:/home/spirals/danglot/.m2/repository/com/google/jimfs/jimfs/1.1/jimfs-1.1.jar:/home/spirals/danglot/.m2/repository/org/mockito/mockito-core/2.13.0/mockito-core-2.13.0.jar:/home/spirals/danglot/.m2/repository/net/bytebuddy/byte-buddy/1.7.9/byte-buddy-1.7.9.jar:/home/spirals/danglot/.m2/repository/net/bytebuddy/byte-buddy-agent/1.7.9/byte-buddy-agent-1.7.9.jar:/home/spirals/danglot/.m2/repository/org/objenesis/objenesis/2.6/objenesis-2.6.jar:/home/spirals/danglot/.m2/repository/org/eclipse/jdt/core/compiler/ecj/4.6.1/ecj-4.6.1.jar:dataset/may-2018/javapoet/608_modified//target/classes:target/dspot/dependencies/:dataset/may-2018/javapoet/608_modified//target/test-classes:lib/catg-dev.jar:lib/catg-dev.jar:lib/asm-all-5.0.4.jar:lib/automaton-1.11-8.jar -ea com.squareup.javapoet.LineWrapperTest
[32359] INFO Amplification - 0 new tests generated
[32359] INFO Amplification - 0 amplified test(s) has been selected, global: 0
[32359] INFO Amplification - amp wrapEmbeddedNewlines_ZeroWidth (3/6)
[32372] DEBUG Launcher - printing com.squareup.javapoet.LineWrapperTest to /tmp/Ex2Amplifier-experiments/target/dspot/tmp_test_sources
[32914] INFO Amplification - iteration 0:
[32914] INFO Amplification - 1 tests selected to be amplified over 1 available tests
[32914] INFO Amplification - Amplification of inputs...

100% |================================================== ]/
[32931] DEBUG Launcher - printing com.squareup.javapoet.LineWrapperTest to /tmp/Ex2Amplifier-experiments/target/dspot/tmp_test_sources
[32953] DEBUG Launcher - building sources: [/tmp/Ex2Amplifier-experiments/target/dspot/tmp_test_sources/com/squareup/javapoet/LineWrapperTest.java]
[32953] DEBUG Launcher - build args: [-encoding, UTF-8, -cp, /home/spirals/danglot/.m2/repository/com/google/truth/truth/0.39/truth-0.39.jar:/home/spirals/danglot/.m2/repository/com/google/guava/guava/23.4-android/guava-23.4-android.jar:/home/spirals/danglot/.m2/repository/com/google/code/findbugs/jsr305/1.3.9/jsr305-1.3.9.jar:/home/spirals/danglot/.m2/repository/com/google/j2objc/j2objc-annotations/1.1/j2objc-annotations-1.1.jar:/home/spirals/danglot/.m2/repository/org/codehaus/mojo/animal-sniffer-annotations/1.14/animal-sniffer-annotations-1.14.jar:/home/spirals/danglot/.m2/repository/com/google/errorprone/error_prone_annotations/2.1.3/error_prone_annotations-2.1.3.jar:/home/spirals/danglot/.m2/repository/com/google/testing/compile/compile-testing/0.15/compile-testing-0.15.jar:/home/spirals/danglot/.m2/repository/com/google/truth/extensions/truth-java8-extension/0.37/truth-java8-extension-0.37.jar:/home/spirals/danglot/.m2/repository/com/google/auto/value/auto-value/1.5.3/auto-value-1.5.3.jar:/home/spirals/danglot/.m2/repository/com/google/auto/auto-common/0.9/auto-common-0.9.jar:/home/spirals/danglot/jdk1.8.0_121/jre/../lib/tools.jar:/home/spirals/danglot/.m2/repository/junit/junit/4.12/junit-4.12.jar:/home/spirals/danglot/.m2/repository/org/hamcrest/hamcrest-core/1.3/hamcrest-core-1.3.jar:/home/spirals/danglot/.m2/repository/com/google/jimfs/jimfs/1.1/jimfs-1.1.jar:/home/spirals/danglot/.m2/repository/org/mockito/mockito-core/2.13.0/mockito-core-2.13.0.jar:/home/spirals/danglot/.m2/repository/net/bytebuddy/byte-buddy/1.7.9/byte-buddy-1.7.9.jar:/home/spirals/danglot/.m2/repository/net/bytebuddy/byte-buddy-agent/1.7.9/byte-buddy-agent-1.7.9.jar:/home/spirals/danglot/.m2/repository/org/objenesis/objenesis/2.6/objenesis-2.6.jar:/home/spirals/danglot/.m2/repository/org/eclipse/jdt/core/compiler/ecj/4.6.1/ecj-4.6.1.jar:dataset/may-2018/javapoet/608_modified//target/classes:target/dspot/dependencies/:dataset/may-2018/javapoet/608_modified//target/test-classes:lib/catg-dev.jar:, -1.8, -preserveAllLocals, -noExit, -enableJavadoc, /tmp/Ex2Amplifier-experiments/target/dspot/tmp_test_sources/com/squareup/javapoet/LineWrapperTest.java]
[33059] DEBUG Launcher - built in 106 ms
[33060] DEBUG Launcher - building templates: []
[33060] DEBUG Launcher - built in 0 ms
[33060] DEBUG Launcher - model built in 107
[33060] DEBUG Launcher - compiling sources: [/tmp/Ex2Amplifier-experiments/target/dspot/tmp_test_sources/com/squareup/javapoet/LineWrapperTest.java]
[33062] DEBUG Launcher - compile args: [-encoding, UTF-8, -cp, /home/spirals/danglot/.m2/repository/com/google/truth/truth/0.39/truth-0.39.jar:/home/spirals/danglot/.m2/repository/com/google/guava/guava/23.4-android/guava-23.4-android.jar:/home/spirals/danglot/.m2/repository/com/google/code/findbugs/jsr305/1.3.9/jsr305-1.3.9.jar:/home/spirals/danglot/.m2/repository/com/google/j2objc/j2objc-annotations/1.1/j2objc-annotations-1.1.jar:/home/spirals/danglot/.m2/repository/org/codehaus/mojo/animal-sniffer-annotations/1.14/animal-sniffer-annotations-1.14.jar:/home/spirals/danglot/.m2/repository/com/google/errorprone/error_prone_annotations/2.1.3/error_prone_annotations-2.1.3.jar:/home/spirals/danglot/.m2/repository/com/google/testing/compile/compile-testing/0.15/compile-testing-0.15.jar:/home/spirals/danglot/.m2/repository/com/google/truth/extensions/truth-java8-extension/0.37/truth-java8-extension-0.37.jar:/home/spirals/danglot/.m2/repository/com/google/auto/value/auto-value/1.5.3/auto-value-1.5.3.jar:/home/spirals/danglot/.m2/repository/com/google/auto/auto-common/0.9/auto-common-0.9.jar:/home/spirals/danglot/jdk1.8.0_121/jre/../lib/tools.jar:/home/spirals/danglot/.m2/repository/junit/junit/4.12/junit-4.12.jar:/home/spirals/danglot/.m2/repository/org/hamcrest/hamcrest-core/1.3/hamcrest-core-1.3.jar:/home/spirals/danglot/.m2/repository/com/google/jimfs/jimfs/1.1/jimfs-1.1.jar:/home/spirals/danglot/.m2/repository/org/mockito/mockito-core/2.13.0/mockito-core-2.13.0.jar:/home/spirals/danglot/.m2/repository/net/bytebuddy/byte-buddy/1.7.9/byte-buddy-1.7.9.jar:/home/spirals/danglot/.m2/repository/net/bytebuddy/byte-buddy-agent/1.7.9/byte-buddy-agent-1.7.9.jar:/home/spirals/danglot/.m2/repository/org/objenesis/objenesis/2.6/objenesis-2.6.jar:/home/spirals/danglot/.m2/repository/org/eclipse/jdt/core/compiler/ecj/4.6.1/ecj-4.6.1.jar:dataset/may-2018/javapoet/608_modified//target/classes:target/dspot/dependencies/:dataset/may-2018/javapoet/608_modified//target/test-classes:lib/catg-dev.jar:, -d, /tmp/Ex2Amplifier-experiments/dataset/may-2018/javapoet/608_modified/target/test-classes, -1.8, -proc:none, -preserveAllLocals, -noExit, -enableJavadoc, /tmp/Ex2Amplifier-experiments/target/dspot/tmp_test_sources/com/squareup/javapoet/LineWrapperTest.java]
[33165] DEBUG Launcher - compiled in 105 ms
[33166] INFO CATGExecutor - Running CATG: ~/jdk1.8.0_121/java -Xmx4096M -Xms2048M -Djanala.loggerClass=janala.logger.DirectConcolicExecution -Djanala.conf=lib/catg.conf  -javaagent:lib/catg-dev.jar -cp /home/spirals/danglot/.m2/repository/com/google/truth/truth/0.39/truth-0.39.jar:/home/spirals/danglot/.m2/repository/com/google/guava/guava/23.4-android/guava-23.4-android.jar:/home/spirals/danglot/.m2/repository/com/google/code/findbugs/jsr305/1.3.9/jsr305-1.3.9.jar:/home/spirals/danglot/.m2/repository/com/google/j2objc/j2objc-annotations/1.1/j2objc-annotations-1.1.jar:/home/spirals/danglot/.m2/repository/org/codehaus/mojo/animal-sniffer-annotations/1.14/animal-sniffer-annotations-1.14.jar:/home/spirals/danglot/.m2/repository/com/google/errorprone/error_prone_annotations/2.1.3/error_prone_annotations-2.1.3.jar:/home/spirals/danglot/.m2/repository/com/google/testing/compile/compile-testing/0.15/compile-testing-0.15.jar:/home/spirals/danglot/.m2/repository/com/google/truth/extensions/truth-java8-extension/0.37/truth-java8-extension-0.37.jar:/home/spirals/danglot/.m2/repository/com/google/auto/value/auto-value/1.5.3/auto-value-1.5.3.jar:/home/spirals/danglot/.m2/repository/com/google/auto/auto-common/0.9/auto-common-0.9.jar:/home/spirals/danglot/jdk1.8.0_121/jre/../lib/tools.jar:/home/spirals/danglot/.m2/repository/junit/junit/4.12/junit-4.12.jar:/home/spirals/danglot/.m2/repository/org/hamcrest/hamcrest-core/1.3/hamcrest-core-1.3.jar:/home/spirals/danglot/.m2/repository/com/google/jimfs/jimfs/1.1/jimfs-1.1.jar:/home/spirals/danglot/.m2/repository/org/mockito/mockito-core/2.13.0/mockito-core-2.13.0.jar:/home/spirals/danglot/.m2/repository/net/bytebuddy/byte-buddy/1.7.9/byte-buddy-1.7.9.jar:/home/spirals/danglot/.m2/repository/net/bytebuddy/byte-buddy-agent/1.7.9/byte-buddy-agent-1.7.9.jar:/home/spirals/danglot/.m2/repository/org/objenesis/objenesis/2.6/objenesis-2.6.jar:/home/spirals/danglot/.m2/repository/org/eclipse/jdt/core/compiler/ecj/4.6.1/ecj-4.6.1.jar:dataset/may-2018/javapoet/608_modified//target/classes:target/dspot/dependencies/:dataset/may-2018/javapoet/608_modified//target/test-classes:lib/catg-dev.jar:lib/catg-dev.jar:lib/asm-all-5.0.4.jar:lib/automaton-1.11-8.jar -ea com.squareup.javapoet.LineWrapperTest
[33168] INFO Amplification - 0 new tests generated
[33168] INFO Amplification - 0 amplified test(s) has been selected, global: 0
[33168] INFO Amplification - amp nospaceWrapMax (4/6)
[33177] DEBUG Launcher - printing com.squareup.javapoet.LineWrapperTest to /tmp/Ex2Amplifier-experiments/target/dspot/tmp_test_sources
[33696] INFO Amplification - iteration 0:
[33697] INFO Amplification - 1 tests selected to be amplified over 1 available tests
[33697] INFO Amplification - Amplification of inputs...

100% |================================================== ]/
[33712] DEBUG Launcher - printing com.squareup.javapoet.LineWrapperTest to /tmp/Ex2Amplifier-experiments/target/dspot/tmp_test_sources
[33731] DEBUG Launcher - building sources: [/tmp/Ex2Amplifier-experiments/target/dspot/tmp_test_sources/com/squareup/javapoet/LineWrapperTest.java]
[33732] DEBUG Launcher - build args: [-encoding, UTF-8, -cp, /home/spirals/danglot/.m2/repository/com/google/truth/truth/0.39/truth-0.39.jar:/home/spirals/danglot/.m2/repository/com/google/guava/guava/23.4-android/guava-23.4-android.jar:/home/spirals/danglot/.m2/repository/com/google/code/findbugs/jsr305/1.3.9/jsr305-1.3.9.jar:/home/spirals/danglot/.m2/repository/com/google/j2objc/j2objc-annotations/1.1/j2objc-annotations-1.1.jar:/home/spirals/danglot/.m2/repository/org/codehaus/mojo/animal-sniffer-annotations/1.14/animal-sniffer-annotations-1.14.jar:/home/spirals/danglot/.m2/repository/com/google/errorprone/error_prone_annotations/2.1.3/error_prone_annotations-2.1.3.jar:/home/spirals/danglot/.m2/repository/com/google/testing/compile/compile-testing/0.15/compile-testing-0.15.jar:/home/spirals/danglot/.m2/repository/com/google/truth/extensions/truth-java8-extension/0.37/truth-java8-extension-0.37.jar:/home/spirals/danglot/.m2/repository/com/google/auto/value/auto-value/1.5.3/auto-value-1.5.3.jar:/home/spirals/danglot/.m2/repository/com/google/auto/auto-common/0.9/auto-common-0.9.jar:/home/spirals/danglot/jdk1.8.0_121/jre/../lib/tools.jar:/home/spirals/danglot/.m2/repository/junit/junit/4.12/junit-4.12.jar:/home/spirals/danglot/.m2/repository/org/hamcrest/hamcrest-core/1.3/hamcrest-core-1.3.jar:/home/spirals/danglot/.m2/repository/com/google/jimfs/jimfs/1.1/jimfs-1.1.jar:/home/spirals/danglot/.m2/repository/org/mockito/mockito-core/2.13.0/mockito-core-2.13.0.jar:/home/spirals/danglot/.m2/repository/net/bytebuddy/byte-buddy/1.7.9/byte-buddy-1.7.9.jar:/home/spirals/danglot/.m2/repository/net/bytebuddy/byte-buddy-agent/1.7.9/byte-buddy-agent-1.7.9.jar:/home/spirals/danglot/.m2/repository/org/objenesis/objenesis/2.6/objenesis-2.6.jar:/home/spirals/danglot/.m2/repository/org/eclipse/jdt/core/compiler/ecj/4.6.1/ecj-4.6.1.jar:dataset/may-2018/javapoet/608_modified//target/classes:target/dspot/dependencies/:dataset/may-2018/javapoet/608_modified//target/test-classes:lib/catg-dev.jar:, -1.8, -preserveAllLocals, -noExit, -enableJavadoc, /tmp/Ex2Amplifier-experiments/target/dspot/tmp_test_sources/com/squareup/javapoet/LineWrapperTest.java]
[33836] DEBUG Launcher - built in 105 ms
[33836] DEBUG Launcher - building templates: []
[33836] DEBUG Launcher - built in 0 ms
[33837] DEBUG Launcher - model built in 106
[33837] DEBUG Launcher - compiling sources: [/tmp/Ex2Amplifier-experiments/target/dspot/tmp_test_sources/com/squareup/javapoet/LineWrapperTest.java]
[33838] DEBUG Launcher - compile args: [-encoding, UTF-8, -cp, /home/spirals/danglot/.m2/repository/com/google/truth/truth/0.39/truth-0.39.jar:/home/spirals/danglot/.m2/repository/com/google/guava/guava/23.4-android/guava-23.4-android.jar:/home/spirals/danglot/.m2/repository/com/google/code/findbugs/jsr305/1.3.9/jsr305-1.3.9.jar:/home/spirals/danglot/.m2/repository/com/google/j2objc/j2objc-annotations/1.1/j2objc-annotations-1.1.jar:/home/spirals/danglot/.m2/repository/org/codehaus/mojo/animal-sniffer-annotations/1.14/animal-sniffer-annotations-1.14.jar:/home/spirals/danglot/.m2/repository/com/google/errorprone/error_prone_annotations/2.1.3/error_prone_annotations-2.1.3.jar:/home/spirals/danglot/.m2/repository/com/google/testing/compile/compile-testing/0.15/compile-testing-0.15.jar:/home/spirals/danglot/.m2/repository/com/google/truth/extensions/truth-java8-extension/0.37/truth-java8-extension-0.37.jar:/home/spirals/danglot/.m2/repository/com/google/auto/value/auto-value/1.5.3/auto-value-1.5.3.jar:/home/spirals/danglot/.m2/repository/com/google/auto/auto-common/0.9/auto-common-0.9.jar:/home/spirals/danglot/jdk1.8.0_121/jre/../lib/tools.jar:/home/spirals/danglot/.m2/repository/junit/junit/4.12/junit-4.12.jar:/home/spirals/danglot/.m2/repository/org/hamcrest/hamcrest-core/1.3/hamcrest-core-1.3.jar:/home/spirals/danglot/.m2/repository/com/google/jimfs/jimfs/1.1/jimfs-1.1.jar:/home/spirals/danglot/.m2/repository/org/mockito/mockito-core/2.13.0/mockito-core-2.13.0.jar:/home/spirals/danglot/.m2/repository/net/bytebuddy/byte-buddy/1.7.9/byte-buddy-1.7.9.jar:/home/spirals/danglot/.m2/repository/net/bytebuddy/byte-buddy-agent/1.7.9/byte-buddy-agent-1.7.9.jar:/home/spirals/danglot/.m2/repository/org/objenesis/objenesis/2.6/objenesis-2.6.jar:/home/spirals/danglot/.m2/repository/org/eclipse/jdt/core/compiler/ecj/4.6.1/ecj-4.6.1.jar:dataset/may-2018/javapoet/608_modified//target/classes:target/dspot/dependencies/:dataset/may-2018/javapoet/608_modified//target/test-classes:lib/catg-dev.jar:, -d, /tmp/Ex2Amplifier-experiments/dataset/may-2018/javapoet/608_modified/target/test-classes, -1.8, -proc:none, -preserveAllLocals, -noExit, -enableJavadoc, /tmp/Ex2Amplifier-experiments/target/dspot/tmp_test_sources/com/squareup/javapoet/LineWrapperTest.java]
[33942] DEBUG Launcher - compiled in 105 ms
[33943] INFO CATGExecutor - Running CATG: ~/jdk1.8.0_121/java -Xmx4096M -Xms2048M -Djanala.loggerClass=janala.logger.DirectConcolicExecution -Djanala.conf=lib/catg.conf  -javaagent:lib/catg-dev.jar -cp /home/spirals/danglot/.m2/repository/com/google/truth/truth/0.39/truth-0.39.jar:/home/spirals/danglot/.m2/repository/com/google/guava/guava/23.4-android/guava-23.4-android.jar:/home/spirals/danglot/.m2/repository/com/google/code/findbugs/jsr305/1.3.9/jsr305-1.3.9.jar:/home/spirals/danglot/.m2/repository/com/google/j2objc/j2objc-annotations/1.1/j2objc-annotations-1.1.jar:/home/spirals/danglot/.m2/repository/org/codehaus/mojo/animal-sniffer-annotations/1.14/animal-sniffer-annotations-1.14.jar:/home/spirals/danglot/.m2/repository/com/google/errorprone/error_prone_annotations/2.1.3/error_prone_annotations-2.1.3.jar:/home/spirals/danglot/.m2/repository/com/google/testing/compile/compile-testing/0.15/compile-testing-0.15.jar:/home/spirals/danglot/.m2/repository/com/google/truth/extensions/truth-java8-extension/0.37/truth-java8-extension-0.37.jar:/home/spirals/danglot/.m2/repository/com/google/auto/value/auto-value/1.5.3/auto-value-1.5.3.jar:/home/spirals/danglot/.m2/repository/com/google/auto/auto-common/0.9/auto-common-0.9.jar:/home/spirals/danglot/jdk1.8.0_121/jre/../lib/tools.jar:/home/spirals/danglot/.m2/repository/junit/junit/4.12/junit-4.12.jar:/home/spirals/danglot/.m2/repository/org/hamcrest/hamcrest-core/1.3/hamcrest-core-1.3.jar:/home/spirals/danglot/.m2/repository/com/google/jimfs/jimfs/1.1/jimfs-1.1.jar:/home/spirals/danglot/.m2/repository/org/mockito/mockito-core/2.13.0/mockito-core-2.13.0.jar:/home/spirals/danglot/.m2/repository/net/bytebuddy/byte-buddy/1.7.9/byte-buddy-1.7.9.jar:/home/spirals/danglot/.m2/repository/net/bytebuddy/byte-buddy-agent/1.7.9/byte-buddy-agent-1.7.9.jar:/home/spirals/danglot/.m2/repository/org/objenesis/objenesis/2.6/objenesis-2.6.jar:/home/spirals/danglot/.m2/repository/org/eclipse/jdt/core/compiler/ecj/4.6.1/ecj-4.6.1.jar:dataset/may-2018/javapoet/608_modified//target/classes:target/dspot/dependencies/:dataset/may-2018/javapoet/608_modified//target/test-classes:lib/catg-dev.jar:lib/catg-dev.jar:lib/asm-all-5.0.4.jar:lib/automaton-1.11-8.jar -ea com.squareup.javapoet.LineWrapperTest
[33945] INFO Amplification - 0 new tests generated
[33945] INFO Amplification - 0 amplified test(s) has been selected, global: 0
[33945] INFO Amplification - amp zeroWidthNoWrap (5/6)
[33956] DEBUG Launcher - printing com.squareup.javapoet.LineWrapperTest to /tmp/Ex2Amplifier-experiments/target/dspot/tmp_test_sources
[34527] INFO Amplification - iteration 0:
[34527] INFO Amplification - 1 tests selected to be amplified over 1 available tests
[34527] INFO Amplification - Amplification of inputs...

100% |================================================== ]/
[34539] DEBUG Launcher - printing com.squareup.javapoet.LineWrapperTest to /tmp/Ex2Amplifier-experiments/target/dspot/tmp_test_sources
[34552] DEBUG Launcher - building sources: [/tmp/Ex2Amplifier-experiments/target/dspot/tmp_test_sources/com/squareup/javapoet/LineWrapperTest.java]
[34552] DEBUG Launcher - build args: [-encoding, UTF-8, -cp, /home/spirals/danglot/.m2/repository/com/google/truth/truth/0.39/truth-0.39.jar:/home/spirals/danglot/.m2/repository/com/google/guava/guava/23.4-android/guava-23.4-android.jar:/home/spirals/danglot/.m2/repository/com/google/code/findbugs/jsr305/1.3.9/jsr305-1.3.9.jar:/home/spirals/danglot/.m2/repository/com/google/j2objc/j2objc-annotations/1.1/j2objc-annotations-1.1.jar:/home/spirals/danglot/.m2/repository/org/codehaus/mojo/animal-sniffer-annotations/1.14/animal-sniffer-annotations-1.14.jar:/home/spirals/danglot/.m2/repository/com/google/errorprone/error_prone_annotations/2.1.3/error_prone_annotations-2.1.3.jar:/home/spirals/danglot/.m2/repository/com/google/testing/compile/compile-testing/0.15/compile-testing-0.15.jar:/home/spirals/danglot/.m2/repository/com/google/truth/extensions/truth-java8-extension/0.37/truth-java8-extension-0.37.jar:/home/spirals/danglot/.m2/repository/com/google/auto/value/auto-value/1.5.3/auto-value-1.5.3.jar:/home/spirals/danglot/.m2/repository/com/google/auto/auto-common/0.9/auto-common-0.9.jar:/home/spirals/danglot/jdk1.8.0_121/jre/../lib/tools.jar:/home/spirals/danglot/.m2/repository/junit/junit/4.12/junit-4.12.jar:/home/spirals/danglot/.m2/repository/org/hamcrest/hamcrest-core/1.3/hamcrest-core-1.3.jar:/home/spirals/danglot/.m2/repository/com/google/jimfs/jimfs/1.1/jimfs-1.1.jar:/home/spirals/danglot/.m2/repository/org/mockito/mockito-core/2.13.0/mockito-core-2.13.0.jar:/home/spirals/danglot/.m2/repository/net/bytebuddy/byte-buddy/1.7.9/byte-buddy-1.7.9.jar:/home/spirals/danglot/.m2/repository/net/bytebuddy/byte-buddy-agent/1.7.9/byte-buddy-agent-1.7.9.jar:/home/spirals/danglot/.m2/repository/org/objenesis/objenesis/2.6/objenesis-2.6.jar:/home/spirals/danglot/.m2/repository/org/eclipse/jdt/core/compiler/ecj/4.6.1/ecj-4.6.1.jar:dataset/may-2018/javapoet/608_modified//target/classes:target/dspot/dependencies/:dataset/may-2018/javapoet/608_modified//target/test-classes:lib/catg-dev.jar:, -1.8, -preserveAllLocals, -noExit, -enableJavadoc, /tmp/Ex2Amplifier-experiments/target/dspot/tmp_test_sources/com/squareup/javapoet/LineWrapperTest.java]
[34656] DEBUG Launcher - built in 104 ms
[34656] DEBUG Launcher - building templates: []
[34656] DEBUG Launcher - built in 0 ms
[34657] DEBUG Launcher - model built in 105
[34657] DEBUG Launcher - compiling sources: [/tmp/Ex2Amplifier-experiments/target/dspot/tmp_test_sources/com/squareup/javapoet/LineWrapperTest.java]
[34658] DEBUG Launcher - compile args: [-encoding, UTF-8, -cp, /home/spirals/danglot/.m2/repository/com/google/truth/truth/0.39/truth-0.39.jar:/home/spirals/danglot/.m2/repository/com/google/guava/guava/23.4-android/guava-23.4-android.jar:/home/spirals/danglot/.m2/repository/com/google/code/findbugs/jsr305/1.3.9/jsr305-1.3.9.jar:/home/spirals/danglot/.m2/repository/com/google/j2objc/j2objc-annotations/1.1/j2objc-annotations-1.1.jar:/home/spirals/danglot/.m2/repository/org/codehaus/mojo/animal-sniffer-annotations/1.14/animal-sniffer-annotations-1.14.jar:/home/spirals/danglot/.m2/repository/com/google/errorprone/error_prone_annotations/2.1.3/error_prone_annotations-2.1.3.jar:/home/spirals/danglot/.m2/repository/com/google/testing/compile/compile-testing/0.15/compile-testing-0.15.jar:/home/spirals/danglot/.m2/repository/com/google/truth/extensions/truth-java8-extension/0.37/truth-java8-extension-0.37.jar:/home/spirals/danglot/.m2/repository/com/google/auto/value/auto-value/1.5.3/auto-value-1.5.3.jar:/home/spirals/danglot/.m2/repository/com/google/auto/auto-common/0.9/auto-common-0.9.jar:/home/spirals/danglot/jdk1.8.0_121/jre/../lib/tools.jar:/home/spirals/danglot/.m2/repository/junit/junit/4.12/junit-4.12.jar:/home/spirals/danglot/.m2/repository/org/hamcrest/hamcrest-core/1.3/hamcrest-core-1.3.jar:/home/spirals/danglot/.m2/repository/com/google/jimfs/jimfs/1.1/jimfs-1.1.jar:/home/spirals/danglot/.m2/repository/org/mockito/mockito-core/2.13.0/mockito-core-2.13.0.jar:/home/spirals/danglot/.m2/repository/net/bytebuddy/byte-buddy/1.7.9/byte-buddy-1.7.9.jar:/home/spirals/danglot/.m2/repository/net/bytebuddy/byte-buddy-agent/1.7.9/byte-buddy-agent-1.7.9.jar:/home/spirals/danglot/.m2/repository/org/objenesis/objenesis/2.6/objenesis-2.6.jar:/home/spirals/danglot/.m2/repository/org/eclipse/jdt/core/compiler/ecj/4.6.1/ecj-4.6.1.jar:dataset/may-2018/javapoet/608_modified//target/classes:target/dspot/dependencies/:dataset/may-2018/javapoet/608_modified//target/test-classes:lib/catg-dev.jar:, -d, /tmp/Ex2Amplifier-experiments/dataset/may-2018/javapoet/608_modified/target/test-classes, -1.8, -proc:none, -preserveAllLocals, -noExit, -enableJavadoc, /tmp/Ex2Amplifier-experiments/target/dspot/tmp_test_sources/com/squareup/javapoet/LineWrapperTest.java]
[34753] DEBUG Launcher - compiled in 96 ms
[34755] INFO CATGExecutor - Running CATG: ~/jdk1.8.0_121/java -Xmx4096M -Xms2048M -Djanala.loggerClass=janala.logger.DirectConcolicExecution -Djanala.conf=lib/catg.conf  -javaagent:lib/catg-dev.jar -cp /home/spirals/danglot/.m2/repository/com/google/truth/truth/0.39/truth-0.39.jar:/home/spirals/danglot/.m2/repository/com/google/guava/guava/23.4-android/guava-23.4-android.jar:/home/spirals/danglot/.m2/repository/com/google/code/findbugs/jsr305/1.3.9/jsr305-1.3.9.jar:/home/spirals/danglot/.m2/repository/com/google/j2objc/j2objc-annotations/1.1/j2objc-annotations-1.1.jar:/home/spirals/danglot/.m2/repository/org/codehaus/mojo/animal-sniffer-annotations/1.14/animal-sniffer-annotations-1.14.jar:/home/spirals/danglot/.m2/repository/com/google/errorprone/error_prone_annotations/2.1.3/error_prone_annotations-2.1.3.jar:/home/spirals/danglot/.m2/repository/com/google/testing/compile/compile-testing/0.15/compile-testing-0.15.jar:/home/spirals/danglot/.m2/repository/com/google/truth/extensions/truth-java8-extension/0.37/truth-java8-extension-0.37.jar:/home/spirals/danglot/.m2/repository/com/google/auto/value/auto-value/1.5.3/auto-value-1.5.3.jar:/home/spirals/danglot/.m2/repository/com/google/auto/auto-common/0.9/auto-common-0.9.jar:/home/spirals/danglot/jdk1.8.0_121/jre/../lib/tools.jar:/home/spirals/danglot/.m2/repository/junit/junit/4.12/junit-4.12.jar:/home/spirals/danglot/.m2/repository/org/hamcrest/hamcrest-core/1.3/hamcrest-core-1.3.jar:/home/spirals/danglot/.m2/repository/com/google/jimfs/jimfs/1.1/jimfs-1.1.jar:/home/spirals/danglot/.m2/repository/org/mockito/mockito-core/2.13.0/mockito-core-2.13.0.jar:/home/spirals/danglot/.m2/repository/net/bytebuddy/byte-buddy/1.7.9/byte-buddy-1.7.9.jar:/home/spirals/danglot/.m2/repository/net/bytebuddy/byte-buddy-agent/1.7.9/byte-buddy-agent-1.7.9.jar:/home/spirals/danglot/.m2/repository/org/objenesis/objenesis/2.6/objenesis-2.6.jar:/home/spirals/danglot/.m2/repository/org/eclipse/jdt/core/compiler/ecj/4.6.1/ecj-4.6.1.jar:dataset/may-2018/javapoet/608_modified//target/classes:target/dspot/dependencies/:dataset/may-2018/javapoet/608_modified//target/test-classes:lib/catg-dev.jar:lib/catg-dev.jar:lib/asm-all-5.0.4.jar:lib/automaton-1.11-8.jar -ea com.squareup.javapoet.LineWrapperTest
[34758] INFO Amplification - 0 new tests generated
[34758] INFO Amplification - 0 amplified test(s) has been selected, global: 0
[34758] INFO Amplification - amp noWrapEmbeddedNewlines_ZeroWidth (6/6)
[34770] DEBUG Launcher - printing com.squareup.javapoet.LineWrapperTest to /tmp/Ex2Amplifier-experiments/target/dspot/tmp_test_sources
[35330] INFO Amplification - iteration 0:
[35330] INFO Amplification - 1 tests selected to be amplified over 1 available tests
[35330] INFO Amplification - Amplification of inputs...

100% |================================================== ]/
[35347] DEBUG Launcher - printing com.squareup.javapoet.LineWrapperTest to /tmp/Ex2Amplifier-experiments/target/dspot/tmp_test_sources
[35366] DEBUG Launcher - building sources: [/tmp/Ex2Amplifier-experiments/target/dspot/tmp_test_sources/com/squareup/javapoet/LineWrapperTest.java]
[35367] DEBUG Launcher - build args: [-encoding, UTF-8, -cp, /home/spirals/danglot/.m2/repository/com/google/truth/truth/0.39/truth-0.39.jar:/home/spirals/danglot/.m2/repository/com/google/guava/guava/23.4-android/guava-23.4-android.jar:/home/spirals/danglot/.m2/repository/com/google/code/findbugs/jsr305/1.3.9/jsr305-1.3.9.jar:/home/spirals/danglot/.m2/repository/com/google/j2objc/j2objc-annotations/1.1/j2objc-annotations-1.1.jar:/home/spirals/danglot/.m2/repository/org/codehaus/mojo/animal-sniffer-annotations/1.14/animal-sniffer-annotations-1.14.jar:/home/spirals/danglot/.m2/repository/com/google/errorprone/error_prone_annotations/2.1.3/error_prone_annotations-2.1.3.jar:/home/spirals/danglot/.m2/repository/com/google/testing/compile/compile-testing/0.15/compile-testing-0.15.jar:/home/spirals/danglot/.m2/repository/com/google/truth/extensions/truth-java8-extension/0.37/truth-java8-extension-0.37.jar:/home/spirals/danglot/.m2/repository/com/google/auto/value/auto-value/1.5.3/auto-value-1.5.3.jar:/home/spirals/danglot/.m2/repository/com/google/auto/auto-common/0.9/auto-common-0.9.jar:/home/spirals/danglot/jdk1.8.0_121/jre/../lib/tools.jar:/home/spirals/danglot/.m2/repository/junit/junit/4.12/junit-4.12.jar:/home/spirals/danglot/.m2/repository/org/hamcrest/hamcrest-core/1.3/hamcrest-core-1.3.jar:/home/spirals/danglot/.m2/repository/com/google/jimfs/jimfs/1.1/jimfs-1.1.jar:/home/spirals/danglot/.m2/repository/org/mockito/mockito-core/2.13.0/mockito-core-2.13.0.jar:/home/spirals/danglot/.m2/repository/net/bytebuddy/byte-buddy/1.7.9/byte-buddy-1.7.9.jar:/home/spirals/danglot/.m2/repository/net/bytebuddy/byte-buddy-agent/1.7.9/byte-buddy-agent-1.7.9.jar:/home/spirals/danglot/.m2/repository/org/objenesis/objenesis/2.6/objenesis-2.6.jar:/home/spirals/danglot/.m2/repository/org/eclipse/jdt/core/compiler/ecj/4.6.1/ecj-4.6.1.jar:dataset/may-2018/javapoet/608_modified//target/classes:target/dspot/dependencies/:dataset/may-2018/javapoet/608_modified//target/test-classes:lib/catg-dev.jar:, -1.8, -preserveAllLocals, -noExit, -enableJavadoc, /tmp/Ex2Amplifier-experiments/target/dspot/tmp_test_sources/com/squareup/javapoet/LineWrapperTest.java]
[35463] DEBUG Launcher - built in 97 ms
[35464] DEBUG Launcher - building templates: []
[35464] DEBUG Launcher - built in 0 ms
[35464] DEBUG Launcher - model built in 98
[35464] DEBUG Launcher - compiling sources: [/tmp/Ex2Amplifier-experiments/target/dspot/tmp_test_sources/com/squareup/javapoet/LineWrapperTest.java]
[35465] DEBUG Launcher - compile args: [-encoding, UTF-8, -cp, /home/spirals/danglot/.m2/repository/com/google/truth/truth/0.39/truth-0.39.jar:/home/spirals/danglot/.m2/repository/com/google/guava/guava/23.4-android/guava-23.4-android.jar:/home/spirals/danglot/.m2/repository/com/google/code/findbugs/jsr305/1.3.9/jsr305-1.3.9.jar:/home/spirals/danglot/.m2/repository/com/google/j2objc/j2objc-annotations/1.1/j2objc-annotations-1.1.jar:/home/spirals/danglot/.m2/repository/org/codehaus/mojo/animal-sniffer-annotations/1.14/animal-sniffer-annotations-1.14.jar:/home/spirals/danglot/.m2/repository/com/google/errorprone/error_prone_annotations/2.1.3/error_prone_annotations-2.1.3.jar:/home/spirals/danglot/.m2/repository/com/google/testing/compile/compile-testing/0.15/compile-testing-0.15.jar:/home/spirals/danglot/.m2/repository/com/google/truth/extensions/truth-java8-extension/0.37/truth-java8-extension-0.37.jar:/home/spirals/danglot/.m2/repository/com/google/auto/value/auto-value/1.5.3/auto-value-1.5.3.jar:/home/spirals/danglot/.m2/repository/com/google/auto/auto-common/0.9/auto-common-0.9.jar:/home/spirals/danglot/jdk1.8.0_121/jre/../lib/tools.jar:/home/spirals/danglot/.m2/repository/junit/junit/4.12/junit-4.12.jar:/home/spirals/danglot/.m2/repository/org/hamcrest/hamcrest-core/1.3/hamcrest-core-1.3.jar:/home/spirals/danglot/.m2/repository/com/google/jimfs/jimfs/1.1/jimfs-1.1.jar:/home/spirals/danglot/.m2/repository/org/mockito/mockito-core/2.13.0/mockito-core-2.13.0.jar:/home/spirals/danglot/.m2/repository/net/bytebuddy/byte-buddy/1.7.9/byte-buddy-1.7.9.jar:/home/spirals/danglot/.m2/repository/net/bytebuddy/byte-buddy-agent/1.7.9/byte-buddy-agent-1.7.9.jar:/home/spirals/danglot/.m2/repository/org/objenesis/objenesis/2.6/objenesis-2.6.jar:/home/spirals/danglot/.m2/repository/org/eclipse/jdt/core/compiler/ecj/4.6.1/ecj-4.6.1.jar:dataset/may-2018/javapoet/608_modified//target/classes:target/dspot/dependencies/:dataset/may-2018/javapoet/608_modified//target/test-classes:lib/catg-dev.jar:, -d, /tmp/Ex2Amplifier-experiments/dataset/may-2018/javapoet/608_modified/target/test-classes, -1.8, -proc:none, -preserveAllLocals, -noExit, -enableJavadoc, /tmp/Ex2Amplifier-experiments/target/dspot/tmp_test_sources/com/squareup/javapoet/LineWrapperTest.java]
[35562] DEBUG Launcher - compiled in 98 ms
[35563] INFO CATGExecutor - Running CATG: ~/jdk1.8.0_121/java -Xmx4096M -Xms2048M -Djanala.loggerClass=janala.logger.DirectConcolicExecution -Djanala.conf=lib/catg.conf  -javaagent:lib/catg-dev.jar -cp /home/spirals/danglot/.m2/repository/com/google/truth/truth/0.39/truth-0.39.jar:/home/spirals/danglot/.m2/repository/com/google/guava/guava/23.4-android/guava-23.4-android.jar:/home/spirals/danglot/.m2/repository/com/google/code/findbugs/jsr305/1.3.9/jsr305-1.3.9.jar:/home/spirals/danglot/.m2/repository/com/google/j2objc/j2objc-annotations/1.1/j2objc-annotations-1.1.jar:/home/spirals/danglot/.m2/repository/org/codehaus/mojo/animal-sniffer-annotations/1.14/animal-sniffer-annotations-1.14.jar:/home/spirals/danglot/.m2/repository/com/google/errorprone/error_prone_annotations/2.1.3/error_prone_annotations-2.1.3.jar:/home/spirals/danglot/.m2/repository/com/google/testing/compile/compile-testing/0.15/compile-testing-0.15.jar:/home/spirals/danglot/.m2/repository/com/google/truth/extensions/truth-java8-extension/0.37/truth-java8-extension-0.37.jar:/home/spirals/danglot/.m2/repository/com/google/auto/value/auto-value/1.5.3/auto-value-1.5.3.jar:/home/spirals/danglot/.m2/repository/com/google/auto/auto-common/0.9/auto-common-0.9.jar:/home/spirals/danglot/jdk1.8.0_121/jre/../lib/tools.jar:/home/spirals/danglot/.m2/repository/junit/junit/4.12/junit-4.12.jar:/home/spirals/danglot/.m2/repository/org/hamcrest/hamcrest-core/1.3/hamcrest-core-1.3.jar:/home/spirals/danglot/.m2/repository/com/google/jimfs/jimfs/1.1/jimfs-1.1.jar:/home/spirals/danglot/.m2/repository/org/mockito/mockito-core/2.13.0/mockito-core-2.13.0.jar:/home/spirals/danglot/.m2/repository/net/bytebuddy/byte-buddy/1.7.9/byte-buddy-1.7.9.jar:/home/spirals/danglot/.m2/repository/net/bytebuddy/byte-buddy-agent/1.7.9/byte-buddy-agent-1.7.9.jar:/home/spirals/danglot/.m2/repository/org/objenesis/objenesis/2.6/objenesis-2.6.jar:/home/spirals/danglot/.m2/repository/org/eclipse/jdt/core/compiler/ecj/4.6.1/ecj-4.6.1.jar:dataset/may-2018/javapoet/608_modified//target/classes:target/dspot/dependencies/:dataset/may-2018/javapoet/608_modified//target/test-classes:lib/catg-dev.jar:lib/catg-dev.jar:lib/asm-all-5.0.4.jar:lib/automaton-1.11-8.jar -ea com.squareup.javapoet.LineWrapperTest
[35565] INFO Amplification - 0 new tests generated
[35565] INFO Amplification - 0 amplified test(s) has been selected, global: 0
[35565] INFO DSpot - elapsedTime 7075
======= REPORT =======
0 amplified test fails on the new versions.

[35675] INFO DSpot - Print AmplLineWrapperTest with 0?amplified test cases in results/may-2018/javapoet/608_modified/CATG
[35676] DEBUG Launcher - printing com.squareup.javapoet.AmplLineWrapperTest to /tmp/Ex2Amplifier-experiments/results/may-2018/javapoet/608_modified/CATG
