SLF4J: Class path contains multiple SLF4J bindings.
SLF4J: Found binding in [jar:file:/home/spirals/danglot/.m2/repository/eu/stamp-project/test-runner/1.0.8/test-runner-1.0.8-jar-with-dependencies.jar!/org/slf4j/impl/StaticLoggerBinder.class]
SLF4J: Found binding in [jar:file:/home/spirals/danglot/.m2/repository/org/slf4j/slf4j-log4j12/1.7.25/slf4j-log4j12-1.7.25.jar!/org/slf4j/impl/StaticLoggerBinder.class]
SLF4J: See http://www.slf4j.org/codes.html#multiple_bindings for an explanation.
SLF4J: Actual binding is of type [org.slf4j.impl.Log4jLoggerFactory]
[0] WARN AutomaticBuilderFactory - No automatic builder specified in configuration, going to default.
[0] INFO AutomaticBuilderFactory - Default: provided Maven automatic builder.
[11] INFO MavenAutomaticBuilder - run maven clean test -DskipTests dependency:build-classpath -Dmdep.outputFile=target/dspot/classpath
[WARN] Maven will be executed in interactive mode, but no input stream has been configured for this MavenInvoker instance.
[INFO] Scanning for projects...
[INFO]                                                                         
[INFO] ------------------------------------------------------------------------
[INFO] Building JavaPoet 1.8.0-SNAPSHOT
[INFO] ------------------------------------------------------------------------
[INFO] 
[INFO] --- maven-clean-plugin:2.5:clean (default-clean) @ javapoet ---
[INFO] Deleting /tmp/Ex2Amplifier-experiments/dataset/may-2018/javapoet/526/target
[INFO] 
[INFO] --- maven-enforcer-plugin:1.0:enforce (enforce-maven) @ javapoet ---
[INFO] Skipping Rule Enforcement.
[INFO] 
[INFO] --- maven-resources-plugin:2.6:resources (default-resources) @ javapoet ---
[INFO] Using 'UTF-8' encoding to copy filtered resources.
[INFO] skip non existing resourceDirectory /tmp/Ex2Amplifier-experiments/dataset/may-2018/javapoet/526/src/main/resources
[INFO] 
[INFO] --- maven-compiler-plugin:3.0:compile (default-compile) @ javapoet ---
[INFO] Changes detected - recompiling the module!
[INFO] Compiling 16 source files to /tmp/Ex2Amplifier-experiments/dataset/may-2018/javapoet/526/target/classes
[INFO] 
[INFO] --- maven-resources-plugin:2.6:testResources (default-testResources) @ javapoet ---
[INFO] Using 'UTF-8' encoding to copy filtered resources.
[INFO] skip non existing resourceDirectory /tmp/Ex2Amplifier-experiments/dataset/may-2018/javapoet/526/src/test/resources
[INFO] 
[INFO] --- maven-compiler-plugin:3.0:testCompile (default-testCompile) @ javapoet ---
[INFO] Changes detected - recompiling the module!
[INFO] Compiling 18 source files to /tmp/Ex2Amplifier-experiments/dataset/may-2018/javapoet/526/target/test-classes
[INFO] 
[INFO] --- maven-surefire-plugin:2.12.4:test (default-test) @ javapoet ---
[INFO] Tests are skipped.
[INFO] 
[INFO] --- maven-dependency-plugin:2.8:build-classpath (default-cli) @ javapoet ---
[INFO] Wrote classpath file '/tmp/Ex2Amplifier-experiments/dataset/may-2018/javapoet/526/target/dspot/classpath'.
[INFO] ------------------------------------------------------------------------
[INFO] BUILD SUCCESS
[INFO] ------------------------------------------------------------------------
[INFO] Total time: 4.921 s
[INFO] Finished at: 2018-06-11T12:46:22+02:00
[INFO] Final Memory: 24M/306M
[INFO] ------------------------------------------------------------------------
[9663] ERROR JDTCommentBuilder - // @Target(ElementType.TYPE_USE) requires Java 1.8 is not added into the AST
spoon.reflect.declaration.ParentNotInitializedException: parent not initialized for class spoon.support.reflect.code.CtCommentImpl (/tmp/Ex2Amplifier-experiments/dataset/may-2018/javapoet/526/src/test/java/com/squareup/javapoet/AnnotatedTypeNameTest.java:118)
	at spoon.support.reflect.declaration.CtElementImpl.getParent(CtElementImpl.java:340)
	at spoon.support.compiler.jdt.JDTCommentBuilder.insertCommentInAST(JDTCommentBuilder.java:474)
	at spoon.support.compiler.jdt.JDTCommentBuilder.buildComment(JDTCommentBuilder.java:152)
	at spoon.support.compiler.jdt.JDTCommentBuilder.build(JDTCommentBuilder.java:108)
	at spoon.support.compiler.jdt.JDTBasedSpoonCompiler.buildModel(JDTBasedSpoonCompiler.java:417)
	at spoon.support.compiler.jdt.JDTBasedSpoonCompiler.buildUnitsAndModel(JDTBasedSpoonCompiler.java:362)
	at spoon.support.compiler.jdt.JDTBasedSpoonCompiler.buildSources(JDTBasedSpoonCompiler.java:335)
	at spoon.support.compiler.jdt.JDTBasedSpoonCompiler.build(JDTBasedSpoonCompiler.java:116)
	at spoon.support.compiler.jdt.JDTBasedSpoonCompiler.build(JDTBasedSpoonCompiler.java:99)
	at spoon.Launcher.buildModel(Launcher.java:724)
	at eu.stamp_project.utils.compilation.DSpotCompiler.getSpoonModelOf(DSpotCompiler.java:103)
	at eu.stamp_project.utils.compilation.DSpotCompiler.createDSpotCompiler(DSpotCompiler.java:31)
	at eu.stamp_project.dspot.DSpot.<init>(DSpot.java:108)
	at eu.stamp_project.Main.lambda$run$2(Main.java:139)
	at java.util.stream.ForEachOps$ForEachOp$OfRef.accept(ForEachOps.java:184)
	at java.util.stream.ReferencePipeline$2$1.accept(ReferencePipeline.java:175)
	at java.util.ArrayList$ArrayListSpliterator.forEachRemaining(ArrayList.java:1374)
	at java.util.stream.AbstractPipeline.copyInto(AbstractPipeline.java:481)
	at java.util.stream.AbstractPipeline.wrapAndCopyInto(AbstractPipeline.java:471)
	at java.util.stream.ForEachOps$ForEachOp.evaluateSequential(ForEachOps.java:151)
	at java.util.stream.ForEachOps$ForEachOp$OfRef.evaluateSequential(ForEachOps.java:174)
	at java.util.stream.AbstractPipeline.evaluate(AbstractPipeline.java:234)
	at java.util.stream.ReferencePipeline.forEach(ReferencePipeline.java:418)
	at eu.stamp_project.Main.run(Main.java:122)
	at eu.stamp_project.Main.main(Main.java:93)
[9764] WARN AutomaticBuilderFactory - No automatic builder specified in configuration, going to default.
[9764] INFO AutomaticBuilderFactory - Default: provided Maven automatic builder.
[9765] INFO MavenAutomaticBuilder - run maven clean test -DskipTests dependency:build-classpath -Dmdep.outputFile=target/dspot/classpath
[WARN] Maven will be executed in interactive mode, but no input stream has been configured for this MavenInvoker instance.
[INFO] Scanning for projects...
[INFO]                                                                         
[INFO] ------------------------------------------------------------------------
[INFO] Building JavaPoet 1.8.0-SNAPSHOT
[INFO] ------------------------------------------------------------------------
[INFO] 
[INFO] --- maven-clean-plugin:2.5:clean (default-clean) @ javapoet ---
[INFO] 
[INFO] --- maven-enforcer-plugin:1.0:enforce (enforce-maven) @ javapoet ---
[INFO] Skipping Rule Enforcement.
[INFO] 
[INFO] --- maven-resources-plugin:2.6:resources (default-resources) @ javapoet ---
[INFO] Using 'UTF-8' encoding to copy filtered resources.
[INFO] skip non existing resourceDirectory /tmp/Ex2Amplifier-experiments/dataset/may-2018/javapoet/526_modified/src/main/resources
[INFO] 
[INFO] --- maven-compiler-plugin:3.0:compile (default-compile) @ javapoet ---
[INFO] Changes detected - recompiling the module!
[INFO] Compiling 16 source files to /tmp/Ex2Amplifier-experiments/dataset/may-2018/javapoet/526_modified/target/classes
[INFO] 
[INFO] --- maven-resources-plugin:2.6:testResources (default-testResources) @ javapoet ---
[INFO] Using 'UTF-8' encoding to copy filtered resources.
[INFO] skip non existing resourceDirectory /tmp/Ex2Amplifier-experiments/dataset/may-2018/javapoet/526_modified/src/test/resources
[INFO] 
[INFO] --- maven-compiler-plugin:3.0:testCompile (default-testCompile) @ javapoet ---
[INFO] Changes detected - recompiling the module!
[INFO] Compiling 18 source files to /tmp/Ex2Amplifier-experiments/dataset/may-2018/javapoet/526_modified/target/test-classes
[INFO] 
[INFO] --- maven-surefire-plugin:2.12.4:test (default-test) @ javapoet ---
[INFO] Tests are skipped.
[INFO] 
[INFO] --- maven-dependency-plugin:2.8:build-classpath (default-cli) @ javapoet ---
[INFO] Wrote classpath file '/tmp/Ex2Amplifier-experiments/dataset/may-2018/javapoet/526_modified/target/dspot/classpath'.
[INFO] ------------------------------------------------------------------------
[INFO] BUILD SUCCESS
[INFO] ------------------------------------------------------------------------
[INFO] Total time: 4.839 s
[INFO] Finished at: 2018-06-11T12:46:31+02:00
[INFO] Final Memory: 24M/303M
[INFO] ------------------------------------------------------------------------
[16209] INFO SelectorOnDiff - Selecting according to a diff between dataset/may-2018/javapoet/526/ and dataset/may-2018/javapoet/526_modified/ (4eda8d4a3639f7645e7125a45d183db4d22a50c4)
[16214] INFO SelectorOnDiff - Modified files:
a/src/test/java/com/squareup/javapoet/ClassNameTest.java
a/src/main/java/com/squareup/javapoet/ClassName.java
[18139] INFO SelectorOnDiff - Select 1 modified test methods
[23133] INFO SelectorOnDiff - Select 1 test methods that execute directly modified methods
[23151] INFO Amplification - amplification of com.squareup.javapoet.MethodSpecTest (1 test(s))
[23427] INFO EntryPoint - Run: java -cp /tmp/Ex2Amplifier-experiments/dataset/may-2018/javapoet/526/target/test-classes:/tmp/Ex2Amplifier-experiments/dataset/may-2018/javapoet/526/target/classes:/home/spirals/danglot/.m2/repository/com/google/truth/truth/0.28/truth-0.28.jar:/home/spirals/danglot/.m2/repository/com/google/guava/guava/18.0/guava-18.0.jar:/home/spirals/danglot/.m2/repository/com/google/testing/compile/compile-testing/0.9/compile-testing-0.9.jar:/home/spirals/danglot/jdk1.8.0_121/jre/../lib/tools.jar:/home/spirals/danglot/.m2/repository/junit/junit/4.12/junit-4.12.jar:/home/spirals/danglot/.m2/repository/org/hamcrest/hamcrest-core/1.3/hamcrest-core-1.3.jar:/home/spirals/danglot/.m2/repository/com/google/jimfs/jimfs/1.0/jimfs-1.0.jar:/home/spirals/danglot/.m2/repository/org/mockito/mockito-core/1.10.16/mockito-core-1.10.16.jar:/home/spirals/danglot/.m2/repository/org/objenesis/objenesis/2.1/objenesis-2.1.jar:/home/spirals/danglot/.m2/repository/org/eclipse/jdt/core/compiler/ecj/4.4.2/ecj-4.4.2.jar:/tmp/Ex2Amplifier-experiments/target/dspot/dependencies:/home/spirals/danglot/.m2/repository/eu/stamp-project/test-runner/1.0.8/test-runner-1.0.8-jar-with-dependencies.jar eu.stamp_project.testrunner.runner.test.TestRunner com.squareup.javapoet.MethodSpecTest duplicateExceptionsIgnored
File saved to the following path: /tmp/Ex2Amplifier-experiments/dataset/may-2018/javapoet/526/target/dspot/TestListener.ser
[24507] INFO EntryPoint - Test has been run: duplicateExceptionsIgnored
[24507] INFO Amplification - Try to add assertions before amplification
[24535] INFO AssertGenerator - Run tests. (1)
[24674] INFO EntryPoint - Run: java -cp /tmp/Ex2Amplifier-experiments/dataset/may-2018/javapoet/526/target/test-classes:/tmp/Ex2Amplifier-experiments/dataset/may-2018/javapoet/526/target/classes:/home/spirals/danglot/.m2/repository/com/google/truth/truth/0.28/truth-0.28.jar:/home/spirals/danglot/.m2/repository/com/google/guava/guava/18.0/guava-18.0.jar:/home/spirals/danglot/.m2/repository/com/google/testing/compile/compile-testing/0.9/compile-testing-0.9.jar:/home/spirals/danglot/jdk1.8.0_121/jre/../lib/tools.jar:/home/spirals/danglot/.m2/repository/junit/junit/4.12/junit-4.12.jar:/home/spirals/danglot/.m2/repository/org/hamcrest/hamcrest-core/1.3/hamcrest-core-1.3.jar:/home/spirals/danglot/.m2/repository/com/google/jimfs/jimfs/1.0/jimfs-1.0.jar:/home/spirals/danglot/.m2/repository/org/mockito/mockito-core/1.10.16/mockito-core-1.10.16.jar:/home/spirals/danglot/.m2/repository/org/objenesis/objenesis/2.1/objenesis-2.1.jar:/home/spirals/danglot/.m2/repository/org/eclipse/jdt/core/compiler/ecj/4.4.2/ecj-4.4.2.jar:/tmp/Ex2Amplifier-experiments/target/dspot/dependencies:/home/spirals/danglot/.m2/repository/eu/stamp-project/test-runner/1.0.8/test-runner-1.0.8-jar-with-dependencies.jar eu.stamp_project.testrunner.runner.test.TestRunner com.squareup.javapoet.MethodSpecTest duplicateExceptionsIgnored
File saved to the following path: /tmp/Ex2Amplifier-experiments/dataset/may-2018/javapoet/526/target/dspot/TestListener.ser
[25726] INFO EntryPoint - Test has been run: duplicateExceptionsIgnored
[25726] INFO AssertGenerator - 1 test pass, generating assertion...
[25733] INFO MethodsAssertGenerator - Add observations points in passing tests.
[25733] INFO MethodsAssertGenerator - Instrumentation...
100% |================================================== ]/
[25757] INFO MethodsAssertGenerator - Run instrumented tests. (3)
[25907] INFO EntryPoint - Run: java -cp /tmp/Ex2Amplifier-experiments/dataset/may-2018/javapoet/526/target/test-classes:/tmp/Ex2Amplifier-experiments/dataset/may-2018/javapoet/526/target/classes:/home/spirals/danglot/.m2/repository/com/google/truth/truth/0.28/truth-0.28.jar:/home/spirals/danglot/.m2/repository/com/google/guava/guava/18.0/guava-18.0.jar:/home/spirals/danglot/.m2/repository/com/google/testing/compile/compile-testing/0.9/compile-testing-0.9.jar:/home/spirals/danglot/jdk1.8.0_121/jre/../lib/tools.jar:/home/spirals/danglot/.m2/repository/junit/junit/4.12/junit-4.12.jar:/home/spirals/danglot/.m2/repository/org/hamcrest/hamcrest-core/1.3/hamcrest-core-1.3.jar:/home/spirals/danglot/.m2/repository/com/google/jimfs/jimfs/1.0/jimfs-1.0.jar:/home/spirals/danglot/.m2/repository/org/mockito/mockito-core/1.10.16/mockito-core-1.10.16.jar:/home/spirals/danglot/.m2/repository/org/objenesis/objenesis/2.1/objenesis-2.1.jar:/home/spirals/danglot/.m2/repository/org/eclipse/jdt/core/compiler/ecj/4.4.2/ecj-4.4.2.jar:/tmp/Ex2Amplifier-experiments/target/dspot/dependencies:/home/spirals/danglot/.m2/repository/eu/stamp-project/test-runner/1.0.8/test-runner-1.0.8-jar-with-dependencies.jar eu.stamp_project.testrunner.runner.test.TestRunner com.squareup.javapoet.MethodSpecTest duplicateExceptionsIgnored_withlog0:duplicateExceptionsIgnored_withlog1:duplicateExceptionsIgnored_withlog2
File saved to the following path: /tmp/Ex2Amplifier-experiments/dataset/may-2018/javapoet/526/target/dspot/observations.ser
File saved to the following path: /tmp/Ex2Amplifier-experiments/dataset/may-2018/javapoet/526/target/dspot/TestListener.ser
[28296] INFO EntryPoint - Test has been run: duplicateExceptionsIgnored_withlog0,duplicateExceptionsIgnored_withlog1,duplicateExceptionsIgnored_withlog2
[28311] INFO MethodsAssertGenerator - Generating assertions...
[28354] INFO AssertGenerator - 1 new tests with assertions generated
[28578] INFO EntryPoint - Run: java -cp /tmp/Ex2Amplifier-experiments/dataset/may-2018/javapoet/526/target/test-classes:/tmp/Ex2Amplifier-experiments/dataset/may-2018/javapoet/526/target/classes:/home/spirals/danglot/.m2/repository/com/google/truth/truth/0.28/truth-0.28.jar:/home/spirals/danglot/.m2/repository/com/google/guava/guava/18.0/guava-18.0.jar:/home/spirals/danglot/.m2/repository/com/google/testing/compile/compile-testing/0.9/compile-testing-0.9.jar:/home/spirals/danglot/jdk1.8.0_121/jre/../lib/tools.jar:/home/spirals/danglot/.m2/repository/junit/junit/4.12/junit-4.12.jar:/home/spirals/danglot/.m2/repository/org/hamcrest/hamcrest-core/1.3/hamcrest-core-1.3.jar:/home/spirals/danglot/.m2/repository/com/google/jimfs/jimfs/1.0/jimfs-1.0.jar:/home/spirals/danglot/.m2/repository/org/mockito/mockito-core/1.10.16/mockito-core-1.10.16.jar:/home/spirals/danglot/.m2/repository/org/objenesis/objenesis/2.1/objenesis-2.1.jar:/home/spirals/danglot/.m2/repository/org/eclipse/jdt/core/compiler/ecj/4.4.2/ecj-4.4.2.jar:/tmp/Ex2Amplifier-experiments/target/dspot/dependencies:/home/spirals/danglot/.m2/repository/eu/stamp-project/test-runner/1.0.8/test-runner-1.0.8-jar-with-dependencies.jar eu.stamp_project.testrunner.runner.test.TestRunner com.squareup.javapoet.MethodSpecTest duplicateExceptionsIgnored
File saved to the following path: /tmp/Ex2Amplifier-experiments/dataset/may-2018/javapoet/526/target/dspot/TestListener.ser
[29666] INFO EntryPoint - Test has been run: duplicateExceptionsIgnored
[30530] DEBUG Launcher - building sources: [/tmp/Ex2Amplifier-experiments/target/dspot/tmp_test_sources/com/squareup/javapoet/MethodSpecTest.java]
[30530] DEBUG Launcher - build args: [-encoding, UTF-8, -cp, /home/spirals/danglot/.m2/repository/com/google/truth/truth/0.28/truth-0.28.jar:/home/spirals/danglot/.m2/repository/com/google/guava/guava/18.0/guava-18.0.jar:/home/spirals/danglot/.m2/repository/com/google/testing/compile/compile-testing/0.9/compile-testing-0.9.jar:/home/spirals/danglot/jdk1.8.0_121/jre/../lib/tools.jar:/home/spirals/danglot/.m2/repository/junit/junit/4.12/junit-4.12.jar:/home/spirals/danglot/.m2/repository/org/hamcrest/hamcrest-core/1.3/hamcrest-core-1.3.jar:/home/spirals/danglot/.m2/repository/com/google/jimfs/jimfs/1.0/jimfs-1.0.jar:/home/spirals/danglot/.m2/repository/org/mockito/mockito-core/1.10.16/mockito-core-1.10.16.jar:/home/spirals/danglot/.m2/repository/org/objenesis/objenesis/2.1/objenesis-2.1.jar:/home/spirals/danglot/.m2/repository/org/eclipse/jdt/core/compiler/ecj/4.4.2/ecj-4.4.2.jar:target/dspot/dependencies/:dataset/may-2018/javapoet/526//target/classes:dataset/may-2018/javapoet/526//target/test-classes:, -1.8, -preserveAllLocals, -noExit, -enableJavadoc, /tmp/Ex2Amplifier-experiments/target/dspot/tmp_test_sources/com/squareup/javapoet/MethodSpecTest.java]
[30629] DEBUG Launcher - built in 99 ms
[30629] DEBUG Launcher - building templates: []
[30629] DEBUG Launcher - built in 0 ms
[30632] DEBUG Launcher - model built in 102
[30633] DEBUG Launcher - compiling sources: [/tmp/Ex2Amplifier-experiments/target/dspot/tmp_test_sources/com/squareup/javapoet/MethodSpecTest.java]
[30636] DEBUG Launcher - compile args: [-encoding, UTF-8, -cp, /home/spirals/danglot/.m2/repository/com/google/truth/truth/0.28/truth-0.28.jar:/home/spirals/danglot/.m2/repository/com/google/guava/guava/18.0/guava-18.0.jar:/home/spirals/danglot/.m2/repository/com/google/testing/compile/compile-testing/0.9/compile-testing-0.9.jar:/home/spirals/danglot/jdk1.8.0_121/jre/../lib/tools.jar:/home/spirals/danglot/.m2/repository/junit/junit/4.12/junit-4.12.jar:/home/spirals/danglot/.m2/repository/org/hamcrest/hamcrest-core/1.3/hamcrest-core-1.3.jar:/home/spirals/danglot/.m2/repository/com/google/jimfs/jimfs/1.0/jimfs-1.0.jar:/home/spirals/danglot/.m2/repository/org/mockito/mockito-core/1.10.16/mockito-core-1.10.16.jar:/home/spirals/danglot/.m2/repository/org/objenesis/objenesis/2.1/objenesis-2.1.jar:/home/spirals/danglot/.m2/repository/org/eclipse/jdt/core/compiler/ecj/4.4.2/ecj-4.4.2.jar:target/dspot/dependencies/:dataset/may-2018/javapoet/526//target/classes:dataset/may-2018/javapoet/526//target/test-classes:, -d, /tmp/Ex2Amplifier-experiments/dataset/may-2018/javapoet/526_modified/target/test-classes, -1.8, -proc:none, -preserveAllLocals, -noExit, -enableJavadoc, /tmp/Ex2Amplifier-experiments/target/dspot/tmp_test_sources/com/squareup/javapoet/MethodSpecTest.java]
[31195] DEBUG Launcher - compiled in 562 ms
[31196] INFO EntryPoint - Run: java -cp /home/spirals/danglot/.m2/repository/com/google/truth/truth/0.28/truth-0.28.jar:/home/spirals/danglot/.m2/repository/com/google/guava/guava/18.0/guava-18.0.jar:/home/spirals/danglot/.m2/repository/com/google/testing/compile/compile-testing/0.9/compile-testing-0.9.jar:/home/spirals/danglot/jdk1.8.0_121/jre/../lib/tools.jar:/home/spirals/danglot/.m2/repository/junit/junit/4.12/junit-4.12.jar:/home/spirals/danglot/.m2/repository/org/hamcrest/hamcrest-core/1.3/hamcrest-core-1.3.jar:/home/spirals/danglot/.m2/repository/com/google/jimfs/jimfs/1.0/jimfs-1.0.jar:/home/spirals/danglot/.m2/repository/org/mockito/mockito-core/1.10.16/mockito-core-1.10.16.jar:/home/spirals/danglot/.m2/repository/org/objenesis/objenesis/2.1/objenesis-2.1.jar:/home/spirals/danglot/.m2/repository/org/eclipse/jdt/core/compiler/ecj/4.4.2/ecj-4.4.2.jar:target/dspot/dependencies/:/tmp/Ex2Amplifier-experiments/dataset/may-2018/javapoet/526_modified/target/classes:/tmp/Ex2Amplifier-experiments/dataset/may-2018/javapoet/526_modified/target/test-classes:/home/spirals/danglot/.m2/repository/eu/stamp-project/test-runner/1.0.8/test-runner-1.0.8-jar-with-dependencies.jar eu.stamp_project.testrunner.runner.test.TestRunner com.squareup.javapoet.MethodSpecTest duplicateExceptionsIgnored
File saved to the following path: /tmp/Ex2Amplifier-experiments/dataset/may-2018/javapoet/526/target/dspot/TestListener.ser
[32169] INFO EntryPoint - Test has been run: duplicateExceptionsIgnored
[32170] INFO Amplification - 0 amplified test(s) has been selected, global: 0
[32170] INFO DSpot - elapsedTime 9023
======= REPORT =======
0 amplified test fails on the new versions.

[32960] INFO DSpot - Print AmplMethodSpecTest with 0?amplified test cases in results/may-2018/javapoet/526/A_ampl
[33177] INFO Amplification - amplification of com.squareup.javapoet.CodeBlockTest (1 test(s))
[33264] INFO EntryPoint - Run: java -cp /tmp/Ex2Amplifier-experiments/dataset/may-2018/javapoet/526/target/test-classes:/tmp/Ex2Amplifier-experiments/dataset/may-2018/javapoet/526/target/classes:/home/spirals/danglot/.m2/repository/com/google/truth/truth/0.28/truth-0.28.jar:/home/spirals/danglot/.m2/repository/com/google/guava/guava/18.0/guava-18.0.jar:/home/spirals/danglot/.m2/repository/com/google/testing/compile/compile-testing/0.9/compile-testing-0.9.jar:/home/spirals/danglot/jdk1.8.0_121/jre/../lib/tools.jar:/home/spirals/danglot/.m2/repository/junit/junit/4.12/junit-4.12.jar:/home/spirals/danglot/.m2/repository/org/hamcrest/hamcrest-core/1.3/hamcrest-core-1.3.jar:/home/spirals/danglot/.m2/repository/com/google/jimfs/jimfs/1.0/jimfs-1.0.jar:/home/spirals/danglot/.m2/repository/org/mockito/mockito-core/1.10.16/mockito-core-1.10.16.jar:/home/spirals/danglot/.m2/repository/org/objenesis/objenesis/2.1/objenesis-2.1.jar:/home/spirals/danglot/.m2/repository/org/eclipse/jdt/core/compiler/ecj/4.4.2/ecj-4.4.2.jar:/tmp/Ex2Amplifier-experiments/target/dspot/dependencies:/home/spirals/danglot/.m2/repository/eu/stamp-project/test-runner/1.0.8/test-runner-1.0.8-jar-with-dependencies.jar eu.stamp_project.testrunner.runner.test.TestRunner com.squareup.javapoet.CodeBlockTest sameIndexCanBeUsedWithDifferentFormats
File saved to the following path: /tmp/Ex2Amplifier-experiments/dataset/may-2018/javapoet/526/target/dspot/TestListener.ser
[33684] INFO EntryPoint - Test has been run: sameIndexCanBeUsedWithDifferentFormats
[33684] INFO Amplification - Try to add assertions before amplification
[33729] INFO AssertGenerator - Run tests. (1)
[33812] INFO EntryPoint - Run: java -cp /tmp/Ex2Amplifier-experiments/dataset/may-2018/javapoet/526/target/test-classes:/tmp/Ex2Amplifier-experiments/dataset/may-2018/javapoet/526/target/classes:/home/spirals/danglot/.m2/repository/com/google/truth/truth/0.28/truth-0.28.jar:/home/spirals/danglot/.m2/repository/com/google/guava/guava/18.0/guava-18.0.jar:/home/spirals/danglot/.m2/repository/com/google/testing/compile/compile-testing/0.9/compile-testing-0.9.jar:/home/spirals/danglot/jdk1.8.0_121/jre/../lib/tools.jar:/home/spirals/danglot/.m2/repository/junit/junit/4.12/junit-4.12.jar:/home/spirals/danglot/.m2/repository/org/hamcrest/hamcrest-core/1.3/hamcrest-core-1.3.jar:/home/spirals/danglot/.m2/repository/com/google/jimfs/jimfs/1.0/jimfs-1.0.jar:/home/spirals/danglot/.m2/repository/org/mockito/mockito-core/1.10.16/mockito-core-1.10.16.jar:/home/spirals/danglot/.m2/repository/org/objenesis/objenesis/2.1/objenesis-2.1.jar:/home/spirals/danglot/.m2/repository/org/eclipse/jdt/core/compiler/ecj/4.4.2/ecj-4.4.2.jar:/tmp/Ex2Amplifier-experiments/target/dspot/dependencies:/home/spirals/danglot/.m2/repository/eu/stamp-project/test-runner/1.0.8/test-runner-1.0.8-jar-with-dependencies.jar eu.stamp_project.testrunner.runner.test.TestRunner com.squareup.javapoet.CodeBlockTest sameIndexCanBeUsedWithDifferentFormats
File saved to the following path: /tmp/Ex2Amplifier-experiments/dataset/may-2018/javapoet/526/target/dspot/TestListener.ser
[34243] INFO EntryPoint - Test has been run: sameIndexCanBeUsedWithDifferentFormats
[34243] INFO AssertGenerator - 1 test pass, generating assertion...
[34247] INFO MethodsAssertGenerator - Add observations points in passing tests.
[34247] INFO MethodsAssertGenerator - Instrumentation...
100% |================================================== ]/
[34249] INFO MethodsAssertGenerator - Run instrumented tests. (3)
[34336] INFO EntryPoint - Run: java -cp /tmp/Ex2Amplifier-experiments/dataset/may-2018/javapoet/526/target/test-classes:/tmp/Ex2Amplifier-experiments/dataset/may-2018/javapoet/526/target/classes:/home/spirals/danglot/.m2/repository/com/google/truth/truth/0.28/truth-0.28.jar:/home/spirals/danglot/.m2/repository/com/google/guava/guava/18.0/guava-18.0.jar:/home/spirals/danglot/.m2/repository/com/google/testing/compile/compile-testing/0.9/compile-testing-0.9.jar:/home/spirals/danglot/jdk1.8.0_121/jre/../lib/tools.jar:/home/spirals/danglot/.m2/repository/junit/junit/4.12/junit-4.12.jar:/home/spirals/danglot/.m2/repository/org/hamcrest/hamcrest-core/1.3/hamcrest-core-1.3.jar:/home/spirals/danglot/.m2/repository/com/google/jimfs/jimfs/1.0/jimfs-1.0.jar:/home/spirals/danglot/.m2/repository/org/mockito/mockito-core/1.10.16/mockito-core-1.10.16.jar:/home/spirals/danglot/.m2/repository/org/objenesis/objenesis/2.1/objenesis-2.1.jar:/home/spirals/danglot/.m2/repository/org/eclipse/jdt/core/compiler/ecj/4.4.2/ecj-4.4.2.jar:/tmp/Ex2Amplifier-experiments/target/dspot/dependencies:/home/spirals/danglot/.m2/repository/eu/stamp-project/test-runner/1.0.8/test-runner-1.0.8-jar-with-dependencies.jar eu.stamp_project.testrunner.runner.test.TestRunner com.squareup.javapoet.CodeBlockTest sameIndexCanBeUsedWithDifferentFormats_withlog0:sameIndexCanBeUsedWithDifferentFormats_withlog1:sameIndexCanBeUsedWithDifferentFormats_withlog2
File saved to the following path: /tmp/Ex2Amplifier-experiments/dataset/may-2018/javapoet/526/target/dspot/observations.ser
File saved to the following path: /tmp/Ex2Amplifier-experiments/dataset/may-2018/javapoet/526/target/dspot/TestListener.ser
[34963] INFO EntryPoint - Test has been run: sameIndexCanBeUsedWithDifferentFormats_withlog0,sameIndexCanBeUsedWithDifferentFormats_withlog1,sameIndexCanBeUsedWithDifferentFormats_withlog2
[34964] INFO MethodsAssertGenerator - Generating assertions...
[34966] INFO AssertGenerator - 1 new tests with assertions generated
[35050] INFO EntryPoint - Run: java -cp /tmp/Ex2Amplifier-experiments/dataset/may-2018/javapoet/526/target/test-classes:/tmp/Ex2Amplifier-experiments/dataset/may-2018/javapoet/526/target/classes:/home/spirals/danglot/.m2/repository/com/google/truth/truth/0.28/truth-0.28.jar:/home/spirals/danglot/.m2/repository/com/google/guava/guava/18.0/guava-18.0.jar:/home/spirals/danglot/.m2/repository/com/google/testing/compile/compile-testing/0.9/compile-testing-0.9.jar:/home/spirals/danglot/jdk1.8.0_121/jre/../lib/tools.jar:/home/spirals/danglot/.m2/repository/junit/junit/4.12/junit-4.12.jar:/home/spirals/danglot/.m2/repository/org/hamcrest/hamcrest-core/1.3/hamcrest-core-1.3.jar:/home/spirals/danglot/.m2/repository/com/google/jimfs/jimfs/1.0/jimfs-1.0.jar:/home/spirals/danglot/.m2/repository/org/mockito/mockito-core/1.10.16/mockito-core-1.10.16.jar:/home/spirals/danglot/.m2/repository/org/objenesis/objenesis/2.1/objenesis-2.1.jar:/home/spirals/danglot/.m2/repository/org/eclipse/jdt/core/compiler/ecj/4.4.2/ecj-4.4.2.jar:/tmp/Ex2Amplifier-experiments/target/dspot/dependencies:/home/spirals/danglot/.m2/repository/eu/stamp-project/test-runner/1.0.8/test-runner-1.0.8-jar-with-dependencies.jar eu.stamp_project.testrunner.runner.test.TestRunner com.squareup.javapoet.CodeBlockTest sameIndexCanBeUsedWithDifferentFormats
File saved to the following path: /tmp/Ex2Amplifier-experiments/dataset/may-2018/javapoet/526/target/dspot/TestListener.ser
[35443] INFO EntryPoint - Test has been run: sameIndexCanBeUsedWithDifferentFormats
[35992] DEBUG Launcher - building sources: [/tmp/Ex2Amplifier-experiments/target/dspot/tmp_test_sources/com/squareup/javapoet/CodeBlockTest.java]
[35992] DEBUG Launcher - build args: [-encoding, UTF-8, -cp, /home/spirals/danglot/.m2/repository/com/google/truth/truth/0.28/truth-0.28.jar:/home/spirals/danglot/.m2/repository/com/google/guava/guava/18.0/guava-18.0.jar:/home/spirals/danglot/.m2/repository/com/google/testing/compile/compile-testing/0.9/compile-testing-0.9.jar:/home/spirals/danglot/jdk1.8.0_121/jre/../lib/tools.jar:/home/spirals/danglot/.m2/repository/junit/junit/4.12/junit-4.12.jar:/home/spirals/danglot/.m2/repository/org/hamcrest/hamcrest-core/1.3/hamcrest-core-1.3.jar:/home/spirals/danglot/.m2/repository/com/google/jimfs/jimfs/1.0/jimfs-1.0.jar:/home/spirals/danglot/.m2/repository/org/mockito/mockito-core/1.10.16/mockito-core-1.10.16.jar:/home/spirals/danglot/.m2/repository/org/objenesis/objenesis/2.1/objenesis-2.1.jar:/home/spirals/danglot/.m2/repository/org/eclipse/jdt/core/compiler/ecj/4.4.2/ecj-4.4.2.jar:target/dspot/dependencies/:dataset/may-2018/javapoet/526//target/classes:dataset/may-2018/javapoet/526//target/test-classes:, -1.8, -preserveAllLocals, -noExit, -enableJavadoc, /tmp/Ex2Amplifier-experiments/target/dspot/tmp_test_sources/com/squareup/javapoet/CodeBlockTest.java]
[36054] DEBUG Launcher - built in 62 ms
[36054] DEBUG Launcher - building templates: []
[36054] DEBUG Launcher - built in 0 ms
[36054] DEBUG Launcher - model built in 62
[36054] DEBUG Launcher - compiling sources: [/tmp/Ex2Amplifier-experiments/target/dspot/tmp_test_sources/com/squareup/javapoet/CodeBlockTest.java]
[36055] DEBUG Launcher - compile args: [-encoding, UTF-8, -cp, /home/spirals/danglot/.m2/repository/com/google/truth/truth/0.28/truth-0.28.jar:/home/spirals/danglot/.m2/repository/com/google/guava/guava/18.0/guava-18.0.jar:/home/spirals/danglot/.m2/repository/com/google/testing/compile/compile-testing/0.9/compile-testing-0.9.jar:/home/spirals/danglot/jdk1.8.0_121/jre/../lib/tools.jar:/home/spirals/danglot/.m2/repository/junit/junit/4.12/junit-4.12.jar:/home/spirals/danglot/.m2/repository/org/hamcrest/hamcrest-core/1.3/hamcrest-core-1.3.jar:/home/spirals/danglot/.m2/repository/com/google/jimfs/jimfs/1.0/jimfs-1.0.jar:/home/spirals/danglot/.m2/repository/org/mockito/mockito-core/1.10.16/mockito-core-1.10.16.jar:/home/spirals/danglot/.m2/repository/org/objenesis/objenesis/2.1/objenesis-2.1.jar:/home/spirals/danglot/.m2/repository/org/eclipse/jdt/core/compiler/ecj/4.4.2/ecj-4.4.2.jar:target/dspot/dependencies/:dataset/may-2018/javapoet/526//target/classes:dataset/may-2018/javapoet/526//target/test-classes:, -d, /tmp/Ex2Amplifier-experiments/dataset/may-2018/javapoet/526_modified/target/test-classes, -1.8, -proc:none, -preserveAllLocals, -noExit, -enableJavadoc, /tmp/Ex2Amplifier-experiments/target/dspot/tmp_test_sources/com/squareup/javapoet/CodeBlockTest.java]
[36114] DEBUG Launcher - compiled in 60 ms
[36114] INFO EntryPoint - Run: java -cp /home/spirals/danglot/.m2/repository/com/google/truth/truth/0.28/truth-0.28.jar:/home/spirals/danglot/.m2/repository/com/google/guava/guava/18.0/guava-18.0.jar:/home/spirals/danglot/.m2/repository/com/google/testing/compile/compile-testing/0.9/compile-testing-0.9.jar:/home/spirals/danglot/jdk1.8.0_121/jre/../lib/tools.jar:/home/spirals/danglot/.m2/repository/junit/junit/4.12/junit-4.12.jar:/home/spirals/danglot/.m2/repository/org/hamcrest/hamcrest-core/1.3/hamcrest-core-1.3.jar:/home/spirals/danglot/.m2/repository/com/google/jimfs/jimfs/1.0/jimfs-1.0.jar:/home/spirals/danglot/.m2/repository/org/mockito/mockito-core/1.10.16/mockito-core-1.10.16.jar:/home/spirals/danglot/.m2/repository/org/objenesis/objenesis/2.1/objenesis-2.1.jar:/home/spirals/danglot/.m2/repository/org/eclipse/jdt/core/compiler/ecj/4.4.2/ecj-4.4.2.jar:target/dspot/dependencies/:/tmp/Ex2Amplifier-experiments/dataset/may-2018/javapoet/526_modified/target/classes:/tmp/Ex2Amplifier-experiments/dataset/may-2018/javapoet/526_modified/target/test-classes:/home/spirals/danglot/.m2/repository/eu/stamp-project/test-runner/1.0.8/test-runner-1.0.8-jar-with-dependencies.jar eu.stamp_project.testrunner.runner.test.TestRunner com.squareup.javapoet.CodeBlockTest sameIndexCanBeUsedWithDifferentFormats
File saved to the following path: /tmp/Ex2Amplifier-experiments/dataset/may-2018/javapoet/526/target/dspot/TestListener.ser
[36510] INFO EntryPoint - Test has been run: sameIndexCanBeUsedWithDifferentFormats
[36510] INFO Amplification - 0 amplified test(s) has been selected, global: 0
[36511] INFO DSpot - elapsedTime 3373
======= REPORT =======
0 amplified test fails on the new versions.

[37043] INFO DSpot - Print AmplCodeBlockTest with 0?amplified test cases in results/may-2018/javapoet/526/A_ampl
[37509] INFO Amplification - amplification of com.squareup.javapoet.TypeSpecTest (9 test(s))
[37916] INFO EntryPoint - Run: java -cp /tmp/Ex2Amplifier-experiments/dataset/may-2018/javapoet/526/target/test-classes:/tmp/Ex2Amplifier-experiments/dataset/may-2018/javapoet/526/target/classes:/home/spirals/danglot/.m2/repository/com/google/truth/truth/0.28/truth-0.28.jar:/home/spirals/danglot/.m2/repository/com/google/guava/guava/18.0/guava-18.0.jar:/home/spirals/danglot/.m2/repository/com/google/testing/compile/compile-testing/0.9/compile-testing-0.9.jar:/home/spirals/danglot/jdk1.8.0_121/jre/../lib/tools.jar:/home/spirals/danglot/.m2/repository/junit/junit/4.12/junit-4.12.jar:/home/spirals/danglot/.m2/repository/org/hamcrest/hamcrest-core/1.3/hamcrest-core-1.3.jar:/home/spirals/danglot/.m2/repository/com/google/jimfs/jimfs/1.0/jimfs-1.0.jar:/home/spirals/danglot/.m2/repository/org/mockito/mockito-core/1.10.16/mockito-core-1.10.16.jar:/home/spirals/danglot/.m2/repository/org/objenesis/objenesis/2.1/objenesis-2.1.jar:/home/spirals/danglot/.m2/repository/org/eclipse/jdt/core/compiler/ecj/4.4.2/ecj-4.4.2.jar:/tmp/Ex2Amplifier-experiments/target/dspot/dependencies:/home/spirals/danglot/.m2/repository/eu/stamp-project/test-runner/1.0.8/test-runner-1.0.8-jar-with-dependencies.jar eu.stamp_project.testrunner.runner.test.TestRunner com.squareup.javapoet.TypeSpecTest classImplementsExtendsSameName:nestedClasses:invalidSuperClass:classImplementsExtends:annotationsAndJavaLangTypes:interestingTypes:interfaceExtends:superClassOnlyValidForClasses:typeVariables
File saved to the following path: /tmp/Ex2Amplifier-experiments/dataset/may-2018/javapoet/526/target/dspot/TestListener.ser
[39307] INFO EntryPoint - Test has been run: typeVariables,interestingTypes,annotationsAndJavaLangTypes,nestedClasses,invalidSuperClass,interfaceExtends,superClassOnlyValidForClasses,classImplementsExtends,classImplementsExtendsSameName
[39307] INFO Amplification - Try to add assertions before amplification
[39557] INFO AssertGenerator - Run tests. (9)
[39853] INFO EntryPoint - Run: java -cp /tmp/Ex2Amplifier-experiments/dataset/may-2018/javapoet/526/target/test-classes:/tmp/Ex2Amplifier-experiments/dataset/may-2018/javapoet/526/target/classes:/home/spirals/danglot/.m2/repository/com/google/truth/truth/0.28/truth-0.28.jar:/home/spirals/danglot/.m2/repository/com/google/guava/guava/18.0/guava-18.0.jar:/home/spirals/danglot/.m2/repository/com/google/testing/compile/compile-testing/0.9/compile-testing-0.9.jar:/home/spirals/danglot/jdk1.8.0_121/jre/../lib/tools.jar:/home/spirals/danglot/.m2/repository/junit/junit/4.12/junit-4.12.jar:/home/spirals/danglot/.m2/repository/org/hamcrest/hamcrest-core/1.3/hamcrest-core-1.3.jar:/home/spirals/danglot/.m2/repository/com/google/jimfs/jimfs/1.0/jimfs-1.0.jar:/home/spirals/danglot/.m2/repository/org/mockito/mockito-core/1.10.16/mockito-core-1.10.16.jar:/home/spirals/danglot/.m2/repository/org/objenesis/objenesis/2.1/objenesis-2.1.jar:/home/spirals/danglot/.m2/repository/org/eclipse/jdt/core/compiler/ecj/4.4.2/ecj-4.4.2.jar:/tmp/Ex2Amplifier-experiments/target/dspot/dependencies:/home/spirals/danglot/.m2/repository/eu/stamp-project/test-runner/1.0.8/test-runner-1.0.8-jar-with-dependencies.jar eu.stamp_project.testrunner.runner.test.TestRunner com.squareup.javapoet.TypeSpecTest classImplementsExtendsSameName:nestedClasses:invalidSuperClass:classImplementsExtends:annotationsAndJavaLangTypes:interestingTypes:interfaceExtends:superClassOnlyValidForClasses:typeVariables
File saved to the following path: /tmp/Ex2Amplifier-experiments/dataset/may-2018/javapoet/526/target/dspot/TestListener.ser
[41215] INFO EntryPoint - Test has been run: typeVariables,interestingTypes,annotationsAndJavaLangTypes,nestedClasses,invalidSuperClass,interfaceExtends,superClassOnlyValidForClasses,classImplementsExtends,classImplementsExtendsSameName
[41215] INFO AssertGenerator - 9 test pass, generating assertion...
[41252] INFO MethodsAssertGenerator - Add observations points in passing tests.
[41252] INFO MethodsAssertGenerator - Instrumentation...
 11% |===== ]/ 22% |=========== ]- 33% |================ ]\ 44% |====================== ]| 55% |=========================== ]/ 66% |================================= ]- 77% |====================================== ]\ 88% |============================================ ]|100% |================================================== ]/
[41305] INFO MethodsAssertGenerator - Run instrumented tests. (27)
[41663] INFO EntryPoint - Run: java -cp /tmp/Ex2Amplifier-experiments/dataset/may-2018/javapoet/526/target/test-classes:/tmp/Ex2Amplifier-experiments/dataset/may-2018/javapoet/526/target/classes:/home/spirals/danglot/.m2/repository/com/google/truth/truth/0.28/truth-0.28.jar:/home/spirals/danglot/.m2/repository/com/google/guava/guava/18.0/guava-18.0.jar:/home/spirals/danglot/.m2/repository/com/google/testing/compile/compile-testing/0.9/compile-testing-0.9.jar:/home/spirals/danglot/jdk1.8.0_121/jre/../lib/tools.jar:/home/spirals/danglot/.m2/repository/junit/junit/4.12/junit-4.12.jar:/home/spirals/danglot/.m2/repository/org/hamcrest/hamcrest-core/1.3/hamcrest-core-1.3.jar:/home/spirals/danglot/.m2/repository/com/google/jimfs/jimfs/1.0/jimfs-1.0.jar:/home/spirals/danglot/.m2/repository/org/mockito/mockito-core/1.10.16/mockito-core-1.10.16.jar:/home/spirals/danglot/.m2/repository/org/objenesis/objenesis/2.1/objenesis-2.1.jar:/home/spirals/danglot/.m2/repository/org/eclipse/jdt/core/compiler/ecj/4.4.2/ecj-4.4.2.jar:/tmp/Ex2Amplifier-experiments/target/dspot/dependencies:/home/spirals/danglot/.m2/repository/eu/stamp-project/test-runner/1.0.8/test-runner-1.0.8-jar-with-dependencies.jar eu.stamp_project.testrunner.runner.test.TestRunner com.squareup.javapoet.TypeSpecTest classImplementsExtendsSameName_withlog0:nestedClasses_withlog0:invalidSuperClass_withlog0:classImplementsExtends_withlog0:annotationsAndJavaLangTypes_withlog0:interestingTypes_withlog0:interfaceExtends_withlog0:superClassOnlyValidForClasses_withlog0:typeVariables_withlog0:classImplementsExtendsSameName_withlog1:nestedClasses_withlog1:invalidSuperClass_withlog1:classImplementsExtends_withlog1:annotationsAndJavaLangTypes_withlog1:interestingTypes_withlog1:interfaceExtends_withlog1:superClassOnlyValidForClasses_withlog1:typeVariables_withlog1:classImplementsExtendsSameName_withlog2:nestedClasses_withlog2:invalidSuperClass_withlog2:classImplementsExtends_withlog2:annotationsAndJavaLangTypes_withlog2:interestingTypes_withlog2:interfaceExtends_withlog2:superClassOnlyValidForClasses_withlog2:typeVariables_withlog2
File saved to the following path: /tmp/Ex2Amplifier-experiments/dataset/may-2018/javapoet/526/target/dspot/observations.ser
File saved to the following path: /tmp/Ex2Amplifier-experiments/dataset/may-2018/javapoet/526/target/dspot/TestListener.ser
[50699] INFO EntryPoint - Test has been run: annotationsAndJavaLangTypes_withlog0,annotationsAndJavaLangTypes_withlog1,annotationsAndJavaLangTypes_withlog2,superClassOnlyValidForClasses_withlog0,superClassOnlyValidForClasses_withlog1,superClassOnlyValidForClasses_withlog2,typeVariables_withlog0,typeVariables_withlog1,typeVariables_withlog2,classImplementsExtendsSameName_withlog0,classImplementsExtendsSameName_withlog1,classImplementsExtendsSameName_withlog2,invalidSuperClass_withlog0,invalidSuperClass_withlog1,invalidSuperClass_withlog2,classImplementsExtends_withlog0,classImplementsExtends_withlog1,classImplementsExtends_withlog2,interfaceExtends_withlog0,interfaceExtends_withlog1,interfaceExtends_withlog2,interestingTypes_withlog0,interestingTypes_withlog1,interestingTypes_withlog2,nestedClasses_withlog0,nestedClasses_withlog1,nestedClasses_withlog2
[50735] INFO MethodsAssertGenerator - Generating assertions...
[50880] INFO AssertGenerator - 7 new tests with assertions generated
[51796] INFO EntryPoint - Run: java -cp /tmp/Ex2Amplifier-experiments/dataset/may-2018/javapoet/526/target/test-classes:/tmp/Ex2Amplifier-experiments/dataset/may-2018/javapoet/526/target/classes:/home/spirals/danglot/.m2/repository/com/google/truth/truth/0.28/truth-0.28.jar:/home/spirals/danglot/.m2/repository/com/google/guava/guava/18.0/guava-18.0.jar:/home/spirals/danglot/.m2/repository/com/google/testing/compile/compile-testing/0.9/compile-testing-0.9.jar:/home/spirals/danglot/jdk1.8.0_121/jre/../lib/tools.jar:/home/spirals/danglot/.m2/repository/junit/junit/4.12/junit-4.12.jar:/home/spirals/danglot/.m2/repository/org/hamcrest/hamcrest-core/1.3/hamcrest-core-1.3.jar:/home/spirals/danglot/.m2/repository/com/google/jimfs/jimfs/1.0/jimfs-1.0.jar:/home/spirals/danglot/.m2/repository/org/mockito/mockito-core/1.10.16/mockito-core-1.10.16.jar:/home/spirals/danglot/.m2/repository/org/objenesis/objenesis/2.1/objenesis-2.1.jar:/home/spirals/danglot/.m2/repository/org/eclipse/jdt/core/compiler/ecj/4.4.2/ecj-4.4.2.jar:/tmp/Ex2Amplifier-experiments/target/dspot/dependencies:/home/spirals/danglot/.m2/repository/eu/stamp-project/test-runner/1.0.8/test-runner-1.0.8-jar-with-dependencies.jar eu.stamp_project.testrunner.runner.test.TestRunner com.squareup.javapoet.TypeSpecTest classImplementsExtendsSameName:nestedClasses:classImplementsExtends:annotationsAndJavaLangTypes:interestingTypes:interfaceExtends:typeVariables
File saved to the following path: /tmp/Ex2Amplifier-experiments/dataset/may-2018/javapoet/526/target/dspot/TestListener.ser
[53171] INFO EntryPoint - Test has been run: typeVariables,interestingTypes,annotationsAndJavaLangTypes,nestedClasses,interfaceExtends,classImplementsExtends,classImplementsExtendsSameName
[58086] DEBUG Launcher - building sources: [/tmp/Ex2Amplifier-experiments/target/dspot/tmp_test_sources/com/squareup/javapoet/TypeSpecTest.java]
[58088] DEBUG Launcher - build args: [-encoding, UTF-8, -cp, /home/spirals/danglot/.m2/repository/com/google/truth/truth/0.28/truth-0.28.jar:/home/spirals/danglot/.m2/repository/com/google/guava/guava/18.0/guava-18.0.jar:/home/spirals/danglot/.m2/repository/com/google/testing/compile/compile-testing/0.9/compile-testing-0.9.jar:/home/spirals/danglot/jdk1.8.0_121/jre/../lib/tools.jar:/home/spirals/danglot/.m2/repository/junit/junit/4.12/junit-4.12.jar:/home/spirals/danglot/.m2/repository/org/hamcrest/hamcrest-core/1.3/hamcrest-core-1.3.jar:/home/spirals/danglot/.m2/repository/com/google/jimfs/jimfs/1.0/jimfs-1.0.jar:/home/spirals/danglot/.m2/repository/org/mockito/mockito-core/1.10.16/mockito-core-1.10.16.jar:/home/spirals/danglot/.m2/repository/org/objenesis/objenesis/2.1/objenesis-2.1.jar:/home/spirals/danglot/.m2/repository/org/eclipse/jdt/core/compiler/ecj/4.4.2/ecj-4.4.2.jar:target/dspot/dependencies/:dataset/may-2018/javapoet/526//target/classes:dataset/may-2018/javapoet/526//target/test-classes:, -1.8, -preserveAllLocals, -noExit, -enableJavadoc, /tmp/Ex2Amplifier-experiments/target/dspot/tmp_test_sources/com/squareup/javapoet/TypeSpecTest.java]
[58313] DEBUG Launcher - built in 227 ms
[58313] DEBUG Launcher - building templates: []
[58313] DEBUG Launcher - built in 0 ms
[58334] DEBUG Launcher - model built in 248
[58334] DEBUG Launcher - compiling sources: [/tmp/Ex2Amplifier-experiments/target/dspot/tmp_test_sources/com/squareup/javapoet/TypeSpecTest.java]
[58358] DEBUG Launcher - compile args: [-encoding, UTF-8, -cp, /home/spirals/danglot/.m2/repository/com/google/truth/truth/0.28/truth-0.28.jar:/home/spirals/danglot/.m2/repository/com/google/guava/guava/18.0/guava-18.0.jar:/home/spirals/danglot/.m2/repository/com/google/testing/compile/compile-testing/0.9/compile-testing-0.9.jar:/home/spirals/danglot/jdk1.8.0_121/jre/../lib/tools.jar:/home/spirals/danglot/.m2/repository/junit/junit/4.12/junit-4.12.jar:/home/spirals/danglot/.m2/repository/org/hamcrest/hamcrest-core/1.3/hamcrest-core-1.3.jar:/home/spirals/danglot/.m2/repository/com/google/jimfs/jimfs/1.0/jimfs-1.0.jar:/home/spirals/danglot/.m2/repository/org/mockito/mockito-core/1.10.16/mockito-core-1.10.16.jar:/home/spirals/danglot/.m2/repository/org/objenesis/objenesis/2.1/objenesis-2.1.jar:/home/spirals/danglot/.m2/repository/org/eclipse/jdt/core/compiler/ecj/4.4.2/ecj-4.4.2.jar:target/dspot/dependencies/:dataset/may-2018/javapoet/526//target/classes:dataset/may-2018/javapoet/526//target/test-classes:, -d, /tmp/Ex2Amplifier-experiments/dataset/may-2018/javapoet/526_modified/target/test-classes, -1.8, -proc:none, -preserveAllLocals, -noExit, -enableJavadoc, /tmp/Ex2Amplifier-experiments/target/dspot/tmp_test_sources/com/squareup/javapoet/TypeSpecTest.java]
[63218] DEBUG Launcher - compiled in 4883 ms
[63219] INFO EntryPoint - Run: java -cp /home/spirals/danglot/.m2/repository/com/google/truth/truth/0.28/truth-0.28.jar:/home/spirals/danglot/.m2/repository/com/google/guava/guava/18.0/guava-18.0.jar:/home/spirals/danglot/.m2/repository/com/google/testing/compile/compile-testing/0.9/compile-testing-0.9.jar:/home/spirals/danglot/jdk1.8.0_121/jre/../lib/tools.jar:/home/spirals/danglot/.m2/repository/junit/junit/4.12/junit-4.12.jar:/home/spirals/danglot/.m2/repository/org/hamcrest/hamcrest-core/1.3/hamcrest-core-1.3.jar:/home/spirals/danglot/.m2/repository/com/google/jimfs/jimfs/1.0/jimfs-1.0.jar:/home/spirals/danglot/.m2/repository/org/mockito/mockito-core/1.10.16/mockito-core-1.10.16.jar:/home/spirals/danglot/.m2/repository/org/objenesis/objenesis/2.1/objenesis-2.1.jar:/home/spirals/danglot/.m2/repository/org/eclipse/jdt/core/compiler/ecj/4.4.2/ecj-4.4.2.jar:target/dspot/dependencies/:/tmp/Ex2Amplifier-experiments/dataset/may-2018/javapoet/526_modified/target/classes:/tmp/Ex2Amplifier-experiments/dataset/may-2018/javapoet/526_modified/target/test-classes:/home/spirals/danglot/.m2/repository/eu/stamp-project/test-runner/1.0.8/test-runner-1.0.8-jar-with-dependencies.jar eu.stamp_project.testrunner.runner.test.TestRunner com.squareup.javapoet.TypeSpecTest classImplementsExtendsSameName:nestedClasses:classImplementsExtends:annotationsAndJavaLangTypes:interestingTypes:interfaceExtends:typeVariables
File saved to the following path: /tmp/Ex2Amplifier-experiments/dataset/may-2018/javapoet/526/target/dspot/TestListener.ser
[64506] INFO EntryPoint - Test has been run: typeVariables,interestingTypes,annotationsAndJavaLangTypes,nestedClasses,interfaceExtends,classImplementsExtends,classImplementsExtendsSameName
[64507] INFO Amplification - 0 amplified test(s) has been selected, global: 0
[64507] INFO DSpot - elapsedTime 27183
======= REPORT =======
0 amplified test fails on the new versions.

[68912] INFO DSpot - Print AmplTypeSpecTest with 0?amplified test cases in results/may-2018/javapoet/526/A_ampl
[69230] INFO Amplification - amplification of com.squareup.javapoet.TypeNameTest (2 test(s))
[69337] INFO EntryPoint - Run: java -cp /tmp/Ex2Amplifier-experiments/dataset/may-2018/javapoet/526/target/test-classes:/tmp/Ex2Amplifier-experiments/dataset/may-2018/javapoet/526/target/classes:/home/spirals/danglot/.m2/repository/com/google/truth/truth/0.28/truth-0.28.jar:/home/spirals/danglot/.m2/repository/com/google/guava/guava/18.0/guava-18.0.jar:/home/spirals/danglot/.m2/repository/com/google/testing/compile/compile-testing/0.9/compile-testing-0.9.jar:/home/spirals/danglot/jdk1.8.0_121/jre/../lib/tools.jar:/home/spirals/danglot/.m2/repository/junit/junit/4.12/junit-4.12.jar:/home/spirals/danglot/.m2/repository/org/hamcrest/hamcrest-core/1.3/hamcrest-core-1.3.jar:/home/spirals/danglot/.m2/repository/com/google/jimfs/jimfs/1.0/jimfs-1.0.jar:/home/spirals/danglot/.m2/repository/org/mockito/mockito-core/1.10.16/mockito-core-1.10.16.jar:/home/spirals/danglot/.m2/repository/org/objenesis/objenesis/2.1/objenesis-2.1.jar:/home/spirals/danglot/.m2/repository/org/eclipse/jdt/core/compiler/ecj/4.4.2/ecj-4.4.2.jar:/tmp/Ex2Amplifier-experiments/target/dspot/dependencies:/home/spirals/danglot/.m2/repository/eu/stamp-project/test-runner/1.0.8/test-runner-1.0.8-jar-with-dependencies.jar eu.stamp_project.testrunner.runner.test.TestRunner com.squareup.javapoet.TypeNameTest equalsAndHashCodeParameterizedTypeName:equalsAndHashCodeClassName
File saved to the following path: /tmp/Ex2Amplifier-experiments/dataset/may-2018/javapoet/526/target/dspot/TestListener.ser
[69731] INFO EntryPoint - Test has been run: equalsAndHashCodeClassName,equalsAndHashCodeParameterizedTypeName
[69731] INFO Amplification - Try to add assertions before amplification
[69825] INFO AssertGenerator - Run tests. (2)
[69912] INFO EntryPoint - Run: java -cp /tmp/Ex2Amplifier-experiments/dataset/may-2018/javapoet/526/target/test-classes:/tmp/Ex2Amplifier-experiments/dataset/may-2018/javapoet/526/target/classes:/home/spirals/danglot/.m2/repository/com/google/truth/truth/0.28/truth-0.28.jar:/home/spirals/danglot/.m2/repository/com/google/guava/guava/18.0/guava-18.0.jar:/home/spirals/danglot/.m2/repository/com/google/testing/compile/compile-testing/0.9/compile-testing-0.9.jar:/home/spirals/danglot/jdk1.8.0_121/jre/../lib/tools.jar:/home/spirals/danglot/.m2/repository/junit/junit/4.12/junit-4.12.jar:/home/spirals/danglot/.m2/repository/org/hamcrest/hamcrest-core/1.3/hamcrest-core-1.3.jar:/home/spirals/danglot/.m2/repository/com/google/jimfs/jimfs/1.0/jimfs-1.0.jar:/home/spirals/danglot/.m2/repository/org/mockito/mockito-core/1.10.16/mockito-core-1.10.16.jar:/home/spirals/danglot/.m2/repository/org/objenesis/objenesis/2.1/objenesis-2.1.jar:/home/spirals/danglot/.m2/repository/org/eclipse/jdt/core/compiler/ecj/4.4.2/ecj-4.4.2.jar:/tmp/Ex2Amplifier-experiments/target/dspot/dependencies:/home/spirals/danglot/.m2/repository/eu/stamp-project/test-runner/1.0.8/test-runner-1.0.8-jar-with-dependencies.jar eu.stamp_project.testrunner.runner.test.TestRunner com.squareup.javapoet.TypeNameTest equalsAndHashCodeParameterizedTypeName:equalsAndHashCodeClassName
File saved to the following path: /tmp/Ex2Amplifier-experiments/dataset/may-2018/javapoet/526/target/dspot/TestListener.ser
[70302] INFO EntryPoint - Test has been run: equalsAndHashCodeClassName,equalsAndHashCodeParameterizedTypeName
[70302] INFO AssertGenerator - 2 test pass, generating assertion...
[70305] INFO MethodsAssertGenerator - Add observations points in passing tests.
[70305] INFO MethodsAssertGenerator - Instrumentation...
 50% |========================= ]/100% |================================================== ]-
[70308] INFO MethodsAssertGenerator - Run instrumented tests. (6)
[70397] INFO EntryPoint - Run: java -cp /tmp/Ex2Amplifier-experiments/dataset/may-2018/javapoet/526/target/test-classes:/tmp/Ex2Amplifier-experiments/dataset/may-2018/javapoet/526/target/classes:/home/spirals/danglot/.m2/repository/com/google/truth/truth/0.28/truth-0.28.jar:/home/spirals/danglot/.m2/repository/com/google/guava/guava/18.0/guava-18.0.jar:/home/spirals/danglot/.m2/repository/com/google/testing/compile/compile-testing/0.9/compile-testing-0.9.jar:/home/spirals/danglot/jdk1.8.0_121/jre/../lib/tools.jar:/home/spirals/danglot/.m2/repository/junit/junit/4.12/junit-4.12.jar:/home/spirals/danglot/.m2/repository/org/hamcrest/hamcrest-core/1.3/hamcrest-core-1.3.jar:/home/spirals/danglot/.m2/repository/com/google/jimfs/jimfs/1.0/jimfs-1.0.jar:/home/spirals/danglot/.m2/repository/org/mockito/mockito-core/1.10.16/mockito-core-1.10.16.jar:/home/spirals/danglot/.m2/repository/org/objenesis/objenesis/2.1/objenesis-2.1.jar:/home/spirals/danglot/.m2/repository/org/eclipse/jdt/core/compiler/ecj/4.4.2/ecj-4.4.2.jar:/tmp/Ex2Amplifier-experiments/target/dspot/dependencies:/home/spirals/danglot/.m2/repository/eu/stamp-project/test-runner/1.0.8/test-runner-1.0.8-jar-with-dependencies.jar eu.stamp_project.testrunner.runner.test.TestRunner com.squareup.javapoet.TypeNameTest equalsAndHashCodeParameterizedTypeName_withlog0:equalsAndHashCodeClassName_withlog0:equalsAndHashCodeParameterizedTypeName_withlog1:equalsAndHashCodeClassName_withlog1:equalsAndHashCodeParameterizedTypeName_withlog2:equalsAndHashCodeClassName_withlog2
File saved to the following path: /tmp/Ex2Amplifier-experiments/dataset/may-2018/javapoet/526/target/dspot/observations.ser
File saved to the following path: /tmp/Ex2Amplifier-experiments/dataset/may-2018/javapoet/526/target/dspot/TestListener.ser
[70794] INFO EntryPoint - Test has been run: equalsAndHashCodeParameterizedTypeName_withlog0,equalsAndHashCodeParameterizedTypeName_withlog1,equalsAndHashCodeParameterizedTypeName_withlog2,equalsAndHashCodeClassName_withlog0,equalsAndHashCodeClassName_withlog1,equalsAndHashCodeClassName_withlog2
[70795] INFO MethodsAssertGenerator - Generating assertions...
[70795] INFO AssertGenerator - Could not generate any test with assertions
[70795] INFO Amplification - 0 amplified test(s) has been selected, global: 0
[70795] INFO DSpot - elapsedTime 1654
======= REPORT =======
0 amplified test fails on the new versions.

[71356] INFO DSpot - Print AmplTypeNameTest with 0?amplified test cases in results/may-2018/javapoet/526/A_ampl
[71518] INFO Amplification - amplification of com.squareup.javapoet.ClassNameTest (4 test(s))
[71602] INFO EntryPoint - Run: java -cp /tmp/Ex2Amplifier-experiments/dataset/may-2018/javapoet/526/target/test-classes:/tmp/Ex2Amplifier-experiments/dataset/may-2018/javapoet/526/target/classes:/home/spirals/danglot/.m2/repository/com/google/truth/truth/0.28/truth-0.28.jar:/home/spirals/danglot/.m2/repository/com/google/guava/guava/18.0/guava-18.0.jar:/home/spirals/danglot/.m2/repository/com/google/testing/compile/compile-testing/0.9/compile-testing-0.9.jar:/home/spirals/danglot/jdk1.8.0_121/jre/../lib/tools.jar:/home/spirals/danglot/.m2/repository/junit/junit/4.12/junit-4.12.jar:/home/spirals/danglot/.m2/repository/org/hamcrest/hamcrest-core/1.3/hamcrest-core-1.3.jar:/home/spirals/danglot/.m2/repository/com/google/jimfs/jimfs/1.0/jimfs-1.0.jar:/home/spirals/danglot/.m2/repository/org/mockito/mockito-core/1.10.16/mockito-core-1.10.16.jar:/home/spirals/danglot/.m2/repository/org/objenesis/objenesis/2.1/objenesis-2.1.jar:/home/spirals/danglot/.m2/repository/org/eclipse/jdt/core/compiler/ecj/4.4.2/ecj-4.4.2.jar:/tmp/Ex2Amplifier-experiments/target/dspot/dependencies:/home/spirals/danglot/.m2/repository/eu/stamp-project/test-runner/1.0.8/test-runner-1.0.8-jar-with-dependencies.jar eu.stamp_project.testrunner.runner.test.TestRunner com.squareup.javapoet.ClassNameTest classNameFromClass:reflectionName:peerClass:fromClassRejectionTypes
File saved to the following path: /tmp/Ex2Amplifier-experiments/dataset/may-2018/javapoet/526/target/dspot/TestListener.ser
[72759] INFO EntryPoint - Test has been run: reflectionName,fromClassRejectionTypes,classNameFromClass,peerClass
[72759] INFO Amplification - Try to add assertions before amplification
[72792] INFO AssertGenerator - Run tests. (4)
[72867] INFO EntryPoint - Run: java -cp /tmp/Ex2Amplifier-experiments/dataset/may-2018/javapoet/526/target/test-classes:/tmp/Ex2Amplifier-experiments/dataset/may-2018/javapoet/526/target/classes:/home/spirals/danglot/.m2/repository/com/google/truth/truth/0.28/truth-0.28.jar:/home/spirals/danglot/.m2/repository/com/google/guava/guava/18.0/guava-18.0.jar:/home/spirals/danglot/.m2/repository/com/google/testing/compile/compile-testing/0.9/compile-testing-0.9.jar:/home/spirals/danglot/jdk1.8.0_121/jre/../lib/tools.jar:/home/spirals/danglot/.m2/repository/junit/junit/4.12/junit-4.12.jar:/home/spirals/danglot/.m2/repository/org/hamcrest/hamcrest-core/1.3/hamcrest-core-1.3.jar:/home/spirals/danglot/.m2/repository/com/google/jimfs/jimfs/1.0/jimfs-1.0.jar:/home/spirals/danglot/.m2/repository/org/mockito/mockito-core/1.10.16/mockito-core-1.10.16.jar:/home/spirals/danglot/.m2/repository/org/objenesis/objenesis/2.1/objenesis-2.1.jar:/home/spirals/danglot/.m2/repository/org/eclipse/jdt/core/compiler/ecj/4.4.2/ecj-4.4.2.jar:/tmp/Ex2Amplifier-experiments/target/dspot/dependencies:/home/spirals/danglot/.m2/repository/eu/stamp-project/test-runner/1.0.8/test-runner-1.0.8-jar-with-dependencies.jar eu.stamp_project.testrunner.runner.test.TestRunner com.squareup.javapoet.ClassNameTest classNameFromClass:reflectionName:peerClass:fromClassRejectionTypes
File saved to the following path: /tmp/Ex2Amplifier-experiments/dataset/may-2018/javapoet/526/target/dspot/TestListener.ser
[74039] INFO EntryPoint - Test has been run: reflectionName,fromClassRejectionTypes,classNameFromClass,peerClass
[74039] INFO AssertGenerator - 4 test pass, generating assertion...
[74041] INFO MethodsAssertGenerator - Add observations points in passing tests.
[74041] INFO MethodsAssertGenerator - Instrumentation...
 25% |============ ]/ 50% |========================= ]- 75% |===================================== ]\100% |================================================== ]|
[74046] INFO MethodsAssertGenerator - Run instrumented tests. (12)
[74128] INFO EntryPoint - Run: java -cp /tmp/Ex2Amplifier-experiments/dataset/may-2018/javapoet/526/target/test-classes:/tmp/Ex2Amplifier-experiments/dataset/may-2018/javapoet/526/target/classes:/home/spirals/danglot/.m2/repository/com/google/truth/truth/0.28/truth-0.28.jar:/home/spirals/danglot/.m2/repository/com/google/guava/guava/18.0/guava-18.0.jar:/home/spirals/danglot/.m2/repository/com/google/testing/compile/compile-testing/0.9/compile-testing-0.9.jar:/home/spirals/danglot/jdk1.8.0_121/jre/../lib/tools.jar:/home/spirals/danglot/.m2/repository/junit/junit/4.12/junit-4.12.jar:/home/spirals/danglot/.m2/repository/org/hamcrest/hamcrest-core/1.3/hamcrest-core-1.3.jar:/home/spirals/danglot/.m2/repository/com/google/jimfs/jimfs/1.0/jimfs-1.0.jar:/home/spirals/danglot/.m2/repository/org/mockito/mockito-core/1.10.16/mockito-core-1.10.16.jar:/home/spirals/danglot/.m2/repository/org/objenesis/objenesis/2.1/objenesis-2.1.jar:/home/spirals/danglot/.m2/repository/org/eclipse/jdt/core/compiler/ecj/4.4.2/ecj-4.4.2.jar:/tmp/Ex2Amplifier-experiments/target/dspot/dependencies:/home/spirals/danglot/.m2/repository/eu/stamp-project/test-runner/1.0.8/test-runner-1.0.8-jar-with-dependencies.jar eu.stamp_project.testrunner.runner.test.TestRunner com.squareup.javapoet.ClassNameTest classNameFromClass_withlog0:reflectionName_withlog0:peerClass_withlog0:fromClassRejectionTypes_withlog0:classNameFromClass_withlog1:reflectionName_withlog1:peerClass_withlog1:fromClassRejectionTypes_withlog1:classNameFromClass_withlog2:reflectionName_withlog2:peerClass_withlog2:fromClassRejectionTypes_withlog2
File saved to the following path: /tmp/Ex2Amplifier-experiments/dataset/may-2018/javapoet/526/target/dspot/observations.ser
File saved to the following path: /tmp/Ex2Amplifier-experiments/dataset/may-2018/javapoet/526/target/dspot/TestListener.ser
[75524] INFO EntryPoint - Test has been run: classNameFromClass_withlog0,classNameFromClass_withlog1,classNameFromClass_withlog2,peerClass_withlog0,peerClass_withlog1,peerClass_withlog2,fromClassRejectionTypes_withlog0,fromClassRejectionTypes_withlog1,fromClassRejectionTypes_withlog2,reflectionName_withlog0,reflectionName_withlog1,reflectionName_withlog2
[75524] INFO MethodsAssertGenerator - Generating assertions...
[75525] INFO AssertGenerator - Could not generate any test with assertions
[75525] INFO Amplification - 0 amplified test(s) has been selected, global: 0
[75525] INFO DSpot - elapsedTime 4033
======= REPORT =======
0 amplified test fails on the new versions.

[75610] INFO DSpot - Print AmplClassNameTest with 0?amplified test cases in results/may-2018/javapoet/526/A_ampl
[77396] INFO Amplification - amplification of com.squareup.javapoet.AbstractTypesTest (6 test(s))
[77533] INFO EntryPoint - Run: java -cp /tmp/Ex2Amplifier-experiments/dataset/may-2018/javapoet/526/target/test-classes:/tmp/Ex2Amplifier-experiments/dataset/may-2018/javapoet/526/target/classes:/home/spirals/danglot/.m2/repository/com/google/truth/truth/0.28/truth-0.28.jar:/home/spirals/danglot/.m2/repository/com/google/guava/guava/18.0/guava-18.0.jar:/home/spirals/danglot/.m2/repository/com/google/testing/compile/compile-testing/0.9/compile-testing-0.9.jar:/home/spirals/danglot/jdk1.8.0_121/jre/../lib/tools.jar:/home/spirals/danglot/.m2/repository/junit/junit/4.12/junit-4.12.jar:/home/spirals/danglot/.m2/repository/org/hamcrest/hamcrest-core/1.3/hamcrest-core-1.3.jar:/home/spirals/danglot/.m2/repository/com/google/jimfs/jimfs/1.0/jimfs-1.0.jar:/home/spirals/danglot/.m2/repository/org/mockito/mockito-core/1.10.16/mockito-core-1.10.16.jar:/home/spirals/danglot/.m2/repository/org/objenesis/objenesis/2.1/objenesis-2.1.jar:/home/spirals/danglot/.m2/repository/org/eclipse/jdt/core/compiler/ecj/4.4.2/ecj-4.4.2.jar:/tmp/Ex2Amplifier-experiments/target/dspot/dependencies:/home/spirals/danglot/.m2/repository/eu/stamp-project/test-runner/1.0.8/test-runner-1.0.8-jar-with-dependencies.jar eu.stamp_project.testrunner.runner.test.TestRunner com.squareup.javapoet.TypesEclipseTest box:getTypeVariableTypeMirror:getParameterizedTypeMirror:getBasicTypeMirror:unbox:getErrorType
File saved to the following path: /tmp/Ex2Amplifier-experiments/dataset/may-2018/javapoet/526/target/dspot/TestListener.ser
[79671] INFO EntryPoint - Test has been run: getTypeVariableTypeMirror,getBasicTypeMirror,getParameterizedTypeMirror,box,unbox,getErrorType
[79672] INFO EntryPoint - Run: java -cp /tmp/Ex2Amplifier-experiments/dataset/may-2018/javapoet/526/target/test-classes:/tmp/Ex2Amplifier-experiments/dataset/may-2018/javapoet/526/target/classes:/home/spirals/danglot/.m2/repository/com/google/truth/truth/0.28/truth-0.28.jar:/home/spirals/danglot/.m2/repository/com/google/guava/guava/18.0/guava-18.0.jar:/home/spirals/danglot/.m2/repository/com/google/testing/compile/compile-testing/0.9/compile-testing-0.9.jar:/home/spirals/danglot/jdk1.8.0_121/jre/../lib/tools.jar:/home/spirals/danglot/.m2/repository/junit/junit/4.12/junit-4.12.jar:/home/spirals/danglot/.m2/repository/org/hamcrest/hamcrest-core/1.3/hamcrest-core-1.3.jar:/home/spirals/danglot/.m2/repository/com/google/jimfs/jimfs/1.0/jimfs-1.0.jar:/home/spirals/danglot/.m2/repository/org/mockito/mockito-core/1.10.16/mockito-core-1.10.16.jar:/home/spirals/danglot/.m2/repository/org/objenesis/objenesis/2.1/objenesis-2.1.jar:/home/spirals/danglot/.m2/repository/org/eclipse/jdt/core/compiler/ecj/4.4.2/ecj-4.4.2.jar:/tmp/Ex2Amplifier-experiments/target/dspot/dependencies:/home/spirals/danglot/.m2/repository/eu/stamp-project/test-runner/1.0.8/test-runner-1.0.8-jar-with-dependencies.jar eu.stamp_project.testrunner.runner.test.TestRunner com.squareup.javapoet.TypesTest box:getTypeVariableTypeMirror:getParameterizedTypeMirror:getBasicTypeMirror:unbox:getErrorType
File saved to the following path: /tmp/Ex2Amplifier-experiments/dataset/may-2018/javapoet/526/target/dspot/TestListener.ser
[80952] INFO EntryPoint - Test has been run: getTypeVariableTypeMirror,getBasicTypeMirror,getParameterizedTypeMirror,box,unbox,getErrorType
[80952] INFO Amplification - Try to add assertions before amplification
[81527] INFO AssertGenerator - Run tests. (6)
[81640] INFO EntryPoint - Run: java -cp /tmp/Ex2Amplifier-experiments/dataset/may-2018/javapoet/526/target/test-classes:/tmp/Ex2Amplifier-experiments/dataset/may-2018/javapoet/526/target/classes:/home/spirals/danglot/.m2/repository/com/google/truth/truth/0.28/truth-0.28.jar:/home/spirals/danglot/.m2/repository/com/google/guava/guava/18.0/guava-18.0.jar:/home/spirals/danglot/.m2/repository/com/google/testing/compile/compile-testing/0.9/compile-testing-0.9.jar:/home/spirals/danglot/jdk1.8.0_121/jre/../lib/tools.jar:/home/spirals/danglot/.m2/repository/junit/junit/4.12/junit-4.12.jar:/home/spirals/danglot/.m2/repository/org/hamcrest/hamcrest-core/1.3/hamcrest-core-1.3.jar:/home/spirals/danglot/.m2/repository/com/google/jimfs/jimfs/1.0/jimfs-1.0.jar:/home/spirals/danglot/.m2/repository/org/mockito/mockito-core/1.10.16/mockito-core-1.10.16.jar:/home/spirals/danglot/.m2/repository/org/objenesis/objenesis/2.1/objenesis-2.1.jar:/home/spirals/danglot/.m2/repository/org/eclipse/jdt/core/compiler/ecj/4.4.2/ecj-4.4.2.jar:/tmp/Ex2Amplifier-experiments/target/dspot/dependencies:/home/spirals/danglot/.m2/repository/eu/stamp-project/test-runner/1.0.8/test-runner-1.0.8-jar-with-dependencies.jar eu.stamp_project.testrunner.runner.test.TestRunner com.squareup.javapoet.TypesEclipseTest box:getTypeVariableTypeMirror:getParameterizedTypeMirror:getBasicTypeMirror:unbox:getErrorType
File saved to the following path: /tmp/Ex2Amplifier-experiments/dataset/may-2018/javapoet/526/target/dspot/TestListener.ser
[83779] INFO EntryPoint - Test has been run: getTypeVariableTypeMirror,getBasicTypeMirror,getParameterizedTypeMirror,box,unbox,getErrorType
[83780] INFO EntryPoint - Run: java -cp /tmp/Ex2Amplifier-experiments/dataset/may-2018/javapoet/526/target/test-classes:/tmp/Ex2Amplifier-experiments/dataset/may-2018/javapoet/526/target/classes:/home/spirals/danglot/.m2/repository/com/google/truth/truth/0.28/truth-0.28.jar:/home/spirals/danglot/.m2/repository/com/google/guava/guava/18.0/guava-18.0.jar:/home/spirals/danglot/.m2/repository/com/google/testing/compile/compile-testing/0.9/compile-testing-0.9.jar:/home/spirals/danglot/jdk1.8.0_121/jre/../lib/tools.jar:/home/spirals/danglot/.m2/repository/junit/junit/4.12/junit-4.12.jar:/home/spirals/danglot/.m2/repository/org/hamcrest/hamcrest-core/1.3/hamcrest-core-1.3.jar:/home/spirals/danglot/.m2/repository/com/google/jimfs/jimfs/1.0/jimfs-1.0.jar:/home/spirals/danglot/.m2/repository/org/mockito/mockito-core/1.10.16/mockito-core-1.10.16.jar:/home/spirals/danglot/.m2/repository/org/objenesis/objenesis/2.1/objenesis-2.1.jar:/home/spirals/danglot/.m2/repository/org/eclipse/jdt/core/compiler/ecj/4.4.2/ecj-4.4.2.jar:/tmp/Ex2Amplifier-experiments/target/dspot/dependencies:/home/spirals/danglot/.m2/repository/eu/stamp-project/test-runner/1.0.8/test-runner-1.0.8-jar-with-dependencies.jar eu.stamp_project.testrunner.runner.test.TestRunner com.squareup.javapoet.TypesTest box:getTypeVariableTypeMirror:getParameterizedTypeMirror:getBasicTypeMirror:unbox:getErrorType
File saved to the following path: /tmp/Ex2Amplifier-experiments/dataset/may-2018/javapoet/526/target/dspot/TestListener.ser
[85048] INFO EntryPoint - Test has been run: getTypeVariableTypeMirror,getBasicTypeMirror,getParameterizedTypeMirror,box,unbox,getErrorType
[85049] INFO AssertGenerator - 12 test pass, generating assertion...
[85053] INFO MethodsAssertGenerator - Add observations points in passing tests.
[85053] INFO MethodsAssertGenerator - Instrumentation...
 16% |======== ]/ 33% |================ ]- 50% |========================= ]\ 66% |================================= ]| 83% |========================================= ]/100% |================================================== ]-
[85064] INFO MethodsAssertGenerator - Run instrumented tests. (18)
[85194] INFO EntryPoint - Run: java -cp /tmp/Ex2Amplifier-experiments/dataset/may-2018/javapoet/526/target/test-classes:/tmp/Ex2Amplifier-experiments/dataset/may-2018/javapoet/526/target/classes:/home/spirals/danglot/.m2/repository/com/google/truth/truth/0.28/truth-0.28.jar:/home/spirals/danglot/.m2/repository/com/google/guava/guava/18.0/guava-18.0.jar:/home/spirals/danglot/.m2/repository/com/google/testing/compile/compile-testing/0.9/compile-testing-0.9.jar:/home/spirals/danglot/jdk1.8.0_121/jre/../lib/tools.jar:/home/spirals/danglot/.m2/repository/junit/junit/4.12/junit-4.12.jar:/home/spirals/danglot/.m2/repository/org/hamcrest/hamcrest-core/1.3/hamcrest-core-1.3.jar:/home/spirals/danglot/.m2/repository/com/google/jimfs/jimfs/1.0/jimfs-1.0.jar:/home/spirals/danglot/.m2/repository/org/mockito/mockito-core/1.10.16/mockito-core-1.10.16.jar:/home/spirals/danglot/.m2/repository/org/objenesis/objenesis/2.1/objenesis-2.1.jar:/home/spirals/danglot/.m2/repository/org/eclipse/jdt/core/compiler/ecj/4.4.2/ecj-4.4.2.jar:/tmp/Ex2Amplifier-experiments/target/dspot/dependencies:/home/spirals/danglot/.m2/repository/eu/stamp-project/test-runner/1.0.8/test-runner-1.0.8-jar-with-dependencies.jar eu.stamp_project.testrunner.runner.test.TestRunner com.squareup.javapoet.TypesEclipseTest box_withlog0:getTypeVariableTypeMirror_withlog0:getParameterizedTypeMirror_withlog0:getBasicTypeMirror_withlog0:unbox_withlog0:getErrorType_withlog0:box_withlog1:getTypeVariableTypeMirror_withlog1:getParameterizedTypeMirror_withlog1:getBasicTypeMirror_withlog1:unbox_withlog1:getErrorType_withlog1:box_withlog2:getTypeVariableTypeMirror_withlog2:getParameterizedTypeMirror_withlog2:getBasicTypeMirror_withlog2:unbox_withlog2:getErrorType_withlog2
File saved to the following path: /tmp/Ex2Amplifier-experiments/dataset/may-2018/javapoet/526/target/dspot/observations.ser
File saved to the following path: /tmp/Ex2Amplifier-experiments/dataset/may-2018/javapoet/526/target/dspot/TestListener.ser
[1437623] INFO EntryPoint - Test has been run: unbox_withlog0,unbox_withlog1,unbox_withlog2,getErrorType_withlog0,getErrorType_withlog1,getErrorType_withlog2,box_withlog0,box_withlog1,box_withlog2,getTypeVariableTypeMirror_withlog0,getTypeVariableTypeMirror_withlog1,getTypeVariableTypeMirror_withlog2,getBasicTypeMirror_withlog0,getBasicTypeMirror_withlog1,getBasicTypeMirror_withlog2,getParameterizedTypeMirror_withlog0,getParameterizedTypeMirror_withlog1,getParameterizedTypeMirror_withlog2
[1437624] INFO EntryPoint - Run: java -cp /tmp/Ex2Amplifier-experiments/dataset/may-2018/javapoet/526/target/test-classes:/tmp/Ex2Amplifier-experiments/dataset/may-2018/javapoet/526/target/classes:/home/spirals/danglot/.m2/repository/com/google/truth/truth/0.28/truth-0.28.jar:/home/spirals/danglot/.m2/repository/com/google/guava/guava/18.0/guava-18.0.jar:/home/spirals/danglot/.m2/repository/com/google/testing/compile/compile-testing/0.9/compile-testing-0.9.jar:/home/spirals/danglot/jdk1.8.0_121/jre/../lib/tools.jar:/home/spirals/danglot/.m2/repository/junit/junit/4.12/junit-4.12.jar:/home/spirals/danglot/.m2/repository/org/hamcrest/hamcrest-core/1.3/hamcrest-core-1.3.jar:/home/spirals/danglot/.m2/repository/com/google/jimfs/jimfs/1.0/jimfs-1.0.jar:/home/spirals/danglot/.m2/repository/org/mockito/mockito-core/1.10.16/mockito-core-1.10.16.jar:/home/spirals/danglot/.m2/repository/org/objenesis/objenesis/2.1/objenesis-2.1.jar:/home/spirals/danglot/.m2/repository/org/eclipse/jdt/core/compiler/ecj/4.4.2/ecj-4.4.2.jar:/tmp/Ex2Amplifier-experiments/target/dspot/dependencies:/home/spirals/danglot/.m2/repository/eu/stamp-project/test-runner/1.0.8/test-runner-1.0.8-jar-with-dependencies.jar eu.stamp_project.testrunner.runner.test.TestRunner com.squareup.javapoet.TypesTest box_withlog0:getTypeVariableTypeMirror_withlog0:getParameterizedTypeMirror_withlog0:getBasicTypeMirror_withlog0:unbox_withlog0:getErrorType_withlog0:box_withlog1:getTypeVariableTypeMirror_withlog1:getParameterizedTypeMirror_withlog1:getBasicTypeMirror_withlog1:unbox_withlog1:getErrorType_withlog1:box_withlog2:getTypeVariableTypeMirror_withlog2:getParameterizedTypeMirror_withlog2:getBasicTypeMirror_withlog2:unbox_withlog2:getErrorType_withlog2
File saved to the following path: /tmp/Ex2Amplifier-experiments/dataset/may-2018/javapoet/526/target/dspot/observations.ser
File saved to the following path: /tmp/Ex2Amplifier-experiments/dataset/may-2018/javapoet/526/target/dspot/TestListener.ser
[1450580] INFO EntryPoint - Test has been run: unbox_withlog0,unbox_withlog1,unbox_withlog2,getErrorType_withlog0,getErrorType_withlog1,getErrorType_withlog2,box_withlog0,box_withlog1,box_withlog2,getTypeVariableTypeMirror_withlog0,getTypeVariableTypeMirror_withlog1,getTypeVariableTypeMirror_withlog2,getBasicTypeMirror_withlog0,getBasicTypeMirror_withlog1,getBasicTypeMirror_withlog2,getParameterizedTypeMirror_withlog0,getParameterizedTypeMirror_withlog1,getParameterizedTypeMirror_withlog2
[1450593] INFO MethodsAssertGenerator - Generating assertions...
[1450725] INFO AssertGenerator - 2 new tests with assertions generated
[1451733] INFO EntryPoint - Run: java -cp /tmp/Ex2Amplifier-experiments/dataset/may-2018/javapoet/526/target/test-classes:/tmp/Ex2Amplifier-experiments/dataset/may-2018/javapoet/526/target/classes:/home/spirals/danglot/.m2/repository/com/google/truth/truth/0.28/truth-0.28.jar:/home/spirals/danglot/.m2/repository/com/google/guava/guava/18.0/guava-18.0.jar:/home/spirals/danglot/.m2/repository/com/google/testing/compile/compile-testing/0.9/compile-testing-0.9.jar:/home/spirals/danglot/jdk1.8.0_121/jre/../lib/tools.jar:/home/spirals/danglot/.m2/repository/junit/junit/4.12/junit-4.12.jar:/home/spirals/danglot/.m2/repository/org/hamcrest/hamcrest-core/1.3/hamcrest-core-1.3.jar:/home/spirals/danglot/.m2/repository/com/google/jimfs/jimfs/1.0/jimfs-1.0.jar:/home/spirals/danglot/.m2/repository/org/mockito/mockito-core/1.10.16/mockito-core-1.10.16.jar:/home/spirals/danglot/.m2/repository/org/objenesis/objenesis/2.1/objenesis-2.1.jar:/home/spirals/danglot/.m2/repository/org/eclipse/jdt/core/compiler/ecj/4.4.2/ecj-4.4.2.jar:/tmp/Ex2Amplifier-experiments/target/dspot/dependencies:/home/spirals/danglot/.m2/repository/eu/stamp-project/test-runner/1.0.8/test-runner-1.0.8-jar-with-dependencies.jar eu.stamp_project.testrunner.runner.test.TestRunner com.squareup.javapoet.TypesEclipseTest getTypeVariableTypeMirror:getParameterizedTypeMirror
File saved to the following path: /tmp/Ex2Amplifier-experiments/dataset/may-2018/javapoet/526/target/dspot/TestListener.ser
[1453013] INFO EntryPoint - Test has been run: getTypeVariableTypeMirror,getParameterizedTypeMirror(com.squareup.javapoet.TypesEclipseTest): org.eclipse.jdt.internal.compiler.apt.model.DeclaredTypeImpl cannot be cast to com.sun.tools.javac.code.Type$ClassType
[1453013] INFO EntryPoint - Run: java -cp /tmp/Ex2Amplifier-experiments/dataset/may-2018/javapoet/526/target/test-classes:/tmp/Ex2Amplifier-experiments/dataset/may-2018/javapoet/526/target/classes:/home/spirals/danglot/.m2/repository/com/google/truth/truth/0.28/truth-0.28.jar:/home/spirals/danglot/.m2/repository/com/google/guava/guava/18.0/guava-18.0.jar:/home/spirals/danglot/.m2/repository/com/google/testing/compile/compile-testing/0.9/compile-testing-0.9.jar:/home/spirals/danglot/jdk1.8.0_121/jre/../lib/tools.jar:/home/spirals/danglot/.m2/repository/junit/junit/4.12/junit-4.12.jar:/home/spirals/danglot/.m2/repository/org/hamcrest/hamcrest-core/1.3/hamcrest-core-1.3.jar:/home/spirals/danglot/.m2/repository/com/google/jimfs/jimfs/1.0/jimfs-1.0.jar:/home/spirals/danglot/.m2/repository/org/mockito/mockito-core/1.10.16/mockito-core-1.10.16.jar:/home/spirals/danglot/.m2/repository/org/objenesis/objenesis/2.1/objenesis-2.1.jar:/home/spirals/danglot/.m2/repository/org/eclipse/jdt/core/compiler/ecj/4.4.2/ecj-4.4.2.jar:/tmp/Ex2Amplifier-experiments/target/dspot/dependencies:/home/spirals/danglot/.m2/repository/eu/stamp-project/test-runner/1.0.8/test-runner-1.0.8-jar-with-dependencies.jar eu.stamp_project.testrunner.runner.test.TestRunner com.squareup.javapoet.TypesTest getTypeVariableTypeMirror:getParameterizedTypeMirror
File saved to the following path: /tmp/Ex2Amplifier-experiments/dataset/may-2018/javapoet/526/target/dspot/TestListener.ser
[1454208] INFO EntryPoint - Test has been run: getTypeVariableTypeMirror,getParameterizedTypeMirror(com.squareup.javapoet.TypesTest): expected:<1778693495> but was:<1002025163>
[1454208] WARN Amplification - Error during execution of amplified tests.
[1455543] DEBUG Launcher - building sources: [/tmp/Ex2Amplifier-experiments/target/dspot/tmp_test_sources/com/squareup/javapoet/AbstractTypesTest.java]
[1455544] DEBUG Launcher - build args: [-encoding, UTF-8, -cp, /home/spirals/danglot/.m2/repository/com/google/truth/truth/0.28/truth-0.28.jar:/home/spirals/danglot/.m2/repository/com/google/guava/guava/18.0/guava-18.0.jar:/home/spirals/danglot/.m2/repository/com/google/testing/compile/compile-testing/0.9/compile-testing-0.9.jar:/home/spirals/danglot/jdk1.8.0_121/jre/../lib/tools.jar:/home/spirals/danglot/.m2/repository/junit/junit/4.12/junit-4.12.jar:/home/spirals/danglot/.m2/repository/org/hamcrest/hamcrest-core/1.3/hamcrest-core-1.3.jar:/home/spirals/danglot/.m2/repository/com/google/jimfs/jimfs/1.0/jimfs-1.0.jar:/home/spirals/danglot/.m2/repository/org/mockito/mockito-core/1.10.16/mockito-core-1.10.16.jar:/home/spirals/danglot/.m2/repository/org/objenesis/objenesis/2.1/objenesis-2.1.jar:/home/spirals/danglot/.m2/repository/org/eclipse/jdt/core/compiler/ecj/4.4.2/ecj-4.4.2.jar:target/dspot/dependencies/:dataset/may-2018/javapoet/526//target/classes:dataset/may-2018/javapoet/526//target/test-classes:, -1.8, -preserveAllLocals, -noExit, -enableJavadoc, /tmp/Ex2Amplifier-experiments/target/dspot/tmp_test_sources/com/squareup/javapoet/AbstractTypesTest.java]
[1455626] DEBUG Launcher - built in 83 ms
[1455626] DEBUG Launcher - building templates: []
[1455626] DEBUG Launcher - built in 0 ms
[1455629] DEBUG Launcher - model built in 86
[1455629] DEBUG Launcher - compiling sources: [/tmp/Ex2Amplifier-experiments/target/dspot/tmp_test_sources/com/squareup/javapoet/AbstractTypesTest.java]
[1455632] DEBUG Launcher - compile args: [-encoding, UTF-8, -cp, /home/spirals/danglot/.m2/repository/com/google/truth/truth/0.28/truth-0.28.jar:/home/spirals/danglot/.m2/repository/com/google/guava/guava/18.0/guava-18.0.jar:/home/spirals/danglot/.m2/repository/com/google/testing/compile/compile-testing/0.9/compile-testing-0.9.jar:/home/spirals/danglot/jdk1.8.0_121/jre/../lib/tools.jar:/home/spirals/danglot/.m2/repository/junit/junit/4.12/junit-4.12.jar:/home/spirals/danglot/.m2/repository/org/hamcrest/hamcrest-core/1.3/hamcrest-core-1.3.jar:/home/spirals/danglot/.m2/repository/com/google/jimfs/jimfs/1.0/jimfs-1.0.jar:/home/spirals/danglot/.m2/repository/org/mockito/mockito-core/1.10.16/mockito-core-1.10.16.jar:/home/spirals/danglot/.m2/repository/org/objenesis/objenesis/2.1/objenesis-2.1.jar:/home/spirals/danglot/.m2/repository/org/eclipse/jdt/core/compiler/ecj/4.4.2/ecj-4.4.2.jar:target/dspot/dependencies/:dataset/may-2018/javapoet/526//target/classes:dataset/may-2018/javapoet/526//target/test-classes:, -d, /tmp/Ex2Amplifier-experiments/dataset/may-2018/javapoet/526_modified/target/test-classes, -1.8, -proc:none, -preserveAllLocals, -noExit, -enableJavadoc, /tmp/Ex2Amplifier-experiments/target/dspot/tmp_test_sources/com/squareup/javapoet/AbstractTypesTest.java]
[1456234] DEBUG Launcher - compiled in 605 ms
[1456234] INFO EntryPoint - Run: java -cp /home/spirals/danglot/.m2/repository/com/google/truth/truth/0.28/truth-0.28.jar:/home/spirals/danglot/.m2/repository/com/google/guava/guava/18.0/guava-18.0.jar:/home/spirals/danglot/.m2/repository/com/google/testing/compile/compile-testing/0.9/compile-testing-0.9.jar:/home/spirals/danglot/jdk1.8.0_121/jre/../lib/tools.jar:/home/spirals/danglot/.m2/repository/junit/junit/4.12/junit-4.12.jar:/home/spirals/danglot/.m2/repository/org/hamcrest/hamcrest-core/1.3/hamcrest-core-1.3.jar:/home/spirals/danglot/.m2/repository/com/google/jimfs/jimfs/1.0/jimfs-1.0.jar:/home/spirals/danglot/.m2/repository/org/mockito/mockito-core/1.10.16/mockito-core-1.10.16.jar:/home/spirals/danglot/.m2/repository/org/objenesis/objenesis/2.1/objenesis-2.1.jar:/home/spirals/danglot/.m2/repository/org/eclipse/jdt/core/compiler/ecj/4.4.2/ecj-4.4.2.jar:target/dspot/dependencies/:/tmp/Ex2Amplifier-experiments/dataset/may-2018/javapoet/526_modified/target/classes:/tmp/Ex2Amplifier-experiments/dataset/may-2018/javapoet/526_modified/target/test-classes:/home/spirals/danglot/.m2/repository/eu/stamp-project/test-runner/1.0.8/test-runner-1.0.8-jar-with-dependencies.jar eu.stamp_project.testrunner.runner.test.TestRunner com.squareup.javapoet.AbstractTypesTest getTypeVariableTypeMirror
File saved to the following path: /tmp/Ex2Amplifier-experiments/dataset/may-2018/javapoet/526/target/dspot/TestListener.ser
[1456591] INFO EntryPoint - Test has been run: getTypeVariableTypeMirror(com.squareup.javapoet.AbstractTypesTest): null
[1456592] INFO Amplification - 1 amplified test(s) has been selected, global: 1
[1456592] INFO DSpot - elapsedTime 1379935
======= REPORT =======
1 amplified test fails on the new versions.
getTypeVariableTypeMirror(com.squareup.javapoet.AbstractTypesTest): null

[1457895] INFO DSpot - Print AmplAbstractTypesTest with 1?amplified test cases in results/may-2018/javapoet/526/A_ampl
[1460753] INFO Amplification - amplification of com.squareup.javapoet.AnnotatedTypeNameTest (2 test(s))
[1460828] INFO EntryPoint - Run: java -cp /tmp/Ex2Amplifier-experiments/dataset/may-2018/javapoet/526/target/test-classes:/tmp/Ex2Amplifier-experiments/dataset/may-2018/javapoet/526/target/classes:/home/spirals/danglot/.m2/repository/com/google/truth/truth/0.28/truth-0.28.jar:/home/spirals/danglot/.m2/repository/com/google/guava/guava/18.0/guava-18.0.jar:/home/spirals/danglot/.m2/repository/com/google/testing/compile/compile-testing/0.9/compile-testing-0.9.jar:/home/spirals/danglot/jdk1.8.0_121/jre/../lib/tools.jar:/home/spirals/danglot/.m2/repository/junit/junit/4.12/junit-4.12.jar:/home/spirals/danglot/.m2/repository/org/hamcrest/hamcrest-core/1.3/hamcrest-core-1.3.jar:/home/spirals/danglot/.m2/repository/com/google/jimfs/jimfs/1.0/jimfs-1.0.jar:/home/spirals/danglot/.m2/repository/org/mockito/mockito-core/1.10.16/mockito-core-1.10.16.jar:/home/spirals/danglot/.m2/repository/org/objenesis/objenesis/2.1/objenesis-2.1.jar:/home/spirals/danglot/.m2/repository/org/eclipse/jdt/core/compiler/ecj/4.4.2/ecj-4.4.2.jar:/tmp/Ex2Amplifier-experiments/target/dspot/dependencies:/home/spirals/danglot/.m2/repository/eu/stamp-project/test-runner/1.0.8/test-runner-1.0.8-jar-with-dependencies.jar eu.stamp_project.testrunner.runner.test.TestRunner com.squareup.javapoet.AnnotatedTypeNameTest annotatedArgumentOfParameterizedType:annotatedEquivalence
File saved to the following path: /tmp/Ex2Amplifier-experiments/dataset/may-2018/javapoet/526/target/dspot/TestListener.ser
[1461234] INFO EntryPoint - Test has been run: annotatedEquivalence,annotatedArgumentOfParameterizedType
[1461234] INFO Amplification - Try to add assertions before amplification
[1461345] INFO AssertGenerator - Run tests. (2)
[1461414] INFO EntryPoint - Run: java -cp /tmp/Ex2Amplifier-experiments/dataset/may-2018/javapoet/526/target/test-classes:/tmp/Ex2Amplifier-experiments/dataset/may-2018/javapoet/526/target/classes:/home/spirals/danglot/.m2/repository/com/google/truth/truth/0.28/truth-0.28.jar:/home/spirals/danglot/.m2/repository/com/google/guava/guava/18.0/guava-18.0.jar:/home/spirals/danglot/.m2/repository/com/google/testing/compile/compile-testing/0.9/compile-testing-0.9.jar:/home/spirals/danglot/jdk1.8.0_121/jre/../lib/tools.jar:/home/spirals/danglot/.m2/repository/junit/junit/4.12/junit-4.12.jar:/home/spirals/danglot/.m2/repository/org/hamcrest/hamcrest-core/1.3/hamcrest-core-1.3.jar:/home/spirals/danglot/.m2/repository/com/google/jimfs/jimfs/1.0/jimfs-1.0.jar:/home/spirals/danglot/.m2/repository/org/mockito/mockito-core/1.10.16/mockito-core-1.10.16.jar:/home/spirals/danglot/.m2/repository/org/objenesis/objenesis/2.1/objenesis-2.1.jar:/home/spirals/danglot/.m2/repository/org/eclipse/jdt/core/compiler/ecj/4.4.2/ecj-4.4.2.jar:/tmp/Ex2Amplifier-experiments/target/dspot/dependencies:/home/spirals/danglot/.m2/repository/eu/stamp-project/test-runner/1.0.8/test-runner-1.0.8-jar-with-dependencies.jar eu.stamp_project.testrunner.runner.test.TestRunner com.squareup.javapoet.AnnotatedTypeNameTest annotatedArgumentOfParameterizedType:annotatedEquivalence
File saved to the following path: /tmp/Ex2Amplifier-experiments/dataset/may-2018/javapoet/526/target/dspot/TestListener.ser
[1461826] INFO EntryPoint - Test has been run: annotatedEquivalence,annotatedArgumentOfParameterizedType
[1461826] INFO AssertGenerator - 2 test pass, generating assertion...
[1461829] INFO MethodsAssertGenerator - Add observations points in passing tests.
[1461829] INFO MethodsAssertGenerator - Instrumentation...
 50% |========================= ]/100% |================================================== ]-
[1461832] INFO MethodsAssertGenerator - Run instrumented tests. (6)
[1461908] INFO EntryPoint - Run: java -cp /tmp/Ex2Amplifier-experiments/dataset/may-2018/javapoet/526/target/test-classes:/tmp/Ex2Amplifier-experiments/dataset/may-2018/javapoet/526/target/classes:/home/spirals/danglot/.m2/repository/com/google/truth/truth/0.28/truth-0.28.jar:/home/spirals/danglot/.m2/repository/com/google/guava/guava/18.0/guava-18.0.jar:/home/spirals/danglot/.m2/repository/com/google/testing/compile/compile-testing/0.9/compile-testing-0.9.jar:/home/spirals/danglot/jdk1.8.0_121/jre/../lib/tools.jar:/home/spirals/danglot/.m2/repository/junit/junit/4.12/junit-4.12.jar:/home/spirals/danglot/.m2/repository/org/hamcrest/hamcrest-core/1.3/hamcrest-core-1.3.jar:/home/spirals/danglot/.m2/repository/com/google/jimfs/jimfs/1.0/jimfs-1.0.jar:/home/spirals/danglot/.m2/repository/org/mockito/mockito-core/1.10.16/mockito-core-1.10.16.jar:/home/spirals/danglot/.m2/repository/org/objenesis/objenesis/2.1/objenesis-2.1.jar:/home/spirals/danglot/.m2/repository/org/eclipse/jdt/core/compiler/ecj/4.4.2/ecj-4.4.2.jar:/tmp/Ex2Amplifier-experiments/target/dspot/dependencies:/home/spirals/danglot/.m2/repository/eu/stamp-project/test-runner/1.0.8/test-runner-1.0.8-jar-with-dependencies.jar eu.stamp_project.testrunner.runner.test.TestRunner com.squareup.javapoet.AnnotatedTypeNameTest annotatedArgumentOfParameterizedType_withlog0:annotatedEquivalence_withlog0:annotatedArgumentOfParameterizedType_withlog1:annotatedEquivalence_withlog1:annotatedArgumentOfParameterizedType_withlog2:annotatedEquivalence_withlog2
File saved to the following path: /tmp/Ex2Amplifier-experiments/dataset/may-2018/javapoet/526/target/dspot/observations.ser
File saved to the following path: /tmp/Ex2Amplifier-experiments/dataset/may-2018/javapoet/526/target/dspot/TestListener.ser
[1463452] INFO EntryPoint - Test has been run: annotatedArgumentOfParameterizedType_withlog0,annotatedArgumentOfParameterizedType_withlog1,annotatedArgumentOfParameterizedType_withlog2,annotatedEquivalence_withlog0,annotatedEquivalence_withlog1,annotatedEquivalence_withlog2
[1463456] INFO MethodsAssertGenerator - Generating assertions...
[1463469] INFO AssertGenerator - 1 new tests with assertions generated
[1463597] INFO EntryPoint - Run: java -cp /tmp/Ex2Amplifier-experiments/dataset/may-2018/javapoet/526/target/test-classes:/tmp/Ex2Amplifier-experiments/dataset/may-2018/javapoet/526/target/classes:/home/spirals/danglot/.m2/repository/com/google/truth/truth/0.28/truth-0.28.jar:/home/spirals/danglot/.m2/repository/com/google/guava/guava/18.0/guava-18.0.jar:/home/spirals/danglot/.m2/repository/com/google/testing/compile/compile-testing/0.9/compile-testing-0.9.jar:/home/spirals/danglot/jdk1.8.0_121/jre/../lib/tools.jar:/home/spirals/danglot/.m2/repository/junit/junit/4.12/junit-4.12.jar:/home/spirals/danglot/.m2/repository/org/hamcrest/hamcrest-core/1.3/hamcrest-core-1.3.jar:/home/spirals/danglot/.m2/repository/com/google/jimfs/jimfs/1.0/jimfs-1.0.jar:/home/spirals/danglot/.m2/repository/org/mockito/mockito-core/1.10.16/mockito-core-1.10.16.jar:/home/spirals/danglot/.m2/repository/org/objenesis/objenesis/2.1/objenesis-2.1.jar:/home/spirals/danglot/.m2/repository/org/eclipse/jdt/core/compiler/ecj/4.4.2/ecj-4.4.2.jar:/tmp/Ex2Amplifier-experiments/target/dspot/dependencies:/home/spirals/danglot/.m2/repository/eu/stamp-project/test-runner/1.0.8/test-runner-1.0.8-jar-with-dependencies.jar eu.stamp_project.testrunner.runner.test.TestRunner com.squareup.javapoet.AnnotatedTypeNameTest annotatedArgumentOfParameterizedType
File saved to the following path: /tmp/Ex2Amplifier-experiments/dataset/may-2018/javapoet/526/target/dspot/TestListener.ser
[1464011] INFO EntryPoint - Test has been run: annotatedArgumentOfParameterizedType
[1464300] DEBUG Launcher - building sources: [/tmp/Ex2Amplifier-experiments/target/dspot/tmp_test_sources/com/squareup/javapoet/AnnotatedTypeNameTest.java]
[1464301] DEBUG Launcher - build args: [-encoding, UTF-8, -cp, /home/spirals/danglot/.m2/repository/com/google/truth/truth/0.28/truth-0.28.jar:/home/spirals/danglot/.m2/repository/com/google/guava/guava/18.0/guava-18.0.jar:/home/spirals/danglot/.m2/repository/com/google/testing/compile/compile-testing/0.9/compile-testing-0.9.jar:/home/spirals/danglot/jdk1.8.0_121/jre/../lib/tools.jar:/home/spirals/danglot/.m2/repository/junit/junit/4.12/junit-4.12.jar:/home/spirals/danglot/.m2/repository/org/hamcrest/hamcrest-core/1.3/hamcrest-core-1.3.jar:/home/spirals/danglot/.m2/repository/com/google/jimfs/jimfs/1.0/jimfs-1.0.jar:/home/spirals/danglot/.m2/repository/org/mockito/mockito-core/1.10.16/mockito-core-1.10.16.jar:/home/spirals/danglot/.m2/repository/org/objenesis/objenesis/2.1/objenesis-2.1.jar:/home/spirals/danglot/.m2/repository/org/eclipse/jdt/core/compiler/ecj/4.4.2/ecj-4.4.2.jar:target/dspot/dependencies/:dataset/may-2018/javapoet/526//target/classes:dataset/may-2018/javapoet/526//target/test-classes:, -1.8, -preserveAllLocals, -noExit, -enableJavadoc, /tmp/Ex2Amplifier-experiments/target/dspot/tmp_test_sources/com/squareup/javapoet/AnnotatedTypeNameTest.java]
[1464377] DEBUG Launcher - built in 77 ms
[1464377] DEBUG Launcher - building templates: []
[1464377] DEBUG Launcher - built in 0 ms
[1464380] DEBUG Launcher - model built in 80
[1464380] DEBUG Launcher - compiling sources: [/tmp/Ex2Amplifier-experiments/target/dspot/tmp_test_sources/com/squareup/javapoet/AnnotatedTypeNameTest.java]
[1464382] DEBUG Launcher - compile args: [-encoding, UTF-8, -cp, /home/spirals/danglot/.m2/repository/com/google/truth/truth/0.28/truth-0.28.jar:/home/spirals/danglot/.m2/repository/com/google/guava/guava/18.0/guava-18.0.jar:/home/spirals/danglot/.m2/repository/com/google/testing/compile/compile-testing/0.9/compile-testing-0.9.jar:/home/spirals/danglot/jdk1.8.0_121/jre/../lib/tools.jar:/home/spirals/danglot/.m2/repository/junit/junit/4.12/junit-4.12.jar:/home/spirals/danglot/.m2/repository/org/hamcrest/hamcrest-core/1.3/hamcrest-core-1.3.jar:/home/spirals/danglot/.m2/repository/com/google/jimfs/jimfs/1.0/jimfs-1.0.jar:/home/spirals/danglot/.m2/repository/org/mockito/mockito-core/1.10.16/mockito-core-1.10.16.jar:/home/spirals/danglot/.m2/repository/org/objenesis/objenesis/2.1/objenesis-2.1.jar:/home/spirals/danglot/.m2/repository/org/eclipse/jdt/core/compiler/ecj/4.4.2/ecj-4.4.2.jar:target/dspot/dependencies/:dataset/may-2018/javapoet/526//target/classes:dataset/may-2018/javapoet/526//target/test-classes:, -d, /tmp/Ex2Amplifier-experiments/dataset/may-2018/javapoet/526_modified/target/test-classes, -1.8, -proc:none, -preserveAllLocals, -noExit, -enableJavadoc, /tmp/Ex2Amplifier-experiments/target/dspot/tmp_test_sources/com/squareup/javapoet/AnnotatedTypeNameTest.java]
[1464817] DEBUG Launcher - compiled in 437 ms
[1464817] INFO EntryPoint - Run: java -cp /home/spirals/danglot/.m2/repository/com/google/truth/truth/0.28/truth-0.28.jar:/home/spirals/danglot/.m2/repository/com/google/guava/guava/18.0/guava-18.0.jar:/home/spirals/danglot/.m2/repository/com/google/testing/compile/compile-testing/0.9/compile-testing-0.9.jar:/home/spirals/danglot/jdk1.8.0_121/jre/../lib/tools.jar:/home/spirals/danglot/.m2/repository/junit/junit/4.12/junit-4.12.jar:/home/spirals/danglot/.m2/repository/org/hamcrest/hamcrest-core/1.3/hamcrest-core-1.3.jar:/home/spirals/danglot/.m2/repository/com/google/jimfs/jimfs/1.0/jimfs-1.0.jar:/home/spirals/danglot/.m2/repository/org/mockito/mockito-core/1.10.16/mockito-core-1.10.16.jar:/home/spirals/danglot/.m2/repository/org/objenesis/objenesis/2.1/objenesis-2.1.jar:/home/spirals/danglot/.m2/repository/org/eclipse/jdt/core/compiler/ecj/4.4.2/ecj-4.4.2.jar:target/dspot/dependencies/:/tmp/Ex2Amplifier-experiments/dataset/may-2018/javapoet/526_modified/target/classes:/tmp/Ex2Amplifier-experiments/dataset/may-2018/javapoet/526_modified/target/test-classes:/home/spirals/danglot/.m2/repository/eu/stamp-project/test-runner/1.0.8/test-runner-1.0.8-jar-with-dependencies.jar eu.stamp_project.testrunner.runner.test.TestRunner com.squareup.javapoet.AnnotatedTypeNameTest annotatedArgumentOfParameterizedType
File saved to the following path: /tmp/Ex2Amplifier-experiments/dataset/may-2018/javapoet/526/target/dspot/TestListener.ser
[1465274] INFO EntryPoint - Test has been run: annotatedArgumentOfParameterizedType
[1465274] INFO Amplification - -1 amplified test(s) has been selected, global: 0
[1465274] INFO DSpot - elapsedTime 4625
======= REPORT =======
0 amplified test fails on the new versions.

[1465513] INFO DSpot - Print AmplAnnotatedTypeNameTest with 0?amplified test cases in results/may-2018/javapoet/526/A_ampl
