SLF4J: Class path contains multiple SLF4J bindings.
SLF4J: Found binding in [jar:file:/home/bdanglot/.m2/repository/eu/stamp-project/test-runner/1.0.8/test-runner-1.0.8-jar-with-dependencies.jar!/org/slf4j/impl/StaticLoggerBinder.class]
SLF4J: Found binding in [jar:file:/home/bdanglot/.m2/repository/org/slf4j/slf4j-log4j12/1.7.25/slf4j-log4j12-1.7.25.jar!/org/slf4j/impl/StaticLoggerBinder.class]
SLF4J: See http://www.slf4j.org/codes.html#multiple_bindings for an explanation.
SLF4J: Actual binding is of type [org.slf4j.impl.Log4jLoggerFactory]
[0] WARN AutomaticBuilderFactory - No automatic builder specified in configuration, going to default.
[1] INFO AutomaticBuilderFactory - Default: provided Maven automatic builder.
[9] INFO MavenAutomaticBuilder - run maven clean test -DskipTests dependency:build-classpath -Dmdep.outputFile=target/dspot/classpath
[WARN] Maven will be executed in interactive mode, but no input stream has been configured for this MavenInvoker instance.
[[1;34mINFO[m] Scanning for projects...
[[1;34mINFO[m] 
[[1;34mINFO[m] [1m------------------------------------------------------------------------[m
[[1;34mINFO[m] [1mBuilding JavaPoet 1.10.0-SNAPSHOT[m
[[1;34mINFO[m] [1m------------------------------------------------------------------------[m
[[1;34mINFO[m] 
[[1;34mINFO[m] [1m--- [0;32mmaven-clean-plugin:2.5:clean[m [1m(default-clean)[m @ [36mjavapoet[0;1m ---[m
[[1;34mINFO[m] Deleting /home/bdanglot/workspace/Ex2amplifier-experiments/dataset/may-2018/javapoet/605/target
[[1;34mINFO[m] 
[[1;34mINFO[m] [1m--- [0;32mmaven-enforcer-plugin:1.0:enforce[m [1m(enforce-maven)[m @ [36mjavapoet[0;1m ---[m
[[1;34mINFO[m] Skipping Rule Enforcement.
[[1;34mINFO[m] 
[[1;34mINFO[m] [1m--- [0;32mmaven-resources-plugin:2.6:resources[m [1m(default-resources)[m @ [36mjavapoet[0;1m ---[m
[[1;34mINFO[m] Using 'UTF-8' encoding to copy filtered resources.
[[1;34mINFO[m] skip non existing resourceDirectory /home/bdanglot/workspace/Ex2amplifier-experiments/dataset/may-2018/javapoet/605/src/main/resources
[[1;34mINFO[m] 
[[1;34mINFO[m] [1m--- [0;32mmaven-compiler-plugin:3.7.0:compile[m [1m(default-compile)[m @ [36mjavapoet[0;1m ---[m
[[1;34mINFO[m] Changes detected - recompiling the module!
[[1;34mINFO[m] Compiling 17 source files to /home/bdanglot/workspace/Ex2amplifier-experiments/dataset/may-2018/javapoet/605/target/classes
[[1;34mINFO[m] 
[[1;34mINFO[m] [1m--- [0;32mmaven-resources-plugin:2.6:testResources[m [1m(default-testResources)[m @ [36mjavapoet[0;1m ---[m
[[1;34mINFO[m] Using 'UTF-8' encoding to copy filtered resources.
[[1;34mINFO[m] skip non existing resourceDirectory /home/bdanglot/workspace/Ex2amplifier-experiments/dataset/may-2018/javapoet/605/src/test/resources
[[1;34mINFO[m] 
[[1;34mINFO[m] [1m--- [0;32mmaven-compiler-plugin:3.7.0:testCompile[m [1m(default-testCompile)[m @ [36mjavapoet[0;1m ---[m
[[1;34mINFO[m] Changes detected - recompiling the module!
[[1;34mINFO[m] Compiling 19 source files to /home/bdanglot/workspace/Ex2amplifier-experiments/dataset/may-2018/javapoet/605/target/test-classes
[[1;34mINFO[m] 
[[1;34mINFO[m] [1m--- [0;32mmaven-surefire-plugin:2.12.4:test[m [1m(default-test)[m @ [36mjavapoet[0;1m ---[m
[[1;34mINFO[m] Tests are skipped.
[[1;34mINFO[m] 
[[1;34mINFO[m] [1m--- [0;32mmaven-dependency-plugin:2.8:build-classpath[m [1m(default-cli)[m @ [36mjavapoet[0;1m ---[m
[[1;34mINFO[m] Wrote classpath file '/home/bdanglot/workspace/Ex2amplifier-experiments/dataset/may-2018/javapoet/605/target/dspot/classpath'.
[[1;34mINFO[m] [1m------------------------------------------------------------------------[m
[[1;34mINFO[m] [1;32mBUILD SUCCESS[m
[[1;34mINFO[m] [1m------------------------------------------------------------------------[m
[[1;34mINFO[m] Total time: 6.812 s
[[1;34mINFO[m] Finished at: 2018-05-23T23:04:25+02:00
[[1;34mINFO[m] Final Memory: 46M/451M
[[1;34mINFO[m] [1m------------------------------------------------------------------------[m
[10352] ERROR JDTCommentBuilder - // @Target(ElementType.TYPE_USE) requires Java 1.8 is not added into the AST
spoon.reflect.declaration.ParentNotInitializedException: parent not initialized for class spoon.support.reflect.code.CtCommentImpl (/home/bdanglot/workspace/Ex2amplifier-experiments/dataset/may-2018/javapoet/605/src/test/java/com/squareup/javapoet/AnnotatedTypeNameTest.java:118)
	at spoon.support.reflect.declaration.CtElementImpl.getParent(CtElementImpl.java:340)
	at spoon.support.compiler.jdt.JDTCommentBuilder.insertCommentInAST(JDTCommentBuilder.java:474)
	at spoon.support.compiler.jdt.JDTCommentBuilder.buildComment(JDTCommentBuilder.java:152)
	at spoon.support.compiler.jdt.JDTCommentBuilder.build(JDTCommentBuilder.java:108)
	at spoon.support.compiler.jdt.JDTBasedSpoonCompiler.buildModel(JDTBasedSpoonCompiler.java:417)
	at spoon.support.compiler.jdt.JDTBasedSpoonCompiler.buildUnitsAndModel(JDTBasedSpoonCompiler.java:362)
	at spoon.support.compiler.jdt.JDTBasedSpoonCompiler.buildSources(JDTBasedSpoonCompiler.java:335)
	at spoon.support.compiler.jdt.JDTBasedSpoonCompiler.build(JDTBasedSpoonCompiler.java:116)
	at spoon.support.compiler.jdt.JDTBasedSpoonCompiler.build(JDTBasedSpoonCompiler.java:99)
	at spoon.Launcher.buildModel(Launcher.java:724)
	at eu.stamp_project.utils.compilation.DSpotCompiler.getSpoonModelOf(DSpotCompiler.java:106)
	at eu.stamp_project.utils.compilation.DSpotCompiler.createDSpotCompiler(DSpotCompiler.java:31)
	at eu.stamp_project.dspot.DSpot.<init>(DSpot.java:108)
	at eu.stamp_project.Main.lambda$run$2(Main.java:137)
	at java.util.stream.ForEachOps$ForEachOp$OfRef.accept(ForEachOps.java:184)
	at java.util.stream.ReferencePipeline$2$1.accept(ReferencePipeline.java:175)
	at java.util.ArrayList$ArrayListSpliterator.forEachRemaining(ArrayList.java:1374)
	at java.util.stream.AbstractPipeline.copyInto(AbstractPipeline.java:481)
	at java.util.stream.AbstractPipeline.wrapAndCopyInto(AbstractPipeline.java:471)
	at java.util.stream.ForEachOps$ForEachOp.evaluateSequential(ForEachOps.java:151)
	at java.util.stream.ForEachOps$ForEachOp$OfRef.evaluateSequential(ForEachOps.java:174)
	at java.util.stream.AbstractPipeline.evaluate(AbstractPipeline.java:234)
	at java.util.stream.ReferencePipeline.forEach(ReferencePipeline.java:418)
	at eu.stamp_project.Main.run(Main.java:120)
	at eu.stamp_project.Main.main(Main.java:91)
[10674] WARN AutomaticBuilderFactory - No automatic builder specified in configuration, going to default.
[10674] INFO AutomaticBuilderFactory - Default: provided Maven automatic builder.
[10674] INFO MavenAutomaticBuilder - run maven clean test -DskipTests dependency:build-classpath -Dmdep.outputFile=target/dspot/classpath
[WARN] Maven will be executed in interactive mode, but no input stream has been configured for this MavenInvoker instance.
[[1;34mINFO[m] Scanning for projects...
[[1;34mINFO[m] 
[[1;34mINFO[m] [1m------------------------------------------------------------------------[m
[[1;34mINFO[m] [1mBuilding JavaPoet 1.10.0-SNAPSHOT[m
[[1;34mINFO[m] [1m------------------------------------------------------------------------[m
[[1;34mINFO[m] 
[[1;34mINFO[m] [1m--- [0;32mmaven-clean-plugin:2.5:clean[m [1m(default-clean)[m @ [36mjavapoet[0;1m ---[m
[[1;34mINFO[m] Deleting /home/bdanglot/workspace/Ex2amplifier-experiments/dataset/may-2018/javapoet/605_modified/target
[[1;34mINFO[m] 
[[1;34mINFO[m] [1m--- [0;32mmaven-enforcer-plugin:1.0:enforce[m [1m(enforce-maven)[m @ [36mjavapoet[0;1m ---[m
[[1;34mINFO[m] Skipping Rule Enforcement.
[[1;34mINFO[m] 
[[1;34mINFO[m] [1m--- [0;32mmaven-resources-plugin:2.6:resources[m [1m(default-resources)[m @ [36mjavapoet[0;1m ---[m
[[1;34mINFO[m] Using 'UTF-8' encoding to copy filtered resources.
[[1;34mINFO[m] skip non existing resourceDirectory /home/bdanglot/workspace/Ex2amplifier-experiments/dataset/may-2018/javapoet/605_modified/src/main/resources
[[1;34mINFO[m] 
[[1;34mINFO[m] [1m--- [0;32mmaven-compiler-plugin:3.7.0:compile[m [1m(default-compile)[m @ [36mjavapoet[0;1m ---[m
[[1;34mINFO[m] Changes detected - recompiling the module!
[[1;34mINFO[m] Compiling 17 source files to /home/bdanglot/workspace/Ex2amplifier-experiments/dataset/may-2018/javapoet/605_modified/target/classes
[[1;34mINFO[m] 
[[1;34mINFO[m] [1m--- [0;32mmaven-resources-plugin:2.6:testResources[m [1m(default-testResources)[m @ [36mjavapoet[0;1m ---[m
[[1;34mINFO[m] Using 'UTF-8' encoding to copy filtered resources.
[[1;34mINFO[m] skip non existing resourceDirectory /home/bdanglot/workspace/Ex2amplifier-experiments/dataset/may-2018/javapoet/605_modified/src/test/resources
[[1;34mINFO[m] 
[[1;34mINFO[m] [1m--- [0;32mmaven-compiler-plugin:3.7.0:testCompile[m [1m(default-testCompile)[m @ [36mjavapoet[0;1m ---[m
[[1;34mINFO[m] Changes detected - recompiling the module!
[[1;34mINFO[m] Compiling 19 source files to /home/bdanglot/workspace/Ex2amplifier-experiments/dataset/may-2018/javapoet/605_modified/target/test-classes
[[1;34mINFO[m] 
[[1;34mINFO[m] [1m--- [0;32mmaven-surefire-plugin:2.12.4:test[m [1m(default-test)[m @ [36mjavapoet[0;1m ---[m
[[1;34mINFO[m] Tests are skipped.
[[1;34mINFO[m] 
[[1;34mINFO[m] [1m--- [0;32mmaven-dependency-plugin:2.8:build-classpath[m [1m(default-cli)[m @ [36mjavapoet[0;1m ---[m
[[1;34mINFO[m] Wrote classpath file '/home/bdanglot/workspace/Ex2amplifier-experiments/dataset/may-2018/javapoet/605_modified/target/dspot/classpath'.
[[1;34mINFO[m] [1m------------------------------------------------------------------------[m
[[1;34mINFO[m] [1;32mBUILD SUCCESS[m
[[1;34mINFO[m] [1m------------------------------------------------------------------------[m
[[1;34mINFO[m] Total time: 6.987 s
[[1;34mINFO[m] Finished at: 2018-05-23T23:04:36+02:00
[[1;34mINFO[m] Final Memory: 53M/344M
[[1;34mINFO[m] [1m------------------------------------------------------------------------[m
[19174] INFO SelectorOnDiff - Selecting according to a diff between dataset/may-2018/javapoet/605/ and dataset/may-2018/javapoet/605_modified/ (da2859b67f9098ac5c1c12aa64218c7e2dc1e63f)
[19177] INFO SelectorOnDiff - Modified files:
a/src/main/java/com/squareup/javapoet/LineWrapper.java
a/src/test/java/com/squareup/javapoet/MethodSpecTest.java
a/src/main/java/com/squareup/javapoet/MethodSpec.java
[21073] INFO SelectorOnDiff - Select 1 modified test methods
[21778] INFO SelectorOnDiff - Select 1 test methods that execute directly modified methods
[21941] INFO Amplification - amplification of com.squareup.javapoet.MethodSpecTest (1 test(s))
[22127] INFO EntryPoint - Run: java -cp /home/bdanglot/workspace/Ex2amplifier-experiments/dataset/may-2018/javapoet/605/target/test-classes:/home/bdanglot/workspace/Ex2amplifier-experiments/dataset/may-2018/javapoet/605/target/classes:/home/bdanglot/.m2/repository/com/google/truth/truth/0.39/truth-0.39.jar:/home/bdanglot/.m2/repository/com/google/guava/guava/23.4-android/guava-23.4-android.jar:/home/bdanglot/.m2/repository/com/google/code/findbugs/jsr305/1.3.9/jsr305-1.3.9.jar:/home/bdanglot/.m2/repository/com/google/j2objc/j2objc-annotations/1.1/j2objc-annotations-1.1.jar:/home/bdanglot/.m2/repository/org/codehaus/mojo/animal-sniffer-annotations/1.14/animal-sniffer-annotations-1.14.jar:/home/bdanglot/.m2/repository/com/google/errorprone/error_prone_annotations/2.1.3/error_prone_annotations-2.1.3.jar:/home/bdanglot/.m2/repository/com/google/testing/compile/compile-testing/0.15/compile-testing-0.15.jar:/home/bdanglot/.m2/repository/com/google/truth/extensions/truth-java8-extension/0.37/truth-java8-extension-0.37.jar:/home/bdanglot/.m2/repository/com/google/auto/value/auto-value/1.5.3/auto-value-1.5.3.jar:/home/bdanglot/.m2/repository/com/google/auto/auto-common/0.9/auto-common-0.9.jar:/usr/lib/jvm/java-8-openjdk-amd64/jre/../lib/tools.jar:/home/bdanglot/.m2/repository/junit/junit/4.12/junit-4.12.jar:/home/bdanglot/.m2/repository/org/hamcrest/hamcrest-core/1.3/hamcrest-core-1.3.jar:/home/bdanglot/.m2/repository/com/google/jimfs/jimfs/1.1/jimfs-1.1.jar:/home/bdanglot/.m2/repository/org/mockito/mockito-core/2.13.0/mockito-core-2.13.0.jar:/home/bdanglot/.m2/repository/net/bytebuddy/byte-buddy/1.7.9/byte-buddy-1.7.9.jar:/home/bdanglot/.m2/repository/net/bytebuddy/byte-buddy-agent/1.7.9/byte-buddy-agent-1.7.9.jar:/home/bdanglot/.m2/repository/org/objenesis/objenesis/2.6/objenesis-2.6.jar:/home/bdanglot/.m2/repository/org/eclipse/jdt/core/compiler/ecj/4.6.1/ecj-4.6.1.jar:/home/bdanglot/workspace/Ex2amplifier-experiments/target/dspot/dependencies:/home/bdanglot/.m2/repository/eu/stamp-project/test-runner/1.0.8/test-runner-1.0.8-jar-with-dependencies.jar eu.stamp_project.testrunner.runner.test.TestRunner com.squareup.javapoet.MethodSpecTest overrideEverything
File saved to the following path: /home/bdanglot/workspace/Ex2amplifier-experiments/dataset/may-2018/javapoet/605/target/dspot/TestListener.ser
[22913] INFO EntryPoint - Test has been run: overrideEverything
[22914] INFO Amplification - Try to add assertions before amplification
[22987] INFO AssertGenerator - Run tests. (1)
[23083] INFO EntryPoint - Run: java -cp /home/bdanglot/workspace/Ex2amplifier-experiments/dataset/may-2018/javapoet/605/target/test-classes:/home/bdanglot/workspace/Ex2amplifier-experiments/dataset/may-2018/javapoet/605/target/classes:/home/bdanglot/.m2/repository/com/google/truth/truth/0.39/truth-0.39.jar:/home/bdanglot/.m2/repository/com/google/guava/guava/23.4-android/guava-23.4-android.jar:/home/bdanglot/.m2/repository/com/google/code/findbugs/jsr305/1.3.9/jsr305-1.3.9.jar:/home/bdanglot/.m2/repository/com/google/j2objc/j2objc-annotations/1.1/j2objc-annotations-1.1.jar:/home/bdanglot/.m2/repository/org/codehaus/mojo/animal-sniffer-annotations/1.14/animal-sniffer-annotations-1.14.jar:/home/bdanglot/.m2/repository/com/google/errorprone/error_prone_annotations/2.1.3/error_prone_annotations-2.1.3.jar:/home/bdanglot/.m2/repository/com/google/testing/compile/compile-testing/0.15/compile-testing-0.15.jar:/home/bdanglot/.m2/repository/com/google/truth/extensions/truth-java8-extension/0.37/truth-java8-extension-0.37.jar:/home/bdanglot/.m2/repository/com/google/auto/value/auto-value/1.5.3/auto-value-1.5.3.jar:/home/bdanglot/.m2/repository/com/google/auto/auto-common/0.9/auto-common-0.9.jar:/usr/lib/jvm/java-8-openjdk-amd64/jre/../lib/tools.jar:/home/bdanglot/.m2/repository/junit/junit/4.12/junit-4.12.jar:/home/bdanglot/.m2/repository/org/hamcrest/hamcrest-core/1.3/hamcrest-core-1.3.jar:/home/bdanglot/.m2/repository/com/google/jimfs/jimfs/1.1/jimfs-1.1.jar:/home/bdanglot/.m2/repository/org/mockito/mockito-core/2.13.0/mockito-core-2.13.0.jar:/home/bdanglot/.m2/repository/net/bytebuddy/byte-buddy/1.7.9/byte-buddy-1.7.9.jar:/home/bdanglot/.m2/repository/net/bytebuddy/byte-buddy-agent/1.7.9/byte-buddy-agent-1.7.9.jar:/home/bdanglot/.m2/repository/org/objenesis/objenesis/2.6/objenesis-2.6.jar:/home/bdanglot/.m2/repository/org/eclipse/jdt/core/compiler/ecj/4.6.1/ecj-4.6.1.jar:/home/bdanglot/workspace/Ex2amplifier-experiments/target/dspot/dependencies:/home/bdanglot/.m2/repository/eu/stamp-project/test-runner/1.0.8/test-runner-1.0.8-jar-with-dependencies.jar eu.stamp_project.testrunner.runner.test.TestRunner com.squareup.javapoet.MethodSpecTest overrideEverything
File saved to the following path: /home/bdanglot/workspace/Ex2amplifier-experiments/dataset/may-2018/javapoet/605/target/dspot/TestListener.ser
[23798] INFO EntryPoint - Test has been run: overrideEverything
[23798] INFO AssertGenerator - 1 test pass, generating assertion...
[23802] INFO MethodsAssertGenerator - Add observations points in passing tests.
[23802] INFO MethodsAssertGenerator - Instrumentation...
100% |================================================== ]/
[23815] INFO MethodsAssertGenerator - Run instrumented tests. (3)
[23929] INFO EntryPoint - Run: java -cp /home/bdanglot/workspace/Ex2amplifier-experiments/dataset/may-2018/javapoet/605/target/test-classes:/home/bdanglot/workspace/Ex2amplifier-experiments/dataset/may-2018/javapoet/605/target/classes:/home/bdanglot/.m2/repository/com/google/truth/truth/0.39/truth-0.39.jar:/home/bdanglot/.m2/repository/com/google/guava/guava/23.4-android/guava-23.4-android.jar:/home/bdanglot/.m2/repository/com/google/code/findbugs/jsr305/1.3.9/jsr305-1.3.9.jar:/home/bdanglot/.m2/repository/com/google/j2objc/j2objc-annotations/1.1/j2objc-annotations-1.1.jar:/home/bdanglot/.m2/repository/org/codehaus/mojo/animal-sniffer-annotations/1.14/animal-sniffer-annotations-1.14.jar:/home/bdanglot/.m2/repository/com/google/errorprone/error_prone_annotations/2.1.3/error_prone_annotations-2.1.3.jar:/home/bdanglot/.m2/repository/com/google/testing/compile/compile-testing/0.15/compile-testing-0.15.jar:/home/bdanglot/.m2/repository/com/google/truth/extensions/truth-java8-extension/0.37/truth-java8-extension-0.37.jar:/home/bdanglot/.m2/repository/com/google/auto/value/auto-value/1.5.3/auto-value-1.5.3.jar:/home/bdanglot/.m2/repository/com/google/auto/auto-common/0.9/auto-common-0.9.jar:/usr/lib/jvm/java-8-openjdk-amd64/jre/../lib/tools.jar:/home/bdanglot/.m2/repository/junit/junit/4.12/junit-4.12.jar:/home/bdanglot/.m2/repository/org/hamcrest/hamcrest-core/1.3/hamcrest-core-1.3.jar:/home/bdanglot/.m2/repository/com/google/jimfs/jimfs/1.1/jimfs-1.1.jar:/home/bdanglot/.m2/repository/org/mockito/mockito-core/2.13.0/mockito-core-2.13.0.jar:/home/bdanglot/.m2/repository/net/bytebuddy/byte-buddy/1.7.9/byte-buddy-1.7.9.jar:/home/bdanglot/.m2/repository/net/bytebuddy/byte-buddy-agent/1.7.9/byte-buddy-agent-1.7.9.jar:/home/bdanglot/.m2/repository/org/objenesis/objenesis/2.6/objenesis-2.6.jar:/home/bdanglot/.m2/repository/org/eclipse/jdt/core/compiler/ecj/4.6.1/ecj-4.6.1.jar:/home/bdanglot/workspace/Ex2amplifier-experiments/target/dspot/dependencies:/home/bdanglot/.m2/repository/eu/stamp-project/test-runner/1.0.8/test-runner-1.0.8-jar-with-dependencies.jar eu.stamp_project.testrunner.runner.test.TestRunner com.squareup.javapoet.MethodSpecTest overrideEverything_withlog0:overrideEverything_withlog1:overrideEverything_withlog2
File saved to the following path: /home/bdanglot/workspace/Ex2amplifier-experiments/dataset/may-2018/javapoet/605/target/dspot/observations.ser
File saved to the following path: /home/bdanglot/workspace/Ex2amplifier-experiments/dataset/may-2018/javapoet/605/target/dspot/TestListener.ser
[24878] INFO EntryPoint - Test has been run: overrideEverything_withlog0,overrideEverything_withlog1,overrideEverything_withlog2
[24882] INFO MethodsAssertGenerator - Generating assertions...
[24891] INFO AssertGenerator - 1 new tests with assertions generated
[25099] INFO EntryPoint - Run: java -cp /home/bdanglot/workspace/Ex2amplifier-experiments/dataset/may-2018/javapoet/605/target/test-classes:/home/bdanglot/workspace/Ex2amplifier-experiments/dataset/may-2018/javapoet/605/target/classes:/home/bdanglot/.m2/repository/com/google/truth/truth/0.39/truth-0.39.jar:/home/bdanglot/.m2/repository/com/google/guava/guava/23.4-android/guava-23.4-android.jar:/home/bdanglot/.m2/repository/com/google/code/findbugs/jsr305/1.3.9/jsr305-1.3.9.jar:/home/bdanglot/.m2/repository/com/google/j2objc/j2objc-annotations/1.1/j2objc-annotations-1.1.jar:/home/bdanglot/.m2/repository/org/codehaus/mojo/animal-sniffer-annotations/1.14/animal-sniffer-annotations-1.14.jar:/home/bdanglot/.m2/repository/com/google/errorprone/error_prone_annotations/2.1.3/error_prone_annotations-2.1.3.jar:/home/bdanglot/.m2/repository/com/google/testing/compile/compile-testing/0.15/compile-testing-0.15.jar:/home/bdanglot/.m2/repository/com/google/truth/extensions/truth-java8-extension/0.37/truth-java8-extension-0.37.jar:/home/bdanglot/.m2/repository/com/google/auto/value/auto-value/1.5.3/auto-value-1.5.3.jar:/home/bdanglot/.m2/repository/com/google/auto/auto-common/0.9/auto-common-0.9.jar:/usr/lib/jvm/java-8-openjdk-amd64/jre/../lib/tools.jar:/home/bdanglot/.m2/repository/junit/junit/4.12/junit-4.12.jar:/home/bdanglot/.m2/repository/org/hamcrest/hamcrest-core/1.3/hamcrest-core-1.3.jar:/home/bdanglot/.m2/repository/com/google/jimfs/jimfs/1.1/jimfs-1.1.jar:/home/bdanglot/.m2/repository/org/mockito/mockito-core/2.13.0/mockito-core-2.13.0.jar:/home/bdanglot/.m2/repository/net/bytebuddy/byte-buddy/1.7.9/byte-buddy-1.7.9.jar:/home/bdanglot/.m2/repository/net/bytebuddy/byte-buddy-agent/1.7.9/byte-buddy-agent-1.7.9.jar:/home/bdanglot/.m2/repository/org/objenesis/objenesis/2.6/objenesis-2.6.jar:/home/bdanglot/.m2/repository/org/eclipse/jdt/core/compiler/ecj/4.6.1/ecj-4.6.1.jar:/home/bdanglot/workspace/Ex2amplifier-experiments/target/dspot/dependencies:/home/bdanglot/.m2/repository/eu/stamp-project/test-runner/1.0.8/test-runner-1.0.8-jar-with-dependencies.jar eu.stamp_project.testrunner.runner.test.TestRunner com.squareup.javapoet.MethodSpecTest overrideEverything
File saved to the following path: /home/bdanglot/workspace/Ex2amplifier-experiments/dataset/may-2018/javapoet/605/target/dspot/TestListener.ser
[25831] INFO EntryPoint - Test has been run: overrideEverything
[26353] DEBUG Launcher - building sources: [/home/bdanglot/workspace/Ex2amplifier-experiments/target/dspot/tmp_test_sources/com/squareup/javapoet/MethodSpecTest.java]
[26354] DEBUG Launcher - build args: [-encoding, UTF-8, -cp, /home/bdanglot/.m2/repository/com/google/truth/truth/0.39/truth-0.39.jar:/home/bdanglot/.m2/repository/com/google/guava/guava/23.4-android/guava-23.4-android.jar:/home/bdanglot/.m2/repository/com/google/code/findbugs/jsr305/1.3.9/jsr305-1.3.9.jar:/home/bdanglot/.m2/repository/com/google/j2objc/j2objc-annotations/1.1/j2objc-annotations-1.1.jar:/home/bdanglot/.m2/repository/org/codehaus/mojo/animal-sniffer-annotations/1.14/animal-sniffer-annotations-1.14.jar:/home/bdanglot/.m2/repository/com/google/errorprone/error_prone_annotations/2.1.3/error_prone_annotations-2.1.3.jar:/home/bdanglot/.m2/repository/com/google/testing/compile/compile-testing/0.15/compile-testing-0.15.jar:/home/bdanglot/.m2/repository/com/google/truth/extensions/truth-java8-extension/0.37/truth-java8-extension-0.37.jar:/home/bdanglot/.m2/repository/com/google/auto/value/auto-value/1.5.3/auto-value-1.5.3.jar:/home/bdanglot/.m2/repository/com/google/auto/auto-common/0.9/auto-common-0.9.jar:/usr/lib/jvm/java-8-openjdk-amd64/jre/../lib/tools.jar:/home/bdanglot/.m2/repository/junit/junit/4.12/junit-4.12.jar:/home/bdanglot/.m2/repository/org/hamcrest/hamcrest-core/1.3/hamcrest-core-1.3.jar:/home/bdanglot/.m2/repository/com/google/jimfs/jimfs/1.1/jimfs-1.1.jar:/home/bdanglot/.m2/repository/org/mockito/mockito-core/2.13.0/mockito-core-2.13.0.jar:/home/bdanglot/.m2/repository/net/bytebuddy/byte-buddy/1.7.9/byte-buddy-1.7.9.jar:/home/bdanglot/.m2/repository/net/bytebuddy/byte-buddy-agent/1.7.9/byte-buddy-agent-1.7.9.jar:/home/bdanglot/.m2/repository/org/objenesis/objenesis/2.6/objenesis-2.6.jar:/home/bdanglot/.m2/repository/org/eclipse/jdt/core/compiler/ecj/4.6.1/ecj-4.6.1.jar:target/dspot/dependencies/:dataset/may-2018/javapoet/605//target/classes:dataset/may-2018/javapoet/605//target/test-classes:, -1.8, -preserveAllLocals, -noExit, -enableJavadoc, /home/bdanglot/workspace/Ex2amplifier-experiments/target/dspot/tmp_test_sources/com/squareup/javapoet/MethodSpecTest.java]
[26404] DEBUG Launcher - built in 51 ms
[26404] DEBUG Launcher - building templates: []
[26404] DEBUG Launcher - built in 0 ms
[26405] DEBUG Launcher - model built in 52
[26405] DEBUG Launcher - compiling sources: [/home/bdanglot/workspace/Ex2amplifier-experiments/target/dspot/tmp_test_sources/com/squareup/javapoet/MethodSpecTest.java]
[26407] DEBUG Launcher - compile args: [-encoding, UTF-8, -cp, /home/bdanglot/.m2/repository/com/google/truth/truth/0.39/truth-0.39.jar:/home/bdanglot/.m2/repository/com/google/guava/guava/23.4-android/guava-23.4-android.jar:/home/bdanglot/.m2/repository/com/google/code/findbugs/jsr305/1.3.9/jsr305-1.3.9.jar:/home/bdanglot/.m2/repository/com/google/j2objc/j2objc-annotations/1.1/j2objc-annotations-1.1.jar:/home/bdanglot/.m2/repository/org/codehaus/mojo/animal-sniffer-annotations/1.14/animal-sniffer-annotations-1.14.jar:/home/bdanglot/.m2/repository/com/google/errorprone/error_prone_annotations/2.1.3/error_prone_annotations-2.1.3.jar:/home/bdanglot/.m2/repository/com/google/testing/compile/compile-testing/0.15/compile-testing-0.15.jar:/home/bdanglot/.m2/repository/com/google/truth/extensions/truth-java8-extension/0.37/truth-java8-extension-0.37.jar:/home/bdanglot/.m2/repository/com/google/auto/value/auto-value/1.5.3/auto-value-1.5.3.jar:/home/bdanglot/.m2/repository/com/google/auto/auto-common/0.9/auto-common-0.9.jar:/usr/lib/jvm/java-8-openjdk-amd64/jre/../lib/tools.jar:/home/bdanglot/.m2/repository/junit/junit/4.12/junit-4.12.jar:/home/bdanglot/.m2/repository/org/hamcrest/hamcrest-core/1.3/hamcrest-core-1.3.jar:/home/bdanglot/.m2/repository/com/google/jimfs/jimfs/1.1/jimfs-1.1.jar:/home/bdanglot/.m2/repository/org/mockito/mockito-core/2.13.0/mockito-core-2.13.0.jar:/home/bdanglot/.m2/repository/net/bytebuddy/byte-buddy/1.7.9/byte-buddy-1.7.9.jar:/home/bdanglot/.m2/repository/net/bytebuddy/byte-buddy-agent/1.7.9/byte-buddy-agent-1.7.9.jar:/home/bdanglot/.m2/repository/org/objenesis/objenesis/2.6/objenesis-2.6.jar:/home/bdanglot/.m2/repository/org/eclipse/jdt/core/compiler/ecj/4.6.1/ecj-4.6.1.jar:target/dspot/dependencies/:dataset/may-2018/javapoet/605//target/classes:dataset/may-2018/javapoet/605//target/test-classes:, -d, /home/bdanglot/workspace/Ex2amplifier-experiments/dataset/may-2018/javapoet/605_modified/target/test-classes, -1.8, -proc:none, -preserveAllLocals, -noExit, -enableJavadoc, /home/bdanglot/workspace/Ex2amplifier-experiments/target/dspot/tmp_test_sources/com/squareup/javapoet/MethodSpecTest.java]
[26477] DEBUG Launcher - compiled in 72 ms
[26478] INFO EntryPoint - Run: java -cp /home/bdanglot/.m2/repository/com/google/truth/truth/0.39/truth-0.39.jar:/home/bdanglot/.m2/repository/com/google/guava/guava/23.4-android/guava-23.4-android.jar:/home/bdanglot/.m2/repository/com/google/code/findbugs/jsr305/1.3.9/jsr305-1.3.9.jar:/home/bdanglot/.m2/repository/com/google/j2objc/j2objc-annotations/1.1/j2objc-annotations-1.1.jar:/home/bdanglot/.m2/repository/org/codehaus/mojo/animal-sniffer-annotations/1.14/animal-sniffer-annotations-1.14.jar:/home/bdanglot/.m2/repository/com/google/errorprone/error_prone_annotations/2.1.3/error_prone_annotations-2.1.3.jar:/home/bdanglot/.m2/repository/com/google/testing/compile/compile-testing/0.15/compile-testing-0.15.jar:/home/bdanglot/.m2/repository/com/google/truth/extensions/truth-java8-extension/0.37/truth-java8-extension-0.37.jar:/home/bdanglot/.m2/repository/com/google/auto/value/auto-value/1.5.3/auto-value-1.5.3.jar:/home/bdanglot/.m2/repository/com/google/auto/auto-common/0.9/auto-common-0.9.jar:/usr/lib/jvm/java-8-openjdk-amd64/jre/../lib/tools.jar:/home/bdanglot/.m2/repository/junit/junit/4.12/junit-4.12.jar:/home/bdanglot/.m2/repository/org/hamcrest/hamcrest-core/1.3/hamcrest-core-1.3.jar:/home/bdanglot/.m2/repository/com/google/jimfs/jimfs/1.1/jimfs-1.1.jar:/home/bdanglot/.m2/repository/org/mockito/mockito-core/2.13.0/mockito-core-2.13.0.jar:/home/bdanglot/.m2/repository/net/bytebuddy/byte-buddy/1.7.9/byte-buddy-1.7.9.jar:/home/bdanglot/.m2/repository/net/bytebuddy/byte-buddy-agent/1.7.9/byte-buddy-agent-1.7.9.jar:/home/bdanglot/.m2/repository/org/objenesis/objenesis/2.6/objenesis-2.6.jar:/home/bdanglot/.m2/repository/org/eclipse/jdt/core/compiler/ecj/4.6.1/ecj-4.6.1.jar:target/dspot/dependencies/:/home/bdanglot/workspace/Ex2amplifier-experiments/dataset/may-2018/javapoet/605_modified/target/classes:/home/bdanglot/workspace/Ex2amplifier-experiments/dataset/may-2018/javapoet/605_modified/target/test-classes:/home/bdanglot/.m2/repository/eu/stamp-project/test-runner/1.0.8/test-runner-1.0.8-jar-with-dependencies.jar eu.stamp_project.testrunner.runner.test.TestRunner com.squareup.javapoet.MethodSpecTest overrideEverything
File saved to the following path: /home/bdanglot/workspace/Ex2amplifier-experiments/dataset/may-2018/javapoet/605/target/dspot/TestListener.ser
[27153] INFO EntryPoint - Test has been run: overrideEverything(com.squareup.javapoet.MethodSpecTest): expected:<...Runnable everything([java.lang.String arg0,
    java.util.List<? extends T> arg1) throws java.io.IOException,] java.lang.SecurityE...> but was:<...Runnable everything([
    java.lang.String arg0, java.util.List<? extends T> arg1) throws java.io.IOException,
   ] java.lang.SecurityE...>
[27154] INFO Amplification - 1 amplified test(s) has been selected, global: 1
[27155] INFO Amplification - amp overrideEverything (1/1)
[27164] DEBUG Launcher - printing com.squareup.javapoet.MethodSpecTest to /home/bdanglot/workspace/Ex2amplifier-experiments/target/dspot/tmp_test_sources
[27244] INFO EntryPoint - Run: java -cp /home/bdanglot/workspace/Ex2amplifier-experiments/dataset/may-2018/javapoet/605/target/test-classes:/home/bdanglot/workspace/Ex2amplifier-experiments/dataset/may-2018/javapoet/605/target/classes:/home/bdanglot/.m2/repository/com/google/truth/truth/0.39/truth-0.39.jar:/home/bdanglot/.m2/repository/com/google/guava/guava/23.4-android/guava-23.4-android.jar:/home/bdanglot/.m2/repository/com/google/code/findbugs/jsr305/1.3.9/jsr305-1.3.9.jar:/home/bdanglot/.m2/repository/com/google/j2objc/j2objc-annotations/1.1/j2objc-annotations-1.1.jar:/home/bdanglot/.m2/repository/org/codehaus/mojo/animal-sniffer-annotations/1.14/animal-sniffer-annotations-1.14.jar:/home/bdanglot/.m2/repository/com/google/errorprone/error_prone_annotations/2.1.3/error_prone_annotations-2.1.3.jar:/home/bdanglot/.m2/repository/com/google/testing/compile/compile-testing/0.15/compile-testing-0.15.jar:/home/bdanglot/.m2/repository/com/google/truth/extensions/truth-java8-extension/0.37/truth-java8-extension-0.37.jar:/home/bdanglot/.m2/repository/com/google/auto/value/auto-value/1.5.3/auto-value-1.5.3.jar:/home/bdanglot/.m2/repository/com/google/auto/auto-common/0.9/auto-common-0.9.jar:/usr/lib/jvm/java-8-openjdk-amd64/jre/../lib/tools.jar:/home/bdanglot/.m2/repository/junit/junit/4.12/junit-4.12.jar:/home/bdanglot/.m2/repository/org/hamcrest/hamcrest-core/1.3/hamcrest-core-1.3.jar:/home/bdanglot/.m2/repository/com/google/jimfs/jimfs/1.1/jimfs-1.1.jar:/home/bdanglot/.m2/repository/org/mockito/mockito-core/2.13.0/mockito-core-2.13.0.jar:/home/bdanglot/.m2/repository/net/bytebuddy/byte-buddy/1.7.9/byte-buddy-1.7.9.jar:/home/bdanglot/.m2/repository/net/bytebuddy/byte-buddy-agent/1.7.9/byte-buddy-agent-1.7.9.jar:/home/bdanglot/.m2/repository/org/objenesis/objenesis/2.6/objenesis-2.6.jar:/home/bdanglot/.m2/repository/org/eclipse/jdt/core/compiler/ecj/4.6.1/ecj-4.6.1.jar:/home/bdanglot/workspace/Ex2amplifier-experiments/target/dspot/dependencies:/home/bdanglot/.m2/repository/eu/stamp-project/test-runner/1.0.8/test-runner-1.0.8-jar-with-dependencies.jar eu.stamp_project.testrunner.runner.test.TestRunner com.squareup.javapoet.MethodSpecTest overrideEverything
File saved to the following path: /home/bdanglot/workspace/Ex2amplifier-experiments/dataset/may-2018/javapoet/605/target/dspot/TestListener.ser
[28014] INFO EntryPoint - Test has been run: overrideEverything
[28014] INFO Amplification - iteration 0:
[28014] INFO Amplification - 1 tests selected to be amplified over 1 available tests
[28014] INFO Amplification - Amplification of inputs...
100% |================================================== ]/
[28071] INFO Amplification - 0 new tests generated
[28071] INFO Amplification - 0 amplified test(s) has been selected, global: 1
[28071] INFO DSpot - elapsedTime 6190
======= REPORT =======
1 amplified test fails on the new versions.
overrideEverything(com.squareup.javapoet.MethodSpecTest): expected:<...Runnable everything([java.lang.String arg0,
    java.util.List<? extends T> arg1) throws java.io.IOException,] java.lang.SecurityE...> but was:<...Runnable everything([
    java.lang.String arg0, java.util.List<? extends T> arg1) throws java.io.IOException,
   ] java.lang.SecurityE...>

[28446] INFO DSpot - Print AmplMethodSpecTest with 1 amplified test cases in results/may-2018/javapoet/605/JBSE
