SLF4J: Class path contains multiple SLF4J bindings.
SLF4J: Found binding in [jar:file:/home/spirals/danglot/.m2/repository/eu/stamp-project/test-runner/1.0.5/test-runner-1.0.5-jar-with-dependencies.jar!/org/slf4j/impl/StaticLoggerBinder.class]
SLF4J: Found binding in [jar:file:/home/spirals/danglot/.m2/repository/org/slf4j/slf4j-log4j12/1.7.25/slf4j-log4j12-1.7.25.jar!/org/slf4j/impl/StaticLoggerBinder.class]
SLF4J: See http://www.slf4j.org/codes.html#multiple_bindings for an explanation.
SLF4J: Actual binding is of type [org.slf4j.impl.Log4jLoggerFactory]
[0] WARN AutomaticBuilderFactory - No automatic builder specified in configuration, going to default.
[0] INFO AutomaticBuilderFactory - Default: provided Maven automatic builder.
[11] INFO MavenAutomaticBuilder - run maven clean test -DskipTests dependency:build-classpath -Dmdep.outputFile=target/dspot/classpath
[WARN] Maven will be executed in interactive mode, but no input stream has been configured for this MavenInvoker instance.
[INFO] Scanning for projects...
[INFO] ------------------------------------------------------------------------
[INFO] BUILD FAILURE
[INFO] ------------------------------------------------------------------------
[INFO] Total time: 0.101 s
[INFO] Finished at: 2018-05-16T18:29:18+02:00
[INFO] Final Memory: 16M/966M
[INFO] ------------------------------------------------------------------------
[ERROR] The goal you specified requires a project to execute but there is no POM in this directory (/tmp/Ex2Amplifier-experiments/dataset/may-2018/javapoet/568_modified). Please verify you invoked Maven from the correct directory. -> [Help 1]
[ERROR] 
[ERROR] To see the full stack trace of the errors, re-run Maven with the -e switch.
[ERROR] Re-run Maven using the -X switch to enable full debug logging.
[ERROR] 
[ERROR] For more information about the errors and possible solutions, please read the following articles:
[ERROR] [Help 1] http://cwiki.apache.org/confluence/display/MAVEN/MissingProjectException
Exception in thread "main" java.lang.RuntimeException: java.lang.RuntimeException: java.lang.RuntimeException: java.io.FileNotFoundException: dataset/may-2018/javapoet/568_modified/target/dspot/classpath (No such file or directory)
	at eu.stamp_project.Main.main(Main.java:96)
Caused by: java.lang.RuntimeException: java.lang.RuntimeException: java.io.FileNotFoundException: dataset/may-2018/javapoet/568_modified/target/dspot/classpath (No such file or directory)
	at eu.stamp_project.Main.lambda$run$2(Main.java:152)
	at java.util.stream.ForEachOps$ForEachOp$OfRef.accept(ForEachOps.java:184)
	at java.util.stream.ReferencePipeline$2$1.accept(ReferencePipeline.java:175)
	at java.util.ArrayList$ArrayListSpliterator.forEachRemaining(ArrayList.java:1374)
	at java.util.stream.AbstractPipeline.copyInto(AbstractPipeline.java:481)
	at java.util.stream.AbstractPipeline.wrapAndCopyInto(AbstractPipeline.java:471)
	at java.util.stream.ForEachOps$ForEachOp.evaluateSequential(ForEachOps.java:151)
	at java.util.stream.ForEachOps$ForEachOp$OfRef.evaluateSequential(ForEachOps.java:174)
	at java.util.stream.AbstractPipeline.evaluate(AbstractPipeline.java:234)
	at java.util.stream.ReferencePipeline.forEach(ReferencePipeline.java:418)
	at eu.stamp_project.Main.run(Main.java:117)
	at eu.stamp_project.Main.main(Main.java:88)
Caused by: java.lang.RuntimeException: java.io.FileNotFoundException: dataset/may-2018/javapoet/568_modified/target/dspot/classpath (No such file or directory)
	at fr.inria.diversify.automaticbuilder.MavenAutomaticBuilder.compile(MavenAutomaticBuilder.java:77)
	at fr.inria.diversify.utils.Initializer.initialize(Initializer.java:33)
	at fr.inria.diversify.utils.Initializer.initialize(Initializer.java:27)
	at fr.inria.diversify.dspot.DSpot.<init>(DSpot.java:91)
	at eu.stamp_project.Main.lambda$run$2(Main.java:134)
	... 11 more
Caused by: java.io.FileNotFoundException: dataset/may-2018/javapoet/568_modified/target/dspot/classpath (No such file or directory)
	at java.io.FileInputStream.open0(Native Method)
	at java.io.FileInputStream.open(FileInputStream.java:195)
	at java.io.FileInputStream.<init>(FileInputStream.java:138)
	at java.io.FileReader.<init>(FileReader.java:72)
	at fr.inria.diversify.automaticbuilder.MavenAutomaticBuilder.compile(MavenAutomaticBuilder.java:74)
	... 15 more
