SLF4J: Class path contains multiple SLF4J bindings.
SLF4J: Found binding in [jar:file:/home/bdanglot/.m2/repository/eu/stamp-project/test-runner/1.0.5/test-runner-1.0.5-jar-with-dependencies.jar!/org/slf4j/impl/StaticLoggerBinder.class]
SLF4J: Found binding in [jar:file:/home/bdanglot/.m2/repository/org/slf4j/slf4j-log4j12/1.7.25/slf4j-log4j12-1.7.25.jar!/org/slf4j/impl/StaticLoggerBinder.class]
SLF4J: See http://www.slf4j.org/codes.html#multiple_bindings for an explanation.
SLF4J: Actual binding is of type [org.slf4j.impl.Log4jLoggerFactory]
[0] WARN AutomaticBuilderFactory - No automatic builder specified in configuration, going to default.
[0] INFO AutomaticBuilderFactory - Default: provided Maven automatic builder.
[11] INFO MavenAutomaticBuilder - run maven clean test -DskipTests dependency:build-classpath -Dmdep.outputFile=target/dspot/classpath
[WARN] Maven will be executed in interactive mode, but no input stream has been configured for this MavenInvoker instance.
[[1;34mINFO[m] Scanning for projects...
[[1;34mINFO[m] 
[[1;34mINFO[m] [1m------------------------------------------------------------------------[m
[[1;34mINFO[m] [1mBuilding JavaPoet 1.10.0-SNAPSHOT[m
[[1;34mINFO[m] [1m------------------------------------------------------------------------[m
[[1;34mINFO[m] 
[[1;34mINFO[m] [1m--- [0;32mmaven-clean-plugin:2.5:clean[m [1m(default-clean)[m @ [36mjavapoet[0;1m ---[m
[[1;34mINFO[m] Deleting /home/bdanglot/workspace/Ex2amplifier-experiments/dataset/may-2018/javapoet/605_modified/target
[[1;34mINFO[m] 
[[1;34mINFO[m] [1m--- [0;32mmaven-enforcer-plugin:1.0:enforce[m [1m(enforce-maven)[m @ [36mjavapoet[0;1m ---[m
[[1;34mINFO[m] Skipping Rule Enforcement.
[[1;34mINFO[m] 
[[1;34mINFO[m] [1m--- [0;32mmaven-resources-plugin:2.6:resources[m [1m(default-resources)[m @ [36mjavapoet[0;1m ---[m
[[1;34mINFO[m] Using 'UTF-8' encoding to copy filtered resources.
[[1;34mINFO[m] skip non existing resourceDirectory /home/bdanglot/workspace/Ex2amplifier-experiments/dataset/may-2018/javapoet/605_modified/src/main/resources
[[1;34mINFO[m] 
[[1;34mINFO[m] [1m--- [0;32mmaven-compiler-plugin:3.7.0:compile[m [1m(default-compile)[m @ [36mjavapoet[0;1m ---[m
[[1;34mINFO[m] Changes detected - recompiling the module!
[[1;34mINFO[m] Compiling 17 source files to /home/bdanglot/workspace/Ex2amplifier-experiments/dataset/may-2018/javapoet/605_modified/target/classes
[[1;34mINFO[m] 
[[1;34mINFO[m] [1m--- [0;32mmaven-resources-plugin:2.6:testResources[m [1m(default-testResources)[m @ [36mjavapoet[0;1m ---[m
[[1;34mINFO[m] Using 'UTF-8' encoding to copy filtered resources.
[[1;34mINFO[m] skip non existing resourceDirectory /home/bdanglot/workspace/Ex2amplifier-experiments/dataset/may-2018/javapoet/605_modified/src/test/resources
[[1;34mINFO[m] 
[[1;34mINFO[m] [1m--- [0;32mmaven-compiler-plugin:3.7.0:testCompile[m [1m(default-testCompile)[m @ [36mjavapoet[0;1m ---[m
[[1;34mINFO[m] Changes detected - recompiling the module!
[[1;34mINFO[m] Compiling 19 source files to /home/bdanglot/workspace/Ex2amplifier-experiments/dataset/may-2018/javapoet/605_modified/target/test-classes
[[1;34mINFO[m] 
[[1;34mINFO[m] [1m--- [0;32mmaven-surefire-plugin:2.12.4:test[m [1m(default-test)[m @ [36mjavapoet[0;1m ---[m
[[1;34mINFO[m] Tests are skipped.
[[1;34mINFO[m] 
[[1;34mINFO[m] [1m--- [0;32mmaven-dependency-plugin:2.8:build-classpath[m [1m(default-cli)[m @ [36mjavapoet[0;1m ---[m
[[1;34mINFO[m] Wrote classpath file '/home/bdanglot/workspace/Ex2amplifier-experiments/dataset/may-2018/javapoet/605_modified/target/dspot/classpath'.
[[1;34mINFO[m] [1m------------------------------------------------------------------------[m
[[1;34mINFO[m] [1;32mBUILD SUCCESS[m
[[1;34mINFO[m] [1m------------------------------------------------------------------------[m
[[1;34mINFO[m] Total time: 7.600 s
[[1;34mINFO[m] Finished at: 2018-05-16T15:14:22+02:00
[[1;34mINFO[m] Final Memory: 44M/342M
[[1;34mINFO[m] [1m------------------------------------------------------------------------[m
[11192] ERROR JDTCommentBuilder - // @Target(ElementType.TYPE_USE) requires Java 1.8 is not added into the AST
spoon.reflect.declaration.ParentNotInitializedException: parent not initialized for class spoon.support.reflect.code.CtCommentImpl (/home/bdanglot/workspace/Ex2amplifier-experiments/dataset/may-2018/javapoet/605_modified/src/test/java/com/squareup/javapoet/AnnotatedTypeNameTest.java:118)
	at spoon.support.reflect.declaration.CtElementImpl.getParent(CtElementImpl.java:340)
	at spoon.support.compiler.jdt.JDTCommentBuilder.insertCommentInAST(JDTCommentBuilder.java:474)
	at spoon.support.compiler.jdt.JDTCommentBuilder.buildComment(JDTCommentBuilder.java:152)
	at spoon.support.compiler.jdt.JDTCommentBuilder.build(JDTCommentBuilder.java:108)
	at spoon.support.compiler.jdt.JDTBasedSpoonCompiler.buildModel(JDTBasedSpoonCompiler.java:417)
	at spoon.support.compiler.jdt.JDTBasedSpoonCompiler.buildUnitsAndModel(JDTBasedSpoonCompiler.java:362)
	at spoon.support.compiler.jdt.JDTBasedSpoonCompiler.buildSources(JDTBasedSpoonCompiler.java:335)
	at spoon.support.compiler.jdt.JDTBasedSpoonCompiler.build(JDTBasedSpoonCompiler.java:116)
	at spoon.support.compiler.jdt.JDTBasedSpoonCompiler.build(JDTBasedSpoonCompiler.java:99)
	at spoon.Launcher.buildModel(Launcher.java:724)
	at fr.inria.diversify.utils.compilation.DSpotCompiler.getSpoonModelOf(DSpotCompiler.java:106)
	at fr.inria.diversify.utils.compilation.DSpotCompiler.createDSpotCompiler(DSpotCompiler.java:31)
	at fr.inria.diversify.dspot.DSpot.<init>(DSpot.java:103)
	at eu.stamp.project.Main.lambda$run$2(Main.java:134)
	at java.util.stream.ForEachOps$ForEachOp$OfRef.accept(ForEachOps.java:184)
	at java.util.stream.ReferencePipeline$2$1.accept(ReferencePipeline.java:175)
	at java.util.ArrayList$ArrayListSpliterator.forEachRemaining(ArrayList.java:1374)
	at java.util.stream.AbstractPipeline.copyInto(AbstractPipeline.java:481)
	at java.util.stream.AbstractPipeline.wrapAndCopyInto(AbstractPipeline.java:471)
	at java.util.stream.ForEachOps$ForEachOp.evaluateSequential(ForEachOps.java:151)
	at java.util.stream.ForEachOps$ForEachOp$OfRef.evaluateSequential(ForEachOps.java:174)
	at java.util.stream.AbstractPipeline.evaluate(AbstractPipeline.java:234)
	at java.util.stream.ReferencePipeline.forEach(ReferencePipeline.java:418)
	at eu.stamp.project.Main.run(Main.java:117)
	at eu.stamp.project.Main.main(Main.java:88)
[11635] WARN AutomaticBuilderFactory - No automatic builder specified in configuration, going to default.
[11635] INFO AutomaticBuilderFactory - Default: provided Maven automatic builder.
[11636] INFO MavenAutomaticBuilder - run maven clean test -DskipTests dependency:build-classpath -Dmdep.outputFile=target/dspot/classpath
[WARN] Maven will be executed in interactive mode, but no input stream has been configured for this MavenInvoker instance.
[[1;34mINFO[m] Scanning for projects...
[[1;34mINFO[m] 
[[1;34mINFO[m] [1m------------------------------------------------------------------------[m
[[1;34mINFO[m] [1mBuilding JavaPoet 1.10.0-SNAPSHOT[m
[[1;34mINFO[m] [1m------------------------------------------------------------------------[m
[[1;34mINFO[m] 
[[1;34mINFO[m] [1m--- [0;32mmaven-clean-plugin:2.5:clean[m [1m(default-clean)[m @ [36mjavapoet[0;1m ---[m
[[1;34mINFO[m] Deleting /home/bdanglot/workspace/Ex2amplifier-experiments/dataset/may-2018/javapoet/605/target
[[1;34mINFO[m] 
[[1;34mINFO[m] [1m--- [0;32mmaven-enforcer-plugin:1.0:enforce[m [1m(enforce-maven)[m @ [36mjavapoet[0;1m ---[m
[[1;34mINFO[m] Skipping Rule Enforcement.
[[1;34mINFO[m] 
[[1;34mINFO[m] [1m--- [0;32mmaven-resources-plugin:2.6:resources[m [1m(default-resources)[m @ [36mjavapoet[0;1m ---[m
[[1;34mINFO[m] Using 'UTF-8' encoding to copy filtered resources.
[[1;34mINFO[m] skip non existing resourceDirectory /home/bdanglot/workspace/Ex2amplifier-experiments/dataset/may-2018/javapoet/605/src/main/resources
[[1;34mINFO[m] 
[[1;34mINFO[m] [1m--- [0;32mmaven-compiler-plugin:3.7.0:compile[m [1m(default-compile)[m @ [36mjavapoet[0;1m ---[m
[[1;34mINFO[m] Changes detected - recompiling the module!
[[1;34mINFO[m] Compiling 17 source files to /home/bdanglot/workspace/Ex2amplifier-experiments/dataset/may-2018/javapoet/605/target/classes
[[1;34mINFO[m] 
[[1;34mINFO[m] [1m--- [0;32mmaven-resources-plugin:2.6:testResources[m [1m(default-testResources)[m @ [36mjavapoet[0;1m ---[m
[[1;34mINFO[m] Using 'UTF-8' encoding to copy filtered resources.
[[1;34mINFO[m] skip non existing resourceDirectory /home/bdanglot/workspace/Ex2amplifier-experiments/dataset/may-2018/javapoet/605/src/test/resources
[[1;34mINFO[m] 
[[1;34mINFO[m] [1m--- [0;32mmaven-compiler-plugin:3.7.0:testCompile[m [1m(default-testCompile)[m @ [36mjavapoet[0;1m ---[m
[[1;34mINFO[m] Changes detected - recompiling the module!
[[1;34mINFO[m] Compiling 19 source files to /home/bdanglot/workspace/Ex2amplifier-experiments/dataset/may-2018/javapoet/605/target/test-classes
[[1;34mINFO[m] 
[[1;34mINFO[m] [1m--- [0;32mmaven-surefire-plugin:2.12.4:test[m [1m(default-test)[m @ [36mjavapoet[0;1m ---[m
[[1;34mINFO[m] Tests are skipped.
[[1;34mINFO[m] 
[[1;34mINFO[m] [1m--- [0;32mmaven-dependency-plugin:2.8:build-classpath[m [1m(default-cli)[m @ [36mjavapoet[0;1m ---[m
[[1;34mINFO[m] Wrote classpath file '/home/bdanglot/workspace/Ex2amplifier-experiments/dataset/may-2018/javapoet/605/target/dspot/classpath'.
[[1;34mINFO[m] [1m------------------------------------------------------------------------[m
[[1;34mINFO[m] [1;32mBUILD SUCCESS[m
[[1;34mINFO[m] [1m------------------------------------------------------------------------[m
[[1;34mINFO[m] Total time: 7.756 s
[[1;34mINFO[m] Finished at: 2018-05-16T15:14:34+02:00
[[1;34mINFO[m] Final Memory: 45M/350M
[[1;34mINFO[m] [1m------------------------------------------------------------------------[m
[21223] INFO SelectorOnDiff - Selecting according to a diff between dataset/may-2018/javapoet/605_modified/ and dataset/may-2018/javapoet/605/ (354dd648be77e261c858567054114b1fee9f1467)
[21243] INFO SelectorOnDiff - Modified files:
a/src/main/java/com/squareup/javapoet/LineWrapper.java
a/src/test/java/com/squareup/javapoet/MethodSpecTest.java
a/src/main/java/com/squareup/javapoet/MethodSpec.java
[23387] INFO SelectorOnDiff - Select 1 modified test methods
[24168] INFO SelectorOnDiff - Select 1 test methods that execute directly modified methods
[24419] INFO Amplification - amplification of com.squareup.javapoet.MethodSpecTest (1 test(s))
[25571] INFO Amplification - Try to add assertions before amplification
[25692] INFO AssertGenerator - Run tests. (1)
[26518] INFO AssertGenerator - 1 test pass, generating assertion...
[26524] INFO MethodsAssertGenerator - Add observations points in passing tests.
[26524] INFO MethodsAssertGenerator - Instrumentation...
100% |================================================== ]/
[26542] INFO MethodsAssertGenerator - Run instrumented tests. (3)
[27773] INFO MethodsAssertGenerator - Generating assertions...
[27789] INFO AssertGenerator - 1 new tests with assertions generated
[29427] DEBUG Launcher - building sources: [/home/bdanglot/workspace/Ex2amplifier-experiments/target/dspot/tmp_test_sources/com/squareup/javapoet/MethodSpecTest.java]
[29427] DEBUG Launcher - build args: [-encoding, UTF-8, -cp, /home/bdanglot/.m2/repository/com/google/truth/truth/0.39/truth-0.39.jar:/home/bdanglot/.m2/repository/com/google/guava/guava/23.4-android/guava-23.4-android.jar:/home/bdanglot/.m2/repository/com/google/code/findbugs/jsr305/1.3.9/jsr305-1.3.9.jar:/home/bdanglot/.m2/repository/com/google/j2objc/j2objc-annotations/1.1/j2objc-annotations-1.1.jar:/home/bdanglot/.m2/repository/org/codehaus/mojo/animal-sniffer-annotations/1.14/animal-sniffer-annotations-1.14.jar:/home/bdanglot/.m2/repository/com/google/errorprone/error_prone_annotations/2.1.3/error_prone_annotations-2.1.3.jar:/home/bdanglot/.m2/repository/com/google/testing/compile/compile-testing/0.15/compile-testing-0.15.jar:/home/bdanglot/.m2/repository/com/google/truth/extensions/truth-java8-extension/0.37/truth-java8-extension-0.37.jar:/home/bdanglot/.m2/repository/com/google/auto/value/auto-value/1.5.3/auto-value-1.5.3.jar:/home/bdanglot/.m2/repository/com/google/auto/auto-common/0.9/auto-common-0.9.jar:/usr/lib/jvm/java-8-openjdk-amd64/jre/../lib/tools.jar:/home/bdanglot/.m2/repository/junit/junit/4.12/junit-4.12.jar:/home/bdanglot/.m2/repository/org/hamcrest/hamcrest-core/1.3/hamcrest-core-1.3.jar:/home/bdanglot/.m2/repository/com/google/jimfs/jimfs/1.1/jimfs-1.1.jar:/home/bdanglot/.m2/repository/org/mockito/mockito-core/2.13.0/mockito-core-2.13.0.jar:/home/bdanglot/.m2/repository/net/bytebuddy/byte-buddy/1.7.9/byte-buddy-1.7.9.jar:/home/bdanglot/.m2/repository/net/bytebuddy/byte-buddy-agent/1.7.9/byte-buddy-agent-1.7.9.jar:/home/bdanglot/.m2/repository/org/objenesis/objenesis/2.6/objenesis-2.6.jar:/home/bdanglot/.m2/repository/org/eclipse/jdt/core/compiler/ecj/4.6.1/ecj-4.6.1.jar:target/dspot/dependencies/:dataset/may-2018/javapoet/605_modified//target/classes:dataset/may-2018/javapoet/605_modified//target/test-classes:, -1.8, -preserveAllLocals, -noExit, -enableJavadoc, /home/bdanglot/workspace/Ex2amplifier-experiments/target/dspot/tmp_test_sources/com/squareup/javapoet/MethodSpecTest.java]
[29480] DEBUG Launcher - built in 53 ms
[29480] DEBUG Launcher - building templates: []
[29480] DEBUG Launcher - built in 0 ms
[29480] DEBUG Launcher - model built in 53
[29481] DEBUG Launcher - compiling sources: [/home/bdanglot/workspace/Ex2amplifier-experiments/target/dspot/tmp_test_sources/com/squareup/javapoet/MethodSpecTest.java]
[29482] DEBUG Launcher - compile args: [-encoding, UTF-8, -cp, /home/bdanglot/.m2/repository/com/google/truth/truth/0.39/truth-0.39.jar:/home/bdanglot/.m2/repository/com/google/guava/guava/23.4-android/guava-23.4-android.jar:/home/bdanglot/.m2/repository/com/google/code/findbugs/jsr305/1.3.9/jsr305-1.3.9.jar:/home/bdanglot/.m2/repository/com/google/j2objc/j2objc-annotations/1.1/j2objc-annotations-1.1.jar:/home/bdanglot/.m2/repository/org/codehaus/mojo/animal-sniffer-annotations/1.14/animal-sniffer-annotations-1.14.jar:/home/bdanglot/.m2/repository/com/google/errorprone/error_prone_annotations/2.1.3/error_prone_annotations-2.1.3.jar:/home/bdanglot/.m2/repository/com/google/testing/compile/compile-testing/0.15/compile-testing-0.15.jar:/home/bdanglot/.m2/repository/com/google/truth/extensions/truth-java8-extension/0.37/truth-java8-extension-0.37.jar:/home/bdanglot/.m2/repository/com/google/auto/value/auto-value/1.5.3/auto-value-1.5.3.jar:/home/bdanglot/.m2/repository/com/google/auto/auto-common/0.9/auto-common-0.9.jar:/usr/lib/jvm/java-8-openjdk-amd64/jre/../lib/tools.jar:/home/bdanglot/.m2/repository/junit/junit/4.12/junit-4.12.jar:/home/bdanglot/.m2/repository/org/hamcrest/hamcrest-core/1.3/hamcrest-core-1.3.jar:/home/bdanglot/.m2/repository/com/google/jimfs/jimfs/1.1/jimfs-1.1.jar:/home/bdanglot/.m2/repository/org/mockito/mockito-core/2.13.0/mockito-core-2.13.0.jar:/home/bdanglot/.m2/repository/net/bytebuddy/byte-buddy/1.7.9/byte-buddy-1.7.9.jar:/home/bdanglot/.m2/repository/net/bytebuddy/byte-buddy-agent/1.7.9/byte-buddy-agent-1.7.9.jar:/home/bdanglot/.m2/repository/org/objenesis/objenesis/2.6/objenesis-2.6.jar:/home/bdanglot/.m2/repository/org/eclipse/jdt/core/compiler/ecj/4.6.1/ecj-4.6.1.jar:target/dspot/dependencies/:dataset/may-2018/javapoet/605_modified//target/classes:dataset/may-2018/javapoet/605_modified//target/test-classes:, -d, /home/bdanglot/workspace/Ex2amplifier-experiments/dataset/may-2018/javapoet/605/target/test-classes, -1.8, -proc:none, -preserveAllLocals, -noExit, -enableJavadoc, /home/bdanglot/workspace/Ex2amplifier-experiments/target/dspot/tmp_test_sources/com/squareup/javapoet/MethodSpecTest.java]
[29551] DEBUG Launcher - compiled in 70 ms
[30250] INFO Amplification - 1 amplified test(s) has been selected, global: 1
[30251] INFO Amplification - amp overrideEverything (1/1)
[30261] DEBUG Launcher - printing com.squareup.javapoet.MethodSpecTest to /home/bdanglot/workspace/Ex2amplifier-experiments/target/dspot/tmp_test_sources
[31174] INFO Amplification - iteration 0:
[31175] INFO Amplification - 1 tests selected to be amplified over 1 available tests
[31175] INFO Amplification - Amplification of inputs...
100% |================================================== ]/
[31259] INFO Amplification - 0 new tests generated
[31259] INFO Amplification - 0 amplified test(s) has been selected, global: 1
[31259] INFO DSpot - elapsedTime 6919
======= REPORT =======
1 amplified test fails on the new versions.
overrideEverything(com.squareup.javapoet.MethodSpecTest): expected:<...Runnable everything([
    java.lang.String arg0, java.util.List<? extends T> arg1) throws java.io.IOException,
   ] java.lang.SecurityE...> but was:<...Runnable everything([java.lang.String arg0,
    java.util.List<? extends T> arg1) throws java.io.IOException,] java.lang.SecurityE...>

[31769] INFO DSpot - Print AmplMethodSpecTest with 1 amplified test cases in results/may-2018/javapoet/605_modified/JBSE
[31769] DEBUG Launcher - printing com.squareup.javapoet.AmplMethodSpecTest to /home/bdanglot/workspace/Ex2amplifier-experiments/results/may-2018/javapoet/605_modified/JBSE
