SLF4J: Class path contains multiple SLF4J bindings.
SLF4J: Found binding in [jar:file:/home/bdanglot/.m2/repository/eu/stamp-project/test-runner/1.0.5/test-runner-1.0.5-jar-with-dependencies.jar!/org/slf4j/impl/StaticLoggerBinder.class]
SLF4J: Found binding in [jar:file:/home/bdanglot/.m2/repository/org/slf4j/slf4j-log4j12/1.7.25/slf4j-log4j12-1.7.25.jar!/org/slf4j/impl/StaticLoggerBinder.class]
SLF4J: See http://www.slf4j.org/codes.html#multiple_bindings for an explanation.
SLF4J: Actual binding is of type [org.slf4j.impl.Log4jLoggerFactory]
[0] WARN AutomaticBuilderFactory - No automatic builder specified in configuration, going to default.
[0] INFO AutomaticBuilderFactory - Default: provided Maven automatic builder.
[10] INFO MavenAutomaticBuilder - run maven clean test -DskipTests dependency:build-classpath -Dmdep.outputFile=target/dspot/classpath
[WARN] Maven will be executed in interactive mode, but no input stream has been configured for this MavenInvoker instance.
[[1;34mINFO[m] Scanning for projects...
[[1;34mINFO[m] 
[[1;34mINFO[m] [1m------------------------------------------------------------------------[m
[[1;34mINFO[m] [1mBuilding JavaPoet 1.10.0-SNAPSHOT[m
[[1;34mINFO[m] [1m------------------------------------------------------------------------[m
[[1;34mINFO[m] 
[[1;34mINFO[m] [1m--- [0;32mmaven-clean-plugin:2.5:clean[m [1m(default-clean)[m @ [36mjavapoet[0;1m ---[m
[[1;34mINFO[m] Deleting /home/bdanglot/workspace/Ex2amplifier-experiments/dataset/may-2018/javapoet/574_modified/target
[[1;34mINFO[m] 
[[1;34mINFO[m] [1m--- [0;32mmaven-enforcer-plugin:1.0:enforce[m [1m(enforce-maven)[m @ [36mjavapoet[0;1m ---[m
[[1;34mINFO[m] Skipping Rule Enforcement.
[[1;34mINFO[m] 
[[1;34mINFO[m] [1m--- [0;32mmaven-resources-plugin:2.6:resources[m [1m(default-resources)[m @ [36mjavapoet[0;1m ---[m
[[1;34mINFO[m] Using 'UTF-8' encoding to copy filtered resources.
[[1;34mINFO[m] skip non existing resourceDirectory /home/bdanglot/workspace/Ex2amplifier-experiments/dataset/may-2018/javapoet/574_modified/src/main/resources
[[1;34mINFO[m] 
[[1;34mINFO[m] [1m--- [0;32mmaven-compiler-plugin:3.6.1:compile[m [1m(default-compile)[m @ [36mjavapoet[0;1m ---[m
[[1;34mINFO[m] Changes detected - recompiling the module!
[[1;34mINFO[m] Compiling 17 source files to /home/bdanglot/workspace/Ex2amplifier-experiments/dataset/may-2018/javapoet/574_modified/target/classes
[[1;34mINFO[m] 
[[1;34mINFO[m] [1m--- [0;32mmaven-resources-plugin:2.6:testResources[m [1m(default-testResources)[m @ [36mjavapoet[0;1m ---[m
[[1;34mINFO[m] Using 'UTF-8' encoding to copy filtered resources.
[[1;34mINFO[m] skip non existing resourceDirectory /home/bdanglot/workspace/Ex2amplifier-experiments/dataset/may-2018/javapoet/574_modified/src/test/resources
[[1;34mINFO[m] 
[[1;34mINFO[m] [1m--- [0;32mmaven-compiler-plugin:3.6.1:testCompile[m [1m(default-testCompile)[m @ [36mjavapoet[0;1m ---[m
[[1;34mINFO[m] Changes detected - recompiling the module!
[[1;34mINFO[m] Compiling 19 source files to /home/bdanglot/workspace/Ex2amplifier-experiments/dataset/may-2018/javapoet/574_modified/target/test-classes
[[1;34mINFO[m] 
[[1;34mINFO[m] [1m--- [0;32mmaven-surefire-plugin:2.12.4:test[m [1m(default-test)[m @ [36mjavapoet[0;1m ---[m
[[1;34mINFO[m] Tests are skipped.
[[1;34mINFO[m] 
[[1;34mINFO[m] [1m--- [0;32mmaven-dependency-plugin:2.8:build-classpath[m [1m(default-cli)[m @ [36mjavapoet[0;1m ---[m
[[1;34mINFO[m] Wrote classpath file '/home/bdanglot/workspace/Ex2amplifier-experiments/dataset/may-2018/javapoet/574_modified/target/dspot/classpath'.
[[1;34mINFO[m] [1m------------------------------------------------------------------------[m
[[1;34mINFO[m] [1;32mBUILD SUCCESS[m
[[1;34mINFO[m] [1m------------------------------------------------------------------------[m
[[1;34mINFO[m] Total time: 5.989 s
[[1;34mINFO[m] Finished at: 2018-05-16T15:15:36+02:00
[[1;34mINFO[m] Final Memory: 41M/346M
[[1;34mINFO[m] [1m------------------------------------------------------------------------[m
[9397] ERROR JDTCommentBuilder - // @Target(ElementType.TYPE_USE) requires Java 1.8 is not added into the AST
spoon.reflect.declaration.ParentNotInitializedException: parent not initialized for class spoon.support.reflect.code.CtCommentImpl (/home/bdanglot/workspace/Ex2amplifier-experiments/dataset/may-2018/javapoet/574_modified/src/test/java/com/squareup/javapoet/AnnotatedTypeNameTest.java:118)
	at spoon.support.reflect.declaration.CtElementImpl.getParent(CtElementImpl.java:340)
	at spoon.support.compiler.jdt.JDTCommentBuilder.insertCommentInAST(JDTCommentBuilder.java:474)
	at spoon.support.compiler.jdt.JDTCommentBuilder.buildComment(JDTCommentBuilder.java:152)
	at spoon.support.compiler.jdt.JDTCommentBuilder.build(JDTCommentBuilder.java:108)
	at spoon.support.compiler.jdt.JDTBasedSpoonCompiler.buildModel(JDTBasedSpoonCompiler.java:417)
	at spoon.support.compiler.jdt.JDTBasedSpoonCompiler.buildUnitsAndModel(JDTBasedSpoonCompiler.java:362)
	at spoon.support.compiler.jdt.JDTBasedSpoonCompiler.buildSources(JDTBasedSpoonCompiler.java:335)
	at spoon.support.compiler.jdt.JDTBasedSpoonCompiler.build(JDTBasedSpoonCompiler.java:116)
	at spoon.support.compiler.jdt.JDTBasedSpoonCompiler.build(JDTBasedSpoonCompiler.java:99)
	at spoon.Launcher.buildModel(Launcher.java:724)
	at fr.inria.diversify.utils.compilation.DSpotCompiler.getSpoonModelOf(DSpotCompiler.java:106)
	at fr.inria.diversify.utils.compilation.DSpotCompiler.createDSpotCompiler(DSpotCompiler.java:31)
	at fr.inria.diversify.dspot.DSpot.<init>(DSpot.java:103)
	at eu.stamp.project.Main.lambda$run$2(Main.java:134)
	at java.util.stream.ForEachOps$ForEachOp$OfRef.accept(ForEachOps.java:184)
	at java.util.stream.ReferencePipeline$2$1.accept(ReferencePipeline.java:175)
	at java.util.ArrayList$ArrayListSpliterator.forEachRemaining(ArrayList.java:1374)
	at java.util.stream.AbstractPipeline.copyInto(AbstractPipeline.java:481)
	at java.util.stream.AbstractPipeline.wrapAndCopyInto(AbstractPipeline.java:471)
	at java.util.stream.ForEachOps$ForEachOp.evaluateSequential(ForEachOps.java:151)
	at java.util.stream.ForEachOps$ForEachOp$OfRef.evaluateSequential(ForEachOps.java:174)
	at java.util.stream.AbstractPipeline.evaluate(AbstractPipeline.java:234)
	at java.util.stream.ReferencePipeline.forEach(ReferencePipeline.java:418)
	at eu.stamp.project.Main.run(Main.java:117)
	at eu.stamp.project.Main.main(Main.java:88)
[9776] WARN AutomaticBuilderFactory - No automatic builder specified in configuration, going to default.
[9776] INFO AutomaticBuilderFactory - Default: provided Maven automatic builder.
[9776] INFO MavenAutomaticBuilder - run maven clean test -DskipTests dependency:build-classpath -Dmdep.outputFile=target/dspot/classpath
[WARN] Maven will be executed in interactive mode, but no input stream has been configured for this MavenInvoker instance.
[[1;34mINFO[m] Scanning for projects...
[[1;34mINFO[m] 
[[1;34mINFO[m] [1m------------------------------------------------------------------------[m
[[1;34mINFO[m] [1mBuilding JavaPoet 1.10.0-SNAPSHOT[m
[[1;34mINFO[m] [1m------------------------------------------------------------------------[m
[[1;34mINFO[m] 
[[1;34mINFO[m] [1m--- [0;32mmaven-clean-plugin:2.5:clean[m [1m(default-clean)[m @ [36mjavapoet[0;1m ---[m
[[1;34mINFO[m] Deleting /home/bdanglot/workspace/Ex2amplifier-experiments/dataset/may-2018/javapoet/574/target
[[1;34mINFO[m] 
[[1;34mINFO[m] [1m--- [0;32mmaven-enforcer-plugin:1.0:enforce[m [1m(enforce-maven)[m @ [36mjavapoet[0;1m ---[m
[[1;34mINFO[m] Skipping Rule Enforcement.
[[1;34mINFO[m] 
[[1;34mINFO[m] [1m--- [0;32mmaven-resources-plugin:2.6:resources[m [1m(default-resources)[m @ [36mjavapoet[0;1m ---[m
[[1;34mINFO[m] Using 'UTF-8' encoding to copy filtered resources.
[[1;34mINFO[m] skip non existing resourceDirectory /home/bdanglot/workspace/Ex2amplifier-experiments/dataset/may-2018/javapoet/574/src/main/resources
[[1;34mINFO[m] 
[[1;34mINFO[m] [1m--- [0;32mmaven-compiler-plugin:3.6.1:compile[m [1m(default-compile)[m @ [36mjavapoet[0;1m ---[m
[[1;34mINFO[m] Changes detected - recompiling the module!
[[1;34mINFO[m] Compiling 17 source files to /home/bdanglot/workspace/Ex2amplifier-experiments/dataset/may-2018/javapoet/574/target/classes
[[1;34mINFO[m] 
[[1;34mINFO[m] [1m--- [0;32mmaven-resources-plugin:2.6:testResources[m [1m(default-testResources)[m @ [36mjavapoet[0;1m ---[m
[[1;34mINFO[m] Using 'UTF-8' encoding to copy filtered resources.
[[1;34mINFO[m] skip non existing resourceDirectory /home/bdanglot/workspace/Ex2amplifier-experiments/dataset/may-2018/javapoet/574/src/test/resources
[[1;34mINFO[m] 
[[1;34mINFO[m] [1m--- [0;32mmaven-compiler-plugin:3.6.1:testCompile[m [1m(default-testCompile)[m @ [36mjavapoet[0;1m ---[m
[[1;34mINFO[m] Changes detected - recompiling the module!
[[1;34mINFO[m] Compiling 19 source files to /home/bdanglot/workspace/Ex2amplifier-experiments/dataset/may-2018/javapoet/574/target/test-classes
[[1;34mINFO[m] 
[[1;34mINFO[m] [1m--- [0;32mmaven-surefire-plugin:2.12.4:test[m [1m(default-test)[m @ [36mjavapoet[0;1m ---[m
[[1;34mINFO[m] Tests are skipped.
[[1;34mINFO[m] 
[[1;34mINFO[m] [1m--- [0;32mmaven-dependency-plugin:2.8:build-classpath[m [1m(default-cli)[m @ [36mjavapoet[0;1m ---[m
[[1;34mINFO[m] Wrote classpath file '/home/bdanglot/workspace/Ex2amplifier-experiments/dataset/may-2018/javapoet/574/target/dspot/classpath'.
[[1;34mINFO[m] [1m------------------------------------------------------------------------[m
[[1;34mINFO[m] [1;32mBUILD SUCCESS[m
[[1;34mINFO[m] [1m------------------------------------------------------------------------[m
[[1;34mINFO[m] Total time: 6.048 s
[[1;34mINFO[m] Finished at: 2018-05-16T15:15:46+02:00
[[1;34mINFO[m] Final Memory: 41M/344M
[[1;34mINFO[m] [1m------------------------------------------------------------------------[m
[17459] INFO SelectorOnDiff - Selecting according to a diff between dataset/may-2018/javapoet/574_modified/ and dataset/may-2018/javapoet/574/ (9fdb0ee5008af4542d043cbbce60fc32926ffc44)
[17483] INFO SelectorOnDiff - Modified files:
a/src/main/java/com/squareup/javapoet/CodeWriter.java
a/src/test/java/com/squareup/javapoet/TypeSpecTest.java
[19624] INFO SelectorOnDiff - Select 1 modified test methods
[20020] INFO SelectorOnDiff - Select 1 test methods that execute directly modified methods
[20095] INFO Amplification - amplification of com.squareup.javapoet.TypeSpecTest (1 test(s))
[21447] INFO Amplification - Try to add assertions before amplification
[21512] INFO AssertGenerator - Run tests. (1)
[22648] INFO AssertGenerator - 1 test pass, generating assertion...
[22699] INFO MethodsAssertGenerator - Add observations points in passing tests.
[22699] INFO MethodsAssertGenerator - Instrumentation...
100% |================================================== ]/
[22727] INFO MethodsAssertGenerator - Run instrumented tests. (3)
[24534] INFO MethodsAssertGenerator - Generating assertions...
[24550] INFO AssertGenerator - 1 new tests with assertions generated
[28463] DEBUG Launcher - building sources: [/home/bdanglot/workspace/Ex2amplifier-experiments/target/dspot/tmp_test_sources/com/squareup/javapoet/TypeSpecTest.java]
[28464] DEBUG Launcher - build args: [-encoding, UTF-8, -cp, /home/bdanglot/.m2/repository/com/google/truth/truth/0.28/truth-0.28.jar:/home/bdanglot/.m2/repository/com/google/guava/guava/18.0/guava-18.0.jar:/home/bdanglot/.m2/repository/com/google/testing/compile/compile-testing/0.9/compile-testing-0.9.jar:/usr/lib/jvm/java-8-openjdk-amd64/jre/../lib/tools.jar:/home/bdanglot/.m2/repository/junit/junit/4.12/junit-4.12.jar:/home/bdanglot/.m2/repository/org/hamcrest/hamcrest-core/1.3/hamcrest-core-1.3.jar:/home/bdanglot/.m2/repository/com/google/jimfs/jimfs/1.0/jimfs-1.0.jar:/home/bdanglot/.m2/repository/org/mockito/mockito-core/1.10.16/mockito-core-1.10.16.jar:/home/bdanglot/.m2/repository/org/objenesis/objenesis/2.1/objenesis-2.1.jar:/home/bdanglot/.m2/repository/org/eclipse/jdt/core/compiler/ecj/4.4.2/ecj-4.4.2.jar:target/dspot/dependencies/:dataset/may-2018/javapoet/574_modified//target/classes:dataset/may-2018/javapoet/574_modified//target/test-classes:, -1.8, -preserveAllLocals, -noExit, -enableJavadoc, /home/bdanglot/workspace/Ex2amplifier-experiments/target/dspot/tmp_test_sources/com/squareup/javapoet/TypeSpecTest.java]
[28525] DEBUG Launcher - built in 61 ms
[28525] DEBUG Launcher - building templates: []
[28526] DEBUG Launcher - built in 1 ms
[28527] DEBUG Launcher - model built in 64
[28527] DEBUG Launcher - compiling sources: [/home/bdanglot/workspace/Ex2amplifier-experiments/target/dspot/tmp_test_sources/com/squareup/javapoet/TypeSpecTest.java]
[28531] DEBUG Launcher - compile args: [-encoding, UTF-8, -cp, /home/bdanglot/.m2/repository/com/google/truth/truth/0.28/truth-0.28.jar:/home/bdanglot/.m2/repository/com/google/guava/guava/18.0/guava-18.0.jar:/home/bdanglot/.m2/repository/com/google/testing/compile/compile-testing/0.9/compile-testing-0.9.jar:/usr/lib/jvm/java-8-openjdk-amd64/jre/../lib/tools.jar:/home/bdanglot/.m2/repository/junit/junit/4.12/junit-4.12.jar:/home/bdanglot/.m2/repository/org/hamcrest/hamcrest-core/1.3/hamcrest-core-1.3.jar:/home/bdanglot/.m2/repository/com/google/jimfs/jimfs/1.0/jimfs-1.0.jar:/home/bdanglot/.m2/repository/org/mockito/mockito-core/1.10.16/mockito-core-1.10.16.jar:/home/bdanglot/.m2/repository/org/objenesis/objenesis/2.1/objenesis-2.1.jar:/home/bdanglot/.m2/repository/org/eclipse/jdt/core/compiler/ecj/4.4.2/ecj-4.4.2.jar:target/dspot/dependencies/:dataset/may-2018/javapoet/574_modified//target/classes:dataset/may-2018/javapoet/574_modified//target/test-classes:, -d, /home/bdanglot/workspace/Ex2amplifier-experiments/dataset/may-2018/javapoet/574/target/test-classes, -1.8, -proc:none, -preserveAllLocals, -noExit, -enableJavadoc, /home/bdanglot/workspace/Ex2amplifier-experiments/target/dspot/tmp_test_sources/com/squareup/javapoet/TypeSpecTest.java]
[28793] DEBUG Launcher - compiled in 266 ms
[29452] INFO Amplification - 1 amplified test(s) has been selected, global: 1
[29452] INFO Amplification - amp typeVariableWithBounds (1/1)
[29515] DEBUG Launcher - printing com.squareup.javapoet.TypeSpecTest to /home/bdanglot/workspace/Ex2amplifier-experiments/target/dspot/tmp_test_sources
[30634] INFO Amplification - iteration 0:
[30634] INFO Amplification - 1 tests selected to be amplified over 1 available tests
[30634] INFO Amplification - Amplification of inputs...
100% |================================================== ]/
[30658] INFO Amplification - 0 new tests generated
[30659] INFO Amplification - 0 amplified test(s) has been selected, global: 1
[30659] INFO DSpot - elapsedTime 10590
======= REPORT =======
1 amplified test fails on the new versions.
typeVariableWithBounds(com.squareup.javapoet.TypeSpecTest): expected:<-1817016266> but was:<206701370>

[33048] INFO DSpot - Print AmplTypeSpecTest with 1 amplified test cases in results/may-2018/javapoet/574_modified/JBSE
[33048] DEBUG Launcher - printing com.squareup.javapoet.AmplTypeSpecTest to /home/bdanglot/workspace/Ex2amplifier-experiments/results/may-2018/javapoet/574_modified/JBSE
