SLF4J: Class path contains multiple SLF4J bindings.
SLF4J: Found binding in [jar:file:/home/spirals/danglot/.m2/repository/eu/stamp-project/test-runner/1.0.8/test-runner-1.0.8-jar-with-dependencies.jar!/org/slf4j/impl/StaticLoggerBinder.class]
SLF4J: Found binding in [jar:file:/home/spirals/danglot/.m2/repository/org/slf4j/slf4j-log4j12/1.7.25/slf4j-log4j12-1.7.25.jar!/org/slf4j/impl/StaticLoggerBinder.class]
SLF4J: See http://www.slf4j.org/codes.html#multiple_bindings for an explanation.
SLF4J: Actual binding is of type [org.slf4j.impl.Log4jLoggerFactory]
[0] WARN AutomaticBuilderFactory - No automatic builder specified in configuration, going to default.
[0] INFO AutomaticBuilderFactory - Default: provided Maven automatic builder.
[9] INFO MavenAutomaticBuilder - run maven clean test -DskipTests dependency:build-classpath -Dmdep.outputFile=target/dspot/classpath
[WARN] Maven will be executed in interactive mode, but no input stream has been configured for this MavenInvoker instance.
[INFO] Scanning for projects...
[INFO]                                                                         
[INFO] ------------------------------------------------------------------------
[INFO] Building mybatis 3.5.0-SNAPSHOT
[INFO] ------------------------------------------------------------------------
[INFO] 
[INFO] --- maven-clean-plugin:3.0.0:clean (default-clean) @ mybatis ---
[INFO] Deleting /tmp/Ex2Amplifier-experiments/dataset/may-2018/mybatis-3/1250/target
[INFO] 
[INFO] --- maven-enforcer-plugin:3.0.0-M1:enforce (enforce-java) @ mybatis ---
[INFO] Skipping Rule Enforcement.
[INFO] 
[INFO] --- jacoco-maven-plugin:0.8.1:prepare-agent (prepare-agent) @ mybatis ---
[INFO] argLine set to -javaagent:/home/spirals/danglot/.m2/repository/org/jacoco/org.jacoco.agent/0.8.1/org.jacoco.agent-0.8.1-runtime.jar=destfile=/tmp/Ex2Amplifier-experiments/dataset/may-2018/mybatis-3/1250/target/jacoco.exec,excludes=org.apache.ibatis.ognl.*:org.apache.ibatis.javassist.*
[INFO] 
[INFO] --- maven-resources-plugin:3.0.2:resources (default-resources) @ mybatis ---
[INFO] Using 'UTF-8' encoding to copy filtered resources.
[INFO] Copying 2 resources to META-INF
[INFO] Copying 2 resources
[INFO] 
[INFO] --- maven-compiler-plugin:3.7.0:compile (default-compile) @ mybatis ---
[INFO] Compiling 381 source files to /tmp/Ex2Amplifier-experiments/dataset/may-2018/mybatis-3/1250/target/classes
[INFO] /tmp/Ex2Amplifier-experiments/dataset/may-2018/mybatis-3/1250/src/main/java/org/apache/ibatis/reflection/MetaObject.java: Some input files use unchecked or unsafe operations.
[INFO] /tmp/Ex2Amplifier-experiments/dataset/may-2018/mybatis-3/1250/src/main/java/org/apache/ibatis/reflection/MetaObject.java: Recompile with -Xlint:unchecked for details.
[INFO] 
[INFO] --- license-maven-plugin:3.0:format (default) @ mybatis ---
[INFO] 
[INFO] --- animal-sniffer-maven-plugin:1.16:check (check-java-compat) @ mybatis ---
[INFO] Checking unresolved references to org.codehaus.mojo.signature:java18:1.0
[INFO] 
[INFO] --- maven-bundle-plugin:3.3.0:manifest (bundle-manifest) @ mybatis ---
[INFO] 
[INFO] --- maven-resources-plugin:3.0.2:testResources (default-testResources) @ mybatis ---
[INFO] Using 'UTF-8' encoding to copy filtered resources.
[INFO] Copying 464 resources
[INFO] 
[INFO] --- maven-compiler-plugin:3.7.0:testCompile (default-testCompile) @ mybatis ---
[INFO] Compiling 751 source files to /tmp/Ex2Amplifier-experiments/dataset/may-2018/mybatis-3/1250/target/test-classes
[INFO] /tmp/Ex2Amplifier-experiments/dataset/may-2018/mybatis-3/1250/src/test/java/org/apache/ibatis/jdbc/SqlBuilderTest.java: Some input files use or override a deprecated API.
[INFO] /tmp/Ex2Amplifier-experiments/dataset/may-2018/mybatis-3/1250/src/test/java/org/apache/ibatis/jdbc/SqlBuilderTest.java: Recompile with -Xlint:deprecation for details.
[INFO] /tmp/Ex2Amplifier-experiments/dataset/may-2018/mybatis-3/1250/src/test/java/org/apache/ibatis/executor/ResultExtractorTest.java: Some input files use unchecked or unsafe operations.
[INFO] /tmp/Ex2Amplifier-experiments/dataset/may-2018/mybatis-3/1250/src/test/java/org/apache/ibatis/executor/ResultExtractorTest.java: Recompile with -Xlint:unchecked for details.
[INFO] 
[INFO] --- maven-surefire-plugin:2.19.1:test (default-test) @ mybatis ---
[INFO] Tests are skipped.
[INFO] 
[INFO] --- maven-dependency-plugin:3.0.2:build-classpath (default-cli) @ mybatis ---
[INFO] Wrote classpath file '/tmp/Ex2Amplifier-experiments/dataset/may-2018/mybatis-3/1250/target/dspot/classpath'.
[INFO] ------------------------------------------------------------------------
[INFO] BUILD SUCCESS
[INFO] ------------------------------------------------------------------------
[INFO] Total time: 16.550 s
[INFO] Finished at: 2018-05-22T17:15:11+02:00
[INFO] Final Memory: 47M/1000M
[INFO] ------------------------------------------------------------------------
[25734] ERROR JDTCommentBuilder - // Interface Mapper is not added into the AST
spoon.reflect.declaration.ParentNotInitializedException: parent not initialized for class spoon.support.reflect.code.CtCommentImpl (/tmp/Ex2Amplifier-experiments/dataset/may-2018/mybatis-3/1250/src/main/java/org/apache/ibatis/annotations/Mapper.java:39)
	at spoon.support.reflect.declaration.CtElementImpl.getParent(CtElementImpl.java:340)
	at spoon.support.compiler.jdt.JDTCommentBuilder.insertCommentInAST(JDTCommentBuilder.java:474)
	at spoon.support.compiler.jdt.JDTCommentBuilder.buildComment(JDTCommentBuilder.java:152)
	at spoon.support.compiler.jdt.JDTCommentBuilder.build(JDTCommentBuilder.java:108)
	at spoon.support.compiler.jdt.JDTBasedSpoonCompiler.buildModel(JDTBasedSpoonCompiler.java:417)
	at spoon.support.compiler.jdt.JDTBasedSpoonCompiler.buildUnitsAndModel(JDTBasedSpoonCompiler.java:362)
	at spoon.support.compiler.jdt.JDTBasedSpoonCompiler.buildSources(JDTBasedSpoonCompiler.java:335)
	at spoon.support.compiler.jdt.JDTBasedSpoonCompiler.build(JDTBasedSpoonCompiler.java:116)
	at spoon.support.compiler.jdt.JDTBasedSpoonCompiler.build(JDTBasedSpoonCompiler.java:99)
	at spoon.Launcher.buildModel(Launcher.java:724)
	at eu.stamp_project.utils.compilation.DSpotCompiler.getSpoonModelOf(DSpotCompiler.java:106)
	at eu.stamp_project.utils.compilation.DSpotCompiler.createDSpotCompiler(DSpotCompiler.java:31)
	at eu.stamp_project.dspot.DSpot.<init>(DSpot.java:108)
	at eu.stamp_project.Main.lambda$run$2(Main.java:135)
	at java.util.stream.ForEachOps$ForEachOp$OfRef.accept(ForEachOps.java:184)
	at java.util.stream.ReferencePipeline$2$1.accept(ReferencePipeline.java:175)
	at java.util.ArrayList$ArrayListSpliterator.forEachRemaining(ArrayList.java:1374)
	at java.util.stream.AbstractPipeline.copyInto(AbstractPipeline.java:481)
	at java.util.stream.AbstractPipeline.wrapAndCopyInto(AbstractPipeline.java:471)
	at java.util.stream.ForEachOps$ForEachOp.evaluateSequential(ForEachOps.java:151)
	at java.util.stream.ForEachOps$ForEachOp$OfRef.evaluateSequential(ForEachOps.java:174)
	at java.util.stream.AbstractPipeline.evaluate(AbstractPipeline.java:234)
	at java.util.stream.ReferencePipeline.forEach(ReferencePipeline.java:418)
	at eu.stamp_project.Main.run(Main.java:118)
	at eu.stamp_project.Main.main(Main.java:89)
[30068] ERROR JDTCommentBuilder - /* because ResultHandler<?> is always ResultHandler<Object> */ is not added into the AST
spoon.reflect.declaration.ParentNotInitializedException: parent not initialized for class spoon.support.reflect.code.CtCommentImpl (/tmp/Ex2Amplifier-experiments/dataset/may-2018/mybatis-3/1250/src/main/java/org/apache/ibatis/executor/resultset/DefaultResultSetHandler.java:368)
	at spoon.support.reflect.declaration.CtElementImpl.getParent(CtElementImpl.java:340)
	at spoon.support.compiler.jdt.JDTCommentBuilder.insertCommentInAST(JDTCommentBuilder.java:474)
	at spoon.support.compiler.jdt.JDTCommentBuilder.buildComment(JDTCommentBuilder.java:152)
	at spoon.support.compiler.jdt.JDTCommentBuilder.build(JDTCommentBuilder.java:108)
	at spoon.support.compiler.jdt.JDTBasedSpoonCompiler.buildModel(JDTBasedSpoonCompiler.java:417)
	at spoon.support.compiler.jdt.JDTBasedSpoonCompiler.buildUnitsAndModel(JDTBasedSpoonCompiler.java:362)
	at spoon.support.compiler.jdt.JDTBasedSpoonCompiler.buildSources(JDTBasedSpoonCompiler.java:335)
	at spoon.support.compiler.jdt.JDTBasedSpoonCompiler.build(JDTBasedSpoonCompiler.java:116)
	at spoon.support.compiler.jdt.JDTBasedSpoonCompiler.build(JDTBasedSpoonCompiler.java:99)
	at spoon.Launcher.buildModel(Launcher.java:724)
	at eu.stamp_project.utils.compilation.DSpotCompiler.getSpoonModelOf(DSpotCompiler.java:106)
	at eu.stamp_project.utils.compilation.DSpotCompiler.createDSpotCompiler(DSpotCompiler.java:31)
	at eu.stamp_project.dspot.DSpot.<init>(DSpot.java:108)
	at eu.stamp_project.Main.lambda$run$2(Main.java:135)
	at java.util.stream.ForEachOps$ForEachOp$OfRef.accept(ForEachOps.java:184)
	at java.util.stream.ReferencePipeline$2$1.accept(ReferencePipeline.java:175)
	at java.util.ArrayList$ArrayListSpliterator.forEachRemaining(ArrayList.java:1374)
	at java.util.stream.AbstractPipeline.copyInto(AbstractPipeline.java:481)
	at java.util.stream.AbstractPipeline.wrapAndCopyInto(AbstractPipeline.java:471)
	at java.util.stream.ForEachOps$ForEachOp.evaluateSequential(ForEachOps.java:151)
	at java.util.stream.ForEachOps$ForEachOp$OfRef.evaluateSequential(ForEachOps.java:174)
	at java.util.stream.AbstractPipeline.evaluate(AbstractPipeline.java:234)
	at java.util.stream.ReferencePipeline.forEach(ReferencePipeline.java:418)
	at eu.stamp_project.Main.run(Main.java:118)
	at eu.stamp_project.Main.main(Main.java:89)
[31186] ERROR JDTCommentBuilder - // target for test (ordinal number -> Enum constant) is not added into the AST
spoon.reflect.declaration.ParentNotInitializedException: parent not initialized for class spoon.support.reflect.code.CtCommentImpl (/tmp/Ex2Amplifier-experiments/dataset/may-2018/mybatis-3/1250/src/test/java/org/apache/ibatis/submitted/enumtypehandler_on_annotation/PersonMapper.java:46)
	at spoon.support.reflect.declaration.CtElementImpl.getParent(CtElementImpl.java:340)
	at spoon.support.compiler.jdt.JDTCommentBuilder.insertCommentInAST(JDTCommentBuilder.java:474)
	at spoon.support.compiler.jdt.JDTCommentBuilder.buildComment(JDTCommentBuilder.java:152)
	at spoon.support.compiler.jdt.JDTCommentBuilder.build(JDTCommentBuilder.java:108)
	at spoon.support.compiler.jdt.JDTBasedSpoonCompiler.buildModel(JDTBasedSpoonCompiler.java:417)
	at spoon.support.compiler.jdt.JDTBasedSpoonCompiler.buildUnitsAndModel(JDTBasedSpoonCompiler.java:362)
	at spoon.support.compiler.jdt.JDTBasedSpoonCompiler.buildSources(JDTBasedSpoonCompiler.java:335)
	at spoon.support.compiler.jdt.JDTBasedSpoonCompiler.build(JDTBasedSpoonCompiler.java:116)
	at spoon.support.compiler.jdt.JDTBasedSpoonCompiler.build(JDTBasedSpoonCompiler.java:99)
	at spoon.Launcher.buildModel(Launcher.java:724)
	at eu.stamp_project.utils.compilation.DSpotCompiler.getSpoonModelOf(DSpotCompiler.java:106)
	at eu.stamp_project.utils.compilation.DSpotCompiler.createDSpotCompiler(DSpotCompiler.java:31)
	at eu.stamp_project.dspot.DSpot.<init>(DSpot.java:108)
	at eu.stamp_project.Main.lambda$run$2(Main.java:135)
	at java.util.stream.ForEachOps$ForEachOp$OfRef.accept(ForEachOps.java:184)
	at java.util.stream.ReferencePipeline$2$1.accept(ReferencePipeline.java:175)
	at java.util.ArrayList$ArrayListSpliterator.forEachRemaining(ArrayList.java:1374)
	at java.util.stream.AbstractPipeline.copyInto(AbstractPipeline.java:481)
	at java.util.stream.AbstractPipeline.wrapAndCopyInto(AbstractPipeline.java:471)
	at java.util.stream.ForEachOps$ForEachOp.evaluateSequential(ForEachOps.java:151)
	at java.util.stream.ForEachOps$ForEachOp$OfRef.evaluateSequential(ForEachOps.java:174)
	at java.util.stream.AbstractPipeline.evaluate(AbstractPipeline.java:234)
	at java.util.stream.ReferencePipeline.forEach(ReferencePipeline.java:418)
	at eu.stamp_project.Main.run(Main.java:118)
	at eu.stamp_project.Main.main(Main.java:89)
[31186] ERROR JDTCommentBuilder - // Switch using enum constant name(PERSON or EMPLOYEE) at cases attribute is not added into the AST
spoon.reflect.declaration.ParentNotInitializedException: parent not initialized for class spoon.support.reflect.code.CtCommentImpl (/tmp/Ex2Amplifier-experiments/dataset/may-2018/mybatis-3/1250/src/test/java/org/apache/ibatis/submitted/enumtypehandler_on_annotation/PersonMapper.java:48)
	at spoon.support.reflect.declaration.CtElementImpl.getParent(CtElementImpl.java:340)
	at spoon.support.compiler.jdt.JDTCommentBuilder.insertCommentInAST(JDTCommentBuilder.java:474)
	at spoon.support.compiler.jdt.JDTCommentBuilder.buildComment(JDTCommentBuilder.java:152)
	at spoon.support.compiler.jdt.JDTCommentBuilder.build(JDTCommentBuilder.java:108)
	at spoon.support.compiler.jdt.JDTBasedSpoonCompiler.buildModel(JDTBasedSpoonCompiler.java:417)
	at spoon.support.compiler.jdt.JDTBasedSpoonCompiler.buildUnitsAndModel(JDTBasedSpoonCompiler.java:362)
	at spoon.support.compiler.jdt.JDTBasedSpoonCompiler.buildSources(JDTBasedSpoonCompiler.java:335)
	at spoon.support.compiler.jdt.JDTBasedSpoonCompiler.build(JDTBasedSpoonCompiler.java:116)
	at spoon.support.compiler.jdt.JDTBasedSpoonCompiler.build(JDTBasedSpoonCompiler.java:99)
	at spoon.Launcher.buildModel(Launcher.java:724)
	at eu.stamp_project.utils.compilation.DSpotCompiler.getSpoonModelOf(DSpotCompiler.java:106)
	at eu.stamp_project.utils.compilation.DSpotCompiler.createDSpotCompiler(DSpotCompiler.java:31)
	at eu.stamp_project.dspot.DSpot.<init>(DSpot.java:108)
	at eu.stamp_project.Main.lambda$run$2(Main.java:135)
	at java.util.stream.ForEachOps$ForEachOp$OfRef.accept(ForEachOps.java:184)
	at java.util.stream.ReferencePipeline$2$1.accept(ReferencePipeline.java:175)
	at java.util.ArrayList$ArrayListSpliterator.forEachRemaining(ArrayList.java:1374)
	at java.util.stream.AbstractPipeline.copyInto(AbstractPipeline.java:481)
	at java.util.stream.AbstractPipeline.wrapAndCopyInto(AbstractPipeline.java:471)
	at java.util.stream.ForEachOps$ForEachOp.evaluateSequential(ForEachOps.java:151)
	at java.util.stream.ForEachOps$ForEachOp$OfRef.evaluateSequential(ForEachOps.java:174)
	at java.util.stream.AbstractPipeline.evaluate(AbstractPipeline.java:234)
	at java.util.stream.ReferencePipeline.forEach(ReferencePipeline.java:418)
	at eu.stamp_project.Main.run(Main.java:118)
	at eu.stamp_project.Main.main(Main.java:89)
[31472] WARN AutomaticBuilderFactory - No automatic builder specified in configuration, going to default.
[31473] INFO AutomaticBuilderFactory - Default: provided Maven automatic builder.
[31473] INFO MavenAutomaticBuilder - run maven clean test -DskipTests dependency:build-classpath -Dmdep.outputFile=target/dspot/classpath
[WARN] Maven will be executed in interactive mode, but no input stream has been configured for this MavenInvoker instance.
[INFO] Scanning for projects...
[INFO]                                                                         
[INFO] ------------------------------------------------------------------------
[INFO] Building mybatis 3.5.0-SNAPSHOT
[INFO] ------------------------------------------------------------------------
[INFO] 
[INFO] --- maven-clean-plugin:3.0.0:clean (default-clean) @ mybatis ---
[INFO] Deleting /tmp/Ex2Amplifier-experiments/dataset/may-2018/mybatis-3/1250_modified/target
[INFO] 
[INFO] --- maven-enforcer-plugin:3.0.0-M1:enforce (enforce-java) @ mybatis ---
[INFO] Skipping Rule Enforcement.
[INFO] 
[INFO] --- jacoco-maven-plugin:0.8.1:prepare-agent (prepare-agent) @ mybatis ---
[INFO] argLine set to -javaagent:/home/spirals/danglot/.m2/repository/org/jacoco/org.jacoco.agent/0.8.1/org.jacoco.agent-0.8.1-runtime.jar=destfile=/tmp/Ex2Amplifier-experiments/dataset/may-2018/mybatis-3/1250_modified/target/jacoco.exec,excludes=org.apache.ibatis.ognl.*:org.apache.ibatis.javassist.*
[INFO] 
[INFO] --- maven-resources-plugin:3.0.2:resources (default-resources) @ mybatis ---
[INFO] Using 'UTF-8' encoding to copy filtered resources.
[INFO] Copying 2 resources to META-INF
[INFO] Copying 2 resources
[INFO] 
[INFO] --- maven-compiler-plugin:3.7.0:compile (default-compile) @ mybatis ---
[INFO] Compiling 381 source files to /tmp/Ex2Amplifier-experiments/dataset/may-2018/mybatis-3/1250_modified/target/classes
[INFO] /tmp/Ex2Amplifier-experiments/dataset/may-2018/mybatis-3/1250_modified/src/main/java/org/apache/ibatis/reflection/MetaObject.java: Some input files use unchecked or unsafe operations.
[INFO] /tmp/Ex2Amplifier-experiments/dataset/may-2018/mybatis-3/1250_modified/src/main/java/org/apache/ibatis/reflection/MetaObject.java: Recompile with -Xlint:unchecked for details.
[INFO] 
[INFO] --- license-maven-plugin:3.0:format (default) @ mybatis ---
[INFO] 
[INFO] --- animal-sniffer-maven-plugin:1.16:check (check-java-compat) @ mybatis ---
[INFO] Checking unresolved references to org.codehaus.mojo.signature:java18:1.0
[INFO] 
[INFO] --- maven-bundle-plugin:3.3.0:manifest (bundle-manifest) @ mybatis ---
[INFO] 
[INFO] --- maven-resources-plugin:3.0.2:testResources (default-testResources) @ mybatis ---
[INFO] Using 'UTF-8' encoding to copy filtered resources.
[INFO] Copying 464 resources
[INFO] 
[INFO] --- maven-compiler-plugin:3.7.0:testCompile (default-testCompile) @ mybatis ---
[INFO] Compiling 751 source files to /tmp/Ex2Amplifier-experiments/dataset/may-2018/mybatis-3/1250_modified/target/test-classes
[INFO] /tmp/Ex2Amplifier-experiments/dataset/may-2018/mybatis-3/1250_modified/src/test/java/org/apache/ibatis/jdbc/SqlBuilderTest.java: Some input files use or override a deprecated API.
[INFO] /tmp/Ex2Amplifier-experiments/dataset/may-2018/mybatis-3/1250_modified/src/test/java/org/apache/ibatis/jdbc/SqlBuilderTest.java: Recompile with -Xlint:deprecation for details.
[INFO] /tmp/Ex2Amplifier-experiments/dataset/may-2018/mybatis-3/1250_modified/src/test/java/org/apache/ibatis/reflection/MetaObjectTest.java: Some input files use unchecked or unsafe operations.
[INFO] /tmp/Ex2Amplifier-experiments/dataset/may-2018/mybatis-3/1250_modified/src/test/java/org/apache/ibatis/reflection/MetaObjectTest.java: Recompile with -Xlint:unchecked for details.
[INFO] 
[INFO] --- maven-surefire-plugin:2.19.1:test (default-test) @ mybatis ---
[INFO] Tests are skipped.
[INFO] 
[INFO] --- maven-dependency-plugin:3.0.2:build-classpath (default-cli) @ mybatis ---
[INFO] Wrote classpath file '/tmp/Ex2Amplifier-experiments/dataset/may-2018/mybatis-3/1250_modified/target/dspot/classpath'.
[INFO] ------------------------------------------------------------------------
[INFO] BUILD SUCCESS
[INFO] ------------------------------------------------------------------------
[INFO] Total time: 16.850 s
[INFO] Finished at: 2018-05-22T17:15:42+02:00
[INFO] Final Memory: 47M/993M
[INFO] ------------------------------------------------------------------------
[50107] INFO SelectorOnDiff - Selecting according to a diff between dataset/may-2018/mybatis-3/1250/ and dataset/may-2018/mybatis-3/1250_modified/ (115d565ca947bbfbc5c13c6193d11c9637f56c25)
[50123] INFO SelectorOnDiff - Modified files:
a/src/main/java/org/apache/ibatis/executor/keygen/Jdbc3KeyGenerator.java
a/src/test/java/org/apache/ibatis/submitted/keygen/Jdbc3KeyGeneratorTest.java
[65202] INFO Amplification - amplification of org.apache.ibatis.submitted.keygen.Jdbc3KeyGeneratorTest (1 test(s))
[65443] INFO EntryPoint - Run: java -cp /tmp/Ex2Amplifier-experiments/dataset/may-2018/mybatis-3/1250/target/test-classes:/tmp/Ex2Amplifier-experiments/dataset/may-2018/mybatis-3/1250/target/classes:/home/spirals/danglot/.m2/repository/ognl/ognl/3.2.6/ognl-3.2.6.jar:/home/spirals/danglot/.m2/repository/org/javassist/javassist/3.22.0-GA/javassist-3.22.0-GA.jar:/home/spirals/danglot/.m2/repository/org/slf4j/slf4j-api/1.7.25/slf4j-api-1.7.25.jar:/home/spirals/danglot/.m2/repository/org/slf4j/slf4j-log4j12/1.7.25/slf4j-log4j12-1.7.25.jar:/home/spirals/danglot/.m2/repository/log4j/log4j/1.2.17/log4j-1.2.17.jar:/home/spirals/danglot/.m2/repository/org/apache/logging/log4j/log4j-core/2.11.0/log4j-core-2.11.0.jar:/home/spirals/danglot/.m2/repository/org/apache/logging/log4j/log4j-api/2.11.0/log4j-api-2.11.0.jar:/home/spirals/danglot/.m2/repository/commons-logging/commons-logging/1.2/commons-logging-1.2.jar:/home/spirals/danglot/.m2/repository/cglib/cglib/3.2.6/cglib-3.2.6.jar:/home/spirals/danglot/.m2/repository/org/ow2/asm/asm/6.0/asm-6.0.jar:/home/spirals/danglot/.m2/repository/org/apache/ant/ant/1.9.6/ant-1.9.6.jar:/home/spirals/danglot/.m2/repository/org/apache/ant/ant-launcher/1.9.6/ant-launcher-1.9.6.jar:/home/spirals/danglot/.m2/repository/org/junit/vintage/junit-vintage-engine/5.1.0/junit-vintage-engine-5.1.0.jar:/home/spirals/danglot/.m2/repository/org/apiguardian/apiguardian-api/1.0.0/apiguardian-api-1.0.0.jar:/home/spirals/danglot/.m2/repository/org/junit/platform/junit-platform-engine/1.1.0/junit-platform-engine-1.1.0.jar:/home/spirals/danglot/.m2/repository/org/junit/platform/junit-platform-commons/1.1.0/junit-platform-commons-1.1.0.jar:/home/spirals/danglot/.m2/repository/org/opentest4j/opentest4j/1.0.0/opentest4j-1.0.0.jar:/home/spirals/danglot/.m2/repository/junit/junit/4.12/junit-4.12.jar:/home/spirals/danglot/.m2/repository/org/hamcrest/hamcrest-core/1.3/hamcrest-core-1.3.jar:/home/spirals/danglot/.m2/repository/org/hsqldb/hsqldb/2.4.0/hsqldb-2.4.0.jar:/home/spirals/danglot/.m2/repository/org/apache/derby/derby/10.14.1.0/derby-10.14.1.0.jar:/home/spirals/danglot/.m2/repository/org/mockito/mockito-core/2.16.0/mockito-core-2.16.0.jar:/home/spirals/danglot/.m2/repository/net/bytebuddy/byte-buddy/1.7.9/byte-buddy-1.7.9.jar:/home/spirals/danglot/.m2/repository/net/bytebuddy/byte-buddy-agent/1.7.9/byte-buddy-agent-1.7.9.jar:/home/spirals/danglot/.m2/repository/org/objenesis/objenesis/2.6/objenesis-2.6.jar:/home/spirals/danglot/.m2/repository/org/apache/commons/commons-dbcp2/2.2.0/commons-dbcp2-2.2.0.jar:/home/spirals/danglot/.m2/repository/org/apache/commons/commons-pool2/2.5.0/commons-pool2-2.5.0.jar:/home/spirals/danglot/.m2/repository/javax/transaction/javax.transaction-api/1.3/javax.transaction-api-1.3.jar:/home/spirals/danglot/.m2/repository/org/apache/velocity/velocity/1.7/velocity-1.7.jar:/home/spirals/danglot/.m2/repository/commons-collections/commons-collections/3.2.1/commons-collections-3.2.1.jar:/home/spirals/danglot/.m2/repository/commons-lang/commons-lang/2.4/commons-lang-2.4.jar:/home/spirals/danglot/.m2/repository/org/postgresql/postgresql/42.2.1/postgresql-42.2.1.jar:/home/spirals/danglot/.m2/repository/org/assertj/assertj-core/3.9.1/assertj-core-3.9.1.jar:/home/spirals/danglot/.m2/repository/eu/codearte/catch-exception/catch-exception/1.4.6/catch-exception-1.4.6.jar:/home/spirals/danglot/.m2/repository/ru/yandex/qatools/embed/postgresql-embedded/2.8/postgresql-embedded-2.8.jar:/home/spirals/danglot/.m2/repository/de/flapdoodle/embed/de.flapdoodle.embed.process/2.0.2/de.flapdoodle.embed.process-2.0.2.jar:/home/spirals/danglot/.m2/repository/commons-io/commons-io/2.4/commons-io-2.4.jar:/home/spirals/danglot/.m2/repository/org/apache/commons/commons-lang3/3.1/commons-lang3-3.1.jar:/home/spirals/danglot/.m2/repository/net/java/dev/jna/jna/4.0.0/jna-4.0.0.jar:/home/spirals/danglot/.m2/repository/net/java/dev/jna/jna-platform/4.0.0/jna-platform-4.0.0.jar:/home/spirals/danglot/.m2/repository/org/apache/commons/commons-compress/1.10/commons-compress-1.10.jar:/tmp/Ex2Amplifier-experiments/target/dspot/dependencies:/home/spirals/danglot/.m2/repository/eu/stamp-project/test-runner/1.0.8/test-runner-1.0.8-jar-with-dependencies.jar eu.stamp_project.testrunner.runner.test.TestRunner org.apache.ibatis.submitted.keygen.Jdbc3KeyGeneratorTest shouldInsertListAndRetrieveId
File saved to the following path: /tmp/Ex2Amplifier-experiments/dataset/may-2018/mybatis-3/1250/target/dspot/TestListener.ser
SLF4J: Class path contains multiple SLF4J bindings.
SLF4J: Found binding in [jar:file:/home/spirals/danglot/.m2/repository/org/slf4j/slf4j-log4j12/1.7.25/slf4j-log4j12-1.7.25.jar!/org/slf4j/impl/StaticLoggerBinder.class]
SLF4J: Found binding in [jar:file:/home/spirals/danglot/.m2/repository/eu/stamp-project/test-runner/1.0.8/test-runner-1.0.8-jar-with-dependencies.jar!/org/slf4j/impl/StaticLoggerBinder.class]
SLF4J: See http://www.slf4j.org/codes.html#multiple_bindings for an explanation.
SLF4J: Actual binding is of type [org.slf4j.impl.Log4jLoggerFactory]
[66729] INFO EntryPoint - Test has been run: shouldInsertListAndRetrieveId
[66729] INFO Amplification - Try to add assertions before amplification
[66744] INFO AssertGenerator - Run tests. (1)
[66886] INFO EntryPoint - Run: java -cp /tmp/Ex2Amplifier-experiments/dataset/may-2018/mybatis-3/1250/target/test-classes:/tmp/Ex2Amplifier-experiments/dataset/may-2018/mybatis-3/1250/target/classes:/home/spirals/danglot/.m2/repository/ognl/ognl/3.2.6/ognl-3.2.6.jar:/home/spirals/danglot/.m2/repository/org/javassist/javassist/3.22.0-GA/javassist-3.22.0-GA.jar:/home/spirals/danglot/.m2/repository/org/slf4j/slf4j-api/1.7.25/slf4j-api-1.7.25.jar:/home/spirals/danglot/.m2/repository/org/slf4j/slf4j-log4j12/1.7.25/slf4j-log4j12-1.7.25.jar:/home/spirals/danglot/.m2/repository/log4j/log4j/1.2.17/log4j-1.2.17.jar:/home/spirals/danglot/.m2/repository/org/apache/logging/log4j/log4j-core/2.11.0/log4j-core-2.11.0.jar:/home/spirals/danglot/.m2/repository/org/apache/logging/log4j/log4j-api/2.11.0/log4j-api-2.11.0.jar:/home/spirals/danglot/.m2/repository/commons-logging/commons-logging/1.2/commons-logging-1.2.jar:/home/spirals/danglot/.m2/repository/cglib/cglib/3.2.6/cglib-3.2.6.jar:/home/spirals/danglot/.m2/repository/org/ow2/asm/asm/6.0/asm-6.0.jar:/home/spirals/danglot/.m2/repository/org/apache/ant/ant/1.9.6/ant-1.9.6.jar:/home/spirals/danglot/.m2/repository/org/apache/ant/ant-launcher/1.9.6/ant-launcher-1.9.6.jar:/home/spirals/danglot/.m2/repository/org/junit/vintage/junit-vintage-engine/5.1.0/junit-vintage-engine-5.1.0.jar:/home/spirals/danglot/.m2/repository/org/apiguardian/apiguardian-api/1.0.0/apiguardian-api-1.0.0.jar:/home/spirals/danglot/.m2/repository/org/junit/platform/junit-platform-engine/1.1.0/junit-platform-engine-1.1.0.jar:/home/spirals/danglot/.m2/repository/org/junit/platform/junit-platform-commons/1.1.0/junit-platform-commons-1.1.0.jar:/home/spirals/danglot/.m2/repository/org/opentest4j/opentest4j/1.0.0/opentest4j-1.0.0.jar:/home/spirals/danglot/.m2/repository/junit/junit/4.12/junit-4.12.jar:/home/spirals/danglot/.m2/repository/org/hamcrest/hamcrest-core/1.3/hamcrest-core-1.3.jar:/home/spirals/danglot/.m2/repository/org/hsqldb/hsqldb/2.4.0/hsqldb-2.4.0.jar:/home/spirals/danglot/.m2/repository/org/apache/derby/derby/10.14.1.0/derby-10.14.1.0.jar:/home/spirals/danglot/.m2/repository/org/mockito/mockito-core/2.16.0/mockito-core-2.16.0.jar:/home/spirals/danglot/.m2/repository/net/bytebuddy/byte-buddy/1.7.9/byte-buddy-1.7.9.jar:/home/spirals/danglot/.m2/repository/net/bytebuddy/byte-buddy-agent/1.7.9/byte-buddy-agent-1.7.9.jar:/home/spirals/danglot/.m2/repository/org/objenesis/objenesis/2.6/objenesis-2.6.jar:/home/spirals/danglot/.m2/repository/org/apache/commons/commons-dbcp2/2.2.0/commons-dbcp2-2.2.0.jar:/home/spirals/danglot/.m2/repository/org/apache/commons/commons-pool2/2.5.0/commons-pool2-2.5.0.jar:/home/spirals/danglot/.m2/repository/javax/transaction/javax.transaction-api/1.3/javax.transaction-api-1.3.jar:/home/spirals/danglot/.m2/repository/org/apache/velocity/velocity/1.7/velocity-1.7.jar:/home/spirals/danglot/.m2/repository/commons-collections/commons-collections/3.2.1/commons-collections-3.2.1.jar:/home/spirals/danglot/.m2/repository/commons-lang/commons-lang/2.4/commons-lang-2.4.jar:/home/spirals/danglot/.m2/repository/org/postgresql/postgresql/42.2.1/postgresql-42.2.1.jar:/home/spirals/danglot/.m2/repository/org/assertj/assertj-core/3.9.1/assertj-core-3.9.1.jar:/home/spirals/danglot/.m2/repository/eu/codearte/catch-exception/catch-exception/1.4.6/catch-exception-1.4.6.jar:/home/spirals/danglot/.m2/repository/ru/yandex/qatools/embed/postgresql-embedded/2.8/postgresql-embedded-2.8.jar:/home/spirals/danglot/.m2/repository/de/flapdoodle/embed/de.flapdoodle.embed.process/2.0.2/de.flapdoodle.embed.process-2.0.2.jar:/home/spirals/danglot/.m2/repository/commons-io/commons-io/2.4/commons-io-2.4.jar:/home/spirals/danglot/.m2/repository/org/apache/commons/commons-lang3/3.1/commons-lang3-3.1.jar:/home/spirals/danglot/.m2/repository/net/java/dev/jna/jna/4.0.0/jna-4.0.0.jar:/home/spirals/danglot/.m2/repository/net/java/dev/jna/jna-platform/4.0.0/jna-platform-4.0.0.jar:/home/spirals/danglot/.m2/repository/org/apache/commons/commons-compress/1.10/commons-compress-1.10.jar:/tmp/Ex2Amplifier-experiments/target/dspot/dependencies:/home/spirals/danglot/.m2/repository/eu/stamp-project/test-runner/1.0.8/test-runner-1.0.8-jar-with-dependencies.jar eu.stamp_project.testrunner.runner.test.TestRunner org.apache.ibatis.submitted.keygen.Jdbc3KeyGeneratorTest shouldInsertListAndRetrieveId
File saved to the following path: /tmp/Ex2Amplifier-experiments/dataset/may-2018/mybatis-3/1250/target/dspot/TestListener.ser
SLF4J: Class path contains multiple SLF4J bindings.
SLF4J: Found binding in [jar:file:/home/spirals/danglot/.m2/repository/org/slf4j/slf4j-log4j12/1.7.25/slf4j-log4j12-1.7.25.jar!/org/slf4j/impl/StaticLoggerBinder.class]
SLF4J: Found binding in [jar:file:/home/spirals/danglot/.m2/repository/eu/stamp-project/test-runner/1.0.8/test-runner-1.0.8-jar-with-dependencies.jar!/org/slf4j/impl/StaticLoggerBinder.class]
SLF4J: See http://www.slf4j.org/codes.html#multiple_bindings for an explanation.
SLF4J: Actual binding is of type [org.slf4j.impl.Log4jLoggerFactory]
[68143] INFO EntryPoint - Test has been run: shouldInsertListAndRetrieveId
[68144] INFO AssertGenerator - 1 test pass, generating assertion...
[68147] INFO MethodsAssertGenerator - Add observations points in passing tests.
[68147] INFO MethodsAssertGenerator - Instrumentation...
100% |================================================== ]/
[68184] INFO MethodsAssertGenerator - Run instrumented tests. (3)
[68347] INFO EntryPoint - Run: java -cp /tmp/Ex2Amplifier-experiments/dataset/may-2018/mybatis-3/1250/target/test-classes:/tmp/Ex2Amplifier-experiments/dataset/may-2018/mybatis-3/1250/target/classes:/home/spirals/danglot/.m2/repository/ognl/ognl/3.2.6/ognl-3.2.6.jar:/home/spirals/danglot/.m2/repository/org/javassist/javassist/3.22.0-GA/javassist-3.22.0-GA.jar:/home/spirals/danglot/.m2/repository/org/slf4j/slf4j-api/1.7.25/slf4j-api-1.7.25.jar:/home/spirals/danglot/.m2/repository/org/slf4j/slf4j-log4j12/1.7.25/slf4j-log4j12-1.7.25.jar:/home/spirals/danglot/.m2/repository/log4j/log4j/1.2.17/log4j-1.2.17.jar:/home/spirals/danglot/.m2/repository/org/apache/logging/log4j/log4j-core/2.11.0/log4j-core-2.11.0.jar:/home/spirals/danglot/.m2/repository/org/apache/logging/log4j/log4j-api/2.11.0/log4j-api-2.11.0.jar:/home/spirals/danglot/.m2/repository/commons-logging/commons-logging/1.2/commons-logging-1.2.jar:/home/spirals/danglot/.m2/repository/cglib/cglib/3.2.6/cglib-3.2.6.jar:/home/spirals/danglot/.m2/repository/org/ow2/asm/asm/6.0/asm-6.0.jar:/home/spirals/danglot/.m2/repository/org/apache/ant/ant/1.9.6/ant-1.9.6.jar:/home/spirals/danglot/.m2/repository/org/apache/ant/ant-launcher/1.9.6/ant-launcher-1.9.6.jar:/home/spirals/danglot/.m2/repository/org/junit/vintage/junit-vintage-engine/5.1.0/junit-vintage-engine-5.1.0.jar:/home/spirals/danglot/.m2/repository/org/apiguardian/apiguardian-api/1.0.0/apiguardian-api-1.0.0.jar:/home/spirals/danglot/.m2/repository/org/junit/platform/junit-platform-engine/1.1.0/junit-platform-engine-1.1.0.jar:/home/spirals/danglot/.m2/repository/org/junit/platform/junit-platform-commons/1.1.0/junit-platform-commons-1.1.0.jar:/home/spirals/danglot/.m2/repository/org/opentest4j/opentest4j/1.0.0/opentest4j-1.0.0.jar:/home/spirals/danglot/.m2/repository/junit/junit/4.12/junit-4.12.jar:/home/spirals/danglot/.m2/repository/org/hamcrest/hamcrest-core/1.3/hamcrest-core-1.3.jar:/home/spirals/danglot/.m2/repository/org/hsqldb/hsqldb/2.4.0/hsqldb-2.4.0.jar:/home/spirals/danglot/.m2/repository/org/apache/derby/derby/10.14.1.0/derby-10.14.1.0.jar:/home/spirals/danglot/.m2/repository/org/mockito/mockito-core/2.16.0/mockito-core-2.16.0.jar:/home/spirals/danglot/.m2/repository/net/bytebuddy/byte-buddy/1.7.9/byte-buddy-1.7.9.jar:/home/spirals/danglot/.m2/repository/net/bytebuddy/byte-buddy-agent/1.7.9/byte-buddy-agent-1.7.9.jar:/home/spirals/danglot/.m2/repository/org/objenesis/objenesis/2.6/objenesis-2.6.jar:/home/spirals/danglot/.m2/repository/org/apache/commons/commons-dbcp2/2.2.0/commons-dbcp2-2.2.0.jar:/home/spirals/danglot/.m2/repository/org/apache/commons/commons-pool2/2.5.0/commons-pool2-2.5.0.jar:/home/spirals/danglot/.m2/repository/javax/transaction/javax.transaction-api/1.3/javax.transaction-api-1.3.jar:/home/spirals/danglot/.m2/repository/org/apache/velocity/velocity/1.7/velocity-1.7.jar:/home/spirals/danglot/.m2/repository/commons-collections/commons-collections/3.2.1/commons-collections-3.2.1.jar:/home/spirals/danglot/.m2/repository/commons-lang/commons-lang/2.4/commons-lang-2.4.jar:/home/spirals/danglot/.m2/repository/org/postgresql/postgresql/42.2.1/postgresql-42.2.1.jar:/home/spirals/danglot/.m2/repository/org/assertj/assertj-core/3.9.1/assertj-core-3.9.1.jar:/home/spirals/danglot/.m2/repository/eu/codearte/catch-exception/catch-exception/1.4.6/catch-exception-1.4.6.jar:/home/spirals/danglot/.m2/repository/ru/yandex/qatools/embed/postgresql-embedded/2.8/postgresql-embedded-2.8.jar:/home/spirals/danglot/.m2/repository/de/flapdoodle/embed/de.flapdoodle.embed.process/2.0.2/de.flapdoodle.embed.process-2.0.2.jar:/home/spirals/danglot/.m2/repository/commons-io/commons-io/2.4/commons-io-2.4.jar:/home/spirals/danglot/.m2/repository/org/apache/commons/commons-lang3/3.1/commons-lang3-3.1.jar:/home/spirals/danglot/.m2/repository/net/java/dev/jna/jna/4.0.0/jna-4.0.0.jar:/home/spirals/danglot/.m2/repository/net/java/dev/jna/jna-platform/4.0.0/jna-platform-4.0.0.jar:/home/spirals/danglot/.m2/repository/org/apache/commons/commons-compress/1.10/commons-compress-1.10.jar:/tmp/Ex2Amplifier-experiments/target/dspot/dependencies:/home/spirals/danglot/.m2/repository/eu/stamp-project/test-runner/1.0.8/test-runner-1.0.8-jar-with-dependencies.jar eu.stamp_project.testrunner.runner.test.TestRunner org.apache.ibatis.submitted.keygen.Jdbc3KeyGeneratorTest shouldInsertListAndRetrieveId_withlog0:shouldInsertListAndRetrieveId_withlog1:shouldInsertListAndRetrieveId_withlog2
File saved to the following path: /tmp/Ex2Amplifier-experiments/dataset/may-2018/mybatis-3/1250/target/dspot/observations.ser
File saved to the following path: /tmp/Ex2Amplifier-experiments/dataset/may-2018/mybatis-3/1250/target/dspot/TestListener.ser
SLF4J: Class path contains multiple SLF4J bindings.
SLF4J: Found binding in [jar:file:/home/spirals/danglot/.m2/repository/org/slf4j/slf4j-log4j12/1.7.25/slf4j-log4j12-1.7.25.jar!/org/slf4j/impl/StaticLoggerBinder.class]
SLF4J: Found binding in [jar:file:/home/spirals/danglot/.m2/repository/eu/stamp-project/test-runner/1.0.8/test-runner-1.0.8-jar-with-dependencies.jar!/org/slf4j/impl/StaticLoggerBinder.class]
SLF4J: See http://www.slf4j.org/codes.html#multiple_bindings for an explanation.
SLF4J: Actual binding is of type [org.slf4j.impl.Log4jLoggerFactory]
[69701] INFO EntryPoint - Test has been run: shouldInsertListAndRetrieveId_withlog0,shouldInsertListAndRetrieveId_withlog1,shouldInsertListAndRetrieveId_withlog2
[69715] INFO MethodsAssertGenerator - Generating assertions...
[69745] INFO AssertGenerator - 1 new tests with assertions generated
[69875] INFO EntryPoint - Run: java -cp /tmp/Ex2Amplifier-experiments/dataset/may-2018/mybatis-3/1250/target/test-classes:/tmp/Ex2Amplifier-experiments/dataset/may-2018/mybatis-3/1250/target/classes:/home/spirals/danglot/.m2/repository/ognl/ognl/3.2.6/ognl-3.2.6.jar:/home/spirals/danglot/.m2/repository/org/javassist/javassist/3.22.0-GA/javassist-3.22.0-GA.jar:/home/spirals/danglot/.m2/repository/org/slf4j/slf4j-api/1.7.25/slf4j-api-1.7.25.jar:/home/spirals/danglot/.m2/repository/org/slf4j/slf4j-log4j12/1.7.25/slf4j-log4j12-1.7.25.jar:/home/spirals/danglot/.m2/repository/log4j/log4j/1.2.17/log4j-1.2.17.jar:/home/spirals/danglot/.m2/repository/org/apache/logging/log4j/log4j-core/2.11.0/log4j-core-2.11.0.jar:/home/spirals/danglot/.m2/repository/org/apache/logging/log4j/log4j-api/2.11.0/log4j-api-2.11.0.jar:/home/spirals/danglot/.m2/repository/commons-logging/commons-logging/1.2/commons-logging-1.2.jar:/home/spirals/danglot/.m2/repository/cglib/cglib/3.2.6/cglib-3.2.6.jar:/home/spirals/danglot/.m2/repository/org/ow2/asm/asm/6.0/asm-6.0.jar:/home/spirals/danglot/.m2/repository/org/apache/ant/ant/1.9.6/ant-1.9.6.jar:/home/spirals/danglot/.m2/repository/org/apache/ant/ant-launcher/1.9.6/ant-launcher-1.9.6.jar:/home/spirals/danglot/.m2/repository/org/junit/vintage/junit-vintage-engine/5.1.0/junit-vintage-engine-5.1.0.jar:/home/spirals/danglot/.m2/repository/org/apiguardian/apiguardian-api/1.0.0/apiguardian-api-1.0.0.jar:/home/spirals/danglot/.m2/repository/org/junit/platform/junit-platform-engine/1.1.0/junit-platform-engine-1.1.0.jar:/home/spirals/danglot/.m2/repository/org/junit/platform/junit-platform-commons/1.1.0/junit-platform-commons-1.1.0.jar:/home/spirals/danglot/.m2/repository/org/opentest4j/opentest4j/1.0.0/opentest4j-1.0.0.jar:/home/spirals/danglot/.m2/repository/junit/junit/4.12/junit-4.12.jar:/home/spirals/danglot/.m2/repository/org/hamcrest/hamcrest-core/1.3/hamcrest-core-1.3.jar:/home/spirals/danglot/.m2/repository/org/hsqldb/hsqldb/2.4.0/hsqldb-2.4.0.jar:/home/spirals/danglot/.m2/repository/org/apache/derby/derby/10.14.1.0/derby-10.14.1.0.jar:/home/spirals/danglot/.m2/repository/org/mockito/mockito-core/2.16.0/mockito-core-2.16.0.jar:/home/spirals/danglot/.m2/repository/net/bytebuddy/byte-buddy/1.7.9/byte-buddy-1.7.9.jar:/home/spirals/danglot/.m2/repository/net/bytebuddy/byte-buddy-agent/1.7.9/byte-buddy-agent-1.7.9.jar:/home/spirals/danglot/.m2/repository/org/objenesis/objenesis/2.6/objenesis-2.6.jar:/home/spirals/danglot/.m2/repository/org/apache/commons/commons-dbcp2/2.2.0/commons-dbcp2-2.2.0.jar:/home/spirals/danglot/.m2/repository/org/apache/commons/commons-pool2/2.5.0/commons-pool2-2.5.0.jar:/home/spirals/danglot/.m2/repository/javax/transaction/javax.transaction-api/1.3/javax.transaction-api-1.3.jar:/home/spirals/danglot/.m2/repository/org/apache/velocity/velocity/1.7/velocity-1.7.jar:/home/spirals/danglot/.m2/repository/commons-collections/commons-collections/3.2.1/commons-collections-3.2.1.jar:/home/spirals/danglot/.m2/repository/commons-lang/commons-lang/2.4/commons-lang-2.4.jar:/home/spirals/danglot/.m2/repository/org/postgresql/postgresql/42.2.1/postgresql-42.2.1.jar:/home/spirals/danglot/.m2/repository/org/assertj/assertj-core/3.9.1/assertj-core-3.9.1.jar:/home/spirals/danglot/.m2/repository/eu/codearte/catch-exception/catch-exception/1.4.6/catch-exception-1.4.6.jar:/home/spirals/danglot/.m2/repository/ru/yandex/qatools/embed/postgresql-embedded/2.8/postgresql-embedded-2.8.jar:/home/spirals/danglot/.m2/repository/de/flapdoodle/embed/de.flapdoodle.embed.process/2.0.2/de.flapdoodle.embed.process-2.0.2.jar:/home/spirals/danglot/.m2/repository/commons-io/commons-io/2.4/commons-io-2.4.jar:/home/spirals/danglot/.m2/repository/org/apache/commons/commons-lang3/3.1/commons-lang3-3.1.jar:/home/spirals/danglot/.m2/repository/net/java/dev/jna/jna/4.0.0/jna-4.0.0.jar:/home/spirals/danglot/.m2/repository/net/java/dev/jna/jna-platform/4.0.0/jna-platform-4.0.0.jar:/home/spirals/danglot/.m2/repository/org/apache/commons/commons-compress/1.10/commons-compress-1.10.jar:/tmp/Ex2Amplifier-experiments/target/dspot/dependencies:/home/spirals/danglot/.m2/repository/eu/stamp-project/test-runner/1.0.8/test-runner-1.0.8-jar-with-dependencies.jar eu.stamp_project.testrunner.runner.test.TestRunner org.apache.ibatis.submitted.keygen.Jdbc3KeyGeneratorTest shouldInsertListAndRetrieveId
File saved to the following path: /tmp/Ex2Amplifier-experiments/dataset/may-2018/mybatis-3/1250/target/dspot/TestListener.ser
SLF4J: Class path contains multiple SLF4J bindings.
SLF4J: Found binding in [jar:file:/home/spirals/danglot/.m2/repository/org/slf4j/slf4j-log4j12/1.7.25/slf4j-log4j12-1.7.25.jar!/org/slf4j/impl/StaticLoggerBinder.class]
SLF4J: Found binding in [jar:file:/home/spirals/danglot/.m2/repository/eu/stamp-project/test-runner/1.0.8/test-runner-1.0.8-jar-with-dependencies.jar!/org/slf4j/impl/StaticLoggerBinder.class]
SLF4J: See http://www.slf4j.org/codes.html#multiple_bindings for an explanation.
SLF4J: Actual binding is of type [org.slf4j.impl.Log4jLoggerFactory]
[71133] INFO EntryPoint - Test has been run: shouldInsertListAndRetrieveId
[71246] DEBUG Launcher - building sources: [/tmp/Ex2Amplifier-experiments/target/dspot/tmp_test_sources/org/apache/ibatis/submitted/keygen/Jdbc3KeyGeneratorTest.java]
[71246] DEBUG Launcher - build args: [-encoding, UTF-8, -cp, /home/spirals/danglot/.m2/repository/ognl/ognl/3.2.6/ognl-3.2.6.jar:/home/spirals/danglot/.m2/repository/org/javassist/javassist/3.22.0-GA/javassist-3.22.0-GA.jar:/home/spirals/danglot/.m2/repository/org/slf4j/slf4j-api/1.7.25/slf4j-api-1.7.25.jar:/home/spirals/danglot/.m2/repository/org/slf4j/slf4j-log4j12/1.7.25/slf4j-log4j12-1.7.25.jar:/home/spirals/danglot/.m2/repository/log4j/log4j/1.2.17/log4j-1.2.17.jar:/home/spirals/danglot/.m2/repository/org/apache/logging/log4j/log4j-core/2.11.0/log4j-core-2.11.0.jar:/home/spirals/danglot/.m2/repository/org/apache/logging/log4j/log4j-api/2.11.0/log4j-api-2.11.0.jar:/home/spirals/danglot/.m2/repository/commons-logging/commons-logging/1.2/commons-logging-1.2.jar:/home/spirals/danglot/.m2/repository/cglib/cglib/3.2.6/cglib-3.2.6.jar:/home/spirals/danglot/.m2/repository/org/ow2/asm/asm/6.0/asm-6.0.jar:/home/spirals/danglot/.m2/repository/org/apache/ant/ant/1.9.6/ant-1.9.6.jar:/home/spirals/danglot/.m2/repository/org/apache/ant/ant-launcher/1.9.6/ant-launcher-1.9.6.jar:/home/spirals/danglot/.m2/repository/org/junit/vintage/junit-vintage-engine/5.1.0/junit-vintage-engine-5.1.0.jar:/home/spirals/danglot/.m2/repository/org/apiguardian/apiguardian-api/1.0.0/apiguardian-api-1.0.0.jar:/home/spirals/danglot/.m2/repository/org/junit/platform/junit-platform-engine/1.1.0/junit-platform-engine-1.1.0.jar:/home/spirals/danglot/.m2/repository/org/junit/platform/junit-platform-commons/1.1.0/junit-platform-commons-1.1.0.jar:/home/spirals/danglot/.m2/repository/org/opentest4j/opentest4j/1.0.0/opentest4j-1.0.0.jar:/home/spirals/danglot/.m2/repository/junit/junit/4.12/junit-4.12.jar:/home/spirals/danglot/.m2/repository/org/hamcrest/hamcrest-core/1.3/hamcrest-core-1.3.jar:/home/spirals/danglot/.m2/repository/org/hsqldb/hsqldb/2.4.0/hsqldb-2.4.0.jar:/home/spirals/danglot/.m2/repository/org/apache/derby/derby/10.14.1.0/derby-10.14.1.0.jar:/home/spirals/danglot/.m2/repository/org/mockito/mockito-core/2.16.0/mockito-core-2.16.0.jar:/home/spirals/danglot/.m2/repository/net/bytebuddy/byte-buddy/1.7.9/byte-buddy-1.7.9.jar:/home/spirals/danglot/.m2/repository/net/bytebuddy/byte-buddy-agent/1.7.9/byte-buddy-agent-1.7.9.jar:/home/spirals/danglot/.m2/repository/org/objenesis/objenesis/2.6/objenesis-2.6.jar:/home/spirals/danglot/.m2/repository/org/apache/commons/commons-dbcp2/2.2.0/commons-dbcp2-2.2.0.jar:/home/spirals/danglot/.m2/repository/org/apache/commons/commons-pool2/2.5.0/commons-pool2-2.5.0.jar:/home/spirals/danglot/.m2/repository/javax/transaction/javax.transaction-api/1.3/javax.transaction-api-1.3.jar:/home/spirals/danglot/.m2/repository/org/apache/velocity/velocity/1.7/velocity-1.7.jar:/home/spirals/danglot/.m2/repository/commons-collections/commons-collections/3.2.1/commons-collections-3.2.1.jar:/home/spirals/danglot/.m2/repository/commons-lang/commons-lang/2.4/commons-lang-2.4.jar:/home/spirals/danglot/.m2/repository/org/postgresql/postgresql/42.2.1/postgresql-42.2.1.jar:/home/spirals/danglot/.m2/repository/org/assertj/assertj-core/3.9.1/assertj-core-3.9.1.jar:/home/spirals/danglot/.m2/repository/eu/codearte/catch-exception/catch-exception/1.4.6/catch-exception-1.4.6.jar:/home/spirals/danglot/.m2/repository/ru/yandex/qatools/embed/postgresql-embedded/2.8/postgresql-embedded-2.8.jar:/home/spirals/danglot/.m2/repository/de/flapdoodle/embed/de.flapdoodle.embed.process/2.0.2/de.flapdoodle.embed.process-2.0.2.jar:/home/spirals/danglot/.m2/repository/commons-io/commons-io/2.4/commons-io-2.4.jar:/home/spirals/danglot/.m2/repository/org/apache/commons/commons-lang3/3.1/commons-lang3-3.1.jar:/home/spirals/danglot/.m2/repository/net/java/dev/jna/jna/4.0.0/jna-4.0.0.jar:/home/spirals/danglot/.m2/repository/net/java/dev/jna/jna-platform/4.0.0/jna-platform-4.0.0.jar:/home/spirals/danglot/.m2/repository/org/apache/commons/commons-compress/1.10/commons-compress-1.10.jar:target/dspot/dependencies/:dataset/may-2018/mybatis-3/1250//target/classes:dataset/may-2018/mybatis-3/1250//target/test-classes:, -1.8, -preserveAllLocals, -noExit, -enableJavadoc, /tmp/Ex2Amplifier-experiments/target/dspot/tmp_test_sources/org/apache/ibatis/submitted/keygen/Jdbc3KeyGeneratorTest.java]
[71348] DEBUG Launcher - built in 102 ms
[71348] DEBUG Launcher - building templates: []
[71348] DEBUG Launcher - built in 0 ms
[71349] DEBUG Launcher - model built in 103
[71350] DEBUG Launcher - compiling sources: [/tmp/Ex2Amplifier-experiments/target/dspot/tmp_test_sources/org/apache/ibatis/submitted/keygen/Jdbc3KeyGeneratorTest.java]
[71353] DEBUG Launcher - compile args: [-encoding, UTF-8, -cp, /home/spirals/danglot/.m2/repository/ognl/ognl/3.2.6/ognl-3.2.6.jar:/home/spirals/danglot/.m2/repository/org/javassist/javassist/3.22.0-GA/javassist-3.22.0-GA.jar:/home/spirals/danglot/.m2/repository/org/slf4j/slf4j-api/1.7.25/slf4j-api-1.7.25.jar:/home/spirals/danglot/.m2/repository/org/slf4j/slf4j-log4j12/1.7.25/slf4j-log4j12-1.7.25.jar:/home/spirals/danglot/.m2/repository/log4j/log4j/1.2.17/log4j-1.2.17.jar:/home/spirals/danglot/.m2/repository/org/apache/logging/log4j/log4j-core/2.11.0/log4j-core-2.11.0.jar:/home/spirals/danglot/.m2/repository/org/apache/logging/log4j/log4j-api/2.11.0/log4j-api-2.11.0.jar:/home/spirals/danglot/.m2/repository/commons-logging/commons-logging/1.2/commons-logging-1.2.jar:/home/spirals/danglot/.m2/repository/cglib/cglib/3.2.6/cglib-3.2.6.jar:/home/spirals/danglot/.m2/repository/org/ow2/asm/asm/6.0/asm-6.0.jar:/home/spirals/danglot/.m2/repository/org/apache/ant/ant/1.9.6/ant-1.9.6.jar:/home/spirals/danglot/.m2/repository/org/apache/ant/ant-launcher/1.9.6/ant-launcher-1.9.6.jar:/home/spirals/danglot/.m2/repository/org/junit/vintage/junit-vintage-engine/5.1.0/junit-vintage-engine-5.1.0.jar:/home/spirals/danglot/.m2/repository/org/apiguardian/apiguardian-api/1.0.0/apiguardian-api-1.0.0.jar:/home/spirals/danglot/.m2/repository/org/junit/platform/junit-platform-engine/1.1.0/junit-platform-engine-1.1.0.jar:/home/spirals/danglot/.m2/repository/org/junit/platform/junit-platform-commons/1.1.0/junit-platform-commons-1.1.0.jar:/home/spirals/danglot/.m2/repository/org/opentest4j/opentest4j/1.0.0/opentest4j-1.0.0.jar:/home/spirals/danglot/.m2/repository/junit/junit/4.12/junit-4.12.jar:/home/spirals/danglot/.m2/repository/org/hamcrest/hamcrest-core/1.3/hamcrest-core-1.3.jar:/home/spirals/danglot/.m2/repository/org/hsqldb/hsqldb/2.4.0/hsqldb-2.4.0.jar:/home/spirals/danglot/.m2/repository/org/apache/derby/derby/10.14.1.0/derby-10.14.1.0.jar:/home/spirals/danglot/.m2/repository/org/mockito/mockito-core/2.16.0/mockito-core-2.16.0.jar:/home/spirals/danglot/.m2/repository/net/bytebuddy/byte-buddy/1.7.9/byte-buddy-1.7.9.jar:/home/spirals/danglot/.m2/repository/net/bytebuddy/byte-buddy-agent/1.7.9/byte-buddy-agent-1.7.9.jar:/home/spirals/danglot/.m2/repository/org/objenesis/objenesis/2.6/objenesis-2.6.jar:/home/spirals/danglot/.m2/repository/org/apache/commons/commons-dbcp2/2.2.0/commons-dbcp2-2.2.0.jar:/home/spirals/danglot/.m2/repository/org/apache/commons/commons-pool2/2.5.0/commons-pool2-2.5.0.jar:/home/spirals/danglot/.m2/repository/javax/transaction/javax.transaction-api/1.3/javax.transaction-api-1.3.jar:/home/spirals/danglot/.m2/repository/org/apache/velocity/velocity/1.7/velocity-1.7.jar:/home/spirals/danglot/.m2/repository/commons-collections/commons-collections/3.2.1/commons-collections-3.2.1.jar:/home/spirals/danglot/.m2/repository/commons-lang/commons-lang/2.4/commons-lang-2.4.jar:/home/spirals/danglot/.m2/repository/org/postgresql/postgresql/42.2.1/postgresql-42.2.1.jar:/home/spirals/danglot/.m2/repository/org/assertj/assertj-core/3.9.1/assertj-core-3.9.1.jar:/home/spirals/danglot/.m2/repository/eu/codearte/catch-exception/catch-exception/1.4.6/catch-exception-1.4.6.jar:/home/spirals/danglot/.m2/repository/ru/yandex/qatools/embed/postgresql-embedded/2.8/postgresql-embedded-2.8.jar:/home/spirals/danglot/.m2/repository/de/flapdoodle/embed/de.flapdoodle.embed.process/2.0.2/de.flapdoodle.embed.process-2.0.2.jar:/home/spirals/danglot/.m2/repository/commons-io/commons-io/2.4/commons-io-2.4.jar:/home/spirals/danglot/.m2/repository/org/apache/commons/commons-lang3/3.1/commons-lang3-3.1.jar:/home/spirals/danglot/.m2/repository/net/java/dev/jna/jna/4.0.0/jna-4.0.0.jar:/home/spirals/danglot/.m2/repository/net/java/dev/jna/jna-platform/4.0.0/jna-platform-4.0.0.jar:/home/spirals/danglot/.m2/repository/org/apache/commons/commons-compress/1.10/commons-compress-1.10.jar:target/dspot/dependencies/:dataset/may-2018/mybatis-3/1250//target/classes:dataset/may-2018/mybatis-3/1250//target/test-classes:, -d, /tmp/Ex2Amplifier-experiments/dataset/may-2018/mybatis-3/1250_modified/target/test-classes, -1.8, -proc:none, -preserveAllLocals, -noExit, -enableJavadoc, /tmp/Ex2Amplifier-experiments/target/dspot/tmp_test_sources/org/apache/ibatis/submitted/keygen/Jdbc3KeyGeneratorTest.java]
[71463] DEBUG Launcher - compiled in 113 ms
[71464] INFO EntryPoint - Run: java -cp /home/spirals/danglot/.m2/repository/ognl/ognl/3.2.6/ognl-3.2.6.jar:/home/spirals/danglot/.m2/repository/org/javassist/javassist/3.22.0-GA/javassist-3.22.0-GA.jar:/home/spirals/danglot/.m2/repository/org/slf4j/slf4j-api/1.7.25/slf4j-api-1.7.25.jar:/home/spirals/danglot/.m2/repository/org/slf4j/slf4j-log4j12/1.7.25/slf4j-log4j12-1.7.25.jar:/home/spirals/danglot/.m2/repository/log4j/log4j/1.2.17/log4j-1.2.17.jar:/home/spirals/danglot/.m2/repository/org/apache/logging/log4j/log4j-core/2.11.0/log4j-core-2.11.0.jar:/home/spirals/danglot/.m2/repository/org/apache/logging/log4j/log4j-api/2.11.0/log4j-api-2.11.0.jar:/home/spirals/danglot/.m2/repository/commons-logging/commons-logging/1.2/commons-logging-1.2.jar:/home/spirals/danglot/.m2/repository/cglib/cglib/3.2.6/cglib-3.2.6.jar:/home/spirals/danglot/.m2/repository/org/ow2/asm/asm/6.0/asm-6.0.jar:/home/spirals/danglot/.m2/repository/org/apache/ant/ant/1.9.6/ant-1.9.6.jar:/home/spirals/danglot/.m2/repository/org/apache/ant/ant-launcher/1.9.6/ant-launcher-1.9.6.jar:/home/spirals/danglot/.m2/repository/org/junit/vintage/junit-vintage-engine/5.1.0/junit-vintage-engine-5.1.0.jar:/home/spirals/danglot/.m2/repository/org/apiguardian/apiguardian-api/1.0.0/apiguardian-api-1.0.0.jar:/home/spirals/danglot/.m2/repository/org/junit/platform/junit-platform-engine/1.1.0/junit-platform-engine-1.1.0.jar:/home/spirals/danglot/.m2/repository/org/junit/platform/junit-platform-commons/1.1.0/junit-platform-commons-1.1.0.jar:/home/spirals/danglot/.m2/repository/org/opentest4j/opentest4j/1.0.0/opentest4j-1.0.0.jar:/home/spirals/danglot/.m2/repository/junit/junit/4.12/junit-4.12.jar:/home/spirals/danglot/.m2/repository/org/hamcrest/hamcrest-core/1.3/hamcrest-core-1.3.jar:/home/spirals/danglot/.m2/repository/org/hsqldb/hsqldb/2.4.0/hsqldb-2.4.0.jar:/home/spirals/danglot/.m2/repository/org/apache/derby/derby/10.14.1.0/derby-10.14.1.0.jar:/home/spirals/danglot/.m2/repository/org/mockito/mockito-core/2.16.0/mockito-core-2.16.0.jar:/home/spirals/danglot/.m2/repository/net/bytebuddy/byte-buddy/1.7.9/byte-buddy-1.7.9.jar:/home/spirals/danglot/.m2/repository/net/bytebuddy/byte-buddy-agent/1.7.9/byte-buddy-agent-1.7.9.jar:/home/spirals/danglot/.m2/repository/org/objenesis/objenesis/2.6/objenesis-2.6.jar:/home/spirals/danglot/.m2/repository/org/apache/commons/commons-dbcp2/2.2.0/commons-dbcp2-2.2.0.jar:/home/spirals/danglot/.m2/repository/org/apache/commons/commons-pool2/2.5.0/commons-pool2-2.5.0.jar:/home/spirals/danglot/.m2/repository/javax/transaction/javax.transaction-api/1.3/javax.transaction-api-1.3.jar:/home/spirals/danglot/.m2/repository/org/apache/velocity/velocity/1.7/velocity-1.7.jar:/home/spirals/danglot/.m2/repository/commons-collections/commons-collections/3.2.1/commons-collections-3.2.1.jar:/home/spirals/danglot/.m2/repository/commons-lang/commons-lang/2.4/commons-lang-2.4.jar:/home/spirals/danglot/.m2/repository/org/postgresql/postgresql/42.2.1/postgresql-42.2.1.jar:/home/spirals/danglot/.m2/repository/org/assertj/assertj-core/3.9.1/assertj-core-3.9.1.jar:/home/spirals/danglot/.m2/repository/eu/codearte/catch-exception/catch-exception/1.4.6/catch-exception-1.4.6.jar:/home/spirals/danglot/.m2/repository/ru/yandex/qatools/embed/postgresql-embedded/2.8/postgresql-embedded-2.8.jar:/home/spirals/danglot/.m2/repository/de/flapdoodle/embed/de.flapdoodle.embed.process/2.0.2/de.flapdoodle.embed.process-2.0.2.jar:/home/spirals/danglot/.m2/repository/commons-io/commons-io/2.4/commons-io-2.4.jar:/home/spirals/danglot/.m2/repository/org/apache/commons/commons-lang3/3.1/commons-lang3-3.1.jar:/home/spirals/danglot/.m2/repository/net/java/dev/jna/jna/4.0.0/jna-4.0.0.jar:/home/spirals/danglot/.m2/repository/net/java/dev/jna/jna-platform/4.0.0/jna-platform-4.0.0.jar:/home/spirals/danglot/.m2/repository/org/apache/commons/commons-compress/1.10/commons-compress-1.10.jar:target/dspot/dependencies/:/tmp/Ex2Amplifier-experiments/dataset/may-2018/mybatis-3/1250_modified/target/classes:/tmp/Ex2Amplifier-experiments/dataset/may-2018/mybatis-3/1250_modified/target/test-classes:/home/spirals/danglot/.m2/repository/eu/stamp-project/test-runner/1.0.8/test-runner-1.0.8-jar-with-dependencies.jar eu.stamp_project.testrunner.runner.test.TestRunner org.apache.ibatis.submitted.keygen.Jdbc3KeyGeneratorTest shouldInsertListAndRetrieveId
File saved to the following path: /tmp/Ex2Amplifier-experiments/dataset/may-2018/mybatis-3/1250/target/dspot/TestListener.ser
SLF4J: Class path contains multiple SLF4J bindings.
SLF4J: Found binding in [jar:file:/home/spirals/danglot/.m2/repository/org/slf4j/slf4j-log4j12/1.7.25/slf4j-log4j12-1.7.25.jar!/org/slf4j/impl/StaticLoggerBinder.class]
SLF4J: Found binding in [jar:file:/home/spirals/danglot/.m2/repository/eu/stamp-project/test-runner/1.0.8/test-runner-1.0.8-jar-with-dependencies.jar!/org/slf4j/impl/StaticLoggerBinder.class]
SLF4J: See http://www.slf4j.org/codes.html#multiple_bindings for an explanation.
SLF4J: Actual binding is of type [org.slf4j.impl.Log4jLoggerFactory]
[72717] INFO EntryPoint - Test has been run: shouldInsertListAndRetrieveId
[72717] INFO Amplification - 0 amplified test(s) has been selected, global: 0
[72718] INFO Amplification - amp shouldInsertListAndRetrieveId (1/1)
[72723] DEBUG Launcher - printing org.apache.ibatis.submitted.keygen.Jdbc3KeyGeneratorTest to /tmp/Ex2Amplifier-experiments/target/dspot/tmp_test_sources
[72824] INFO EntryPoint - Run: java -cp /tmp/Ex2Amplifier-experiments/dataset/may-2018/mybatis-3/1250/target/test-classes:/tmp/Ex2Amplifier-experiments/dataset/may-2018/mybatis-3/1250/target/classes:/home/spirals/danglot/.m2/repository/ognl/ognl/3.2.6/ognl-3.2.6.jar:/home/spirals/danglot/.m2/repository/org/javassist/javassist/3.22.0-GA/javassist-3.22.0-GA.jar:/home/spirals/danglot/.m2/repository/org/slf4j/slf4j-api/1.7.25/slf4j-api-1.7.25.jar:/home/spirals/danglot/.m2/repository/org/slf4j/slf4j-log4j12/1.7.25/slf4j-log4j12-1.7.25.jar:/home/spirals/danglot/.m2/repository/log4j/log4j/1.2.17/log4j-1.2.17.jar:/home/spirals/danglot/.m2/repository/org/apache/logging/log4j/log4j-core/2.11.0/log4j-core-2.11.0.jar:/home/spirals/danglot/.m2/repository/org/apache/logging/log4j/log4j-api/2.11.0/log4j-api-2.11.0.jar:/home/spirals/danglot/.m2/repository/commons-logging/commons-logging/1.2/commons-logging-1.2.jar:/home/spirals/danglot/.m2/repository/cglib/cglib/3.2.6/cglib-3.2.6.jar:/home/spirals/danglot/.m2/repository/org/ow2/asm/asm/6.0/asm-6.0.jar:/home/spirals/danglot/.m2/repository/org/apache/ant/ant/1.9.6/ant-1.9.6.jar:/home/spirals/danglot/.m2/repository/org/apache/ant/ant-launcher/1.9.6/ant-launcher-1.9.6.jar:/home/spirals/danglot/.m2/repository/org/junit/vintage/junit-vintage-engine/5.1.0/junit-vintage-engine-5.1.0.jar:/home/spirals/danglot/.m2/repository/org/apiguardian/apiguardian-api/1.0.0/apiguardian-api-1.0.0.jar:/home/spirals/danglot/.m2/repository/org/junit/platform/junit-platform-engine/1.1.0/junit-platform-engine-1.1.0.jar:/home/spirals/danglot/.m2/repository/org/junit/platform/junit-platform-commons/1.1.0/junit-platform-commons-1.1.0.jar:/home/spirals/danglot/.m2/repository/org/opentest4j/opentest4j/1.0.0/opentest4j-1.0.0.jar:/home/spirals/danglot/.m2/repository/junit/junit/4.12/junit-4.12.jar:/home/spirals/danglot/.m2/repository/org/hamcrest/hamcrest-core/1.3/hamcrest-core-1.3.jar:/home/spirals/danglot/.m2/repository/org/hsqldb/hsqldb/2.4.0/hsqldb-2.4.0.jar:/home/spirals/danglot/.m2/repository/org/apache/derby/derby/10.14.1.0/derby-10.14.1.0.jar:/home/spirals/danglot/.m2/repository/org/mockito/mockito-core/2.16.0/mockito-core-2.16.0.jar:/home/spirals/danglot/.m2/repository/net/bytebuddy/byte-buddy/1.7.9/byte-buddy-1.7.9.jar:/home/spirals/danglot/.m2/repository/net/bytebuddy/byte-buddy-agent/1.7.9/byte-buddy-agent-1.7.9.jar:/home/spirals/danglot/.m2/repository/org/objenesis/objenesis/2.6/objenesis-2.6.jar:/home/spirals/danglot/.m2/repository/org/apache/commons/commons-dbcp2/2.2.0/commons-dbcp2-2.2.0.jar:/home/spirals/danglot/.m2/repository/org/apache/commons/commons-pool2/2.5.0/commons-pool2-2.5.0.jar:/home/spirals/danglot/.m2/repository/javax/transaction/javax.transaction-api/1.3/javax.transaction-api-1.3.jar:/home/spirals/danglot/.m2/repository/org/apache/velocity/velocity/1.7/velocity-1.7.jar:/home/spirals/danglot/.m2/repository/commons-collections/commons-collections/3.2.1/commons-collections-3.2.1.jar:/home/spirals/danglot/.m2/repository/commons-lang/commons-lang/2.4/commons-lang-2.4.jar:/home/spirals/danglot/.m2/repository/org/postgresql/postgresql/42.2.1/postgresql-42.2.1.jar:/home/spirals/danglot/.m2/repository/org/assertj/assertj-core/3.9.1/assertj-core-3.9.1.jar:/home/spirals/danglot/.m2/repository/eu/codearte/catch-exception/catch-exception/1.4.6/catch-exception-1.4.6.jar:/home/spirals/danglot/.m2/repository/ru/yandex/qatools/embed/postgresql-embedded/2.8/postgresql-embedded-2.8.jar:/home/spirals/danglot/.m2/repository/de/flapdoodle/embed/de.flapdoodle.embed.process/2.0.2/de.flapdoodle.embed.process-2.0.2.jar:/home/spirals/danglot/.m2/repository/commons-io/commons-io/2.4/commons-io-2.4.jar:/home/spirals/danglot/.m2/repository/org/apache/commons/commons-lang3/3.1/commons-lang3-3.1.jar:/home/spirals/danglot/.m2/repository/net/java/dev/jna/jna/4.0.0/jna-4.0.0.jar:/home/spirals/danglot/.m2/repository/net/java/dev/jna/jna-platform/4.0.0/jna-platform-4.0.0.jar:/home/spirals/danglot/.m2/repository/org/apache/commons/commons-compress/1.10/commons-compress-1.10.jar:/tmp/Ex2Amplifier-experiments/target/dspot/dependencies:/home/spirals/danglot/.m2/repository/eu/stamp-project/test-runner/1.0.8/test-runner-1.0.8-jar-with-dependencies.jar eu.stamp_project.testrunner.runner.test.TestRunner org.apache.ibatis.submitted.keygen.Jdbc3KeyGeneratorTest shouldInsertListAndRetrieveId
File saved to the following path: /tmp/Ex2Amplifier-experiments/dataset/may-2018/mybatis-3/1250/target/dspot/TestListener.ser
SLF4J: Class path contains multiple SLF4J bindings.
SLF4J: Found binding in [jar:file:/home/spirals/danglot/.m2/repository/org/slf4j/slf4j-log4j12/1.7.25/slf4j-log4j12-1.7.25.jar!/org/slf4j/impl/StaticLoggerBinder.class]
SLF4J: Found binding in [jar:file:/home/spirals/danglot/.m2/repository/eu/stamp-project/test-runner/1.0.8/test-runner-1.0.8-jar-with-dependencies.jar!/org/slf4j/impl/StaticLoggerBinder.class]
SLF4J: See http://www.slf4j.org/codes.html#multiple_bindings for an explanation.
SLF4J: Actual binding is of type [org.slf4j.impl.Log4jLoggerFactory]
[74018] INFO EntryPoint - Test has been run: shouldInsertListAndRetrieveId
[74019] INFO Amplification - iteration 0:
[74019] INFO Amplification - 1 tests selected to be amplified over 1 available tests
100% |================================================== ]/
[74044] DEBUG Launcher - printing org.apache.ibatis.submitted.keygen.Jdbc3KeyGeneratorTest to /tmp/Ex2Amplifier-experiments/target/dspot/tmp_test_sources
[74124] DEBUG Launcher - building sources: [/tmp/Ex2Amplifier-experiments/target/dspot/tmp_test_sources/org/apache/ibatis/submitted/keygen/Jdbc3KeyGeneratorTest.java]
[74125] DEBUG Launcher - build args: [-encoding, UTF-8, -cp, /home/spirals/danglot/.m2/repository/ognl/ognl/3.2.6/ognl-3.2.6.jar:/home/spirals/danglot/.m2/repository/org/javassist/javassist/3.22.0-GA/javassist-3.22.0-GA.jar:/home/spirals/danglot/.m2/repository/org/slf4j/slf4j-api/1.7.25/slf4j-api-1.7.25.jar:/home/spirals/danglot/.m2/repository/org/slf4j/slf4j-log4j12/1.7.25/slf4j-log4j12-1.7.25.jar:/home/spirals/danglot/.m2/repository/log4j/log4j/1.2.17/log4j-1.2.17.jar:/home/spirals/danglot/.m2/repository/org/apache/logging/log4j/log4j-core/2.11.0/log4j-core-2.11.0.jar:/home/spirals/danglot/.m2/repository/org/apache/logging/log4j/log4j-api/2.11.0/log4j-api-2.11.0.jar:/home/spirals/danglot/.m2/repository/commons-logging/commons-logging/1.2/commons-logging-1.2.jar:/home/spirals/danglot/.m2/repository/cglib/cglib/3.2.6/cglib-3.2.6.jar:/home/spirals/danglot/.m2/repository/org/ow2/asm/asm/6.0/asm-6.0.jar:/home/spirals/danglot/.m2/repository/org/apache/ant/ant/1.9.6/ant-1.9.6.jar:/home/spirals/danglot/.m2/repository/org/apache/ant/ant-launcher/1.9.6/ant-launcher-1.9.6.jar:/home/spirals/danglot/.m2/repository/org/junit/vintage/junit-vintage-engine/5.1.0/junit-vintage-engine-5.1.0.jar:/home/spirals/danglot/.m2/repository/org/apiguardian/apiguardian-api/1.0.0/apiguardian-api-1.0.0.jar:/home/spirals/danglot/.m2/repository/org/junit/platform/junit-platform-engine/1.1.0/junit-platform-engine-1.1.0.jar:/home/spirals/danglot/.m2/repository/org/junit/platform/junit-platform-commons/1.1.0/junit-platform-commons-1.1.0.jar:/home/spirals/danglot/.m2/repository/org/opentest4j/opentest4j/1.0.0/opentest4j-1.0.0.jar:/home/spirals/danglot/.m2/repository/junit/junit/4.12/junit-4.12.jar:/home/spirals/danglot/.m2/repository/org/hamcrest/hamcrest-core/1.3/hamcrest-core-1.3.jar:/home/spirals/danglot/.m2/repository/org/hsqldb/hsqldb/2.4.0/hsqldb-2.4.0.jar:/home/spirals/danglot/.m2/repository/org/apache/derby/derby/10.14.1.0/derby-10.14.1.0.jar:/home/spirals/danglot/.m2/repository/org/mockito/mockito-core/2.16.0/mockito-core-2.16.0.jar:/home/spirals/danglot/.m2/repository/net/bytebuddy/byte-buddy/1.7.9/byte-buddy-1.7.9.jar:/home/spirals/danglot/.m2/repository/net/bytebuddy/byte-buddy-agent/1.7.9/byte-buddy-agent-1.7.9.jar:/home/spirals/danglot/.m2/repository/org/objenesis/objenesis/2.6/objenesis-2.6.jar:/home/spirals/danglot/.m2/repository/org/apache/commons/commons-dbcp2/2.2.0/commons-dbcp2-2.2.0.jar:/home/spirals/danglot/.m2/repository/org/apache/commons/commons-pool2/2.5.0/commons-pool2-2.5.0.jar:/home/spirals/danglot/.m2/repository/javax/transaction/javax.transaction-api/1.3/javax.transaction-api-1.3.jar:/home/spirals/danglot/.m2/repository/org/apache/velocity/velocity/1.7/velocity-1.7.jar:/home/spirals/danglot/.m2/repository/commons-collections/commons-collections/3.2.1/commons-collections-3.2.1.jar:/home/spirals/danglot/.m2/repository/commons-lang/commons-lang/2.4/commons-lang-2.4.jar:/home/spirals/danglot/.m2/repository/org/postgresql/postgresql/42.2.1/postgresql-42.2.1.jar:/home/spirals/danglot/.m2/repository/org/assertj/assertj-core/3.9.1/assertj-core-3.9.1.jar:/home/spirals/danglot/.m2/repository/eu/codearte/catch-exception/catch-exception/1.4.6/catch-exception-1.4.6.jar:/home/spirals/danglot/.m2/repository/ru/yandex/qatools/embed/postgresql-embedded/2.8/postgresql-embedded-2.8.jar:/home/spirals/danglot/.m2/repository/de/flapdoodle/embed/de.flapdoodle.embed.process/2.0.2/de.flapdoodle.embed.process-2.0.2.jar:/home/spirals/danglot/.m2/repository/commons-io/commons-io/2.4/commons-io-2.4.jar:/home/spirals/danglot/.m2/repository/org/apache/commons/commons-lang3/3.1/commons-lang3-3.1.jar:/home/spirals/danglot/.m2/repository/net/java/dev/jna/jna/4.0.0/jna-4.0.0.jar:/home/spirals/danglot/.m2/repository/net/java/dev/jna/jna-platform/4.0.0/jna-platform-4.0.0.jar:/home/spirals/danglot/.m2/repository/org/apache/commons/commons-compress/1.10/commons-compress-1.10.jar:/tmp/Ex2Amplifier-experiments/dataset/may-2018/mybatis-3/1250/target/classes:/tmp/Ex2Amplifier-experiments/target/dspot/dependencies:/tmp/Ex2Amplifier-experiments/dataset/may-2018/mybatis-3/1250/target/test-classes:lib/catg-dev.jar:, -1.8, -preserveAllLocals, -noExit, -enableJavadoc, /tmp/Ex2Amplifier-experiments/target/dspot/tmp_test_sources/org/apache/ibatis/submitted/keygen/Jdbc3KeyGeneratorTest.java]
[74228] DEBUG Launcher - built in 104 ms
[74228] DEBUG Launcher - building templates: []
[74228] DEBUG Launcher - built in 0 ms
[74229] DEBUG Launcher - model built in 105
[74229] DEBUG Launcher - compiling sources: [/tmp/Ex2Amplifier-experiments/target/dspot/tmp_test_sources/org/apache/ibatis/submitted/keygen/Jdbc3KeyGeneratorTest.java]
[74230] DEBUG Launcher - compile args: [-encoding, UTF-8, -cp, /home/spirals/danglot/.m2/repository/ognl/ognl/3.2.6/ognl-3.2.6.jar:/home/spirals/danglot/.m2/repository/org/javassist/javassist/3.22.0-GA/javassist-3.22.0-GA.jar:/home/spirals/danglot/.m2/repository/org/slf4j/slf4j-api/1.7.25/slf4j-api-1.7.25.jar:/home/spirals/danglot/.m2/repository/org/slf4j/slf4j-log4j12/1.7.25/slf4j-log4j12-1.7.25.jar:/home/spirals/danglot/.m2/repository/log4j/log4j/1.2.17/log4j-1.2.17.jar:/home/spirals/danglot/.m2/repository/org/apache/logging/log4j/log4j-core/2.11.0/log4j-core-2.11.0.jar:/home/spirals/danglot/.m2/repository/org/apache/logging/log4j/log4j-api/2.11.0/log4j-api-2.11.0.jar:/home/spirals/danglot/.m2/repository/commons-logging/commons-logging/1.2/commons-logging-1.2.jar:/home/spirals/danglot/.m2/repository/cglib/cglib/3.2.6/cglib-3.2.6.jar:/home/spirals/danglot/.m2/repository/org/ow2/asm/asm/6.0/asm-6.0.jar:/home/spirals/danglot/.m2/repository/org/apache/ant/ant/1.9.6/ant-1.9.6.jar:/home/spirals/danglot/.m2/repository/org/apache/ant/ant-launcher/1.9.6/ant-launcher-1.9.6.jar:/home/spirals/danglot/.m2/repository/org/junit/vintage/junit-vintage-engine/5.1.0/junit-vintage-engine-5.1.0.jar:/home/spirals/danglot/.m2/repository/org/apiguardian/apiguardian-api/1.0.0/apiguardian-api-1.0.0.jar:/home/spirals/danglot/.m2/repository/org/junit/platform/junit-platform-engine/1.1.0/junit-platform-engine-1.1.0.jar:/home/spirals/danglot/.m2/repository/org/junit/platform/junit-platform-commons/1.1.0/junit-platform-commons-1.1.0.jar:/home/spirals/danglot/.m2/repository/org/opentest4j/opentest4j/1.0.0/opentest4j-1.0.0.jar:/home/spirals/danglot/.m2/repository/junit/junit/4.12/junit-4.12.jar:/home/spirals/danglot/.m2/repository/org/hamcrest/hamcrest-core/1.3/hamcrest-core-1.3.jar:/home/spirals/danglot/.m2/repository/org/hsqldb/hsqldb/2.4.0/hsqldb-2.4.0.jar:/home/spirals/danglot/.m2/repository/org/apache/derby/derby/10.14.1.0/derby-10.14.1.0.jar:/home/spirals/danglot/.m2/repository/org/mockito/mockito-core/2.16.0/mockito-core-2.16.0.jar:/home/spirals/danglot/.m2/repository/net/bytebuddy/byte-buddy/1.7.9/byte-buddy-1.7.9.jar:/home/spirals/danglot/.m2/repository/net/bytebuddy/byte-buddy-agent/1.7.9/byte-buddy-agent-1.7.9.jar:/home/spirals/danglot/.m2/repository/org/objenesis/objenesis/2.6/objenesis-2.6.jar:/home/spirals/danglot/.m2/repository/org/apache/commons/commons-dbcp2/2.2.0/commons-dbcp2-2.2.0.jar:/home/spirals/danglot/.m2/repository/org/apache/commons/commons-pool2/2.5.0/commons-pool2-2.5.0.jar:/home/spirals/danglot/.m2/repository/javax/transaction/javax.transaction-api/1.3/javax.transaction-api-1.3.jar:/home/spirals/danglot/.m2/repository/org/apache/velocity/velocity/1.7/velocity-1.7.jar:/home/spirals/danglot/.m2/repository/commons-collections/commons-collections/3.2.1/commons-collections-3.2.1.jar:/home/spirals/danglot/.m2/repository/commons-lang/commons-lang/2.4/commons-lang-2.4.jar:/home/spirals/danglot/.m2/repository/org/postgresql/postgresql/42.2.1/postgresql-42.2.1.jar:/home/spirals/danglot/.m2/repository/org/assertj/assertj-core/3.9.1/assertj-core-3.9.1.jar:/home/spirals/danglot/.m2/repository/eu/codearte/catch-exception/catch-exception/1.4.6/catch-exception-1.4.6.jar:/home/spirals/danglot/.m2/repository/ru/yandex/qatools/embed/postgresql-embedded/2.8/postgresql-embedded-2.8.jar:/home/spirals/danglot/.m2/repository/de/flapdoodle/embed/de.flapdoodle.embed.process/2.0.2/de.flapdoodle.embed.process-2.0.2.jar:/home/spirals/danglot/.m2/repository/commons-io/commons-io/2.4/commons-io-2.4.jar:/home/spirals/danglot/.m2/repository/org/apache/commons/commons-lang3/3.1/commons-lang3-3.1.jar:/home/spirals/danglot/.m2/repository/net/java/dev/jna/jna/4.0.0/jna-4.0.0.jar:/home/spirals/danglot/.m2/repository/net/java/dev/jna/jna-platform/4.0.0/jna-platform-4.0.0.jar:/home/spirals/danglot/.m2/repository/org/apache/commons/commons-compress/1.10/commons-compress-1.10.jar:/tmp/Ex2Amplifier-experiments/dataset/may-2018/mybatis-3/1250/target/classes:/tmp/Ex2Amplifier-experiments/target/dspot/dependencies:/tmp/Ex2Amplifier-experiments/dataset/may-2018/mybatis-3/1250/target/test-classes:lib/catg-dev.jar:, -d, /tmp/Ex2Amplifier-experiments/dataset/may-2018/mybatis-3/1250/target/test-classes, -1.8, -proc:none, -preserveAllLocals, -noExit, -enableJavadoc, /tmp/Ex2Amplifier-experiments/target/dspot/tmp_test_sources/org/apache/ibatis/submitted/keygen/Jdbc3KeyGeneratorTest.java]
[74343] DEBUG Launcher - compiled in 114 ms
[74346] INFO CATGExecutor - Running CATG: java -Xmx4096M -Xms2048M -Djanala.loggerClass=janala.logger.DirectConcolicExecution -Djanala.conf=/tmp/Ex2Amplifier-experiments/lib/catg.conf  -javaagent:/tmp/Ex2Amplifier-experiments/lib/catg-dev.jar  -cp /home/spirals/danglot/.m2/repository/ognl/ognl/3.2.6/ognl-3.2.6.jar:/home/spirals/danglot/.m2/repository/org/javassist/javassist/3.22.0-GA/javassist-3.22.0-GA.jar:/home/spirals/danglot/.m2/repository/org/slf4j/slf4j-api/1.7.25/slf4j-api-1.7.25.jar:/home/spirals/danglot/.m2/repository/org/slf4j/slf4j-log4j12/1.7.25/slf4j-log4j12-1.7.25.jar:/home/spirals/danglot/.m2/repository/log4j/log4j/1.2.17/log4j-1.2.17.jar:/home/spirals/danglot/.m2/repository/org/apache/logging/log4j/log4j-core/2.11.0/log4j-core-2.11.0.jar:/home/spirals/danglot/.m2/repository/org/apache/logging/log4j/log4j-api/2.11.0/log4j-api-2.11.0.jar:/home/spirals/danglot/.m2/repository/commons-logging/commons-logging/1.2/commons-logging-1.2.jar:/home/spirals/danglot/.m2/repository/cglib/cglib/3.2.6/cglib-3.2.6.jar:/home/spirals/danglot/.m2/repository/org/ow2/asm/asm/6.0/asm-6.0.jar:/home/spirals/danglot/.m2/repository/org/apache/ant/ant/1.9.6/ant-1.9.6.jar:/home/spirals/danglot/.m2/repository/org/apache/ant/ant-launcher/1.9.6/ant-launcher-1.9.6.jar:/home/spirals/danglot/.m2/repository/org/junit/vintage/junit-vintage-engine/5.1.0/junit-vintage-engine-5.1.0.jar:/home/spirals/danglot/.m2/repository/org/apiguardian/apiguardian-api/1.0.0/apiguardian-api-1.0.0.jar:/home/spirals/danglot/.m2/repository/org/junit/platform/junit-platform-engine/1.1.0/junit-platform-engine-1.1.0.jar:/home/spirals/danglot/.m2/repository/org/junit/platform/junit-platform-commons/1.1.0/junit-platform-commons-1.1.0.jar:/home/spirals/danglot/.m2/repository/org/opentest4j/opentest4j/1.0.0/opentest4j-1.0.0.jar:/home/spirals/danglot/.m2/repository/junit/junit/4.12/junit-4.12.jar:/home/spirals/danglot/.m2/repository/org/hamcrest/hamcrest-core/1.3/hamcrest-core-1.3.jar:/home/spirals/danglot/.m2/repository/org/hsqldb/hsqldb/2.4.0/hsqldb-2.4.0.jar:/home/spirals/danglot/.m2/repository/org/apache/derby/derby/10.14.1.0/derby-10.14.1.0.jar:/home/spirals/danglot/.m2/repository/org/mockito/mockito-core/2.16.0/mockito-core-2.16.0.jar:/home/spirals/danglot/.m2/repository/net/bytebuddy/byte-buddy/1.7.9/byte-buddy-1.7.9.jar:/home/spirals/danglot/.m2/repository/net/bytebuddy/byte-buddy-agent/1.7.9/byte-buddy-agent-1.7.9.jar:/home/spirals/danglot/.m2/repository/org/objenesis/objenesis/2.6/objenesis-2.6.jar:/home/spirals/danglot/.m2/repository/org/apache/commons/commons-dbcp2/2.2.0/commons-dbcp2-2.2.0.jar:/home/spirals/danglot/.m2/repository/org/apache/commons/commons-pool2/2.5.0/commons-pool2-2.5.0.jar:/home/spirals/danglot/.m2/repository/javax/transaction/javax.transaction-api/1.3/javax.transaction-api-1.3.jar:/home/spirals/danglot/.m2/repository/org/apache/velocity/velocity/1.7/velocity-1.7.jar:/home/spirals/danglot/.m2/repository/commons-collections/commons-collections/3.2.1/commons-collections-3.2.1.jar:/home/spirals/danglot/.m2/repository/commons-lang/commons-lang/2.4/commons-lang-2.4.jar:/home/spirals/danglot/.m2/repository/org/postgresql/postgresql/42.2.1/postgresql-42.2.1.jar:/home/spirals/danglot/.m2/repository/org/assertj/assertj-core/3.9.1/assertj-core-3.9.1.jar:/home/spirals/danglot/.m2/repository/eu/codearte/catch-exception/catch-exception/1.4.6/catch-exception-1.4.6.jar:/home/spirals/danglot/.m2/repository/ru/yandex/qatools/embed/postgresql-embedded/2.8/postgresql-embedded-2.8.jar:/home/spirals/danglot/.m2/repository/de/flapdoodle/embed/de.flapdoodle.embed.process/2.0.2/de.flapdoodle.embed.process-2.0.2.jar:/home/spirals/danglot/.m2/repository/commons-io/commons-io/2.4/commons-io-2.4.jar:/home/spirals/danglot/.m2/repository/org/apache/commons/commons-lang3/3.1/commons-lang3-3.1.jar:/home/spirals/danglot/.m2/repository/net/java/dev/jna/jna/4.0.0/jna-4.0.0.jar:/home/spirals/danglot/.m2/repository/net/java/dev/jna/jna-platform/4.0.0/jna-platform-4.0.0.jar:/home/spirals/danglot/.m2/repository/org/apache/commons/commons-compress/1.10/commons-compress-1.10.jar:/tmp/Ex2Amplifier-experiments/dataset/may-2018/mybatis-3/1250/target/classes:/tmp/Ex2Amplifier-experiments/target/dspot/dependencies:/tmp/Ex2Amplifier-experiments/dataset/may-2018/mybatis-3/1250/target/test-classes:lib/catg-dev.jar:/tmp/Ex2Amplifier-experiments/lib/catg-dev.jar:/tmp/Ex2Amplifier-experiments/lib/asm-all-5.0.4.jar:/tmp/Ex2Amplifier-experiments/lib/automaton-1.11-8.jar -ea org.apache.ibatis.submitted.keygen.Jdbc3KeyGeneratorTest
WARNING: 
java.lang.ArrayIndexOutOfBoundsException: 1
	at janala.interpreters.ObjectValue.setField(ObjectValue.java:104)
	at janala.interpreters.ConcolicInterpreter.visitPUTFIELD(ConcolicInterpreter.java:1395)
	at janala.logger.inst.PUTFIELD.visit(PUTFIELD.java:16)
	at janala.logger.DirectConcolicExecution.log(DirectConcolicExecution.java:58)
	at janala.logger.AbstractLogger.SPECIAL(AbstractLogger.java:706)
	at janala.logger.DJVM.SPECIAL(DJVM.java:708)
	at org.postgresql.util.SharedTimer.<init>(SharedTimer.java:19)
	at org.postgresql.Driver.<clinit>(Driver.java:66)
	at sun.reflect.NativeConstructorAccessorImpl.newInstance0(Native Method)
	at sun.reflect.NativeConstructorAccessorImpl.newInstance(NativeConstructorAccessorImpl.java:62)
	at sun.reflect.DelegatingConstructorAccessorImpl.newInstance(DelegatingConstructorAccessorImpl.java:45)
	at java.lang.reflect.Constructor.newInstance(Constructor.java:423)
	at java.lang.Class.newInstance(Class.java:442)
	at java.util.ServiceLoader$LazyIterator.nextService(ServiceLoader.java:380)
	at java.util.ServiceLoader$LazyIterator.next(ServiceLoader.java:404)
	at java.util.ServiceLoader$1.next(ServiceLoader.java:480)
	at java.sql.DriverManager$2.run(DriverManager.java:603)
	at java.sql.DriverManager$2.run(DriverManager.java:583)
	at java.security.AccessController.doPrivileged(Native Method)
	at java.sql.DriverManager.loadInitialDrivers(DriverManager.java:583)
	at java.sql.DriverManager.<clinit>(DriverManager.java:101)
	at org.apache.ibatis.datasource.unpooled.UnpooledDataSource.<clinit>(UnpooledDataSource.java:53)
	at org.apache.ibatis.datasource.unpooled.UnpooledDataSourceFactory.<init>(UnpooledDataSourceFactory.java:38)
	at sun.reflect.NativeConstructorAccessorImpl.newInstance0(Native Method)
	at sun.reflect.NativeConstructorAccessorImpl.newInstance(NativeConstructorAccessorImpl.java:62)
	at sun.reflect.DelegatingConstructorAccessorImpl.newInstance(DelegatingConstructorAccessorImpl.java:45)
	at java.lang.reflect.Constructor.newInstance(Constructor.java:423)
	at java.lang.Class.newInstance(Class.java:442)
	at org.apache.ibatis.builder.xml.XMLConfigBuilder.dataSourceElement(XMLConfigBuilder.java:325)
	at org.apache.ibatis.builder.xml.XMLConfigBuilder.environmentsElement(XMLConfigBuilder.java:280)
	at org.apache.ibatis.builder.xml.XMLConfigBuilder.parseConfiguration(XMLConfigBuilder.java:116)
	at org.apache.ibatis.builder.xml.XMLConfigBuilder.parse(XMLConfigBuilder.java:99)
	at org.apache.ibatis.session.SqlSessionFactoryBuilder.build(SqlSessionFactoryBuilder.java:50)
	at org.apache.ibatis.session.SqlSessionFactoryBuilder.build(SqlSessionFactoryBuilder.java:36)
	at org.apache.ibatis.submitted.keygen.Jdbc3KeyGeneratorTest.setUp(Jdbc3KeyGeneratorTest.java:10)
	at org.apache.ibatis.submitted.keygen.Jdbc3KeyGeneratorTest.main(Jdbc3KeyGeneratorTest.java:58)
Error: inputs (No such file or directory)
Exception in thread "main" java.lang.LinkageError: loader (instance of  sun/misc/Launcher$AppClassLoader): attempted  duplicate class definition for name: "javassist/CtClassType"
	at java.lang.ClassLoader.defineClass1(Native Method)
	at java.lang.ClassLoader.defineClass(ClassLoader.java:763)
	at java.security.SecureClassLoader.defineClass(SecureClassLoader.java:142)
	at java.net.URLClassLoader.defineClass(URLClassLoader.java:467)
	at java.net.URLClassLoader.access$100(URLClassLoader.java:73)
	at java.net.URLClassLoader$1.run(URLClassLoader.java:368)
	at java.net.URLClassLoader$1.run(URLClassLoader.java:362)
	at java.security.AccessController.doPrivileged(Native Method)
	at java.net.URLClassLoader.findClass(URLClassLoader.java:361)
	at java.lang.ClassLoader.loadClass(ClassLoader.java:424)
	at sun.misc.Launcher$AppClassLoader.loadClass(Launcher.java:331)
	at java.lang.ClassLoader.loadClass(ClassLoader.java:357)
	at java.lang.Class.forName0(Native Method)
	at java.lang.Class.forName(Class.java:264)
	at ognl.OgnlRuntime.<clinit>(OgnlRuntime.java:166)
	at org.apache.ibatis.scripting.xmltags.DynamicContext.<clinit>(DynamicContext.java:38)
	at org.apache.ibatis.scripting.defaults.RawSqlSource.getSql(RawSqlSource.java:50)
	at org.apache.ibatis.scripting.defaults.RawSqlSource.<init>(RawSqlSource.java:40)
	at org.apache.ibatis.scripting.xmltags.XMLScriptBuilder.parseScriptNode(XMLScriptBuilder.java:72)
	at org.apache.ibatis.scripting.xmltags.XMLLanguageDriver.createSqlSource(XMLLanguageDriver.java:44)
	at org.apache.ibatis.builder.xml.XMLStatementBuilder.parseStatementNode(XMLStatementBuilder.java:94)
	at org.apache.ibatis.builder.xml.XMLMapperBuilder.buildStatementFromContext(XMLMapperBuilder.java:135)
	at org.apache.ibatis.builder.xml.XMLMapperBuilder.buildStatementFromContext(XMLMapperBuilder.java:128)
	at org.apache.ibatis.builder.xml.XMLMapperBuilder.configurationElement(XMLMapperBuilder.java:118)
	at org.apache.ibatis.builder.xml.XMLMapperBuilder.parse(XMLMapperBuilder.java:92)
	at org.apache.ibatis.builder.xml.XMLConfigBuilder.mapperElement(XMLConfigBuilder.java:373)
	at org.apache.ibatis.builder.xml.XMLConfigBuilder.parseConfiguration(XMLConfigBuilder.java:119)
	at org.apache.ibatis.builder.xml.XMLConfigBuilder.parse(XMLConfigBuilder.java:99)
	at org.apache.ibatis.session.SqlSessionFactoryBuilder.build(SqlSessionFactoryBuilder.java:50)
	at org.apache.ibatis.session.SqlSessionFactoryBuilder.build(SqlSessionFactoryBuilder.java:36)
	at org.apache.ibatis.submitted.keygen.Jdbc3KeyGeneratorTest.setUp(Jdbc3KeyGeneratorTest.java:10)
	at org.apache.ibatis.submitted.keygen.Jdbc3KeyGeneratorTest.main(Jdbc3KeyGeneratorTest.java:58)
[75539] INFO Amplification - 0 amplified test(s) has been selected, global: 0
[75539] INFO DSpot - elapsedTime 10339
======= REPORT =======
0 amplified test fails on the new versions.

[75569] INFO DSpot - Print AmplJdbc3KeyGeneratorTest with 0?amplified test cases in results/may-2018/mybatis-3/1250/CATG
