SLF4J: Class path contains multiple SLF4J bindings.
SLF4J: Found binding in [jar:file:/home/spirals/danglot/.m2/repository/eu/stamp-project/test-runner/1.0.8/test-runner-1.0.8-jar-with-dependencies.jar!/org/slf4j/impl/StaticLoggerBinder.class]
SLF4J: Found binding in [jar:file:/home/spirals/danglot/.m2/repository/org/slf4j/slf4j-log4j12/1.7.25/slf4j-log4j12-1.7.25.jar!/org/slf4j/impl/StaticLoggerBinder.class]
SLF4J: See http://www.slf4j.org/codes.html#multiple_bindings for an explanation.
SLF4J: Actual binding is of type [org.slf4j.impl.Log4jLoggerFactory]
[0] WARN AutomaticBuilderFactory - No automatic builder specified in configuration, going to default.
[1] INFO AutomaticBuilderFactory - Default: provided Maven automatic builder.
[18] INFO MavenAutomaticBuilder - run maven clean test -DskipTests dependency:build-classpath -Dmdep.outputFile=target/dspot/classpath
[WARN] Maven will be executed in interactive mode, but no input stream has been configured for this MavenInvoker instance.
[INFO] Scanning for projects...
[INFO]                                                                         
[INFO] ------------------------------------------------------------------------
[INFO] Building mybatis 3.4.6-SNAPSHOT
[INFO] ------------------------------------------------------------------------
[INFO] 
[INFO] --- maven-clean-plugin:3.0.0:clean (default-clean) @ mybatis ---
[INFO] Deleting /tmp/Ex2Amplifier-experiments/dataset/may-2018/mybatis-3/1149/target
[INFO] 
[INFO] --- maven-enforcer-plugin:1.4.1:enforce (enforce-java) @ mybatis ---
[INFO] Skipping Rule Enforcement.
[INFO] 
[INFO] --- jacoco-maven-plugin:0.7.9:prepare-agent (prepare-agent) @ mybatis ---
[INFO] argLine set to -javaagent:/home/spirals/danglot/.m2/repository/org/jacoco/org.jacoco.agent/0.7.9/org.jacoco.agent-0.7.9-runtime.jar=destfile=/tmp/Ex2Amplifier-experiments/dataset/may-2018/mybatis-3/1149/target/jacoco.exec,excludes=org.apache.ibatis.ognl.*:org.apache.ibatis.javassist.*
[INFO] 
[INFO] --- maven-resources-plugin:3.0.2:resources (default-resources) @ mybatis ---
[INFO] Using 'UTF-8' encoding to copy filtered resources.
[INFO] Copying 2 resources to META-INF
[INFO] Copying 2 resources
[INFO] 
[INFO] --- maven-compiler-plugin:3.6.1:compile (default-compile) @ mybatis ---
[INFO] Compiling 380 source files to /tmp/Ex2Amplifier-experiments/dataset/may-2018/mybatis-3/1149/target/classes
[INFO] /tmp/Ex2Amplifier-experiments/dataset/may-2018/mybatis-3/1149/src/main/java/org/apache/ibatis/reflection/MetaObject.java: Some input files use unchecked or unsafe operations.
[INFO] /tmp/Ex2Amplifier-experiments/dataset/may-2018/mybatis-3/1149/src/main/java/org/apache/ibatis/reflection/MetaObject.java: Recompile with -Xlint:unchecked for details.
[INFO] 
[INFO] --- license-maven-plugin:3.0:format (default) @ mybatis ---
[INFO] 
[INFO] --- animal-sniffer-maven-plugin:1.15:check (check-java-1.6-compat) @ mybatis ---
[INFO] Checking unresolved references to org.codehaus.mojo.signature:java16:1.1
[INFO] 
[INFO] --- maven-bundle-plugin:3.3.0:manifest (bundle-manifest) @ mybatis ---
[INFO] 
[INFO] --- maven-resources-plugin:3.0.2:testResources (default-testResources) @ mybatis ---
[INFO] Using 'UTF-8' encoding to copy filtered resources.
[INFO] Copying 460 resources
[INFO] 
[INFO] --- maven-compiler-plugin:3.6.1:testCompile (default-testCompile) @ mybatis ---
[INFO] Compiling 748 source files to /tmp/Ex2Amplifier-experiments/dataset/may-2018/mybatis-3/1149/target/test-classes
[INFO] /tmp/Ex2Amplifier-experiments/dataset/may-2018/mybatis-3/1149/src/test/java/org/apache/ibatis/jdbc/SelectBuilderTest.java: Some input files use or override a deprecated API.
[INFO] /tmp/Ex2Amplifier-experiments/dataset/may-2018/mybatis-3/1149/src/test/java/org/apache/ibatis/jdbc/SelectBuilderTest.java: Recompile with -Xlint:deprecation for details.
[INFO] /tmp/Ex2Amplifier-experiments/dataset/may-2018/mybatis-3/1149/src/test/java/org/apache/ibatis/submitted/custom_collection_handling/CustomObjectWrapper.java: Some input files use unchecked or unsafe operations.
[INFO] /tmp/Ex2Amplifier-experiments/dataset/may-2018/mybatis-3/1149/src/test/java/org/apache/ibatis/submitted/custom_collection_handling/CustomObjectWrapper.java: Recompile with -Xlint:unchecked for details.
[INFO] 
[INFO] --- maven-surefire-plugin:2.20:test (default-test) @ mybatis ---
[INFO] Tests are skipped.
[INFO] 
[INFO] --- maven-dependency-plugin:3.0.1:build-classpath (default-cli) @ mybatis ---
[INFO] Wrote classpath file '/tmp/Ex2Amplifier-experiments/dataset/may-2018/mybatis-3/1149/target/dspot/classpath'.
[INFO] ------------------------------------------------------------------------
[INFO] BUILD SUCCESS
[INFO] ------------------------------------------------------------------------
[INFO] Total time: 26.911 s
[INFO] Finished at: 2018-06-11T16:56:38+02:00
[INFO] Final Memory: 55M/2376M
[INFO] ------------------------------------------------------------------------
[40502] ERROR JDTCommentBuilder - // target for test (ordinal number -> Enum constant) is not added into the AST
spoon.reflect.declaration.ParentNotInitializedException: parent not initialized for class spoon.support.reflect.code.CtCommentImpl (/tmp/Ex2Amplifier-experiments/dataset/may-2018/mybatis-3/1149/src/test/java/org/apache/ibatis/submitted/enumtypehandler_on_annotation/PersonMapper.java:46)
	at spoon.support.reflect.declaration.CtElementImpl.getParent(CtElementImpl.java:340)
	at spoon.support.compiler.jdt.JDTCommentBuilder.insertCommentInAST(JDTCommentBuilder.java:474)
	at spoon.support.compiler.jdt.JDTCommentBuilder.buildComment(JDTCommentBuilder.java:152)
	at spoon.support.compiler.jdt.JDTCommentBuilder.build(JDTCommentBuilder.java:108)
	at spoon.support.compiler.jdt.JDTBasedSpoonCompiler.buildModel(JDTBasedSpoonCompiler.java:417)
	at spoon.support.compiler.jdt.JDTBasedSpoonCompiler.buildUnitsAndModel(JDTBasedSpoonCompiler.java:362)
	at spoon.support.compiler.jdt.JDTBasedSpoonCompiler.buildSources(JDTBasedSpoonCompiler.java:335)
	at spoon.support.compiler.jdt.JDTBasedSpoonCompiler.build(JDTBasedSpoonCompiler.java:116)
	at spoon.support.compiler.jdt.JDTBasedSpoonCompiler.build(JDTBasedSpoonCompiler.java:99)
	at spoon.Launcher.buildModel(Launcher.java:724)
	at eu.stamp_project.utils.compilation.DSpotCompiler.getSpoonModelOf(DSpotCompiler.java:103)
	at eu.stamp_project.utils.compilation.DSpotCompiler.createDSpotCompiler(DSpotCompiler.java:31)
	at eu.stamp_project.dspot.DSpot.<init>(DSpot.java:108)
	at eu.stamp_project.Main.lambda$run$2(Main.java:141)
	at java.util.stream.ForEachOps$ForEachOp$OfRef.accept(ForEachOps.java:184)
	at java.util.stream.ReferencePipeline$2$1.accept(ReferencePipeline.java:175)
	at java.util.ArrayList$ArrayListSpliterator.forEachRemaining(ArrayList.java:1374)
	at java.util.stream.AbstractPipeline.copyInto(AbstractPipeline.java:481)
	at java.util.stream.AbstractPipeline.wrapAndCopyInto(AbstractPipeline.java:471)
	at java.util.stream.ForEachOps$ForEachOp.evaluateSequential(ForEachOps.java:151)
	at java.util.stream.ForEachOps$ForEachOp$OfRef.evaluateSequential(ForEachOps.java:174)
	at java.util.stream.AbstractPipeline.evaluate(AbstractPipeline.java:234)
	at java.util.stream.ReferencePipeline.forEach(ReferencePipeline.java:418)
	at eu.stamp_project.Main.run(Main.java:124)
	at eu.stamp_project.Main.main(Main.java:95)
[40507] ERROR JDTCommentBuilder - // Switch using enum constant name(PERSON or EMPLOYEE) at cases attribute is not added into the AST
spoon.reflect.declaration.ParentNotInitializedException: parent not initialized for class spoon.support.reflect.code.CtCommentImpl (/tmp/Ex2Amplifier-experiments/dataset/may-2018/mybatis-3/1149/src/test/java/org/apache/ibatis/submitted/enumtypehandler_on_annotation/PersonMapper.java:48)
	at spoon.support.reflect.declaration.CtElementImpl.getParent(CtElementImpl.java:340)
	at spoon.support.compiler.jdt.JDTCommentBuilder.insertCommentInAST(JDTCommentBuilder.java:474)
	at spoon.support.compiler.jdt.JDTCommentBuilder.buildComment(JDTCommentBuilder.java:152)
	at spoon.support.compiler.jdt.JDTCommentBuilder.build(JDTCommentBuilder.java:108)
	at spoon.support.compiler.jdt.JDTBasedSpoonCompiler.buildModel(JDTBasedSpoonCompiler.java:417)
	at spoon.support.compiler.jdt.JDTBasedSpoonCompiler.buildUnitsAndModel(JDTBasedSpoonCompiler.java:362)
	at spoon.support.compiler.jdt.JDTBasedSpoonCompiler.buildSources(JDTBasedSpoonCompiler.java:335)
	at spoon.support.compiler.jdt.JDTBasedSpoonCompiler.build(JDTBasedSpoonCompiler.java:116)
	at spoon.support.compiler.jdt.JDTBasedSpoonCompiler.build(JDTBasedSpoonCompiler.java:99)
	at spoon.Launcher.buildModel(Launcher.java:724)
	at eu.stamp_project.utils.compilation.DSpotCompiler.getSpoonModelOf(DSpotCompiler.java:103)
	at eu.stamp_project.utils.compilation.DSpotCompiler.createDSpotCompiler(DSpotCompiler.java:31)
	at eu.stamp_project.dspot.DSpot.<init>(DSpot.java:108)
	at eu.stamp_project.Main.lambda$run$2(Main.java:141)
	at java.util.stream.ForEachOps$ForEachOp$OfRef.accept(ForEachOps.java:184)
	at java.util.stream.ReferencePipeline$2$1.accept(ReferencePipeline.java:175)
	at java.util.ArrayList$ArrayListSpliterator.forEachRemaining(ArrayList.java:1374)
	at java.util.stream.AbstractPipeline.copyInto(AbstractPipeline.java:481)
	at java.util.stream.AbstractPipeline.wrapAndCopyInto(AbstractPipeline.java:471)
	at java.util.stream.ForEachOps$ForEachOp.evaluateSequential(ForEachOps.java:151)
	at java.util.stream.ForEachOps$ForEachOp$OfRef.evaluateSequential(ForEachOps.java:174)
	at java.util.stream.AbstractPipeline.evaluate(AbstractPipeline.java:234)
	at java.util.stream.ReferencePipeline.forEach(ReferencePipeline.java:418)
	at eu.stamp_project.Main.run(Main.java:124)
	at eu.stamp_project.Main.main(Main.java:95)
[40614] ERROR JDTCommentBuilder - // Interface Mapper is not added into the AST
spoon.reflect.declaration.ParentNotInitializedException: parent not initialized for class spoon.support.reflect.code.CtCommentImpl (/tmp/Ex2Amplifier-experiments/dataset/may-2018/mybatis-3/1149/src/main/java/org/apache/ibatis/annotations/Mapper.java:39)
	at spoon.support.reflect.declaration.CtElementImpl.getParent(CtElementImpl.java:340)
	at spoon.support.compiler.jdt.JDTCommentBuilder.insertCommentInAST(JDTCommentBuilder.java:474)
	at spoon.support.compiler.jdt.JDTCommentBuilder.buildComment(JDTCommentBuilder.java:152)
	at spoon.support.compiler.jdt.JDTCommentBuilder.build(JDTCommentBuilder.java:108)
	at spoon.support.compiler.jdt.JDTBasedSpoonCompiler.buildModel(JDTBasedSpoonCompiler.java:417)
	at spoon.support.compiler.jdt.JDTBasedSpoonCompiler.buildUnitsAndModel(JDTBasedSpoonCompiler.java:362)
	at spoon.support.compiler.jdt.JDTBasedSpoonCompiler.buildSources(JDTBasedSpoonCompiler.java:335)
	at spoon.support.compiler.jdt.JDTBasedSpoonCompiler.build(JDTBasedSpoonCompiler.java:116)
	at spoon.support.compiler.jdt.JDTBasedSpoonCompiler.build(JDTBasedSpoonCompiler.java:99)
	at spoon.Launcher.buildModel(Launcher.java:724)
	at eu.stamp_project.utils.compilation.DSpotCompiler.getSpoonModelOf(DSpotCompiler.java:103)
	at eu.stamp_project.utils.compilation.DSpotCompiler.createDSpotCompiler(DSpotCompiler.java:31)
	at eu.stamp_project.dspot.DSpot.<init>(DSpot.java:108)
	at eu.stamp_project.Main.lambda$run$2(Main.java:141)
	at java.util.stream.ForEachOps$ForEachOp$OfRef.accept(ForEachOps.java:184)
	at java.util.stream.ReferencePipeline$2$1.accept(ReferencePipeline.java:175)
	at java.util.ArrayList$ArrayListSpliterator.forEachRemaining(ArrayList.java:1374)
	at java.util.stream.AbstractPipeline.copyInto(AbstractPipeline.java:481)
	at java.util.stream.AbstractPipeline.wrapAndCopyInto(AbstractPipeline.java:471)
	at java.util.stream.ForEachOps$ForEachOp.evaluateSequential(ForEachOps.java:151)
	at java.util.stream.ForEachOps$ForEachOp$OfRef.evaluateSequential(ForEachOps.java:174)
	at java.util.stream.AbstractPipeline.evaluate(AbstractPipeline.java:234)
	at java.util.stream.ReferencePipeline.forEach(ReferencePipeline.java:418)
	at eu.stamp_project.Main.run(Main.java:124)
	at eu.stamp_project.Main.main(Main.java:95)
[41059] ERROR JDTCommentBuilder - /* because ResultHandler<?> is always ResultHandler<Object> */ is not added into the AST
spoon.reflect.declaration.ParentNotInitializedException: parent not initialized for class spoon.support.reflect.code.CtCommentImpl (/tmp/Ex2Amplifier-experiments/dataset/may-2018/mybatis-3/1149/src/main/java/org/apache/ibatis/executor/resultset/DefaultResultSetHandler.java:368)
	at spoon.support.reflect.declaration.CtElementImpl.getParent(CtElementImpl.java:340)
	at spoon.support.compiler.jdt.JDTCommentBuilder.insertCommentInAST(JDTCommentBuilder.java:474)
	at spoon.support.compiler.jdt.JDTCommentBuilder.buildComment(JDTCommentBuilder.java:152)
	at spoon.support.compiler.jdt.JDTCommentBuilder.build(JDTCommentBuilder.java:108)
	at spoon.support.compiler.jdt.JDTBasedSpoonCompiler.buildModel(JDTBasedSpoonCompiler.java:417)
	at spoon.support.compiler.jdt.JDTBasedSpoonCompiler.buildUnitsAndModel(JDTBasedSpoonCompiler.java:362)
	at spoon.support.compiler.jdt.JDTBasedSpoonCompiler.buildSources(JDTBasedSpoonCompiler.java:335)
	at spoon.support.compiler.jdt.JDTBasedSpoonCompiler.build(JDTBasedSpoonCompiler.java:116)
	at spoon.support.compiler.jdt.JDTBasedSpoonCompiler.build(JDTBasedSpoonCompiler.java:99)
	at spoon.Launcher.buildModel(Launcher.java:724)
	at eu.stamp_project.utils.compilation.DSpotCompiler.getSpoonModelOf(DSpotCompiler.java:103)
	at eu.stamp_project.utils.compilation.DSpotCompiler.createDSpotCompiler(DSpotCompiler.java:31)
	at eu.stamp_project.dspot.DSpot.<init>(DSpot.java:108)
	at eu.stamp_project.Main.lambda$run$2(Main.java:141)
	at java.util.stream.ForEachOps$ForEachOp$OfRef.accept(ForEachOps.java:184)
	at java.util.stream.ReferencePipeline$2$1.accept(ReferencePipeline.java:175)
	at java.util.ArrayList$ArrayListSpliterator.forEachRemaining(ArrayList.java:1374)
	at java.util.stream.AbstractPipeline.copyInto(AbstractPipeline.java:481)
	at java.util.stream.AbstractPipeline.wrapAndCopyInto(AbstractPipeline.java:471)
	at java.util.stream.ForEachOps$ForEachOp.evaluateSequential(ForEachOps.java:151)
	at java.util.stream.ForEachOps$ForEachOp$OfRef.evaluateSequential(ForEachOps.java:174)
	at java.util.stream.AbstractPipeline.evaluate(AbstractPipeline.java:234)
	at java.util.stream.ReferencePipeline.forEach(ReferencePipeline.java:418)
	at eu.stamp_project.Main.run(Main.java:124)
	at eu.stamp_project.Main.main(Main.java:95)
[47365] WARN AutomaticBuilderFactory - No automatic builder specified in configuration, going to default.
[47365] INFO AutomaticBuilderFactory - Default: provided Maven automatic builder.
[47366] INFO MavenAutomaticBuilder - run maven clean test -DskipTests dependency:build-classpath -Dmdep.outputFile=target/dspot/classpath
[WARN] Maven will be executed in interactive mode, but no input stream has been configured for this MavenInvoker instance.
[INFO] Scanning for projects...
[INFO]                                                                         
[INFO] ------------------------------------------------------------------------
[INFO] Building mybatis 3.4.6-SNAPSHOT
[INFO] ------------------------------------------------------------------------
[INFO] 
[INFO] --- maven-clean-plugin:3.0.0:clean (default-clean) @ mybatis ---
[INFO] 
[INFO] --- maven-enforcer-plugin:1.4.1:enforce (enforce-java) @ mybatis ---
[INFO] Skipping Rule Enforcement.
[INFO] 
[INFO] --- jacoco-maven-plugin:0.7.9:prepare-agent (prepare-agent) @ mybatis ---
[INFO] argLine set to -javaagent:/home/spirals/danglot/.m2/repository/org/jacoco/org.jacoco.agent/0.7.9/org.jacoco.agent-0.7.9-runtime.jar=destfile=/tmp/Ex2Amplifier-experiments/dataset/may-2018/mybatis-3/1149_modified/target/jacoco.exec,excludes=org.apache.ibatis.ognl.*:org.apache.ibatis.javassist.*
[INFO] 
[INFO] --- maven-resources-plugin:3.0.2:resources (default-resources) @ mybatis ---
[INFO] Using 'UTF-8' encoding to copy filtered resources.
[INFO] Copying 2 resources to META-INF
[INFO] Copying 2 resources
[INFO] 
[INFO] --- maven-compiler-plugin:3.6.1:compile (default-compile) @ mybatis ---
[INFO] Compiling 380 source files to /tmp/Ex2Amplifier-experiments/dataset/may-2018/mybatis-3/1149_modified/target/classes
[INFO] /tmp/Ex2Amplifier-experiments/dataset/may-2018/mybatis-3/1149_modified/src/main/java/org/apache/ibatis/reflection/MetaObject.java: Some input files use unchecked or unsafe operations.
[INFO] /tmp/Ex2Amplifier-experiments/dataset/may-2018/mybatis-3/1149_modified/src/main/java/org/apache/ibatis/reflection/MetaObject.java: Recompile with -Xlint:unchecked for details.
[INFO] 
[INFO] --- license-maven-plugin:3.0:format (default) @ mybatis ---
[INFO] 
[INFO] --- animal-sniffer-maven-plugin:1.15:check (check-java-1.6-compat) @ mybatis ---
[INFO] Checking unresolved references to org.codehaus.mojo.signature:java16:1.1
[INFO] 
[INFO] --- maven-bundle-plugin:3.3.0:manifest (bundle-manifest) @ mybatis ---
[INFO] 
[INFO] --- maven-resources-plugin:3.0.2:testResources (default-testResources) @ mybatis ---
[INFO] Using 'UTF-8' encoding to copy filtered resources.
[INFO] Copying 460 resources
[INFO] 
[INFO] --- maven-compiler-plugin:3.6.1:testCompile (default-testCompile) @ mybatis ---
[INFO] Compiling 748 source files to /tmp/Ex2Amplifier-experiments/dataset/may-2018/mybatis-3/1149_modified/target/test-classes
[INFO] /tmp/Ex2Amplifier-experiments/dataset/may-2018/mybatis-3/1149_modified/src/test/java/org/apache/ibatis/jdbc/SqlBuilderTest.java: Some input files use or override a deprecated API.
[INFO] /tmp/Ex2Amplifier-experiments/dataset/may-2018/mybatis-3/1149_modified/src/test/java/org/apache/ibatis/jdbc/SqlBuilderTest.java: Recompile with -Xlint:deprecation for details.
[INFO] /tmp/Ex2Amplifier-experiments/dataset/may-2018/mybatis-3/1149_modified/src/test/java/org/apache/ibatis/executor/ResultExtractorTest.java: Some input files use unchecked or unsafe operations.
[INFO] /tmp/Ex2Amplifier-experiments/dataset/may-2018/mybatis-3/1149_modified/src/test/java/org/apache/ibatis/executor/ResultExtractorTest.java: Recompile with -Xlint:unchecked for details.
[INFO] 
[INFO] --- maven-surefire-plugin:2.20:test (default-test) @ mybatis ---
[INFO] Tests are skipped.
[INFO] 
[INFO] --- maven-dependency-plugin:3.0.1:build-classpath (default-cli) @ mybatis ---
[INFO] Wrote classpath file '/tmp/Ex2Amplifier-experiments/dataset/may-2018/mybatis-3/1149_modified/target/dspot/classpath'.
[INFO] ------------------------------------------------------------------------
[INFO] BUILD SUCCESS
[INFO] ------------------------------------------------------------------------
[INFO] Total time: 26.370 s
[INFO] Finished at: 2018-06-11T16:57:25+02:00
[INFO] Final Memory: 54M/2383M
[INFO] ------------------------------------------------------------------------
[76993] INFO SelectorOnDiff - Selecting according to a diff between dataset/may-2018/mybatis-3/1149/ and dataset/may-2018/mybatis-3/1149_modified/ (aec7fb515766d52ad055bdba5b1dc156977573ca)
[77019] INFO SelectorOnDiff - Modified files:
a/src/test/java/org/apache/ibatis/reflection/factory/DefaultObjectFactoryTest.java
a/src/main/java/org/apache/ibatis/reflection/factory/DefaultObjectFactory.java
a/src/main/java/org/apache/ibatis/scripting/xmltags/XMLScriptBuilder.java
a/src/test/java/org/apache/ibatis/builder/xml/dynamic/ExpressionEvaluatorTest.java
a/src/main/java/org/apache/ibatis/scripting/xmltags/ExpressionEvaluator.java
[80183] INFO SelectorOnDiff - Select 2 modified test methods
[85438] INFO SelectorOnDiff - Select 2 test methods that execute directly modified methods
[85465] INFO Amplification - amplification of org.apache.ibatis.reflection.factory.DefaultObjectFactoryTest (2 test(s))
[85697] INFO EntryPoint - Run: java -cp /tmp/Ex2Amplifier-experiments/dataset/may-2018/mybatis-3/1149/target/test-classes:/tmp/Ex2Amplifier-experiments/dataset/may-2018/mybatis-3/1149/target/classes:/home/spirals/danglot/.m2/repository/ognl/ognl/3.1.16/ognl-3.1.16.jar:/home/spirals/danglot/.m2/repository/org/javassist/javassist/3.22.0-GA/javassist-3.22.0-GA.jar:/home/spirals/danglot/.m2/repository/org/slf4j/slf4j-api/1.7.25/slf4j-api-1.7.25.jar:/home/spirals/danglot/.m2/repository/org/slf4j/slf4j-log4j12/1.7.25/slf4j-log4j12-1.7.25.jar:/home/spirals/danglot/.m2/repository/log4j/log4j/1.2.17/log4j-1.2.17.jar:/home/spirals/danglot/.m2/repository/org/apache/logging/log4j/log4j-core/2.3/log4j-core-2.3.jar:/home/spirals/danglot/.m2/repository/org/apache/logging/log4j/log4j-api/2.3/log4j-api-2.3.jar:/home/spirals/danglot/.m2/repository/commons-logging/commons-logging/1.2/commons-logging-1.2.jar:/home/spirals/danglot/.m2/repository/cglib/cglib/3.2.5/cglib-3.2.5.jar:/home/spirals/danglot/.m2/repository/org/ow2/asm/asm/5.2/asm-5.2.jar:/home/spirals/danglot/.m2/repository/org/apache/ant/ant/1.9.6/ant-1.9.6.jar:/home/spirals/danglot/.m2/repository/org/apache/ant/ant-launcher/1.9.6/ant-launcher-1.9.6.jar:/home/spirals/danglot/.m2/repository/junit/junit/4.12/junit-4.12.jar:/home/spirals/danglot/.m2/repository/org/hamcrest/hamcrest-core/1.3/hamcrest-core-1.3.jar:/home/spirals/danglot/.m2/repository/org/hsqldb/hsqldb/2.3.5/hsqldb-2.3.5.jar:/home/spirals/danglot/.m2/repository/org/apache/derby/derby/10.12.1.1/derby-10.12.1.1.jar:/home/spirals/danglot/.m2/repository/org/mockito/mockito-core/2.12.0/mockito-core-2.12.0.jar:/home/spirals/danglot/.m2/repository/net/bytebuddy/byte-buddy/1.7.9/byte-buddy-1.7.9.jar:/home/spirals/danglot/.m2/repository/net/bytebuddy/byte-buddy-agent/1.7.9/byte-buddy-agent-1.7.9.jar:/home/spirals/danglot/.m2/repository/org/objenesis/objenesis/2.6/objenesis-2.6.jar:/home/spirals/danglot/.m2/repository/commons-dbcp/commons-dbcp/1.4/commons-dbcp-1.4.jar:/home/spirals/danglot/.m2/repository/commons-pool/commons-pool/1.5.4/commons-pool-1.5.4.jar:/home/spirals/danglot/.m2/repository/org/jboss/spec/javax/transaction/jboss-transaction-api_1.2_spec/1.0.1.Final/jboss-transaction-api_1.2_spec-1.0.1.Final.jar:/home/spirals/danglot/.m2/repository/org/apache/velocity/velocity/1.7/velocity-1.7.jar:/home/spirals/danglot/.m2/repository/commons-collections/commons-collections/3.2.1/commons-collections-3.2.1.jar:/home/spirals/danglot/.m2/repository/commons-lang/commons-lang/2.4/commons-lang-2.4.jar:/home/spirals/danglot/.m2/repository/org/postgresql/postgresql/42.1.4.jre6/postgresql-42.1.4.jre6.jar:/home/spirals/danglot/.m2/repository/org/assertj/assertj-core/1.7.1/assertj-core-1.7.1.jar:/home/spirals/danglot/.m2/repository/eu/codearte/catch-exception/catch-exception/1.4.4/catch-exception-1.4.4.jar:/home/spirals/danglot/.m2/repository/ru/yandex/qatools/embed/postgresql-embedded/2.5/postgresql-embedded-2.5.jar:/home/spirals/danglot/.m2/repository/de/flapdoodle/embed/de.flapdoodle.embed.process/2.0.1/de.flapdoodle.embed.process-2.0.1.jar:/home/spirals/danglot/.m2/repository/commons-io/commons-io/2.4/commons-io-2.4.jar:/home/spirals/danglot/.m2/repository/org/apache/commons/commons-lang3/3.1/commons-lang3-3.1.jar:/home/spirals/danglot/.m2/repository/net/java/dev/jna/jna/4.0.0/jna-4.0.0.jar:/home/spirals/danglot/.m2/repository/net/java/dev/jna/jna-platform/4.0.0/jna-platform-4.0.0.jar:/home/spirals/danglot/.m2/repository/org/apache/commons/commons-compress/1.10/commons-compress-1.10.jar:/tmp/Ex2Amplifier-experiments/target/dspot/dependencies:/home/spirals/danglot/.m2/repository/eu/stamp-project/test-runner/1.0.8/test-runner-1.0.8-jar-with-dependencies.jar eu.stamp_project.testrunner.runner.test.TestRunner org.apache.ibatis.reflection.factory.DefaultObjectFactoryTest instantiateClassThrowsProperErrorMsg:instantiateClass
File saved to the following path: /tmp/Ex2Amplifier-experiments/dataset/may-2018/mybatis-3/1149/target/dspot/TestListener.ser
[86458] INFO EntryPoint - Test has been run: instantiateClassThrowsProperErrorMsg,instantiateClass
[86458] INFO Amplification - Try to add assertions before amplification
[86503] INFO AssertGenerator - Run tests. (2)
[86660] INFO EntryPoint - Run: java -cp /tmp/Ex2Amplifier-experiments/dataset/may-2018/mybatis-3/1149/target/test-classes:/tmp/Ex2Amplifier-experiments/dataset/may-2018/mybatis-3/1149/target/classes:/home/spirals/danglot/.m2/repository/ognl/ognl/3.1.16/ognl-3.1.16.jar:/home/spirals/danglot/.m2/repository/org/javassist/javassist/3.22.0-GA/javassist-3.22.0-GA.jar:/home/spirals/danglot/.m2/repository/org/slf4j/slf4j-api/1.7.25/slf4j-api-1.7.25.jar:/home/spirals/danglot/.m2/repository/org/slf4j/slf4j-log4j12/1.7.25/slf4j-log4j12-1.7.25.jar:/home/spirals/danglot/.m2/repository/log4j/log4j/1.2.17/log4j-1.2.17.jar:/home/spirals/danglot/.m2/repository/org/apache/logging/log4j/log4j-core/2.3/log4j-core-2.3.jar:/home/spirals/danglot/.m2/repository/org/apache/logging/log4j/log4j-api/2.3/log4j-api-2.3.jar:/home/spirals/danglot/.m2/repository/commons-logging/commons-logging/1.2/commons-logging-1.2.jar:/home/spirals/danglot/.m2/repository/cglib/cglib/3.2.5/cglib-3.2.5.jar:/home/spirals/danglot/.m2/repository/org/ow2/asm/asm/5.2/asm-5.2.jar:/home/spirals/danglot/.m2/repository/org/apache/ant/ant/1.9.6/ant-1.9.6.jar:/home/spirals/danglot/.m2/repository/org/apache/ant/ant-launcher/1.9.6/ant-launcher-1.9.6.jar:/home/spirals/danglot/.m2/repository/junit/junit/4.12/junit-4.12.jar:/home/spirals/danglot/.m2/repository/org/hamcrest/hamcrest-core/1.3/hamcrest-core-1.3.jar:/home/spirals/danglot/.m2/repository/org/hsqldb/hsqldb/2.3.5/hsqldb-2.3.5.jar:/home/spirals/danglot/.m2/repository/org/apache/derby/derby/10.12.1.1/derby-10.12.1.1.jar:/home/spirals/danglot/.m2/repository/org/mockito/mockito-core/2.12.0/mockito-core-2.12.0.jar:/home/spirals/danglot/.m2/repository/net/bytebuddy/byte-buddy/1.7.9/byte-buddy-1.7.9.jar:/home/spirals/danglot/.m2/repository/net/bytebuddy/byte-buddy-agent/1.7.9/byte-buddy-agent-1.7.9.jar:/home/spirals/danglot/.m2/repository/org/objenesis/objenesis/2.6/objenesis-2.6.jar:/home/spirals/danglot/.m2/repository/commons-dbcp/commons-dbcp/1.4/commons-dbcp-1.4.jar:/home/spirals/danglot/.m2/repository/commons-pool/commons-pool/1.5.4/commons-pool-1.5.4.jar:/home/spirals/danglot/.m2/repository/org/jboss/spec/javax/transaction/jboss-transaction-api_1.2_spec/1.0.1.Final/jboss-transaction-api_1.2_spec-1.0.1.Final.jar:/home/spirals/danglot/.m2/repository/org/apache/velocity/velocity/1.7/velocity-1.7.jar:/home/spirals/danglot/.m2/repository/commons-collections/commons-collections/3.2.1/commons-collections-3.2.1.jar:/home/spirals/danglot/.m2/repository/commons-lang/commons-lang/2.4/commons-lang-2.4.jar:/home/spirals/danglot/.m2/repository/org/postgresql/postgresql/42.1.4.jre6/postgresql-42.1.4.jre6.jar:/home/spirals/danglot/.m2/repository/org/assertj/assertj-core/1.7.1/assertj-core-1.7.1.jar:/home/spirals/danglot/.m2/repository/eu/codearte/catch-exception/catch-exception/1.4.4/catch-exception-1.4.4.jar:/home/spirals/danglot/.m2/repository/ru/yandex/qatools/embed/postgresql-embedded/2.5/postgresql-embedded-2.5.jar:/home/spirals/danglot/.m2/repository/de/flapdoodle/embed/de.flapdoodle.embed.process/2.0.1/de.flapdoodle.embed.process-2.0.1.jar:/home/spirals/danglot/.m2/repository/commons-io/commons-io/2.4/commons-io-2.4.jar:/home/spirals/danglot/.m2/repository/org/apache/commons/commons-lang3/3.1/commons-lang3-3.1.jar:/home/spirals/danglot/.m2/repository/net/java/dev/jna/jna/4.0.0/jna-4.0.0.jar:/home/spirals/danglot/.m2/repository/net/java/dev/jna/jna-platform/4.0.0/jna-platform-4.0.0.jar:/home/spirals/danglot/.m2/repository/org/apache/commons/commons-compress/1.10/commons-compress-1.10.jar:/tmp/Ex2Amplifier-experiments/target/dspot/dependencies:/home/spirals/danglot/.m2/repository/eu/stamp-project/test-runner/1.0.8/test-runner-1.0.8-jar-with-dependencies.jar eu.stamp_project.testrunner.runner.test.TestRunner org.apache.ibatis.reflection.factory.DefaultObjectFactoryTest instantiateClassThrowsProperErrorMsg:instantiateClass
File saved to the following path: /tmp/Ex2Amplifier-experiments/dataset/may-2018/mybatis-3/1149/target/dspot/TestListener.ser
[87421] INFO EntryPoint - Test has been run: instantiateClassThrowsProperErrorMsg,instantiateClass
[87421] INFO AssertGenerator - 2 test pass, generating assertion...
[87425] INFO MethodsAssertGenerator - Add observations points in passing tests.
[87425] INFO MethodsAssertGenerator - Instrumentation...
 50% |========================= ]/100% |================================================== ]-
[87489] INFO MethodsAssertGenerator - Run instrumented tests. (6)
[87688] INFO EntryPoint - Run: java -cp /tmp/Ex2Amplifier-experiments/dataset/may-2018/mybatis-3/1149/target/test-classes:/tmp/Ex2Amplifier-experiments/dataset/may-2018/mybatis-3/1149/target/classes:/home/spirals/danglot/.m2/repository/ognl/ognl/3.1.16/ognl-3.1.16.jar:/home/spirals/danglot/.m2/repository/org/javassist/javassist/3.22.0-GA/javassist-3.22.0-GA.jar:/home/spirals/danglot/.m2/repository/org/slf4j/slf4j-api/1.7.25/slf4j-api-1.7.25.jar:/home/spirals/danglot/.m2/repository/org/slf4j/slf4j-log4j12/1.7.25/slf4j-log4j12-1.7.25.jar:/home/spirals/danglot/.m2/repository/log4j/log4j/1.2.17/log4j-1.2.17.jar:/home/spirals/danglot/.m2/repository/org/apache/logging/log4j/log4j-core/2.3/log4j-core-2.3.jar:/home/spirals/danglot/.m2/repository/org/apache/logging/log4j/log4j-api/2.3/log4j-api-2.3.jar:/home/spirals/danglot/.m2/repository/commons-logging/commons-logging/1.2/commons-logging-1.2.jar:/home/spirals/danglot/.m2/repository/cglib/cglib/3.2.5/cglib-3.2.5.jar:/home/spirals/danglot/.m2/repository/org/ow2/asm/asm/5.2/asm-5.2.jar:/home/spirals/danglot/.m2/repository/org/apache/ant/ant/1.9.6/ant-1.9.6.jar:/home/spirals/danglot/.m2/repository/org/apache/ant/ant-launcher/1.9.6/ant-launcher-1.9.6.jar:/home/spirals/danglot/.m2/repository/junit/junit/4.12/junit-4.12.jar:/home/spirals/danglot/.m2/repository/org/hamcrest/hamcrest-core/1.3/hamcrest-core-1.3.jar:/home/spirals/danglot/.m2/repository/org/hsqldb/hsqldb/2.3.5/hsqldb-2.3.5.jar:/home/spirals/danglot/.m2/repository/org/apache/derby/derby/10.12.1.1/derby-10.12.1.1.jar:/home/spirals/danglot/.m2/repository/org/mockito/mockito-core/2.12.0/mockito-core-2.12.0.jar:/home/spirals/danglot/.m2/repository/net/bytebuddy/byte-buddy/1.7.9/byte-buddy-1.7.9.jar:/home/spirals/danglot/.m2/repository/net/bytebuddy/byte-buddy-agent/1.7.9/byte-buddy-agent-1.7.9.jar:/home/spirals/danglot/.m2/repository/org/objenesis/objenesis/2.6/objenesis-2.6.jar:/home/spirals/danglot/.m2/repository/commons-dbcp/commons-dbcp/1.4/commons-dbcp-1.4.jar:/home/spirals/danglot/.m2/repository/commons-pool/commons-pool/1.5.4/commons-pool-1.5.4.jar:/home/spirals/danglot/.m2/repository/org/jboss/spec/javax/transaction/jboss-transaction-api_1.2_spec/1.0.1.Final/jboss-transaction-api_1.2_spec-1.0.1.Final.jar:/home/spirals/danglot/.m2/repository/org/apache/velocity/velocity/1.7/velocity-1.7.jar:/home/spirals/danglot/.m2/repository/commons-collections/commons-collections/3.2.1/commons-collections-3.2.1.jar:/home/spirals/danglot/.m2/repository/commons-lang/commons-lang/2.4/commons-lang-2.4.jar:/home/spirals/danglot/.m2/repository/org/postgresql/postgresql/42.1.4.jre6/postgresql-42.1.4.jre6.jar:/home/spirals/danglot/.m2/repository/org/assertj/assertj-core/1.7.1/assertj-core-1.7.1.jar:/home/spirals/danglot/.m2/repository/eu/codearte/catch-exception/catch-exception/1.4.4/catch-exception-1.4.4.jar:/home/spirals/danglot/.m2/repository/ru/yandex/qatools/embed/postgresql-embedded/2.5/postgresql-embedded-2.5.jar:/home/spirals/danglot/.m2/repository/de/flapdoodle/embed/de.flapdoodle.embed.process/2.0.1/de.flapdoodle.embed.process-2.0.1.jar:/home/spirals/danglot/.m2/repository/commons-io/commons-io/2.4/commons-io-2.4.jar:/home/spirals/danglot/.m2/repository/org/apache/commons/commons-lang3/3.1/commons-lang3-3.1.jar:/home/spirals/danglot/.m2/repository/net/java/dev/jna/jna/4.0.0/jna-4.0.0.jar:/home/spirals/danglot/.m2/repository/net/java/dev/jna/jna-platform/4.0.0/jna-platform-4.0.0.jar:/home/spirals/danglot/.m2/repository/org/apache/commons/commons-compress/1.10/commons-compress-1.10.jar:/tmp/Ex2Amplifier-experiments/target/dspot/dependencies:/home/spirals/danglot/.m2/repository/eu/stamp-project/test-runner/1.0.8/test-runner-1.0.8-jar-with-dependencies.jar eu.stamp_project.testrunner.runner.test.TestRunner org.apache.ibatis.reflection.factory.DefaultObjectFactoryTest instantiateClassThrowsProperErrorMsg_withlog0:instantiateClass_withlog0:instantiateClassThrowsProperErrorMsg_withlog1:instantiateClass_withlog1:instantiateClassThrowsProperErrorMsg_withlog2:instantiateClass_withlog2
File saved to the following path: /tmp/Ex2Amplifier-experiments/dataset/may-2018/mybatis-3/1149/target/dspot/observations.ser
File saved to the following path: /tmp/Ex2Amplifier-experiments/dataset/may-2018/mybatis-3/1149/target/dspot/TestListener.ser
[88545] INFO EntryPoint - Test has been run: instantiateClassThrowsProperErrorMsg_withlog0,instantiateClassThrowsProperErrorMsg_withlog1,instantiateClassThrowsProperErrorMsg_withlog2,instantiateClass_withlog0,instantiateClass_withlog1,instantiateClass_withlog2
[88549] INFO MethodsAssertGenerator - Generating assertions...
[88560] INFO AssertGenerator - Could not generate any test with assertions
[88561] INFO Amplification - 0 amplified test(s) has been selected, global: 0
[88561] INFO DSpot - elapsedTime 3103
======= REPORT =======
0 amplified test fails on the new versions.

[88594] INFO DSpot - Print AmplDefaultObjectFactoryTest with 0?amplified test cases in results/may-2018/mybatis-3/1149/A_ampl
[88653] INFO Amplification - amplification of org.apache.ibatis.builder.xml.dynamic.ExpressionEvaluatorTest (7 test(s))
[89064] INFO EntryPoint - Run: java -cp /tmp/Ex2Amplifier-experiments/dataset/may-2018/mybatis-3/1149/target/test-classes:/tmp/Ex2Amplifier-experiments/dataset/may-2018/mybatis-3/1149/target/classes:/home/spirals/danglot/.m2/repository/ognl/ognl/3.1.16/ognl-3.1.16.jar:/home/spirals/danglot/.m2/repository/org/javassist/javassist/3.22.0-GA/javassist-3.22.0-GA.jar:/home/spirals/danglot/.m2/repository/org/slf4j/slf4j-api/1.7.25/slf4j-api-1.7.25.jar:/home/spirals/danglot/.m2/repository/org/slf4j/slf4j-log4j12/1.7.25/slf4j-log4j12-1.7.25.jar:/home/spirals/danglot/.m2/repository/log4j/log4j/1.2.17/log4j-1.2.17.jar:/home/spirals/danglot/.m2/repository/org/apache/logging/log4j/log4j-core/2.3/log4j-core-2.3.jar:/home/spirals/danglot/.m2/repository/org/apache/logging/log4j/log4j-api/2.3/log4j-api-2.3.jar:/home/spirals/danglot/.m2/repository/commons-logging/commons-logging/1.2/commons-logging-1.2.jar:/home/spirals/danglot/.m2/repository/cglib/cglib/3.2.5/cglib-3.2.5.jar:/home/spirals/danglot/.m2/repository/org/ow2/asm/asm/5.2/asm-5.2.jar:/home/spirals/danglot/.m2/repository/org/apache/ant/ant/1.9.6/ant-1.9.6.jar:/home/spirals/danglot/.m2/repository/org/apache/ant/ant-launcher/1.9.6/ant-launcher-1.9.6.jar:/home/spirals/danglot/.m2/repository/junit/junit/4.12/junit-4.12.jar:/home/spirals/danglot/.m2/repository/org/hamcrest/hamcrest-core/1.3/hamcrest-core-1.3.jar:/home/spirals/danglot/.m2/repository/org/hsqldb/hsqldb/2.3.5/hsqldb-2.3.5.jar:/home/spirals/danglot/.m2/repository/org/apache/derby/derby/10.12.1.1/derby-10.12.1.1.jar:/home/spirals/danglot/.m2/repository/org/mockito/mockito-core/2.12.0/mockito-core-2.12.0.jar:/home/spirals/danglot/.m2/repository/net/bytebuddy/byte-buddy/1.7.9/byte-buddy-1.7.9.jar:/home/spirals/danglot/.m2/repository/net/bytebuddy/byte-buddy-agent/1.7.9/byte-buddy-agent-1.7.9.jar:/home/spirals/danglot/.m2/repository/org/objenesis/objenesis/2.6/objenesis-2.6.jar:/home/spirals/danglot/.m2/repository/commons-dbcp/commons-dbcp/1.4/commons-dbcp-1.4.jar:/home/spirals/danglot/.m2/repository/commons-pool/commons-pool/1.5.4/commons-pool-1.5.4.jar:/home/spirals/danglot/.m2/repository/org/jboss/spec/javax/transaction/jboss-transaction-api_1.2_spec/1.0.1.Final/jboss-transaction-api_1.2_spec-1.0.1.Final.jar:/home/spirals/danglot/.m2/repository/org/apache/velocity/velocity/1.7/velocity-1.7.jar:/home/spirals/danglot/.m2/repository/commons-collections/commons-collections/3.2.1/commons-collections-3.2.1.jar:/home/spirals/danglot/.m2/repository/commons-lang/commons-lang/2.4/commons-lang-2.4.jar:/home/spirals/danglot/.m2/repository/org/postgresql/postgresql/42.1.4.jre6/postgresql-42.1.4.jre6.jar:/home/spirals/danglot/.m2/repository/org/assertj/assertj-core/1.7.1/assertj-core-1.7.1.jar:/home/spirals/danglot/.m2/repository/eu/codearte/catch-exception/catch-exception/1.4.4/catch-exception-1.4.4.jar:/home/spirals/danglot/.m2/repository/ru/yandex/qatools/embed/postgresql-embedded/2.5/postgresql-embedded-2.5.jar:/home/spirals/danglot/.m2/repository/de/flapdoodle/embed/de.flapdoodle.embed.process/2.0.1/de.flapdoodle.embed.process-2.0.1.jar:/home/spirals/danglot/.m2/repository/commons-io/commons-io/2.4/commons-io-2.4.jar:/home/spirals/danglot/.m2/repository/org/apache/commons/commons-lang3/3.1/commons-lang3-3.1.jar:/home/spirals/danglot/.m2/repository/net/java/dev/jna/jna/4.0.0/jna-4.0.0.jar:/home/spirals/danglot/.m2/repository/net/java/dev/jna/jna-platform/4.0.0/jna-platform-4.0.0.jar:/home/spirals/danglot/.m2/repository/org/apache/commons/commons-compress/1.10/commons-compress-1.10.jar:/tmp/Ex2Amplifier-experiments/target/dspot/dependencies:/home/spirals/danglot/.m2/repository/eu/stamp-project/test-runner/1.0.8/test-runner-1.0.8-jar-with-dependencies.jar eu.stamp_project.testrunner.runner.test.TestRunner org.apache.ibatis.builder.xml.dynamic.ExpressionEvaluatorTest shouldReturnTrueIfNotZero:shouldCompareStringsReturnTrue:shouldReturnFalseIfZero:shouldReturnFalseIfNull:shouldCompareStringsReturnFalse:shouldReturnTrueIfNotNull:shouldReturnFalseIfZeroWithScale
File saved to the following path: /tmp/Ex2Amplifier-experiments/dataset/may-2018/mybatis-3/1149/target/dspot/TestListener.ser
[89998] INFO EntryPoint - Test has been run: shouldReturnFalseIfZeroWithScale,shouldCompareStringsReturnFalse,shouldReturnTrueIfNotNull,shouldReturnTrueIfNotZero,shouldReturnFalseIfNull,shouldReturnFalseIfZero,shouldCompareStringsReturnTrue
[89998] INFO Amplification - Try to add assertions before amplification
[90026] INFO AssertGenerator - Run tests. (7)
[90193] INFO EntryPoint - Run: java -cp /tmp/Ex2Amplifier-experiments/dataset/may-2018/mybatis-3/1149/target/test-classes:/tmp/Ex2Amplifier-experiments/dataset/may-2018/mybatis-3/1149/target/classes:/home/spirals/danglot/.m2/repository/ognl/ognl/3.1.16/ognl-3.1.16.jar:/home/spirals/danglot/.m2/repository/org/javassist/javassist/3.22.0-GA/javassist-3.22.0-GA.jar:/home/spirals/danglot/.m2/repository/org/slf4j/slf4j-api/1.7.25/slf4j-api-1.7.25.jar:/home/spirals/danglot/.m2/repository/org/slf4j/slf4j-log4j12/1.7.25/slf4j-log4j12-1.7.25.jar:/home/spirals/danglot/.m2/repository/log4j/log4j/1.2.17/log4j-1.2.17.jar:/home/spirals/danglot/.m2/repository/org/apache/logging/log4j/log4j-core/2.3/log4j-core-2.3.jar:/home/spirals/danglot/.m2/repository/org/apache/logging/log4j/log4j-api/2.3/log4j-api-2.3.jar:/home/spirals/danglot/.m2/repository/commons-logging/commons-logging/1.2/commons-logging-1.2.jar:/home/spirals/danglot/.m2/repository/cglib/cglib/3.2.5/cglib-3.2.5.jar:/home/spirals/danglot/.m2/repository/org/ow2/asm/asm/5.2/asm-5.2.jar:/home/spirals/danglot/.m2/repository/org/apache/ant/ant/1.9.6/ant-1.9.6.jar:/home/spirals/danglot/.m2/repository/org/apache/ant/ant-launcher/1.9.6/ant-launcher-1.9.6.jar:/home/spirals/danglot/.m2/repository/junit/junit/4.12/junit-4.12.jar:/home/spirals/danglot/.m2/repository/org/hamcrest/hamcrest-core/1.3/hamcrest-core-1.3.jar:/home/spirals/danglot/.m2/repository/org/hsqldb/hsqldb/2.3.5/hsqldb-2.3.5.jar:/home/spirals/danglot/.m2/repository/org/apache/derby/derby/10.12.1.1/derby-10.12.1.1.jar:/home/spirals/danglot/.m2/repository/org/mockito/mockito-core/2.12.0/mockito-core-2.12.0.jar:/home/spirals/danglot/.m2/repository/net/bytebuddy/byte-buddy/1.7.9/byte-buddy-1.7.9.jar:/home/spirals/danglot/.m2/repository/net/bytebuddy/byte-buddy-agent/1.7.9/byte-buddy-agent-1.7.9.jar:/home/spirals/danglot/.m2/repository/org/objenesis/objenesis/2.6/objenesis-2.6.jar:/home/spirals/danglot/.m2/repository/commons-dbcp/commons-dbcp/1.4/commons-dbcp-1.4.jar:/home/spirals/danglot/.m2/repository/commons-pool/commons-pool/1.5.4/commons-pool-1.5.4.jar:/home/spirals/danglot/.m2/repository/org/jboss/spec/javax/transaction/jboss-transaction-api_1.2_spec/1.0.1.Final/jboss-transaction-api_1.2_spec-1.0.1.Final.jar:/home/spirals/danglot/.m2/repository/org/apache/velocity/velocity/1.7/velocity-1.7.jar:/home/spirals/danglot/.m2/repository/commons-collections/commons-collections/3.2.1/commons-collections-3.2.1.jar:/home/spirals/danglot/.m2/repository/commons-lang/commons-lang/2.4/commons-lang-2.4.jar:/home/spirals/danglot/.m2/repository/org/postgresql/postgresql/42.1.4.jre6/postgresql-42.1.4.jre6.jar:/home/spirals/danglot/.m2/repository/org/assertj/assertj-core/1.7.1/assertj-core-1.7.1.jar:/home/spirals/danglot/.m2/repository/eu/codearte/catch-exception/catch-exception/1.4.4/catch-exception-1.4.4.jar:/home/spirals/danglot/.m2/repository/ru/yandex/qatools/embed/postgresql-embedded/2.5/postgresql-embedded-2.5.jar:/home/spirals/danglot/.m2/repository/de/flapdoodle/embed/de.flapdoodle.embed.process/2.0.1/de.flapdoodle.embed.process-2.0.1.jar:/home/spirals/danglot/.m2/repository/commons-io/commons-io/2.4/commons-io-2.4.jar:/home/spirals/danglot/.m2/repository/org/apache/commons/commons-lang3/3.1/commons-lang3-3.1.jar:/home/spirals/danglot/.m2/repository/net/java/dev/jna/jna/4.0.0/jna-4.0.0.jar:/home/spirals/danglot/.m2/repository/net/java/dev/jna/jna-platform/4.0.0/jna-platform-4.0.0.jar:/home/spirals/danglot/.m2/repository/org/apache/commons/commons-compress/1.10/commons-compress-1.10.jar:/tmp/Ex2Amplifier-experiments/target/dspot/dependencies:/home/spirals/danglot/.m2/repository/eu/stamp-project/test-runner/1.0.8/test-runner-1.0.8-jar-with-dependencies.jar eu.stamp_project.testrunner.runner.test.TestRunner org.apache.ibatis.builder.xml.dynamic.ExpressionEvaluatorTest shouldReturnTrueIfNotZero:shouldCompareStringsReturnTrue:shouldReturnFalseIfZero:shouldReturnFalseIfNull:shouldCompareStringsReturnFalse:shouldReturnTrueIfNotNull:shouldReturnFalseIfZeroWithScale
File saved to the following path: /tmp/Ex2Amplifier-experiments/dataset/may-2018/mybatis-3/1149/target/dspot/TestListener.ser
[91121] INFO EntryPoint - Test has been run: shouldReturnFalseIfZeroWithScale,shouldCompareStringsReturnFalse,shouldReturnTrueIfNotNull,shouldReturnTrueIfNotZero,shouldReturnFalseIfNull,shouldReturnFalseIfZero,shouldCompareStringsReturnTrue
[91121] INFO AssertGenerator - 7 test pass, generating assertion...
[91126] INFO MethodsAssertGenerator - Add observations points in passing tests.
[91126] INFO MethodsAssertGenerator - Instrumentation...
 14% |======= ]/ 28% |============== ]- 42% |===================== ]\ 57% |============================ ]| 71% |=================================== ]/ 85% |========================================== ]-100% |================================================== ]\
[91155] INFO MethodsAssertGenerator - Run instrumented tests. (21)
[91391] INFO EntryPoint - Run: java -cp /tmp/Ex2Amplifier-experiments/dataset/may-2018/mybatis-3/1149/target/test-classes:/tmp/Ex2Amplifier-experiments/dataset/may-2018/mybatis-3/1149/target/classes:/home/spirals/danglot/.m2/repository/ognl/ognl/3.1.16/ognl-3.1.16.jar:/home/spirals/danglot/.m2/repository/org/javassist/javassist/3.22.0-GA/javassist-3.22.0-GA.jar:/home/spirals/danglot/.m2/repository/org/slf4j/slf4j-api/1.7.25/slf4j-api-1.7.25.jar:/home/spirals/danglot/.m2/repository/org/slf4j/slf4j-log4j12/1.7.25/slf4j-log4j12-1.7.25.jar:/home/spirals/danglot/.m2/repository/log4j/log4j/1.2.17/log4j-1.2.17.jar:/home/spirals/danglot/.m2/repository/org/apache/logging/log4j/log4j-core/2.3/log4j-core-2.3.jar:/home/spirals/danglot/.m2/repository/org/apache/logging/log4j/log4j-api/2.3/log4j-api-2.3.jar:/home/spirals/danglot/.m2/repository/commons-logging/commons-logging/1.2/commons-logging-1.2.jar:/home/spirals/danglot/.m2/repository/cglib/cglib/3.2.5/cglib-3.2.5.jar:/home/spirals/danglot/.m2/repository/org/ow2/asm/asm/5.2/asm-5.2.jar:/home/spirals/danglot/.m2/repository/org/apache/ant/ant/1.9.6/ant-1.9.6.jar:/home/spirals/danglot/.m2/repository/org/apache/ant/ant-launcher/1.9.6/ant-launcher-1.9.6.jar:/home/spirals/danglot/.m2/repository/junit/junit/4.12/junit-4.12.jar:/home/spirals/danglot/.m2/repository/org/hamcrest/hamcrest-core/1.3/hamcrest-core-1.3.jar:/home/spirals/danglot/.m2/repository/org/hsqldb/hsqldb/2.3.5/hsqldb-2.3.5.jar:/home/spirals/danglot/.m2/repository/org/apache/derby/derby/10.12.1.1/derby-10.12.1.1.jar:/home/spirals/danglot/.m2/repository/org/mockito/mockito-core/2.12.0/mockito-core-2.12.0.jar:/home/spirals/danglot/.m2/repository/net/bytebuddy/byte-buddy/1.7.9/byte-buddy-1.7.9.jar:/home/spirals/danglot/.m2/repository/net/bytebuddy/byte-buddy-agent/1.7.9/byte-buddy-agent-1.7.9.jar:/home/spirals/danglot/.m2/repository/org/objenesis/objenesis/2.6/objenesis-2.6.jar:/home/spirals/danglot/.m2/repository/commons-dbcp/commons-dbcp/1.4/commons-dbcp-1.4.jar:/home/spirals/danglot/.m2/repository/commons-pool/commons-pool/1.5.4/commons-pool-1.5.4.jar:/home/spirals/danglot/.m2/repository/org/jboss/spec/javax/transaction/jboss-transaction-api_1.2_spec/1.0.1.Final/jboss-transaction-api_1.2_spec-1.0.1.Final.jar:/home/spirals/danglot/.m2/repository/org/apache/velocity/velocity/1.7/velocity-1.7.jar:/home/spirals/danglot/.m2/repository/commons-collections/commons-collections/3.2.1/commons-collections-3.2.1.jar:/home/spirals/danglot/.m2/repository/commons-lang/commons-lang/2.4/commons-lang-2.4.jar:/home/spirals/danglot/.m2/repository/org/postgresql/postgresql/42.1.4.jre6/postgresql-42.1.4.jre6.jar:/home/spirals/danglot/.m2/repository/org/assertj/assertj-core/1.7.1/assertj-core-1.7.1.jar:/home/spirals/danglot/.m2/repository/eu/codearte/catch-exception/catch-exception/1.4.4/catch-exception-1.4.4.jar:/home/spirals/danglot/.m2/repository/ru/yandex/qatools/embed/postgresql-embedded/2.5/postgresql-embedded-2.5.jar:/home/spirals/danglot/.m2/repository/de/flapdoodle/embed/de.flapdoodle.embed.process/2.0.1/de.flapdoodle.embed.process-2.0.1.jar:/home/spirals/danglot/.m2/repository/commons-io/commons-io/2.4/commons-io-2.4.jar:/home/spirals/danglot/.m2/repository/org/apache/commons/commons-lang3/3.1/commons-lang3-3.1.jar:/home/spirals/danglot/.m2/repository/net/java/dev/jna/jna/4.0.0/jna-4.0.0.jar:/home/spirals/danglot/.m2/repository/net/java/dev/jna/jna-platform/4.0.0/jna-platform-4.0.0.jar:/home/spirals/danglot/.m2/repository/org/apache/commons/commons-compress/1.10/commons-compress-1.10.jar:/tmp/Ex2Amplifier-experiments/target/dspot/dependencies:/home/spirals/danglot/.m2/repository/eu/stamp-project/test-runner/1.0.8/test-runner-1.0.8-jar-with-dependencies.jar eu.stamp_project.testrunner.runner.test.TestRunner org.apache.ibatis.builder.xml.dynamic.ExpressionEvaluatorTest shouldReturnTrueIfNotZero_withlog0:shouldCompareStringsReturnTrue_withlog0:shouldReturnFalseIfZero_withlog0:shouldReturnFalseIfNull_withlog0:shouldCompareStringsReturnFalse_withlog0:shouldReturnTrueIfNotNull_withlog0:shouldReturnFalseIfZeroWithScale_withlog0:shouldReturnTrueIfNotZero_withlog1:shouldCompareStringsReturnTrue_withlog1:shouldReturnFalseIfZero_withlog1:shouldReturnFalseIfNull_withlog1:shouldCompareStringsReturnFalse_withlog1:shouldReturnTrueIfNotNull_withlog1:shouldReturnFalseIfZeroWithScale_withlog1:shouldReturnTrueIfNotZero_withlog2:shouldCompareStringsReturnTrue_withlog2:shouldReturnFalseIfZero_withlog2:shouldReturnFalseIfNull_withlog2:shouldCompareStringsReturnFalse_withlog2:shouldReturnTrueIfNotNull_withlog2:shouldReturnFalseIfZeroWithScale_withlog2
File saved to the following path: /tmp/Ex2Amplifier-experiments/dataset/may-2018/mybatis-3/1149/target/dspot/observations.ser
File saved to the following path: /tmp/Ex2Amplifier-experiments/dataset/may-2018/mybatis-3/1149/target/dspot/TestListener.ser
[92431] INFO EntryPoint - Test has been run: shouldReturnFalseIfZeroWithScale_withlog0,shouldReturnFalseIfZeroWithScale_withlog1,shouldReturnFalseIfZeroWithScale_withlog2,shouldReturnTrueIfNotNull_withlog0,shouldReturnTrueIfNotNull_withlog1,shouldReturnTrueIfNotNull_withlog2,shouldCompareStringsReturnTrue_withlog0,shouldCompareStringsReturnTrue_withlog1,shouldCompareStringsReturnTrue_withlog2,shouldReturnTrueIfNotZero_withlog0,shouldReturnTrueIfNotZero_withlog1,shouldReturnTrueIfNotZero_withlog2,shouldCompareStringsReturnFalse_withlog0,shouldCompareStringsReturnFalse_withlog1,shouldCompareStringsReturnFalse_withlog2,shouldReturnFalseIfNull_withlog0,shouldReturnFalseIfNull_withlog1,shouldReturnFalseIfNull_withlog2,shouldReturnFalseIfZero_withlog0,shouldReturnFalseIfZero_withlog1,shouldReturnFalseIfZero_withlog2
[92440] INFO MethodsAssertGenerator - Generating assertions...
[92466] INFO AssertGenerator - 6 new tests with assertions generated
[92636] INFO EntryPoint - Run: java -cp /tmp/Ex2Amplifier-experiments/dataset/may-2018/mybatis-3/1149/target/test-classes:/tmp/Ex2Amplifier-experiments/dataset/may-2018/mybatis-3/1149/target/classes:/home/spirals/danglot/.m2/repository/ognl/ognl/3.1.16/ognl-3.1.16.jar:/home/spirals/danglot/.m2/repository/org/javassist/javassist/3.22.0-GA/javassist-3.22.0-GA.jar:/home/spirals/danglot/.m2/repository/org/slf4j/slf4j-api/1.7.25/slf4j-api-1.7.25.jar:/home/spirals/danglot/.m2/repository/org/slf4j/slf4j-log4j12/1.7.25/slf4j-log4j12-1.7.25.jar:/home/spirals/danglot/.m2/repository/log4j/log4j/1.2.17/log4j-1.2.17.jar:/home/spirals/danglot/.m2/repository/org/apache/logging/log4j/log4j-core/2.3/log4j-core-2.3.jar:/home/spirals/danglot/.m2/repository/org/apache/logging/log4j/log4j-api/2.3/log4j-api-2.3.jar:/home/spirals/danglot/.m2/repository/commons-logging/commons-logging/1.2/commons-logging-1.2.jar:/home/spirals/danglot/.m2/repository/cglib/cglib/3.2.5/cglib-3.2.5.jar:/home/spirals/danglot/.m2/repository/org/ow2/asm/asm/5.2/asm-5.2.jar:/home/spirals/danglot/.m2/repository/org/apache/ant/ant/1.9.6/ant-1.9.6.jar:/home/spirals/danglot/.m2/repository/org/apache/ant/ant-launcher/1.9.6/ant-launcher-1.9.6.jar:/home/spirals/danglot/.m2/repository/junit/junit/4.12/junit-4.12.jar:/home/spirals/danglot/.m2/repository/org/hamcrest/hamcrest-core/1.3/hamcrest-core-1.3.jar:/home/spirals/danglot/.m2/repository/org/hsqldb/hsqldb/2.3.5/hsqldb-2.3.5.jar:/home/spirals/danglot/.m2/repository/org/apache/derby/derby/10.12.1.1/derby-10.12.1.1.jar:/home/spirals/danglot/.m2/repository/org/mockito/mockito-core/2.12.0/mockito-core-2.12.0.jar:/home/spirals/danglot/.m2/repository/net/bytebuddy/byte-buddy/1.7.9/byte-buddy-1.7.9.jar:/home/spirals/danglot/.m2/repository/net/bytebuddy/byte-buddy-agent/1.7.9/byte-buddy-agent-1.7.9.jar:/home/spirals/danglot/.m2/repository/org/objenesis/objenesis/2.6/objenesis-2.6.jar:/home/spirals/danglot/.m2/repository/commons-dbcp/commons-dbcp/1.4/commons-dbcp-1.4.jar:/home/spirals/danglot/.m2/repository/commons-pool/commons-pool/1.5.4/commons-pool-1.5.4.jar:/home/spirals/danglot/.m2/repository/org/jboss/spec/javax/transaction/jboss-transaction-api_1.2_spec/1.0.1.Final/jboss-transaction-api_1.2_spec-1.0.1.Final.jar:/home/spirals/danglot/.m2/repository/org/apache/velocity/velocity/1.7/velocity-1.7.jar:/home/spirals/danglot/.m2/repository/commons-collections/commons-collections/3.2.1/commons-collections-3.2.1.jar:/home/spirals/danglot/.m2/repository/commons-lang/commons-lang/2.4/commons-lang-2.4.jar:/home/spirals/danglot/.m2/repository/org/postgresql/postgresql/42.1.4.jre6/postgresql-42.1.4.jre6.jar:/home/spirals/danglot/.m2/repository/org/assertj/assertj-core/1.7.1/assertj-core-1.7.1.jar:/home/spirals/danglot/.m2/repository/eu/codearte/catch-exception/catch-exception/1.4.4/catch-exception-1.4.4.jar:/home/spirals/danglot/.m2/repository/ru/yandex/qatools/embed/postgresql-embedded/2.5/postgresql-embedded-2.5.jar:/home/spirals/danglot/.m2/repository/de/flapdoodle/embed/de.flapdoodle.embed.process/2.0.1/de.flapdoodle.embed.process-2.0.1.jar:/home/spirals/danglot/.m2/repository/commons-io/commons-io/2.4/commons-io-2.4.jar:/home/spirals/danglot/.m2/repository/org/apache/commons/commons-lang3/3.1/commons-lang3-3.1.jar:/home/spirals/danglot/.m2/repository/net/java/dev/jna/jna/4.0.0/jna-4.0.0.jar:/home/spirals/danglot/.m2/repository/net/java/dev/jna/jna-platform/4.0.0/jna-platform-4.0.0.jar:/home/spirals/danglot/.m2/repository/org/apache/commons/commons-compress/1.10/commons-compress-1.10.jar:/tmp/Ex2Amplifier-experiments/target/dspot/dependencies:/home/spirals/danglot/.m2/repository/eu/stamp-project/test-runner/1.0.8/test-runner-1.0.8-jar-with-dependencies.jar eu.stamp_project.testrunner.runner.test.TestRunner org.apache.ibatis.builder.xml.dynamic.ExpressionEvaluatorTest shouldReturnTrueIfNotZero:shouldCompareStringsReturnTrue:shouldReturnFalseIfZero:shouldReturnFalseIfNull:shouldCompareStringsReturnFalse:shouldReturnTrueIfNotNull
File saved to the following path: /tmp/Ex2Amplifier-experiments/dataset/may-2018/mybatis-3/1149/target/dspot/TestListener.ser
[93566] INFO EntryPoint - Test has been run: shouldCompareStringsReturnFalse,shouldReturnTrueIfNotNull,shouldReturnTrueIfNotZero,shouldReturnFalseIfNull,shouldReturnFalseIfZero,shouldCompareStringsReturnTrue
[93795] DEBUG Launcher - building sources: [/tmp/Ex2Amplifier-experiments/target/dspot/tmp_test_sources/org/apache/ibatis/builder/xml/dynamic/ExpressionEvaluatorTest.java]
[93795] DEBUG Launcher - build args: [-encoding, UTF-8, -cp, /home/spirals/danglot/.m2/repository/ognl/ognl/3.1.16/ognl-3.1.16.jar:/home/spirals/danglot/.m2/repository/org/javassist/javassist/3.22.0-GA/javassist-3.22.0-GA.jar:/home/spirals/danglot/.m2/repository/org/slf4j/slf4j-api/1.7.25/slf4j-api-1.7.25.jar:/home/spirals/danglot/.m2/repository/org/slf4j/slf4j-log4j12/1.7.25/slf4j-log4j12-1.7.25.jar:/home/spirals/danglot/.m2/repository/log4j/log4j/1.2.17/log4j-1.2.17.jar:/home/spirals/danglot/.m2/repository/org/apache/logging/log4j/log4j-core/2.3/log4j-core-2.3.jar:/home/spirals/danglot/.m2/repository/org/apache/logging/log4j/log4j-api/2.3/log4j-api-2.3.jar:/home/spirals/danglot/.m2/repository/commons-logging/commons-logging/1.2/commons-logging-1.2.jar:/home/spirals/danglot/.m2/repository/cglib/cglib/3.2.5/cglib-3.2.5.jar:/home/spirals/danglot/.m2/repository/org/ow2/asm/asm/5.2/asm-5.2.jar:/home/spirals/danglot/.m2/repository/org/apache/ant/ant/1.9.6/ant-1.9.6.jar:/home/spirals/danglot/.m2/repository/org/apache/ant/ant-launcher/1.9.6/ant-launcher-1.9.6.jar:/home/spirals/danglot/.m2/repository/junit/junit/4.12/junit-4.12.jar:/home/spirals/danglot/.m2/repository/org/hamcrest/hamcrest-core/1.3/hamcrest-core-1.3.jar:/home/spirals/danglot/.m2/repository/org/hsqldb/hsqldb/2.3.5/hsqldb-2.3.5.jar:/home/spirals/danglot/.m2/repository/org/apache/derby/derby/10.12.1.1/derby-10.12.1.1.jar:/home/spirals/danglot/.m2/repository/org/mockito/mockito-core/2.12.0/mockito-core-2.12.0.jar:/home/spirals/danglot/.m2/repository/net/bytebuddy/byte-buddy/1.7.9/byte-buddy-1.7.9.jar:/home/spirals/danglot/.m2/repository/net/bytebuddy/byte-buddy-agent/1.7.9/byte-buddy-agent-1.7.9.jar:/home/spirals/danglot/.m2/repository/org/objenesis/objenesis/2.6/objenesis-2.6.jar:/home/spirals/danglot/.m2/repository/commons-dbcp/commons-dbcp/1.4/commons-dbcp-1.4.jar:/home/spirals/danglot/.m2/repository/commons-pool/commons-pool/1.5.4/commons-pool-1.5.4.jar:/home/spirals/danglot/.m2/repository/org/jboss/spec/javax/transaction/jboss-transaction-api_1.2_spec/1.0.1.Final/jboss-transaction-api_1.2_spec-1.0.1.Final.jar:/home/spirals/danglot/.m2/repository/org/apache/velocity/velocity/1.7/velocity-1.7.jar:/home/spirals/danglot/.m2/repository/commons-collections/commons-collections/3.2.1/commons-collections-3.2.1.jar:/home/spirals/danglot/.m2/repository/commons-lang/commons-lang/2.4/commons-lang-2.4.jar:/home/spirals/danglot/.m2/repository/org/postgresql/postgresql/42.1.4.jre6/postgresql-42.1.4.jre6.jar:/home/spirals/danglot/.m2/repository/org/assertj/assertj-core/1.7.1/assertj-core-1.7.1.jar:/home/spirals/danglot/.m2/repository/eu/codearte/catch-exception/catch-exception/1.4.4/catch-exception-1.4.4.jar:/home/spirals/danglot/.m2/repository/ru/yandex/qatools/embed/postgresql-embedded/2.5/postgresql-embedded-2.5.jar:/home/spirals/danglot/.m2/repository/de/flapdoodle/embed/de.flapdoodle.embed.process/2.0.1/de.flapdoodle.embed.process-2.0.1.jar:/home/spirals/danglot/.m2/repository/commons-io/commons-io/2.4/commons-io-2.4.jar:/home/spirals/danglot/.m2/repository/org/apache/commons/commons-lang3/3.1/commons-lang3-3.1.jar:/home/spirals/danglot/.m2/repository/net/java/dev/jna/jna/4.0.0/jna-4.0.0.jar:/home/spirals/danglot/.m2/repository/net/java/dev/jna/jna-platform/4.0.0/jna-platform-4.0.0.jar:/home/spirals/danglot/.m2/repository/org/apache/commons/commons-compress/1.10/commons-compress-1.10.jar:target/dspot/dependencies/:dataset/may-2018/mybatis-3/1149//target/classes:dataset/may-2018/mybatis-3/1149//target/test-classes:, -1.8, -preserveAllLocals, -noExit, -enableJavadoc, /tmp/Ex2Amplifier-experiments/target/dspot/tmp_test_sources/org/apache/ibatis/builder/xml/dynamic/ExpressionEvaluatorTest.java]
[93921] DEBUG Launcher - built in 126 ms
[93921] DEBUG Launcher - building templates: []
[93921] DEBUG Launcher - built in 0 ms
[93922] DEBUG Launcher - model built in 127
[93923] DEBUG Launcher - compiling sources: [/tmp/Ex2Amplifier-experiments/target/dspot/tmp_test_sources/org/apache/ibatis/builder/xml/dynamic/ExpressionEvaluatorTest.java]
[93927] DEBUG Launcher - compile args: [-encoding, UTF-8, -cp, /home/spirals/danglot/.m2/repository/ognl/ognl/3.1.16/ognl-3.1.16.jar:/home/spirals/danglot/.m2/repository/org/javassist/javassist/3.22.0-GA/javassist-3.22.0-GA.jar:/home/spirals/danglot/.m2/repository/org/slf4j/slf4j-api/1.7.25/slf4j-api-1.7.25.jar:/home/spirals/danglot/.m2/repository/org/slf4j/slf4j-log4j12/1.7.25/slf4j-log4j12-1.7.25.jar:/home/spirals/danglot/.m2/repository/log4j/log4j/1.2.17/log4j-1.2.17.jar:/home/spirals/danglot/.m2/repository/org/apache/logging/log4j/log4j-core/2.3/log4j-core-2.3.jar:/home/spirals/danglot/.m2/repository/org/apache/logging/log4j/log4j-api/2.3/log4j-api-2.3.jar:/home/spirals/danglot/.m2/repository/commons-logging/commons-logging/1.2/commons-logging-1.2.jar:/home/spirals/danglot/.m2/repository/cglib/cglib/3.2.5/cglib-3.2.5.jar:/home/spirals/danglot/.m2/repository/org/ow2/asm/asm/5.2/asm-5.2.jar:/home/spirals/danglot/.m2/repository/org/apache/ant/ant/1.9.6/ant-1.9.6.jar:/home/spirals/danglot/.m2/repository/org/apache/ant/ant-launcher/1.9.6/ant-launcher-1.9.6.jar:/home/spirals/danglot/.m2/repository/junit/junit/4.12/junit-4.12.jar:/home/spirals/danglot/.m2/repository/org/hamcrest/hamcrest-core/1.3/hamcrest-core-1.3.jar:/home/spirals/danglot/.m2/repository/org/hsqldb/hsqldb/2.3.5/hsqldb-2.3.5.jar:/home/spirals/danglot/.m2/repository/org/apache/derby/derby/10.12.1.1/derby-10.12.1.1.jar:/home/spirals/danglot/.m2/repository/org/mockito/mockito-core/2.12.0/mockito-core-2.12.0.jar:/home/spirals/danglot/.m2/repository/net/bytebuddy/byte-buddy/1.7.9/byte-buddy-1.7.9.jar:/home/spirals/danglot/.m2/repository/net/bytebuddy/byte-buddy-agent/1.7.9/byte-buddy-agent-1.7.9.jar:/home/spirals/danglot/.m2/repository/org/objenesis/objenesis/2.6/objenesis-2.6.jar:/home/spirals/danglot/.m2/repository/commons-dbcp/commons-dbcp/1.4/commons-dbcp-1.4.jar:/home/spirals/danglot/.m2/repository/commons-pool/commons-pool/1.5.4/commons-pool-1.5.4.jar:/home/spirals/danglot/.m2/repository/org/jboss/spec/javax/transaction/jboss-transaction-api_1.2_spec/1.0.1.Final/jboss-transaction-api_1.2_spec-1.0.1.Final.jar:/home/spirals/danglot/.m2/repository/org/apache/velocity/velocity/1.7/velocity-1.7.jar:/home/spirals/danglot/.m2/repository/commons-collections/commons-collections/3.2.1/commons-collections-3.2.1.jar:/home/spirals/danglot/.m2/repository/commons-lang/commons-lang/2.4/commons-lang-2.4.jar:/home/spirals/danglot/.m2/repository/org/postgresql/postgresql/42.1.4.jre6/postgresql-42.1.4.jre6.jar:/home/spirals/danglot/.m2/repository/org/assertj/assertj-core/1.7.1/assertj-core-1.7.1.jar:/home/spirals/danglot/.m2/repository/eu/codearte/catch-exception/catch-exception/1.4.4/catch-exception-1.4.4.jar:/home/spirals/danglot/.m2/repository/ru/yandex/qatools/embed/postgresql-embedded/2.5/postgresql-embedded-2.5.jar:/home/spirals/danglot/.m2/repository/de/flapdoodle/embed/de.flapdoodle.embed.process/2.0.1/de.flapdoodle.embed.process-2.0.1.jar:/home/spirals/danglot/.m2/repository/commons-io/commons-io/2.4/commons-io-2.4.jar:/home/spirals/danglot/.m2/repository/org/apache/commons/commons-lang3/3.1/commons-lang3-3.1.jar:/home/spirals/danglot/.m2/repository/net/java/dev/jna/jna/4.0.0/jna-4.0.0.jar:/home/spirals/danglot/.m2/repository/net/java/dev/jna/jna-platform/4.0.0/jna-platform-4.0.0.jar:/home/spirals/danglot/.m2/repository/org/apache/commons/commons-compress/1.10/commons-compress-1.10.jar:target/dspot/dependencies/:dataset/may-2018/mybatis-3/1149//target/classes:dataset/may-2018/mybatis-3/1149//target/test-classes:, -d, /tmp/Ex2Amplifier-experiments/dataset/may-2018/mybatis-3/1149_modified/target/test-classes, -1.8, -proc:none, -preserveAllLocals, -noExit, -enableJavadoc, /tmp/Ex2Amplifier-experiments/target/dspot/tmp_test_sources/org/apache/ibatis/builder/xml/dynamic/ExpressionEvaluatorTest.java]
[94060] DEBUG Launcher - compiled in 136 ms
[94063] INFO EntryPoint - Run: java -cp /home/spirals/danglot/.m2/repository/ognl/ognl/3.1.16/ognl-3.1.16.jar:/home/spirals/danglot/.m2/repository/org/javassist/javassist/3.22.0-GA/javassist-3.22.0-GA.jar:/home/spirals/danglot/.m2/repository/org/slf4j/slf4j-api/1.7.25/slf4j-api-1.7.25.jar:/home/spirals/danglot/.m2/repository/org/slf4j/slf4j-log4j12/1.7.25/slf4j-log4j12-1.7.25.jar:/home/spirals/danglot/.m2/repository/log4j/log4j/1.2.17/log4j-1.2.17.jar:/home/spirals/danglot/.m2/repository/org/apache/logging/log4j/log4j-core/2.3/log4j-core-2.3.jar:/home/spirals/danglot/.m2/repository/org/apache/logging/log4j/log4j-api/2.3/log4j-api-2.3.jar:/home/spirals/danglot/.m2/repository/commons-logging/commons-logging/1.2/commons-logging-1.2.jar:/home/spirals/danglot/.m2/repository/cglib/cglib/3.2.5/cglib-3.2.5.jar:/home/spirals/danglot/.m2/repository/org/ow2/asm/asm/5.2/asm-5.2.jar:/home/spirals/danglot/.m2/repository/org/apache/ant/ant/1.9.6/ant-1.9.6.jar:/home/spirals/danglot/.m2/repository/org/apache/ant/ant-launcher/1.9.6/ant-launcher-1.9.6.jar:/home/spirals/danglot/.m2/repository/junit/junit/4.12/junit-4.12.jar:/home/spirals/danglot/.m2/repository/org/hamcrest/hamcrest-core/1.3/hamcrest-core-1.3.jar:/home/spirals/danglot/.m2/repository/org/hsqldb/hsqldb/2.3.5/hsqldb-2.3.5.jar:/home/spirals/danglot/.m2/repository/org/apache/derby/derby/10.12.1.1/derby-10.12.1.1.jar:/home/spirals/danglot/.m2/repository/org/mockito/mockito-core/2.12.0/mockito-core-2.12.0.jar:/home/spirals/danglot/.m2/repository/net/bytebuddy/byte-buddy/1.7.9/byte-buddy-1.7.9.jar:/home/spirals/danglot/.m2/repository/net/bytebuddy/byte-buddy-agent/1.7.9/byte-buddy-agent-1.7.9.jar:/home/spirals/danglot/.m2/repository/org/objenesis/objenesis/2.6/objenesis-2.6.jar:/home/spirals/danglot/.m2/repository/commons-dbcp/commons-dbcp/1.4/commons-dbcp-1.4.jar:/home/spirals/danglot/.m2/repository/commons-pool/commons-pool/1.5.4/commons-pool-1.5.4.jar:/home/spirals/danglot/.m2/repository/org/jboss/spec/javax/transaction/jboss-transaction-api_1.2_spec/1.0.1.Final/jboss-transaction-api_1.2_spec-1.0.1.Final.jar:/home/spirals/danglot/.m2/repository/org/apache/velocity/velocity/1.7/velocity-1.7.jar:/home/spirals/danglot/.m2/repository/commons-collections/commons-collections/3.2.1/commons-collections-3.2.1.jar:/home/spirals/danglot/.m2/repository/commons-lang/commons-lang/2.4/commons-lang-2.4.jar:/home/spirals/danglot/.m2/repository/org/postgresql/postgresql/42.1.4.jre6/postgresql-42.1.4.jre6.jar:/home/spirals/danglot/.m2/repository/org/assertj/assertj-core/1.7.1/assertj-core-1.7.1.jar:/home/spirals/danglot/.m2/repository/eu/codearte/catch-exception/catch-exception/1.4.4/catch-exception-1.4.4.jar:/home/spirals/danglot/.m2/repository/ru/yandex/qatools/embed/postgresql-embedded/2.5/postgresql-embedded-2.5.jar:/home/spirals/danglot/.m2/repository/de/flapdoodle/embed/de.flapdoodle.embed.process/2.0.1/de.flapdoodle.embed.process-2.0.1.jar:/home/spirals/danglot/.m2/repository/commons-io/commons-io/2.4/commons-io-2.4.jar:/home/spirals/danglot/.m2/repository/org/apache/commons/commons-lang3/3.1/commons-lang3-3.1.jar:/home/spirals/danglot/.m2/repository/net/java/dev/jna/jna/4.0.0/jna-4.0.0.jar:/home/spirals/danglot/.m2/repository/net/java/dev/jna/jna-platform/4.0.0/jna-platform-4.0.0.jar:/home/spirals/danglot/.m2/repository/org/apache/commons/commons-compress/1.10/commons-compress-1.10.jar:target/dspot/dependencies/:/tmp/Ex2Amplifier-experiments/dataset/may-2018/mybatis-3/1149_modified/target/classes:/tmp/Ex2Amplifier-experiments/dataset/may-2018/mybatis-3/1149_modified/target/test-classes:/home/spirals/danglot/.m2/repository/eu/stamp-project/test-runner/1.0.8/test-runner-1.0.8-jar-with-dependencies.jar eu.stamp_project.testrunner.runner.test.TestRunner org.apache.ibatis.builder.xml.dynamic.ExpressionEvaluatorTest shouldReturnTrueIfNotZero:shouldCompareStringsReturnTrue:shouldReturnFalseIfZero:shouldReturnFalseIfNull:shouldCompareStringsReturnFalse:shouldReturnTrueIfNotNull
File saved to the following path: /tmp/Ex2Amplifier-experiments/dataset/may-2018/mybatis-3/1149/target/dspot/TestListener.ser
[94955] INFO EntryPoint - Test has been run: shouldCompareStringsReturnFalse,shouldReturnTrueIfNotNull,shouldReturnTrueIfNotZero,shouldReturnFalseIfNull,shouldReturnFalseIfZero,shouldCompareStringsReturnTrue
[94955] INFO Amplification - 0 amplified test(s) has been selected, global: 0
[94955] INFO DSpot - elapsedTime 6315
======= REPORT =======
0 amplified test fails on the new versions.

[94982] INFO DSpot - Print AmplExpressionEvaluatorTest with 0?amplified test cases in results/may-2018/mybatis-3/1149/A_ampl
[94982] DEBUG Launcher - printing org.apache.ibatis.builder.xml.dynamic.AmplExpressionEvaluatorTest to /tmp/Ex2Amplifier-experiments/results/may-2018/mybatis-3/1149/A_ampl
