SLF4J: Class path contains multiple SLF4J bindings.
SLF4J: Found binding in [jar:file:/home/spirals/danglot/.m2/repository/eu/stamp-project/test-runner/1.0.8/test-runner-1.0.8-jar-with-dependencies.jar!/org/slf4j/impl/StaticLoggerBinder.class]
SLF4J: Found binding in [jar:file:/home/spirals/danglot/.m2/repository/org/slf4j/slf4j-log4j12/1.7.25/slf4j-log4j12-1.7.25.jar!/org/slf4j/impl/StaticLoggerBinder.class]
SLF4J: See http://www.slf4j.org/codes.html#multiple_bindings for an explanation.
SLF4J: Actual binding is of type [org.slf4j.impl.Log4jLoggerFactory]
[0] WARN AutomaticBuilderFactory - No automatic builder specified in configuration, going to default.
[0] INFO AutomaticBuilderFactory - Default: provided Maven automatic builder.
[8] INFO MavenAutomaticBuilder - run maven clean test -DskipTests dependency:build-classpath -Dmdep.outputFile=target/dspot/classpath
[WARN] Maven will be executed in interactive mode, but no input stream has been configured for this MavenInvoker instance.
[INFO] Scanning for projects...
[INFO]                                                                         
[INFO] ------------------------------------------------------------------------
[INFO] Building mybatis 3.4.3-SNAPSHOT
[INFO] ------------------------------------------------------------------------
[INFO] 
[INFO] --- maven-clean-plugin:3.0.0:clean (default-clean) @ mybatis ---
[INFO] Deleting /tmp/Ex2Amplifier-experiments/dataset/may-2018/mybatis-3/895/target
[INFO] 
[INFO] --- maven-enforcer-plugin:1.4.1:enforce (enforce-java) @ mybatis ---
[INFO] Skipping Rule Enforcement.
[INFO] 
[INFO] --- jacoco-maven-plugin:0.7.7.201606060606:prepare-agent (prepare-agent) @ mybatis ---
[INFO] argLine set to -javaagent:/home/spirals/danglot/.m2/repository/org/jacoco/org.jacoco.agent/0.7.7.201606060606/org.jacoco.agent-0.7.7.201606060606-runtime.jar=destfile=/tmp/Ex2Amplifier-experiments/dataset/may-2018/mybatis-3/895/target/jacoco.exec,excludes=org.apache.ibatis.ognl.*:org.apache.ibatis.javassist.*
[INFO] 
[INFO] --- maven-resources-plugin:3.0.1:resources (default-resources) @ mybatis ---
[INFO] Using 'UTF-8' encoding to copy filtered resources.
[INFO] Copying 2 resources to META-INF
[INFO] Copying 2 resources
[INFO] 
[INFO] --- maven-compiler-plugin:3.6.0:compile (default-compile) @ mybatis ---
[INFO] Compiling 362 source files to /tmp/Ex2Amplifier-experiments/dataset/may-2018/mybatis-3/895/target/classes
[INFO] /tmp/Ex2Amplifier-experiments/dataset/may-2018/mybatis-3/895/src/main/java/org/apache/ibatis/reflection/MetaObject.java: Some input files use unchecked or unsafe operations.
[INFO] /tmp/Ex2Amplifier-experiments/dataset/may-2018/mybatis-3/895/src/main/java/org/apache/ibatis/reflection/MetaObject.java: Recompile with -Xlint:unchecked for details.
[INFO] 
[INFO] --- license-maven-plugin:3.0:format (default) @ mybatis ---
[INFO] 
[INFO] --- animal-sniffer-maven-plugin:1.15:check (check-java-1.6-compat) @ mybatis ---
[INFO] Checking unresolved references to org.codehaus.mojo.signature:java16:1.1
[INFO] 
[INFO] >>> maven-bundle-plugin:2.5.4:manifest (bundle-manifest) > process-classes @ mybatis >>>
[INFO] 
[INFO] --- maven-enforcer-plugin:1.4.1:enforce (enforce-java) @ mybatis ---
[INFO] Skipping Rule Enforcement.
[INFO] 
[INFO] --- jacoco-maven-plugin:0.7.7.201606060606:prepare-agent (prepare-agent) @ mybatis ---
[INFO] argLine set to -javaagent:/home/spirals/danglot/.m2/repository/org/jacoco/org.jacoco.agent/0.7.7.201606060606/org.jacoco.agent-0.7.7.201606060606-runtime.jar=destfile=/tmp/Ex2Amplifier-experiments/dataset/may-2018/mybatis-3/895/target/jacoco.exec,excludes=org.apache.ibatis.ognl.*:org.apache.ibatis.javassist.*
[INFO] 
[INFO] --- maven-resources-plugin:3.0.1:resources (default-resources) @ mybatis ---
[INFO] Using 'UTF-8' encoding to copy filtered resources.
[INFO] Copying 2 resources to META-INF
[INFO] Copying 2 resources
[INFO] 
[INFO] --- maven-compiler-plugin:3.6.0:compile (default-compile) @ mybatis ---
[INFO] Compiling 53 source files to /tmp/Ex2Amplifier-experiments/dataset/may-2018/mybatis-3/895/target/classes
[INFO] 
[INFO] --- license-maven-plugin:3.0:format (default) @ mybatis ---
[INFO] 
[INFO] --- animal-sniffer-maven-plugin:1.15:check (check-java-1.6-compat) @ mybatis ---
[INFO] Checking unresolved references to org.codehaus.mojo.signature:java16:1.1
[INFO] 
[INFO] <<< maven-bundle-plugin:2.5.4:manifest (bundle-manifest) < process-classes @ mybatis <<<
[INFO] 
[INFO] --- maven-bundle-plugin:2.5.4:manifest (bundle-manifest) @ mybatis ---
[INFO] 
[INFO] --- maven-resources-plugin:3.0.1:testResources (default-testResources) @ mybatis ---
[INFO] Using 'UTF-8' encoding to copy filtered resources.
[INFO] Copying 454 resources
[INFO] 
[INFO] --- maven-compiler-plugin:3.6.0:testCompile (default-testCompile) @ mybatis ---
[INFO] Compiling 702 source files to /tmp/Ex2Amplifier-experiments/dataset/may-2018/mybatis-3/895/target/test-classes
[INFO] /tmp/Ex2Amplifier-experiments/dataset/may-2018/mybatis-3/895/src/test/java/org/apache/ibatis/jdbc/SelectBuilderTest.java: Some input files use or override a deprecated API.
[INFO] /tmp/Ex2Amplifier-experiments/dataset/may-2018/mybatis-3/895/src/test/java/org/apache/ibatis/jdbc/SelectBuilderTest.java: Recompile with -Xlint:deprecation for details.
[INFO] /tmp/Ex2Amplifier-experiments/dataset/may-2018/mybatis-3/895/src/test/java/org/apache/ibatis/executor/ResultExtractorTest.java: Some input files use unchecked or unsafe operations.
[INFO] /tmp/Ex2Amplifier-experiments/dataset/may-2018/mybatis-3/895/src/test/java/org/apache/ibatis/executor/ResultExtractorTest.java: Recompile with -Xlint:unchecked for details.
[INFO] 
[INFO] --- maven-surefire-plugin:2.19.1:test (default-test) @ mybatis ---
[INFO] Tests are skipped.
[INFO] 
[INFO] --- maven-dependency-plugin:2.10:build-classpath (default-cli) @ mybatis ---
[INFO] Wrote classpath file '/tmp/Ex2Amplifier-experiments/dataset/may-2018/mybatis-3/895/target/dspot/classpath'.
[INFO] ------------------------------------------------------------------------
[INFO] BUILD SUCCESS
[INFO] ------------------------------------------------------------------------
[INFO] Total time: 15.667 s
[INFO] Finished at: 2018-05-23T05:21:55+02:00
[INFO] Final Memory: 46M/857M
[INFO] ------------------------------------------------------------------------
[22916] ERROR JDTCommentBuilder - // target for test (ordinal number -> Enum constant) is not added into the AST
spoon.reflect.declaration.ParentNotInitializedException: parent not initialized for class spoon.support.reflect.code.CtCommentImpl (/tmp/Ex2Amplifier-experiments/dataset/may-2018/mybatis-3/895/src/test/java/org/apache/ibatis/submitted/enumtypehandler_on_annotation/PersonMapper.java:46)
	at spoon.support.reflect.declaration.CtElementImpl.getParent(CtElementImpl.java:340)
	at spoon.support.compiler.jdt.JDTCommentBuilder.insertCommentInAST(JDTCommentBuilder.java:474)
	at spoon.support.compiler.jdt.JDTCommentBuilder.buildComment(JDTCommentBuilder.java:152)
	at spoon.support.compiler.jdt.JDTCommentBuilder.build(JDTCommentBuilder.java:108)
	at spoon.support.compiler.jdt.JDTBasedSpoonCompiler.buildModel(JDTBasedSpoonCompiler.java:417)
	at spoon.support.compiler.jdt.JDTBasedSpoonCompiler.buildUnitsAndModel(JDTBasedSpoonCompiler.java:362)
	at spoon.support.compiler.jdt.JDTBasedSpoonCompiler.buildSources(JDTBasedSpoonCompiler.java:335)
	at spoon.support.compiler.jdt.JDTBasedSpoonCompiler.build(JDTBasedSpoonCompiler.java:116)
	at spoon.support.compiler.jdt.JDTBasedSpoonCompiler.build(JDTBasedSpoonCompiler.java:99)
	at spoon.Launcher.buildModel(Launcher.java:724)
	at eu.stamp_project.utils.compilation.DSpotCompiler.getSpoonModelOf(DSpotCompiler.java:106)
	at eu.stamp_project.utils.compilation.DSpotCompiler.createDSpotCompiler(DSpotCompiler.java:31)
	at eu.stamp_project.dspot.DSpot.<init>(DSpot.java:108)
	at eu.stamp_project.Main.lambda$run$2(Main.java:137)
	at java.util.stream.ForEachOps$ForEachOp$OfRef.accept(ForEachOps.java:184)
	at java.util.stream.ReferencePipeline$2$1.accept(ReferencePipeline.java:175)
	at java.util.ArrayList$ArrayListSpliterator.forEachRemaining(ArrayList.java:1374)
	at java.util.stream.AbstractPipeline.copyInto(AbstractPipeline.java:481)
	at java.util.stream.AbstractPipeline.wrapAndCopyInto(AbstractPipeline.java:471)
	at java.util.stream.ForEachOps$ForEachOp.evaluateSequential(ForEachOps.java:151)
	at java.util.stream.ForEachOps$ForEachOp$OfRef.evaluateSequential(ForEachOps.java:174)
	at java.util.stream.AbstractPipeline.evaluate(AbstractPipeline.java:234)
	at java.util.stream.ReferencePipeline.forEach(ReferencePipeline.java:418)
	at eu.stamp_project.Main.run(Main.java:120)
	at eu.stamp_project.Main.main(Main.java:91)
[22920] ERROR JDTCommentBuilder - // Switch using enum constant name(PERSON or EMPLOYEE) at cases attribute is not added into the AST
spoon.reflect.declaration.ParentNotInitializedException: parent not initialized for class spoon.support.reflect.code.CtCommentImpl (/tmp/Ex2Amplifier-experiments/dataset/may-2018/mybatis-3/895/src/test/java/org/apache/ibatis/submitted/enumtypehandler_on_annotation/PersonMapper.java:48)
	at spoon.support.reflect.declaration.CtElementImpl.getParent(CtElementImpl.java:340)
	at spoon.support.compiler.jdt.JDTCommentBuilder.insertCommentInAST(JDTCommentBuilder.java:474)
	at spoon.support.compiler.jdt.JDTCommentBuilder.buildComment(JDTCommentBuilder.java:152)
	at spoon.support.compiler.jdt.JDTCommentBuilder.build(JDTCommentBuilder.java:108)
	at spoon.support.compiler.jdt.JDTBasedSpoonCompiler.buildModel(JDTBasedSpoonCompiler.java:417)
	at spoon.support.compiler.jdt.JDTBasedSpoonCompiler.buildUnitsAndModel(JDTBasedSpoonCompiler.java:362)
	at spoon.support.compiler.jdt.JDTBasedSpoonCompiler.buildSources(JDTBasedSpoonCompiler.java:335)
	at spoon.support.compiler.jdt.JDTBasedSpoonCompiler.build(JDTBasedSpoonCompiler.java:116)
	at spoon.support.compiler.jdt.JDTBasedSpoonCompiler.build(JDTBasedSpoonCompiler.java:99)
	at spoon.Launcher.buildModel(Launcher.java:724)
	at eu.stamp_project.utils.compilation.DSpotCompiler.getSpoonModelOf(DSpotCompiler.java:106)
	at eu.stamp_project.utils.compilation.DSpotCompiler.createDSpotCompiler(DSpotCompiler.java:31)
	at eu.stamp_project.dspot.DSpot.<init>(DSpot.java:108)
	at eu.stamp_project.Main.lambda$run$2(Main.java:137)
	at java.util.stream.ForEachOps$ForEachOp$OfRef.accept(ForEachOps.java:184)
	at java.util.stream.ReferencePipeline$2$1.accept(ReferencePipeline.java:175)
	at java.util.ArrayList$ArrayListSpliterator.forEachRemaining(ArrayList.java:1374)
	at java.util.stream.AbstractPipeline.copyInto(AbstractPipeline.java:481)
	at java.util.stream.AbstractPipeline.wrapAndCopyInto(AbstractPipeline.java:471)
	at java.util.stream.ForEachOps$ForEachOp.evaluateSequential(ForEachOps.java:151)
	at java.util.stream.ForEachOps$ForEachOp$OfRef.evaluateSequential(ForEachOps.java:174)
	at java.util.stream.AbstractPipeline.evaluate(AbstractPipeline.java:234)
	at java.util.stream.ReferencePipeline.forEach(ReferencePipeline.java:418)
	at eu.stamp_project.Main.run(Main.java:120)
	at eu.stamp_project.Main.main(Main.java:91)
[29589] ERROR JDTCommentBuilder - // Interface Mapper is not added into the AST
spoon.reflect.declaration.ParentNotInitializedException: parent not initialized for class spoon.support.reflect.code.CtCommentImpl (/tmp/Ex2Amplifier-experiments/dataset/may-2018/mybatis-3/895/src/main/java/org/apache/ibatis/annotations/Mapper.java:39)
	at spoon.support.reflect.declaration.CtElementImpl.getParent(CtElementImpl.java:340)
	at spoon.support.compiler.jdt.JDTCommentBuilder.insertCommentInAST(JDTCommentBuilder.java:474)
	at spoon.support.compiler.jdt.JDTCommentBuilder.buildComment(JDTCommentBuilder.java:152)
	at spoon.support.compiler.jdt.JDTCommentBuilder.build(JDTCommentBuilder.java:108)
	at spoon.support.compiler.jdt.JDTBasedSpoonCompiler.buildModel(JDTBasedSpoonCompiler.java:417)
	at spoon.support.compiler.jdt.JDTBasedSpoonCompiler.buildUnitsAndModel(JDTBasedSpoonCompiler.java:362)
	at spoon.support.compiler.jdt.JDTBasedSpoonCompiler.buildSources(JDTBasedSpoonCompiler.java:335)
	at spoon.support.compiler.jdt.JDTBasedSpoonCompiler.build(JDTBasedSpoonCompiler.java:116)
	at spoon.support.compiler.jdt.JDTBasedSpoonCompiler.build(JDTBasedSpoonCompiler.java:99)
	at spoon.Launcher.buildModel(Launcher.java:724)
	at eu.stamp_project.utils.compilation.DSpotCompiler.getSpoonModelOf(DSpotCompiler.java:106)
	at eu.stamp_project.utils.compilation.DSpotCompiler.createDSpotCompiler(DSpotCompiler.java:31)
	at eu.stamp_project.dspot.DSpot.<init>(DSpot.java:108)
	at eu.stamp_project.Main.lambda$run$2(Main.java:137)
	at java.util.stream.ForEachOps$ForEachOp$OfRef.accept(ForEachOps.java:184)
	at java.util.stream.ReferencePipeline$2$1.accept(ReferencePipeline.java:175)
	at java.util.ArrayList$ArrayListSpliterator.forEachRemaining(ArrayList.java:1374)
	at java.util.stream.AbstractPipeline.copyInto(AbstractPipeline.java:481)
	at java.util.stream.AbstractPipeline.wrapAndCopyInto(AbstractPipeline.java:471)
	at java.util.stream.ForEachOps$ForEachOp.evaluateSequential(ForEachOps.java:151)
	at java.util.stream.ForEachOps$ForEachOp$OfRef.evaluateSequential(ForEachOps.java:174)
	at java.util.stream.AbstractPipeline.evaluate(AbstractPipeline.java:234)
	at java.util.stream.ReferencePipeline.forEach(ReferencePipeline.java:418)
	at eu.stamp_project.Main.run(Main.java:120)
	at eu.stamp_project.Main.main(Main.java:91)
[29684] ERROR JDTCommentBuilder - /* because ResultHandler<?> is always ResultHandler<Object> */ is not added into the AST
spoon.reflect.declaration.ParentNotInitializedException: parent not initialized for class spoon.support.reflect.code.CtCommentImpl (/tmp/Ex2Amplifier-experiments/dataset/may-2018/mybatis-3/895/src/main/java/org/apache/ibatis/executor/resultset/DefaultResultSetHandler.java:355)
	at spoon.support.reflect.declaration.CtElementImpl.getParent(CtElementImpl.java:340)
	at spoon.support.compiler.jdt.JDTCommentBuilder.insertCommentInAST(JDTCommentBuilder.java:474)
	at spoon.support.compiler.jdt.JDTCommentBuilder.buildComment(JDTCommentBuilder.java:152)
	at spoon.support.compiler.jdt.JDTCommentBuilder.build(JDTCommentBuilder.java:108)
	at spoon.support.compiler.jdt.JDTBasedSpoonCompiler.buildModel(JDTBasedSpoonCompiler.java:417)
	at spoon.support.compiler.jdt.JDTBasedSpoonCompiler.buildUnitsAndModel(JDTBasedSpoonCompiler.java:362)
	at spoon.support.compiler.jdt.JDTBasedSpoonCompiler.buildSources(JDTBasedSpoonCompiler.java:335)
	at spoon.support.compiler.jdt.JDTBasedSpoonCompiler.build(JDTBasedSpoonCompiler.java:116)
	at spoon.support.compiler.jdt.JDTBasedSpoonCompiler.build(JDTBasedSpoonCompiler.java:99)
	at spoon.Launcher.buildModel(Launcher.java:724)
	at eu.stamp_project.utils.compilation.DSpotCompiler.getSpoonModelOf(DSpotCompiler.java:106)
	at eu.stamp_project.utils.compilation.DSpotCompiler.createDSpotCompiler(DSpotCompiler.java:31)
	at eu.stamp_project.dspot.DSpot.<init>(DSpot.java:108)
	at eu.stamp_project.Main.lambda$run$2(Main.java:137)
	at java.util.stream.ForEachOps$ForEachOp$OfRef.accept(ForEachOps.java:184)
	at java.util.stream.ReferencePipeline$2$1.accept(ReferencePipeline.java:175)
	at java.util.ArrayList$ArrayListSpliterator.forEachRemaining(ArrayList.java:1374)
	at java.util.stream.AbstractPipeline.copyInto(AbstractPipeline.java:481)
	at java.util.stream.AbstractPipeline.wrapAndCopyInto(AbstractPipeline.java:471)
	at java.util.stream.ForEachOps$ForEachOp.evaluateSequential(ForEachOps.java:151)
	at java.util.stream.ForEachOps$ForEachOp$OfRef.evaluateSequential(ForEachOps.java:174)
	at java.util.stream.AbstractPipeline.evaluate(AbstractPipeline.java:234)
	at java.util.stream.ReferencePipeline.forEach(ReferencePipeline.java:418)
	at eu.stamp_project.Main.run(Main.java:120)
	at eu.stamp_project.Main.main(Main.java:91)
[29993] WARN AutomaticBuilderFactory - No automatic builder specified in configuration, going to default.
[29993] INFO AutomaticBuilderFactory - Default: provided Maven automatic builder.
[29993] INFO MavenAutomaticBuilder - run maven clean test -DskipTests dependency:build-classpath -Dmdep.outputFile=target/dspot/classpath
[WARN] Maven will be executed in interactive mode, but no input stream has been configured for this MavenInvoker instance.
[INFO] Scanning for projects...
[INFO]                                                                         
[INFO] ------------------------------------------------------------------------
[INFO] Building mybatis 3.4.3-SNAPSHOT
[INFO] ------------------------------------------------------------------------
[INFO] 
[INFO] --- maven-clean-plugin:3.0.0:clean (default-clean) @ mybatis ---
[INFO] 
[INFO] --- maven-enforcer-plugin:1.4.1:enforce (enforce-java) @ mybatis ---
[INFO] Skipping Rule Enforcement.
[INFO] 
[INFO] --- jacoco-maven-plugin:0.7.7.201606060606:prepare-agent (prepare-agent) @ mybatis ---
[INFO] argLine set to -javaagent:/home/spirals/danglot/.m2/repository/org/jacoco/org.jacoco.agent/0.7.7.201606060606/org.jacoco.agent-0.7.7.201606060606-runtime.jar=destfile=/tmp/Ex2Amplifier-experiments/dataset/may-2018/mybatis-3/895_modified/target/jacoco.exec,excludes=org.apache.ibatis.ognl.*:org.apache.ibatis.javassist.*
[INFO] 
[INFO] --- maven-resources-plugin:3.0.1:resources (default-resources) @ mybatis ---
[INFO] Using 'UTF-8' encoding to copy filtered resources.
[INFO] Copying 2 resources to META-INF
[INFO] Copying 2 resources
[INFO] 
[INFO] --- maven-compiler-plugin:3.6.0:compile (default-compile) @ mybatis ---
[INFO] Compiling 362 source files to /tmp/Ex2Amplifier-experiments/dataset/may-2018/mybatis-3/895_modified/target/classes
[INFO] /tmp/Ex2Amplifier-experiments/dataset/may-2018/mybatis-3/895_modified/src/main/java/org/apache/ibatis/scripting/xmltags/DynamicContext.java: Some input files use unchecked or unsafe operations.
[INFO] /tmp/Ex2Amplifier-experiments/dataset/may-2018/mybatis-3/895_modified/src/main/java/org/apache/ibatis/scripting/xmltags/DynamicContext.java: Recompile with -Xlint:unchecked for details.
[INFO] 
[INFO] --- license-maven-plugin:3.0:format (default) @ mybatis ---
[INFO] 
[INFO] --- animal-sniffer-maven-plugin:1.15:check (check-java-1.6-compat) @ mybatis ---
[INFO] Checking unresolved references to org.codehaus.mojo.signature:java16:1.1
[INFO] 
[INFO] >>> maven-bundle-plugin:2.5.4:manifest (bundle-manifest) > process-classes @ mybatis >>>
[INFO] 
[INFO] --- maven-enforcer-plugin:1.4.1:enforce (enforce-java) @ mybatis ---
[INFO] Skipping Rule Enforcement.
[INFO] 
[INFO] --- jacoco-maven-plugin:0.7.7.201606060606:prepare-agent (prepare-agent) @ mybatis ---
[INFO] argLine set to -javaagent:/home/spirals/danglot/.m2/repository/org/jacoco/org.jacoco.agent/0.7.7.201606060606/org.jacoco.agent-0.7.7.201606060606-runtime.jar=destfile=/tmp/Ex2Amplifier-experiments/dataset/may-2018/mybatis-3/895_modified/target/jacoco.exec,excludes=org.apache.ibatis.ognl.*:org.apache.ibatis.javassist.*
[INFO] 
[INFO] --- maven-resources-plugin:3.0.1:resources (default-resources) @ mybatis ---
[INFO] Using 'UTF-8' encoding to copy filtered resources.
[INFO] Copying 2 resources to META-INF
[INFO] Copying 2 resources
[INFO] 
[INFO] --- maven-compiler-plugin:3.6.0:compile (default-compile) @ mybatis ---
[INFO] Compiling 53 source files to /tmp/Ex2Amplifier-experiments/dataset/may-2018/mybatis-3/895_modified/target/classes
[INFO] 
[INFO] --- license-maven-plugin:3.0:format (default) @ mybatis ---
[INFO] 
[INFO] --- animal-sniffer-maven-plugin:1.15:check (check-java-1.6-compat) @ mybatis ---
[INFO] Checking unresolved references to org.codehaus.mojo.signature:java16:1.1
[INFO] 
[INFO] <<< maven-bundle-plugin:2.5.4:manifest (bundle-manifest) < process-classes @ mybatis <<<
[INFO] 
[INFO] --- maven-bundle-plugin:2.5.4:manifest (bundle-manifest) @ mybatis ---
[INFO] 
[INFO] --- maven-resources-plugin:3.0.1:testResources (default-testResources) @ mybatis ---
[INFO] Using 'UTF-8' encoding to copy filtered resources.
[INFO] Copying 454 resources
[INFO] 
[INFO] --- maven-compiler-plugin:3.6.0:testCompile (default-testCompile) @ mybatis ---
[INFO] Compiling 702 source files to /tmp/Ex2Amplifier-experiments/dataset/may-2018/mybatis-3/895_modified/target/test-classes
[INFO] /tmp/Ex2Amplifier-experiments/dataset/may-2018/mybatis-3/895_modified/src/test/java/org/apache/ibatis/jdbc/SelectBuilderTest.java: Some input files use or override a deprecated API.
[INFO] /tmp/Ex2Amplifier-experiments/dataset/may-2018/mybatis-3/895_modified/src/test/java/org/apache/ibatis/jdbc/SelectBuilderTest.java: Recompile with -Xlint:deprecation for details.
[INFO] /tmp/Ex2Amplifier-experiments/dataset/may-2018/mybatis-3/895_modified/src/test/java/org/apache/ibatis/submitted/custom_collection_handling/CustomObjectWrapper.java: Some input files use unchecked or unsafe operations.
[INFO] /tmp/Ex2Amplifier-experiments/dataset/may-2018/mybatis-3/895_modified/src/test/java/org/apache/ibatis/submitted/custom_collection_handling/CustomObjectWrapper.java: Recompile with -Xlint:unchecked for details.
[INFO] 
[INFO] --- maven-surefire-plugin:2.19.1:test (default-test) @ mybatis ---
[INFO] Tests are skipped.
[INFO] 
[INFO] --- maven-dependency-plugin:2.10:build-classpath (default-cli) @ mybatis ---
[INFO] Wrote classpath file '/tmp/Ex2Amplifier-experiments/dataset/may-2018/mybatis-3/895_modified/target/dspot/classpath'.
[INFO] ------------------------------------------------------------------------
[INFO] BUILD SUCCESS
[INFO] ------------------------------------------------------------------------
[INFO] Total time: 15.465 s
[INFO] Finished at: 2018-05-23T05:22:24+02:00
[INFO] Final Memory: 46M/876M
[INFO] ------------------------------------------------------------------------
[47236] INFO SelectorOnDiff - Selecting according to a diff between dataset/may-2018/mybatis-3/895/ and dataset/may-2018/mybatis-3/895_modified/ (8fc78a7451ea7a46e83927b1b8db194947d68b3a)
[47248] INFO SelectorOnDiff - Modified files:
a/src/test/java/org/apache/ibatis/submitted/automapping/Mapper.java
a/src/test/java/org/apache/ibatis/submitted/automapping/AutomappingTest.java
a/src/main/java/org/apache/ibatis/executor/resultset/DefaultResultSetHandler.java
a/src/main/java/org/apache/ibatis/mapping/ResultMap.java
a/src/test/java/org/apache/ibatis/submitted/automapping/User.java
[62850] INFO Amplification - amplification of org.apache.ibatis.executor.resultset.DefaultResultSetHandlerTest (2 test(s))
[63128] INFO EntryPoint - Run: java -cp /tmp/Ex2Amplifier-experiments/dataset/may-2018/mybatis-3/895/target/test-classes:/tmp/Ex2Amplifier-experiments/dataset/may-2018/mybatis-3/895/target/classes:/home/spirals/danglot/.m2/repository/ognl/ognl/3.1.12/ognl-3.1.12.jar:/home/spirals/danglot/.m2/repository/org/javassist/javassist/3.21.0-GA/javassist-3.21.0-GA.jar:/home/spirals/danglot/.m2/repository/org/mybatis/mybatis-typehandlers-jsr310/1.0.2/mybatis-typehandlers-jsr310-1.0.2.jar:/home/spirals/danglot/.m2/repository/org/slf4j/slf4j-api/1.7.22/slf4j-api-1.7.22.jar:/home/spirals/danglot/.m2/repository/org/slf4j/slf4j-log4j12/1.7.22/slf4j-log4j12-1.7.22.jar:/home/spirals/danglot/.m2/repository/log4j/log4j/1.2.17/log4j-1.2.17.jar:/home/spirals/danglot/.m2/repository/org/apache/logging/log4j/log4j-core/2.3/log4j-core-2.3.jar:/home/spirals/danglot/.m2/repository/org/apache/logging/log4j/log4j-api/2.3/log4j-api-2.3.jar:/home/spirals/danglot/.m2/repository/commons-logging/commons-logging/1.2/commons-logging-1.2.jar:/home/spirals/danglot/.m2/repository/cglib/cglib/3.2.4/cglib-3.2.4.jar:/home/spirals/danglot/.m2/repository/org/ow2/asm/asm/5.1/asm-5.1.jar:/home/spirals/danglot/.m2/repository/org/apache/ant/ant/1.9.6/ant-1.9.6.jar:/home/spirals/danglot/.m2/repository/org/apache/ant/ant-launcher/1.9.6/ant-launcher-1.9.6.jar:/home/spirals/danglot/.m2/repository/junit/junit/4.12/junit-4.12.jar:/home/spirals/danglot/.m2/repository/org/hamcrest/hamcrest-core/1.3/hamcrest-core-1.3.jar:/home/spirals/danglot/.m2/repository/org/hsqldb/hsqldb/2.3.4/hsqldb-2.3.4.jar:/home/spirals/danglot/.m2/repository/org/apache/derby/derby/10.12.1.1/derby-10.12.1.1.jar:/home/spirals/danglot/.m2/repository/org/mockito/mockito-core/2.4.2/mockito-core-2.4.2.jar:/home/spirals/danglot/.m2/repository/net/bytebuddy/byte-buddy/1.5.5/byte-buddy-1.5.5.jar:/home/spirals/danglot/.m2/repository/net/bytebuddy/byte-buddy-agent/1.5.5/byte-buddy-agent-1.5.5.jar:/home/spirals/danglot/.m2/repository/org/objenesis/objenesis/2.4/objenesis-2.4.jar:/home/spirals/danglot/.m2/repository/commons-dbcp/commons-dbcp/1.4/commons-dbcp-1.4.jar:/home/spirals/danglot/.m2/repository/commons-pool/commons-pool/1.5.4/commons-pool-1.5.4.jar:/home/spirals/danglot/.m2/repository/org/jboss/spec/javax/transaction/jboss-transaction-api_1.2_spec/1.0.1.Final/jboss-transaction-api_1.2_spec-1.0.1.Final.jar:/home/spirals/danglot/.m2/repository/org/apache/velocity/velocity/1.7/velocity-1.7.jar:/home/spirals/danglot/.m2/repository/commons-collections/commons-collections/3.2.1/commons-collections-3.2.1.jar:/home/spirals/danglot/.m2/repository/commons-lang/commons-lang/2.4/commons-lang-2.4.jar:/home/spirals/danglot/.m2/repository/postgresql/postgresql/9.1-901-1.jdbc4/postgresql-9.1-901-1.jdbc4.jar:/tmp/Ex2Amplifier-experiments/target/dspot/dependencies:/home/spirals/danglot/.m2/repository/eu/stamp-project/test-runner/1.0.8/test-runner-1.0.8-jar-with-dependencies.jar eu.stamp_project.testrunner.runner.test.TestRunner org.apache.ibatis.executor.resultset.DefaultResultSetHandlerTest shouldRetainColumnNameCase:shouldThrowExceptionWithColumnName
File saved to the following path: /tmp/Ex2Amplifier-experiments/dataset/may-2018/mybatis-3/895/target/dspot/TestListener.ser
SLF4J: Class path contains multiple SLF4J bindings.
SLF4J: Found binding in [jar:file:/home/spirals/danglot/.m2/repository/org/slf4j/slf4j-log4j12/1.7.22/slf4j-log4j12-1.7.22.jar!/org/slf4j/impl/StaticLoggerBinder.class]
SLF4J: Found binding in [jar:file:/home/spirals/danglot/.m2/repository/eu/stamp-project/test-runner/1.0.8/test-runner-1.0.8-jar-with-dependencies.jar!/org/slf4j/impl/StaticLoggerBinder.class]
SLF4J: See http://www.slf4j.org/codes.html#multiple_bindings for an explanation.
SLF4J: Actual binding is of type [org.slf4j.impl.Log4jLoggerFactory]
[65884] INFO EntryPoint - Test has been run: shouldThrowExceptionWithColumnName,shouldRetainColumnNameCase
[65885] INFO Amplification - Try to add assertions before amplification
[65974] INFO AssertGenerator - Run tests. (2)
[66108] INFO EntryPoint - Run: java -cp /tmp/Ex2Amplifier-experiments/dataset/may-2018/mybatis-3/895/target/test-classes:/tmp/Ex2Amplifier-experiments/dataset/may-2018/mybatis-3/895/target/classes:/home/spirals/danglot/.m2/repository/ognl/ognl/3.1.12/ognl-3.1.12.jar:/home/spirals/danglot/.m2/repository/org/javassist/javassist/3.21.0-GA/javassist-3.21.0-GA.jar:/home/spirals/danglot/.m2/repository/org/mybatis/mybatis-typehandlers-jsr310/1.0.2/mybatis-typehandlers-jsr310-1.0.2.jar:/home/spirals/danglot/.m2/repository/org/slf4j/slf4j-api/1.7.22/slf4j-api-1.7.22.jar:/home/spirals/danglot/.m2/repository/org/slf4j/slf4j-log4j12/1.7.22/slf4j-log4j12-1.7.22.jar:/home/spirals/danglot/.m2/repository/log4j/log4j/1.2.17/log4j-1.2.17.jar:/home/spirals/danglot/.m2/repository/org/apache/logging/log4j/log4j-core/2.3/log4j-core-2.3.jar:/home/spirals/danglot/.m2/repository/org/apache/logging/log4j/log4j-api/2.3/log4j-api-2.3.jar:/home/spirals/danglot/.m2/repository/commons-logging/commons-logging/1.2/commons-logging-1.2.jar:/home/spirals/danglot/.m2/repository/cglib/cglib/3.2.4/cglib-3.2.4.jar:/home/spirals/danglot/.m2/repository/org/ow2/asm/asm/5.1/asm-5.1.jar:/home/spirals/danglot/.m2/repository/org/apache/ant/ant/1.9.6/ant-1.9.6.jar:/home/spirals/danglot/.m2/repository/org/apache/ant/ant-launcher/1.9.6/ant-launcher-1.9.6.jar:/home/spirals/danglot/.m2/repository/junit/junit/4.12/junit-4.12.jar:/home/spirals/danglot/.m2/repository/org/hamcrest/hamcrest-core/1.3/hamcrest-core-1.3.jar:/home/spirals/danglot/.m2/repository/org/hsqldb/hsqldb/2.3.4/hsqldb-2.3.4.jar:/home/spirals/danglot/.m2/repository/org/apache/derby/derby/10.12.1.1/derby-10.12.1.1.jar:/home/spirals/danglot/.m2/repository/org/mockito/mockito-core/2.4.2/mockito-core-2.4.2.jar:/home/spirals/danglot/.m2/repository/net/bytebuddy/byte-buddy/1.5.5/byte-buddy-1.5.5.jar:/home/spirals/danglot/.m2/repository/net/bytebuddy/byte-buddy-agent/1.5.5/byte-buddy-agent-1.5.5.jar:/home/spirals/danglot/.m2/repository/org/objenesis/objenesis/2.4/objenesis-2.4.jar:/home/spirals/danglot/.m2/repository/commons-dbcp/commons-dbcp/1.4/commons-dbcp-1.4.jar:/home/spirals/danglot/.m2/repository/commons-pool/commons-pool/1.5.4/commons-pool-1.5.4.jar:/home/spirals/danglot/.m2/repository/org/jboss/spec/javax/transaction/jboss-transaction-api_1.2_spec/1.0.1.Final/jboss-transaction-api_1.2_spec-1.0.1.Final.jar:/home/spirals/danglot/.m2/repository/org/apache/velocity/velocity/1.7/velocity-1.7.jar:/home/spirals/danglot/.m2/repository/commons-collections/commons-collections/3.2.1/commons-collections-3.2.1.jar:/home/spirals/danglot/.m2/repository/commons-lang/commons-lang/2.4/commons-lang-2.4.jar:/home/spirals/danglot/.m2/repository/postgresql/postgresql/9.1-901-1.jdbc4/postgresql-9.1-901-1.jdbc4.jar:/tmp/Ex2Amplifier-experiments/target/dspot/dependencies:/home/spirals/danglot/.m2/repository/eu/stamp-project/test-runner/1.0.8/test-runner-1.0.8-jar-with-dependencies.jar eu.stamp_project.testrunner.runner.test.TestRunner org.apache.ibatis.executor.resultset.DefaultResultSetHandlerTest shouldRetainColumnNameCase:shouldThrowExceptionWithColumnName
File saved to the following path: /tmp/Ex2Amplifier-experiments/dataset/may-2018/mybatis-3/895/target/dspot/TestListener.ser
SLF4J: Class path contains multiple SLF4J bindings.
SLF4J: Found binding in [jar:file:/home/spirals/danglot/.m2/repository/org/slf4j/slf4j-log4j12/1.7.22/slf4j-log4j12-1.7.22.jar!/org/slf4j/impl/StaticLoggerBinder.class]
SLF4J: Found binding in [jar:file:/home/spirals/danglot/.m2/repository/eu/stamp-project/test-runner/1.0.8/test-runner-1.0.8-jar-with-dependencies.jar!/org/slf4j/impl/StaticLoggerBinder.class]
SLF4J: See http://www.slf4j.org/codes.html#multiple_bindings for an explanation.
SLF4J: Actual binding is of type [org.slf4j.impl.Log4jLoggerFactory]
[68586] INFO EntryPoint - Test has been run: shouldThrowExceptionWithColumnName,shouldRetainColumnNameCase
[68586] INFO AssertGenerator - 2 test pass, generating assertion...
[68590] INFO MethodsAssertGenerator - Add observations points in passing tests.
[68591] INFO MethodsAssertGenerator - Instrumentation...
 50% |========================= ]/100% |================================================== ]-
[68649] INFO MethodsAssertGenerator - Run instrumented tests. (6)
[68882] INFO EntryPoint - Run: java -cp /tmp/Ex2Amplifier-experiments/dataset/may-2018/mybatis-3/895/target/test-classes:/tmp/Ex2Amplifier-experiments/dataset/may-2018/mybatis-3/895/target/classes:/home/spirals/danglot/.m2/repository/ognl/ognl/3.1.12/ognl-3.1.12.jar:/home/spirals/danglot/.m2/repository/org/javassist/javassist/3.21.0-GA/javassist-3.21.0-GA.jar:/home/spirals/danglot/.m2/repository/org/mybatis/mybatis-typehandlers-jsr310/1.0.2/mybatis-typehandlers-jsr310-1.0.2.jar:/home/spirals/danglot/.m2/repository/org/slf4j/slf4j-api/1.7.22/slf4j-api-1.7.22.jar:/home/spirals/danglot/.m2/repository/org/slf4j/slf4j-log4j12/1.7.22/slf4j-log4j12-1.7.22.jar:/home/spirals/danglot/.m2/repository/log4j/log4j/1.2.17/log4j-1.2.17.jar:/home/spirals/danglot/.m2/repository/org/apache/logging/log4j/log4j-core/2.3/log4j-core-2.3.jar:/home/spirals/danglot/.m2/repository/org/apache/logging/log4j/log4j-api/2.3/log4j-api-2.3.jar:/home/spirals/danglot/.m2/repository/commons-logging/commons-logging/1.2/commons-logging-1.2.jar:/home/spirals/danglot/.m2/repository/cglib/cglib/3.2.4/cglib-3.2.4.jar:/home/spirals/danglot/.m2/repository/org/ow2/asm/asm/5.1/asm-5.1.jar:/home/spirals/danglot/.m2/repository/org/apache/ant/ant/1.9.6/ant-1.9.6.jar:/home/spirals/danglot/.m2/repository/org/apache/ant/ant-launcher/1.9.6/ant-launcher-1.9.6.jar:/home/spirals/danglot/.m2/repository/junit/junit/4.12/junit-4.12.jar:/home/spirals/danglot/.m2/repository/org/hamcrest/hamcrest-core/1.3/hamcrest-core-1.3.jar:/home/spirals/danglot/.m2/repository/org/hsqldb/hsqldb/2.3.4/hsqldb-2.3.4.jar:/home/spirals/danglot/.m2/repository/org/apache/derby/derby/10.12.1.1/derby-10.12.1.1.jar:/home/spirals/danglot/.m2/repository/org/mockito/mockito-core/2.4.2/mockito-core-2.4.2.jar:/home/spirals/danglot/.m2/repository/net/bytebuddy/byte-buddy/1.5.5/byte-buddy-1.5.5.jar:/home/spirals/danglot/.m2/repository/net/bytebuddy/byte-buddy-agent/1.5.5/byte-buddy-agent-1.5.5.jar:/home/spirals/danglot/.m2/repository/org/objenesis/objenesis/2.4/objenesis-2.4.jar:/home/spirals/danglot/.m2/repository/commons-dbcp/commons-dbcp/1.4/commons-dbcp-1.4.jar:/home/spirals/danglot/.m2/repository/commons-pool/commons-pool/1.5.4/commons-pool-1.5.4.jar:/home/spirals/danglot/.m2/repository/org/jboss/spec/javax/transaction/jboss-transaction-api_1.2_spec/1.0.1.Final/jboss-transaction-api_1.2_spec-1.0.1.Final.jar:/home/spirals/danglot/.m2/repository/org/apache/velocity/velocity/1.7/velocity-1.7.jar:/home/spirals/danglot/.m2/repository/commons-collections/commons-collections/3.2.1/commons-collections-3.2.1.jar:/home/spirals/danglot/.m2/repository/commons-lang/commons-lang/2.4/commons-lang-2.4.jar:/home/spirals/danglot/.m2/repository/postgresql/postgresql/9.1-901-1.jdbc4/postgresql-9.1-901-1.jdbc4.jar:/tmp/Ex2Amplifier-experiments/target/dspot/dependencies:/home/spirals/danglot/.m2/repository/eu/stamp-project/test-runner/1.0.8/test-runner-1.0.8-jar-with-dependencies.jar eu.stamp_project.testrunner.runner.test.TestRunner org.apache.ibatis.executor.resultset.DefaultResultSetHandlerTest shouldRetainColumnNameCase_withlog0:shouldThrowExceptionWithColumnName_withlog0:shouldRetainColumnNameCase_withlog1:shouldThrowExceptionWithColumnName_withlog1:shouldRetainColumnNameCase_withlog2:shouldThrowExceptionWithColumnName_withlog2
File saved to the following path: /tmp/Ex2Amplifier-experiments/dataset/may-2018/mybatis-3/895/target/dspot/observations.ser
File saved to the following path: /tmp/Ex2Amplifier-experiments/dataset/may-2018/mybatis-3/895/target/dspot/TestListener.ser
SLF4J: Class path contains multiple SLF4J bindings.
SLF4J: Found binding in [jar:file:/home/spirals/danglot/.m2/repository/org/slf4j/slf4j-log4j12/1.7.22/slf4j-log4j12-1.7.22.jar!/org/slf4j/impl/StaticLoggerBinder.class]
SLF4J: Found binding in [jar:file:/home/spirals/danglot/.m2/repository/eu/stamp-project/test-runner/1.0.8/test-runner-1.0.8-jar-with-dependencies.jar!/org/slf4j/impl/StaticLoggerBinder.class]
SLF4J: See http://www.slf4j.org/codes.html#multiple_bindings for an explanation.
SLF4J: Actual binding is of type [org.slf4j.impl.Log4jLoggerFactory]
[71493] INFO EntryPoint - Test has been run: shouldThrowExceptionWithColumnName_withlog0,shouldThrowExceptionWithColumnName_withlog1,shouldThrowExceptionWithColumnName_withlog2,shouldRetainColumnNameCase_withlog0,shouldRetainColumnNameCase_withlog1,shouldRetainColumnNameCase_withlog2
[71499] INFO MethodsAssertGenerator - Generating assertions...
[71515] INFO AssertGenerator - 2 new tests with assertions generated
[71641] INFO EntryPoint - Run: java -cp /tmp/Ex2Amplifier-experiments/dataset/may-2018/mybatis-3/895/target/test-classes:/tmp/Ex2Amplifier-experiments/dataset/may-2018/mybatis-3/895/target/classes:/home/spirals/danglot/.m2/repository/ognl/ognl/3.1.12/ognl-3.1.12.jar:/home/spirals/danglot/.m2/repository/org/javassist/javassist/3.21.0-GA/javassist-3.21.0-GA.jar:/home/spirals/danglot/.m2/repository/org/mybatis/mybatis-typehandlers-jsr310/1.0.2/mybatis-typehandlers-jsr310-1.0.2.jar:/home/spirals/danglot/.m2/repository/org/slf4j/slf4j-api/1.7.22/slf4j-api-1.7.22.jar:/home/spirals/danglot/.m2/repository/org/slf4j/slf4j-log4j12/1.7.22/slf4j-log4j12-1.7.22.jar:/home/spirals/danglot/.m2/repository/log4j/log4j/1.2.17/log4j-1.2.17.jar:/home/spirals/danglot/.m2/repository/org/apache/logging/log4j/log4j-core/2.3/log4j-core-2.3.jar:/home/spirals/danglot/.m2/repository/org/apache/logging/log4j/log4j-api/2.3/log4j-api-2.3.jar:/home/spirals/danglot/.m2/repository/commons-logging/commons-logging/1.2/commons-logging-1.2.jar:/home/spirals/danglot/.m2/repository/cglib/cglib/3.2.4/cglib-3.2.4.jar:/home/spirals/danglot/.m2/repository/org/ow2/asm/asm/5.1/asm-5.1.jar:/home/spirals/danglot/.m2/repository/org/apache/ant/ant/1.9.6/ant-1.9.6.jar:/home/spirals/danglot/.m2/repository/org/apache/ant/ant-launcher/1.9.6/ant-launcher-1.9.6.jar:/home/spirals/danglot/.m2/repository/junit/junit/4.12/junit-4.12.jar:/home/spirals/danglot/.m2/repository/org/hamcrest/hamcrest-core/1.3/hamcrest-core-1.3.jar:/home/spirals/danglot/.m2/repository/org/hsqldb/hsqldb/2.3.4/hsqldb-2.3.4.jar:/home/spirals/danglot/.m2/repository/org/apache/derby/derby/10.12.1.1/derby-10.12.1.1.jar:/home/spirals/danglot/.m2/repository/org/mockito/mockito-core/2.4.2/mockito-core-2.4.2.jar:/home/spirals/danglot/.m2/repository/net/bytebuddy/byte-buddy/1.5.5/byte-buddy-1.5.5.jar:/home/spirals/danglot/.m2/repository/net/bytebuddy/byte-buddy-agent/1.5.5/byte-buddy-agent-1.5.5.jar:/home/spirals/danglot/.m2/repository/org/objenesis/objenesis/2.4/objenesis-2.4.jar:/home/spirals/danglot/.m2/repository/commons-dbcp/commons-dbcp/1.4/commons-dbcp-1.4.jar:/home/spirals/danglot/.m2/repository/commons-pool/commons-pool/1.5.4/commons-pool-1.5.4.jar:/home/spirals/danglot/.m2/repository/org/jboss/spec/javax/transaction/jboss-transaction-api_1.2_spec/1.0.1.Final/jboss-transaction-api_1.2_spec-1.0.1.Final.jar:/home/spirals/danglot/.m2/repository/org/apache/velocity/velocity/1.7/velocity-1.7.jar:/home/spirals/danglot/.m2/repository/commons-collections/commons-collections/3.2.1/commons-collections-3.2.1.jar:/home/spirals/danglot/.m2/repository/commons-lang/commons-lang/2.4/commons-lang-2.4.jar:/home/spirals/danglot/.m2/repository/postgresql/postgresql/9.1-901-1.jdbc4/postgresql-9.1-901-1.jdbc4.jar:/tmp/Ex2Amplifier-experiments/target/dspot/dependencies:/home/spirals/danglot/.m2/repository/eu/stamp-project/test-runner/1.0.8/test-runner-1.0.8-jar-with-dependencies.jar eu.stamp_project.testrunner.runner.test.TestRunner org.apache.ibatis.executor.resultset.DefaultResultSetHandlerTest shouldRetainColumnNameCase:shouldThrowExceptionWithColumnName
File saved to the following path: /tmp/Ex2Amplifier-experiments/dataset/may-2018/mybatis-3/895/target/dspot/TestListener.ser
SLF4J: Class path contains multiple SLF4J bindings.
SLF4J: Found binding in [jar:file:/home/spirals/danglot/.m2/repository/org/slf4j/slf4j-log4j12/1.7.22/slf4j-log4j12-1.7.22.jar!/org/slf4j/impl/StaticLoggerBinder.class]
SLF4J: Found binding in [jar:file:/home/spirals/danglot/.m2/repository/eu/stamp-project/test-runner/1.0.8/test-runner-1.0.8-jar-with-dependencies.jar!/org/slf4j/impl/StaticLoggerBinder.class]
SLF4J: See http://www.slf4j.org/codes.html#multiple_bindings for an explanation.
SLF4J: Actual binding is of type [org.slf4j.impl.Log4jLoggerFactory]
[74064] INFO EntryPoint - Test has been run: shouldThrowExceptionWithColumnName,shouldRetainColumnNameCase
[74241] DEBUG Launcher - building sources: [/tmp/Ex2Amplifier-experiments/target/dspot/tmp_test_sources/org/apache/ibatis/executor/resultset/DefaultResultSetHandlerTest.java]
[74241] DEBUG Launcher - build args: [-encoding, UTF-8, -cp, /home/spirals/danglot/.m2/repository/ognl/ognl/3.1.12/ognl-3.1.12.jar:/home/spirals/danglot/.m2/repository/org/javassist/javassist/3.21.0-GA/javassist-3.21.0-GA.jar:/home/spirals/danglot/.m2/repository/org/mybatis/mybatis-typehandlers-jsr310/1.0.2/mybatis-typehandlers-jsr310-1.0.2.jar:/home/spirals/danglot/.m2/repository/org/slf4j/slf4j-api/1.7.22/slf4j-api-1.7.22.jar:/home/spirals/danglot/.m2/repository/org/slf4j/slf4j-log4j12/1.7.22/slf4j-log4j12-1.7.22.jar:/home/spirals/danglot/.m2/repository/log4j/log4j/1.2.17/log4j-1.2.17.jar:/home/spirals/danglot/.m2/repository/org/apache/logging/log4j/log4j-core/2.3/log4j-core-2.3.jar:/home/spirals/danglot/.m2/repository/org/apache/logging/log4j/log4j-api/2.3/log4j-api-2.3.jar:/home/spirals/danglot/.m2/repository/commons-logging/commons-logging/1.2/commons-logging-1.2.jar:/home/spirals/danglot/.m2/repository/cglib/cglib/3.2.4/cglib-3.2.4.jar:/home/spirals/danglot/.m2/repository/org/ow2/asm/asm/5.1/asm-5.1.jar:/home/spirals/danglot/.m2/repository/org/apache/ant/ant/1.9.6/ant-1.9.6.jar:/home/spirals/danglot/.m2/repository/org/apache/ant/ant-launcher/1.9.6/ant-launcher-1.9.6.jar:/home/spirals/danglot/.m2/repository/junit/junit/4.12/junit-4.12.jar:/home/spirals/danglot/.m2/repository/org/hamcrest/hamcrest-core/1.3/hamcrest-core-1.3.jar:/home/spirals/danglot/.m2/repository/org/hsqldb/hsqldb/2.3.4/hsqldb-2.3.4.jar:/home/spirals/danglot/.m2/repository/org/apache/derby/derby/10.12.1.1/derby-10.12.1.1.jar:/home/spirals/danglot/.m2/repository/org/mockito/mockito-core/2.4.2/mockito-core-2.4.2.jar:/home/spirals/danglot/.m2/repository/net/bytebuddy/byte-buddy/1.5.5/byte-buddy-1.5.5.jar:/home/spirals/danglot/.m2/repository/net/bytebuddy/byte-buddy-agent/1.5.5/byte-buddy-agent-1.5.5.jar:/home/spirals/danglot/.m2/repository/org/objenesis/objenesis/2.4/objenesis-2.4.jar:/home/spirals/danglot/.m2/repository/commons-dbcp/commons-dbcp/1.4/commons-dbcp-1.4.jar:/home/spirals/danglot/.m2/repository/commons-pool/commons-pool/1.5.4/commons-pool-1.5.4.jar:/home/spirals/danglot/.m2/repository/org/jboss/spec/javax/transaction/jboss-transaction-api_1.2_spec/1.0.1.Final/jboss-transaction-api_1.2_spec-1.0.1.Final.jar:/home/spirals/danglot/.m2/repository/org/apache/velocity/velocity/1.7/velocity-1.7.jar:/home/spirals/danglot/.m2/repository/commons-collections/commons-collections/3.2.1/commons-collections-3.2.1.jar:/home/spirals/danglot/.m2/repository/commons-lang/commons-lang/2.4/commons-lang-2.4.jar:/home/spirals/danglot/.m2/repository/postgresql/postgresql/9.1-901-1.jdbc4/postgresql-9.1-901-1.jdbc4.jar:target/dspot/dependencies/:dataset/may-2018/mybatis-3/895//target/classes:dataset/may-2018/mybatis-3/895//target/test-classes:, -1.8, -preserveAllLocals, -noExit, -enableJavadoc, /tmp/Ex2Amplifier-experiments/target/dspot/tmp_test_sources/org/apache/ibatis/executor/resultset/DefaultResultSetHandlerTest.java]
[74332] DEBUG Launcher - built in 91 ms
[74332] DEBUG Launcher - building templates: []
[74332] DEBUG Launcher - built in 0 ms
[74334] DEBUG Launcher - model built in 93
[74334] DEBUG Launcher - compiling sources: [/tmp/Ex2Amplifier-experiments/target/dspot/tmp_test_sources/org/apache/ibatis/executor/resultset/DefaultResultSetHandlerTest.java]
[74337] DEBUG Launcher - compile args: [-encoding, UTF-8, -cp, /home/spirals/danglot/.m2/repository/ognl/ognl/3.1.12/ognl-3.1.12.jar:/home/spirals/danglot/.m2/repository/org/javassist/javassist/3.21.0-GA/javassist-3.21.0-GA.jar:/home/spirals/danglot/.m2/repository/org/mybatis/mybatis-typehandlers-jsr310/1.0.2/mybatis-typehandlers-jsr310-1.0.2.jar:/home/spirals/danglot/.m2/repository/org/slf4j/slf4j-api/1.7.22/slf4j-api-1.7.22.jar:/home/spirals/danglot/.m2/repository/org/slf4j/slf4j-log4j12/1.7.22/slf4j-log4j12-1.7.22.jar:/home/spirals/danglot/.m2/repository/log4j/log4j/1.2.17/log4j-1.2.17.jar:/home/spirals/danglot/.m2/repository/org/apache/logging/log4j/log4j-core/2.3/log4j-core-2.3.jar:/home/spirals/danglot/.m2/repository/org/apache/logging/log4j/log4j-api/2.3/log4j-api-2.3.jar:/home/spirals/danglot/.m2/repository/commons-logging/commons-logging/1.2/commons-logging-1.2.jar:/home/spirals/danglot/.m2/repository/cglib/cglib/3.2.4/cglib-3.2.4.jar:/home/spirals/danglot/.m2/repository/org/ow2/asm/asm/5.1/asm-5.1.jar:/home/spirals/danglot/.m2/repository/org/apache/ant/ant/1.9.6/ant-1.9.6.jar:/home/spirals/danglot/.m2/repository/org/apache/ant/ant-launcher/1.9.6/ant-launcher-1.9.6.jar:/home/spirals/danglot/.m2/repository/junit/junit/4.12/junit-4.12.jar:/home/spirals/danglot/.m2/repository/org/hamcrest/hamcrest-core/1.3/hamcrest-core-1.3.jar:/home/spirals/danglot/.m2/repository/org/hsqldb/hsqldb/2.3.4/hsqldb-2.3.4.jar:/home/spirals/danglot/.m2/repository/org/apache/derby/derby/10.12.1.1/derby-10.12.1.1.jar:/home/spirals/danglot/.m2/repository/org/mockito/mockito-core/2.4.2/mockito-core-2.4.2.jar:/home/spirals/danglot/.m2/repository/net/bytebuddy/byte-buddy/1.5.5/byte-buddy-1.5.5.jar:/home/spirals/danglot/.m2/repository/net/bytebuddy/byte-buddy-agent/1.5.5/byte-buddy-agent-1.5.5.jar:/home/spirals/danglot/.m2/repository/org/objenesis/objenesis/2.4/objenesis-2.4.jar:/home/spirals/danglot/.m2/repository/commons-dbcp/commons-dbcp/1.4/commons-dbcp-1.4.jar:/home/spirals/danglot/.m2/repository/commons-pool/commons-pool/1.5.4/commons-pool-1.5.4.jar:/home/spirals/danglot/.m2/repository/org/jboss/spec/javax/transaction/jboss-transaction-api_1.2_spec/1.0.1.Final/jboss-transaction-api_1.2_spec-1.0.1.Final.jar:/home/spirals/danglot/.m2/repository/org/apache/velocity/velocity/1.7/velocity-1.7.jar:/home/spirals/danglot/.m2/repository/commons-collections/commons-collections/3.2.1/commons-collections-3.2.1.jar:/home/spirals/danglot/.m2/repository/commons-lang/commons-lang/2.4/commons-lang-2.4.jar:/home/spirals/danglot/.m2/repository/postgresql/postgresql/9.1-901-1.jdbc4/postgresql-9.1-901-1.jdbc4.jar:target/dspot/dependencies/:dataset/may-2018/mybatis-3/895//target/classes:dataset/may-2018/mybatis-3/895//target/test-classes:, -d, /tmp/Ex2Amplifier-experiments/dataset/may-2018/mybatis-3/895_modified/target/test-classes, -1.8, -proc:none, -preserveAllLocals, -noExit, -enableJavadoc, /tmp/Ex2Amplifier-experiments/target/dspot/tmp_test_sources/org/apache/ibatis/executor/resultset/DefaultResultSetHandlerTest.java]
[74471] DEBUG Launcher - compiled in 136 ms
[74473] INFO EntryPoint - Run: java -cp /home/spirals/danglot/.m2/repository/ognl/ognl/3.1.12/ognl-3.1.12.jar:/home/spirals/danglot/.m2/repository/org/javassist/javassist/3.21.0-GA/javassist-3.21.0-GA.jar:/home/spirals/danglot/.m2/repository/org/mybatis/mybatis-typehandlers-jsr310/1.0.2/mybatis-typehandlers-jsr310-1.0.2.jar:/home/spirals/danglot/.m2/repository/org/slf4j/slf4j-api/1.7.22/slf4j-api-1.7.22.jar:/home/spirals/danglot/.m2/repository/org/slf4j/slf4j-log4j12/1.7.22/slf4j-log4j12-1.7.22.jar:/home/spirals/danglot/.m2/repository/log4j/log4j/1.2.17/log4j-1.2.17.jar:/home/spirals/danglot/.m2/repository/org/apache/logging/log4j/log4j-core/2.3/log4j-core-2.3.jar:/home/spirals/danglot/.m2/repository/org/apache/logging/log4j/log4j-api/2.3/log4j-api-2.3.jar:/home/spirals/danglot/.m2/repository/commons-logging/commons-logging/1.2/commons-logging-1.2.jar:/home/spirals/danglot/.m2/repository/cglib/cglib/3.2.4/cglib-3.2.4.jar:/home/spirals/danglot/.m2/repository/org/ow2/asm/asm/5.1/asm-5.1.jar:/home/spirals/danglot/.m2/repository/org/apache/ant/ant/1.9.6/ant-1.9.6.jar:/home/spirals/danglot/.m2/repository/org/apache/ant/ant-launcher/1.9.6/ant-launcher-1.9.6.jar:/home/spirals/danglot/.m2/repository/junit/junit/4.12/junit-4.12.jar:/home/spirals/danglot/.m2/repository/org/hamcrest/hamcrest-core/1.3/hamcrest-core-1.3.jar:/home/spirals/danglot/.m2/repository/org/hsqldb/hsqldb/2.3.4/hsqldb-2.3.4.jar:/home/spirals/danglot/.m2/repository/org/apache/derby/derby/10.12.1.1/derby-10.12.1.1.jar:/home/spirals/danglot/.m2/repository/org/mockito/mockito-core/2.4.2/mockito-core-2.4.2.jar:/home/spirals/danglot/.m2/repository/net/bytebuddy/byte-buddy/1.5.5/byte-buddy-1.5.5.jar:/home/spirals/danglot/.m2/repository/net/bytebuddy/byte-buddy-agent/1.5.5/byte-buddy-agent-1.5.5.jar:/home/spirals/danglot/.m2/repository/org/objenesis/objenesis/2.4/objenesis-2.4.jar:/home/spirals/danglot/.m2/repository/commons-dbcp/commons-dbcp/1.4/commons-dbcp-1.4.jar:/home/spirals/danglot/.m2/repository/commons-pool/commons-pool/1.5.4/commons-pool-1.5.4.jar:/home/spirals/danglot/.m2/repository/org/jboss/spec/javax/transaction/jboss-transaction-api_1.2_spec/1.0.1.Final/jboss-transaction-api_1.2_spec-1.0.1.Final.jar:/home/spirals/danglot/.m2/repository/org/apache/velocity/velocity/1.7/velocity-1.7.jar:/home/spirals/danglot/.m2/repository/commons-collections/commons-collections/3.2.1/commons-collections-3.2.1.jar:/home/spirals/danglot/.m2/repository/commons-lang/commons-lang/2.4/commons-lang-2.4.jar:/home/spirals/danglot/.m2/repository/postgresql/postgresql/9.1-901-1.jdbc4/postgresql-9.1-901-1.jdbc4.jar:target/dspot/dependencies/:/tmp/Ex2Amplifier-experiments/dataset/may-2018/mybatis-3/895_modified/target/classes:/tmp/Ex2Amplifier-experiments/dataset/may-2018/mybatis-3/895_modified/target/test-classes:/home/spirals/danglot/.m2/repository/eu/stamp-project/test-runner/1.0.8/test-runner-1.0.8-jar-with-dependencies.jar eu.stamp_project.testrunner.runner.test.TestRunner org.apache.ibatis.executor.resultset.DefaultResultSetHandlerTest shouldRetainColumnNameCase:shouldThrowExceptionWithColumnName
File saved to the following path: /tmp/Ex2Amplifier-experiments/dataset/may-2018/mybatis-3/895/target/dspot/TestListener.ser
SLF4J: Class path contains multiple SLF4J bindings.
SLF4J: Found binding in [jar:file:/home/spirals/danglot/.m2/repository/org/slf4j/slf4j-log4j12/1.7.22/slf4j-log4j12-1.7.22.jar!/org/slf4j/impl/StaticLoggerBinder.class]
SLF4J: Found binding in [jar:file:/home/spirals/danglot/.m2/repository/eu/stamp-project/test-runner/1.0.8/test-runner-1.0.8-jar-with-dependencies.jar!/org/slf4j/impl/StaticLoggerBinder.class]
SLF4J: See http://www.slf4j.org/codes.html#multiple_bindings for an explanation.
SLF4J: Actual binding is of type [org.slf4j.impl.Log4jLoggerFactory]
[76840] INFO EntryPoint - Test has been run: shouldThrowExceptionWithColumnName,shouldRetainColumnNameCase
[76840] INFO Amplification - 0 amplified test(s) has been selected, global: 0
[76843] INFO Amplification - amp shouldRetainColumnNameCase (1/2)
[76851] DEBUG Launcher - printing org.apache.ibatis.executor.resultset.DefaultResultSetHandlerTest to /tmp/Ex2Amplifier-experiments/target/dspot/tmp_test_sources
[76953] INFO EntryPoint - Run: java -cp /tmp/Ex2Amplifier-experiments/dataset/may-2018/mybatis-3/895/target/test-classes:/tmp/Ex2Amplifier-experiments/dataset/may-2018/mybatis-3/895/target/classes:/home/spirals/danglot/.m2/repository/ognl/ognl/3.1.12/ognl-3.1.12.jar:/home/spirals/danglot/.m2/repository/org/javassist/javassist/3.21.0-GA/javassist-3.21.0-GA.jar:/home/spirals/danglot/.m2/repository/org/mybatis/mybatis-typehandlers-jsr310/1.0.2/mybatis-typehandlers-jsr310-1.0.2.jar:/home/spirals/danglot/.m2/repository/org/slf4j/slf4j-api/1.7.22/slf4j-api-1.7.22.jar:/home/spirals/danglot/.m2/repository/org/slf4j/slf4j-log4j12/1.7.22/slf4j-log4j12-1.7.22.jar:/home/spirals/danglot/.m2/repository/log4j/log4j/1.2.17/log4j-1.2.17.jar:/home/spirals/danglot/.m2/repository/org/apache/logging/log4j/log4j-core/2.3/log4j-core-2.3.jar:/home/spirals/danglot/.m2/repository/org/apache/logging/log4j/log4j-api/2.3/log4j-api-2.3.jar:/home/spirals/danglot/.m2/repository/commons-logging/commons-logging/1.2/commons-logging-1.2.jar:/home/spirals/danglot/.m2/repository/cglib/cglib/3.2.4/cglib-3.2.4.jar:/home/spirals/danglot/.m2/repository/org/ow2/asm/asm/5.1/asm-5.1.jar:/home/spirals/danglot/.m2/repository/org/apache/ant/ant/1.9.6/ant-1.9.6.jar:/home/spirals/danglot/.m2/repository/org/apache/ant/ant-launcher/1.9.6/ant-launcher-1.9.6.jar:/home/spirals/danglot/.m2/repository/junit/junit/4.12/junit-4.12.jar:/home/spirals/danglot/.m2/repository/org/hamcrest/hamcrest-core/1.3/hamcrest-core-1.3.jar:/home/spirals/danglot/.m2/repository/org/hsqldb/hsqldb/2.3.4/hsqldb-2.3.4.jar:/home/spirals/danglot/.m2/repository/org/apache/derby/derby/10.12.1.1/derby-10.12.1.1.jar:/home/spirals/danglot/.m2/repository/org/mockito/mockito-core/2.4.2/mockito-core-2.4.2.jar:/home/spirals/danglot/.m2/repository/net/bytebuddy/byte-buddy/1.5.5/byte-buddy-1.5.5.jar:/home/spirals/danglot/.m2/repository/net/bytebuddy/byte-buddy-agent/1.5.5/byte-buddy-agent-1.5.5.jar:/home/spirals/danglot/.m2/repository/org/objenesis/objenesis/2.4/objenesis-2.4.jar:/home/spirals/danglot/.m2/repository/commons-dbcp/commons-dbcp/1.4/commons-dbcp-1.4.jar:/home/spirals/danglot/.m2/repository/commons-pool/commons-pool/1.5.4/commons-pool-1.5.4.jar:/home/spirals/danglot/.m2/repository/org/jboss/spec/javax/transaction/jboss-transaction-api_1.2_spec/1.0.1.Final/jboss-transaction-api_1.2_spec-1.0.1.Final.jar:/home/spirals/danglot/.m2/repository/org/apache/velocity/velocity/1.7/velocity-1.7.jar:/home/spirals/danglot/.m2/repository/commons-collections/commons-collections/3.2.1/commons-collections-3.2.1.jar:/home/spirals/danglot/.m2/repository/commons-lang/commons-lang/2.4/commons-lang-2.4.jar:/home/spirals/danglot/.m2/repository/postgresql/postgresql/9.1-901-1.jdbc4/postgresql-9.1-901-1.jdbc4.jar:/tmp/Ex2Amplifier-experiments/target/dspot/dependencies:/home/spirals/danglot/.m2/repository/eu/stamp-project/test-runner/1.0.8/test-runner-1.0.8-jar-with-dependencies.jar eu.stamp_project.testrunner.runner.test.TestRunner org.apache.ibatis.executor.resultset.DefaultResultSetHandlerTest shouldRetainColumnNameCase
File saved to the following path: /tmp/Ex2Amplifier-experiments/dataset/may-2018/mybatis-3/895/target/dspot/TestListener.ser
SLF4J: Class path contains multiple SLF4J bindings.
SLF4J: Found binding in [jar:file:/home/spirals/danglot/.m2/repository/org/slf4j/slf4j-log4j12/1.7.22/slf4j-log4j12-1.7.22.jar!/org/slf4j/impl/StaticLoggerBinder.class]
SLF4J: Found binding in [jar:file:/home/spirals/danglot/.m2/repository/eu/stamp-project/test-runner/1.0.8/test-runner-1.0.8-jar-with-dependencies.jar!/org/slf4j/impl/StaticLoggerBinder.class]
SLF4J: See http://www.slf4j.org/codes.html#multiple_bindings for an explanation.
SLF4J: Actual binding is of type [org.slf4j.impl.Log4jLoggerFactory]
[79214] INFO EntryPoint - Test has been run: shouldRetainColumnNameCase
[79214] INFO Amplification - iteration 0:
[79214] INFO Amplification - 1 tests selected to be amplified over 1 available tests
100% |================================================== ]/
 25% |============ ]/ 50% |========================= ]- 75% |===================================== ]\100% |================================================== ]|
[82914] INFO AssertGenerator - Run tests. (99)
[82987] DEBUG Launcher - printing org.apache.ibatis.executor.resultset.DefaultResultSetHandlerTest to /tmp/Ex2Amplifier-experiments/target/dspot/tmp_test_sources
[83687] INFO EntryPoint - Run: java -cp /tmp/Ex2Amplifier-experiments/dataset/may-2018/mybatis-3/895/target/test-classes:/tmp/Ex2Amplifier-experiments/dataset/may-2018/mybatis-3/895/target/classes:/home/spirals/danglot/.m2/repository/ognl/ognl/3.1.12/ognl-3.1.12.jar:/home/spirals/danglot/.m2/repository/org/javassist/javassist/3.21.0-GA/javassist-3.21.0-GA.jar:/home/spirals/danglot/.m2/repository/org/mybatis/mybatis-typehandlers-jsr310/1.0.2/mybatis-typehandlers-jsr310-1.0.2.jar:/home/spirals/danglot/.m2/repository/org/slf4j/slf4j-api/1.7.22/slf4j-api-1.7.22.jar:/home/spirals/danglot/.m2/repository/org/slf4j/slf4j-log4j12/1.7.22/slf4j-log4j12-1.7.22.jar:/home/spirals/danglot/.m2/repository/log4j/log4j/1.2.17/log4j-1.2.17.jar:/home/spirals/danglot/.m2/repository/org/apache/logging/log4j/log4j-core/2.3/log4j-core-2.3.jar:/home/spirals/danglot/.m2/repository/org/apache/logging/log4j/log4j-api/2.3/log4j-api-2.3.jar:/home/spirals/danglot/.m2/repository/commons-logging/commons-logging/1.2/commons-logging-1.2.jar:/home/spirals/danglot/.m2/repository/cglib/cglib/3.2.4/cglib-3.2.4.jar:/home/spirals/danglot/.m2/repository/org/ow2/asm/asm/5.1/asm-5.1.jar:/home/spirals/danglot/.m2/repository/org/apache/ant/ant/1.9.6/ant-1.9.6.jar:/home/spirals/danglot/.m2/repository/org/apache/ant/ant-launcher/1.9.6/ant-launcher-1.9.6.jar:/home/spirals/danglot/.m2/repository/junit/junit/4.12/junit-4.12.jar:/home/spirals/danglot/.m2/repository/org/hamcrest/hamcrest-core/1.3/hamcrest-core-1.3.jar:/home/spirals/danglot/.m2/repository/org/hsqldb/hsqldb/2.3.4/hsqldb-2.3.4.jar:/home/spirals/danglot/.m2/repository/org/apache/derby/derby/10.12.1.1/derby-10.12.1.1.jar:/home/spirals/danglot/.m2/repository/org/mockito/mockito-core/2.4.2/mockito-core-2.4.2.jar:/home/spirals/danglot/.m2/repository/net/bytebuddy/byte-buddy/1.5.5/byte-buddy-1.5.5.jar:/home/spirals/danglot/.m2/repository/net/bytebuddy/byte-buddy-agent/1.5.5/byte-buddy-agent-1.5.5.jar:/home/spirals/danglot/.m2/repository/org/objenesis/objenesis/2.4/objenesis-2.4.jar:/home/spirals/danglot/.m2/repository/commons-dbcp/commons-dbcp/1.4/commons-dbcp-1.4.jar:/home/spirals/danglot/.m2/repository/commons-pool/commons-pool/1.5.4/commons-pool-1.5.4.jar:/home/spirals/danglot/.m2/repository/org/jboss/spec/javax/transaction/jboss-transaction-api_1.2_spec/1.0.1.Final/jboss-transaction-api_1.2_spec-1.0.1.Final.jar:/home/spirals/danglot/.m2/repository/org/apache/velocity/velocity/1.7/velocity-1.7.jar:/home/spirals/danglot/.m2/repository/commons-collections/commons-collections/3.2.1/commons-collections-3.2.1.jar:/home/spirals/danglot/.m2/repository/commons-lang/commons-lang/2.4/commons-lang-2.4.jar:/home/spirals/danglot/.m2/repository/postgresql/postgresql/9.1-901-1.jdbc4/postgresql-9.1-901-1.jdbc4.jar:/tmp/Ex2Amplifier-experiments/target/dspot/dependencies:/home/spirals/danglot/.m2/repository/eu/stamp-project/test-runner/1.0.8/test-runner-1.0.8-jar-with-dependencies.jar eu.stamp_project.testrunner.runner.test.TestRunner org.apache.ibatis.executor.resultset.DefaultResultSetHandlerTest shouldRetainColumnNameCaselitString1:shouldRetainColumnNameCaselitString2:shouldRetainColumnNameCaselitString3:shouldRetainColumnNameCaselitString4:shouldRetainColumnNameCaselitString5:shouldRetainColumnNameCaselitString6:shouldRetainColumnNameCaselitString7:shouldRetainColumnNameCaselitString8:shouldRetainColumnNameCaselitString9:shouldRetainColumnNameCaselitString10:shouldRetainColumnNameCaselitString11:shouldRetainColumnNameCaselitString12:shouldRetainColumnNameCaselitString13:shouldRetainColumnNameCaselitString14:shouldRetainColumnNameCaselitString15:shouldRetainColumnNameCaselitString16:shouldRetainColumnNameCaselitString17:shouldRetainColumnNameCaselitString18:shouldRetainColumnNameCaselitString19:shouldRetainColumnNameCaselitString20:shouldRetainColumnNameCaselitString21:shouldRetainColumnNameCaselitString22:shouldRetainColumnNameCaselitString23:shouldRetainColumnNameCaselitString24:shouldRetainColumnNameCaselitString25:shouldRetainColumnNameCaselitString26:shouldRetainColumnNameCaselitString27:shouldRetainColumnNameCaselitString28:shouldRetainColumnNameCaselitString29:shouldRetainColumnNameCaselitString30:shouldRetainColumnNameCaselitString31:shouldRetainColumnNameCaselitString32:shouldRetainColumnNameCaselitString33:shouldRetainColumnNameCaselitString34:shouldRetainColumnNameCaselitString35:shouldRetainColumnNameCaselitString36:shouldRetainColumnNameCaselitString37:shouldRetainColumnNameCaselitString38:shouldRetainColumnNameCaselitString39:shouldRetainColumnNameCaselitString40:shouldRetainColumnNameCaselitString41:shouldRetainColumnNameCaselitString42:shouldRetainColumnNameCaselitString43:shouldRetainColumnNameCaselitString44:shouldRetainColumnNameCaselitString45:shouldRetainColumnNameCaselitString46:shouldRetainColumnNameCaselitString47:shouldRetainColumnNameCaselitString48:shouldRetainColumnNameCaselitString49:shouldRetainColumnNameCaselitString50:shouldRetainColumnNameCaselitString51:shouldRetainColumnNameCaselitString52:shouldRetainColumnNameCaselitString53:shouldRetainColumnNameCaselitString54:shouldRetainColumnNameCaselitNum55:shouldRetainColumnNameCaselitNum56:shouldRetainColumnNameCaselitNum57:shouldRetainColumnNameCaselitNum58:shouldRetainColumnNameCaselitNum59:shouldRetainColumnNameCaselitNum60:shouldRetainColumnNameCaselitNum61:shouldRetainColumnNameCaselitNum62:shouldRetainColumnNameCaselitNum63:shouldRetainColumnNameCaselitNum64:shouldRetainColumnNameCaselitNum65:shouldRetainColumnNameCaselitNum66:shouldRetainColumnNameCaselitNum67:shouldRetainColumnNameCaselitNum68:shouldRetainColumnNameCaselitNum69:shouldRetainColumnNameCaselitNum70:shouldRetainColumnNameCaselitNum71:shouldRetainColumnNameCaselitNum72:shouldRetainColumnNameCaselitNum73:shouldRetainColumnNameCaselitNum74:shouldRetainColumnNameCaselitNum75:shouldRetainColumnNameCaselitNum76:shouldRetainColumnNameCaselitNum77:shouldRetainColumnNameCaselitNum78:shouldRetainColumnNameCaselitNum79:shouldRetainColumnNameCaselitNum80:shouldRetainColumnNameCaselitNum81:shouldRetainColumnNameCaselitNum82:shouldRetainColumnNameCaselitNum83:shouldRetainColumnNameCaselitNum84:shouldRetainColumnNameCaselitNum85:shouldRetainColumnNameCaselitNum86:shouldRetainColumnNameCaselitNum87:shouldRetainColumnNameCaselitNum88:shouldRetainColumnNameCaselitNum89:shouldRetainColumnNameCaselitNum90:shouldRetainColumnNameCaselitNum91:shouldRetainColumnNameCaselitNum92:shouldRetainColumnNameCaselitNum93:shouldRetainColumnNameCaselitNum94:shouldRetainColumnNameCaselitNum95:shouldRetainColumnNameCaselitBool96:shouldRetainColumnNameCaselitBool97:shouldRetainColumnNameCaselitBool98:shouldRetainColumnNameCaselitBool99
[MockitoHint] DefaultResultSetHandlerTest.shouldRetainColumnNameCaselitString10 (see javadoc for MockitoHint):
[MockitoHint] 1. Unused... -> at org.apache.ibatis.executor.resultset.DefaultResultSetHandlerTest.shouldRetainColumnNameCaselitString10(DefaultResultSetHandlerTest.java:383)
[MockitoHint]  ...args ok? -> at org.apache.ibatis.type.IntegerTypeHandler.getNullableResult(IntegerTypeHandler.java:37)

[MockitoHint] DefaultResultSetHandlerTest.shouldRetainColumnNameCaselitString11 (see javadoc for MockitoHint):
[MockitoHint] 1. Unused... -> at org.apache.ibatis.executor.resultset.DefaultResultSetHandlerTest.shouldRetainColumnNameCaselitString11(DefaultResultSetHandlerTest.java:411)
[MockitoHint]  ...args ok? -> at org.apache.ibatis.type.IntegerTypeHandler.getNullableResult(IntegerTypeHandler.java:37)

[MockitoHint] DefaultResultSetHandlerTest.shouldRetainColumnNameCaselitString12 (see javadoc for MockitoHint):
[MockitoHint] 1. Unused... -> at org.apache.ibatis.executor.resultset.DefaultResultSetHandlerTest.shouldRetainColumnNameCaselitString12(DefaultResultSetHandlerTest.java:439)
[MockitoHint]  ...args ok? -> at org.apache.ibatis.type.IntegerTypeHandler.getNullableResult(IntegerTypeHandler.java:37)

[MockitoHint] DefaultResultSetHandlerTest.shouldRetainColumnNameCaselitString13 (see javadoc for MockitoHint):
[MockitoHint] 1. Unused... -> at org.apache.ibatis.executor.resultset.DefaultResultSetHandlerTest.shouldRetainColumnNameCaselitString13(DefaultResultSetHandlerTest.java:467)
[MockitoHint]  ...args ok? -> at org.apache.ibatis.type.IntegerTypeHandler.getNullableResult(IntegerTypeHandler.java:37)

[MockitoHint] DefaultResultSetHandlerTest.shouldRetainColumnNameCaselitString14 (see javadoc for MockitoHint):
[MockitoHint] 1. Unused... -> at org.apache.ibatis.executor.resultset.DefaultResultSetHandlerTest.shouldRetainColumnNameCaselitString14(DefaultResultSetHandlerTest.java:495)
[MockitoHint]  ...args ok? -> at org.apache.ibatis.type.IntegerTypeHandler.getNullableResult(IntegerTypeHandler.java:37)

[MockitoHint] DefaultResultSetHandlerTest.shouldRetainColumnNameCaselitString15 (see javadoc for MockitoHint):
[MockitoHint] 1. Unused... -> at org.apache.ibatis.executor.resultset.DefaultResultSetHandlerTest.shouldRetainColumnNameCaselitString15(DefaultResultSetHandlerTest.java:523)
[MockitoHint]  ...args ok? -> at org.apache.ibatis.type.IntegerTypeHandler.getNullableResult(IntegerTypeHandler.java:37)

[MockitoHint] DefaultResultSetHandlerTest.shouldRetainColumnNameCaselitString16 (see javadoc for MockitoHint):
[MockitoHint] 1. Unused... -> at org.apache.ibatis.executor.resultset.DefaultResultSetHandlerTest.shouldRetainColumnNameCaselitString16(DefaultResultSetHandlerTest.java:551)
[MockitoHint]  ...args ok? -> at org.apache.ibatis.type.IntegerTypeHandler.getNullableResult(IntegerTypeHandler.java:37)

[MockitoHint] DefaultResultSetHandlerTest.shouldRetainColumnNameCaselitString17 (see javadoc for MockitoHint):
[MockitoHint] 1. Unused... -> at org.apache.ibatis.executor.resultset.DefaultResultSetHandlerTest.shouldRetainColumnNameCaselitString17(DefaultResultSetHandlerTest.java:579)
[MockitoHint]  ...args ok? -> at org.apache.ibatis.type.IntegerTypeHandler.getNullableResult(IntegerTypeHandler.java:37)

[MockitoHint] DefaultResultSetHandlerTest.shouldRetainColumnNameCaselitString18 (see javadoc for MockitoHint):
[MockitoHint] 1. Unused... -> at org.apache.ibatis.executor.resultset.DefaultResultSetHandlerTest.shouldRetainColumnNameCaselitString18(DefaultResultSetHandlerTest.java:607)
[MockitoHint]  ...args ok? -> at org.apache.ibatis.type.IntegerTypeHandler.getNullableResult(IntegerTypeHandler.java:37)

[MockitoHint] DefaultResultSetHandlerTest.shouldRetainColumnNameCaselitString19 (see javadoc for MockitoHint):
[MockitoHint] 1. Unused... -> at org.apache.ibatis.executor.resultset.DefaultResultSetHandlerTest.shouldRetainColumnNameCaselitString19(DefaultResultSetHandlerTest.java:635)
[MockitoHint]  ...args ok? -> at org.apache.ibatis.type.IntegerTypeHandler.getNullableResult(IntegerTypeHandler.java:37)

[MockitoHint] DefaultResultSetHandlerTest.shouldRetainColumnNameCaselitString20 (see javadoc for MockitoHint):
[MockitoHint] 1. Unused... -> at org.apache.ibatis.executor.resultset.DefaultResultSetHandlerTest.shouldRetainColumnNameCaselitString20(DefaultResultSetHandlerTest.java:663)
[MockitoHint]  ...args ok? -> at org.apache.ibatis.type.IntegerTypeHandler.getNullableResult(IntegerTypeHandler.java:37)

[MockitoHint] DefaultResultSetHandlerTest.shouldRetainColumnNameCaselitString21 (see javadoc for MockitoHint):
[MockitoHint] 1. Unused... -> at org.apache.ibatis.executor.resultset.DefaultResultSetHandlerTest.shouldRetainColumnNameCaselitString21(DefaultResultSetHandlerTest.java:691)
[MockitoHint]  ...args ok? -> at org.apache.ibatis.type.IntegerTypeHandler.getNullableResult(IntegerTypeHandler.java:37)

[MockitoHint] DefaultResultSetHandlerTest.shouldRetainColumnNameCaselitString22 (see javadoc for MockitoHint):
[MockitoHint] 1. Unused... -> at org.apache.ibatis.executor.resultset.DefaultResultSetHandlerTest.shouldRetainColumnNameCaselitString22(DefaultResultSetHandlerTest.java:719)
[MockitoHint]  ...args ok? -> at org.apache.ibatis.type.IntegerTypeHandler.getNullableResult(IntegerTypeHandler.java:37)

[MockitoHint] DefaultResultSetHandlerTest.shouldRetainColumnNameCaselitString23 (see javadoc for MockitoHint):
[MockitoHint] 1. Unused... -> at org.apache.ibatis.executor.resultset.DefaultResultSetHandlerTest.shouldRetainColumnNameCaselitString23(DefaultResultSetHandlerTest.java:747)
[MockitoHint]  ...args ok? -> at org.apache.ibatis.type.IntegerTypeHandler.getNullableResult(IntegerTypeHandler.java:37)

[MockitoHint] DefaultResultSetHandlerTest.shouldRetainColumnNameCaselitString24 (see javadoc for MockitoHint):
[MockitoHint] 1. Unused... -> at org.apache.ibatis.executor.resultset.DefaultResultSetHandlerTest.shouldRetainColumnNameCaselitString24(DefaultResultSetHandlerTest.java:775)
[MockitoHint]  ...args ok? -> at org.apache.ibatis.type.IntegerTypeHandler.getNullableResult(IntegerTypeHandler.java:37)

[MockitoHint] DefaultResultSetHandlerTest.shouldRetainColumnNameCaselitString26 (see javadoc for MockitoHint):
[MockitoHint] 1. Unused... -> at org.apache.ibatis.executor.resultset.DefaultResultSetHandlerTest.shouldRetainColumnNameCaselitString26(DefaultResultSetHandlerTest.java:831)
[MockitoHint]  ...args ok? -> at org.apache.ibatis.type.IntegerTypeHandler.getNullableResult(IntegerTypeHandler.java:37)

[MockitoHint] DefaultResultSetHandlerTest.shouldRetainColumnNameCaselitString28 (see javadoc for MockitoHint):
[MockitoHint] 1. Unused... -> at org.apache.ibatis.executor.resultset.DefaultResultSetHandlerTest.shouldRetainColumnNameCaselitString28(DefaultResultSetHandlerTest.java:887)
[MockitoHint]  ...args ok? -> at org.apache.ibatis.type.IntegerTypeHandler.getNullableResult(IntegerTypeHandler.java:37)

[MockitoHint] DefaultResultSetHandlerTest.shouldRetainColumnNameCaselitString29 (see javadoc for MockitoHint):
[MockitoHint] 1. Unused... -> at org.apache.ibatis.executor.resultset.DefaultResultSetHandlerTest.shouldRetainColumnNameCaselitString29(DefaultResultSetHandlerTest.java:915)
[MockitoHint]  ...args ok? -> at org.apache.ibatis.type.IntegerTypeHandler.getNullableResult(IntegerTypeHandler.java:37)

[MockitoHint] DefaultResultSetHandlerTest.shouldRetainColumnNameCaselitString30 (see javadoc for MockitoHint):
[MockitoHint] 1. Unused... -> at org.apache.ibatis.executor.resultset.DefaultResultSetHandlerTest.shouldRetainColumnNameCaselitString30(DefaultResultSetHandlerTest.java:943)
[MockitoHint]  ...args ok? -> at org.apache.ibatis.type.IntegerTypeHandler.getNullableResult(IntegerTypeHandler.java:37)

[MockitoHint] DefaultResultSetHandlerTest.shouldRetainColumnNameCaselitString31 (see javadoc for MockitoHint):
[MockitoHint] 1. Unused... -> at org.apache.ibatis.executor.resultset.DefaultResultSetHandlerTest.shouldRetainColumnNameCaselitString31(DefaultResultSetHandlerTest.java:971)
[MockitoHint]  ...args ok? -> at org.apache.ibatis.type.IntegerTypeHandler.getNullableResult(IntegerTypeHandler.java:37)

[MockitoHint] DefaultResultSetHandlerTest.shouldRetainColumnNameCaselitString32 (see javadoc for MockitoHint):
[MockitoHint] 1. Unused... -> at org.apache.ibatis.executor.resultset.DefaultResultSetHandlerTest.shouldRetainColumnNameCaselitString32(DefaultResultSetHandlerTest.java:999)
[MockitoHint]  ...args ok? -> at org.apache.ibatis.type.IntegerTypeHandler.getNullableResult(IntegerTypeHandler.java:37)

[MockitoHint] DefaultResultSetHandlerTest.shouldRetainColumnNameCaselitString33 (see javadoc for MockitoHint):
[MockitoHint] 1. Unused... -> at org.apache.ibatis.executor.resultset.DefaultResultSetHandlerTest.shouldRetainColumnNameCaselitString33(DefaultResultSetHandlerTest.java:1027)
[MockitoHint]  ...args ok? -> at org.apache.ibatis.type.IntegerTypeHandler.getNullableResult(IntegerTypeHandler.java:37)

[MockitoHint] DefaultResultSetHandlerTest.shouldRetainColumnNameCaselitString34 (see javadoc for MockitoHint):
[MockitoHint] 1. Unused... -> at org.apache.ibatis.executor.resultset.DefaultResultSetHandlerTest.shouldRetainColumnNameCaselitString34(DefaultResultSetHandlerTest.java:1055)
[MockitoHint]  ...args ok? -> at org.apache.ibatis.type.IntegerTypeHandler.getNullableResult(IntegerTypeHandler.java:37)

[MockitoHint] DefaultResultSetHandlerTest.shouldRetainColumnNameCaselitString35 (see javadoc for MockitoHint):
[MockitoHint] 1. Unused... -> at org.apache.ibatis.executor.resultset.DefaultResultSetHandlerTest.shouldRetainColumnNameCaselitString35(DefaultResultSetHandlerTest.java:1083)
[MockitoHint]  ...args ok? -> at org.apache.ibatis.type.IntegerTypeHandler.getNullableResult(IntegerTypeHandler.java:37)

[MockitoHint] DefaultResultSetHandlerTest.shouldRetainColumnNameCaselitString36 (see javadoc for MockitoHint):
[MockitoHint] 1. Unused... -> at org.apache.ibatis.executor.resultset.DefaultResultSetHandlerTest.shouldRetainColumnNameCaselitString36(DefaultResultSetHandlerTest.java:1111)
[MockitoHint]  ...args ok? -> at org.apache.ibatis.type.IntegerTypeHandler.getNullableResult(IntegerTypeHandler.java:37)

SLF4J: Class path contains multiple SLF4J bindings.
SLF4J: Found binding in [jar:file:/home/spirals/danglot/.m2/repository/org/slf4j/slf4j-log4j12/1.7.22/slf4j-log4j12-1.7.22.jar!/org/slf4j/impl/StaticLoggerBinder.class]
SLF4J: Found binding in [jar:file:/home/spirals/danglot/.m2/repository/eu/stamp-project/test-runner/1.0.8/test-runner-1.0.8-jar-with-dependencies.jar!/org/slf4j/impl/StaticLoggerBinder.class]
SLF4J: See http://www.slf4j.org/codes.html#multiple_bindings for an explanation.
SLF4J: Actual binding is of type [org.slf4j.impl.Log4jLoggerFactory]
Exception in thread "main" java.lang.OutOfMemoryError: GC overhead limit exceeded
	at java.lang.Throwable.getStackTraceElement(Native Method)
	at java.lang.Throwable.getOurStackTrace(Throwable.java:827)
	at java.lang.Throwable.printStackTrace(Throwable.java:656)
	at java.lang.Throwable.printStackTrace(Throwable.java:721)
	at eu.stamp_project.testrunner.runner.test.Failure.<init>(Failure.java:29)
	at eu.stamp_project.testrunner.runner.test.TestListener.testFailure(TestListener.java:41)
	at org.junit.runner.notification.SynchronizedRunListener.testFailure(SynchronizedRunListener.java:63)
	at org.junit.runner.notification.RunNotifier$4.notifyListener(RunNotifier.java:142)
	at org.junit.runner.notification.RunNotifier$SafeNotifier.run(RunNotifier.java:72)
	at org.junit.runner.notification.RunNotifier.fireTestFailures(RunNotifier.java:138)
	at org.junit.runner.notification.RunNotifier.fireTestFailure(RunNotifier.java:132)
	at org.junit.internal.runners.model.EachTestNotifier.addFailure(EachTestNotifier.java:23)
	at org.junit.runners.ParentRunner.run(ParentRunner.java:369)
	at org.mockito.internal.runners.DefaultInternalRunner$1.run(DefaultInternalRunner.java:66)
	at org.mockito.internal.runners.DefaultInternalRunner.run(DefaultInternalRunner.java:72)
	at org.mockito.internal.runners.StrictRunner.run(StrictRunner.java:39)
	at org.mockito.junit.MockitoJUnitRunner.run(MockitoJUnitRunner.java:107)
	at eu.stamp_project.testrunner.runner.test.TestRunner.run(TestRunner.java:87)
	at eu.stamp_project.testrunner.runner.test.TestRunner.run(TestRunner.java:64)
	at eu.stamp_project.testrunner.runner.test.TestRunner.main(TestRunner.java:32)
Exception in thread "main" java.lang.RuntimeException: java.lang.RuntimeException: java.lang.RuntimeException: java.io.FileNotFoundException: /tmp/Ex2Amplifier-experiments/dataset/may-2018/mybatis-3/895/target/dspot/TestListener.ser does not exist.
	at eu.stamp_project.Main.main(Main.java:99)
Caused by: java.lang.RuntimeException: java.lang.RuntimeException: java.io.FileNotFoundException: /tmp/Ex2Amplifier-experiments/dataset/may-2018/mybatis-3/895/target/dspot/TestListener.ser does not exist.
	at eu.stamp_project.Main.lambda$run$2(Main.java:156)
	at java.util.stream.ForEachOps$ForEachOp$OfRef.accept(ForEachOps.java:184)
	at java.util.stream.ReferencePipeline$2$1.accept(ReferencePipeline.java:175)
	at java.util.ArrayList$ArrayListSpliterator.forEachRemaining(ArrayList.java:1374)
	at java.util.stream.AbstractPipeline.copyInto(AbstractPipeline.java:481)
	at java.util.stream.AbstractPipeline.wrapAndCopyInto(AbstractPipeline.java:471)
	at java.util.stream.ForEachOps$ForEachOp.evaluateSequential(ForEachOps.java:151)
	at java.util.stream.ForEachOps$ForEachOp$OfRef.evaluateSequential(ForEachOps.java:174)
	at java.util.stream.AbstractPipeline.evaluate(AbstractPipeline.java:234)
	at java.util.stream.ReferencePipeline.forEach(ReferencePipeline.java:418)
	at eu.stamp_project.Main.run(Main.java:120)
	at eu.stamp_project.Main.main(Main.java:91)
Caused by: java.lang.RuntimeException: java.io.FileNotFoundException: /tmp/Ex2Amplifier-experiments/dataset/may-2018/mybatis-3/895/target/dspot/TestListener.ser does not exist.
	at eu.stamp_project.testrunner.runner.test.Loader.load(Loader.java:23)
	at eu.stamp_project.testrunner.runner.test.TestListener.load(TestListener.java:132)
	at eu.stamp_project.testrunner.EntryPoint.runTests(EntryPoint.java:137)
	at eu.stamp_project.testrunner.EntryPoint.runTests(EntryPoint.java:119)
	at eu.stamp_project.utils.compilation.TestCompiler.compileAndRun(TestCompiler.java:102)
	at eu.stamp_project.dspot.assertGenerator.AssertGenerator.innerAssertionAmplification(AssertGenerator.java:95)
	at eu.stamp_project.dspot.assertGenerator.AssertGenerator.assertionAmplification(AssertGenerator.java:66)
	at eu.stamp_project.dspot.Amplification.amplification(Amplification.java:140)
	at eu.stamp_project.dspot.Amplification.amplification(Amplification.java:103)
	at eu.stamp_project.dspot.DSpot.amplifyTest(DSpot.java:191)
	at eu.stamp_project.dspot.DSpot.amplifyTest(DSpot.java:178)
	at eu.stamp_project.Main.lambda$null$1(Main.java:147)
	at java.util.stream.ReferencePipeline$3$1.accept(ReferencePipeline.java:193)
	at java.util.HashMap$KeySpliterator.forEachRemaining(HashMap.java:1548)
	at java.util.stream.AbstractPipeline.copyInto(AbstractPipeline.java:481)
	at java.util.stream.AbstractPipeline.wrapAndCopyInto(AbstractPipeline.java:471)
	at java.util.stream.ReduceOps$ReduceOp.evaluateSequential(ReduceOps.java:708)
	at java.util.stream.AbstractPipeline.evaluate(AbstractPipeline.java:234)
	at java.util.stream.ReferencePipeline.collect(ReferencePipeline.java:499)
	at eu.stamp_project.Main.lambda$run$2(Main.java:148)
	... 11 more
Caused by: java.io.FileNotFoundException: /tmp/Ex2Amplifier-experiments/dataset/may-2018/mybatis-3/895/target/dspot/TestListener.ser does not exist.
	... 31 more
